#Packing pin usage report
Type: io
	Input Pin Usage:
		Max: 1.00 (0.02)
		Avg: 0.30 (0.01)
		Min: 0.00 (0.00)
		Histogram:
		[        0:      5.5) 2787 (100.0%) |**********************************************
		[      5.5:       11)    0 (  0.0%) |
		[       11:       16)    0 (  0.0%) |
		[       16:       22)    0 (  0.0%) |
		[       22:       28)    0 (  0.0%) |
		[       28:       33)    0 (  0.0%) |
		[       33:       38)    0 (  0.0%) |
		[       38:       44)    0 (  0.0%) |
		[       44:       50)    0 (  0.0%) |
		[       50:       55)    0 (  0.0%) |
	Output Pin Usage:
		Max: 1.00 (0.03)
		Avg: 0.70 (0.02)
		Min: 0.00 (0.00)
		Histogram:
		[        0:        4) 2787 (100.0%) |**********************************************
		[        4:        8)    0 (  0.0%) |
		[        8:       12)    0 (  0.0%) |
		[       12:       16)    0 (  0.0%) |
		[       16:       20)    0 (  0.0%) |
		[       20:       24)    0 (  0.0%) |
		[       24:       28)    0 (  0.0%) |
		[       28:       32)    0 (  0.0%) |
		[       32:       36)    0 (  0.0%) |
		[       36:       40)    0 (  0.0%) |

Type: LAB
	Input Pin Usage:
		Max: 44.00 (0.48)
		Avg: 21.94 (0.24)
		Min: 1.00 (0.01)
		Histogram:
		[        0:      9.1)  78 (  8.0%) |******
		[      9.1:       18) 101 ( 10.4%) |********
		[       18:       27) 625 ( 64.3%) |***********************************************
		[       27:       36) 165 ( 17.0%) |************
		[       36:       46)   3 (  0.3%) |
		[       46:       55)   0 (  0.0%) |
		[       55:       64)   0 (  0.0%) |
		[       64:       73)   0 (  0.0%) |
		[       73:       82)   0 (  0.0%) |
		[       82:       91)   0 (  0.0%) |
	Output Pin Usage:
		Max: 32.00 (0.76)
		Avg: 13.88 (0.33)
		Min: 1.00 (0.02)
		Histogram:
		[        0:      4.2)  75 (  7.7%) |*********
		[      4.2:      8.4)  21 (  2.2%) |**
		[      8.4:       13) 218 ( 22.4%) |*************************
		[       13:       17) 406 ( 41.8%) |***********************************************
		[       17:       21) 204 ( 21.0%) |************************
		[       21:       25)  38 (  3.9%) |****
		[       25:       29)   9 (  0.9%) |*
		[       29:       34)   1 (  0.1%) |
		[       34:       38)   0 (  0.0%) |
		[       38:       42)   0 (  0.0%) |

