#Packing pin usage report
Type: io
	Input Pin Usage:
		Max: 1.00 (0.50)
		Avg: 0.58 (0.29)
		Min: 0.00 (0.00)
		Histogram:
		[        0:      0.2) 254 ( 41.9%) |**********************************
		[      0.2:      0.4)   0 (  0.0%) |
		[      0.4:      0.6)   0 (  0.0%) |
		[      0.6:      0.8)   0 (  0.0%) |
		[      0.8:        1) 352 ( 58.1%) |***********************************************
		[        1:      1.2)   0 (  0.0%) |
		[      1.2:      1.4)   0 (  0.0%) |
		[      1.4:      1.6)   0 (  0.0%) |
		[      1.6:      1.8)   0 (  0.0%) |
		[      1.8:        2)   0 (  0.0%) |
	Output Pin Usage:
		Max: 1.00 (1.00)
		Avg: 0.42 (0.42)
		Min: 0.00 (0.00)
		Histogram:
		[        0:      0.1) 352 ( 58.1%) |***********************************************
		[      0.1:      0.2)   0 (  0.0%) |
		[      0.2:      0.3)   0 (  0.0%) |
		[      0.3:      0.4)   0 (  0.0%) |
		[      0.4:      0.5)   0 (  0.0%) |
		[      0.5:      0.6)   0 (  0.0%) |
		[      0.6:      0.7)   0 (  0.0%) |
		[      0.7:      0.8)   0 (  0.0%) |
		[      0.8:      0.9)   0 (  0.0%) |
		[      0.9:        1) 254 ( 41.9%) |**********************************

Type: clb
	Input Pin Usage:
		Max: 33.00 (0.61)
		Avg: 19.00 (0.35)
		Min: 1.00 (0.02)
		Histogram:
		[        0:      5.4)  16 (  6.3%) |*******
		[      5.4:       11)   2 (  0.8%) |*
		[       11:       16)  40 ( 15.9%) |*****************
		[       16:       22) 111 ( 44.0%) |***********************************************
		[       22:       27)  80 ( 31.7%) |**********************************
		[       27:       32)   2 (  0.8%) |*
		[       32:       38)   1 (  0.4%) |
		[       38:       43)   0 (  0.0%) |
		[       43:       49)   0 (  0.0%) |
		[       49:       54)   0 (  0.0%) |
	Output Pin Usage:
		Max: 20.00 (0.95)
		Avg: 12.98 (0.62)
		Min: 1.00 (0.05)
		Histogram:
		[        0:      2.1) 14 (  5.6%) |*********
		[      2.1:      4.2)  3 (  1.2%) |**
		[      4.2:      6.3)  1 (  0.4%) |*
		[      6.3:      8.4)  1 (  0.4%) |*
		[      8.4:       10) 15 (  6.0%) |**********
		[       10:       13) 56 ( 22.2%) |*************************************
		[       13:       15) 73 ( 29.0%) |************************************************
		[       15:       17) 55 ( 21.8%) |************************************
		[       17:       19) 24 (  9.5%) |****************
		[       19:       21) 10 (  4.0%) |*******

