#Packing pin usage report
Type: io
	Input Pin Usage:
		Max: 1.00 (0.02)
		Avg: 0.30 (0.01)
		Min: 0.00 (0.00)
		Histogram:
		[        0:      5.5) 349 (100.0%) |***********************************************
		[      5.5:       11)   0 (  0.0%) |
		[       11:       16)   0 (  0.0%) |
		[       16:       22)   0 (  0.0%) |
		[       22:       28)   0 (  0.0%) |
		[       28:       33)   0 (  0.0%) |
		[       33:       38)   0 (  0.0%) |
		[       38:       44)   0 (  0.0%) |
		[       44:       50)   0 (  0.0%) |
		[       50:       55)   0 (  0.0%) |
	Output Pin Usage:
		Max: 1.00 (0.03)
		Avg: 0.70 (0.02)
		Min: 0.00 (0.00)
		Histogram:
		[        0:        4) 349 (100.0%) |***********************************************
		[        4:        8)   0 (  0.0%) |
		[        8:       12)   0 (  0.0%) |
		[       12:       16)   0 (  0.0%) |
		[       16:       20)   0 (  0.0%) |
		[       20:       24)   0 (  0.0%) |
		[       24:       28)   0 (  0.0%) |
		[       28:       32)   0 (  0.0%) |
		[       32:       36)   0 (  0.0%) |
		[       36:       40)   0 (  0.0%) |

Type: LAB
	Input Pin Usage:
		Max: 44.00 (0.48)
		Avg: 15.74 (0.17)
		Min: 1.00 (0.01)
		Histogram:
		[        0:      9.1) 118 ( 11.9%) |**********
		[      9.1:       18) 559 ( 56.2%) |***********************************************
		[       18:       27) 305 ( 30.7%) |**************************
		[       27:       36)  11 (  1.1%) |*
		[       36:       46)   1 (  0.1%) |
		[       46:       55)   0 (  0.0%) |
		[       55:       64)   0 (  0.0%) |
		[       64:       73)   0 (  0.0%) |
		[       73:       82)   0 (  0.0%) |
		[       82:       91)   0 (  0.0%) |
	Output Pin Usage:
		Max: 30.00 (0.71)
		Avg: 10.26 (0.24)
		Min: 0.00 (0.00)
		Histogram:
		[        0:      4.2) 100 ( 10.1%) |***********
		[      4.2:      8.4) 199 ( 20.0%) |***********************
		[      8.4:       13) 412 ( 41.4%) |***********************************************
		[       13:       17) 222 ( 22.3%) |*************************
		[       17:       21)  52 (  5.2%) |******
		[       21:       25)   8 (  0.8%) |*
		[       25:       29)   0 (  0.0%) |
		[       29:       34)   1 (  0.1%) |
		[       34:       38)   0 (  0.0%) |
		[       38:       42)   0 (  0.0%) |

