#Packing pin usage report
Type: io
	Input Pin Usage:
		Max: 1.00 (0.50)
		Avg: 0.47 (0.24)
		Min: 0.00 (0.00)
		Histogram:
		[        0:      0.2) 246 ( 52.9%) |***********************************************
		[      0.2:      0.4)   0 (  0.0%) |
		[      0.4:      0.6)   0 (  0.0%) |
		[      0.6:      0.8)   0 (  0.0%) |
		[      0.8:        1) 219 ( 47.1%) |******************************************
		[        1:      1.2)   0 (  0.0%) |
		[      1.2:      1.4)   0 (  0.0%) |
		[      1.4:      1.6)   0 (  0.0%) |
		[      1.6:      1.8)   0 (  0.0%) |
		[      1.8:        2)   0 (  0.0%) |
	Output Pin Usage:
		Max: 1.00 (1.00)
		Avg: 0.53 (0.53)
		Min: 0.00 (0.00)
		Histogram:
		[        0:      0.1) 219 ( 47.1%) |******************************************
		[      0.1:      0.2)   0 (  0.0%) |
		[      0.2:      0.3)   0 (  0.0%) |
		[      0.3:      0.4)   0 (  0.0%) |
		[      0.4:      0.5)   0 (  0.0%) |
		[      0.5:      0.6)   0 (  0.0%) |
		[      0.6:      0.7)   0 (  0.0%) |
		[      0.7:      0.8)   0 (  0.0%) |
		[      0.8:      0.9)   0 (  0.0%) |
		[      0.9:        1) 246 ( 52.9%) |***********************************************

Type: clb
	Input Pin Usage:
		Max: 25.00 (0.46)
		Avg: 14.63 (0.27)
		Min: 3.00 (0.06)
		Histogram:
		[        0:      5.4)  16 (  7.0%) |******
		[      5.4:       11)  12 (  5.3%) |*****
		[       11:       16) 119 ( 52.4%) |***********************************************
		[       16:       22)  73 ( 32.2%) |*****************************
		[       22:       27)   7 (  3.1%) |***
		[       27:       32)   0 (  0.0%) |
		[       32:       38)   0 (  0.0%) |
		[       38:       43)   0 (  0.0%) |
		[       43:       49)   0 (  0.0%) |
		[       49:       54)   0 (  0.0%) |
	Output Pin Usage:
		Max: 13.00 (0.62)
		Avg: 6.30 (0.30)
		Min: 1.00 (0.05)
		Histogram:
		[        0:      2.1) 17 (  7.5%) |************
		[      2.1:      4.2) 38 ( 16.7%) |**************************
		[      4.2:      6.3) 70 ( 30.8%) |************************************************
		[      6.3:      8.4) 57 ( 25.1%) |***************************************
		[      8.4:       10) 33 ( 14.5%) |***********************
		[       10:       13)  8 (  3.5%) |*****
		[       13:       15)  4 (  1.8%) |***
		[       15:       17)  0 (  0.0%) |
		[       17:       19)  0 (  0.0%) |
		[       19:       21)  0 (  0.0%) |

