VPR FPGA Placement and Routing.
Version: 8.1.0-dev+unkown
Revision: unkown
Compiled: 2023-11-16T17:20:44
Compiler: GNU 11.4.0 on Linux-6.2.0-36-generic x86_64
Build Info: release IPO VTR_ASSERT_LEVEL=2

University of Toronto
verilogtorouting.org
vtr-users@googlegroups.com
This is free open source code under MIT license.

VPR was run with the following command-line:
/home/xiaokewan/Software/vtr-verilog-to-routing-master/vpr/vpr /home/xiaokewan/Software/vtr-verilog-to-routing-master/vtr_flow/arch/timing/EArch.xml ../../rent_exp_0.34.blif


Architecture file: /home/xiaokewan/Software/vtr-verilog-to-routing-master/vtr_flow/arch/timing/EArch.xml
Circuit name: rent_exp_0.34

# Loading Architecture Description
# Loading Architecture Description took 0.00 seconds (max_rss 17.2 MiB, delta_rss +2.1 MiB)

Timing analysis: ON
Circuit netlist file: rent_exp_0.34.net
Circuit placement file: rent_exp_0.34.place
Circuit routing file: rent_exp_0.34.route
Circuit SDC file: rent_exp_0.34.sdc
Vpr floorplanning constraints file: not specified

Packer: ENABLED
Placer: ENABLED
Router: ENABLED
Analysis: ENABLED

VPR was run with the following options:

NetlistOpts.abosrb_buffer_luts            : true
NetlistOpts.sweep_dangling_primary_ios    : true
NetlistOpts.sweep_dangling_nets           : true
NetlistOpts.sweep_dangling_blocks         : true
NetlistOpts.sweep_constant_primary_outputs: false
NetlistOpts.netlist_verbosity             : 1
NetlistOpts.const_gen_inference           : COMB_SEQ

PackerOpts.allow_unrelated_clustering: auto
PackerOpts.alpha_clustering: 0.750000
PackerOpts.beta_clustering: 0.900000
PackerOpts.cluster_seed_type: BLEND2
PackerOpts.connection_driven: true
PackerOpts.global_clocks: true
PackerOpts.hill_climbing_flag: false
PackerOpts.inter_cluster_net_delay: 1.000000
PackerOpts.timing_driven: true
PackerOpts.target_external_pin_util: auto

PlacerOpts.place_freq: PLACE_ONCE
PlacerOpts.place_algorithm: CRITICALITY_TIMING_PLACE
PlacerOpts.pad_loc_type: FREE
PlacerOpts.constraints_file: No constraints file given
PlacerOpts.place_cost_exp: 1.000000
PlacerOpts.place_chan_width: 100
PlacerOpts.inner_loop_recompute_divider: 0
PlacerOpts.recompute_crit_iter: 1
PlacerOpts.timing_tradeoff: 0.500000
PlacerOpts.td_place_exp_first: 1.000000
PlacerOpts.td_place_exp_last: 8.000000
PlacerOpts.delay_offset: 0.000000
PlacerOpts.delay_ramp_delta_threshold: -1
PlacerOpts.delay_ramp_slope: 0.000000
PlacerOpts.tsu_rel_margin: 1.000000
PlacerOpts.tsu_abs_margin: 0.000000
PlacerOpts.post_place_timing_report_file: 
PlacerOpts.allowed_tiles_for_delay_model: 
PlacerOpts.delay_model_reducer: MIN
PlacerOpts.delay_model_type: DELTA
PlacerOpts.rlim_escape_fraction: 0.000000
PlacerOpts.move_stats_file: 
PlacerOpts.placement_saves_per_temperature: 0
PlacerOpts.effort_scaling: CIRCUIT
PlacerOpts.place_delta_delay_matrix_calculation_method: ASTAR_ROUTE
PlaceOpts.seed: 1
AnnealSched.type: AUTO_SCHED
AnnealSched.inner_num: 0.500000

RouterOpts.route_type: DETAILED
RouterOpts.flat_routing: false
RouterOpts.has_choking_spot: false
RouterOpts.router_algorithm: TIMING_DRIVEN
RouterOpts.base_cost_type: DELAY_NORMALIZED_LENGTH
RouterOpts.fixed_channel_width: NO_FIXED_CHANNEL_WIDTH
RouterOpts.check_route: FULL
RouterOpts.acc_fac: 1.000000
RouterOpts.bb_factor: 3
RouterOpts.bend_cost: 0.000000
RouterOpts.first_iter_pres_fac: 0.000000
RouterOpts.initial_pres_fac: 0.500000
RouterOpts.pres_fac_mult: 1.300000
RouterOpts.max_router_iterations: 50
RouterOpts.min_incremental_reroute_fanout: 16
RouterOpts.do_check_rr_graph: true
RouterOpts.verify_binary_search: false
RouterOpts.min_channel_width_hint: 0
RouterOpts.read_rr_edge_metadata: false
RouterOpts.exit_after_first_routing_iteration: false
RouterOpts.astar_fac: 1.200000
RouterOpts.router_profiler_astar_fac: 1.200000
RouterOpts.criticality_exp: 1.000000
RouterOpts.max_criticality: 0.990000
RouterOpts.init_wirelength_abort_threshold: 0.850000
RouterOpts.save_routing_per_iteration: false
RouterOpts.congested_routing_iteration_threshold_frac: 1.000000
RouterOpts.high_fanout_threshold: 64
RouterOpts.router_debug_net: -2
RouterOpts.router_debug_sink_rr: -2
RouterOpts.router_debug_iteration: -2
RouterOpts.max_convergence_count: 1
RouterOpts.reconvergence_cpd_threshold: 0.990000
RouterOpts.update_lower_bound_delays: true
RouterOpts.first_iteration_timing_report_file: 
RouterOpts.incr_reroute_delay_ripup: AUTO
RouterOpts.route_bb_update: DYNAMIC
RouterOpts.lookahead_type: MAP
RouterOpts.initial_timing: LOOKAHEAD
RouterOpts.router_heap: BINARY_HEAP
RouterOpts.routing_failure_predictor = SAFE
RouterOpts.routing_budgets_algorithm = DISABLE

AnalysisOpts.gen_post_synthesis_netlist: false
AnalysisOpts.timing_report_npaths: 100
AnalysisOpts.timing_report_skew: false
AnalysisOpts.echo_dot_timing_graph_node: -1
AnalysisOpts.timing_report_detail: NETLIST
AnalysisOpts.post_synth_netlist_unconn_input_handling: UNCONNECTED
AnalysisOpts.post_synth_netlist_unconn_output_handling: UNCONNECTED

# Building complex block graph
Warning 1: io[0].clock[0] unconnected pin in architecture.
# Building complex block graph took 0.02 seconds (max_rss 24.9 MiB, delta_rss +7.5 MiB)
Circuit file: ../../rent_exp_0.34.blif
# Load circuit
# Load circuit took 0.01 seconds (max_rss 32.2 MiB, delta_rss +7.3 MiB)
# Clean circuit
Absorbed 0 LUT buffers
Inferred    0 additional primitive pins as constant generators since they have no combinationally connected inputs
Inferred    0 additional primitive pins as constant generators due to constant inputs
Swept input(s)      : 0
Swept output(s)     : 0 (0 dangling, 0 constant)
Swept net(s)        : 0
Swept block(s)      : 0
Constant Pins Marked: 0
# Clean circuit took 0.00 seconds (max_rss 32.2 MiB, delta_rss +0.0 MiB)
# Compress circuit
# Compress circuit took 0.00 seconds (max_rss 32.4 MiB, delta_rss +0.1 MiB)
# Verify circuit
# Verify circuit took 0.00 seconds (max_rss 32.4 MiB, delta_rss +0.0 MiB)
Circuit Statistics:
  Blocks: 4561
    .input :     246
    .output:     219
    6-LUT  :    4096
  Nets  : 4342
    Avg Fanout:     2.9
    Max Fanout:    55.0
    Min Fanout:     1.0
  Netlist Clocks: 0
# Build Timing Graph
  Timing Graph Nodes: 16849
  Timing Graph Edges: 24795
  Timing Graph Levels: 82
# Build Timing Graph took 0.01 seconds (max_rss 34.7 MiB, delta_rss +2.1 MiB)
Netlist contains 0 clocks
# Load Timing Constraints

SDC file 'rent_exp_0.34.sdc' not found
Setting default timing constraints:
   * constrain all primay inputs and primary outputs on a virtual external clock 'virtual_io_clock'
   * optimize virtual clock to run as fast as possible
Timing constraints created 1 clocks
  Constrained Clock 'virtual_io_clock' (Virtual Clock)

# Load Timing Constraints took 0.00 seconds (max_rss 34.7 MiB, delta_rss +0.0 MiB)
# Packing
Begin packing '../../rent_exp_0.34.blif'.

After removing unused inputs...
	total blocks: 4561, total nets: 4342, total inputs: 246, total outputs: 219
Begin prepacking.

There is one chain in this architecture called "chain" with the following starting points:
	clb[0]/fle[0]/lut5inter[0]/ble5[0]/arithmetic[0]/adder[0].cin[0]

0 attraction groups were created during prepacking.
Finish prepacking.
Using inter-cluster delay: 1.33777e-09
Packing with pin utilization targets: io:1,1 clb:0.8,1 mult_36:1,1 memory:1,1
Packing with high fanout thresholds: io:128 clb:32 mult_36:128 memory:128
Starting Clustering - Clustering Progress: 
-------------------   --------------------------   ---------
Molecules processed   Number of clusters created   FPGA size
-------------------   --------------------------   ---------
   182/4561      3%                           10     6 x 6     
   364/4561      7%                           19     7 x 7     
   546/4561     11%                           28     9 x 9     
   728/4561     15%                           37    10 x 10    
   910/4561     19%                           46    10 x 10    
  1092/4561     23%                           55    11 x 11    
  1274/4561     27%                           64    12 x 12    
  1456/4561     31%                           73    13 x 13    
  1638/4561     35%                           82    13 x 13    
  1820/4561     39%                           91    14 x 14    
  2002/4561     43%                          101    14 x 14    
  2184/4561     47%                          110    15 x 15    
  2366/4561     51%                          119    15 x 15    
  2548/4561     55%                          128    15 x 15    
  2730/4561     59%                          137    16 x 16    
  2912/4561     63%                          146    17 x 17    
  3094/4561     67%                          155    17 x 17    
  3276/4561     71%                          164    17 x 17    
  3458/4561     75%                          173    18 x 18    
  3640/4561     79%                          185    18 x 18    
  3822/4561     83%                          194    19 x 19    
  4004/4561     87%                          211    19 x 19    
  4186/4561     91%                          316    20 x 20    
  4368/4561     95%                          498    20 x 20    
  4550/4561     99%                          680    20 x 20    

Logic Element (fle) detailed count:
  Total number of Logic Elements used : 2057
  LEs used for logic and registers    : 0
  LEs used for logic only             : 2057
  LEs used for registers only         : 0

Incr Slack updates 1 in 0.000143469 sec
Full Max Req/Worst Slack updates 1 in 3.446e-06 sec
Incr Max Req/Worst Slack updates 0 in 0 sec
Incr Criticality updates 0 in 0 sec
Full Criticality updates 1 in 0.000237396 sec
FPGA sized to 20 x 20 (auto)
Device Utilization: 0.71 (target 1.00)
	Block Utilization: 0.81 Type: io
	Block Utilization: 0.97 Type: clb

Start the iterative improvement process
the iterative improvement process is done
Final Clustering Statistics: 
----------   --------   ------------------------------------   --------------------------
Block Type   # Blocks   Avg. # of input clocks and pins used   Avg. # of output pins used
----------   --------   ------------------------------------   --------------------------
     EMPTY          0                                      0                            0   
        io        465                               0.470968                     0.529032   
       clb        227                                14.6344                      6.29956   
   mult_36          0                                      0                            0   
    memory          0                                      0                            0   
Absorbed logical nets 2666 out of 4342 nets, 1676 nets not absorbed.

Netlist conversion complete.

# Packing took 1.56 seconds (max_rss 63.7 MiB, delta_rss +29.1 MiB)
# Load packing
Begin loading packed FPGA netlist file.
Netlist generated from file 'rent_exp_0.34.net'.
Detected 0 constant generators (to see names run with higher pack verbosity)
Finished loading packed FPGA netlist file (took 0.193382 seconds).
Warning 2: Treated 0 constant nets as global which will not be routed (to see net names increase packer verbosity).
# Load packing took 0.20 seconds (max_rss 100.6 MiB, delta_rss +36.8 MiB)
Warning 3: Netlist contains 0 global net to non-global architecture pin connections

Pb types usage...
  io              : 465
   inpad          : 246
   outpad         : 219
  clb             : 227
   fle            : 2057
    lut5inter     : 2057
     ble5         : 4096
      flut5       : 4096
       lut5       : 4096
        lut       : 4096

# Create Device
## Build Device Grid
FPGA sized to 20 x 20: 400 grid tiles (auto)

Resource usage...
	Netlist
		465	blocks of type: io
	Architecture
		576	blocks of type: io
	Netlist
		227	blocks of type: clb
	Architecture
		234	blocks of type: clb
	Netlist
		0	blocks of type: mult_36
	Architecture
		8	blocks of type: mult_36
	Netlist
		0	blocks of type: memory
	Architecture
		9	blocks of type: memory

Device Utilization: 0.71 (target 1.00)
	Physical Tile io:
	Block Utilization: 0.81 Logical Block: io
	Physical Tile clb:
	Block Utilization: 0.97 Logical Block: clb
	Physical Tile mult_36:
	Block Utilization: 0.00 Logical Block: mult_36
	Physical Tile memory:
	Block Utilization: 0.00 Logical Block: memory

FPGA size limited by block type(s): clb

## Build Device Grid took 0.00 seconds (max_rss 100.6 MiB, delta_rss +0.0 MiB)
## Build routing resource graph
SOURCE->OPIN and IPIN->SINK edge count:21879
OPIN->CHANX/CHANY edge count before creating direct connections: 64080
OPIN->CHANX/CHANY edge count after creating direct connections: 64301
CHAN->CHAN type edge count:345061
## Build routing resource graph took 0.14 seconds (max_rss 100.6 MiB, delta_rss +0.0 MiB)
  RR Graph Nodes: 52474
  RR Graph Edges: 431241
# Create Device took 0.14 seconds (max_rss 100.6 MiB, delta_rss +0.0 MiB)

# Computing router lookahead map
## Computing wire lookahead
## Computing wire lookahead took 0.37 seconds (max_rss 100.6 MiB, delta_rss +0.0 MiB)
## Computing src/opin lookahead
## Computing src/opin lookahead took 0.00 seconds (max_rss 100.6 MiB, delta_rss +0.0 MiB)
# Computing router lookahead map took 0.37 seconds (max_rss 100.6 MiB, delta_rss +0.0 MiB)
# Computing placement delta delay look-up
## Build routing resource graph
SOURCE->OPIN and IPIN->SINK edge count:21879
OPIN->CHANX/CHANY edge count before creating direct connections: 61750
OPIN->CHANX/CHANY edge count after creating direct connections: 61971
CHAN->CHAN type edge count:330602
## Build routing resource graph took 0.13 seconds (max_rss 100.6 MiB, delta_rss +0.0 MiB)
  RR Graph Nodes: 51678
  RR Graph Edges: 414452
## Computing router lookahead map
### Computing wire lookahead
### Computing wire lookahead took 0.35 seconds (max_rss 100.6 MiB, delta_rss +0.0 MiB)
### Computing src/opin lookahead
### Computing src/opin lookahead took 0.00 seconds (max_rss 100.6 MiB, delta_rss +0.0 MiB)
## Computing router lookahead map took 0.35 seconds (max_rss 100.6 MiB, delta_rss +0.0 MiB)
## Computing delta delays
## Computing delta delays took 0.03 seconds (max_rss 100.6 MiB, delta_rss +0.0 MiB)
# Computing placement delta delay look-up took 0.52 seconds (max_rss 100.6 MiB, delta_rss +0.0 MiB)

Bounding box mode is Cube

Using simple RL 'Softmax agent' for choosing move and block types
# Placement
## Initial Placement
Initial placement iteration 0 has finished successfully
## Initial Placement took 0.00 seconds (max_rss 100.6 MiB, delta_rss +0.0 MiB)

There are 3541 point to point connections in this circuit.


BB estimate of min-dist (placement) wire length: 29759

Completed placement consistency check successfully.
Initial placement cost: 1 bb_cost: 309.988 td_cost: 1.40257e-06
Initial placement estimated Critical Path Delay (CPD): 20.1388 ns
Initial placement estimated setup Total Negative Slack (sTNS): -3322.35 ns
Initial placement estimated setup Worst Negative Slack (sWNS): -20.1388 ns

Initial placement estimated setup slack histogram:
[   -2e-08: -1.9e-08)  5 (  2.3%) |*****
[ -1.9e-08: -1.8e-08) 15 (  6.8%) |****************
[ -1.8e-08: -1.7e-08) 16 (  7.3%) |*****************
[ -1.7e-08: -1.6e-08) 44 ( 20.1%) |***********************************************
[ -1.6e-08: -1.5e-08) 45 ( 20.5%) |************************************************
[ -1.5e-08: -1.4e-08) 41 ( 18.7%) |********************************************
[ -1.4e-08: -1.3e-08) 29 ( 13.2%) |*******************************
[ -1.3e-08: -1.2e-08) 13 (  5.9%) |**************
[ -1.2e-08: -1.1e-08)  6 (  2.7%) |******
[ -1.1e-08: -9.6e-09)  5 (  2.3%) |*****
Placement contains 0 placement macros involving 0 blocks (average macro size -nan)

Moves per temperature: 3059
Warning 4: Starting t: 275 of 692 configurations accepted.

---- ------ ------- ------- ---------- ---------- ------- ---------- -------- ------- ------- ------ -------- --------- ------
Tnum   Time       T Av Cost Av BB Cost Av TD Cost     CPD       sTNS     sWNS Ac Rate Std Dev  R lim Crit Exp Tot Moves  Alpha
      (sec)                                          (ns)       (ns)     (ns)                                                 
---- ------ ------- ------- ---------- ---------- ------- ---------- -------- ------- ------- ------ -------- --------- ------
   1    0.0 8.0e-04   0.931     234.23 1.1933e-06  18.291  -3.15e+03  -18.291   0.646  0.0324   19.0     1.00      3059  0.200
   2    0.0 7.6e-04   0.959     206.27 1.109e-06   17.568  -3.08e+03  -17.568   0.588  0.0214   19.0     1.00      6118  0.950
   3    0.0 7.2e-04   0.967     193.17 1.076e-06   17.337  -3.07e+03  -17.337   0.544  0.0142   19.0     1.00      9177  0.950
   4    0.0 6.8e-04   0.954     182.02 9.9557e-07  17.393  -3.03e+03  -17.393   0.512  0.0221   19.0     1.00     12236  0.950
   5    0.0 6.5e-04   0.990     174.17 1.0071e-06  16.416  -2.98e+03  -16.416   0.481  0.0137   19.0     1.00     15295  0.950
   6    0.0 6.2e-04   0.982     167.51 9.5002e-07  16.696  -2.97e+03  -16.696   0.471  0.0098   19.0     1.00     18354  0.950
   7    0.0 5.8e-04   0.994     162.44 9.4627e-07  16.215  -2.96e+03  -16.215   0.440  0.0049   19.0     1.00     21413  0.950
   8    0.0 5.6e-04   0.967     156.31 9.1301e-07  16.368  -2.96e+03  -16.368   0.438  0.0098   19.0     1.00     24472  0.950
   9    0.0 5.3e-04   0.986     155.16 9.1324e-07  16.043  -2.93e+03  -16.043   0.421  0.0062   19.0     1.02     27531  0.950
  10    0.0 5.0e-04   0.975     149.76 8.38e-07    16.336  -2.92e+03  -16.336   0.398  0.0126   18.6     1.16     30590  0.950
  11    0.0 4.8e-04   0.985     147.33 7.4751e-07  16.431  -2.93e+03  -16.431   0.385  0.0101   17.8     1.46     33649  0.950
  12    0.0 4.5e-04   0.992     145.34 6.4716e-07  16.572  -2.91e+03  -16.572   0.376  0.0033   16.8     1.84     36708  0.950
  13    0.0 4.3e-04   0.974     140.72 5.7322e-07  16.492  -2.91e+03  -16.492   0.358  0.0102   15.8     2.26     39767  0.950
  14    0.0 4.1e-04   0.993     138.01 5.1813e-07  16.167  -2.89e+03  -16.167   0.357  0.0058   14.5     2.76     42826  0.950
  15    0.0 3.9e-04   0.987     137.11 4.6423e-07  16.137  -2.89e+03  -16.137   0.328  0.0087   13.3     3.23     45885  0.950
  16    0.0 3.7e-04   0.985     133.82 3.8376e-07  16.239  -2.89e+03  -16.239   0.334  0.0047   11.8     3.80     48944  0.950
  17    0.0 3.5e-04   0.992     132.35 3.4747e-07  16.132  -2.88e+03  -16.132   0.310  0.0056   10.5     4.29     52003  0.950
  18    0.0 3.3e-04   0.996     131.82 3.0284e-07  16.249  -2.88e+03  -16.249   0.285  0.0043    9.2     4.83     55062  0.950
  19    0.0 3.2e-04   0.984     131.79 2.6968e-07  16.228  -2.88e+03  -16.228   0.331  0.0076    7.7     5.38     58121  0.950
  20    0.0 3.0e-04   0.993     130.50 2.6733e-07  15.988  -2.86e+03  -15.988   0.294  0.0060    6.9     5.71     61180  0.950
  21    0.0 2.9e-04   0.985     127.77 2.5578e-07  15.826  -2.86e+03  -15.826   0.283  0.0069    5.9     6.10     64239  0.950
  22    0.0 2.7e-04   0.992     126.91 1.9686e-07  16.276  -2.86e+03  -16.276   0.281  0.0039    5.0     6.46     67298  0.950
  23    0.0 2.6e-04   0.988     125.54 2.3367e-07  15.657  -2.85e+03  -15.657   0.251  0.0045    4.2     6.77     70357  0.950
  24    0.0 2.4e-04   0.992     125.28 2.2211e-07  15.583  -2.84e+03  -15.583   0.262  0.0057    3.4     7.07     73416  0.950
  25    0.0 2.3e-04   0.982     122.46 2.0795e-07  15.654  -2.84e+03  -15.654   0.362  0.0091    2.8     7.31     76475  0.950
  26    0.0 2.2e-04   0.987     119.78 1.9549e-07  15.710  -2.83e+03  -15.710   0.355  0.0062    2.6     7.39     79534  0.950
  27    0.0 2.1e-04   0.988     118.05 1.7987e-07  15.755  -2.82e+03  -15.755   0.344  0.0068    2.3     7.48     82593  0.950
  28    0.0 2.0e-04   0.995     116.31 1.8133e-07  15.676  -2.82e+03  -15.676   0.312  0.0034    2.1     7.56     85652  0.950
  29    0.0 1.9e-04   0.991     114.71 1.7354e-07  15.646  -2.81e+03  -15.646   0.295  0.0036    1.9     7.67     88711  0.950
  30    0.0 1.8e-04   0.993     113.74 1.5993e-07  15.752  -2.81e+03  -15.752   0.296  0.0033    1.6     7.77     91770  0.950
  31    0.0 1.7e-04   0.995     113.66 1.6856e-07  15.646  -2.81e+03  -15.646   0.291  0.0028    1.4     7.86     94829  0.950
  32    0.0 1.6e-04   0.996     113.15 1.635e-07   15.646  -2.81e+03  -15.646   0.279  0.0011    1.2     7.94     97888  0.950
  33    0.0 1.5e-04   0.996     112.79 1.7267e-07  15.485   -2.8e+03  -15.485   0.278  0.0029    1.0     8.00    100947  0.950
  34    0.0 1.5e-04   0.997     112.50 1.6078e-07  15.639   -2.8e+03  -15.639   0.260  0.0024    1.0     8.00    104006  0.950
  35    0.0 1.4e-04   0.995     112.11 1.6001e-07  15.639   -2.8e+03  -15.639   0.252  0.0019    1.0     8.00    107065  0.950
  36    0.0 1.3e-04   0.997     111.94 1.5234e-07  15.752  -2.81e+03  -15.752   0.256  0.0011    1.0     8.00    110124  0.950
  37    0.0 1.3e-04   0.996     111.56 1.5588e-07  15.676   -2.8e+03  -15.676   0.245  0.0017    1.0     8.00    113183  0.950
  38    0.0 1.2e-04   0.997     110.97 1.5825e-07  15.639   -2.8e+03  -15.639   0.232  0.0011    1.0     8.00    116242  0.950
  39    0.0 1.1e-04   0.997     110.43 1.685e-07   15.479  -2.79e+03  -15.479   0.216  0.0015    1.0     8.00    119301  0.950
  40    0.0 1.1e-04   0.993     109.71 1.5613e-07  15.639   -2.8e+03  -15.639   0.202  0.0036    1.0     8.00    122360  0.950
  41    0.0 1.0e-04   0.999     109.55 1.531e-07   15.639   -2.8e+03  -15.639   0.191  0.0005    1.0     8.00    125419  0.950
  42    0.0 9.7e-05   0.997     109.31 1.5241e-07  15.639  -2.79e+03  -15.639   0.176  0.0014    1.0     8.00    128478  0.950
  43    0.0 9.2e-05   0.997     108.97 1.5164e-07  15.639   -2.8e+03  -15.639   0.185  0.0007    1.0     8.00    131537  0.950
  44    0.0 8.8e-05   1.000     109.04 1.4823e-07  15.676  -2.79e+03  -15.676   0.190  0.0006    1.0     8.00    134596  0.950
  45    0.0 8.3e-05   1.000     109.07 1.517e-07   15.639  -2.79e+03  -15.639   0.172  0.0007    1.0     8.00    137655  0.950
  46    0.0 7.9e-05   0.997     108.73 1.5141e-07  15.639  -2.79e+03  -15.639   0.174  0.0018    1.0     8.00    140714  0.950
  47    0.0 7.5e-05   0.998     108.32 1.4957e-07  15.639  -2.79e+03  -15.639   0.152  0.0008    1.0     8.00    143773  0.950
  48    0.0 7.1e-05   0.999     108.24 1.5083e-07  15.639  -2.79e+03  -15.639   0.162  0.0008    1.0     8.00    146832  0.950
  49    0.0 6.8e-05   0.998     108.20 1.4903e-07  15.639  -2.79e+03  -15.639   0.140  0.0013    1.0     8.00    149891  0.950
  50    0.0 5.4e-05   0.999     107.98 1.486e-07   15.639  -2.79e+03  -15.639   0.118  0.0005    1.0     8.00    152950  0.800
Agent's 2nd state: 
Checkpoint saved: bb_costs=107.941, TD costs=1.47568e-07, CPD= 15.639 (ns) 
  51    0.0 4.3e-05   0.999     107.79 1.4749e-07  15.639  -2.79e+03  -15.639   0.087  0.0007    1.0     8.00    156009  0.800
  52    0.0 3.5e-05   0.999     107.62 1.4654e-07  15.639  -2.79e+03  -15.639   0.071  0.0006    1.0     8.00    159068  0.800
  53    0.0 2.8e-05   0.999     107.56 1.4606e-07  15.639  -2.79e+03  -15.639   0.060  0.0005    1.0     8.00    162127  0.800
  54    0.0 2.2e-05   0.999     107.43 1.459e-07   15.639  -2.79e+03  -15.639   0.053  0.0006    1.0     8.00    165186  0.800
  55    0.0 1.8e-05   0.999     107.24 1.4548e-07  15.639  -2.78e+03  -15.639   0.043  0.0003    1.0     8.00    168245  0.800
  56    0.0 1.4e-05   1.000     107.04 1.4554e-07  15.639  -2.78e+03  -15.639   0.031  0.0001    1.0     8.00    171304  0.800
  57    0.0 1.1e-05   1.000     107.01 1.4525e-07  15.639  -2.78e+03  -15.639   0.025  0.0002    1.0     8.00    174363  0.800
  58    0.0 9.1e-06   1.000     106.97 1.4507e-07  15.639  -2.78e+03  -15.639   0.024  0.0003    1.0     8.00    177422  0.800
Checkpoint saved: bb_costs=106.929, TD costs=1.49921e-07, CPD= 15.572 (ns) 
  59    0.0 7.3e-06   1.000     106.93 1.4984e-07  15.572  -2.78e+03  -15.572   0.014  0.0001    1.0     8.00    180481  0.800
  60    0.0 5.8e-06   0.999     107.06 1.4927e-07  15.572  -2.78e+03  -15.572   0.020  0.0004    1.0     8.00    183540  0.800
  61    0.0 4.7e-06   1.000     107.15 1.4559e-07  15.616  -2.78e+03  -15.616   0.011  0.0001    1.0     8.00    186599  0.800
  62    0.0 3.7e-06   1.000     107.15 1.4551e-07  15.616  -2.78e+03  -15.616   0.011  0.0001    1.0     8.00    189658  0.800
  63    0.0 3.0e-06   1.000     107.31 1.4511e-07  15.616  -2.78e+03  -15.616   0.012  0.0001    1.0     8.00    192717  0.800
  64    0.0 0.0e+00   1.000     107.30 1.4496e-07  15.616  -2.78e+03  -15.616   0.005  0.0001    1.0     8.00    195776  0.800
## Placement Quench took 0.01 seconds (max_rss 100.6 MiB)
post-quench CPD = 15.6163 (ns) 

Checkpoint restored

BB estimate of min-dist (placement) wire length: 10265

Completed placement consistency check successfully.

Swaps called: 196468

Aborted Move Reasons:
  No moves aborted

Placement estimated critical path delay (least slack): 15.5721 ns, Fmax: 64.2173 MHz
Placement estimated setup Worst Negative Slack (sWNS): -15.5721 ns
Placement estimated setup Total Negative Slack (sTNS): -2782.95 ns

Placement estimated setup slack histogram:
[ -1.6e-08: -1.5e-08)  8 (  3.7%) |********
[ -1.5e-08: -1.4e-08) 33 ( 15.1%) |********************************
[ -1.4e-08: -1.3e-08) 50 ( 22.8%) |************************************************
[ -1.3e-08: -1.3e-08) 33 ( 15.1%) |********************************
[ -1.3e-08: -1.2e-08) 45 ( 20.5%) |*******************************************
[ -1.2e-08: -1.1e-08) 26 ( 11.9%) |*************************
[ -1.1e-08:   -1e-08) 10 (  4.6%) |**********
[   -1e-08: -9.5e-09)  7 (  3.2%) |*******
[ -9.5e-09: -8.8e-09)  2 (  0.9%) |**
[ -8.8e-09:   -8e-09)  5 (  2.3%) |*****

Placement estimated geomean non-virtual intra-domain period: nan ns (nan MHz)
Placement estimated fanout-weighted geomean non-virtual intra-domain period: nan ns (nan MHz)

Placement cost: 1, bb_cost: 106.929, td_cost: 1.49921e-07, 

Placement resource usage:
  io  implemented as io : 465
  clb implemented as clb: 227

Placement number of temperatures: 64
Placement total # of swap attempts: 196468
	Swaps accepted:  49126 (25.0 %)
	Swaps rejected: 135364 (68.9 %)
	Swaps aborted:  11978 ( 6.1 %)


Placement perturbation distribution by block and move type: 
------------------ ----------------- ---------------- ---------------- --------------- ------------ 
    Block Type         Move Type       (%) of Total      Accepted(%)     Rejected(%)    Aborted(%)
------------------ ----------------- ---------------- ---------------- --------------- ------------ 
io                 Uniform                15.54            36.34           63.66          0.00         
                   Median                 15.22            33.29           48.78          17.93        
                   Centroid               15.06            37.53           54.84          7.63         
                   W. Centroid            15.13            38.08           54.27          7.66         
                   W. Median              2.11             5.70            71.44          22.86        
                   Crit. Uniform          1.15             3.14            96.86          0.00         
                   Feasible Region        1.19             1.89            84.84          13.27        

clb                Uniform                7.37             4.28            95.72          0.00         
                   Median                 7.52             11.13           86.50          2.37         
                   Centroid               7.40             9.92            88.91          1.17         
                   W. Centroid            7.38             10.94           87.86          1.21         
                   W. Median              1.03             0.10            93.39          6.52         
                   Crit. Uniform          1.97             0.00            100.00         0.00         
                   Feasible Region        1.93             0.11            99.89          0.00         


Placement Quench timing analysis took 0.00183018 seconds (0.00156339 STA, 0.000266792 slack) (1 full updates: 1 setup, 0 hold, 0 combined).
Placement Total  timing analysis took 0.148069 seconds (0.127787 STA, 0.0202823 slack) (67 full updates: 67 setup, 0 hold, 0 combined).
update_td_costs: connections 0 nets 0 sum_nets 0 total 0
# Placement took 0.49 seconds (max_rss 100.6 MiB, delta_rss +0.0 MiB)

# Routing
Initializing minimum channel width search based on maximum CLB pins

Attempting to route at 76 channels (binary search bounds: [-1, -1])
## Build routing resource graph
SOURCE->OPIN and IPIN->SINK edge count:21879
OPIN->CHANX/CHANY edge count before creating direct connections: 48934
OPIN->CHANX/CHANY edge count after creating direct connections: 49155
CHAN->CHAN type edge count:261327
## Build routing resource graph took 0.10 seconds (max_rss 100.6 MiB, delta_rss +0.0 MiB)
  RR Graph Nodes: 47686
  RR Graph Edges: 332361
Confirming router algorithm: TIMING_DRIVEN.
## Computing router lookahead map
### Computing wire lookahead
### Computing wire lookahead took 0.30 seconds (max_rss 100.6 MiB, delta_rss +0.0 MiB)
### Computing src/opin lookahead
### Computing src/opin lookahead took 0.00 seconds (max_rss 100.6 MiB, delta_rss +0.0 MiB)
## Computing router lookahead map took 0.30 seconds (max_rss 100.6 MiB, delta_rss +0.0 MiB)
## Initializing router criticalities
Initial Net Connection Criticality Histogram:
[        0:      0.1)    8 (  0.2%) |
[      0.1:      0.2)   37 (  1.0%) |**
[      0.2:      0.3)   99 (  2.8%) |****
[      0.3:      0.4)  127 (  3.6%) |******
[      0.4:      0.5)  228 (  6.4%) |**********
[      0.5:      0.6)  321 (  9.1%) |**************
[      0.6:      0.7)  523 ( 14.8%) |***********************
[      0.7:      0.8)  868 ( 24.5%) |**************************************
[      0.8:      0.9) 1038 ( 29.3%) |**********************************************
[      0.9:        1)  292 (  8.2%) |*************
## Initializing router criticalities took 0.04 seconds (max_rss 100.6 MiB, delta_rss +0.0 MiB)
---- ------ ------- ---- ------- ------- ------- ----------------- --------------- -------- ---------- ---------- ---------- ---------- --------
Iter   Time    pres  BBs    Heap  Re-Rtd  Re-Rtd Overused RR Nodes      Wirelength      CPD       sTNS       sWNS       hTNS       hWNS Est Succ
      (sec)     fac Updt    push    Nets   Conns                                       (ns)       (ns)       (ns)       (ns)       (ns)     Iter
---- ------ ------- ---- ------- ------- ------- ----------------- --------------- -------- ---------- ---------- ---------- ---------- --------
   1    0.0     0.0    0  168550    1676    3541    1288 ( 2.701%)   18006 (34.6%)   16.489     -2941.    -16.489      0.000      0.000      N/A
Incr Slack updates 67 in 0.00638028 sec
Full Max Req/Worst Slack updates 29 in 8.5169e-05 sec
Incr Max Req/Worst Slack updates 38 in 0.000140506 sec
Incr Criticality updates 23 in 0.00387021 sec
Full Criticality updates 44 in 0.00889195 sec
   2    0.0     0.5   24  135743    1065    2781     871 ( 1.827%)   17952 (34.5%)   16.489     -2942.    -16.489      0.000      0.000      N/A
   3    0.0     0.6    4  126866     844    2446     680 ( 1.426%)   18077 (34.8%)   16.490     -2944.    -16.490      0.000      0.000      N/A
   4    0.0     0.8    5  114372     674    2138     503 ( 1.055%)   18372 (35.3%)   16.490     -2944.    -16.490      0.000      0.000      N/A
   5    0.0     1.1    4  100615     573    1906     405 ( 0.849%)   18446 (35.5%)   16.490     -2945.    -16.490      0.000      0.000      N/A
   6    0.0     1.4    4   92217     472    1697     292 ( 0.612%)   18594 (35.8%)   16.490     -2947.    -16.490      0.000      0.000      N/A
   7    0.0     1.9    4   73729     335    1349     191 ( 0.401%)   18712 (36.0%)   16.490     -2947.    -16.490      0.000      0.000      N/A
   8    0.0     2.4    1   60118     250    1075     131 ( 0.275%)   18801 (36.2%)   16.490     -2948.    -16.490      0.000      0.000      N/A
   9    0.0     3.1    1   47916     171     812      67 ( 0.141%)   19037 (36.6%)   16.490     -2950.    -16.490      0.000      0.000      N/A
  10    0.0     4.1    0   27106      83     442      27 ( 0.057%)   19138 (36.8%)   16.490     -2951.    -16.490      0.000      0.000       19
  11    0.0     5.3    1   14476      37     238      11 ( 0.023%)   19192 (36.9%)   16.490     -2951.    -16.490      0.000      0.000       16
  12    0.0     6.9    0    6884      18      97       5 ( 0.010%)   19227 (37.0%)   16.490     -2952.    -16.490      0.000      0.000       15
  13    0.0     9.0    0    2389       8      36       3 ( 0.006%)   19241 (37.0%)   16.490     -2952.    -16.490      0.000      0.000       14
  14    0.0    11.6    0    1332       3      16       1 ( 0.002%)   19258 (37.0%)   16.490     -2952.    -16.490      0.000      0.000       14
  15    0.0    15.1    0     125       1       1       0 ( 0.000%)   19262 (37.1%)   16.490     -2952.    -16.490      0.000      0.000       14
Restoring best routing
Critical path: 16.4902 ns
Successfully routed after 15 routing iterations.
Final Net Connection Criticality Histogram:
[        0:      0.1)    2 (  0.1%) |
[      0.1:      0.2)   29 (  0.8%) |*
[      0.2:      0.3)   93 (  2.6%) |****
[      0.3:      0.4)  126 (  3.6%) |*****
[      0.4:      0.5)  200 (  5.6%) |*********
[      0.5:      0.6)  307 (  8.7%) |*************
[      0.6:      0.7)  494 ( 14.0%) |*********************
[      0.7:      0.8)  842 ( 23.8%) |************************************
[      0.8:      0.9) 1070 ( 30.2%) |**********************************************
[      0.9:        1)  378 ( 10.7%) |****************
Router Stats: total_nets_routed: 6210 total_connections_routed: 18575 total_heap_pushes: 972438 total_heap_pops: 253344 total_internal_heap_pushes: 0 total_internal_heap_pops: 0 total_external_heap_pushes: 972438 total_external_heap_pops: 253344 total_external_SOURCE_pushes: 18575 total_external_SOURCE_pops: 11352 total_internal_SOURCE_pushes: 0 total_internal_SOURCE_pops: 0 rt_node_SOURCE_pushes: 18575 rt_node_SOURCE_high_fanout_pushes: 0 rt_node_SOURCE_entire_tree_pushes: 18575 total_external_SINK_pushes: 57334 total_external_SINK_pops: 52530 total_internal_SINK_pushes: 0 total_internal_SINK_pops: 0 rt_node_SINK_pushes: 0 rt_node_SINK_high_fanout_pushes: 0 rt_node_SINK_entire_tree_pushes: 0 total_external_IPIN_pushes: 82065 total_external_IPIN_pops: 75428 total_internal_IPIN_pushes: 0 total_internal_IPIN_pops: 0 rt_node_IPIN_pushes: 0 rt_node_IPIN_high_fanout_pushes: 0 rt_node_IPIN_entire_tree_pushes: 0 total_external_OPIN_pushes: 22408 total_external_OPIN_pops: 15924 total_internal_OPIN_pushes: 0 total_internal_OPIN_pops: 0 rt_node_OPIN_pushes: 12434 rt_node_OPIN_high_fanout_pushes: 0 rt_node_OPIN_entire_tree_pushes: 12434 total_external_CHANX_pushes: 409416 total_external_CHANX_pops: 48703 total_internal_CHANX_pushes: 0 total_internal_CHANX_pops: 0 rt_node_CHANX_pushes: 39363 rt_node_CHANX_high_fanout_pushes: 0 rt_node_CHANX_entire_tree_pushes: 39363 total_external_CHANY_pushes: 382640 total_external_CHANY_pops: 49407 total_internal_CHANY_pushes: 0 total_internal_CHANY_pops: 0 rt_node_CHANY_pushes: 41074 rt_node_CHANY_high_fanout_pushes: 0 rt_node_CHANY_entire_tree_pushes: 41074 total_number_of_adding_all_rt: 218454 total_number_of_adding_high_fanout_rt: 0 total_number_of_adding_all_rt_from_calling_high_fanout_rt: 0 

Attempting to route at 38 channels (binary search bounds: [-1, 76])
## Build routing resource graph
SOURCE->OPIN and IPIN->SINK edge count:21879
OPIN->CHANX/CHANY edge count before creating direct connections: 24476
OPIN->CHANX/CHANY edge count after creating direct connections: 24697
CHAN->CHAN type edge count:131301
## Build routing resource graph took 0.05 seconds (max_rss 100.6 MiB, delta_rss +0.0 MiB)
  RR Graph Nodes: 40106
  RR Graph Edges: 177877
Confirming router algorithm: TIMING_DRIVEN.
## Computing router lookahead map
### Computing wire lookahead
### Computing wire lookahead took 0.19 seconds (max_rss 100.6 MiB, delta_rss +0.0 MiB)
### Computing src/opin lookahead
### Computing src/opin lookahead took 0.00 seconds (max_rss 100.6 MiB, delta_rss +0.0 MiB)
## Computing router lookahead map took 0.19 seconds (max_rss 100.6 MiB, delta_rss +0.0 MiB)
## Initializing router criticalities
Initial Net Connection Criticality Histogram:
[        0:      0.1)    8 (  0.2%) |
[      0.1:      0.2)   37 (  1.0%) |**
[      0.2:      0.3)   99 (  2.8%) |****
[      0.3:      0.4)  127 (  3.6%) |******
[      0.4:      0.5)  228 (  6.4%) |**********
[      0.5:      0.6)  319 (  9.0%) |**************
[      0.6:      0.7)  518 ( 14.6%) |***********************
[      0.7:      0.8)  875 ( 24.7%) |***************************************
[      0.8:      0.9) 1037 ( 29.3%) |**********************************************
[      0.9:        1)  293 (  8.3%) |*************
## Initializing router criticalities took 0.01 seconds (max_rss 100.6 MiB, delta_rss +0.0 MiB)
---- ------ ------- ---- ------- ------- ------- ----------------- --------------- -------- ---------- ---------- ---------- ---------- --------
Iter   Time    pres  BBs    Heap  Re-Rtd  Re-Rtd Overused RR Nodes      Wirelength      CPD       sTNS       sWNS       hTNS       hWNS Est Succ
      (sec)     fac Updt    push    Nets   Conns                                       (ns)       (ns)       (ns)       (ns)       (ns)     Iter
---- ------ ------- ---- ------- ------- ------- ----------------- --------------- -------- ---------- ---------- ---------- ---------- --------
   1    0.0     0.0    0  154731    1676    3541    1719 ( 4.286%)   18934 (72.8%)   16.777     -2975.    -16.777      0.000      0.000      N/A
   2    0.0     0.5   34  144180    1375    3188    1565 ( 3.902%)   18954 (72.9%)   16.777     -2975.    -16.777      0.000      0.000      N/A
   3    0.0     0.6    9  161400    1311    3099    1427 ( 3.558%)   19543 (75.2%)   16.786     -2983.    -16.786      0.000      0.000      N/A
   4    0.0     0.8   16  169353    1195    2942    1317 ( 3.284%)   19882 (76.5%)   16.784     -2984.    -16.784      0.000      0.000      N/A
   5    0.0     1.1   24  185714    1124    2884    1159 ( 2.890%)   20515 (78.9%)   16.792     -2993.    -16.792      0.000      0.000      N/A
   6    0.0     1.4   37  195165    1028    2721    1020 ( 2.543%)   20915 (80.5%)   16.792     -3004.    -16.792      0.000      0.000      N/A
   7    0.0     1.9   26  191271     918    2538     903 ( 2.252%)   21509 (82.8%)   16.792     -3005.    -16.792      0.000      0.000      N/A
   8    0.0     2.4   21  189819     835    2422     773 ( 1.927%)   21909 (84.3%)   16.792     -3018.    -16.792      0.000      0.000      N/A
   9    0.0     3.1   27  203544     820    2365     740 ( 1.845%)   22366 (86.0%)   16.792     -3025.    -16.792      0.000      0.000      N/A
  10    0.0     4.1   26  207643     746    2208     641 ( 1.598%)   22708 (87.4%)   16.788     -3034.    -16.788      0.000      0.000       65
  11    0.0     5.3   27  201814     666    2005     590 ( 1.471%)   23009 (88.5%)   16.783     -3039.    -16.783      0.000      0.000       67
  12    0.0     6.9   22  217331     638    1948     557 ( 1.389%)   23279 (89.6%)   16.783     -3046.    -16.783      0.000      0.000       70
  13    0.0     9.0   16  228924     624    1967     537 ( 1.339%)   23475 (90.3%)   16.786     -3050.    -16.786      0.000      0.000       77
  14    0.0    11.6   25  250922     590    1960     533 ( 1.329%)   23840 (91.7%)   16.786     -3060.    -16.786      0.000      0.000       85
  15    0.0    15.1   21  262344     578    1971     502 ( 1.252%)   23796 (91.6%)   16.786     -3062.    -16.786      0.000      0.000      106
  16    0.0    19.7   13  260870     578    1939     532 ( 1.326%)   24032 (92.5%)   16.786     -3070.    -16.786      0.000      0.000      114
  17    0.0    25.6   19  280679     547    1834     523 ( 1.304%)   24154 (92.9%)   16.786     -3077.    -16.786      0.000      0.000      150
Routing aborted, the predicted iteration for a successful route (150.3) is too high.
Routing failed.

Failed routing attempt #0
Total number of overused nodes: 523
Total number of overused nodes is larger than the logging limit (20).
Displaying the first 20 entries.
Routing Failure Diagnostics: Printing Overused Nodes Information
------ ------- ---------- --------- -------- ------------ ------- ------- ------- ------- ------- ------- -------
   No.  NodeId  Occupancy  Capacity  RR Node    Direction    Side     PTC   Block    Xlow    Ylow   Xhigh   Yhigh
                                        type                          NUM    Name                                 
------ ------- ---------- --------- -------- ------------ ------- ------- ------- ------- ------- ------- -------
     0    1247          2         1     IPIN          N/A  BOTTOM       2     clb       1       4       1       4
     1    1655          2         1     IPIN          N/A  BOTTOM       2     clb       1       8       1       8
     2    1658          2         1     IPIN          N/A   RIGHT       5     clb       1       8       1       8
     3    1878          2         1     IPIN          N/A   RIGHT      21     clb       1      10       1      10
     4    1959          2         1     IPIN          N/A     TOP       0     clb       1      11       1      11
     5    1988          2         1     IPIN          N/A   RIGHT      29     clb       1      11       1      11
     6    2089          2         1     IPIN          N/A     TOP      28     clb       1      12       1      12
     7    2266          2         1     IPIN          N/A   RIGHT       1     clb       1      14       1      14
     8    2277          2         1     IPIN          N/A     TOP      12     clb       1      14       1      14
     9    2513          2         1     IPIN          N/A     TOP      44     clb       1      16       1      16
    10    3968          2         1     IPIN          N/A    LEFT      35     clb       3       1       3       1
    11    4037          2         1     IPIN          N/A  BOTTOM       2     clb       3       2       3       2
    12    4851          2         1     IPIN          N/A     TOP       0     clb       3      10       3      10
    13    4966          2         1     IPIN          N/A   RIGHT      13     clb       3      11       3      11
    14    4967          2         1     IPIN          N/A  BOTTOM      14     clb       3      11       3      11
    15    5082          2         1     IPIN          N/A    LEFT      27     clb       3      12       3      12
    16    5190          2         1     IPIN          N/A   RIGHT      33     clb       3      13       3      13
    17    5362          2         1     IPIN          N/A   RIGHT       1     clb       3      15       3      15
    18    5388          2         1     IPIN          N/A    LEFT      27     clb       3      15       3      15
    19    5469          2         1     IPIN          N/A  BOTTOM       6     clb       3      16       3      16

Final Net Connection Criticality Histogram:
[        0:      0.1)    1 (  0.0%) |
[      0.1:      0.2)   24 (  0.7%) |*
[      0.2:      0.3)   75 (  2.1%) |***
[      0.3:      0.4)  121 (  3.4%) |*****
[      0.4:      0.5)  179 (  5.1%) |*******
[      0.5:      0.6)  295 (  8.3%) |************
[      0.6:      0.7)  415 ( 11.7%) |*****************
[      0.7:      0.8)  788 ( 22.3%) |*********************************
[      0.8:      0.9) 1112 ( 31.4%) |**********************************************
[      0.9:        1)  531 ( 15.0%) |**********************
Router Stats: total_nets_routed: 15249 total_connections_routed: 41532 total_heap_pushes: 3505704 total_heap_pops: 845407 total_internal_heap_pushes: 0 total_internal_heap_pops: 0 total_external_heap_pushes: 3505704 total_external_heap_pops: 845407 total_external_SOURCE_pushes: 41532 total_external_SOURCE_pops: 30884 total_internal_SOURCE_pushes: 0 total_internal_SOURCE_pops: 0 rt_node_SOURCE_pushes: 41532 rt_node_SOURCE_high_fanout_pushes: 0 rt_node_SOURCE_entire_tree_pushes: 41532 total_external_SINK_pushes: 120763 total_external_SINK_pops: 111634 total_internal_SINK_pushes: 0 total_internal_SINK_pops: 0 rt_node_SINK_pushes: 0 rt_node_SINK_high_fanout_pushes: 0 rt_node_SINK_entire_tree_pushes: 0 total_external_IPIN_pushes: 177927 total_external_IPIN_pops: 160413 total_internal_IPIN_pushes: 0 total_internal_IPIN_pops: 0 rt_node_IPIN_pushes: 0 rt_node_IPIN_high_fanout_pushes: 0 rt_node_IPIN_entire_tree_pushes: 0 total_external_OPIN_pushes: 50651 total_external_OPIN_pops: 40388 total_internal_OPIN_pushes: 0 total_internal_OPIN_pops: 0 rt_node_OPIN_pushes: 26373 rt_node_OPIN_high_fanout_pushes: 0 rt_node_OPIN_entire_tree_pushes: 26373 total_external_CHANX_pushes: 1573676 total_external_CHANX_pops: 249210 total_internal_CHANX_pushes: 0 total_internal_CHANX_pops: 0 rt_node_CHANX_pushes: 94367 rt_node_CHANX_high_fanout_pushes: 0 rt_node_CHANX_entire_tree_pushes: 94367 total_external_CHANY_pushes: 1541155 total_external_CHANY_pops: 252878 total_internal_CHANY_pushes: 0 total_internal_CHANY_pops: 0 rt_node_CHANY_pushes: 92016 rt_node_CHANY_high_fanout_pushes: 0 rt_node_CHANY_entire_tree_pushes: 92016 total_number_of_adding_all_rt: 473838 total_number_of_adding_high_fanout_rt: 0 total_number_of_adding_all_rt_from_calling_high_fanout_rt: 0 

Attempting to route at 58 channels (binary search bounds: [38, 76])
## Build routing resource graph
SOURCE->OPIN and IPIN->SINK edge count:21879
OPIN->CHANX/CHANY edge count before creating direct connections: 37292
OPIN->CHANX/CHANY edge count after creating direct connections: 37513
CHAN->CHAN type edge count:201182
## Build routing resource graph took 0.08 seconds (max_rss 100.6 MiB, delta_rss +0.0 MiB)
  RR Graph Nodes: 44094
  RR Graph Edges: 260574
Confirming router algorithm: TIMING_DRIVEN.
## Computing router lookahead map
### Computing wire lookahead
### Computing wire lookahead took 0.26 seconds (max_rss 100.6 MiB, delta_rss +0.0 MiB)
### Computing src/opin lookahead
### Computing src/opin lookahead took 0.00 seconds (max_rss 100.6 MiB, delta_rss +0.0 MiB)
## Computing router lookahead map took 0.26 seconds (max_rss 100.6 MiB, delta_rss +0.0 MiB)
## Initializing router criticalities
Initial Net Connection Criticality Histogram:
[        0:      0.1)    8 (  0.2%) |
[      0.1:      0.2)   37 (  1.0%) |**
[      0.2:      0.3)   99 (  2.8%) |****
[      0.3:      0.4)  127 (  3.6%) |******
[      0.4:      0.5)  228 (  6.4%) |**********
[      0.5:      0.6)  319 (  9.0%) |**************
[      0.6:      0.7)  524 ( 14.8%) |***********************
[      0.7:      0.8)  869 ( 24.5%) |***************************************
[      0.8:      0.9) 1037 ( 29.3%) |**********************************************
[      0.9:        1)  293 (  8.3%) |*************
## Initializing router criticalities took 0.01 seconds (max_rss 100.6 MiB, delta_rss +0.0 MiB)
---- ------ ------- ---- ------- ------- ------- ----------------- --------------- -------- ---------- ---------- ---------- ---------- --------
Iter   Time    pres  BBs    Heap  Re-Rtd  Re-Rtd Overused RR Nodes      Wirelength      CPD       sTNS       sWNS       hTNS       hWNS Est Succ
      (sec)     fac Updt    push    Nets   Conns                                       (ns)       (ns)       (ns)       (ns)       (ns)     Iter
---- ------ ------- ---- ------- ------- ------- ----------------- --------------- -------- ---------- ---------- ---------- ---------- --------
   1    0.0     0.0    0  164736    1676    3541    1444 ( 3.275%)   18094 (45.6%)   16.776     -2951.    -16.776      0.000      0.000      N/A
   2    0.0     0.5   17  144083    1225    2986    1155 ( 2.619%)   18313 (46.2%)   16.776     -2950.    -16.776      0.000      0.000      N/A
   3    0.0     0.6    6  143265    1028    2717     897 ( 2.034%)   18528 (46.7%)   16.770     -2954.    -16.770      0.000      0.000      N/A
   4    0.0     0.8    5  136171     860    2466     728 ( 1.651%)   18889 (47.6%)   16.770     -2959.    -16.770      0.000      0.000      N/A
   5    0.0     1.1   11  123461     718    2201     551 ( 1.250%)   19004 (47.9%)   16.770     -2959.    -16.770      0.000      0.000      N/A
   6    0.0     1.4   13  110489     597    1955     439 ( 0.996%)   19265 (48.6%)   16.770     -2964.    -16.770      0.000      0.000      N/A
   7    0.0     1.9   12  100638     506    1729     317 ( 0.719%)   19535 (49.2%)   16.770     -2966.    -16.770      0.000      0.000      N/A
   8    0.0     2.4    3   80079     367    1388     208 ( 0.472%)   19688 (49.6%)   16.770     -2967.    -16.770      0.000      0.000      N/A
   9    0.0     3.1    1   64784     261    1104     116 ( 0.263%)   19932 (50.2%)   16.770     -2969.    -16.770      0.000      0.000      N/A
  10    0.0     4.1    5   45811     161     751      73 ( 0.166%)   20073 (50.6%)   16.770     -2969.    -16.770      0.000      0.000       22
  11    0.0     5.3    3   30465      93     469      31 ( 0.070%)   20289 (51.1%)   16.770     -2970.    -16.770      0.000      0.000       19
  12    0.0     6.9    1   14389      45     242      13 ( 0.029%)   20323 (51.2%)   16.770     -2971.    -16.770      0.000      0.000       18
  13    0.0     9.0    1    6886      21     101       7 ( 0.016%)   20343 (51.3%)   16.770     -2971.    -16.770      0.000      0.000       16
  14    0.0    11.6    0    2249       8      28       2 ( 0.005%)   20354 (51.3%)   16.770     -2971.    -16.770      0.000      0.000       16
  15    0.0    15.1    0     643       3      10       2 ( 0.005%)   20362 (51.3%)   16.770     -2971.    -16.770      0.000      0.000       15
  16    0.0    19.7    0     701       2      12       0 ( 0.000%)   20366 (51.3%)   16.770     -2971.    -16.770      0.000      0.000       16
Restoring best routing
Critical path: 16.7697 ns
Successfully routed after 16 routing iterations.
Final Net Connection Criticality Histogram:
[        0:      0.1)    4 (  0.1%) |
[      0.1:      0.2)   27 (  0.8%) |*
[      0.2:      0.3)   98 (  2.8%) |****
[      0.3:      0.4)  126 (  3.6%) |*****
[      0.4:      0.5)  198 (  5.6%) |********
[      0.5:      0.6)  327 (  9.2%) |**************
[      0.6:      0.7)  502 ( 14.2%) |**********************
[      0.7:      0.8)  874 ( 24.7%) |**************************************
[      0.8:      0.9) 1072 ( 30.3%) |**********************************************
[      0.9:        1)  313 (  8.8%) |*************
Router Stats: total_nets_routed: 7571 total_connections_routed: 21700 total_heap_pushes: 1168850 total_heap_pops: 308715 total_internal_heap_pushes: 0 total_internal_heap_pops: 0 total_external_heap_pushes: 1168850 total_external_heap_pops: 308715 total_external_SOURCE_pushes: 21700 total_external_SOURCE_pops: 13902 total_internal_SOURCE_pushes: 0 total_internal_SOURCE_pops: 0 rt_node_SOURCE_pushes: 21700 rt_node_SOURCE_high_fanout_pushes: 0 rt_node_SOURCE_entire_tree_pushes: 21700 total_external_SINK_pushes: 67357 total_external_SINK_pops: 61386 total_internal_SINK_pushes: 0 total_internal_SINK_pops: 0 rt_node_SINK_pushes: 0 rt_node_SINK_high_fanout_pushes: 0 rt_node_SINK_entire_tree_pushes: 0 total_external_IPIN_pushes: 98448 total_external_IPIN_pops: 89652 total_internal_IPIN_pushes: 0 total_internal_IPIN_pops: 0 rt_node_IPIN_pushes: 0 rt_node_IPIN_high_fanout_pushes: 0 rt_node_IPIN_entire_tree_pushes: 0 total_external_OPIN_pushes: 26019 total_external_OPIN_pops: 19012 total_internal_OPIN_pushes: 0 total_internal_OPIN_pops: 0 rt_node_OPIN_pushes: 14210 rt_node_OPIN_high_fanout_pushes: 0 rt_node_OPIN_entire_tree_pushes: 14210 total_external_CHANX_pushes: 486772 total_external_CHANX_pops: 61892 total_internal_CHANX_pushes: 0 total_internal_CHANX_pops: 0 rt_node_CHANX_pushes: 44999 rt_node_CHANX_high_fanout_pushes: 0 rt_node_CHANX_entire_tree_pushes: 44999 total_external_CHANY_pushes: 468554 total_external_CHANY_pops: 62871 total_internal_CHANY_pushes: 0 total_internal_CHANY_pops: 0 rt_node_CHANY_pushes: 45515 rt_node_CHANY_high_fanout_pushes: 0 rt_node_CHANY_entire_tree_pushes: 45515 total_number_of_adding_all_rt: 244978 total_number_of_adding_high_fanout_rt: 0 total_number_of_adding_all_rt_from_calling_high_fanout_rt: 0 

Attempting to route at 48 channels (binary search bounds: [38, 58])
## Build routing resource graph
SOURCE->OPIN and IPIN->SINK edge count:21879
OPIN->CHANX/CHANY edge count before creating direct connections: 31460
OPIN->CHANX/CHANY edge count after creating direct connections: 31681
CHAN->CHAN type edge count:166226
## Build routing resource graph took 0.06 seconds (max_rss 100.6 MiB, delta_rss +0.0 MiB)
  RR Graph Nodes: 42102
  RR Graph Edges: 219786
Confirming router algorithm: TIMING_DRIVEN.
## Computing router lookahead map
### Computing wire lookahead
### Computing wire lookahead took 0.20 seconds (max_rss 100.6 MiB, delta_rss +0.0 MiB)
### Computing src/opin lookahead
### Computing src/opin lookahead took 0.00 seconds (max_rss 100.6 MiB, delta_rss +0.0 MiB)
## Computing router lookahead map took 0.20 seconds (max_rss 100.6 MiB, delta_rss +0.0 MiB)
## Initializing router criticalities
Initial Net Connection Criticality Histogram:
[        0:      0.1)    8 (  0.2%) |
[      0.1:      0.2)   37 (  1.0%) |**
[      0.2:      0.3)   99 (  2.8%) |****
[      0.3:      0.4)  127 (  3.6%) |******
[      0.4:      0.5)  228 (  6.4%) |**********
[      0.5:      0.6)  321 (  9.1%) |**************
[      0.6:      0.7)  523 ( 14.8%) |***********************
[      0.7:      0.8)  868 ( 24.5%) |**************************************
[      0.8:      0.9) 1038 ( 29.3%) |**********************************************
[      0.9:        1)  292 (  8.2%) |*************
## Initializing router criticalities took 0.01 seconds (max_rss 100.6 MiB, delta_rss +0.0 MiB)
---- ------ ------- ---- ------- ------- ------- ----------------- --------------- -------- ---------- ---------- ---------- ---------- --------
Iter   Time    pres  BBs    Heap  Re-Rtd  Re-Rtd Overused RR Nodes      Wirelength      CPD       sTNS       sWNS       hTNS       hWNS Est Succ
      (sec)     fac Updt    push    Nets   Conns                                       (ns)       (ns)       (ns)       (ns)       (ns)     Iter
---- ------ ------- ---- ------- ------- ------- ----------------- --------------- -------- ---------- ---------- ---------- ---------- --------
   1    0.0     0.0    0  164188    1676    3541    1645 ( 3.907%)   18839 (57.4%)   16.599     -2969.    -16.599      0.000      0.000      N/A
   2    0.0     0.5   28  148025    1306    3100    1336 ( 3.173%)   18849 (57.4%)   16.590     -2971.    -16.590      0.000      0.000      N/A
   3    0.0     0.6   11  151473    1091    2794    1111 ( 2.639%)   19286 (58.7%)   16.595     -2974.    -16.595      0.000      0.000      N/A
   4    0.0     0.8   19  153092    1003    2675     959 ( 2.278%)   19525 (59.5%)   16.605     -2974.    -16.605      0.000      0.000      N/A
   5    0.0     1.1   13  152551     892    2502     785 ( 1.865%)   19849 (60.5%)   16.597     -2979.    -16.597      0.000      0.000      N/A
   6    0.0     1.4   17  146249     769    2274     622 ( 1.477%)   20231 (61.6%)   16.609     -2980.    -16.609      0.000      0.000      N/A
   7    0.0     1.9   15  133155     662    2078     492 ( 1.169%)   20549 (62.6%)   16.606     -2985.    -16.606      0.000      0.000      N/A
   8    0.0     2.4   15  116898     548    1861     374 ( 0.888%)   20748 (63.2%)   16.612     -2994.    -16.612      0.000      0.000      N/A
   9    0.0     3.1   11  107164     451    1605     277 ( 0.658%)   21018 (64.0%)   16.601     -2997.    -16.601      0.000      0.000      N/A
  10    0.0     4.1    4   85741     344    1280     188 ( 0.447%)   21332 (65.0%)   16.609     -3000.    -16.609      0.000      0.000       31
  11    0.0     5.3    6   72459     247     963     125 ( 0.297%)   21578 (65.7%)   16.609     -3001.    -16.609      0.000      0.000       28
  12    0.0     6.9    7   54667     176     706      86 ( 0.204%)   21932 (66.8%)   16.609     -3003.    -16.609      0.000      0.000       26
  13    0.0     9.0    4   38510     107     443      45 ( 0.107%)   22150 (67.5%)   16.611     -3004.    -16.611      0.000      0.000       25
  14    0.0    11.6    1   28494      61     258      25 ( 0.059%)   22336 (68.0%)   16.611     -3006.    -16.611      0.000      0.000       23
  15    0.0    15.1    8   17583      41     192      13 ( 0.031%)   22403 (68.2%)   16.611     -3007.    -16.611      0.000      0.000       22
  16    0.0    19.7    0   11035      22      94       8 ( 0.019%)   22486 (68.5%)   16.611     -3010.    -16.611      0.000      0.000       21
  17    0.0    25.6    5    4861      12      59       4 ( 0.010%)   22528 (68.6%)   16.611     -3010.    -16.611      0.000      0.000       20
  18    0.0    33.3    1    3358       7      45       3 ( 0.007%)   22519 (68.6%)   16.611     -3010.    -16.611      0.000      0.000       20
  19    0.0    43.3    0    2578       4      29       2 ( 0.005%)   22525 (68.6%)   16.611     -3011.    -16.611      0.000      0.000       20
  20    0.0    56.2    0    1465       3      23       1 ( 0.002%)   22528 (68.6%)   16.611     -3011.    -16.611      0.000      0.000       20
  21    0.0    73.1    0    1265       2      16       1 ( 0.002%)   22543 (68.7%)   16.611     -3011.    -16.611      0.000      0.000       20
  22    0.0    95.0    0     895       2      14       1 ( 0.002%)   22530 (68.6%)   16.611     -3011.    -16.611      0.000      0.000       20
  23    0.0   123.5    0    1093       2      16       1 ( 0.002%)   22527 (68.6%)   16.611     -3011.    -16.611      0.000      0.000       21
  24    0.0   160.6    0    1128       2      14       1 ( 0.002%)   22528 (68.6%)   16.611     -3011.    -16.611      0.000      0.000       21
  25    0.0   208.8    0    1265       2      16       1 ( 0.002%)   22543 (68.7%)   16.611     -3011.    -16.611      0.000      0.000       22
  26    0.0   271.4    0     900       2      14       1 ( 0.002%)   22530 (68.6%)   16.611     -3011.    -16.611      0.000      0.000       23
  27    0.0   352.8    0    2170       4      27       1 ( 0.002%)   22569 (68.7%)   16.611     -3012.    -16.611      0.000      0.000       23
  28    0.0   458.7    0    1659       2      21       1 ( 0.002%)   22575 (68.8%)   16.611     -3012.    -16.611      0.000      0.000       24
  29    0.0   596.3    0    2893       2      14       1 ( 0.002%)   22602 (68.8%)   16.611     -3013.    -16.611      0.000      0.000       25
  30    0.0   775.1    1    5724       2       4       1 ( 0.002%)   22606 (68.9%)   16.611     -3013.    -16.611      0.000      0.000       25
  31    0.0  1007.7    1    6071       2       4       1 ( 0.002%)   22606 (68.9%)   16.611     -3013.    -16.611      0.000      0.000       26
  32    0.0  1310.0    0     964       3       7       1 ( 0.002%)   22613 (68.9%)   16.611     -3016.    -16.611      0.000      0.000       27
  33    0.0  1703.0    1     494       1       7       0 ( 0.000%)   22631 (68.9%)   16.611     -3016.    -16.611      0.000      0.000       28
Restoring best routing
Critical path: 16.6109 ns
Successfully routed after 33 routing iterations.
Final Net Connection Criticality Histogram:
[        0:      0.1)    2 (  0.1%) |
[      0.1:      0.2)   25 (  0.7%) |*
[      0.2:      0.3)   84 (  2.4%) |****
[      0.3:      0.4)  131 (  3.7%) |*****
[      0.4:      0.5)  184 (  5.2%) |********
[      0.5:      0.6)  310 (  8.8%) |*************
[      0.6:      0.7)  433 ( 12.2%) |******************
[      0.7:      0.8)  794 ( 22.4%) |*********************************
[      0.8:      0.9) 1103 ( 31.1%) |**********************************************
[      0.9:        1)  475 ( 13.4%) |********************
Router Stats: total_nets_routed: 9450 total_connections_routed: 26696 total_heap_pushes: 1620067 total_heap_pops: 421797 total_internal_heap_pushes: 0 total_internal_heap_pops: 0 total_external_heap_pushes: 1620067 total_external_heap_pops: 421797 total_external_SOURCE_pushes: 26696 total_external_SOURCE_pops: 18006 total_internal_SOURCE_pushes: 0 total_internal_SOURCE_pops: 0 rt_node_SOURCE_pushes: 26696 rt_node_SOURCE_high_fanout_pushes: 0 rt_node_SOURCE_entire_tree_pushes: 26696 total_external_SINK_pushes: 83114 total_external_SINK_pops: 75737 total_internal_SINK_pushes: 0 total_internal_SINK_pops: 0 rt_node_SINK_pushes: 0 rt_node_SINK_high_fanout_pushes: 0 rt_node_SINK_entire_tree_pushes: 0 total_external_IPIN_pushes: 120774 total_external_IPIN_pops: 109932 total_internal_IPIN_pushes: 0 total_internal_IPIN_pops: 0 rt_node_IPIN_pushes: 0 rt_node_IPIN_high_fanout_pushes: 0 rt_node_IPIN_entire_tree_pushes: 0 total_external_OPIN_pushes: 32300 total_external_OPIN_pops: 24142 total_internal_OPIN_pushes: 0 total_internal_OPIN_pops: 0 rt_node_OPIN_pushes: 17330 rt_node_OPIN_high_fanout_pushes: 0 rt_node_OPIN_entire_tree_pushes: 17330 total_external_CHANX_pushes: 689868 total_external_CHANX_pops: 96322 total_internal_CHANX_pushes: 0 total_internal_CHANX_pops: 0 rt_node_CHANX_pushes: 58378 rt_node_CHANX_high_fanout_pushes: 0 rt_node_CHANX_entire_tree_pushes: 58378 total_external_CHANY_pushes: 667315 total_external_CHANY_pops: 97658 total_internal_CHANY_pushes: 0 total_internal_CHANY_pops: 0 rt_node_CHANY_pushes: 58534 rt_node_CHANY_high_fanout_pushes: 0 rt_node_CHANY_entire_tree_pushes: 58534 total_number_of_adding_all_rt: 308576 total_number_of_adding_high_fanout_rt: 0 total_number_of_adding_all_rt_from_calling_high_fanout_rt: 0 

Attempting to route at 44 channels (binary search bounds: [38, 48])
## Build routing resource graph
SOURCE->OPIN and IPIN->SINK edge count:21879
OPIN->CHANX/CHANY edge count before creating direct connections: 27978
OPIN->CHANX/CHANY edge count after creating direct connections: 28199
CHAN->CHAN type edge count:152355
## Build routing resource graph took 0.05 seconds (max_rss 100.6 MiB, delta_rss +0.0 MiB)
  RR Graph Nodes: 41302
  RR Graph Edges: 202433
Confirming router algorithm: TIMING_DRIVEN.
## Computing router lookahead map
### Computing wire lookahead
### Computing wire lookahead took 0.20 seconds (max_rss 100.6 MiB, delta_rss +0.0 MiB)
### Computing src/opin lookahead
### Computing src/opin lookahead took 0.00 seconds (max_rss 100.6 MiB, delta_rss +0.0 MiB)
## Computing router lookahead map took 0.20 seconds (max_rss 100.6 MiB, delta_rss +0.0 MiB)
## Initializing router criticalities
Initial Net Connection Criticality Histogram:
[        0:      0.1)    8 (  0.2%) |
[      0.1:      0.2)   37 (  1.0%) |**
[      0.2:      0.3)   99 (  2.8%) |****
[      0.3:      0.4)  127 (  3.6%) |******
[      0.4:      0.5)  228 (  6.4%) |**********
[      0.5:      0.6)  319 (  9.0%) |**************
[      0.6:      0.7)  518 ( 14.6%) |***********************
[      0.7:      0.8)  875 ( 24.7%) |***************************************
[      0.8:      0.9) 1037 ( 29.3%) |**********************************************
[      0.9:        1)  293 (  8.3%) |*************
## Initializing router criticalities took 0.01 seconds (max_rss 100.6 MiB, delta_rss +0.0 MiB)
---- ------ ------- ---- ------- ------- ------- ----------------- --------------- -------- ---------- ---------- ---------- ---------- --------
Iter   Time    pres  BBs    Heap  Re-Rtd  Re-Rtd Overused RR Nodes      Wirelength      CPD       sTNS       sWNS       hTNS       hWNS Est Succ
      (sec)     fac Updt    push    Nets   Conns                                       (ns)       (ns)       (ns)       (ns)       (ns)     Iter
---- ------ ------- ---- ------- ------- ------- ----------------- --------------- -------- ---------- ---------- ---------- ---------- --------
   1    0.0     0.0    0  158727    1676    3541    1664 ( 4.029%)   18929 (62.9%)   16.652     -2968.    -16.652      0.000      0.000      N/A
   2    0.0     0.5   34  149919    1352    3165    1421 ( 3.441%)   19016 (63.2%)   16.652     -2969.    -16.652      0.000      0.000      N/A
   3    0.0     0.6    9  159201    1222    2995    1204 ( 2.915%)   19481 (64.7%)   16.683     -2975.    -16.683      0.000      0.000      N/A
   4    0.0     0.8   20  160543    1087    2826    1107 ( 2.680%)   19879 (66.1%)   16.683     -2978.    -16.683      0.000      0.000      N/A
   5    0.0     1.1   25  164168     973    2623     944 ( 2.286%)   20451 (68.0%)   16.652     -2984.    -16.652      0.000      0.000      N/A
   6    0.0     1.4   17  159239     877    2482     787 ( 1.905%)   20795 (69.1%)   16.659     -2989.    -16.659      0.000      0.000      N/A
   7    0.0     1.9   24  157252     770    2302     658 ( 1.593%)   21148 (70.3%)   16.659     -2995.    -16.659      0.000      0.000      N/A
   8    0.0     2.4   14  144642     660    2083     508 ( 1.230%)   21490 (71.4%)   16.659     -3001.    -16.659      0.000      0.000      N/A
   9    0.0     3.1   18  138744     588    1901     457 ( 1.106%)   21983 (73.0%)   16.659     -3004.    -16.659      0.000      0.000      N/A
  10    0.0     4.1   16  130314     496    1650     347 ( 0.840%)   22277 (74.0%)   16.629     -3010.    -16.629      0.000      0.000       41
  11    0.0     5.3   16  129177     426    1541     280 ( 0.678%)   22670 (75.3%)   16.629     -3014.    -16.629      0.000      0.000       39
  12    0.0     6.9   19  103356     322    1275     209 ( 0.506%)   22929 (76.2%)   16.629     -3018.    -16.629      0.000      0.000       39
  13    0.0     9.0   15  104473     275    1084     171 ( 0.414%)   23388 (77.7%)   16.659     -3024.    -16.659      0.000      0.000       36
  14    0.0    11.6   16  117018     310    1221     157 ( 0.380%)   23734 (78.9%)   16.657     -3032.    -16.657      0.000      0.000       36
  15    0.0    15.1   10  119348     285    1105     139 ( 0.337%)   23892 (79.4%)   16.657     -3036.    -16.657      0.000      0.000       37
  16    0.0    19.7   15  114985     274    1101     113 ( 0.274%)   24159 (80.3%)   16.657     -3042.    -16.657      0.000      0.000       39
  17    0.0    25.6    8  110889     265    1096     104 ( 0.252%)   24278 (80.7%)   16.657     -3045.    -16.657      0.000      0.000       40
  18    0.0    33.3    9  106536     242    1029      69 ( 0.167%)   24399 (81.1%)   16.657     -3047.    -16.657      0.000      0.000       42
  19    0.0    43.3    9   97531     219     937      57 ( 0.138%)   24409 (81.1%)   16.657     -3047.    -16.657      0.000      0.000       42
  20    0.0    56.2    5   88323     208     874      48 ( 0.116%)   24504 (81.4%)   16.657     -3052.    -16.657      0.000      0.000       41
  21    0.0    73.1    9   86064     198     867      38 ( 0.092%)   24519 (81.5%)   16.921     -3065.    -16.921      0.000      0.000       41
  22    0.0    95.0    4   74807     171     764      32 ( 0.077%)   24484 (81.4%)   16.704     -3051.    -16.704      0.000      0.000       40
  23    0.0   123.5    4   81945     184     820      29 ( 0.070%)   24511 (81.4%)   16.704     -3053.    -16.704      0.000      0.000       40
  24    0.0   160.6    1   76430     186     832      34 ( 0.082%)   24666 (82.0%)   16.704     -3051.    -16.704      0.000      0.000       40
  25    0.0   208.8    4   80528     185     836      34 ( 0.082%)   24550 (81.6%)   16.704     -3057.    -16.704      0.000      0.000       42
  26    0.0   271.4    2   85416     183     835      26 ( 0.063%)   24621 (81.8%)   16.704     -3060.    -16.704      0.000      0.000       44
  27    0.0   352.8    2   78344     182     831      29 ( 0.070%)   24666 (82.0%)   16.704     -3062.    -16.704      0.000      0.000       46
  28    0.0   458.7    2   78586     191     865      28 ( 0.068%)   24719 (82.1%)   16.704     -3061.    -16.704      0.000      0.000       48
  29    0.0   596.3    2   87749     192     888      29 ( 0.070%)   24762 (82.3%)   16.858     -3077.    -16.858      0.000      0.000       52
  30    0.0   775.1    3   83256     181     775      31 ( 0.075%)   24793 (82.4%)   16.858     -3077.    -16.858      0.000      0.000       55
  31    0.0  1007.7    1   76744     177     767      30 ( 0.073%)   24849 (82.6%)   16.858     -3078.    -16.858      0.000      0.000       63
  32    0.0  1310.0    2   79975     173     752      25 ( 0.061%)   24827 (82.5%)   16.937     -3081.    -16.937      0.000      0.000       68
  33    0.0  1703.0    3   79181     165     676      26 ( 0.063%)   24871 (82.6%)   16.937     -3080.    -16.937      0.000      0.000       77
  34    0.0  2213.9    3   73469     165     692      21 ( 0.051%)   24872 (82.6%)   16.937     -3082.    -16.937      0.000      0.000       81
  35    0.0  2878.1    1   68598     163     677      20 ( 0.048%)   24862 (82.6%)   16.937     -3082.    -16.937      0.000      0.000       95
  36    0.0  3741.5    1   75849     164     677      24 ( 0.058%)   24846 (82.6%)   16.937     -3084.    -16.937      0.000      0.000       94
  37    0.0  4863.9    0   68263     166     696      25 ( 0.061%)   24854 (82.6%)   16.937     -3082.    -16.937      0.000      0.000      110
  38    0.0  6323.1    0   72690     165     716      22 ( 0.053%)   24971 (83.0%)   16.937     -3084.    -16.937      0.000      0.000      117
  39    0.0  8220.0    1   69032     166     690      22 ( 0.053%)   24980 (83.0%)   16.937     -3083.    -16.937      0.000      0.000      135
  40    0.0 10686.0    1   77726     156     700      23 ( 0.056%)   24943 (82.9%)   16.937     -3085.    -16.937      0.000      0.000      138
  41    0.0 13891.9    0   93349     170     735      32 ( 0.077%)   24934 (82.8%)   16.937     -3084.    -16.937      0.000      0.000      162
  42    0.0 18059.4    0   80186     171     761      22 ( 0.053%)   24896 (82.7%)   16.937     -3082.    -16.937      0.000      0.000      201
  43    0.0 23477.2    3   72608     165     724      21 ( 0.051%)   24853 (82.6%)   16.937     -3079.    -16.937      0.000      0.000      220
  44    0.0 30520.4    0   62604     157     686      18 ( 0.044%)   24882 (82.7%)   17.205     -3083.    -17.205      0.000      0.000      215
  45    0.0 39676.5    1   58014     132     559      18 ( 0.044%)   24865 (82.6%)   17.205     -3082.    -17.205      0.000      0.000      197
  46    0.0 51579.5    1   55804     125     549      17 ( 0.041%)   24839 (82.5%)   17.205     -3087.    -17.205      0.000      0.000      186
  47    0.0 67053.3    0   58453     133     540      15 ( 0.036%)   24849 (82.6%)   17.205     -3087.    -17.205      0.000      0.000      170
  48    0.0 87169.3    2   48655     129     538      15 ( 0.036%)   24845 (82.6%)   17.205     -3090.    -17.205      0.000      0.000      159
  49    0.0 1.1e+05    0   56357     132     529      14 ( 0.034%)   24801 (82.4%)   17.205     -3090.    -17.205      0.000      0.000      154
  50    0.0 1.5e+05    0   40981     127     514      13 ( 0.031%)   24874 (82.6%)   17.205     -3091.    -17.205      0.000      0.000      147
Routing failed.

Failed routing attempt #1
Total number of overused nodes: 13
Routing Failure Diagnostics: Printing Overused Nodes Information
------ ------- ---------- --------- -------- ------------ ------- ------- ------- ------- ------- ------- -------
   No.  NodeId  Occupancy  Capacity  RR Node    Direction    Side     PTC   Block    Xlow    Ylow   Xhigh   Yhigh
                                        type                          NUM    Name                                 
------ ------- ---------- --------- -------- ------------ ------- ------- ------- ------- ------- ------- -------
     0    1761          2         1     IPIN          N/A  BOTTOM       6     clb       1       9       1       9
     1    6684          2         1     IPIN          N/A    LEFT       3     clb       4       9       4       9
     2   14135          2         1     IPIN          N/A  BOTTOM       2     clb       8      13       8      13
     3   14149          2         1     IPIN          N/A     TOP      16     clb       8      13       8      13
     4   16397          2         1     IPIN          N/A  BOTTOM      26     clb       9      16       9      16
     5   21728          2         1     IPIN          N/A   RIGHT      29     clb      13       1      13       1
     6   32701          2         1    CHANX      DEC_DIR     N/A      41      io      13       0      16       0
     7   35814          2         1    CHANX      INC_DIR     N/A       0     clb       3      14       6      14
     8   37055          2         1    CHANY      DEC_DIR     N/A      35      io       0      10       0      13
     9   38618          2         1    CHANY      INC_DIR     N/A       0     clb       7       6       7       9
    10   39079          2         1    CHANY      DEC_DIR     N/A      35     clb       9       5       9       8
    11   39363          2         1    CHANY      DEC_DIR     N/A      31  memory      10      10      10      13
    12   40219          2         1    CHANY      DEC_DIR     N/A      19 mult_36      14       4      14       7

Final Net Connection Criticality Histogram:
[        0:      0.1)    1 (  0.0%) |
[      0.1:      0.2)   25 (  0.7%) |*
[      0.2:      0.3)   84 (  2.4%) |****
[      0.3:      0.4)  128 (  3.6%) |*****
[      0.4:      0.5)  193 (  5.5%) |********
[      0.5:      0.6)  323 (  9.1%) |**************
[      0.6:      0.7)  463 ( 13.1%) |*******************
[      0.7:      0.8)  879 ( 24.8%) |*************************************
[      0.8:      0.9) 1097 ( 31.0%) |**********************************************
[      0.9:        1)  348 (  9.8%) |***************
Router Stats: total_nets_routed: 17481 total_connections_routed: 58322 total_heap_pushes: 4796048 total_heap_pops: 1097754 total_internal_heap_pushes: 0 total_internal_heap_pops: 0 total_external_heap_pushes: 4796048 total_external_heap_pops: 1097754 total_external_SOURCE_pushes: 58322 total_external_SOURCE_pops: 41562 total_internal_SOURCE_pushes: 0 total_internal_SOURCE_pops: 0 rt_node_SOURCE_pushes: 58322 rt_node_SOURCE_high_fanout_pushes: 0 rt_node_SOURCE_entire_tree_pushes: 58322 total_external_SINK_pushes: 166433 total_external_SINK_pops: 149051 total_internal_SINK_pushes: 0 total_internal_SINK_pops: 0 rt_node_SINK_pushes: 0 rt_node_SINK_high_fanout_pushes: 0 rt_node_SINK_entire_tree_pushes: 0 total_external_IPIN_pushes: 251956 total_external_IPIN_pops: 211578 total_internal_IPIN_pushes: 0 total_internal_IPIN_pops: 0 rt_node_IPIN_pushes: 0 rt_node_IPIN_high_fanout_pushes: 0 rt_node_IPIN_entire_tree_pushes: 0 total_external_OPIN_pushes: 72866 total_external_OPIN_pops: 51231 total_internal_OPIN_pushes: 0 total_internal_OPIN_pops: 0 rt_node_OPIN_pushes: 41210 rt_node_OPIN_high_fanout_pushes: 0 rt_node_OPIN_entire_tree_pushes: 41210 total_external_CHANX_pushes: 2121381 total_external_CHANX_pops: 323493 total_internal_CHANX_pushes: 0 total_internal_CHANX_pops: 0 rt_node_CHANX_pushes: 181009 rt_node_CHANX_high_fanout_pushes: 0 rt_node_CHANX_entire_tree_pushes: 181009 total_external_CHANY_pushes: 2125090 total_external_CHANY_pops: 320839 total_internal_CHANY_pushes: 0 total_internal_CHANY_pops: 0 rt_node_CHANY_pushes: 175085 rt_node_CHANY_high_fanout_pushes: 0 rt_node_CHANY_entire_tree_pushes: 175085 total_number_of_adding_all_rt: 826070 total_number_of_adding_high_fanout_rt: 0 total_number_of_adding_all_rt_from_calling_high_fanout_rt: 0 

Attempting to route at 46 channels (binary search bounds: [44, 48])
## Build routing resource graph
SOURCE->OPIN and IPIN->SINK edge count:21879
OPIN->CHANX/CHANY edge count before creating direct connections: 30286
OPIN->CHANX/CHANY edge count after creating direct connections: 30507
CHAN->CHAN type edge count:159428
## Build routing resource graph took 0.06 seconds (max_rss 100.6 MiB, delta_rss +0.0 MiB)
  RR Graph Nodes: 41702
  RR Graph Edges: 211814
Confirming router algorithm: TIMING_DRIVEN.
## Computing router lookahead map
### Computing wire lookahead
### Computing wire lookahead took 0.20 seconds (max_rss 100.6 MiB, delta_rss +0.0 MiB)
### Computing src/opin lookahead
### Computing src/opin lookahead took 0.00 seconds (max_rss 100.6 MiB, delta_rss +0.0 MiB)
## Computing router lookahead map took 0.20 seconds (max_rss 100.6 MiB, delta_rss +0.0 MiB)
## Initializing router criticalities
Initial Net Connection Criticality Histogram:
[        0:      0.1)    8 (  0.2%) |
[      0.1:      0.2)   37 (  1.0%) |**
[      0.2:      0.3)   99 (  2.8%) |****
[      0.3:      0.4)  127 (  3.6%) |******
[      0.4:      0.5)  228 (  6.4%) |**********
[      0.5:      0.6)  321 (  9.1%) |**************
[      0.6:      0.7)  521 ( 14.7%) |***********************
[      0.7:      0.8)  870 ( 24.6%) |***************************************
[      0.8:      0.9) 1038 ( 29.3%) |**********************************************
[      0.9:        1)  292 (  8.2%) |*************
## Initializing router criticalities took 0.01 seconds (max_rss 100.6 MiB, delta_rss +0.0 MiB)
---- ------ ------- ---- ------- ------- ------- ----------------- --------------- -------- ---------- ---------- ---------- ---------- --------
Iter   Time    pres  BBs    Heap  Re-Rtd  Re-Rtd Overused RR Nodes      Wirelength      CPD       sTNS       sWNS       hTNS       hWNS Est Succ
      (sec)     fac Updt    push    Nets   Conns                                       (ns)       (ns)       (ns)       (ns)       (ns)     Iter
---- ------ ------- ---- ------- ------- ------- ----------------- --------------- -------- ---------- ---------- ---------- ---------- --------
   1    0.0     0.0    0  163593    1676    3541    1625 ( 3.897%)   18629 (59.2%)   16.733     -2966.    -16.733      0.000      0.000      N/A
   2    0.0     0.5   37  149767    1307    3112    1309 ( 3.139%)   18667 (59.3%)   16.733     -2969.    -16.733      0.000      0.000      N/A
   3    0.0     0.6    7  156334    1151    2895    1180 ( 2.830%)   19054 (60.6%)   16.733     -2975.    -16.733      0.000      0.000      N/A
   4    0.0     0.8   17  156580    1028    2725    1002 ( 2.403%)   19276 (61.3%)   16.733     -2979.    -16.733      0.000      0.000      N/A
   5    0.0     1.1   13  156584     909    2555     811 ( 1.945%)   19658 (62.5%)   16.738     -2980.    -16.738      0.000      0.000      N/A
   6    0.0     1.4   19  146860     787    2317     678 ( 1.626%)   20188 (64.2%)   16.738     -2984.    -16.738      0.000      0.000      N/A
   7    0.0     1.9   15  136794     672    2094     528 ( 1.266%)   20347 (64.7%)   16.738     -2987.    -16.738      0.000      0.000      N/A
   8    0.0     2.4    6  127566     565    1914     422 ( 1.012%)   20731 (65.9%)   16.743     -2991.    -16.743      0.000      0.000      N/A
   9    0.0     3.1   17  114377     457    1659     277 ( 0.664%)   21151 (67.2%)   16.764     -2996.    -16.764      0.000      0.000      N/A
  10    0.0     4.1   13   94857     349    1372     209 ( 0.501%)   21394 (68.0%)   16.764     -2999.    -16.764      0.000      0.000       31
  11    0.0     5.3    6   81655     295    1184     150 ( 0.360%)   21688 (68.9%)   16.764     -3000.    -16.764      0.000      0.000       28
  12    0.0     6.9   11   72567     223    1008      95 ( 0.228%)   21913 (69.6%)   16.764     -3003.    -16.764      0.000      0.000       27
  13    0.0     9.0    5   63072     163     816      52 ( 0.125%)   22143 (70.4%)   16.764     -3005.    -16.764      0.000      0.000       26
  14    0.0    11.6    9   50858     130     676      35 ( 0.084%)   22283 (70.8%)   16.764     -3006.    -16.764      0.000      0.000       24
  15    0.0    15.1    1   42692     112     564      24 ( 0.058%)   22358 (71.1%)   16.764     -3005.    -16.764      0.000      0.000       23
  16    0.0    19.7    3   34683      92     465      12 ( 0.029%)   22463 (71.4%)   16.764     -3008.    -16.764      0.000      0.000       23
  17    0.0    25.6    2   31049      85     447       9 ( 0.022%)   22510 (71.5%)   16.764     -3011.    -16.764      0.000      0.000       22
  18    0.0    33.3    2   31711      78     443       5 ( 0.012%)   22522 (71.6%)   16.764     -3009.    -16.764      0.000      0.000       22
  19    0.0    43.3    0   30545      73     421       5 ( 0.012%)   22520 (71.6%)   16.764     -3007.    -16.764      0.000      0.000       22
  20    0.0    56.2    2   33235      79     432       6 ( 0.014%)   22532 (71.6%)   16.764     -3013.    -16.764      0.000      0.000       22
  21    0.0    73.1    1   29907      78     448       4 ( 0.010%)   22524 (71.6%)   16.764     -3008.    -16.764      0.000      0.000       23
  22    0.0    95.0    0   31082      77     447       3 ( 0.007%)   22604 (71.8%)   16.764     -3011.    -16.764      0.000      0.000       24
  23    0.0   123.5    2   28779      76     432       2 ( 0.005%)   22620 (71.9%)   16.764     -3009.    -16.764      0.000      0.000       24
  24    0.0   160.6    1   28022      74     430       2 ( 0.005%)   22596 (71.8%)   16.764     -3008.    -16.764      0.000      0.000       25
  25    0.0   208.8    0   28328      77     435       3 ( 0.007%)   22576 (71.8%)   16.764     -3009.    -16.764      0.000      0.000       25
  26    0.0   271.4    0   27649      75     426       3 ( 0.007%)   22579 (71.8%)   16.764     -3009.    -16.764      0.000      0.000       27
  27    0.0   352.8    0   32070      77     438       2 ( 0.005%)   22697 (72.1%)   16.764     -3011.    -16.764      0.000      0.000       28
  28    0.0   458.7    1   27513      74     413       5 ( 0.012%)   22660 (72.0%)   16.764     -3009.    -16.764      0.000      0.000       29
  29    0.0   596.3    1   29955      77     442       2 ( 0.005%)   22712 (72.2%)   17.107     -3025.    -17.107      0.000      0.000       33
  30    0.0   775.1    1   22181      59     348       2 ( 0.005%)   22698 (72.1%)   16.764     -3009.    -16.764      0.000      0.000       33
  31    0.0  1007.7    0   26201      75     418       2 ( 0.005%)   22701 (72.1%)   16.764     -3010.    -16.764      0.000      0.000       36
  32    0.0  1310.0    0   27905      76     435       1 ( 0.002%)   22726 (72.2%)   16.764     -3009.    -16.764      0.000      0.000       37
  33    0.0  1703.0    0   26848      75     429       1 ( 0.002%)   22720 (72.2%)   16.764     -3009.    -16.764      0.000      0.000       36
  34    0.0  2213.9    0   26487      75     422       1 ( 0.002%)   22724 (72.2%)   16.764     -3009.    -16.764      0.000      0.000       35
  35    0.0  2878.1    0   26927      75     429       1 ( 0.002%)   22720 (72.2%)   16.764     -3009.    -16.764      0.000      0.000       36
  36    0.0  3741.5    0   26661      74     421       1 ( 0.002%)   22726 (72.2%)   16.764     -3009.    -16.764      0.000      0.000       35
  37    0.0  4863.9    0   26338      74     415       1 ( 0.002%)   22758 (72.3%)   16.764     -3009.    -16.764      0.000      0.000       36
  38    0.0  6323.1    0   27819      75     425       2 ( 0.005%)   22762 (72.3%)   16.764     -3009.    -16.764      0.000      0.000       36
  39    0.0  8220.0    0   26988      75     423       1 ( 0.002%)   22770 (72.4%)   16.764     -3009.    -16.764      0.000      0.000       38
  40    0.0 10686.0    0   26930      75     423       1 ( 0.002%)   22764 (72.3%)   16.764     -3009.    -16.764      0.000      0.000       38
  41    0.0 13891.9    0   26985      76     426       1 ( 0.002%)   22765 (72.4%)   16.764     -3012.    -16.764      0.000      0.000       39
  42    0.0 18059.4    0   26059      74     412       1 ( 0.002%)   22769 (72.4%)   16.764     -3010.    -16.764      0.000      0.000       39
  43    0.0 23477.2    0   27785      76     431       2 ( 0.005%)   22781 (72.4%)   16.764     -3011.    -16.764      0.000      0.000       40
  44    0.0 30520.4    0   25895      74     415       1 ( 0.002%)   22786 (72.4%)   16.764     -3011.    -16.764      0.000      0.000       42
  45    0.0 39676.5    0   27526      75     429       1 ( 0.002%)   22789 (72.4%)   16.764     -3011.    -16.764      0.000      0.000       42
  46    0.0 51579.5    0   26912      75     422       1 ( 0.002%)   22799 (72.5%)   16.764     -3011.    -16.764      0.000      0.000       43
  47    0.0 67053.3    0   26868      74     421       1 ( 0.002%)   22785 (72.4%)   16.764     -3011.    -16.764      0.000      0.000       43
  48    0.0 87169.3    0   26417      74     415       1 ( 0.002%)   22772 (72.4%)   16.764     -3010.    -16.764      0.000      0.000       43
  49    0.0 1.1e+05    0   27423      75     425       2 ( 0.005%)   22757 (72.3%)   16.764     -3010.    -16.764      0.000      0.000       44
  50    0.0 1.5e+05    0   27314      76     432       1 ( 0.002%)   22765 (72.4%)   16.764     -3010.    -16.764      0.000      0.000       46
Routing failed.

Failed routing attempt #2
Total number of overused nodes: 1
Routing Failure Diagnostics: Printing Overused Nodes Information
------ ------- ---------- --------- -------- ------------ ------- ------- ------- ------- ------- ------- -------
   No.  NodeId  Occupancy  Capacity  RR Node    Direction    Side     PTC   Block    Xlow    Ylow   Xhigh   Yhigh
                                        type                          NUM    Name                                 
------ ------- ---------- --------- -------- ------------ ------- ------- ------- ------- ------- ------- -------
     0   32709          2         1    CHANX      DEC_DIR     N/A      41      io      13       0      16       0

Final Net Connection Criticality Histogram:
[        0:      0.1)    3 (  0.1%) |
[      0.1:      0.2)   20 (  0.6%) |*
[      0.2:      0.3)   91 (  2.6%) |****
[      0.3:      0.4)  123 (  3.5%) |*****
[      0.4:      0.5)  194 (  5.5%) |********
[      0.5:      0.6)  301 (  8.5%) |************
[      0.6:      0.7)  458 ( 12.9%) |*******************
[      0.7:      0.8)  831 ( 23.5%) |**********************************
[      0.8:      0.9) 1115 ( 31.5%) |**********************************************
[      0.9:        1)  405 ( 11.4%) |*****************
Router Stats: total_nets_routed: 12473 total_connections_routed: 43367 total_heap_pushes: 2699153 total_heap_pops: 641498 total_internal_heap_pushes: 0 total_internal_heap_pops: 0 total_external_heap_pushes: 2699153 total_external_heap_pops: 641498 total_external_SOURCE_pushes: 43367 total_external_SOURCE_pops: 28072 total_internal_SOURCE_pushes: 0 total_internal_SOURCE_pops: 0 rt_node_SOURCE_pushes: 43367 rt_node_SOURCE_high_fanout_pushes: 0 rt_node_SOURCE_entire_tree_pushes: 43367 total_external_SINK_pushes: 125633 total_external_SINK_pops: 112643 total_internal_SINK_pushes: 0 total_internal_SINK_pops: 0 rt_node_SINK_pushes: 0 rt_node_SINK_high_fanout_pushes: 0 rt_node_SINK_entire_tree_pushes: 0 total_external_IPIN_pushes: 189273 total_external_IPIN_pops: 159735 total_internal_IPIN_pushes: 0 total_internal_IPIN_pops: 0 rt_node_IPIN_pushes: 0 rt_node_IPIN_high_fanout_pushes: 0 rt_node_IPIN_entire_tree_pushes: 0 total_external_OPIN_pushes: 54035 total_external_OPIN_pops: 36338 total_internal_OPIN_pushes: 0 total_internal_OPIN_pops: 0 rt_node_OPIN_pushes: 31195 rt_node_OPIN_high_fanout_pushes: 0 rt_node_OPIN_entire_tree_pushes: 31195 total_external_CHANX_pushes: 1154137 total_external_CHANX_pops: 152423 total_internal_CHANX_pushes: 0 total_internal_CHANX_pops: 0 rt_node_CHANX_pushes: 121374 rt_node_CHANX_high_fanout_pushes: 0 rt_node_CHANX_entire_tree_pushes: 121374 total_external_CHANY_pushes: 1132708 total_external_CHANY_pops: 152287 total_internal_CHANY_pushes: 0 total_internal_CHANY_pops: 0 rt_node_CHANY_pushes: 116429 rt_node_CHANY_high_fanout_pushes: 0 rt_node_CHANY_entire_tree_pushes: 116429 total_number_of_adding_all_rt: 597767 total_number_of_adding_high_fanout_rt: 0 total_number_of_adding_all_rt_from_calling_high_fanout_rt: 0 
## Build routing resource graph
SOURCE->OPIN and IPIN->SINK edge count:21879
OPIN->CHANX/CHANY edge count before creating direct connections: 31460
OPIN->CHANX/CHANY edge count after creating direct connections: 31681
CHAN->CHAN type edge count:166226
## Build routing resource graph took 0.06 seconds (max_rss 100.6 MiB, delta_rss +0.0 MiB)
  RR Graph Nodes: 42102
  RR Graph Edges: 219786
Best routing used a channel width factor of 48.
# Routing took 3.72 seconds (max_rss 100.6 MiB, delta_rss +0.0 MiB)

Checking to ensure routing is legal...
# Checking to ensure non-configurable edges are legal
# Checking to ensure non-configurable edges are legal took 0.00 seconds (max_rss 100.6 MiB, delta_rss +0.0 MiB)
Completed routing consistency check successfully.

Serial number (magic cookie) for the routing is: -1527214621
Circuit successfully routed with a channel width factor of 48.
# Synchronize the packed netlist to routing optimization
## Annotating rr_node with routed nets
## Annotating rr_node with routed nets took 0.00 seconds (max_rss 100.6 MiB, delta_rss +0.0 MiB)
Found 5179 mismatches between routing and packing results.
Fixed 3068 routing traces due to mismatch between routing and packing results.
# Synchronize the packed netlist to routing optimization took 0.02 seconds (max_rss 100.6 MiB, delta_rss +0.0 MiB)
Final Clustering Statistics: 
----------   --------   ------------------------------------   --------------------------
Block Type   # Blocks   Avg. # of input clocks and pins used   Avg. # of output pins used
----------   --------   ------------------------------------   --------------------------
     EMPTY          0                                      0                            0   
        io        465                               0.470968                     0.529032   
       clb        227                                14.6344                      6.29956   
   mult_36          0                                      0                            0   
    memory          0                                      0                            0   
Absorbed logical nets 2666 out of 4342 nets, 1676 nets not absorbed.


Average number of bends per net: 1.88246  Maximum # of bends: 19

Number of global nets: 0
Number of routed nets (nonglobal): 1676
Wire length results (in units of 1 clb segments)...
	Total wirelength: 22631, average net length: 13.5030
	Maximum net length: 134

Wire length results in terms of physical segments...
	Total wiring segments used: 6263, average wire segments per net: 3.73687
	Maximum segments used by a net: 36
	Total local nets with reserved CLB opins: 0
Total number of nets absorbed: 0

Routing channel utilization histogram:
[        1:      inf)   0 (  0.0%) |
[      0.9:        1)  38 (  5.3%) |****
[      0.8:      0.9)  84 ( 11.6%) |*********
[      0.7:      0.8) 426 ( 59.0%) |***********************************************
[      0.5:      0.6)  70 (  9.7%) |********
[      0.4:      0.5)  50 (  6.9%) |******
[      0.3:      0.4)  14 (  1.9%) |**
[      0.2:      0.3)   2 (  0.3%) |
[      0.1:      0.2)   0 (  0.0%) |
[        0:      0.1)  38 (  5.3%) |****
Maximum routing channel utilization:         1 at (12,0)

X - Directed channels:   j max occ ave occ capacity
                      ---- ------- ------- --------
                         0      48  35.600       48
                         1      38  27.550       48
                         2      39  29.500       48
                         3      41  31.000       48
                         4      40  29.550       48
                         5      37  27.250       48
                         6      38  28.700       48
                         7      36  26.800       48
                         8      39  28.600       48
                         9      43  30.500       48
                        10      43  32.150       48
                        11      38  30.300       48
                        12      41  29.800       48
                        13      41  30.600       48
                        14      43  30.250       48
                        15      38  29.100       48
                        16      36  27.600       48
                        17      41  29.550       48
                        18      47  37.200       48
Y - Directed channels:   i max occ ave occ capacity
                      ---- ------- ------- --------
                         0      48  35.650       48
                         1      41  31.300       48
                         2      40  28.600       48
                         3      39  30.600       48
                         4      41  31.650       48
                         5      38  30.100       48
                         6      36  26.950       48
                         7      42  34.000       48
                         8      43  33.550       48
                         9      37  29.450       48
                        10      40  28.750       48
                        11      39  29.800       48
                        12      42  31.400       48
                        13      34  23.550       48
                        14      40  27.500       48
                        15      39  29.500       48
                        16      40  28.400       48
                        17      30  21.300       48
                        18      39  27.900       48

Total tracks in x-direction: 912, in y-direction: 912

Logic area (in minimum width transistor areas, excludes I/Os and empty grid tiles)...
	Total logic block area (Warning, need to add pitch of routing to blocks with height > 3): 2.07112e+07
	Total used logic block area: 1.22339e+07

Routing area (in minimum width transistor areas)...
	Total routing area: 1.33287e+06, per logic tile: 3332.17

Total Number of Wiring Segments by Direction: direction length number
                                              --------- ------ -------
                                                      X      4   4788
                                                      Y      4   4788

X - Directed Wiring Segment usage by length: length utilization
                                             ------ -----------
                                             4       0.655

Y - Directed Wiring Segment usage by length: length utilization
                                             ------ -----------
                                             4       0.653

Segment occupancy by length: Length utilization
                             ------ -----------
                             L4           0.654

Segment occupancy by type:              name type utilization
                           ----------------- ---- -----------
                           unnamed_segment_0    0       0.654

Final hold Worst Negative Slack (hWNS): 0 ns
Final hold Total Negative Slack (hTNS): 0 ns

Final hold slack histogram:
[  7.9e-10:    1e-09)  5 (  2.3%) |*****
[    1e-09:  1.2e-09) 14 (  6.4%) |*************
[  1.2e-09:  1.5e-09) 31 ( 14.2%) |****************************
[  1.5e-09:  1.7e-09) 53 ( 24.2%) |************************************************
[  1.7e-09:  1.9e-09) 45 ( 20.5%) |*****************************************
[  1.9e-09:  2.2e-09) 42 ( 19.2%) |**************************************
[  2.2e-09:  2.4e-09) 16 (  7.3%) |**************
[  2.4e-09:  2.6e-09) 10 (  4.6%) |*********
[  2.6e-09:  2.8e-09)  2 (  0.9%) |**
[  2.8e-09:  3.1e-09)  1 (  0.5%) |*

Final critical path delay (least slack): 16.6109 ns, Fmax: 60.2015 MHz
Final setup Worst Negative Slack (sWNS): -16.6109 ns
Final setup Total Negative Slack (sTNS): -3015.59 ns

Final setup slack histogram:
[ -1.7e-08: -1.6e-08) 10 (  4.6%) |*********
[ -1.6e-08: -1.5e-08) 40 ( 18.3%) |************************************
[ -1.5e-08: -1.4e-08) 53 ( 24.2%) |************************************************
[ -1.4e-08: -1.3e-08) 39 ( 17.8%) |***********************************
[ -1.3e-08: -1.3e-08) 35 ( 16.0%) |********************************
[ -1.3e-08: -1.2e-08) 15 (  6.8%) |**************
[ -1.2e-08: -1.1e-08) 17 (  7.8%) |***************
[ -1.1e-08:   -1e-08)  4 (  1.8%) |****
[   -1e-08: -9.4e-09)  3 (  1.4%) |***
[ -9.4e-09: -8.5e-09)  3 (  1.4%) |***

Final geomean non-virtual intra-domain period: nan ns (nan MHz)
Final fanout-weighted geomean non-virtual intra-domain period: nan ns (nan MHz)

Incr Slack updates 1 in 0.000118482 sec
Full Max Req/Worst Slack updates 1 in 3.617e-06 sec
Incr Max Req/Worst Slack updates 0 in 0 sec
Incr Criticality updates 0 in 0 sec
Full Criticality updates 1 in 0.00019671 sec
Flow timing analysis took 0.879229 seconds (0.775794 STA, 0.103435 slack) (256 full updates: 68 setup, 0 hold, 188 combined).
VPR succeeded
The entire flow of VPR took 7.26 seconds (max_rss 100.6 MiB)
Incr Slack updates 187 in 0.0173834 sec
Full Max Req/Worst Slack updates 21 in 6.5024e-05 sec
Incr Max Req/Worst Slack updates 166 in 0.000598599 sec
Incr Criticality updates 141 in 0.01963 sec
Full Criticality updates 46 in 0.00904447 sec
