#Packing pin usage report
Type: io
	Input Pin Usage:
		Max: 1.00 (0.50)
		Avg: 0.30 (0.15)
		Min: 0.00 (0.00)
		Histogram:
		[        0:      0.2) 85 ( 70.2%) |************************************************
		[      0.2:      0.4)  0 (  0.0%) |
		[      0.4:      0.6)  0 (  0.0%) |
		[      0.6:      0.8)  0 (  0.0%) |
		[      0.8:        1) 36 ( 29.8%) |********************
		[        1:      1.2)  0 (  0.0%) |
		[      1.2:      1.4)  0 (  0.0%) |
		[      1.4:      1.6)  0 (  0.0%) |
		[      1.6:      1.8)  0 (  0.0%) |
		[      1.8:        2)  0 (  0.0%) |
	Output Pin Usage:
		Max: 1.00 (1.00)
		Avg: 0.70 (0.70)
		Min: 0.00 (0.00)
		Histogram:
		[        0:      0.1) 36 ( 29.8%) |********************
		[      0.1:      0.2)  0 (  0.0%) |
		[      0.2:      0.3)  0 (  0.0%) |
		[      0.3:      0.4)  0 (  0.0%) |
		[      0.4:      0.5)  0 (  0.0%) |
		[      0.5:      0.6)  0 (  0.0%) |
		[      0.6:      0.7)  0 (  0.0%) |
		[      0.7:      0.8)  0 (  0.0%) |
		[      0.8:      0.9)  0 (  0.0%) |
		[      0.9:        1) 85 ( 70.2%) |************************************************

Type: clb
	Input Pin Usage:
		Max: 26.00 (0.48)
		Avg: 12.52 (0.23)
		Min: 1.00 (0.02)
		Histogram:
		[        0:      5.4)  54 (  9.6%) |********
		[      5.4:       11)  88 ( 15.7%) |*************
		[       11:       16) 327 ( 58.2%) |***********************************************
		[       16:       22)  83 ( 14.8%) |************
		[       22:       27)  10 (  1.8%) |*
		[       27:       32)   0 (  0.0%) |
		[       32:       38)   0 (  0.0%) |
		[       38:       43)   0 (  0.0%) |
		[       43:       49)   0 (  0.0%) |
		[       49:       54)   0 (  0.0%) |
	Output Pin Usage:
		Max: 18.00 (0.86)
		Avg: 7.71 (0.37)
		Min: 1.00 (0.05)
		Histogram:
		[        0:      2.1)  41 (  7.3%) |************
		[      2.1:      4.2)  40 (  7.1%) |***********
		[      4.2:      6.3) 115 ( 20.5%) |********************************
		[      6.3:      8.4) 167 ( 29.7%) |***********************************************
		[      8.4:       10) 102 ( 18.1%) |*****************************
		[       10:       13)  44 (  7.8%) |************
		[       13:       15)  27 (  4.8%) |********
		[       15:       17)  21 (  3.7%) |******
		[       17:       19)   5 (  0.9%) |*
		[       19:       21)   0 (  0.0%) |

