#Packing pin usage report
Type: io
	Input Pin Usage:
		Max: 1.00 (0.50)
		Avg: 0.30 (0.15)
		Min: 0.00 (0.00)
		Histogram:
		[        0:      0.2) 71 ( 70.3%) |************************************************
		[      0.2:      0.4)  0 (  0.0%) |
		[      0.4:      0.6)  0 (  0.0%) |
		[      0.6:      0.8)  0 (  0.0%) |
		[      0.8:        1) 30 ( 29.7%) |********************
		[        1:      1.2)  0 (  0.0%) |
		[      1.2:      1.4)  0 (  0.0%) |
		[      1.4:      1.6)  0 (  0.0%) |
		[      1.6:      1.8)  0 (  0.0%) |
		[      1.8:        2)  0 (  0.0%) |
	Output Pin Usage:
		Max: 1.00 (1.00)
		Avg: 0.70 (0.70)
		Min: 0.00 (0.00)
		Histogram:
		[        0:      0.1) 30 ( 29.7%) |********************
		[      0.1:      0.2)  0 (  0.0%) |
		[      0.2:      0.3)  0 (  0.0%) |
		[      0.3:      0.4)  0 (  0.0%) |
		[      0.4:      0.5)  0 (  0.0%) |
		[      0.5:      0.6)  0 (  0.0%) |
		[      0.6:      0.7)  0 (  0.0%) |
		[      0.7:      0.8)  0 (  0.0%) |
		[      0.8:      0.9)  0 (  0.0%) |
		[      0.9:        1) 71 ( 70.3%) |************************************************

Type: clb
	Input Pin Usage:
		Max: 25.00 (0.46)
		Avg: 11.86 (0.22)
		Min: 1.00 (0.02)
		Histogram:
		[        0:      5.4)  67 ( 11.8%) |**********
		[      5.4:       11) 113 ( 19.9%) |*****************
		[       11:       16) 306 ( 53.9%) |***********************************************
		[       16:       22)  72 ( 12.7%) |***********
		[       22:       27)  10 (  1.8%) |**
		[       27:       32)   0 (  0.0%) |
		[       32:       38)   0 (  0.0%) |
		[       38:       43)   0 (  0.0%) |
		[       43:       49)   0 (  0.0%) |
		[       49:       54)   0 (  0.0%) |
	Output Pin Usage:
		Max: 18.00 (0.86)
		Avg: 7.29 (0.35)
		Min: 1.00 (0.05)
		Histogram:
		[        0:      2.1)  53 (  9.3%) |*****************
		[      2.1:      4.2)  52 (  9.2%) |*****************
		[      4.2:      6.3) 134 ( 23.6%) |********************************************
		[      6.3:      8.4) 144 ( 25.4%) |***********************************************
		[      8.4:       10)  97 ( 17.1%) |********************************
		[       10:       13)  48 (  8.5%) |****************
		[       13:       15)  17 (  3.0%) |******
		[       15:       17)  17 (  3.0%) |******
		[       17:       19)   6 (  1.1%) |**
		[       19:       21)   0 (  0.0%) |

