#Packing pin usage report
Type: io
	Input Pin Usage:
		Max: 1.00 (0.02)
		Avg: 0.30 (0.01)
		Min: 0.00 (0.00)
		Histogram:
		[        0:      5.5) 1437 (100.0%) |**********************************************
		[      5.5:       11)    0 (  0.0%) |
		[       11:       16)    0 (  0.0%) |
		[       16:       22)    0 (  0.0%) |
		[       22:       28)    0 (  0.0%) |
		[       28:       33)    0 (  0.0%) |
		[       33:       38)    0 (  0.0%) |
		[       38:       44)    0 (  0.0%) |
		[       44:       50)    0 (  0.0%) |
		[       50:       55)    0 (  0.0%) |
	Output Pin Usage:
		Max: 1.00 (0.03)
		Avg: 0.70 (0.02)
		Min: 0.00 (0.00)
		Histogram:
		[        0:        4) 1437 (100.0%) |**********************************************
		[        4:        8)    0 (  0.0%) |
		[        8:       12)    0 (  0.0%) |
		[       12:       16)    0 (  0.0%) |
		[       16:       20)    0 (  0.0%) |
		[       20:       24)    0 (  0.0%) |
		[       24:       28)    0 (  0.0%) |
		[       28:       32)    0 (  0.0%) |
		[       32:       36)    0 (  0.0%) |
		[       36:       40)    0 (  0.0%) |

Type: LAB
	Input Pin Usage:
		Max: 43.00 (0.47)
		Avg: 21.36 (0.23)
		Min: 1.00 (0.01)
		Histogram:
		[        0:      9.1)  38 (  7.9%) |******
		[      9.1:       18)  78 ( 16.1%) |************
		[       18:       27) 298 ( 61.6%) |***********************************************
		[       27:       36)  69 ( 14.3%) |***********
		[       36:       46)   1 (  0.2%) |
		[       46:       55)   0 (  0.0%) |
		[       55:       64)   0 (  0.0%) |
		[       64:       73)   0 (  0.0%) |
		[       73:       82)   0 (  0.0%) |
		[       82:       91)   0 (  0.0%) |
	Output Pin Usage:
		Max: 27.00 (0.64)
		Avg: 13.65 (0.33)
		Min: 1.00 (0.02)
		Histogram:
		[        0:      4.2)  37 (  7.6%) |********
		[      4.2:      8.4)   9 (  1.9%) |**
		[      8.4:       13) 115 ( 23.8%) |**************************
		[       13:       17) 211 ( 43.6%) |***********************************************
		[       17:       21)  86 ( 17.8%) |*******************
		[       21:       25)  21 (  4.3%) |*****
		[       25:       29)   5 (  1.0%) |*
		[       29:       34)   0 (  0.0%) |
		[       34:       38)   0 (  0.0%) |
		[       38:       42)   0 (  0.0%) |

