#Packing pin usage report
Type: io
	Input Pin Usage:
		Max: 1.00 (0.50)
		Avg: 0.46 (0.23)
		Min: 0.00 (0.00)
		Histogram:
		[        0:      0.2) 263 ( 53.9%) |***********************************************
		[      0.2:      0.4)   0 (  0.0%) |
		[      0.4:      0.6)   0 (  0.0%) |
		[      0.6:      0.8)   0 (  0.0%) |
		[      0.8:        1) 225 ( 46.1%) |****************************************
		[        1:      1.2)   0 (  0.0%) |
		[      1.2:      1.4)   0 (  0.0%) |
		[      1.4:      1.6)   0 (  0.0%) |
		[      1.6:      1.8)   0 (  0.0%) |
		[      1.8:        2)   0 (  0.0%) |
	Output Pin Usage:
		Max: 1.00 (1.00)
		Avg: 0.54 (0.54)
		Min: 0.00 (0.00)
		Histogram:
		[        0:      0.1) 225 ( 46.1%) |****************************************
		[      0.1:      0.2)   0 (  0.0%) |
		[      0.2:      0.3)   0 (  0.0%) |
		[      0.3:      0.4)   0 (  0.0%) |
		[      0.4:      0.5)   0 (  0.0%) |
		[      0.5:      0.6)   0 (  0.0%) |
		[      0.6:      0.7)   0 (  0.0%) |
		[      0.7:      0.8)   0 (  0.0%) |
		[      0.8:      0.9)   0 (  0.0%) |
		[      0.9:        1) 263 ( 53.9%) |***********************************************

Type: clb
	Input Pin Usage:
		Max: 33.00 (0.61)
		Avg: 16.36 (0.30)
		Min: 3.00 (0.06)
		Histogram:
		[        0:      5.4) 15 (  6.7%) |********
		[      5.4:       11) 10 (  4.4%) |******
		[       11:       16) 83 ( 36.9%) |**********************************************
		[       16:       22) 87 ( 38.7%) |************************************************
		[       22:       27) 25 ( 11.1%) |**************
		[       27:       32)  4 (  1.8%) |**
		[       32:       38)  1 (  0.4%) |*
		[       38:       43)  0 (  0.0%) |
		[       43:       49)  0 (  0.0%) |
		[       49:       54)  0 (  0.0%) |
	Output Pin Usage:
		Max: 14.00 (0.67)
		Avg: 6.69 (0.32)
		Min: 1.00 (0.05)
		Histogram:
		[        0:      2.1) 22 (  9.8%) |***************
		[      2.1:      4.2) 26 ( 11.6%) |******************
		[      4.2:      6.3) 54 ( 24.0%) |**************************************
		[      6.3:      8.4) 69 ( 30.7%) |************************************************
		[      8.4:       10) 30 ( 13.3%) |*********************
		[       10:       13) 19 (  8.4%) |*************
		[       13:       15)  5 (  2.2%) |***
		[       15:       17)  0 (  0.0%) |
		[       17:       19)  0 (  0.0%) |
		[       19:       21)  0 (  0.0%) |

