#Packing pin usage report
Type: io
	Input Pin Usage:
		Max: 1.00 (0.02)
		Avg: 0.30 (0.01)
		Min: 0.00 (0.00)
		Histogram:
		[        0:      5.5) 1885 (100.0%) |**********************************************
		[      5.5:       11)    0 (  0.0%) |
		[       11:       16)    0 (  0.0%) |
		[       16:       22)    0 (  0.0%) |
		[       22:       28)    0 (  0.0%) |
		[       28:       33)    0 (  0.0%) |
		[       33:       38)    0 (  0.0%) |
		[       38:       44)    0 (  0.0%) |
		[       44:       50)    0 (  0.0%) |
		[       50:       55)    0 (  0.0%) |
	Output Pin Usage:
		Max: 1.00 (0.03)
		Avg: 0.70 (0.02)
		Min: 0.00 (0.00)
		Histogram:
		[        0:        4) 1885 (100.0%) |**********************************************
		[        4:        8)    0 (  0.0%) |
		[        8:       12)    0 (  0.0%) |
		[       12:       16)    0 (  0.0%) |
		[       16:       20)    0 (  0.0%) |
		[       20:       24)    0 (  0.0%) |
		[       24:       28)    0 (  0.0%) |
		[       28:       32)    0 (  0.0%) |
		[       32:       36)    0 (  0.0%) |
		[       36:       40)    0 (  0.0%) |

Type: LAB
	Input Pin Usage:
		Max: 38.00 (0.42)
		Avg: 21.64 (0.24)
		Min: 1.00 (0.01)
		Histogram:
		[        0:      9.1)  56 (  7.7%) |*****
		[      9.1:       18)  90 ( 12.4%) |*********
		[       18:       27) 481 ( 66.3%) |***********************************************
		[       27:       36)  97 ( 13.4%) |*********
		[       36:       46)   1 (  0.1%) |
		[       46:       55)   0 (  0.0%) |
		[       55:       64)   0 (  0.0%) |
		[       64:       73)   0 (  0.0%) |
		[       73:       82)   0 (  0.0%) |
		[       82:       91)   0 (  0.0%) |
	Output Pin Usage:
		Max: 32.00 (0.76)
		Avg: 13.85 (0.33)
		Min: 1.00 (0.02)
		Histogram:
		[        0:      4.2)  52 (  7.2%) |********
		[      4.2:      8.4)  14 (  1.9%) |**
		[      8.4:       13) 174 ( 24.0%) |***************************
		[       13:       17) 303 ( 41.8%) |***********************************************
		[       17:       21) 148 ( 20.4%) |***********************
		[       21:       25)  21 (  2.9%) |***
		[       25:       29)  10 (  1.4%) |**
		[       29:       34)   3 (  0.4%) |
		[       34:       38)   0 (  0.0%) |
		[       38:       42)   0 (  0.0%) |

