#Packing pin usage report
Type: io
	Input Pin Usage:
		Max: 1.00 (0.50)
		Avg: 0.35 (0.18)
		Min: 0.00 (0.00)
		Histogram:
		[        0:      0.2) 845 ( 64.9%) |***********************************************
		[      0.2:      0.4)   0 (  0.0%) |
		[      0.4:      0.6)   0 (  0.0%) |
		[      0.6:      0.8)   0 (  0.0%) |
		[      0.8:        1) 458 ( 35.1%) |*************************
		[        1:      1.2)   0 (  0.0%) |
		[      1.2:      1.4)   0 (  0.0%) |
		[      1.4:      1.6)   0 (  0.0%) |
		[      1.6:      1.8)   0 (  0.0%) |
		[      1.8:        2)   0 (  0.0%) |
	Output Pin Usage:
		Max: 1.00 (1.00)
		Avg: 0.65 (0.65)
		Min: 0.00 (0.00)
		Histogram:
		[        0:      0.1) 458 ( 35.1%) |*************************
		[      0.1:      0.2)   0 (  0.0%) |
		[      0.2:      0.3)   0 (  0.0%) |
		[      0.3:      0.4)   0 (  0.0%) |
		[      0.4:      0.5)   0 (  0.0%) |
		[      0.5:      0.6)   0 (  0.0%) |
		[      0.6:      0.7)   0 (  0.0%) |
		[      0.7:      0.8)   0 (  0.0%) |
		[      0.8:      0.9)   0 (  0.0%) |
		[      0.9:        1) 845 ( 64.9%) |***********************************************

Type: clb
	Input Pin Usage:
		Max: 43.00 (0.80)
		Avg: 27.36 (0.51)
		Min: 3.00 (0.06)
		Histogram:
		[        0:      5.4)  8 (  3.7%) |*****
		[      5.4:       11)  5 (  2.3%) |***
		[       11:       16)  1 (  0.5%) |*
		[       16:       22)  7 (  3.2%) |****
		[       22:       27) 83 ( 37.9%) |************************************************
		[       27:       32) 71 ( 32.4%) |*****************************************
		[       32:       38) 33 ( 15.1%) |*******************
		[       38:       43) 11 (  5.0%) |******
		[       43:       49)  0 (  0.0%) |
		[       49:       54)  0 (  0.0%) |
	Output Pin Usage:
		Max: 19.00 (0.90)
		Avg: 11.00 (0.52)
		Min: 1.00 (0.05)
		Histogram:
		[        0:      2.1) 11 (  5.0%) |*********
		[      2.1:      4.2)  3 (  1.4%) |**
		[      4.2:      6.3)  3 (  1.4%) |**
		[      6.3:      8.4) 17 (  7.8%) |**************
		[      8.4:       10) 49 ( 22.4%) |****************************************
		[       10:       13) 59 ( 26.9%) |************************************************
		[       13:       15) 54 ( 24.7%) |********************************************
		[       15:       17) 19 (  8.7%) |***************
		[       17:       19)  3 (  1.4%) |**
		[       19:       21)  1 (  0.5%) |*

