#Packing pin usage report
Type: io
	Input Pin Usage:
		Max: 1.00 (0.02)
		Avg: 0.30 (0.01)
		Min: 0.00 (0.00)
		Histogram:
		[        0:      5.5) 1284 (100.0%) |**********************************************
		[      5.5:       11)    0 (  0.0%) |
		[       11:       16)    0 (  0.0%) |
		[       16:       22)    0 (  0.0%) |
		[       22:       28)    0 (  0.0%) |
		[       28:       33)    0 (  0.0%) |
		[       33:       38)    0 (  0.0%) |
		[       38:       44)    0 (  0.0%) |
		[       44:       50)    0 (  0.0%) |
		[       50:       55)    0 (  0.0%) |
	Output Pin Usage:
		Max: 1.00 (0.03)
		Avg: 0.70 (0.02)
		Min: 0.00 (0.00)
		Histogram:
		[        0:        4) 1284 (100.0%) |**********************************************
		[        4:        8)    0 (  0.0%) |
		[        8:       12)    0 (  0.0%) |
		[       12:       16)    0 (  0.0%) |
		[       16:       20)    0 (  0.0%) |
		[       20:       24)    0 (  0.0%) |
		[       24:       28)    0 (  0.0%) |
		[       28:       32)    0 (  0.0%) |
		[       32:       36)    0 (  0.0%) |
		[       36:       40)    0 (  0.0%) |

Type: LAB
	Input Pin Usage:
		Max: 38.00 (0.42)
		Avg: 20.17 (0.22)
		Min: 1.00 (0.01)
		Histogram:
		[        0:      9.1)  62 (  8.5%) |*******
		[      9.1:       18) 153 ( 20.9%) |****************
		[       18:       27) 444 ( 60.7%) |***********************************************
		[       27:       36)  71 (  9.7%) |********
		[       36:       46)   1 (  0.1%) |
		[       46:       55)   0 (  0.0%) |
		[       55:       64)   0 (  0.0%) |
		[       64:       73)   0 (  0.0%) |
		[       73:       82)   0 (  0.0%) |
		[       82:       91)   0 (  0.0%) |
	Output Pin Usage:
		Max: 32.00 (0.76)
		Avg: 12.82 (0.31)
		Min: 1.00 (0.02)
		Histogram:
		[        0:      4.2)  56 (  7.7%) |**********
		[      4.2:      8.4)  36 (  4.9%) |******
		[      8.4:       13) 226 ( 30.9%) |***************************************
		[       13:       17) 274 ( 37.5%) |***********************************************
		[       17:       21) 117 ( 16.0%) |********************
		[       21:       25)  15 (  2.1%) |***
		[       25:       29)   6 (  0.8%) |*
		[       29:       34)   1 (  0.1%) |
		[       34:       38)   0 (  0.0%) |
		[       38:       42)   0 (  0.0%) |

