#Packing pin usage report
Type: io
	Input Pin Usage:
		Max: 1.00 (0.50)
		Avg: 0.30 (0.15)
		Min: 0.00 (0.00)
		Histogram:
		[        0:      0.2) 918 ( 70.0%) |***********************************************
		[      0.2:      0.4)   0 (  0.0%) |
		[      0.4:      0.6)   0 (  0.0%) |
		[      0.6:      0.8)   0 (  0.0%) |
		[      0.8:        1) 393 ( 30.0%) |********************
		[        1:      1.2)   0 (  0.0%) |
		[      1.2:      1.4)   0 (  0.0%) |
		[      1.4:      1.6)   0 (  0.0%) |
		[      1.6:      1.8)   0 (  0.0%) |
		[      1.8:        2)   0 (  0.0%) |
	Output Pin Usage:
		Max: 1.00 (1.00)
		Avg: 0.70 (0.70)
		Min: 0.00 (0.00)
		Histogram:
		[        0:      0.1) 393 ( 30.0%) |********************
		[      0.1:      0.2)   0 (  0.0%) |
		[      0.2:      0.3)   0 (  0.0%) |
		[      0.3:      0.4)   0 (  0.0%) |
		[      0.4:      0.5)   0 (  0.0%) |
		[      0.5:      0.6)   0 (  0.0%) |
		[      0.6:      0.7)   0 (  0.0%) |
		[      0.7:      0.8)   0 (  0.0%) |
		[      0.8:      0.9)   0 (  0.0%) |
		[      0.9:        1) 918 ( 70.0%) |***********************************************

Type: clb
	Input Pin Usage:
		Max: 32.00 (0.59)
		Avg: 18.16 (0.34)
		Min: 1.00 (0.02)
		Histogram:
		[        0:      5.4)  36 (  6.5%) |*******
		[      5.4:       11)   6 (  1.1%) |*
		[       11:       16) 126 ( 22.6%) |************************
		[       16:       22) 244 ( 43.8%) |***********************************************
		[       22:       27) 133 ( 23.9%) |**************************
		[       27:       32)  12 (  2.2%) |**
		[       32:       38)   0 (  0.0%) |
		[       38:       43)   0 (  0.0%) |
		[       43:       49)   0 (  0.0%) |
		[       49:       54)   0 (  0.0%) |
	Output Pin Usage:
		Max: 20.00 (0.95)
		Avg: 11.09 (0.53)
		Min: 1.00 (0.05)
		Histogram:
		[        0:      2.1)  30 (  5.4%) |*********
		[      2.1:      4.2)   6 (  1.1%) |**
		[      4.2:      6.3)   8 (  1.4%) |**
		[      6.3:      8.4)  48 (  8.6%) |***************
		[      8.4:       10) 123 ( 22.1%) |**************************************
		[       10:       13) 154 ( 27.6%) |***********************************************
		[       13:       15) 109 ( 19.6%) |*********************************
		[       15:       17)  41 (  7.4%) |*************
		[       17:       19)  28 (  5.0%) |*********
		[       19:       21)  10 (  1.8%) |***

