#Packing pin usage report
Type: io
	Input Pin Usage:
		Max: 1.00 (0.50)
		Avg: 0.43 (0.21)
		Min: 0.00 (0.00)
		Histogram:
		[        0:      0.2) 413 ( 57.0%) |***********************************************
		[      0.2:      0.4)   0 (  0.0%) |
		[      0.4:      0.6)   0 (  0.0%) |
		[      0.6:      0.8)   0 (  0.0%) |
		[      0.8:        1) 311 ( 43.0%) |***********************************
		[        1:      1.2)   0 (  0.0%) |
		[      1.2:      1.4)   0 (  0.0%) |
		[      1.4:      1.6)   0 (  0.0%) |
		[      1.6:      1.8)   0 (  0.0%) |
		[      1.8:        2)   0 (  0.0%) |
	Output Pin Usage:
		Max: 1.00 (1.00)
		Avg: 0.57 (0.57)
		Min: 0.00 (0.00)
		Histogram:
		[        0:      0.1) 311 ( 43.0%) |***********************************
		[      0.1:      0.2)   0 (  0.0%) |
		[      0.2:      0.3)   0 (  0.0%) |
		[      0.3:      0.4)   0 (  0.0%) |
		[      0.4:      0.5)   0 (  0.0%) |
		[      0.5:      0.6)   0 (  0.0%) |
		[      0.6:      0.7)   0 (  0.0%) |
		[      0.7:      0.8)   0 (  0.0%) |
		[      0.8:      0.9)   0 (  0.0%) |
		[      0.9:        1) 413 ( 57.0%) |***********************************************

Type: clb
	Input Pin Usage:
		Max: 40.00 (0.74)
		Avg: 19.29 (0.36)
		Min: 3.00 (0.06)
		Histogram:
		[        0:      5.4) 25 ( 10.7%) |**************
		[      5.4:       11)  4 (  1.7%) |**
		[       11:       16) 25 ( 10.7%) |**************
		[       16:       22) 88 ( 37.8%) |************************************************
		[       22:       27) 71 ( 30.5%) |***************************************
		[       27:       32) 18 (  7.7%) |**********
		[       32:       38)  1 (  0.4%) |*
		[       38:       43)  1 (  0.4%) |*
		[       43:       49)  0 (  0.0%) |
		[       49:       54)  0 (  0.0%) |
	Output Pin Usage:
		Max: 16.00 (0.76)
		Avg: 7.82 (0.37)
		Min: 1.00 (0.05)
		Histogram:
		[        0:      2.1) 26 ( 11.2%) |*******************
		[      2.1:      4.2)  6 (  2.6%) |****
		[      4.2:      6.3) 30 ( 12.9%) |**********************
		[      6.3:      8.4) 66 ( 28.3%) |************************************************
		[      8.4:       10) 63 ( 27.0%) |**********************************************
		[       10:       13) 29 ( 12.4%) |*********************
		[       13:       15)  8 (  3.4%) |******
		[       15:       17)  5 (  2.1%) |****
		[       17:       19)  0 (  0.0%) |
		[       19:       21)  0 (  0.0%) |

