#Packing pin usage report
Type: io
	Input Pin Usage:
		Max: 1.00 (0.02)
		Avg: 0.30 (0.01)
		Min: 0.00 (0.00)
		Histogram:
		[        0:      5.5) 447 (100.0%) |***********************************************
		[      5.5:       11)   0 (  0.0%) |
		[       11:       16)   0 (  0.0%) |
		[       16:       22)   0 (  0.0%) |
		[       22:       28)   0 (  0.0%) |
		[       28:       33)   0 (  0.0%) |
		[       33:       38)   0 (  0.0%) |
		[       38:       44)   0 (  0.0%) |
		[       44:       50)   0 (  0.0%) |
		[       50:       55)   0 (  0.0%) |
	Output Pin Usage:
		Max: 1.00 (0.03)
		Avg: 0.70 (0.02)
		Min: 0.00 (0.00)
		Histogram:
		[        0:        4) 447 (100.0%) |***********************************************
		[        4:        8)   0 (  0.0%) |
		[        8:       12)   0 (  0.0%) |
		[       12:       16)   0 (  0.0%) |
		[       16:       20)   0 (  0.0%) |
		[       20:       24)   0 (  0.0%) |
		[       24:       28)   0 (  0.0%) |
		[       28:       32)   0 (  0.0%) |
		[       32:       36)   0 (  0.0%) |
		[       36:       40)   0 (  0.0%) |

Type: LAB
	Input Pin Usage:
		Max: 32.00 (0.35)
		Avg: 17.00 (0.19)
		Min: 1.00 (0.01)
		Histogram:
		[        0:      9.1)  75 ( 10.1%) |**********
		[      9.1:       18) 341 ( 46.0%) |***********************************************
		[       18:       27) 309 ( 41.7%) |*******************************************
		[       27:       36)  16 (  2.2%) |**
		[       36:       46)   0 (  0.0%) |
		[       46:       55)   0 (  0.0%) |
		[       55:       64)   0 (  0.0%) |
		[       64:       73)   0 (  0.0%) |
		[       73:       82)   0 (  0.0%) |
		[       82:       91)   0 (  0.0%) |
	Output Pin Usage:
		Max: 27.00 (0.64)
		Avg: 10.96 (0.26)
		Min: 1.00 (0.02)
		Histogram:
		[        0:      4.2)  70 (  9.4%) |***********
		[      4.2:      8.4) 119 ( 16.1%) |*******************
		[      8.4:       13) 287 ( 38.7%) |***********************************************
		[       13:       17) 196 ( 26.5%) |********************************
		[       17:       21)  55 (  7.4%) |*********
		[       21:       25)  11 (  1.5%) |**
		[       25:       29)   3 (  0.4%) |
		[       29:       34)   0 (  0.0%) |
		[       34:       38)   0 (  0.0%) |
		[       38:       42)   0 (  0.0%) |

