#Packing pin usage report
Type: io
	Input Pin Usage:
		Max: 1.00 (0.50)
		Avg: 0.32 (0.16)
		Min: 0.00 (0.00)
		Histogram:
		[        0:      0.2) 3860 ( 67.5%) |**********************************************
		[      0.2:      0.4)    0 (  0.0%) |
		[      0.4:      0.6)    0 (  0.0%) |
		[      0.6:      0.8)    0 (  0.0%) |
		[      0.8:        1) 1856 ( 32.5%) |**********************
		[        1:      1.2)    0 (  0.0%) |
		[      1.2:      1.4)    0 (  0.0%) |
		[      1.4:      1.6)    0 (  0.0%) |
		[      1.6:      1.8)    0 (  0.0%) |
		[      1.8:        2)    0 (  0.0%) |
	Output Pin Usage:
		Max: 1.00 (1.00)
		Avg: 0.68 (0.68)
		Min: 0.00 (0.00)
		Histogram:
		[        0:      0.1) 1856 ( 32.5%) |**********************
		[      0.1:      0.2)    0 (  0.0%) |
		[      0.2:      0.3)    0 (  0.0%) |
		[      0.3:      0.4)    0 (  0.0%) |
		[      0.4:      0.5)    0 (  0.0%) |
		[      0.5:      0.6)    0 (  0.0%) |
		[      0.6:      0.7)    0 (  0.0%) |
		[      0.7:      0.8)    0 (  0.0%) |
		[      0.8:      0.9)    0 (  0.0%) |
		[      0.9:        1) 3860 ( 67.5%) |**********************************************

Type: clb
	Input Pin Usage:
		Max: 35.00 (0.65)
		Avg: 21.10 (0.39)
		Min: 1.00 (0.02)
		Histogram:
		[        0:      5.4)  42 (  7.5%) |*********
		[      5.4:       11)   7 (  1.3%) |**
		[       11:       16)  32 (  5.7%) |*******
		[       16:       22) 180 ( 32.2%) |****************************************
		[       22:       27) 209 ( 37.4%) |***********************************************
		[       27:       32)  75 ( 13.4%) |*****************
		[       32:       38)  14 (  2.5%) |***
		[       38:       43)   0 (  0.0%) |
		[       43:       49)   0 (  0.0%) |
		[       49:       54)   0 (  0.0%) |
	Output Pin Usage:
		Max: 20.00 (0.95)
		Avg: 13.36 (0.64)
		Min: 1.00 (0.05)
		Histogram:
		[        0:      2.1)  39 (  7.0%) |*********
		[      2.1:      4.2)   6 (  1.1%) |*
		[      4.2:      6.3)   1 (  0.2%) |
		[      6.3:      8.4)   2 (  0.4%) |
		[      8.4:       10)  11 (  2.0%) |***
		[       10:       13)  73 ( 13.1%) |*****************
		[       13:       15) 200 ( 35.8%) |***********************************************
		[       15:       17) 137 ( 24.5%) |********************************
		[       17:       19)  65 ( 11.6%) |***************
		[       19:       21)  25 (  4.5%) |******

