#Packing pin usage report
Type: io
	Input Pin Usage:
		Max: 1.00 (0.50)
		Avg: 0.73 (0.36)
		Min: 0.00 (0.00)
		Histogram:
		[        0:      0.2) 102 ( 27.3%) |******************
		[      0.2:      0.4)   0 (  0.0%) |
		[      0.4:      0.6)   0 (  0.0%) |
		[      0.6:      0.8)   0 (  0.0%) |
		[      0.8:        1) 272 ( 72.7%) |***********************************************
		[        1:      1.2)   0 (  0.0%) |
		[      1.2:      1.4)   0 (  0.0%) |
		[      1.4:      1.6)   0 (  0.0%) |
		[      1.6:      1.8)   0 (  0.0%) |
		[      1.8:        2)   0 (  0.0%) |
	Output Pin Usage:
		Max: 1.00 (1.00)
		Avg: 0.27 (0.27)
		Min: 0.00 (0.00)
		Histogram:
		[        0:      0.1) 272 ( 72.7%) |***********************************************
		[      0.1:      0.2)   0 (  0.0%) |
		[      0.2:      0.3)   0 (  0.0%) |
		[      0.3:      0.4)   0 (  0.0%) |
		[      0.4:      0.5)   0 (  0.0%) |
		[      0.5:      0.6)   0 (  0.0%) |
		[      0.6:      0.7)   0 (  0.0%) |
		[      0.7:      0.8)   0 (  0.0%) |
		[      0.8:      0.9)   0 (  0.0%) |
		[      0.9:        1) 102 ( 27.3%) |******************

Type: clb
	Input Pin Usage:
		Max: 27.00 (0.50)
		Avg: 15.56 (0.29)
		Min: 1.00 (0.02)
		Histogram:
		[        0:      5.4)  16 (  6.5%) |*******
		[      5.4:       11)   8 (  3.2%) |***
		[       11:       16) 115 ( 46.4%) |***********************************************
		[       16:       22)  88 ( 35.5%) |************************************
		[       22:       27)  21 (  8.5%) |*********
		[       27:       32)   0 (  0.0%) |
		[       32:       38)   0 (  0.0%) |
		[       38:       43)   0 (  0.0%) |
		[       43:       49)   0 (  0.0%) |
		[       49:       54)   0 (  0.0%) |
	Output Pin Usage:
		Max: 18.00 (0.86)
		Avg: 10.95 (0.52)
		Min: 1.00 (0.05)
		Histogram:
		[        0:      2.1) 15 (  6.0%) |***********
		[      2.1:      4.2)  0 (  0.0%) |
		[      4.2:      6.3)  4 (  1.6%) |***
		[      6.3:      8.4) 24 (  9.7%) |*****************
		[      8.4:       10) 55 ( 22.2%) |****************************************
		[       10:       13) 66 ( 26.6%) |************************************************
		[       13:       15) 49 ( 19.8%) |************************************
		[       15:       17) 28 ( 11.3%) |********************
		[       17:       19)  7 (  2.8%) |*****
		[       19:       21)  0 (  0.0%) |

