#Packing pin usage report
Type: io
	Input Pin Usage:
		Max: 1.00 (0.02)
		Avg: 0.30 (0.01)
		Min: 0.00 (0.00)
		Histogram:
		[        0:      5.5) 2515 (100.0%) |**********************************************
		[      5.5:       11)    0 (  0.0%) |
		[       11:       16)    0 (  0.0%) |
		[       16:       22)    0 (  0.0%) |
		[       22:       28)    0 (  0.0%) |
		[       28:       33)    0 (  0.0%) |
		[       33:       38)    0 (  0.0%) |
		[       38:       44)    0 (  0.0%) |
		[       44:       50)    0 (  0.0%) |
		[       50:       55)    0 (  0.0%) |
	Output Pin Usage:
		Max: 1.00 (0.03)
		Avg: 0.70 (0.02)
		Min: 0.00 (0.00)
		Histogram:
		[        0:        4) 2515 (100.0%) |**********************************************
		[        4:        8)    0 (  0.0%) |
		[        8:       12)    0 (  0.0%) |
		[       12:       16)    0 (  0.0%) |
		[       16:       20)    0 (  0.0%) |
		[       20:       24)    0 (  0.0%) |
		[       24:       28)    0 (  0.0%) |
		[       28:       32)    0 (  0.0%) |
		[       32:       36)    0 (  0.0%) |
		[       36:       40)    0 (  0.0%) |

Type: LAB
	Input Pin Usage:
		Max: 40.00 (0.44)
		Avg: 22.54 (0.25)
		Min: 1.00 (0.01)
		Histogram:
		[        0:      9.1)  55 (  7.6%) |*****
		[      9.1:       18)  55 (  7.6%) |*****
		[       18:       27) 477 ( 65.9%) |***********************************************
		[       27:       36) 135 ( 18.6%) |*************
		[       36:       46)   2 (  0.3%) |
		[       46:       55)   0 (  0.0%) |
		[       55:       64)   0 (  0.0%) |
		[       64:       73)   0 (  0.0%) |
		[       73:       82)   0 (  0.0%) |
		[       82:       91)   0 (  0.0%) |
	Output Pin Usage:
		Max: 28.00 (0.67)
		Avg: 14.15 (0.34)
		Min: 1.00 (0.02)
		Histogram:
		[        0:      4.2)  49 (  6.8%) |********
		[      4.2:      8.4)  14 (  1.9%) |**
		[      8.4:       13) 150 ( 20.7%) |************************
		[       13:       17) 296 ( 40.9%) |***********************************************
		[       17:       21) 181 ( 25.0%) |*****************************
		[       21:       25)  29 (  4.0%) |*****
		[       25:       29)   5 (  0.7%) |*
		[       29:       34)   0 (  0.0%) |
		[       34:       38)   0 (  0.0%) |
		[       38:       42)   0 (  0.0%) |

