#Packing pin usage report
Type: io
	Input Pin Usage:
		Max: 1.00 (0.02)
		Avg: 0.30 (0.01)
		Min: 0.00 (0.00)
		Histogram:
		[        0:      5.5) 435 (100.0%) |***********************************************
		[      5.5:       11)   0 (  0.0%) |
		[       11:       16)   0 (  0.0%) |
		[       16:       22)   0 (  0.0%) |
		[       22:       28)   0 (  0.0%) |
		[       28:       33)   0 (  0.0%) |
		[       33:       38)   0 (  0.0%) |
		[       38:       44)   0 (  0.0%) |
		[       44:       50)   0 (  0.0%) |
		[       50:       55)   0 (  0.0%) |
	Output Pin Usage:
		Max: 1.00 (0.03)
		Avg: 0.70 (0.02)
		Min: 0.00 (0.00)
		Histogram:
		[        0:        4) 435 (100.0%) |***********************************************
		[        4:        8)   0 (  0.0%) |
		[        8:       12)   0 (  0.0%) |
		[       12:       16)   0 (  0.0%) |
		[       16:       20)   0 (  0.0%) |
		[       20:       24)   0 (  0.0%) |
		[       24:       28)   0 (  0.0%) |
		[       28:       32)   0 (  0.0%) |
		[       32:       36)   0 (  0.0%) |
		[       36:       40)   0 (  0.0%) |

Type: LAB
	Input Pin Usage:
		Max: 32.00 (0.35)
		Avg: 17.80 (0.20)
		Min: 1.00 (0.01)
		Histogram:
		[        0:      9.1)  36 (  7.5%) |********
		[      9.1:       18) 220 ( 45.8%) |***********************************************
		[       18:       27) 209 ( 43.5%) |*********************************************
		[       27:       36)  15 (  3.1%) |***
		[       36:       46)   0 (  0.0%) |
		[       46:       55)   0 (  0.0%) |
		[       55:       64)   0 (  0.0%) |
		[       64:       73)   0 (  0.0%) |
		[       73:       82)   0 (  0.0%) |
		[       82:       91)   0 (  0.0%) |
	Output Pin Usage:
		Max: 26.00 (0.62)
		Avg: 11.45 (0.27)
		Min: 1.00 (0.02)
		Histogram:
		[        0:      4.2)  29 (  6.0%) |*******
		[      4.2:      8.4)  73 ( 15.2%) |******************
		[      8.4:       13) 186 ( 38.8%) |***********************************************
		[       13:       17) 143 ( 29.8%) |************************************
		[       17:       21)  44 (  9.2%) |***********
		[       21:       25)   4 (  0.8%) |*
		[       25:       29)   1 (  0.2%) |
		[       29:       34)   0 (  0.0%) |
		[       34:       38)   0 (  0.0%) |
		[       38:       42)   0 (  0.0%) |

