#Packing pin usage report
Type: io
	Input Pin Usage:
		Max: 1.00 (0.50)
		Avg: 0.30 (0.15)
		Min: 0.00 (0.00)
		Histogram:
		[        0:      0.2) 3031 ( 70.0%) |**********************************************
		[      0.2:      0.4)    0 (  0.0%) |
		[      0.4:      0.6)    0 (  0.0%) |
		[      0.6:      0.8)    0 (  0.0%) |
		[      0.8:        1) 1299 ( 30.0%) |********************
		[        1:      1.2)    0 (  0.0%) |
		[      1.2:      1.4)    0 (  0.0%) |
		[      1.4:      1.6)    0 (  0.0%) |
		[      1.6:      1.8)    0 (  0.0%) |
		[      1.8:        2)    0 (  0.0%) |
	Output Pin Usage:
		Max: 1.00 (1.00)
		Avg: 0.70 (0.70)
		Min: 0.00 (0.00)
		Histogram:
		[        0:      0.1) 1299 ( 30.0%) |********************
		[      0.1:      0.2)    0 (  0.0%) |
		[      0.2:      0.3)    0 (  0.0%) |
		[      0.3:      0.4)    0 (  0.0%) |
		[      0.4:      0.5)    0 (  0.0%) |
		[      0.5:      0.6)    0 (  0.0%) |
		[      0.6:      0.7)    0 (  0.0%) |
		[      0.7:      0.8)    0 (  0.0%) |
		[      0.8:      0.9)    0 (  0.0%) |
		[      0.9:        1) 3031 ( 70.0%) |**********************************************

Type: clb
	Input Pin Usage:
		Max: 42.00 (0.78)
		Avg: 34.33 (0.64)
		Min: 3.00 (0.06)
		Histogram:
		[        0:      5.4)  25 ( 10.5%) |********
		[      5.4:       11)   2 (  0.8%) |*
		[       11:       16)   4 (  1.7%) |*
		[       16:       22)   0 (  0.0%) |
		[       22:       27)   1 (  0.4%) |
		[       27:       32)   2 (  0.8%) |*
		[       32:       38)  49 ( 20.7%) |***************
		[       38:       43) 154 ( 65.0%) |***********************************************
		[       43:       49)   0 (  0.0%) |
		[       49:       54)   0 (  0.0%) |
	Output Pin Usage:
		Max: 20.00 (0.95)
		Avg: 13.28 (0.63)
		Min: 1.00 (0.05)
		Histogram:
		[        0:      2.1) 26 ( 11.0%) |********************
		[      2.1:      4.2)  4 (  1.7%) |***
		[      4.2:      6.3)  1 (  0.4%) |*
		[      6.3:      8.4)  0 (  0.0%) |
		[      8.4:       10)  4 (  1.7%) |***
		[       10:       13) 26 ( 11.0%) |********************
		[       13:       15) 54 ( 22.8%) |*****************************************
		[       15:       17) 63 ( 26.6%) |************************************************
		[       17:       19) 52 ( 21.9%) |****************************************
		[       19:       21)  7 (  3.0%) |*****

