#Packing pin usage report
Type: io
	Input Pin Usage:
		Max: 1.00 (0.02)
		Avg: 0.30 (0.01)
		Min: 0.00 (0.00)
		Histogram:
		[        0:      5.5) 158 (100.0%) |***********************************************
		[      5.5:       11)   0 (  0.0%) |
		[       11:       16)   0 (  0.0%) |
		[       16:       22)   0 (  0.0%) |
		[       22:       28)   0 (  0.0%) |
		[       28:       33)   0 (  0.0%) |
		[       33:       38)   0 (  0.0%) |
		[       38:       44)   0 (  0.0%) |
		[       44:       50)   0 (  0.0%) |
		[       50:       55)   0 (  0.0%) |
	Output Pin Usage:
		Max: 1.00 (0.03)
		Avg: 0.70 (0.02)
		Min: 0.00 (0.00)
		Histogram:
		[        0:        4) 158 (100.0%) |***********************************************
		[        4:        8)   0 (  0.0%) |
		[        8:       12)   0 (  0.0%) |
		[       12:       16)   0 (  0.0%) |
		[       16:       20)   0 (  0.0%) |
		[       20:       24)   0 (  0.0%) |
		[       24:       28)   0 (  0.0%) |
		[       28:       32)   0 (  0.0%) |
		[       32:       36)   0 (  0.0%) |
		[       36:       40)   0 (  0.0%) |

Type: LAB
	Input Pin Usage:
		Max: 29.00 (0.32)
		Avg: 13.95 (0.15)
		Min: 1.00 (0.01)
		Histogram:
		[        0:      9.1) 175 ( 17.4%) |*************
		[      9.1:       18) 639 ( 63.6%) |***********************************************
		[       18:       27) 188 ( 18.7%) |**************
		[       27:       36)   2 (  0.2%) |
		[       36:       46)   0 (  0.0%) |
		[       46:       55)   0 (  0.0%) |
		[       55:       64)   0 (  0.0%) |
		[       64:       73)   0 (  0.0%) |
		[       73:       82)   0 (  0.0%) |
		[       82:       91)   0 (  0.0%) |
	Output Pin Usage:
		Max: 27.00 (0.64)
		Avg: 9.28 (0.22)
		Min: 0.00 (0.00)
		Histogram:
		[        0:      4.2) 135 ( 13.4%) |****************
		[      4.2:      8.4) 280 ( 27.9%) |**********************************
		[      8.4:       13) 392 ( 39.0%) |***********************************************
		[       13:       17) 148 ( 14.7%) |******************
		[       17:       21)  41 (  4.1%) |*****
		[       21:       25)   6 (  0.6%) |*
		[       25:       29)   2 (  0.2%) |
		[       29:       34)   0 (  0.0%) |
		[       34:       38)   0 (  0.0%) |
		[       38:       42)   0 (  0.0%) |

