#Packing pin usage report
Type: io
	Input Pin Usage:
		Max: 1.00 (0.02)
		Avg: 0.30 (0.01)
		Min: 0.00 (0.00)
		Histogram:
		[        0:      5.5) 1698 (100.0%) |**********************************************
		[      5.5:       11)    0 (  0.0%) |
		[       11:       16)    0 (  0.0%) |
		[       16:       22)    0 (  0.0%) |
		[       22:       28)    0 (  0.0%) |
		[       28:       33)    0 (  0.0%) |
		[       33:       38)    0 (  0.0%) |
		[       38:       44)    0 (  0.0%) |
		[       44:       50)    0 (  0.0%) |
		[       50:       55)    0 (  0.0%) |
	Output Pin Usage:
		Max: 1.00 (0.03)
		Avg: 0.70 (0.02)
		Min: 0.00 (0.00)
		Histogram:
		[        0:        4) 1698 (100.0%) |**********************************************
		[        4:        8)    0 (  0.0%) |
		[        8:       12)    0 (  0.0%) |
		[       12:       16)    0 (  0.0%) |
		[       16:       20)    0 (  0.0%) |
		[       20:       24)    0 (  0.0%) |
		[       24:       28)    0 (  0.0%) |
		[       28:       32)    0 (  0.0%) |
		[       32:       36)    0 (  0.0%) |
		[       36:       40)    0 (  0.0%) |

Type: LAB
	Input Pin Usage:
		Max: 39.00 (0.43)
		Avg: 20.63 (0.23)
		Min: 1.00 (0.01)
		Histogram:
		[        0:      9.1)  81 (  8.3%) |******
		[      9.1:       18) 167 ( 17.1%) |*************
		[       18:       27) 625 ( 64.1%) |***********************************************
		[       27:       36) 101 ( 10.4%) |********
		[       36:       46)   1 (  0.1%) |
		[       46:       55)   0 (  0.0%) |
		[       55:       64)   0 (  0.0%) |
		[       64:       73)   0 (  0.0%) |
		[       73:       82)   0 (  0.0%) |
		[       82:       91)   0 (  0.0%) |
	Output Pin Usage:
		Max: 28.00 (0.67)
		Avg: 13.16 (0.31)
		Min: 1.00 (0.02)
		Histogram:
		[        0:      4.2)  80 (  8.2%) |***********
		[      4.2:      8.4)  22 (  2.3%) |***
		[      8.4:       13) 302 ( 31.0%) |*****************************************
		[       13:       17) 350 ( 35.9%) |***********************************************
		[       17:       21) 184 ( 18.9%) |*************************
		[       21:       25)  29 (  3.0%) |****
		[       25:       29)   8 (  0.8%) |*
		[       29:       34)   0 (  0.0%) |
		[       34:       38)   0 (  0.0%) |
		[       38:       42)   0 (  0.0%) |

