#Packing pin usage report
Type: io
	Input Pin Usage:
		Max: 1.00 (0.50)
		Avg: 0.47 (0.23)
		Min: 0.00 (0.00)
		Histogram:
		[        0:      0.2) 620 ( 53.3%) |***********************************************
		[      0.2:      0.4)   0 (  0.0%) |
		[      0.4:      0.6)   0 (  0.0%) |
		[      0.6:      0.8)   0 (  0.0%) |
		[      0.8:        1) 543 ( 46.7%) |*****************************************
		[        1:      1.2)   0 (  0.0%) |
		[      1.2:      1.4)   0 (  0.0%) |
		[      1.4:      1.6)   0 (  0.0%) |
		[      1.6:      1.8)   0 (  0.0%) |
		[      1.8:        2)   0 (  0.0%) |
	Output Pin Usage:
		Max: 1.00 (1.00)
		Avg: 0.53 (0.53)
		Min: 0.00 (0.00)
		Histogram:
		[        0:      0.1) 543 ( 46.7%) |*****************************************
		[      0.1:      0.2)   0 (  0.0%) |
		[      0.2:      0.3)   0 (  0.0%) |
		[      0.3:      0.4)   0 (  0.0%) |
		[      0.4:      0.5)   0 (  0.0%) |
		[      0.5:      0.6)   0 (  0.0%) |
		[      0.6:      0.7)   0 (  0.0%) |
		[      0.7:      0.8)   0 (  0.0%) |
		[      0.8:      0.9)   0 (  0.0%) |
		[      0.9:        1) 620 ( 53.3%) |***********************************************

Type: clb
	Input Pin Usage:
		Max: 29.00 (0.54)
		Avg: 20.56 (0.38)
		Min: 1.00 (0.02)
		Histogram:
		[        0:      5.4)  11 (  4.5%) |*****
		[      5.4:       11)   6 (  2.4%) |**
		[       11:       16)  24 (  9.8%) |**********
		[       16:       22)  83 ( 33.7%) |***********************************
		[       22:       27) 113 ( 45.9%) |***********************************************
		[       27:       32)   9 (  3.7%) |****
		[       32:       38)   0 (  0.0%) |
		[       38:       43)   0 (  0.0%) |
		[       43:       49)   0 (  0.0%) |
		[       49:       54)   0 (  0.0%) |
	Output Pin Usage:
		Max: 20.00 (0.95)
		Avg: 13.90 (0.66)
		Min: 1.00 (0.05)
		Histogram:
		[        0:      2.1)  4 (  1.6%) |***
		[      2.1:      4.2)  7 (  2.8%) |****
		[      4.2:      6.3)  1 (  0.4%) |*
		[      6.3:      8.4)  3 (  1.2%) |**
		[      8.4:       10)  9 (  3.7%) |******
		[       10:       13) 34 ( 13.8%) |*********************
		[       13:       15) 66 ( 26.8%) |******************************************
		[       15:       17) 76 ( 30.9%) |************************************************
		[       17:       19) 39 ( 15.9%) |*************************
		[       19:       21)  7 (  2.8%) |****

