#Packing pin usage report
Type: io
	Input Pin Usage:
		Max: 1.00 (0.50)
		Avg: 0.29 (0.15)
		Min: 0.00 (0.00)
		Histogram:
		[        0:      0.2) 41 ( 70.7%) |************************************************
		[      0.2:      0.4)  0 (  0.0%) |
		[      0.4:      0.6)  0 (  0.0%) |
		[      0.6:      0.8)  0 (  0.0%) |
		[      0.8:        1) 17 ( 29.3%) |********************
		[        1:      1.2)  0 (  0.0%) |
		[      1.2:      1.4)  0 (  0.0%) |
		[      1.4:      1.6)  0 (  0.0%) |
		[      1.6:      1.8)  0 (  0.0%) |
		[      1.8:        2)  0 (  0.0%) |
	Output Pin Usage:
		Max: 1.00 (1.00)
		Avg: 0.71 (0.71)
		Min: 0.00 (0.00)
		Histogram:
		[        0:      0.1) 17 ( 29.3%) |********************
		[      0.1:      0.2)  0 (  0.0%) |
		[      0.2:      0.3)  0 (  0.0%) |
		[      0.3:      0.4)  0 (  0.0%) |
		[      0.4:      0.5)  0 (  0.0%) |
		[      0.5:      0.6)  0 (  0.0%) |
		[      0.6:      0.7)  0 (  0.0%) |
		[      0.7:      0.8)  0 (  0.0%) |
		[      0.8:      0.9)  0 (  0.0%) |
		[      0.9:        1) 41 ( 70.7%) |************************************************

Type: clb
	Input Pin Usage:
		Max: 25.00 (0.46)
		Avg: 10.57 (0.20)
		Min: 1.00 (0.02)
		Histogram:
		[        0:      5.4)  70 ( 12.2%) |*************
		[      5.4:       11) 203 ( 35.4%) |**************************************
		[       11:       16) 252 ( 43.9%) |***********************************************
		[       16:       22)  45 (  7.8%) |********
		[       22:       27)   4 (  0.7%) |*
		[       27:       32)   0 (  0.0%) |
		[       32:       38)   0 (  0.0%) |
		[       38:       43)   0 (  0.0%) |
		[       43:       49)   0 (  0.0%) |
		[       49:       54)   0 (  0.0%) |
	Output Pin Usage:
		Max: 17.00 (0.81)
		Avg: 6.52 (0.31)
		Min: 1.00 (0.05)
		Histogram:
		[        0:      2.1)  55 (  9.6%) |****************
		[      2.1:      4.2)  91 ( 15.9%) |**************************
		[      4.2:      6.3) 164 ( 28.6%) |***********************************************
		[      6.3:      8.4) 126 ( 22.0%) |************************************
		[      8.4:       10)  76 ( 13.2%) |**********************
		[       10:       13)  35 (  6.1%) |**********
		[       13:       15)  16 (  2.8%) |*****
		[       15:       17)  10 (  1.7%) |***
		[       17:       19)   1 (  0.2%) |
		[       19:       21)   0 (  0.0%) |

