VPR FPGA Placement and Routing.
Version: 8.1.0-dev+unkown
Revision: unkown
Compiled: 2023-11-16T17:20:44
Compiler: GNU 11.4.0 on Linux-6.2.0-36-generic x86_64
Build Info: release IPO VTR_ASSERT_LEVEL=2

University of Toronto
verilogtorouting.org
vtr-users@googlegroups.com
This is free open source code under MIT license.

VPR was run with the following command-line:
/home/xiaokewan/Software/vtr-verilog-to-routing-master/vpr/vpr /home/xiaokewan/Software/vtr-verilog-to-routing-master/vtr_flow/arch/timing/EArch.xml ../../rent_exp_0.32.blif


Architecture file: /home/xiaokewan/Software/vtr-verilog-to-routing-master/vtr_flow/arch/timing/EArch.xml
Circuit name: rent_exp_0.32

# Loading Architecture Description
# Loading Architecture Description took 0.00 seconds (max_rss 17.2 MiB, delta_rss +2.1 MiB)

Timing analysis: ON
Circuit netlist file: rent_exp_0.32.net
Circuit placement file: rent_exp_0.32.place
Circuit routing file: rent_exp_0.32.route
Circuit SDC file: rent_exp_0.32.sdc
Vpr floorplanning constraints file: not specified

Packer: ENABLED
Placer: ENABLED
Router: ENABLED
Analysis: ENABLED

VPR was run with the following options:

NetlistOpts.abosrb_buffer_luts            : true
NetlistOpts.sweep_dangling_primary_ios    : true
NetlistOpts.sweep_dangling_nets           : true
NetlistOpts.sweep_dangling_blocks         : true
NetlistOpts.sweep_constant_primary_outputs: false
NetlistOpts.netlist_verbosity             : 1
NetlistOpts.const_gen_inference           : COMB_SEQ

PackerOpts.allow_unrelated_clustering: auto
PackerOpts.alpha_clustering: 0.750000
PackerOpts.beta_clustering: 0.900000
PackerOpts.cluster_seed_type: BLEND2
PackerOpts.connection_driven: true
PackerOpts.global_clocks: true
PackerOpts.hill_climbing_flag: false
PackerOpts.inter_cluster_net_delay: 1.000000
PackerOpts.timing_driven: true
PackerOpts.target_external_pin_util: auto

PlacerOpts.place_freq: PLACE_ONCE
PlacerOpts.place_algorithm: CRITICALITY_TIMING_PLACE
PlacerOpts.pad_loc_type: FREE
PlacerOpts.constraints_file: No constraints file given
PlacerOpts.place_cost_exp: 1.000000
PlacerOpts.place_chan_width: 100
PlacerOpts.inner_loop_recompute_divider: 0
PlacerOpts.recompute_crit_iter: 1
PlacerOpts.timing_tradeoff: 0.500000
PlacerOpts.td_place_exp_first: 1.000000
PlacerOpts.td_place_exp_last: 8.000000
PlacerOpts.delay_offset: 0.000000
PlacerOpts.delay_ramp_delta_threshold: -1
PlacerOpts.delay_ramp_slope: 0.000000
PlacerOpts.tsu_rel_margin: 1.000000
PlacerOpts.tsu_abs_margin: 0.000000
PlacerOpts.post_place_timing_report_file: 
PlacerOpts.allowed_tiles_for_delay_model: 
PlacerOpts.delay_model_reducer: MIN
PlacerOpts.delay_model_type: DELTA
PlacerOpts.rlim_escape_fraction: 0.000000
PlacerOpts.move_stats_file: 
PlacerOpts.placement_saves_per_temperature: 0
PlacerOpts.effort_scaling: CIRCUIT
PlacerOpts.place_delta_delay_matrix_calculation_method: ASTAR_ROUTE
PlaceOpts.seed: 1
AnnealSched.type: AUTO_SCHED
AnnealSched.inner_num: 0.500000

RouterOpts.route_type: DETAILED
RouterOpts.flat_routing: false
RouterOpts.has_choking_spot: false
RouterOpts.router_algorithm: TIMING_DRIVEN
RouterOpts.base_cost_type: DELAY_NORMALIZED_LENGTH
RouterOpts.fixed_channel_width: NO_FIXED_CHANNEL_WIDTH
RouterOpts.check_route: FULL
RouterOpts.acc_fac: 1.000000
RouterOpts.bb_factor: 3
RouterOpts.bend_cost: 0.000000
RouterOpts.first_iter_pres_fac: 0.000000
RouterOpts.initial_pres_fac: 0.500000
RouterOpts.pres_fac_mult: 1.300000
RouterOpts.max_router_iterations: 50
RouterOpts.min_incremental_reroute_fanout: 16
RouterOpts.do_check_rr_graph: true
RouterOpts.verify_binary_search: false
RouterOpts.min_channel_width_hint: 0
RouterOpts.read_rr_edge_metadata: false
RouterOpts.exit_after_first_routing_iteration: false
RouterOpts.astar_fac: 1.200000
RouterOpts.router_profiler_astar_fac: 1.200000
RouterOpts.criticality_exp: 1.000000
RouterOpts.max_criticality: 0.990000
RouterOpts.init_wirelength_abort_threshold: 0.850000
RouterOpts.save_routing_per_iteration: false
RouterOpts.congested_routing_iteration_threshold_frac: 1.000000
RouterOpts.high_fanout_threshold: 64
RouterOpts.router_debug_net: -2
RouterOpts.router_debug_sink_rr: -2
RouterOpts.router_debug_iteration: -2
RouterOpts.max_convergence_count: 1
RouterOpts.reconvergence_cpd_threshold: 0.990000
RouterOpts.update_lower_bound_delays: true
RouterOpts.first_iteration_timing_report_file: 
RouterOpts.incr_reroute_delay_ripup: AUTO
RouterOpts.route_bb_update: DYNAMIC
RouterOpts.lookahead_type: MAP
RouterOpts.initial_timing: LOOKAHEAD
RouterOpts.router_heap: BINARY_HEAP
RouterOpts.routing_failure_predictor = SAFE
RouterOpts.routing_budgets_algorithm = DISABLE

AnalysisOpts.gen_post_synthesis_netlist: false
AnalysisOpts.timing_report_npaths: 100
AnalysisOpts.timing_report_skew: false
AnalysisOpts.echo_dot_timing_graph_node: -1
AnalysisOpts.timing_report_detail: NETLIST
AnalysisOpts.post_synth_netlist_unconn_input_handling: UNCONNECTED
AnalysisOpts.post_synth_netlist_unconn_output_handling: UNCONNECTED

# Building complex block graph
Warning 1: io[0].clock[0] unconnected pin in architecture.
# Building complex block graph took 0.01 seconds (max_rss 24.9 MiB, delta_rss +7.5 MiB)
Circuit file: ../../rent_exp_0.32.blif
# Load circuit
# Load circuit took 0.03 seconds (max_rss 41.2 MiB, delta_rss +16.2 MiB)
# Clean circuit
Absorbed 0 LUT buffers
Inferred    0 additional primitive pins as constant generators since they have no combinationally connected inputs
Inferred    0 additional primitive pins as constant generators due to constant inputs
Swept input(s)      : 0
Swept output(s)     : 0 (0 dangling, 0 constant)
Swept net(s)        : 0
Swept block(s)      : 0
Constant Pins Marked: 0
# Clean circuit took 0.00 seconds (max_rss 41.2 MiB, delta_rss +0.0 MiB)
# Compress circuit
# Compress circuit took 0.01 seconds (max_rss 41.2 MiB, delta_rss +0.0 MiB)
# Verify circuit
# Verify circuit took 0.00 seconds (max_rss 41.2 MiB, delta_rss +0.0 MiB)
Circuit Statistics:
  Blocks: 10460
    .input :      41
    .latch :    1402
    .output:      17
    6-LUT  :    9000
  Nets  : 10443
    Avg Fanout:     2.1
    Max Fanout:  1402.0
    Min Fanout:     1.0
  Netlist Clocks: 1
# Build Timing Graph
  Timing Graph Nodes: 32264
  Timing Graph Edges: 43625
  Timing Graph Levels: 84
# Build Timing Graph took 0.01 seconds (max_rss 44.2 MiB, delta_rss +2.6 MiB)
Netlist contains 1 clocks
  Netlist Clock 'pclk' Fanout: 1402 pins (4.3%), 1402 blocks (13.4%)
# Load Timing Constraints

SDC file 'rent_exp_0.32.sdc' not found
Setting default timing constraints:
   * constrain all primay inputs and primary outputs on netlist clock 'pclk'
   * optimize netlist clock to run as fast as possible
Timing constraints created 1 clocks
  Constrained Clock 'pclk' Source: 'pclk.inpad[0]'

# Load Timing Constraints took 0.00 seconds (max_rss 44.2 MiB, delta_rss +0.0 MiB)
# Packing
Begin packing '../../rent_exp_0.32.blif'.

After removing unused inputs...
	total blocks: 10460, total nets: 10443, total inputs: 41, total outputs: 17
Begin prepacking.

There is one chain in this architecture called "chain" with the following starting points:
	clb[0]/fle[0]/lut5inter[0]/ble5[0]/arithmetic[0]/adder[0].cin[0]

0 attraction groups were created during prepacking.
Finish prepacking.
Using inter-cluster delay: 1.33777e-09
Packing with pin utilization targets: io:1,1 clb:0.8,1 mult_36:1,1 memory:1,1
Packing with high fanout thresholds: io:128 clb:32 mult_36:128 memory:128
Starting Clustering - Clustering Progress: 
-------------------   --------------------------   ---------
Molecules processed   Number of clusters created   FPGA size
-------------------   --------------------------   ---------
   402/10053     3%                           21     8 x 8     
   804/10053     7%                           41    10 x 10    
  1206/10053    11%                           61    11 x 11    
  1608/10053    15%                           81    13 x 13    
  2010/10053    19%                          101    14 x 14    
  2412/10053    23%                          121    15 x 15    
  2814/10053    27%                          141    17 x 17    
  3216/10053    31%                          161    17 x 17    
  3618/10053    35%                          181    18 x 18    
  4020/10053    39%                          201    19 x 19    
  4422/10053    43%                          222    20 x 20    
  4824/10053    47%                          242    21 x 21    
  5226/10053    51%                          262    21 x 21    
  5628/10053    55%                          282    22 x 22    
  6030/10053    59%                          303    23 x 23    
  6432/10053    63%                          323    23 x 23    
  6834/10053    67%                          343    24 x 24    
  7236/10053    71%                          363    25 x 25    
  7638/10053    75%                          383    25 x 25    
  8040/10053    79%                          403    26 x 26    
  8442/10053    83%                          424    26 x 26    
  8844/10053    87%                          445    27 x 27    
  9246/10053    91%                          470    27 x 27    
  9648/10053    95%                          499    29 x 29    
 10050/10053    99%                          628    30 x 30    

Logic Element (fle) detailed count:
  Total number of Logic Elements used : 5032
  LEs used for logic and registers    : 1136
  LEs used for logic only             : 3753
  LEs used for registers only         : 143

Incr Slack updates 1 in 0.000250801 sec
Full Max Req/Worst Slack updates 1 in 1.4377e-05 sec
Incr Max Req/Worst Slack updates 0 in 0 sec
Incr Criticality updates 0 in 0 sec
Full Criticality updates 1 in 0.000421091 sec
FPGA sized to 30 x 30 (auto)
Device Utilization: 0.65 (target 1.00)
	Block Utilization: 0.06 Type: io
	Block Utilization: 0.98 Type: clb

Start the iterative improvement process
the iterative improvement process is done
Final Clustering Statistics: 
----------   --------   ------------------------------------   --------------------------
Block Type   # Blocks   Avg. # of input clocks and pins used   Avg. # of output pins used
----------   --------   ------------------------------------   --------------------------
     EMPTY          0                                      0                            0   
        io         58                               0.293103                     0.706897   
       clb        574                                10.5749                      6.51568   
   mult_36          0                                      0                            0   
    memory          0                                      0                            0   
Absorbed logical nets 6662 out of 10443 nets, 3781 nets not absorbed.

Netlist conversion complete.

# Packing took 3.86 seconds (max_rss 109.4 MiB, delta_rss +65.3 MiB)
# Load packing
Begin loading packed FPGA netlist file.
Netlist generated from file 'rent_exp_0.32.net'.
Detected 0 constant generators (to see names run with higher pack verbosity)
Finished loading packed FPGA netlist file (took 0.385804 seconds).
Warning 2: Treated 0 constant nets as global which will not be routed (to see net names increase packer verbosity).
# Load packing took 0.40 seconds (max_rss 146.0 MiB, delta_rss +36.5 MiB)
Warning 3: Netlist contains 0 global net to non-global architecture pin connections

Pb types usage...
  io              : 58
   inpad          : 41
   outpad         : 17
  clb             : 574
   fle            : 5032
    lut5inter     : 5032
     ble5         : 9995
      flut5       : 9995
       lut5       : 9000
        lut       : 9000
       ff         : 1402

# Create Device
## Build Device Grid
FPGA sized to 30 x 30: 900 grid tiles (auto)

Resource usage...
	Netlist
		58	blocks of type: io
	Architecture
		896	blocks of type: io
	Netlist
		574	blocks of type: clb
	Architecture
		588	blocks of type: clb
	Netlist
		0	blocks of type: mult_36
	Architecture
		21	blocks of type: mult_36
	Netlist
		0	blocks of type: memory
	Architecture
		16	blocks of type: memory

Device Utilization: 0.65 (target 1.00)
	Physical Tile io:
	Block Utilization: 0.06 Logical Block: io
	Physical Tile clb:
	Block Utilization: 0.98 Logical Block: clb
	Physical Tile mult_36:
	Block Utilization: 0.00 Logical Block: mult_36
	Physical Tile memory:
	Block Utilization: 0.00 Logical Block: memory

FPGA size limited by block type(s): clb

## Build Device Grid took 0.00 seconds (max_rss 146.0 MiB, delta_rss +0.0 MiB)
## Build routing resource graph
SOURCE->OPIN and IPIN->SINK edge count:52388
OPIN->CHANX/CHANY edge count before creating direct connections: 151920
OPIN->CHANX/CHANY edge count after creating direct connections: 152487
CHAN->CHAN type edge count:836816
## Build routing resource graph took 0.32 seconds (max_rss 146.0 MiB, delta_rss +0.0 MiB)
  RR Graph Nodes: 121500
  RR Graph Edges: 1041691
# Create Device took 0.33 seconds (max_rss 146.0 MiB, delta_rss +0.0 MiB)

# Computing router lookahead map
## Computing wire lookahead
## Computing wire lookahead took 0.89 seconds (max_rss 146.0 MiB, delta_rss +0.0 MiB)
## Computing src/opin lookahead
## Computing src/opin lookahead took 0.00 seconds (max_rss 146.0 MiB, delta_rss +0.0 MiB)
# Computing router lookahead map took 0.89 seconds (max_rss 146.0 MiB, delta_rss +0.0 MiB)
# Computing placement delta delay look-up
## Build routing resource graph
SOURCE->OPIN and IPIN->SINK edge count:52388
OPIN->CHANX/CHANY edge count before creating direct connections: 146212
OPIN->CHANX/CHANY edge count after creating direct connections: 146779
CHAN->CHAN type edge count:802452
## Build routing resource graph took 0.30 seconds (max_rss 146.0 MiB, delta_rss +0.0 MiB)
  RR Graph Nodes: 119704
  RR Graph Edges: 1001619
## Computing router lookahead map
### Computing wire lookahead
### Computing wire lookahead took 0.85 seconds (max_rss 146.0 MiB, delta_rss +0.0 MiB)
### Computing src/opin lookahead
### Computing src/opin lookahead took 0.00 seconds (max_rss 146.0 MiB, delta_rss +0.0 MiB)
## Computing router lookahead map took 0.85 seconds (max_rss 146.0 MiB, delta_rss +0.0 MiB)
## Computing delta delays
## Computing delta delays took 0.09 seconds (max_rss 146.0 MiB, delta_rss +0.0 MiB)
# Computing placement delta delay look-up took 1.25 seconds (max_rss 146.0 MiB, delta_rss +0.0 MiB)

Bounding box mode is Cube

Using simple RL 'Softmax agent' for choosing move and block types
# Placement
## Initial Placement
Initial placement iteration 0 has finished successfully
## Initial Placement took 0.00 seconds (max_rss 146.0 MiB, delta_rss +0.0 MiB)

There are 5571 point to point connections in this circuit.


BB estimate of min-dist (placement) wire length: 79804

Completed placement consistency check successfully.
Initial placement cost: 1 bb_cost: 831.287 td_cost: 2.00275e-06
Initial placement estimated Critical Path Delay (CPD): 27.0063 ns
Initial placement estimated setup Total Negative Slack (sTNS): -16041.8 ns
Initial placement estimated setup Worst Negative Slack (sWNS): -27.0063 ns

Initial placement estimated setup slack histogram:
[ -2.7e-08: -2.4e-08)   6 (  0.4%) |*
[ -2.4e-08: -2.2e-08)  19 (  1.3%) |***
[ -2.2e-08: -1.9e-08)  75 (  5.3%) |************
[ -1.9e-08: -1.6e-08) 171 ( 12.1%) |***************************
[ -1.6e-08: -1.4e-08) 298 ( 21.0%) |***********************************************
[ -1.4e-08: -1.1e-08) 232 ( 16.3%) |*************************************
[ -1.1e-08: -8.5e-09) 179 ( 12.6%) |****************************
[ -8.5e-09: -5.8e-09) 124 (  8.7%) |********************
[ -5.8e-09: -3.2e-09) 129 (  9.1%) |********************
[ -3.2e-09: -5.4e-10) 186 ( 13.1%) |*****************************
Placement contains 0 placement macros involving 0 blocks (average macro size -nan)

Moves per temperature: 2711
Warning 4: Starting t: 215 of 632 configurations accepted.

---- ------ ------- ------- ---------- ---------- ------- ---------- -------- ------- ------- ------ -------- --------- ------
Tnum   Time       T Av Cost Av BB Cost Av TD Cost     CPD       sTNS     sWNS Ac Rate Std Dev  R lim Crit Exp Tot Moves  Alpha
      (sec)                                          (ns)       (ns)     (ns)                                                 
---- ------ ------- ------- ---------- ---------- ------- ---------- -------- ------- ------- ------ -------- --------- ------
   1    0.0 7.7e-04   0.909     621.14 1.7548e-06  22.069  -1.52e+04  -22.069   0.546  0.0423   29.0     1.00      2711  0.200
   2    0.0 7.3e-04   0.936     543.86 1.5918e-06  20.638  -1.46e+04  -20.638   0.510  0.0342   29.0     1.00      5422  0.950
   3    0.0 6.9e-04   0.968     499.41 1.4914e-06  19.792  -1.41e+04  -19.792   0.452  0.0134   29.0     1.00      8133  0.950
   4    0.0 6.6e-04   0.976     478.47 1.3786e-06  20.509  -1.39e+04  -20.509   0.437  0.0125   29.0     1.00     10844  0.950
   5    0.0 6.3e-04   0.971     454.30 1.4728e-06  18.189  -1.38e+04  -18.189   0.430  0.0166   28.9     1.02     13555  0.950
   6    0.0 5.9e-04   0.968     429.98 1.3668e-06  18.169  -1.37e+04  -18.169   0.383  0.0167   28.6     1.09     16266  0.950
   7    0.0 5.6e-04   0.976     414.88 9.9459e-07  19.821  -1.37e+04  -19.821   0.355  0.0162   27.0     1.50     18977  0.950
   8    0.0 5.4e-04   0.984     402.30 8.4944e-07  18.482  -1.36e+04  -18.482   0.363  0.0090   24.7     2.07     21688  0.950
   9    0.0 5.1e-04   0.983     393.04 7.2351e-07  18.187  -1.35e+04  -18.187   0.333  0.0092   22.8     2.55     24399  0.950
  10    0.0 4.8e-04   0.997     387.59 5.9488e-07  17.960  -1.33e+04  -17.960   0.304  0.0047   20.4     3.16     27110  0.950
  11    0.0 4.6e-04   0.967     374.02 3.9325e-07  18.878  -1.34e+04  -18.878   0.298  0.0171   17.6     3.85     29821  0.950
  12    0.0 4.4e-04   0.977     361.65 3.8773e-07  17.825  -1.33e+04  -17.825   0.293  0.0102   15.1     4.47     32532  0.950
  13    0.0 4.1e-04   0.980     353.32 3.4449e-07  17.448  -1.32e+04  -17.448   0.260  0.0077   12.9     5.03     35243  0.950
  14    0.0 3.9e-04   0.992     349.94 2.6193e-07  17.781  -1.31e+04  -17.781   0.243  0.0040   10.6     5.61     37954  0.950
  15    0.0 3.7e-04   0.990     349.29 2.6951e-07  17.282  -1.31e+04  -17.282   0.238  0.0075    8.5     6.13     40665  0.950
  16    0.0 3.6e-04   0.996     348.68 2.4127e-07  17.275  -1.31e+04  -17.275   0.256  0.0085    6.8     6.56     43376  0.950
  17    0.0 3.4e-04   0.978     334.72 2.1926e-07  17.191  -1.31e+04  -17.191   0.215  0.0096    5.5     6.87     46087  0.950
  18    0.0 3.2e-04   0.976     323.73 1.7854e-07  17.406   -1.3e+04  -17.406   0.336  0.0111    4.3     7.18     48798  0.950
  19    0.0 3.0e-04   0.983     315.16 2.031e-07   16.964   -1.3e+04  -16.964   0.340  0.0092    3.8     7.29     51509  0.950
  20    0.0 2.9e-04   0.986     306.38 1.9083e-07  16.990  -1.29e+04  -16.990   0.309  0.0065    3.5     7.39     54220  0.950
  21    0.0 2.8e-04   0.991     302.21 1.6742e-07  17.160  -1.29e+04  -17.160   0.294  0.0086    3.0     7.50     56931  0.950
  22    0.0 2.6e-04   0.989     295.01 1.7087e-07  16.965  -1.29e+04  -16.965   0.373  0.0038    2.6     7.61     59642  0.950
  23    0.0 2.5e-04   0.989     291.03 1.7905e-07  16.842  -1.29e+04  -16.842   0.367  0.0051    2.4     7.65     62353  0.950
  24    0.0 2.4e-04   0.993     288.06 1.583e-07   17.042  -1.28e+04  -17.042   0.355  0.0040    2.2     7.70     65064  0.950
  25    0.0 2.2e-04   0.995     286.61 1.8069e-07  16.684  -1.28e+04  -16.684   0.315  0.0027    2.0     7.74     67775  0.950
  26    0.0 2.1e-04   0.982     281.39 1.6416e-07  16.837  -1.28e+04  -16.837   0.433  0.0073    1.8     7.81     70486  0.950
  27    0.0 2.0e-04   0.993     279.53 1.5716e-07  16.867  -1.28e+04  -16.867   0.400  0.0028    1.8     7.81     73197  0.950
  28    0.0 1.9e-04   0.993     275.80 1.7193e-07  16.615  -1.28e+04  -16.615   0.379  0.0047    1.7     7.83     75908  0.950
  29    0.0 1.8e-04   0.993     273.01 1.6273e-07  16.727  -1.28e+04  -16.727   0.364  0.0049    1.6     7.85     78619  0.950
  30    0.0 1.7e-04   0.998     270.57 1.5961e-07  16.727  -1.27e+04  -16.727   0.368  0.0032    1.5     7.88     81330  0.950
  31    0.0 1.6e-04   0.996     268.44 1.6508e-07  16.595  -1.27e+04  -16.595   0.333  0.0025    1.4     7.91     84041  0.950
  32    0.0 1.6e-04   0.999     269.48 1.3568e-07  17.011  -1.27e+04  -17.011   0.331  0.0011    1.2     7.95     86752  0.950
  33    0.0 1.5e-04   0.994     267.07 1.5952e-07  16.644  -1.27e+04  -16.644   0.317  0.0047    1.1     7.98     89463  0.950
  34    0.0 1.4e-04   0.999     264.62 1.3729e-07  16.931  -1.27e+04  -16.931   0.309  0.0010    1.0     8.00     92174  0.950
  35    0.0 1.3e-04   0.993     263.04 1.4985e-07  16.724  -1.27e+04  -16.724   0.298  0.0029    1.0     8.00     94885  0.950
  36    0.0 1.3e-04   0.998     261.24 1.57e-07    16.588  -1.27e+04  -16.588   0.292  0.0009    1.0     8.00     97596  0.950
  37    0.0 1.2e-04   0.995     259.52 1.5251e-07  16.641  -1.27e+04  -16.641   0.264  0.0031    1.0     8.00    100307  0.950
  38    0.0 1.2e-04   0.996     257.85 1.5198e-07  16.614  -1.27e+04  -16.614   0.243  0.0019    1.0     8.00    103018  0.950
  39    0.0 1.1e-04   0.998     257.88 1.4956e-07  16.641  -1.27e+04  -16.641   0.229  0.0013    1.0     8.00    105729  0.950
  40    0.0 1.0e-04   0.997     257.38 1.542e-07   16.544  -1.27e+04  -16.544   0.214  0.0010    1.0     8.00    108440  0.950
  41    0.0 9.9e-05   0.995     255.42 1.5566e-07  16.505  -1.27e+04  -16.505   0.215  0.0018    1.0     8.00    111151  0.950
  42    0.0 9.4e-05   0.999     255.20 1.551e-07   16.507  -1.26e+04  -16.507   0.187  0.0011    1.0     8.00    113862  0.950
  43    0.0 8.9e-05   0.996     254.94 1.4432e-07  16.656  -1.27e+04  -16.656   0.187  0.0014    1.0     8.00    116573  0.950
  44    0.0 8.5e-05   0.998     253.84 1.4876e-07  16.575  -1.26e+04  -16.575   0.153  0.0009    1.0     8.00    119284  0.950
  45    0.0 8.0e-05   0.998     254.09 1.4694e-07  16.603  -1.26e+04  -16.603   0.178  0.0005    1.0     8.00    121995  0.950
  46    0.0 7.6e-05   1.000     253.84 1.4648e-07  16.603  -1.26e+04  -16.603   0.166  0.0006    1.0     8.00    124706  0.950
  47    0.0 7.3e-05   0.999     253.50 1.4728e-07  16.588  -1.26e+04  -16.588   0.154  0.0008    1.0     8.00    127417  0.950
  48    0.0 6.9e-05   1.001     254.42 1.5107e-07  16.518  -1.26e+04  -16.518   0.136  0.0007    1.0     8.00    130128  0.950
  49    0.0 5.5e-05   0.998     253.54 1.4987e-07  16.518  -1.26e+04  -16.518   0.122  0.0011    1.0     8.00    132839  0.800
Agent's 2nd state: 
Checkpoint saved: bb_costs=252.779, TD costs=1.41168e-07, CPD= 16.654 (ns) 
  50    0.0 4.4e-05   0.999     252.76 1.4088e-07  16.654  -1.26e+04  -16.654   0.093  0.0005    1.0     8.00    135550  0.800
  51    0.0 3.5e-05   0.999     252.80 1.4159e-07  16.625  -1.26e+04  -16.625   0.078  0.0006    1.0     8.00    138261  0.800
Checkpoint saved: bb_costs=252.76, TD costs=1.41432e-07, CPD= 16.625 (ns) 
  52    0.0 2.8e-05   0.999     252.38 1.4138e-07  16.625  -1.26e+04  -16.625   0.068  0.0006    1.0     8.00    140972  0.800
  53    0.0 2.3e-05   1.000     251.91 1.41e-07    16.625  -1.26e+04  -16.625   0.053  0.0002    1.0     8.00    143683  0.800
  54    0.0 1.8e-05   0.999     251.44 1.4128e-07  16.625  -1.26e+04  -16.625   0.046  0.0002    1.0     8.00    146394  0.800
  55    0.0 1.4e-05   1.000     251.40 1.4117e-07  16.625  -1.26e+04  -16.625   0.044  0.0003    1.0     8.00    149105  0.800
  56    0.0 1.2e-05   1.000     251.27 1.4119e-07  16.625  -1.26e+04  -16.625   0.029  0.0001    1.0     8.00    151816  0.800
  57    0.0 9.2e-06   1.000     251.25 1.4101e-07  16.625  -1.26e+04  -16.625   0.026  0.0001    1.0     8.00    154527  0.800
  58    0.0 7.4e-06   1.000     251.19 1.4112e-07  16.625  -1.26e+04  -16.625   0.023  0.0000    1.0     8.00    157238  0.800
  59    0.0 5.9e-06   1.000     251.14 1.4099e-07  16.625  -1.26e+04  -16.625   0.024  0.0000    1.0     8.00    159949  0.800
  60    0.0 4.7e-06   1.000     251.12 1.4115e-07  16.625  -1.26e+04  -16.625   0.024  0.0000    1.0     8.00    162660  0.800
  61    0.0 3.8e-06   1.000     251.02 1.4093e-07  16.625  -1.26e+04  -16.625   0.017  0.0000    1.0     8.00    165371  0.800
  62    0.0 3.0e-06   1.000     251.01 1.4137e-07  16.625  -1.26e+04  -16.625   0.015  0.0000    1.0     8.00    168082  0.800
  63    0.0 2.4e-06   1.000     251.09 1.4102e-07  16.625  -1.26e+04  -16.625   0.015  0.0000    1.0     8.00    170793  0.800
  64    0.0 1.9e-06   1.000     251.04 1.4099e-07  16.625  -1.26e+04  -16.625   0.013  0.0001    1.0     8.00    173504  0.800
  65    0.0 1.6e-06   1.000     251.00 1.4114e-07  16.625  -1.26e+04  -16.625   0.015  0.0000    1.0     8.00    176215  0.800
  66    0.0 0.0e+00   1.000     251.15 1.4099e-07  16.625  -1.26e+04  -16.625   0.007  0.0000    1.0     8.00    178926  0.800
## Placement Quench took 0.01 seconds (max_rss 146.0 MiB)
post-quench CPD = 16.6248 (ns) 

BB estimate of min-dist (placement) wire length: 24113

Completed placement consistency check successfully.

Swaps called: 179558

Aborted Move Reasons:
  No moves aborted

Placement estimated critical path delay (least slack): 16.6248 ns, Fmax: 60.1509 MHz
Placement estimated setup Worst Negative Slack (sWNS): -16.6248 ns
Placement estimated setup Total Negative Slack (sTNS): -12625.5 ns

Placement estimated setup slack histogram:
[ -1.7e-08: -1.5e-08)  29 (  2.0%) |*****
[ -1.5e-08: -1.3e-08) 190 ( 13.4%) |**********************************
[ -1.3e-08: -1.2e-08) 265 ( 18.7%) |***********************************************
[ -1.2e-08:   -1e-08) 194 ( 13.7%) |**********************************
[   -1e-08: -8.6e-09) 161 ( 11.3%) |*****************************
[ -8.6e-09:   -7e-09) 121 (  8.5%) |*********************
[   -7e-09: -5.4e-09)  98 (  6.9%) |*****************
[ -5.4e-09: -3.8e-09) 102 (  7.2%) |******************
[ -3.8e-09: -2.2e-09)  89 (  6.3%) |****************
[ -2.2e-09: -5.4e-10) 170 ( 12.0%) |******************************

Placement estimated geomean non-virtual intra-domain period: 16.6248 ns (60.1509 MHz)
Placement estimated fanout-weighted geomean non-virtual intra-domain period: 16.6248 ns (60.1509 MHz)

Placement cost: 0.999921, bb_cost: 251.174, td_cost: 1.40782e-07, 

Placement resource usage:
  io  implemented as io : 58
  clb implemented as clb: 574

Placement number of temperatures: 66
Placement total # of swap attempts: 179558
	Swaps accepted:  42147 (23.5 %)
	Swaps rejected: 133709 (74.5 %)
	Swaps aborted:   3702 ( 2.1 %)


Placement perturbation distribution by block and move type: 
------------------ ----------------- ---------------- ---------------- --------------- ------------ 
    Block Type         Move Type       (%) of Total      Accepted(%)     Rejected(%)    Aborted(%)
------------------ ----------------- ---------------- ---------------- --------------- ------------ 
io                 Uniform                2.07             61.63           38.37          0.00         
                   Median                 1.99             47.37           26.40          26.23        
                   Centroid               2.03             50.63           26.22          23.15        
                   W. Centroid            2.04             51.39           25.20          23.41        
                   W. Median              0.35             13.39           42.26          44.35        
                   Crit. Uniform          0.53             9.82            90.18          0.00         
                   Feasible Region        0.52             4.69            89.67          5.64         

clb                Uniform                20.32            13.89           86.11          0.00         
                   Median                 20.32            28.19           70.33          1.48         
                   Centroid               19.91            25.17           74.82          0.01         
                   W. Centroid            20.29            26.46           73.49          0.04         
                   W. Median              3.35             2.48            94.68          2.84         
                   Crit. Uniform          3.14             0.34            99.66          0.00         
                   Feasible Region        3.14             0.92            99.08          0.00         


Placement Quench timing analysis took 0.00242401 seconds (0.00198106 STA, 0.000442942 slack) (1 full updates: 1 setup, 0 hold, 0 combined).
Placement Total  timing analysis took 0.214613 seconds (0.175622 STA, 0.0389912 slack) (68 full updates: 68 setup, 0 hold, 0 combined).
update_td_costs: connections 0 nets 0 sum_nets 0 total 0
# Placement took 0.72 seconds (max_rss 146.0 MiB, delta_rss +0.0 MiB)

# Routing
Initializing minimum channel width search based on maximum CLB pins

Attempting to route at 76 channels (binary search bounds: [-1, -1])
## Build routing resource graph
SOURCE->OPIN and IPIN->SINK edge count:52388
OPIN->CHANX/CHANY edge count before creating direct connections: 115828
OPIN->CHANX/CHANY edge count after creating direct connections: 116395
CHAN->CHAN type edge count:633752
## Build routing resource graph took 0.23 seconds (max_rss 146.0 MiB, delta_rss +0.0 MiB)
  RR Graph Nodes: 110712
  RR Graph Edges: 802535
Confirming router algorithm: TIMING_DRIVEN.
## Computing router lookahead map
### Computing wire lookahead
### Computing wire lookahead took 0.73 seconds (max_rss 146.0 MiB, delta_rss +0.0 MiB)
### Computing src/opin lookahead
### Computing src/opin lookahead took 0.00 seconds (max_rss 146.0 MiB, delta_rss +0.0 MiB)
## Computing router lookahead map took 0.73 seconds (max_rss 146.0 MiB, delta_rss +0.0 MiB)
## Initializing router criticalities
Initial Net Connection Criticality Histogram:
[        0:      0.1)  638 ( 10.5%) |***********************
[      0.1:      0.2)  231 (  3.8%) |********
[      0.2:      0.3)  283 (  4.6%) |**********
[      0.3:      0.4)  364 (  6.0%) |*************
[      0.4:      0.5)  532 (  8.7%) |*******************
[      0.5:      0.6)  783 ( 12.9%) |****************************
[      0.6:      0.7) 1080 ( 17.7%) |***************************************
[      0.7:      0.8) 1267 ( 20.8%) |**********************************************
[      0.8:      0.9)  821 ( 13.5%) |******************************
[      0.9:        1)   88 (  1.4%) |***
## Initializing router criticalities took 0.07 seconds (max_rss 146.0 MiB, delta_rss +0.0 MiB)
---- ------ ------- ---- ------- ------- ------- ----------------- --------------- -------- ---------- ---------- ---------- ---------- --------
Iter   Time    pres  BBs    Heap  Re-Rtd  Re-Rtd Overused RR Nodes      Wirelength      CPD       sTNS       sWNS       hTNS       hWNS Est Succ
      (sec)     fac Updt    push    Nets   Conns                                       (ns)       (ns)       (ns)       (ns)       (ns)     Iter
---- ------ ------- ---- ------- ------- ------- ----------------- --------------- -------- ---------- ---------- ---------- ---------- --------
   1    0.0     0.0    0  243891    3780    5571    2046 ( 1.848%)   35006 (28.4%)   18.262 -1.328e+04    -18.262      0.000      0.000      N/A
Incr Slack updates 68 in 0.0118052 sec
Full Max Req/Worst Slack updates 32 in 0.000435445 sec
Incr Max Req/Worst Slack updates 36 in 0.000642315 sec
Incr Criticality updates 19 in 0.00543368 sec
Full Criticality updates 49 in 0.0186618 sec
   2    0.0     0.5    6  172144    2104    3622     978 ( 0.883%)   35106 (28.4%)   18.264 -1.329e+04    -18.264      0.000      0.000      N/A
   3    0.0     0.6    4  128862    1308    2462     659 ( 0.595%)   35419 (28.7%)   18.266 -1.330e+04    -18.266      0.000      0.000      N/A
   4    0.0     0.8    5  105912     925    1900     443 ( 0.400%)   35667 (28.9%)   18.266 -1.330e+04    -18.266      0.000      0.000      N/A
   5    0.0     1.1    4   78047     623    1376     287 ( 0.259%)   35901 (29.1%)   18.266 -1.331e+04    -18.266      0.000      0.000      N/A
   6    0.0     1.4    0   58437     427     984     164 ( 0.148%)   36166 (29.3%)   18.266 -1.331e+04    -18.266      0.000      0.000      N/A
   7    0.0     1.9    4   38011     260     616      89 ( 0.080%)   36365 (29.5%)   18.266 -1.331e+04    -18.266      0.000      0.000      N/A
   8    0.0     2.4    3   22217     143     360      53 ( 0.048%)   36443 (29.5%)   18.266 -1.332e+04    -18.266      0.000      0.000      N/A
   9    0.0     3.1    0   12299      75     187      13 ( 0.012%)   36556 (29.6%)   18.266 -1.332e+04    -18.266      0.000      0.000      N/A
  10    0.0     4.1    0    3367      23      50       8 ( 0.007%)   36579 (29.6%)   18.266 -1.332e+04    -18.266      0.000      0.000       13
  11    0.0     5.3    0    1906      12      23       2 ( 0.002%)   36588 (29.6%)   18.266 -1.332e+04    -18.266      0.000      0.000       13
  12    0.0     6.9    0     429       3       4       1 ( 0.001%)   36600 (29.7%)   18.266 -1.332e+04    -18.266      0.000      0.000       12
  13    0.0     9.0    1      29       1       1       0 ( 0.000%)   36600 (29.7%)   18.266 -1.332e+04    -18.266      0.000      0.000       12
Restoring best routing
Critical path: 18.266 ns
Successfully routed after 13 routing iterations.
Final Net Connection Criticality Histogram:
[        0:      0.1)  632 ( 10.4%) |**********************
[      0.1:      0.2)  226 (  3.7%) |********
[      0.2:      0.3)  299 (  4.9%) |***********
[      0.3:      0.4)  369 (  6.1%) |*************
[      0.4:      0.5)  567 (  9.3%) |********************
[      0.5:      0.6)  800 ( 13.1%) |****************************
[      0.6:      0.7) 1142 ( 18.8%) |*****************************************
[      0.7:      0.8) 1293 ( 21.2%) |**********************************************
[      0.8:      0.9)  672 ( 11.0%) |************************
[      0.9:        1)   87 (  1.4%) |***
Router Stats: total_nets_routed: 9684 total_connections_routed: 17156 total_heap_pushes: 865551 total_heap_pops: 220181 total_internal_heap_pushes: 0 total_internal_heap_pops: 0 total_external_heap_pushes: 865551 total_external_heap_pops: 220181 total_external_SOURCE_pushes: 17156 total_external_SOURCE_pops: 12307 total_internal_SOURCE_pushes: 0 total_internal_SOURCE_pops: 0 rt_node_SOURCE_pushes: 17156 rt_node_SOURCE_high_fanout_pushes: 0 rt_node_SOURCE_entire_tree_pushes: 17156 total_external_SINK_pushes: 52181 total_external_SINK_pops: 46597 total_internal_SINK_pushes: 0 total_internal_SINK_pops: 0 rt_node_SINK_pushes: 0 rt_node_SINK_high_fanout_pushes: 0 rt_node_SINK_entire_tree_pushes: 0 total_external_IPIN_pushes: 73134 total_external_IPIN_pops: 69193 total_internal_IPIN_pushes: 0 total_internal_IPIN_pops: 0 rt_node_IPIN_pushes: 0 rt_node_IPIN_high_fanout_pushes: 0 rt_node_IPIN_entire_tree_pushes: 0 total_external_OPIN_pushes: 18045 total_external_OPIN_pops: 13942 total_internal_OPIN_pushes: 0 total_internal_OPIN_pops: 0 rt_node_OPIN_pushes: 7472 rt_node_OPIN_high_fanout_pushes: 0 rt_node_OPIN_entire_tree_pushes: 7472 total_external_CHANX_pushes: 360115 total_external_CHANX_pops: 37305 total_internal_CHANX_pushes: 0 total_internal_CHANX_pops: 0 rt_node_CHANX_pushes: 13105 rt_node_CHANX_high_fanout_pushes: 0 rt_node_CHANX_entire_tree_pushes: 13105 total_external_CHANY_pushes: 344920 total_external_CHANY_pops: 40837 total_internal_CHANY_pushes: 0 total_internal_CHANY_pops: 0 rt_node_CHANY_pushes: 15242 rt_node_CHANY_high_fanout_pushes: 0 rt_node_CHANY_entire_tree_pushes: 15242 total_number_of_adding_all_rt: 84217 total_number_of_adding_high_fanout_rt: 0 total_number_of_adding_all_rt_from_calling_high_fanout_rt: 0 

Attempting to route at 38 channels (binary search bounds: [-1, 76])
## Build routing resource graph
SOURCE->OPIN and IPIN->SINK edge count:52388
OPIN->CHANX/CHANY edge count before creating direct connections: 57930
OPIN->CHANX/CHANY edge count after creating direct connections: 58497
CHAN->CHAN type edge count:318446
## Build routing resource graph took 0.11 seconds (max_rss 146.0 MiB, delta_rss +0.0 MiB)
  RR Graph Nodes: 93632
  RR Graph Edges: 429331
Confirming router algorithm: TIMING_DRIVEN.
## Computing router lookahead map
### Computing wire lookahead
### Computing wire lookahead took 0.45 seconds (max_rss 146.0 MiB, delta_rss +0.0 MiB)
### Computing src/opin lookahead
### Computing src/opin lookahead took 0.00 seconds (max_rss 146.0 MiB, delta_rss +0.0 MiB)
## Computing router lookahead map took 0.45 seconds (max_rss 146.0 MiB, delta_rss +0.0 MiB)
## Initializing router criticalities
Initial Net Connection Criticality Histogram:
[        0:      0.1)  638 ( 10.5%) |***********************
[      0.1:      0.2)  231 (  3.8%) |********
[      0.2:      0.3)  283 (  4.6%) |**********
[      0.3:      0.4)  364 (  6.0%) |*************
[      0.4:      0.5)  532 (  8.7%) |*******************
[      0.5:      0.6)  783 ( 12.9%) |****************************
[      0.6:      0.7) 1080 ( 17.7%) |***************************************
[      0.7:      0.8) 1267 ( 20.8%) |**********************************************
[      0.8:      0.9)  821 ( 13.5%) |******************************
[      0.9:        1)   88 (  1.4%) |***
## Initializing router criticalities took 0.01 seconds (max_rss 146.0 MiB, delta_rss +0.0 MiB)
---- ------ ------- ---- ------- ------- ------- ----------------- --------------- -------- ---------- ---------- ---------- ---------- --------
Iter   Time    pres  BBs    Heap  Re-Rtd  Re-Rtd Overused RR Nodes      Wirelength      CPD       sTNS       sWNS       hTNS       hWNS Est Succ
      (sec)     fac Updt    push    Nets   Conns                                       (ns)       (ns)       (ns)       (ns)       (ns)     Iter
---- ------ ------- ---- ------- ------- ------- ----------------- --------------- -------- ---------- ---------- ---------- ---------- --------
   1    0.0     0.0    0  222248    3780    5571    2783 ( 2.972%)   37021 (60.0%)   18.483 -1.342e+04    -18.483      0.000      0.000      N/A
   2    0.0     0.5    8  206818    2940    4624    2261 ( 2.415%)   37088 (60.1%)   18.489 -1.342e+04    -18.489      0.000      0.000      N/A
   3    0.0     0.6   24  216180    2467    4058    1986 ( 2.121%)   38954 (63.1%)   18.485 -1.347e+04    -18.485      0.000      0.000      N/A
   4    0.0     0.8   66  226046    2213    3761    1646 ( 1.758%)   40223 (65.2%)   18.486 -1.351e+04    -18.486      0.000      0.000      N/A
   5    0.0     1.1   56  223172    1904    3364    1368 ( 1.461%)   41141 (66.7%)   18.486 -1.354e+04    -18.486      0.000      0.000      N/A
   6    0.0     1.4   60  220369    1652    2987    1168 ( 1.247%)   42445 (68.8%)   18.490 -1.357e+04    -18.490      0.000      0.000      N/A
   7    0.0     1.9   62  233687    1411    2682     942 ( 1.006%)   43398 (70.3%)   18.490 -1.362e+04    -18.490      0.000      0.000      N/A
   8    0.0     2.4   47  222740    1193    2293     749 ( 0.800%)   44363 (71.9%)   18.487 -1.364e+04    -18.487      0.000      0.000      N/A
   9    0.0     3.1   55  216982    1009    2009     629 ( 0.672%)   45066 (73.0%)   18.487 -1.368e+04    -18.487      0.000      0.000      N/A
  10    0.0     4.1   49  245839     839    1712     512 ( 0.547%)   45661 (74.0%)   18.487 -1.371e+04    -18.487      0.000      0.000       41
  11    0.0     5.3   43  256958     696    1470     422 ( 0.451%)   46637 (75.6%)   18.486 -1.374e+04    -18.486      0.000      0.000       40
  12    0.0     6.9   47  266173     551    1207     322 ( 0.344%)   47391 (76.8%)   18.487 -1.380e+04    -18.487      0.000      0.000       41
  13    0.0     9.0   44  230344     510    1075     320 ( 0.342%)   47776 (77.4%)   18.487 -1.382e+04    -18.487      0.000      0.000       40
  14    0.0    11.6   33  271273     451     956     265 ( 0.283%)   48209 (78.1%)   18.490 -1.385e+04    -18.490      0.000      0.000       43
  15    0.0    15.1   29  271660     406     861     257 ( 0.274%)   48864 (79.2%)   18.487 -1.386e+04    -18.487      0.000      0.000       45
  16    0.0    19.7   33  279532     374     832     226 ( 0.241%)   48897 (79.2%)   18.487 -1.386e+04    -18.487      0.000      0.000       49
  17    0.0    25.6   27  283821     348     779     210 ( 0.224%)   49346 (80.0%)   18.487 -1.392e+04    -18.487      0.000      0.000       53
  18    0.0    33.3   32  323428     323     744     214 ( 0.229%)   49610 (80.4%)   18.487 -1.394e+04    -18.487      0.000      0.000       56
  19    0.0    43.3   30  288550     336     789     198 ( 0.211%)   49888 (80.8%)   18.487 -1.400e+04    -18.487      0.000      0.000       66
  20    0.0    56.2   23  288595     301     717     171 ( 0.183%)   49912 (80.9%)   18.487 -1.399e+04    -18.487      0.000      0.000       71
  21    0.0    73.1   12  307069     281     634     174 ( 0.186%)   50250 (81.4%)   18.487 -1.405e+04    -18.487      0.000      0.000       79
  22    0.0    95.0   24  275063     276     619     154 ( 0.164%)   50592 (82.0%)   18.487 -1.407e+04    -18.487      0.000      0.000       83
  23    0.0   123.5   26  229352     240     559     152 ( 0.162%)   50667 (82.1%)   18.487 -1.406e+04    -18.487      0.000      0.000       91
  24    0.0   160.6   18  282150     257     609     154 ( 0.164%)   50898 (82.5%)   18.487 -1.407e+04    -18.487      0.000      0.000       94
  25    0.0   208.8   22  253363     236     517     150 ( 0.160%)   51059 (82.7%)   18.487 -1.409e+04    -18.487      0.000      0.000      100
  26    0.0   271.4   25  257119     263     614     157 ( 0.168%)   51137 (82.9%)   18.703 -1.411e+04    -18.703      0.000      0.000      106
  27    0.0   352.8   15  294590     267     634     147 ( 0.157%)   51251 (83.0%)   18.703 -1.411e+04    -18.703      0.000      0.000      124
  28    0.0   458.7   22  248997     248     579     150 ( 0.160%)   51460 (83.4%)   18.703 -1.412e+04    -18.703      0.000      0.000      131
  29    0.0   596.3   17  238061     266     623     155 ( 0.166%)   51491 (83.4%)   18.703 -1.413e+04    -18.703      0.000      0.000      148
  30    0.0   775.1   16  290797     273     624     151 ( 0.161%)   51628 (83.7%)   18.703 -1.411e+04    -18.703      0.000      0.000      164
Routing aborted, the predicted iteration for a successful route (163.8) is too high.
Routing failed.

Failed routing attempt #0
Total number of overused nodes: 151
Total number of overused nodes is larger than the logging limit (20).
Displaying the first 20 entries.
Routing Failure Diagnostics: Printing Overused Nodes Information
------ ------- ---------- --------- -------- ------------ ------- ------- ------- ------- ------- ------- -------
   No.  NodeId  Occupancy  Capacity  RR Node    Direction    Side     PTC   Block    Xlow    Ylow   Xhigh   Yhigh
                                        type                          NUM    Name                                 
------ ------- ---------- --------- -------- ------------ ------- ------- ------- ------- ------- ------- -------
     0    7093          2         1     IPIN          N/A     TOP      12     clb       3      14       3      14
     1   13292          2         1     IPIN          N/A   RIGHT       1     clb       5      17       5      17
     2   13295          2         1     IPIN          N/A     TOP       4     clb       5      17       5      17
     3   21131          2         1     IPIN          N/A     TOP      28     clb       8      15       8      15
     4   23473          2         1     IPIN          N/A  BOTTOM      30     clb       9       9       9       9
     5   28527          2         1     IPIN          N/A  BOTTOM      34     clb      11      16      11      16
     6   30966          2         1     IPIN          N/A    LEFT      31     clb      12      11      12      11
     7   33998          2         1     IPIN          N/A   RIGHT       9     clb      13      12      13      12
     8   35010          2         1     IPIN          N/A   RIGHT       1     clb      13      22      13      22
     9   38547          2         1     IPIN          N/A     TOP       4     clb      15       7      15       7
    10   41014          2         1     IPIN          N/A   RIGHT      29     clb      16       2      16       2
    11   42012          2         1     IPIN          N/A    LEFT       7     clb      16      12      16      12
    12   42420          2         1     IPIN          N/A    LEFT       7     clb      16      16      16      16
    13   43135          2         1     IPIN          N/A     TOP       8     clb      16      23      16      23
    14   46080          2         1     IPIN          N/A   RIGHT       1     clb      17      23      17      23
    15   49703          2         1     IPIN          N/A  BOTTOM       2     clb      19      16      19      16
    16   52554          2         1     IPIN          N/A    LEFT       3     clb      20      15      20      15
    17   52996          2         1     IPIN          N/A   RIGHT      37     clb      20      19      20      19
    18   53267          2         1     IPIN          N/A  BOTTOM       2     clb      20      22      20      22
    19   55842          2         1     IPIN          N/A   RIGHT      33     clb      21      18      21      18

Final Net Connection Criticality Histogram:
[        0:      0.1)  598 (  9.8%) |*********************
[      0.1:      0.2)  209 (  3.4%) |*******
[      0.2:      0.3)  287 (  4.7%) |**********
[      0.3:      0.4)  357 (  5.9%) |************
[      0.4:      0.5)  505 (  8.3%) |*****************
[      0.5:      0.6)  689 ( 11.3%) |************************
[      0.6:      0.7) 1104 ( 18.1%) |**************************************
[      0.7:      0.8) 1335 ( 21.9%) |**********************************************
[      0.8:      0.9)  840 ( 13.8%) |*****************************
[      0.9:        1)  163 (  2.7%) |******
Router Stats: total_nets_routed: 26311 total_connections_routed: 48503 total_heap_pushes: 7670976 total_heap_pops: 1859696 total_internal_heap_pushes: 0 total_internal_heap_pops: 0 total_external_heap_pushes: 7670976 total_external_heap_pops: 1859696 total_external_SOURCE_pushes: 48503 total_external_SOURCE_pops: 39493 total_internal_SOURCE_pushes: 0 total_internal_SOURCE_pops: 0 rt_node_SOURCE_pushes: 48503 rt_node_SOURCE_high_fanout_pushes: 0 rt_node_SOURCE_entire_tree_pushes: 48503 total_external_SINK_pushes: 141396 total_external_SINK_pops: 126502 total_internal_SINK_pushes: 0 total_internal_SINK_pops: 0 rt_node_SINK_pushes: 0 rt_node_SINK_high_fanout_pushes: 0 rt_node_SINK_entire_tree_pushes: 0 total_external_IPIN_pushes: 207153 total_external_IPIN_pops: 191336 total_internal_IPIN_pushes: 0 total_internal_IPIN_pops: 0 rt_node_IPIN_pushes: 0 rt_node_IPIN_high_fanout_pushes: 0 rt_node_IPIN_entire_tree_pushes: 0 total_external_OPIN_pushes: 51318 total_external_OPIN_pops: 42453 total_internal_OPIN_pushes: 0 total_internal_OPIN_pops: 0 rt_node_OPIN_pushes: 22192 rt_node_OPIN_high_fanout_pushes: 0 rt_node_OPIN_entire_tree_pushes: 22192 total_external_CHANX_pushes: 3614735 total_external_CHANX_pops: 736650 total_internal_CHANX_pushes: 0 total_internal_CHANX_pops: 0 rt_node_CHANX_pushes: 59271 rt_node_CHANX_high_fanout_pushes: 0 rt_node_CHANX_entire_tree_pushes: 59271 total_external_CHANY_pushes: 3607871 total_external_CHANY_pops: 723262 total_internal_CHANY_pushes: 0 total_internal_CHANY_pops: 0 rt_node_CHANY_pushes: 61146 rt_node_CHANY_high_fanout_pushes: 0 rt_node_CHANY_entire_tree_pushes: 61146 total_number_of_adding_all_rt: 286452 total_number_of_adding_high_fanout_rt: 0 total_number_of_adding_all_rt_from_calling_high_fanout_rt: 0 

Attempting to route at 58 channels (binary search bounds: [38, 76])
## Build routing resource graph
SOURCE->OPIN and IPIN->SINK edge count:52388
OPIN->CHANX/CHANY edge count before creating direct connections: 88314
OPIN->CHANX/CHANY edge count after creating direct connections: 88881
CHAN->CHAN type edge count:487550
## Build routing resource graph took 0.17 seconds (max_rss 146.0 MiB, delta_rss +0.0 MiB)
  RR Graph Nodes: 102620
  RR Graph Edges: 628819
Confirming router algorithm: TIMING_DRIVEN.
## Computing router lookahead map
### Computing wire lookahead
### Computing wire lookahead took 0.61 seconds (max_rss 146.0 MiB, delta_rss +0.0 MiB)
### Computing src/opin lookahead
### Computing src/opin lookahead took 0.00 seconds (max_rss 146.0 MiB, delta_rss +0.0 MiB)
## Computing router lookahead map took 0.61 seconds (max_rss 146.0 MiB, delta_rss +0.0 MiB)
## Initializing router criticalities
Initial Net Connection Criticality Histogram:
[        0:      0.1)  638 ( 10.5%) |***********************
[      0.1:      0.2)  231 (  3.8%) |********
[      0.2:      0.3)  284 (  4.7%) |**********
[      0.3:      0.4)  364 (  6.0%) |*************
[      0.4:      0.5)  531 (  8.7%) |*******************
[      0.5:      0.6)  784 ( 12.9%) |****************************
[      0.6:      0.7) 1082 ( 17.8%) |***************************************
[      0.7:      0.8) 1283 ( 21.1%) |**********************************************
[      0.8:      0.9)  805 ( 13.2%) |*****************************
[      0.9:        1)   85 (  1.4%) |***
## Initializing router criticalities took 0.01 seconds (max_rss 146.0 MiB, delta_rss +0.0 MiB)
---- ------ ------- ---- ------- ------- ------- ----------------- --------------- -------- ---------- ---------- ---------- ---------- --------
Iter   Time    pres  BBs    Heap  Re-Rtd  Re-Rtd Overused RR Nodes      Wirelength      CPD       sTNS       sWNS       hTNS       hWNS Est Succ
      (sec)     fac Updt    push    Nets   Conns                                       (ns)       (ns)       (ns)       (ns)       (ns)     Iter
---- ------ ------- ---- ------- ------- ------- ----------------- --------------- -------- ---------- ---------- ---------- ---------- --------
   1    0.0     0.0    0  238451    3780    5571    2189 ( 2.133%)   35626 (37.8%)   18.288 -1.333e+04    -18.288      0.000      0.000      N/A
   2    0.0     0.5   10  182665    2342    3915    1352 ( 1.317%)   35663 (37.9%)   18.288 -1.334e+04    -18.288      0.000      0.000      N/A
   3    0.0     0.6    4  161734    1696    3069    1019 ( 0.993%)   36342 (38.6%)   18.310 -1.335e+04    -18.310      0.000      0.000      N/A
   4    0.0     0.8   13  141707    1316    2538     740 ( 0.721%)   36960 (39.2%)   18.310 -1.336e+04    -18.310      0.000      0.000      N/A
   5    0.0     1.1   13  123411    1006    2056     506 ( 0.493%)   37316 (39.6%)   18.310 -1.337e+04    -18.310      0.000      0.000      N/A
   6    0.0     1.4    8   86597     677    1470     288 ( 0.281%)   37611 (39.9%)   18.310 -1.338e+04    -18.310      0.000      0.000      N/A
   7    0.0     1.9   11   61669     441    1017     168 ( 0.164%)   37998 (40.3%)   18.310 -1.339e+04    -18.310      0.000      0.000      N/A
   8    0.0     2.4    4   41155     267     660      94 ( 0.092%)   38225 (40.6%)   18.310 -1.340e+04    -18.310      0.000      0.000      N/A
   9    0.0     3.1    4   26510     150     393      45 ( 0.044%)   38393 (40.8%)   18.310 -1.340e+04    -18.310      0.000      0.000      N/A
  10    0.0     4.1    2   16203      85     223      23 ( 0.022%)   38505 (40.9%)   18.310 -1.341e+04    -18.310      0.000      0.000       16
  11    0.0     5.3    2    8910      43     124       5 ( 0.005%)   38573 (41.0%)   18.310 -1.341e+04    -18.310      0.000      0.000       15
  12    0.0     6.9    0    2761      18      55       2 ( 0.002%)   38577 (41.0%)   18.310 -1.341e+04    -18.310      0.000      0.000       14
  13    0.0     9.0    0    2275      15      47       1 ( 0.001%)   38585 (41.0%)   18.310 -1.341e+04    -18.310      0.000      0.000       13
  14    0.0    11.6    0    1954      13      43       0 ( 0.000%)   38589 (41.0%)   18.310 -1.341e+04    -18.310      0.000      0.000       13
Restoring best routing
Critical path: 18.3103 ns
Successfully routed after 14 routing iterations.
Final Net Connection Criticality Histogram:
[        0:      0.1)  627 ( 10.3%) |*********************
[      0.1:      0.2)  225 (  3.7%) |********
[      0.2:      0.3)  299 (  4.9%) |**********
[      0.3:      0.4)  362 (  5.9%) |************
[      0.4:      0.5)  555 (  9.1%) |*******************
[      0.5:      0.6)  803 ( 13.2%) |***************************
[      0.6:      0.7) 1099 ( 18.1%) |*************************************
[      0.7:      0.8) 1359 ( 22.3%) |**********************************************
[      0.8:      0.9)  665 ( 10.9%) |***********************
[      0.9:        1)   93 (  1.5%) |***
Router Stats: total_nets_routed: 11849 total_connections_routed: 21181 total_heap_pushes: 1096002 total_heap_pops: 283182 total_internal_heap_pushes: 0 total_internal_heap_pops: 0 total_external_heap_pushes: 1096002 total_external_heap_pops: 283182 total_external_SOURCE_pushes: 21181 total_external_SOURCE_pops: 15618 total_internal_SOURCE_pushes: 0 total_internal_SOURCE_pops: 0 rt_node_SOURCE_pushes: 21181 rt_node_SOURCE_high_fanout_pushes: 0 rt_node_SOURCE_entire_tree_pushes: 21181 total_external_SINK_pushes: 65537 total_external_SINK_pops: 58514 total_internal_SINK_pushes: 0 total_internal_SINK_pops: 0 rt_node_SINK_pushes: 0 rt_node_SINK_high_fanout_pushes: 0 rt_node_SINK_entire_tree_pushes: 0 total_external_IPIN_pushes: 93681 total_external_IPIN_pops: 87731 total_internal_IPIN_pushes: 0 total_internal_IPIN_pops: 0 rt_node_IPIN_pushes: 0 rt_node_IPIN_high_fanout_pushes: 0 rt_node_IPIN_entire_tree_pushes: 0 total_external_OPIN_pushes: 22306 total_external_OPIN_pops: 17393 total_internal_OPIN_pushes: 0 total_internal_OPIN_pops: 0 rt_node_OPIN_pushes: 9332 rt_node_OPIN_high_fanout_pushes: 0 rt_node_OPIN_entire_tree_pushes: 9332 total_external_CHANX_pushes: 456304 total_external_CHANX_pops: 50096 total_internal_CHANX_pushes: 0 total_internal_CHANX_pops: 0 rt_node_CHANX_pushes: 17147 rt_node_CHANX_high_fanout_pushes: 0 rt_node_CHANX_entire_tree_pushes: 17147 total_external_CHANY_pushes: 436993 total_external_CHANY_pops: 53830 total_internal_CHANY_pushes: 0 total_internal_CHANY_pops: 0 rt_node_CHANY_pushes: 18346 rt_node_CHANY_high_fanout_pushes: 0 rt_node_CHANY_entire_tree_pushes: 18346 total_number_of_adding_all_rt: 104946 total_number_of_adding_high_fanout_rt: 0 total_number_of_adding_all_rt_from_calling_high_fanout_rt: 0 

Attempting to route at 48 channels (binary search bounds: [38, 58])
## Build routing resource graph
SOURCE->OPIN and IPIN->SINK edge count:52388
OPIN->CHANX/CHANY edge count before creating direct connections: 74018
OPIN->CHANX/CHANY edge count after creating direct connections: 74585
CHAN->CHAN type edge count:402968
## Build routing resource graph took 0.14 seconds (max_rss 146.0 MiB, delta_rss +0.0 MiB)
  RR Graph Nodes: 98128
  RR Graph Edges: 529941
Confirming router algorithm: TIMING_DRIVEN.
## Computing router lookahead map
### Computing wire lookahead
### Computing wire lookahead took 0.51 seconds (max_rss 146.0 MiB, delta_rss +0.0 MiB)
### Computing src/opin lookahead
### Computing src/opin lookahead took 0.00 seconds (max_rss 146.0 MiB, delta_rss +0.0 MiB)
## Computing router lookahead map took 0.51 seconds (max_rss 146.0 MiB, delta_rss +0.0 MiB)
## Initializing router criticalities
Initial Net Connection Criticality Histogram:
[        0:      0.1)  638 ( 10.5%) |***********************
[      0.1:      0.2)  231 (  3.8%) |********
[      0.2:      0.3)  283 (  4.6%) |**********
[      0.3:      0.4)  364 (  6.0%) |*************
[      0.4:      0.5)  532 (  8.7%) |*******************
[      0.5:      0.6)  783 ( 12.9%) |****************************
[      0.6:      0.7) 1080 ( 17.7%) |***************************************
[      0.7:      0.8) 1267 ( 20.8%) |**********************************************
[      0.8:      0.9)  821 ( 13.5%) |******************************
[      0.9:        1)   88 (  1.4%) |***
## Initializing router criticalities took 0.01 seconds (max_rss 146.0 MiB, delta_rss +0.0 MiB)
---- ------ ------- ---- ------- ------- ------- ----------------- --------------- -------- ---------- ---------- ---------- ---------- --------
Iter   Time    pres  BBs    Heap  Re-Rtd  Re-Rtd Overused RR Nodes      Wirelength      CPD       sTNS       sWNS       hTNS       hWNS Est Succ
      (sec)     fac Updt    push    Nets   Conns                                       (ns)       (ns)       (ns)       (ns)       (ns)     Iter
---- ------ ------- ---- ------- ------- ------- ----------------- --------------- -------- ---------- ---------- ---------- ---------- --------
   1    0.0     0.0    0  233395    3780    5571    2661 ( 2.712%)   37009 (47.5%)   18.437 -1.340e+04    -18.437      0.000      0.000      N/A
   2    0.0     0.5   12  204171    2694    4370    1847 ( 1.882%)   37091 (47.6%)   18.437 -1.339e+04    -18.437      0.000      0.000      N/A
   3    0.0     0.6   38  188750    2074    3542    1493 ( 1.521%)   38110 (48.9%)   18.437 -1.342e+04    -18.437      0.000      0.000      N/A
   4    0.0     0.8   39  192066    1773    3180    1134 ( 1.156%)   38897 (49.9%)   18.437 -1.344e+04    -18.437      0.000      0.000      N/A
   5    0.0     1.1   32  166624    1422    2709     829 ( 0.845%)   39826 (51.1%)   18.437 -1.345e+04    -18.437      0.000      0.000      N/A
   6    0.0     1.4   20  143599    1078    2177     538 ( 0.548%)   40457 (51.9%)   18.426 -1.347e+04    -18.426      0.000      0.000      N/A
   7    0.0     1.9   31  103538     743    1537     331 ( 0.337%)   41013 (52.6%)   18.436 -1.349e+04    -18.436      0.000      0.000      N/A
   8    0.0     2.4   20   74515     499    1078     221 ( 0.225%)   41385 (53.1%)   18.439 -1.351e+04    -18.439      0.000      0.000      N/A
   9    0.0     3.1   15   62582     336     790     134 ( 0.137%)   41800 (53.6%)   18.439 -1.352e+04    -18.439      0.000      0.000      N/A
  10    0.0     4.1   11   43440     207     511      68 ( 0.069%)   42075 (54.0%)   18.439 -1.354e+04    -18.439      0.000      0.000       20
  11    0.0     5.3   12   26246      97     277      31 ( 0.032%)   42326 (54.3%)   18.439 -1.354e+04    -18.439      0.000      0.000       19
  12    0.0     6.9    7   11356      51     130      15 ( 0.015%)   42504 (54.5%)   18.439 -1.354e+04    -18.439      0.000      0.000       17
  13    0.0     9.0    2    5067      23      56       6 ( 0.006%)   42563 (54.6%)   18.439 -1.355e+04    -18.439      0.000      0.000       17
  14    0.0    11.6    3    2228       8      27       2 ( 0.002%)   42603 (54.7%)   18.439 -1.355e+04    -18.439      0.000      0.000       16
  15    0.0    15.1    0     510       4       7       2 ( 0.002%)   42603 (54.7%)   18.439 -1.355e+04    -18.439      0.000      0.000       15
  16    0.0    19.7    0     565       3       6       1 ( 0.001%)   42619 (54.7%)   18.439 -1.355e+04    -18.439      0.000      0.000       16
  17    0.0    25.6    0     164       2       3       1 ( 0.001%)   42619 (54.7%)   18.439 -1.355e+04    -18.439      0.000      0.000       16
  18    0.0    33.3    0     129       1       2       0 ( 0.000%)   42627 (54.7%)   18.587 -1.355e+04    -18.587      0.000      0.000       16
Restoring best routing
Critical path: 18.5869 ns
Successfully routed after 18 routing iterations.
Final Net Connection Criticality Histogram:
[        0:      0.1)  621 ( 10.2%) |**********************
[      0.1:      0.2)  226 (  3.7%) |********
[      0.2:      0.3)  295 (  4.8%) |**********
[      0.3:      0.4)  371 (  6.1%) |*************
[      0.4:      0.5)  576 (  9.5%) |********************
[      0.5:      0.6)  806 ( 13.2%) |****************************
[      0.6:      0.7) 1139 ( 18.7%) |****************************************
[      0.7:      0.8) 1321 ( 21.7%) |**********************************************
[      0.8:      0.9)  656 ( 10.8%) |***********************
[      0.9:        1)   76 (  1.2%) |***
Router Stats: total_nets_routed: 14795 total_connections_routed: 25973 total_heap_pushes: 1458945 total_heap_pops: 367303 total_internal_heap_pushes: 0 total_internal_heap_pops: 0 total_external_heap_pushes: 1458945 total_external_heap_pops: 367303 total_external_SOURCE_pushes: 25973 total_external_SOURCE_pops: 19765 total_internal_SOURCE_pushes: 0 total_internal_SOURCE_pops: 0 rt_node_SOURCE_pushes: 25973 rt_node_SOURCE_high_fanout_pushes: 0 rt_node_SOURCE_entire_tree_pushes: 25973 total_external_SINK_pushes: 81184 total_external_SINK_pops: 72312 total_internal_SINK_pushes: 0 total_internal_SINK_pops: 0 rt_node_SINK_pushes: 0 rt_node_SINK_high_fanout_pushes: 0 rt_node_SINK_entire_tree_pushes: 0 total_external_IPIN_pushes: 113769 total_external_IPIN_pops: 106982 total_internal_IPIN_pushes: 0 total_internal_IPIN_pops: 0 rt_node_IPIN_pushes: 0 rt_node_IPIN_high_fanout_pushes: 0 rt_node_IPIN_entire_tree_pushes: 0 total_external_OPIN_pushes: 27296 total_external_OPIN_pops: 21854 total_internal_OPIN_pushes: 0 total_internal_OPIN_pops: 0 rt_node_OPIN_pushes: 11178 rt_node_OPIN_high_fanout_pushes: 0 rt_node_OPIN_entire_tree_pushes: 11178 total_external_CHANX_pushes: 611837 total_external_CHANX_pops: 71594 total_internal_CHANX_pushes: 0 total_internal_CHANX_pops: 0 rt_node_CHANX_pushes: 22289 rt_node_CHANX_high_fanout_pushes: 0 rt_node_CHANX_entire_tree_pushes: 22289 total_external_CHANY_pushes: 598886 total_external_CHANY_pops: 74796 total_internal_CHANY_pushes: 0 total_internal_CHANY_pops: 0 rt_node_CHANY_pushes: 24447 rt_node_CHANY_high_fanout_pushes: 0 rt_node_CHANY_entire_tree_pushes: 24447 total_number_of_adding_all_rt: 130575 total_number_of_adding_high_fanout_rt: 0 total_number_of_adding_all_rt_from_calling_high_fanout_rt: 0 

Attempting to route at 44 channels (binary search bounds: [38, 48])
## Build routing resource graph
SOURCE->OPIN and IPIN->SINK edge count:52388
OPIN->CHANX/CHANY edge count before creating direct connections: 66518
OPIN->CHANX/CHANY edge count after creating direct connections: 67085
CHAN->CHAN type edge count:368976
## Build routing resource graph took 0.13 seconds (max_rss 146.0 MiB, delta_rss +0.0 MiB)
  RR Graph Nodes: 96328
  RR Graph Edges: 488449
Confirming router algorithm: TIMING_DRIVEN.
## Computing router lookahead map
### Computing wire lookahead
### Computing wire lookahead took 0.50 seconds (max_rss 146.0 MiB, delta_rss +0.0 MiB)
### Computing src/opin lookahead
### Computing src/opin lookahead took 0.00 seconds (max_rss 146.0 MiB, delta_rss +0.0 MiB)
## Computing router lookahead map took 0.50 seconds (max_rss 146.0 MiB, delta_rss +0.0 MiB)
## Initializing router criticalities
Initial Net Connection Criticality Histogram:
[        0:      0.1)  638 ( 10.5%) |***********************
[      0.1:      0.2)  231 (  3.8%) |********
[      0.2:      0.3)  284 (  4.7%) |**********
[      0.3:      0.4)  364 (  6.0%) |*************
[      0.4:      0.5)  531 (  8.7%) |*******************
[      0.5:      0.6)  784 ( 12.9%) |****************************
[      0.6:      0.7) 1082 ( 17.8%) |***************************************
[      0.7:      0.8) 1283 ( 21.1%) |**********************************************
[      0.8:      0.9)  805 ( 13.2%) |*****************************
[      0.9:        1)   85 (  1.4%) |***
## Initializing router criticalities took 0.01 seconds (max_rss 146.0 MiB, delta_rss +0.0 MiB)
---- ------ ------- ---- ------- ------- ------- ----------------- --------------- -------- ---------- ---------- ---------- ---------- --------
Iter   Time    pres  BBs    Heap  Re-Rtd  Re-Rtd Overused RR Nodes      Wirelength      CPD       sTNS       sWNS       hTNS       hWNS Est Succ
      (sec)     fac Updt    push    Nets   Conns                                       (ns)       (ns)       (ns)       (ns)       (ns)     Iter
---- ------ ------- ---- ------- ------- ------- ----------------- --------------- -------- ---------- ---------- ---------- ---------- --------
   1    0.0     0.0    0  229204    3780    5571    2612 ( 2.712%)   37079 (51.9%)   18.745 -1.341e+04    -18.745      0.000      0.000      N/A
   2    0.0     0.5   10  205711    2758    4447    1983 ( 2.059%)   37190 (52.0%)   18.747 -1.342e+04    -18.747      0.000      0.000      N/A
   3    0.0     0.6   16  214635    2243    3807    1690 ( 1.754%)   38684 (54.1%)   18.746 -1.346e+04    -18.746      0.000      0.000      N/A
   4    0.0     0.8   46  202236    1920    3392    1295 ( 1.344%)   39766 (55.7%)   18.748 -1.349e+04    -18.748      0.000      0.000      N/A
   5    0.0     1.1   54  195440    1563    2863     964 ( 1.001%)   40716 (57.0%)   18.748 -1.353e+04    -18.748      0.000      0.000      N/A
   6    0.0     1.4   45  171015    1224    2398     723 ( 0.751%)   41481 (58.1%)   18.749 -1.356e+04    -18.749      0.000      0.000      N/A
   7    0.0     1.9   40  144640     938    1961     528 ( 0.548%)   42052 (58.9%)   18.748 -1.357e+04    -18.748      0.000      0.000      N/A
   8    0.0     2.4   36  132398     716    1559     341 ( 0.354%)   42837 (59.9%)   18.748 -1.360e+04    -18.748      0.000      0.000      N/A
   9    0.0     3.1   29  100277     495    1096     218 ( 0.226%)   43259 (60.5%)   18.754 -1.363e+04    -18.754      0.000      0.000      N/A
  10    0.0     4.1   16   75052     320     762     140 ( 0.145%)   43699 (61.2%)   18.754 -1.363e+04    -18.754      0.000      0.000       24
  11    0.0     5.3   17   61144     214     530      84 ( 0.087%)   44226 (61.9%)   18.754 -1.365e+04    -18.754      0.000      0.000       22
  12    0.0     6.9   13   40273     120     284      50 ( 0.052%)   44475 (62.2%)   18.754 -1.366e+04    -18.754      0.000      0.000       21
  13    0.0     9.0   10   30704      72     170      25 ( 0.026%)   44732 (62.6%)   18.754 -1.367e+04    -18.754      0.000      0.000       20
  14    0.0    11.6    9   23670      36     108      13 ( 0.013%)   44869 (62.8%)   18.754 -1.367e+04    -18.754      0.000      0.000       20
  15    0.0    15.1    6   13862      19      53       5 ( 0.005%)   44936 (62.9%)   18.754 -1.368e+04    -18.754      0.000      0.000       19
  16    0.0    19.7    4    2148       6      13       2 ( 0.002%)   44969 (62.9%)   18.754 -1.368e+04    -18.754      0.000      0.000       18
  17    0.0    25.6    2    1288       3       5       1 ( 0.001%)   44965 (62.9%)   18.754 -1.367e+04    -18.754      0.000      0.000       18
  18    0.0    33.3    0    1498       2       4       1 ( 0.001%)   44973 (62.9%)   18.754 -1.368e+04    -18.754      0.000      0.000       17
  19    0.0    43.3    0    1763       1       2       1 ( 0.001%)   44973 (62.9%)   18.754 -1.368e+04    -18.754      0.000      0.000       17
  20    0.0    56.2    1     124       1       3       0 ( 0.000%)   44973 (62.9%)   18.754 -1.368e+04    -18.754      0.000      0.000       18
Restoring best routing
Critical path: 18.7545 ns
Successfully routed after 20 routing iterations.
Final Net Connection Criticality Histogram:
[        0:      0.1)  614 ( 10.1%) |*********************
[      0.1:      0.2)  233 (  3.8%) |********
[      0.2:      0.3)  283 (  4.6%) |**********
[      0.3:      0.4)  384 (  6.3%) |*************
[      0.4:      0.5)  563 (  9.2%) |*******************
[      0.5:      0.6)  777 ( 12.8%) |***************************
[      0.6:      0.7) 1196 ( 19.6%) |*****************************************
[      0.7:      0.8) 1342 ( 22.0%) |**********************************************
[      0.8:      0.9)  628 ( 10.3%) |**********************
[      0.9:        1)   67 (  1.1%) |**
Router Stats: total_nets_routed: 16431 total_connections_routed: 29028 total_heap_pushes: 1847082 total_heap_pops: 449264 total_internal_heap_pushes: 0 total_internal_heap_pops: 0 total_external_heap_pushes: 1847082 total_external_heap_pops: 449264 total_external_SOURCE_pushes: 29028 total_external_SOURCE_pops: 22501 total_internal_SOURCE_pushes: 0 total_internal_SOURCE_pops: 0 rt_node_SOURCE_pushes: 29028 rt_node_SOURCE_high_fanout_pushes: 0 rt_node_SOURCE_entire_tree_pushes: 29028 total_external_SINK_pushes: 90749 total_external_SINK_pops: 79577 total_internal_SINK_pushes: 0 total_internal_SINK_pops: 0 rt_node_SINK_pushes: 0 rt_node_SINK_high_fanout_pushes: 0 rt_node_SINK_entire_tree_pushes: 0 total_external_IPIN_pushes: 132018 total_external_IPIN_pops: 123105 total_internal_IPIN_pushes: 0 total_internal_IPIN_pops: 0 rt_node_IPIN_pushes: 0 rt_node_IPIN_high_fanout_pushes: 0 rt_node_IPIN_entire_tree_pushes: 0 total_external_OPIN_pushes: 30573 total_external_OPIN_pops: 24575 total_internal_OPIN_pushes: 0 total_internal_OPIN_pops: 0 rt_node_OPIN_pushes: 12597 rt_node_OPIN_high_fanout_pushes: 0 rt_node_OPIN_entire_tree_pushes: 12597 total_external_CHANX_pushes: 790861 total_external_CHANX_pops: 97923 total_internal_CHANX_pushes: 0 total_internal_CHANX_pops: 0 rt_node_CHANX_pushes: 25870 rt_node_CHANX_high_fanout_pushes: 0 rt_node_CHANX_entire_tree_pushes: 25870 total_external_CHANY_pushes: 773853 total_external_CHANY_pops: 101583 total_internal_CHANY_pushes: 0 total_internal_CHANY_pops: 0 rt_node_CHANY_pushes: 27556 rt_node_CHANY_high_fanout_pushes: 0 rt_node_CHANY_entire_tree_pushes: 27556 total_number_of_adding_all_rt: 147093 total_number_of_adding_high_fanout_rt: 0 total_number_of_adding_all_rt_from_calling_high_fanout_rt: 0 

Attempting to route at 42 channels (binary search bounds: [38, 44])
## Build routing resource graph
SOURCE->OPIN and IPIN->SINK edge count:52388
OPIN->CHANX/CHANY edge count before creating direct connections: 63638
OPIN->CHANX/CHANY edge count after creating direct connections: 64205
CHAN->CHAN type edge count:350954
## Build routing resource graph took 0.13 seconds (max_rss 146.0 MiB, delta_rss +0.0 MiB)
  RR Graph Nodes: 95428
  RR Graph Edges: 467547
Confirming router algorithm: TIMING_DRIVEN.
## Computing router lookahead map
### Computing wire lookahead
### Computing wire lookahead took 0.48 seconds (max_rss 146.0 MiB, delta_rss +0.0 MiB)
### Computing src/opin lookahead
### Computing src/opin lookahead took 0.00 seconds (max_rss 146.0 MiB, delta_rss +0.0 MiB)
## Computing router lookahead map took 0.48 seconds (max_rss 146.0 MiB, delta_rss +0.0 MiB)
## Initializing router criticalities
Initial Net Connection Criticality Histogram:
[        0:      0.1)  637 ( 10.5%) |***********************
[      0.1:      0.2)  232 (  3.8%) |********
[      0.2:      0.3)  284 (  4.7%) |**********
[      0.3:      0.4)  365 (  6.0%) |*************
[      0.4:      0.5)  532 (  8.7%) |*******************
[      0.5:      0.6)  793 ( 13.0%) |****************************
[      0.6:      0.7) 1076 ( 17.7%) |***************************************
[      0.7:      0.8) 1284 ( 21.1%) |**********************************************
[      0.8:      0.9)  800 ( 13.1%) |*****************************
[      0.9:        1)   84 (  1.4%) |***
## Initializing router criticalities took 0.01 seconds (max_rss 146.0 MiB, delta_rss +0.0 MiB)
---- ------ ------- ---- ------- ------- ------- ----------------- --------------- -------- ---------- ---------- ---------- ---------- --------
Iter   Time    pres  BBs    Heap  Re-Rtd  Re-Rtd Overused RR Nodes      Wirelength      CPD       sTNS       sWNS       hTNS       hWNS Est Succ
      (sec)     fac Updt    push    Nets   Conns                                       (ns)       (ns)       (ns)       (ns)       (ns)     Iter
---- ------ ------- ---- ------- ------- ------- ----------------- --------------- -------- ---------- ---------- ---------- ---------- --------
   1    0.0     0.0    0  226248    3780    5571    2601 ( 2.726%)   36546 (53.6%)   18.481 -1.338e+04    -18.481      0.000      0.000      N/A
   2    0.0     0.5   14  201036    2831    4475    2123 ( 2.225%)   36503 (53.5%)   18.447 -1.338e+04    -18.447      0.000      0.000      N/A
   3    0.0     0.6   11  207349    2326    3855    1748 ( 1.832%)   38256 (56.1%)   18.449 -1.342e+04    -18.449      0.000      0.000      N/A
   4    0.0     0.8   46  208259    1994    3474    1456 ( 1.526%)   39439 (57.8%)   18.458 -1.347e+04    -18.458      0.000      0.000      N/A
   5    0.0     1.1   48  198001    1688    3050    1120 ( 1.174%)   40284 (59.1%)   18.483 -1.351e+04    -18.483      0.000      0.000      N/A
   6    0.0     1.4   48  186660    1360    2606     827 ( 0.867%)   41293 (60.5%)   18.454 -1.354e+04    -18.454      0.000      0.000      N/A
   7    0.0     1.9   46  168536    1086    2144     639 ( 0.670%)   41985 (61.6%)   18.459 -1.357e+04    -18.459      0.000      0.000      N/A
   8    0.0     2.4   38  151666     860    1790     466 ( 0.488%)   42735 (62.7%)   18.460 -1.360e+04    -18.460      0.000      0.000      N/A
   9    0.0     3.1   47  130791     630    1351     323 ( 0.338%)   43324 (63.5%)   18.460 -1.363e+04    -18.460      0.000      0.000      N/A
  10    0.0     4.1   19  106334     464    1049     215 ( 0.225%)   43931 (64.4%)   18.460 -1.365e+04    -18.460      0.000      0.000       28
  11    0.0     5.3   29   86755     315     723     146 ( 0.153%)   44408 (65.1%)   18.460 -1.367e+04    -18.460      0.000      0.000       26
  12    0.0     6.9   17   69045     226     525      94 ( 0.099%)   44828 (65.7%)   18.460 -1.368e+04    -18.460      0.000      0.000       25
  13    0.0     9.0   15   65188     151     353      54 ( 0.057%)   45148 (66.2%)   18.460 -1.370e+04    -18.460      0.000      0.000       24
  14    0.0    11.6   12   33727      88     196      38 ( 0.040%)   45396 (66.6%)   18.460 -1.371e+04    -18.460      0.000      0.000       23
  15    0.0    15.1    9   28831      63     148      29 ( 0.030%)   45545 (66.8%)   18.460 -1.372e+04    -18.460      0.000      0.000       23
  16    0.0    19.7    8   27078      54     116      22 ( 0.023%)   45652 (66.9%)   18.460 -1.373e+04    -18.460      0.000      0.000       23
  17    0.0    25.6    6   18812      33      83      19 ( 0.020%)   45779 (67.1%)   18.460 -1.374e+04    -18.460      0.000      0.000       23
  18    0.0    33.3    2   27290      31      76      10 ( 0.010%)   45861 (67.2%)   18.460 -1.375e+04    -18.460      0.000      0.000       24
  19    0.0    43.3    5   17368      15      36       4 ( 0.004%)   46013 (67.5%)   18.607 -1.376e+04    -18.607      0.000      0.000       24
  20    0.0    56.2    5   11649      22      50       1 ( 0.001%)   46097 (67.6%)   18.607 -1.378e+04    -18.607      0.000      0.000       23
  21    0.0    73.1    3    2030      19      42       1 ( 0.001%)   46093 (67.6%)   18.460 -1.378e+04    -18.460      0.000      0.000       22
  22    0.0    95.0    0     241       3       5       2 ( 0.002%)   46109 (67.6%)   18.607 -1.378e+04    -18.607      0.000      0.000       22
  23    0.0   123.5    0    3553      22      51       1 ( 0.001%)   46089 (67.6%)   18.607 -1.378e+04    -18.607      0.000      0.000       22
  24    0.0   160.6    0    2120      19      44       0 ( 0.000%)   46081 (67.6%)   18.607 -1.378e+04    -18.607      0.000      0.000       22
Restoring best routing
Critical path: 18.6068 ns
Successfully routed after 24 routing iterations.
Final Net Connection Criticality Histogram:
[        0:      0.1)  615 ( 10.1%) |********************
[      0.1:      0.2)  223 (  3.7%) |*******
[      0.2:      0.3)  272 (  4.5%) |*********
[      0.3:      0.4)  378 (  6.2%) |************
[      0.4:      0.5)  540 (  8.9%) |******************
[      0.5:      0.6)  755 ( 12.4%) |*************************
[      0.6:      0.7) 1109 ( 18.2%) |************************************
[      0.7:      0.8) 1400 ( 23.0%) |**********************************************
[      0.8:      0.9)  691 ( 11.4%) |***********************
[      0.9:        1)  104 (  1.7%) |***
Router Stats: total_nets_routed: 18080 total_connections_routed: 31813 total_heap_pushes: 2178567 total_heap_pops: 515386 total_internal_heap_pushes: 0 total_internal_heap_pops: 0 total_external_heap_pushes: 2178567 total_external_heap_pops: 515386 total_external_SOURCE_pushes: 31813 total_external_SOURCE_pops: 24923 total_internal_SOURCE_pushes: 0 total_internal_SOURCE_pops: 0 rt_node_SOURCE_pushes: 31813 rt_node_SOURCE_high_fanout_pushes: 0 rt_node_SOURCE_entire_tree_pushes: 31813 total_external_SINK_pushes: 98440 total_external_SINK_pops: 86134 total_internal_SINK_pushes: 0 total_internal_SINK_pops: 0 rt_node_SINK_pushes: 0 rt_node_SINK_high_fanout_pushes: 0 rt_node_SINK_entire_tree_pushes: 0 total_external_IPIN_pushes: 140910 total_external_IPIN_pops: 129553 total_internal_IPIN_pushes: 0 total_internal_IPIN_pops: 0 rt_node_IPIN_pushes: 0 rt_node_IPIN_high_fanout_pushes: 0 rt_node_IPIN_entire_tree_pushes: 0 total_external_OPIN_pushes: 33458 total_external_OPIN_pops: 27165 total_internal_OPIN_pushes: 0 total_internal_OPIN_pops: 0 rt_node_OPIN_pushes: 13733 rt_node_OPIN_high_fanout_pushes: 0 rt_node_OPIN_entire_tree_pushes: 13733 total_external_CHANX_pushes: 942994 total_external_CHANX_pops: 121878 total_internal_CHANX_pushes: 0 total_internal_CHANX_pops: 0 rt_node_CHANX_pushes: 28417 rt_node_CHANX_high_fanout_pushes: 0 rt_node_CHANX_entire_tree_pushes: 28417 total_external_CHANY_pushes: 930952 total_external_CHANY_pops: 125733 total_internal_CHANY_pushes: 0 total_internal_CHANY_pops: 0 rt_node_CHANY_pushes: 30651 rt_node_CHANY_high_fanout_pushes: 0 rt_node_CHANY_entire_tree_pushes: 30651 total_number_of_adding_all_rt: 161206 total_number_of_adding_high_fanout_rt: 0 total_number_of_adding_all_rt_from_calling_high_fanout_rt: 0 

Attempting to route at 40 channels (binary search bounds: [38, 42])
## Build routing resource graph
SOURCE->OPIN and IPIN->SINK edge count:52388
OPIN->CHANX/CHANY edge count before creating direct connections: 60768
OPIN->CHANX/CHANY edge count after creating direct connections: 61335
CHAN->CHAN type edge count:334612
## Build routing resource graph took 0.12 seconds (max_rss 146.0 MiB, delta_rss +0.0 MiB)
  RR Graph Nodes: 94532
  RR Graph Edges: 448335
Confirming router algorithm: TIMING_DRIVEN.
## Computing router lookahead map
### Computing wire lookahead
### Computing wire lookahead took 0.47 seconds (max_rss 146.0 MiB, delta_rss +0.0 MiB)
### Computing src/opin lookahead
### Computing src/opin lookahead took 0.00 seconds (max_rss 146.0 MiB, delta_rss +0.0 MiB)
## Computing router lookahead map took 0.47 seconds (max_rss 146.0 MiB, delta_rss +0.0 MiB)
## Initializing router criticalities
Initial Net Connection Criticality Histogram:
[        0:      0.1)  638 ( 10.5%) |***********************
[      0.1:      0.2)  231 (  3.8%) |********
[      0.2:      0.3)  283 (  4.6%) |**********
[      0.3:      0.4)  364 (  6.0%) |*************
[      0.4:      0.5)  532 (  8.7%) |*******************
[      0.5:      0.6)  783 ( 12.9%) |****************************
[      0.6:      0.7) 1080 ( 17.7%) |***************************************
[      0.7:      0.8) 1267 ( 20.8%) |**********************************************
[      0.8:      0.9)  821 ( 13.5%) |******************************
[      0.9:        1)   88 (  1.4%) |***
## Initializing router criticalities took 0.01 seconds (max_rss 146.0 MiB, delta_rss +0.0 MiB)
---- ------ ------- ---- ------- ------- ------- ----------------- --------------- -------- ---------- ---------- ---------- ---------- --------
Iter   Time    pres  BBs    Heap  Re-Rtd  Re-Rtd Overused RR Nodes      Wirelength      CPD       sTNS       sWNS       hTNS       hWNS Est Succ
      (sec)     fac Updt    push    Nets   Conns                                       (ns)       (ns)       (ns)       (ns)       (ns)     Iter
---- ------ ------- ---- ------- ------- ------- ----------------- --------------- -------- ---------- ---------- ---------- ---------- --------
   1    0.0     0.0    0  217141    3780    5571    2578 ( 2.727%)   36015 (55.4%)   18.286 -1.335e+04    -18.286      0.000      0.000      N/A
   2    0.0     0.5   15  192430    2717    4383    2011 ( 2.127%)   36148 (55.6%)   18.286 -1.334e+04    -18.286      0.000      0.000      N/A
   3    0.0     0.6   20  197048    2272    3808    1735 ( 1.835%)   37557 (57.8%)   18.297 -1.337e+04    -18.297      0.000      0.000      N/A
   4    0.0     0.8   37  200171    1947    3379    1386 ( 1.466%)   38561 (59.4%)   18.296 -1.340e+04    -18.296      0.000      0.000      N/A
   5    0.0     1.1   43  192142    1660    3021    1123 ( 1.188%)   39696 (61.1%)   18.285 -1.343e+04    -18.285      0.000      0.000      N/A
   6    0.0     1.4   66  186298    1359    2613     867 ( 0.917%)   40579 (62.5%)   18.285 -1.344e+04    -18.285      0.000      0.000      N/A
   7    0.0     1.9   51  161893    1072    2122     613 ( 0.648%)   41315 (63.6%)   18.286 -1.348e+04    -18.286      0.000      0.000      N/A
   8    0.0     2.4   34  138898     851    1748     484 ( 0.512%)   41891 (64.5%)   18.286 -1.351e+04    -18.286      0.000      0.000      N/A
   9    0.0     3.1   24  131418     673    1452     340 ( 0.360%)   42465 (65.4%)   18.286 -1.353e+04    -18.286      0.000      0.000      N/A
  10    0.0     4.1   34  106419     456    1030     210 ( 0.222%)   43120 (66.4%)   18.286 -1.355e+04    -18.286      0.000      0.000       29
  11    0.0     5.3   22   94703     320     752     157 ( 0.166%)   43523 (67.0%)   18.287 -1.357e+04    -18.287      0.000      0.000       26
  12    0.0     6.9   19   81065     238     551     108 ( 0.114%)   43991 (67.7%)   18.287 -1.358e+04    -18.287      0.000      0.000       26
  13    0.0     9.0   24   67868     158     382      75 ( 0.079%)   44367 (68.3%)   18.287 -1.359e+04    -18.287      0.000      0.000       25
  14    0.0    11.6   11   53071     107     260      44 ( 0.047%)   44729 (68.9%)   18.287 -1.362e+04    -18.287      0.000      0.000       25
  15    0.0    15.1   13   48003      63     180      25 ( 0.026%)   44993 (69.3%)   18.287 -1.364e+04    -18.287      0.000      0.000       24
  16    0.0    19.7   13   42919      42     101      14 ( 0.015%)   45179 (69.5%)   18.287 -1.364e+04    -18.287      0.000      0.000       23
  17    0.0    25.6    4   24150      23      49      11 ( 0.012%)   45220 (69.6%)   18.287 -1.364e+04    -18.287      0.000      0.000       22
  18    0.0    33.3    2   15305      17      38       9 ( 0.010%)   45282 (69.7%)   18.287 -1.365e+04    -18.287      0.000      0.000       22
  19    0.0    43.3    3    9810      14      31       6 ( 0.006%)   45291 (69.7%)   18.287 -1.365e+04    -18.287      0.000      0.000       23
  20    0.0    56.2    1   20145      12      28       7 ( 0.007%)   45295 (69.7%)   18.287 -1.365e+04    -18.287      0.000      0.000       23
  21    0.0    73.1    0   23286      11      34       9 ( 0.010%)   45303 (69.7%)   18.287 -1.365e+04    -18.287      0.000      0.000       24
  22    0.0    95.0    0   47683      13      58       3 ( 0.003%)   45441 (70.0%)   18.287 -1.367e+04    -18.287      0.000      0.000       25
  23    0.0   123.5    5    8537       5      17       1 ( 0.001%)   45509 (70.1%)   18.287 -1.368e+04    -18.287      0.000      0.000       26
  24    0.0   160.6    1    1262       2       4       1 ( 0.001%)   45509 (70.1%)   18.287 -1.368e+04    -18.287      0.000      0.000       25
  25    0.0   208.8    0    1262       2       4       1 ( 0.001%)   45509 (70.1%)   18.287 -1.368e+04    -18.287      0.000      0.000       25
  26    0.0   271.4    0    3547       2       6       1 ( 0.001%)   45537 (70.1%)   18.287 -1.368e+04    -18.287      0.000      0.000       25
  27    0.0   352.8    0    3591       2       4       1 ( 0.001%)   45529 (70.1%)   18.287 -1.368e+04    -18.287      0.000      0.000       25
  28    0.0   458.7    0     435       2       3       2 ( 0.002%)   45509 (70.1%)   18.287 -1.368e+04    -18.287      0.000      0.000       26
  29    0.0   596.3    1    2155       3       5       2 ( 0.002%)   45597 (70.2%)   18.287 -1.368e+04    -18.287      0.000      0.000       27
  30    0.0   775.1    1    4181       6      11       3 ( 0.003%)   45687 (70.3%)   18.287 -1.369e+04    -18.287      0.000      0.000       28
  31    0.0  1007.7    2    3300       3       8       2 ( 0.002%)   45680 (70.3%)   18.287 -1.369e+04    -18.287      0.000      0.000       30
  32    0.0  1310.0    1    2602       4      10       2 ( 0.002%)   45655 (70.3%)   18.287 -1.369e+04    -18.287      0.000      0.000       31
  33    0.0  1703.0    1    1956       4       6       1 ( 0.001%)   45683 (70.3%)   18.287 -1.369e+04    -18.287      0.000      0.000       33
  34    0.0  2213.9    1     515       1       2       1 ( 0.001%)   45683 (70.3%)   18.287 -1.369e+04    -18.287      0.000      0.000       33
  35    0.0  2878.1    1     503       2       4       0 ( 0.000%)   45675 (70.3%)   18.287 -1.369e+04    -18.287      0.000      0.000       34
Restoring best routing
Critical path: 18.287 ns
Successfully routed after 35 routing iterations.
Final Net Connection Criticality Histogram:
[        0:      0.1)  607 ( 10.0%) |********************
[      0.1:      0.2)  222 (  3.6%) |*******
[      0.2:      0.3)  272 (  4.5%) |*********
[      0.3:      0.4)  365 (  6.0%) |************
[      0.4:      0.5)  491 (  8.1%) |****************
[      0.5:      0.6)  739 ( 12.1%) |************************
[      0.6:      0.7) 1086 ( 17.8%) |***********************************
[      0.7:      0.8) 1410 ( 23.2%) |**********************************************
[      0.8:      0.9)  785 ( 12.9%) |**************************
[      0.9:        1)  110 (  1.8%) |****
Router Stats: total_nets_routed: 17843 total_connections_routed: 31675 total_heap_pushes: 2285712 total_heap_pops: 538953 total_internal_heap_pushes: 0 total_internal_heap_pops: 0 total_external_heap_pushes: 2285712 total_external_heap_pops: 538953 total_external_SOURCE_pushes: 31675 total_external_SOURCE_pops: 24663 total_internal_SOURCE_pushes: 0 total_internal_SOURCE_pops: 0 rt_node_SOURCE_pushes: 31675 rt_node_SOURCE_high_fanout_pushes: 0 rt_node_SOURCE_entire_tree_pushes: 31675 total_external_SINK_pushes: 94564 total_external_SINK_pops: 84958 total_internal_SINK_pushes: 0 total_internal_SINK_pops: 0 rt_node_SINK_pushes: 0 rt_node_SINK_high_fanout_pushes: 0 rt_node_SINK_entire_tree_pushes: 0 total_external_IPIN_pushes: 135710 total_external_IPIN_pops: 128137 total_internal_IPIN_pushes: 0 total_internal_IPIN_pops: 0 rt_node_IPIN_pushes: 0 rt_node_IPIN_high_fanout_pushes: 0 rt_node_IPIN_entire_tree_pushes: 0 total_external_OPIN_pushes: 33309 total_external_OPIN_pops: 26921 total_internal_OPIN_pushes: 0 total_internal_OPIN_pops: 0 rt_node_OPIN_pushes: 13832 rt_node_OPIN_high_fanout_pushes: 0 rt_node_OPIN_entire_tree_pushes: 13832 total_external_CHANX_pushes: 998023 total_external_CHANX_pops: 136519 total_internal_CHANX_pushes: 0 total_internal_CHANX_pops: 0 rt_node_CHANX_pushes: 28864 rt_node_CHANX_high_fanout_pushes: 0 rt_node_CHANX_entire_tree_pushes: 28864 total_external_CHANY_pushes: 992431 total_external_CHANY_pops: 137755 total_internal_CHANY_pushes: 0 total_internal_CHANY_pops: 0 rt_node_CHANY_pushes: 30859 rt_node_CHANY_high_fanout_pushes: 0 rt_node_CHANY_entire_tree_pushes: 30859 total_number_of_adding_all_rt: 162900 total_number_of_adding_high_fanout_rt: 0 total_number_of_adding_all_rt_from_calling_high_fanout_rt: 0 
## Build routing resource graph
SOURCE->OPIN and IPIN->SINK edge count:52388
OPIN->CHANX/CHANY edge count before creating direct connections: 60768
OPIN->CHANX/CHANY edge count after creating direct connections: 61335
CHAN->CHAN type edge count:334612
## Build routing resource graph took 0.12 seconds (max_rss 146.0 MiB, delta_rss +0.0 MiB)
  RR Graph Nodes: 94532
  RR Graph Edges: 448335
Best routing used a channel width factor of 40.
# Routing took 7.75 seconds (max_rss 146.0 MiB, delta_rss +0.0 MiB)

Checking to ensure routing is legal...
# Checking to ensure non-configurable edges are legal
# Checking to ensure non-configurable edges are legal took 0.00 seconds (max_rss 146.0 MiB, delta_rss +0.0 MiB)
Completed routing consistency check successfully.

Serial number (magic cookie) for the routing is: -1486903772
Circuit successfully routed with a channel width factor of 40.
# Synchronize the packed netlist to routing optimization
## Annotating rr_node with routed nets
## Annotating rr_node with routed nets took 0.00 seconds (max_rss 146.0 MiB, delta_rss +0.0 MiB)
Found 8936 mismatches between routing and packing results.
Fixed 5093 routing traces due to mismatch between routing and packing results.
# Synchronize the packed netlist to routing optimization took 0.04 seconds (max_rss 146.0 MiB, delta_rss +0.0 MiB)
Final Clustering Statistics: 
----------   --------   ------------------------------------   --------------------------
Block Type   # Blocks   Avg. # of input clocks and pins used   Avg. # of output pins used
----------   --------   ------------------------------------   --------------------------
     EMPTY          0                                      0                            0   
        io         58                               0.293103                     0.706897   
       clb        574                                10.5749                      6.51568   
   mult_36          0                                      0                            0   
    memory          0                                      0                            0   
Absorbed logical nets 6662 out of 10443 nets, 3781 nets not absorbed.


Average number of bends per net: 1.58201  Maximum # of bends: 23

Number of global nets: 1
Number of routed nets (nonglobal): 3780
Wire length results (in units of 1 clb segments)...
	Total wirelength: 45675, average net length: 12.0833
	Maximum net length: 137

Wire length results in terms of physical segments...
	Total wiring segments used: 11897, average wire segments per net: 3.14735
	Maximum segments used by a net: 36
	Total local nets with reserved CLB opins: 0
Total number of nets absorbed: 0

Routing channel utilization histogram:
[        1:      inf)   0 (  0.0%) |
[      0.9:        1) 126 (  7.5%) |*********
[      0.8:      0.9) 410 ( 24.4%) |*****************************
[      0.7:      0.8) 654 ( 38.9%) |***********************************************
[      0.5:      0.6) 142 (  8.4%) |**********
[      0.4:      0.5)  96 (  5.7%) |*******
[      0.3:      0.4)  94 (  5.6%) |*******
[      0.2:      0.3)  34 (  2.0%) |**
[      0.1:      0.2)  48 (  2.9%) |***
[        0:      0.1)  78 (  4.6%) |******
Maximum routing channel utilization:      0.98 at (13,4)

X - Directed channels:   j max occ ave occ capacity
                      ---- ------- ------- --------
                         0      33  19.100       40
                         1      33  20.767       40
                         2      35  25.533       40
                         3      38  25.200       40
                         4      39  25.533       40
                         5      39  26.867       40
                         6      37  27.100       40
                         7      35  27.500       40
                         8      36  28.467       40
                         9      37  28.267       40
                        10      37  28.700       40
                        11      38  27.333       40
                        12      39  29.600       40
                        13      39  30.767       40
                        14      38  30.700       40
                        15      37  30.267       40
                        16      37  26.167       40
                        17      38  29.400       40
                        18      36  27.933       40
                        19      37  26.500       40
                        20      38  25.967       40
                        21      39  25.600       40
                        22      38  28.500       40
                        23      37  25.633       40
                        24      38  23.867       40
                        25      34  23.267       40
                        26      37  22.767       40
                        27      34  18.767       40
                        28      33  15.900       40
Y - Directed channels:   i max occ ave occ capacity
                      ---- ------- ------- --------
                         0      27  17.033       40
                         1      32  19.700       40
                         2      33  22.600       40
                         3      38  27.133       40
                         4      37  28.000       40
                         5      36  27.067       40
                         6      37  24.833       40
                         7      37  26.433       40
                         8      40  28.367       40
                         9      39  29.000       40
                        10      38  26.400       40
                        11      38  30.500       40
                        12      39  31.000       40
                        13      38  28.300       40
                        14      36  27.833       40
                        15      40  31.367       40
                        16      38  29.700       40
                        17      37  29.300       40
                        18      40  30.467       40
                        19      39  30.000       40
                        20      39  30.933       40
                        21      38  28.100       40
                        22      36  26.333       40
                        23      39  29.300       40
                        24      36  27.267       40
                        25      37  22.667       40
                        26      33  20.967       40
                        27      37  22.500       40
                        28      39  17.433       40

Total tracks in x-direction: 1160, in y-direction: 1160

Logic area (in minimum width transistor areas, excludes I/Os and empty grid tiles)...
	Total logic block area (Warning, need to add pitch of routing to blocks with height > 3): 4.8774e+07
	Total used logic block area: 3.09352e+07

Routing area (in minimum width transistor areas)...
	Total routing area: 2.70791e+06, per logic tile: 3008.79

Total Number of Wiring Segments by Direction: direction length number
                                              --------- ------ -------
                                                      X      4   8990
                                                      Y      4   8990

X - Directed Wiring Segment usage by length: length utilization
                                             ------ -----------
                                             4       0.654

Y - Directed Wiring Segment usage by length: length utilization
                                             ------ -----------
                                             4        0.67

Segment occupancy by length: Length utilization
                             ------ -----------
                             L4           0.662

Segment occupancy by type:              name type utilization
                           ----------------- ---- -----------
                           unnamed_segment_0    0       0.662

Final hold Worst Negative Slack (hWNS): 0 ns
Final hold Total Negative Slack (hTNS): 0 ns

Final hold slack histogram:
[  5.8e-11:  5.3e-10) 237 ( 16.7%) |********************************
[  5.3e-10:    1e-09) 346 ( 24.4%) |***********************************************
[    1e-09:  1.5e-09) 345 ( 24.3%) |***********************************************
[  1.5e-09:    2e-09) 264 ( 18.6%) |************************************
[    2e-09:  2.4e-09) 134 (  9.4%) |******************
[  2.4e-09:  2.9e-09)  49 (  3.5%) |*******
[  2.9e-09:  3.4e-09)  27 (  1.9%) |****
[  3.4e-09:  3.8e-09)  12 (  0.8%) |**
[  3.8e-09:  4.3e-09)   2 (  0.1%) |
[  4.3e-09:  4.8e-09)   3 (  0.2%) |

Final critical path delay (least slack): 18.287 ns, Fmax: 54.6836 MHz
Final setup Worst Negative Slack (sWNS): -18.287 ns
Final setup Total Negative Slack (sTNS): -13692.9 ns

Final setup slack histogram:
[ -1.8e-08: -1.7e-08)  13 (  0.9%) |**
[ -1.7e-08: -1.5e-08) 151 ( 10.6%) |*************************
[ -1.5e-08: -1.3e-08) 281 ( 19.8%) |***********************************************
[ -1.3e-08: -1.1e-08) 236 ( 16.6%) |***************************************
[ -1.1e-08: -9.4e-09) 158 ( 11.1%) |**************************
[ -9.4e-09: -7.6e-09) 124 (  8.7%) |*********************
[ -7.6e-09: -5.9e-09) 102 (  7.2%) |*****************
[ -5.9e-09: -4.1e-09) 101 (  7.1%) |*****************
[ -4.1e-09: -2.3e-09) 101 (  7.1%) |*****************
[ -2.3e-09: -5.4e-10) 152 ( 10.7%) |*************************

Final geomean non-virtual intra-domain period: 18.287 ns (54.6836 MHz)
Final fanout-weighted geomean non-virtual intra-domain period: 18.287 ns (54.6836 MHz)

Incr Slack updates 1 in 0.00023938 sec
Full Max Req/Worst Slack updates 1 in 1.4317e-05 sec
Incr Max Req/Worst Slack updates 0 in 0 sec
Incr Criticality updates 0 in 0 sec
Full Criticality updates 1 in 0.000351701 sec
Flow timing analysis took 1.35664 seconds (1.14898 STA, 0.207661 slack) (231 full updates: 69 setup, 0 hold, 162 combined).
VPR succeeded
The entire flow of VPR took 15.71 seconds (max_rss 146.5 MiB)
Incr Slack updates 161 in 0.0360908 sec
Full Max Req/Worst Slack updates 19 in 0.000267093 sec
Incr Max Req/Worst Slack updates 142 in 0.00255269 sec
Incr Criticality updates 109 in 0.030115 sec
Full Criticality updates 52 in 0.0215143 sec
