#Packing pin usage report
Type: io
	Input Pin Usage:
		Max: 1.00 (0.50)
		Avg: 0.30 (0.15)
		Min: 0.00 (0.00)
		Histogram:
		[        0:      0.2) 1558 ( 70.0%) |**********************************************
		[      0.2:      0.4)    0 (  0.0%) |
		[      0.4:      0.6)    0 (  0.0%) |
		[      0.6:      0.8)    0 (  0.0%) |
		[      0.8:        1)  668 ( 30.0%) |********************
		[        1:      1.2)    0 (  0.0%) |
		[      1.2:      1.4)    0 (  0.0%) |
		[      1.4:      1.6)    0 (  0.0%) |
		[      1.6:      1.8)    0 (  0.0%) |
		[      1.8:        2)    0 (  0.0%) |
	Output Pin Usage:
		Max: 1.00 (1.00)
		Avg: 0.70 (0.70)
		Min: 0.00 (0.00)
		Histogram:
		[        0:      0.1)  668 ( 30.0%) |********************
		[      0.1:      0.2)    0 (  0.0%) |
		[      0.2:      0.3)    0 (  0.0%) |
		[      0.3:      0.4)    0 (  0.0%) |
		[      0.4:      0.5)    0 (  0.0%) |
		[      0.5:      0.6)    0 (  0.0%) |
		[      0.6:      0.7)    0 (  0.0%) |
		[      0.7:      0.8)    0 (  0.0%) |
		[      0.8:      0.9)    0 (  0.0%) |
		[      0.9:        1) 1558 ( 70.0%) |**********************************************

Type: clb
	Input Pin Usage:
		Max: 44.00 (0.81)
		Avg: 30.91 (0.57)
		Min: 3.00 (0.06)
		Histogram:
		[        0:      5.4)  16 (  6.9%) |*******
		[      5.4:       11)   8 (  3.5%) |****
		[       11:       16)   4 (  1.7%) |**
		[       16:       22)   0 (  0.0%) |
		[       22:       27)   6 (  2.6%) |***
		[       27:       32)  57 ( 24.7%) |**************************
		[       32:       38) 103 ( 44.6%) |***********************************************
		[       38:       43)  36 ( 15.6%) |****************
		[       43:       49)   1 (  0.4%) |
		[       49:       54)   0 (  0.0%) |
	Output Pin Usage:
		Max: 17.00 (0.81)
		Avg: 12.02 (0.57)
		Min: 1.00 (0.05)
		Histogram:
		[        0:      2.1) 17 (  7.4%) |***********
		[      2.1:      4.2)  9 (  3.9%) |******
		[      4.2:      6.3)  2 (  0.9%) |*
		[      6.3:      8.4)  2 (  0.9%) |*
		[      8.4:       10) 15 (  6.5%) |*********
		[       10:       13) 52 ( 22.5%) |*********************************
		[       13:       15) 76 ( 32.9%) |************************************************
		[       15:       17) 41 ( 17.7%) |**************************
		[       17:       19) 17 (  7.4%) |***********
		[       19:       21)  0 (  0.0%) |

