#Packing pin usage report
Type: io
	Input Pin Usage:
		Max: 1.00 (0.50)
		Avg: 0.30 (0.15)
		Min: 0.00 (0.00)
		Histogram:
		[        0:      0.2) 102 ( 70.3%) |***********************************************
		[      0.2:      0.4)   0 (  0.0%) |
		[      0.4:      0.6)   0 (  0.0%) |
		[      0.6:      0.8)   0 (  0.0%) |
		[      0.8:        1)  43 ( 29.7%) |********************
		[        1:      1.2)   0 (  0.0%) |
		[      1.2:      1.4)   0 (  0.0%) |
		[      1.4:      1.6)   0 (  0.0%) |
		[      1.6:      1.8)   0 (  0.0%) |
		[      1.8:        2)   0 (  0.0%) |
	Output Pin Usage:
		Max: 1.00 (1.00)
		Avg: 0.70 (0.70)
		Min: 0.00 (0.00)
		Histogram:
		[        0:      0.1)  43 ( 29.7%) |********************
		[      0.1:      0.2)   0 (  0.0%) |
		[      0.2:      0.3)   0 (  0.0%) |
		[      0.3:      0.4)   0 (  0.0%) |
		[      0.4:      0.5)   0 (  0.0%) |
		[      0.5:      0.6)   0 (  0.0%) |
		[      0.6:      0.7)   0 (  0.0%) |
		[      0.7:      0.8)   0 (  0.0%) |
		[      0.8:      0.9)   0 (  0.0%) |
		[      0.9:        1) 102 ( 70.3%) |***********************************************

Type: clb
	Input Pin Usage:
		Max: 25.00 (0.46)
		Avg: 12.47 (0.23)
		Min: 1.00 (0.02)
		Histogram:
		[        0:      5.4)  55 (  9.7%) |********
		[      5.4:       11)  85 ( 15.0%) |************
		[       11:       16) 339 ( 59.8%) |***********************************************
		[       16:       22)  82 ( 14.5%) |***********
		[       22:       27)   6 (  1.1%) |*
		[       27:       32)   0 (  0.0%) |
		[       32:       38)   0 (  0.0%) |
		[       38:       43)   0 (  0.0%) |
		[       43:       49)   0 (  0.0%) |
		[       49:       54)   0 (  0.0%) |
	Output Pin Usage:
		Max: 19.00 (0.90)
		Avg: 7.47 (0.36)
		Min: 1.00 (0.05)
		Histogram:
		[        0:      2.1)  41 (  7.2%) |***********
		[      2.1:      4.2)  36 (  6.3%) |**********
		[      4.2:      6.3) 129 ( 22.8%) |***********************************
		[      6.3:      8.4) 173 ( 30.5%) |***********************************************
		[      8.4:       10) 103 ( 18.2%) |****************************
		[       10:       13)  46 (  8.1%) |************
		[       13:       15)  28 (  4.9%) |********
		[       15:       17)   7 (  1.2%) |**
		[       17:       19)   3 (  0.5%) |*
		[       19:       21)   1 (  0.2%) |

