#Packing pin usage report
Type: io
	Input Pin Usage:
		Max: 1.00 (0.02)
		Avg: 0.30 (0.01)
		Min: 0.00 (0.00)
		Histogram:
		[        0:      5.5) 155 (100.0%) |***********************************************
		[      5.5:       11)   0 (  0.0%) |
		[       11:       16)   0 (  0.0%) |
		[       16:       22)   0 (  0.0%) |
		[       22:       28)   0 (  0.0%) |
		[       28:       33)   0 (  0.0%) |
		[       33:       38)   0 (  0.0%) |
		[       38:       44)   0 (  0.0%) |
		[       44:       50)   0 (  0.0%) |
		[       50:       55)   0 (  0.0%) |
	Output Pin Usage:
		Max: 1.00 (0.03)
		Avg: 0.70 (0.02)
		Min: 0.00 (0.00)
		Histogram:
		[        0:        4) 155 (100.0%) |***********************************************
		[        4:        8)   0 (  0.0%) |
		[        8:       12)   0 (  0.0%) |
		[       12:       16)   0 (  0.0%) |
		[       16:       20)   0 (  0.0%) |
		[       20:       24)   0 (  0.0%) |
		[       24:       28)   0 (  0.0%) |
		[       28:       32)   0 (  0.0%) |
		[       32:       36)   0 (  0.0%) |
		[       36:       40)   0 (  0.0%) |

Type: LAB
	Input Pin Usage:
		Max: 28.00 (0.31)
		Avg: 14.08 (0.15)
		Min: 1.00 (0.01)
		Histogram:
		[        0:      9.1) 126 ( 16.6%) |*************
		[      9.1:       18) 462 ( 60.8%) |***********************************************
		[       18:       27) 170 ( 22.4%) |*****************
		[       27:       36)   2 (  0.3%) |
		[       36:       46)   0 (  0.0%) |
		[       46:       55)   0 (  0.0%) |
		[       55:       64)   0 (  0.0%) |
		[       64:       73)   0 (  0.0%) |
		[       73:       82)   0 (  0.0%) |
		[       82:       91)   0 (  0.0%) |
	Output Pin Usage:
		Max: 27.00 (0.64)
		Avg: 9.29 (0.22)
		Min: 1.00 (0.02)
		Histogram:
		[        0:      4.2)  97 ( 12.8%) |*****************
		[      4.2:      8.4) 214 ( 28.2%) |*************************************
		[      8.4:       13) 272 ( 35.8%) |***********************************************
		[       13:       17) 148 ( 19.5%) |**************************
		[       17:       21)  24 (  3.2%) |****
		[       21:       25)   3 (  0.4%) |*
		[       25:       29)   2 (  0.3%) |
		[       29:       34)   0 (  0.0%) |
		[       34:       38)   0 (  0.0%) |
		[       38:       42)   0 (  0.0%) |

