#Packing pin usage report
Type: io
	Input Pin Usage:
		Max: 1.00 (0.50)
		Avg: 0.30 (0.15)
		Min: 0.00 (0.00)
		Histogram:
		[        0:      0.2) 3329 ( 70.0%) |**********************************************
		[      0.2:      0.4)    0 (  0.0%) |
		[      0.4:      0.6)    0 (  0.0%) |
		[      0.6:      0.8)    0 (  0.0%) |
		[      0.8:        1) 1426 ( 30.0%) |********************
		[        1:      1.2)    0 (  0.0%) |
		[      1.2:      1.4)    0 (  0.0%) |
		[      1.4:      1.6)    0 (  0.0%) |
		[      1.6:      1.8)    0 (  0.0%) |
		[      1.8:        2)    0 (  0.0%) |
	Output Pin Usage:
		Max: 1.00 (1.00)
		Avg: 0.70 (0.70)
		Min: 0.00 (0.00)
		Histogram:
		[        0:      0.1) 1426 ( 30.0%) |********************
		[      0.1:      0.2)    0 (  0.0%) |
		[      0.2:      0.3)    0 (  0.0%) |
		[      0.3:      0.4)    0 (  0.0%) |
		[      0.4:      0.5)    0 (  0.0%) |
		[      0.5:      0.6)    0 (  0.0%) |
		[      0.6:      0.7)    0 (  0.0%) |
		[      0.7:      0.8)    0 (  0.0%) |
		[      0.8:      0.9)    0 (  0.0%) |
		[      0.9:        1) 3329 ( 70.0%) |**********************************************

Type: clb
	Input Pin Usage:
		Max: 35.00 (0.65)
		Avg: 20.69 (0.38)
		Min: 1.00 (0.02)
		Histogram:
		[        0:      5.4)  50 (  8.8%) |**********
		[      5.4:       11)   4 (  0.7%) |*
		[       11:       16)  40 (  7.0%) |********
		[       16:       22) 179 ( 31.5%) |*************************************
		[       22:       27) 227 ( 39.9%) |***********************************************
		[       27:       32)  65 ( 11.4%) |*************
		[       32:       38)   4 (  0.7%) |*
		[       38:       43)   0 (  0.0%) |
		[       43:       49)   0 (  0.0%) |
		[       49:       54)   0 (  0.0%) |
	Output Pin Usage:
		Max: 20.00 (0.95)
		Avg: 12.85 (0.61)
		Min: 1.00 (0.05)
		Histogram:
		[        0:      2.1)  40 (  7.0%) |**********
		[      2.1:      4.2)   9 (  1.6%) |**
		[      4.2:      6.3)   4 (  0.7%) |*
		[      6.3:      8.4)   1 (  0.2%) |
		[      8.4:       10)  26 (  4.6%) |******
		[       10:       13) 105 ( 18.5%) |**************************
		[       13:       15) 191 ( 33.6%) |***********************************************
		[       15:       17) 125 ( 22.0%) |*******************************
		[       17:       19)  54 (  9.5%) |*************
		[       19:       21)  14 (  2.5%) |***

