#Packing pin usage report
Type: io
	Input Pin Usage:
		Max: 1.00 (0.50)
		Avg: 0.30 (0.15)
		Min: 0.00 (0.00)
		Histogram:
		[        0:      0.2) 3579 ( 70.0%) |**********************************************
		[      0.2:      0.4)    0 (  0.0%) |
		[      0.4:      0.6)    0 (  0.0%) |
		[      0.6:      0.8)    0 (  0.0%) |
		[      0.8:        1) 1534 ( 30.0%) |********************
		[        1:      1.2)    0 (  0.0%) |
		[      1.2:      1.4)    0 (  0.0%) |
		[      1.4:      1.6)    0 (  0.0%) |
		[      1.6:      1.8)    0 (  0.0%) |
		[      1.8:        2)    0 (  0.0%) |
	Output Pin Usage:
		Max: 1.00 (1.00)
		Avg: 0.70 (0.70)
		Min: 0.00 (0.00)
		Histogram:
		[        0:      0.1) 1534 ( 30.0%) |********************
		[      0.1:      0.2)    0 (  0.0%) |
		[      0.2:      0.3)    0 (  0.0%) |
		[      0.3:      0.4)    0 (  0.0%) |
		[      0.4:      0.5)    0 (  0.0%) |
		[      0.5:      0.6)    0 (  0.0%) |
		[      0.6:      0.7)    0 (  0.0%) |
		[      0.7:      0.8)    0 (  0.0%) |
		[      0.8:      0.9)    0 (  0.0%) |
		[      0.9:        1) 3579 ( 70.0%) |**********************************************

Type: clb
	Input Pin Usage:
		Max: 43.00 (0.80)
		Avg: 34.90 (0.65)
		Min: 3.00 (0.06)
		Histogram:
		[        0:      5.4)  27 ( 11.3%) |*******
		[      5.4:       11)   3 (  1.3%) |*
		[       11:       16)   1 (  0.4%) |
		[       16:       22)   1 (  0.4%) |
		[       22:       27)   1 (  0.4%) |
		[       27:       32)   1 (  0.4%) |
		[       32:       38)  16 (  6.7%) |****
		[       38:       43) 189 ( 79.1%) |***********************************************
		[       43:       49)   0 (  0.0%) |
		[       49:       54)   0 (  0.0%) |
	Output Pin Usage:
		Max: 20.00 (0.95)
		Avg: 13.65 (0.65)
		Min: 1.00 (0.05)
		Histogram:
		[        0:      2.1) 29 ( 12.1%) |*****************
		[      2.1:      4.2)  1 (  0.4%) |*
		[      4.2:      6.3)  1 (  0.4%) |*
		[      6.3:      8.4)  2 (  0.8%) |*
		[      8.4:       10)  2 (  0.8%) |*
		[       10:       13) 16 (  6.7%) |*********
		[       13:       15) 39 ( 16.3%) |***********************
		[       15:       17) 82 ( 34.3%) |************************************************
		[       17:       19) 52 ( 21.8%) |******************************
		[       19:       21) 15 (  6.3%) |*********

