#Packing pin usage report
Type: io
	Input Pin Usage:
		Max: 1.00 (0.50)
		Avg: 0.30 (0.15)
		Min: 0.00 (0.00)
		Histogram:
		[        0:      0.2) 1103 ( 70.0%) |**********************************************
		[      0.2:      0.4)    0 (  0.0%) |
		[      0.4:      0.6)    0 (  0.0%) |
		[      0.6:      0.8)    0 (  0.0%) |
		[      0.8:        1)  472 ( 30.0%) |********************
		[        1:      1.2)    0 (  0.0%) |
		[      1.2:      1.4)    0 (  0.0%) |
		[      1.4:      1.6)    0 (  0.0%) |
		[      1.6:      1.8)    0 (  0.0%) |
		[      1.8:        2)    0 (  0.0%) |
	Output Pin Usage:
		Max: 1.00 (1.00)
		Avg: 0.70 (0.70)
		Min: 0.00 (0.00)
		Histogram:
		[        0:      0.1)  472 ( 30.0%) |********************
		[      0.1:      0.2)    0 (  0.0%) |
		[      0.2:      0.3)    0 (  0.0%) |
		[      0.3:      0.4)    0 (  0.0%) |
		[      0.4:      0.5)    0 (  0.0%) |
		[      0.5:      0.6)    0 (  0.0%) |
		[      0.6:      0.7)    0 (  0.0%) |
		[      0.7:      0.8)    0 (  0.0%) |
		[      0.8:      0.9)    0 (  0.0%) |
		[      0.9:        1) 1103 ( 70.0%) |**********************************************

Type: clb
	Input Pin Usage:
		Max: 32.00 (0.59)
		Avg: 18.36 (0.34)
		Min: 1.00 (0.02)
		Histogram:
		[        0:      5.4)  44 (  7.8%) |********
		[      5.4:       11)   3 (  0.5%) |*
		[       11:       16) 106 ( 18.8%) |********************
		[       16:       22) 251 ( 44.4%) |***********************************************
		[       22:       27) 140 ( 24.8%) |**************************
		[       27:       32)  21 (  3.7%) |****
		[       32:       38)   0 (  0.0%) |
		[       38:       43)   0 (  0.0%) |
		[       43:       49)   0 (  0.0%) |
		[       49:       54)   0 (  0.0%) |
	Output Pin Usage:
		Max: 20.00 (0.95)
		Avg: 11.33 (0.54)
		Min: 1.00 (0.05)
		Histogram:
		[        0:      2.1)  34 (  6.0%) |***********
		[      2.1:      4.2)  10 (  1.8%) |***
		[      4.2:      6.3)   3 (  0.5%) |*
		[      6.3:      8.4)  41 (  7.3%) |*************
		[      8.4:       10) 114 ( 20.2%) |************************************
		[       10:       13) 148 ( 26.2%) |***********************************************
		[       13:       15) 120 ( 21.2%) |**************************************
		[       15:       17)  53 (  9.4%) |*****************
		[       17:       19)  32 (  5.7%) |**********
		[       19:       21)  10 (  1.8%) |***

