#Packing pin usage report
Type: io
	Input Pin Usage:
		Max: 1.00 (0.02)
		Avg: 0.30 (0.01)
		Min: 0.00 (0.00)
		Histogram:
		[        0:      5.5) 5047 (100.0%) |**********************************************
		[      5.5:       11)    0 (  0.0%) |
		[       11:       16)    0 (  0.0%) |
		[       16:       22)    0 (  0.0%) |
		[       22:       28)    0 (  0.0%) |
		[       28:       33)    0 (  0.0%) |
		[       33:       38)    0 (  0.0%) |
		[       38:       44)    0 (  0.0%) |
		[       44:       50)    0 (  0.0%) |
		[       50:       55)    0 (  0.0%) |
	Output Pin Usage:
		Max: 1.00 (0.03)
		Avg: 0.70 (0.02)
		Min: 0.00 (0.00)
		Histogram:
		[        0:        4) 5047 (100.0%) |**********************************************
		[        4:        8)    0 (  0.0%) |
		[        8:       12)    0 (  0.0%) |
		[       12:       16)    0 (  0.0%) |
		[       16:       20)    0 (  0.0%) |
		[       20:       24)    0 (  0.0%) |
		[       24:       28)    0 (  0.0%) |
		[       28:       32)    0 (  0.0%) |
		[       32:       36)    0 (  0.0%) |
		[       36:       40)    0 (  0.0%) |

Type: LAB
	Input Pin Usage:
		Max: 44.00 (0.48)
		Avg: 23.24 (0.26)
		Min: 1.00 (0.01)
		Histogram:
		[        0:      9.1)  87 (  8.9%) |*******
		[      9.1:       18)  42 (  4.3%) |***
		[       18:       27) 583 ( 59.4%) |***********************************************
		[       27:       36) 255 ( 26.0%) |*********************
		[       36:       46)  14 (  1.4%) |*
		[       46:       55)   0 (  0.0%) |
		[       55:       64)   0 (  0.0%) |
		[       64:       73)   0 (  0.0%) |
		[       73:       82)   0 (  0.0%) |
		[       82:       91)   0 (  0.0%) |
	Output Pin Usage:
		Max: 30.00 (0.71)
		Avg: 14.76 (0.35)
		Min: 1.00 (0.02)
		Histogram:
		[        0:      4.2)  81 (  8.3%) |*********
		[      4.2:      8.4)   8 (  0.8%) |*
		[      8.4:       13) 124 ( 12.6%) |**************
		[       13:       17) 409 ( 41.7%) |***********************************************
		[       17:       21) 290 ( 29.6%) |*********************************
		[       21:       25)  58 (  5.9%) |*******
		[       25:       29)  10 (  1.0%) |*
		[       29:       34)   1 (  0.1%) |
		[       34:       38)   0 (  0.0%) |
		[       38:       42)   0 (  0.0%) |

