#Packing pin usage report
Type: io
	Input Pin Usage:
		Max: 1.00 (0.50)
		Avg: 0.30 (0.15)
		Min: 0.00 (0.00)
		Histogram:
		[        0:      0.2) 763 ( 70.0%) |***********************************************
		[      0.2:      0.4)   0 (  0.0%) |
		[      0.4:      0.6)   0 (  0.0%) |
		[      0.6:      0.8)   0 (  0.0%) |
		[      0.8:        1) 327 ( 30.0%) |********************
		[        1:      1.2)   0 (  0.0%) |
		[      1.2:      1.4)   0 (  0.0%) |
		[      1.4:      1.6)   0 (  0.0%) |
		[      1.6:      1.8)   0 (  0.0%) |
		[      1.8:        2)   0 (  0.0%) |
	Output Pin Usage:
		Max: 1.00 (1.00)
		Avg: 0.70 (0.70)
		Min: 0.00 (0.00)
		Histogram:
		[        0:      0.1) 327 ( 30.0%) |********************
		[      0.1:      0.2)   0 (  0.0%) |
		[      0.2:      0.3)   0 (  0.0%) |
		[      0.3:      0.4)   0 (  0.0%) |
		[      0.4:      0.5)   0 (  0.0%) |
		[      0.5:      0.6)   0 (  0.0%) |
		[      0.6:      0.7)   0 (  0.0%) |
		[      0.7:      0.8)   0 (  0.0%) |
		[      0.8:      0.9)   0 (  0.0%) |
		[      0.9:        1) 763 ( 70.0%) |***********************************************

Type: clb
	Input Pin Usage:
		Max: 31.00 (0.57)
		Avg: 17.85 (0.33)
		Min: 1.00 (0.02)
		Histogram:
		[        0:      5.4)  28 (  5.1%) |*****
		[      5.4:       11)  11 (  2.0%) |**
		[       11:       16) 135 ( 24.5%) |************************
		[       16:       22) 261 ( 47.4%) |***********************************************
		[       22:       27) 112 ( 20.3%) |********************
		[       27:       32)   4 (  0.7%) |*
		[       32:       38)   0 (  0.0%) |
		[       38:       43)   0 (  0.0%) |
		[       43:       49)   0 (  0.0%) |
		[       49:       54)   0 (  0.0%) |
	Output Pin Usage:
		Max: 19.00 (0.90)
		Avg: 10.90 (0.52)
		Min: 1.00 (0.05)
		Histogram:
		[        0:      2.1)  21 (  3.8%) |*******
		[      2.1:      4.2)   8 (  1.5%) |***
		[      4.2:      6.3)  12 (  2.2%) |****
		[      6.3:      8.4)  55 ( 10.0%) |*****************
		[      8.4:       10) 140 ( 25.4%) |********************************************
		[       10:       13) 149 ( 27.0%) |***********************************************
		[       13:       15)  98 ( 17.8%) |*******************************
		[       15:       17)  43 (  7.8%) |**************
		[       17:       19)  22 (  4.0%) |*******
		[       19:       21)   3 (  0.5%) |*

