#Packing pin usage report
Type: io
	Input Pin Usage:
		Max: 1.00 (0.02)
		Avg: 0.30 (0.01)
		Min: 0.00 (0.00)
		Histogram:
		[        0:      5.5) 938 (100.0%) |***********************************************
		[      5.5:       11)   0 (  0.0%) |
		[       11:       16)   0 (  0.0%) |
		[       16:       22)   0 (  0.0%) |
		[       22:       28)   0 (  0.0%) |
		[       28:       33)   0 (  0.0%) |
		[       33:       38)   0 (  0.0%) |
		[       38:       44)   0 (  0.0%) |
		[       44:       50)   0 (  0.0%) |
		[       50:       55)   0 (  0.0%) |
	Output Pin Usage:
		Max: 1.00 (0.03)
		Avg: 0.70 (0.02)
		Min: 0.00 (0.00)
		Histogram:
		[        0:        4) 938 (100.0%) |***********************************************
		[        4:        8)   0 (  0.0%) |
		[        8:       12)   0 (  0.0%) |
		[       12:       16)   0 (  0.0%) |
		[       16:       20)   0 (  0.0%) |
		[       20:       24)   0 (  0.0%) |
		[       24:       28)   0 (  0.0%) |
		[       28:       32)   0 (  0.0%) |
		[       32:       36)   0 (  0.0%) |
		[       36:       40)   0 (  0.0%) |

Type: LAB
	Input Pin Usage:
		Max: 36.00 (0.40)
		Avg: 18.78 (0.21)
		Min: 1.00 (0.01)
		Histogram:
		[        0:      9.1)  79 (  8.1%) |*******
		[      9.1:       18) 337 ( 34.6%) |*******************************
		[       18:       27) 510 ( 52.4%) |***********************************************
		[       27:       36)  47 (  4.8%) |****
		[       36:       46)   0 (  0.0%) |
		[       46:       55)   0 (  0.0%) |
		[       55:       64)   0 (  0.0%) |
		[       64:       73)   0 (  0.0%) |
		[       73:       82)   0 (  0.0%) |
		[       82:       91)   0 (  0.0%) |
	Output Pin Usage:
		Max: 29.00 (0.69)
		Avg: 12.09 (0.29)
		Min: 1.00 (0.02)
		Histogram:
		[        0:      4.2)  75 (  7.7%) |**********
		[      4.2:      8.4)  93 (  9.6%) |************
		[      8.4:       13) 350 ( 36.0%) |***********************************************
		[       13:       17) 302 ( 31.0%) |*****************************************
		[       17:       21) 130 ( 13.4%) |*****************
		[       21:       25)  17 (  1.7%) |**
		[       25:       29)   6 (  0.6%) |*
		[       29:       34)   0 (  0.0%) |
		[       34:       38)   0 (  0.0%) |
		[       38:       42)   0 (  0.0%) |

