#Packing pin usage report
Type: io
	Input Pin Usage:
		Max: 1.00 (0.50)
		Avg: 0.30 (0.15)
		Min: 0.00 (0.00)
		Histogram:
		[        0:      0.2) 440 ( 70.1%) |***********************************************
		[      0.2:      0.4)   0 (  0.0%) |
		[      0.4:      0.6)   0 (  0.0%) |
		[      0.6:      0.8)   0 (  0.0%) |
		[      0.8:        1) 188 ( 29.9%) |********************
		[        1:      1.2)   0 (  0.0%) |
		[      1.2:      1.4)   0 (  0.0%) |
		[      1.4:      1.6)   0 (  0.0%) |
		[      1.6:      1.8)   0 (  0.0%) |
		[      1.8:        2)   0 (  0.0%) |
	Output Pin Usage:
		Max: 1.00 (1.00)
		Avg: 0.70 (0.70)
		Min: 0.00 (0.00)
		Histogram:
		[        0:      0.1) 188 ( 29.9%) |********************
		[      0.1:      0.2)   0 (  0.0%) |
		[      0.2:      0.3)   0 (  0.0%) |
		[      0.3:      0.4)   0 (  0.0%) |
		[      0.4:      0.5)   0 (  0.0%) |
		[      0.5:      0.6)   0 (  0.0%) |
		[      0.6:      0.7)   0 (  0.0%) |
		[      0.7:      0.8)   0 (  0.0%) |
		[      0.8:      0.9)   0 (  0.0%) |
		[      0.9:        1) 440 ( 70.1%) |***********************************************

Type: clb
	Input Pin Usage:
		Max: 27.00 (0.50)
		Avg: 16.16 (0.30)
		Min: 1.00 (0.02)
		Histogram:
		[        0:      5.4)  43 (  7.7%) |********
		[      5.4:       11)  20 (  3.6%) |****
		[       11:       16) 195 ( 34.8%) |*************************************
		[       16:       22) 246 ( 43.9%) |***********************************************
		[       22:       27)  57 ( 10.2%) |***********
		[       27:       32)   0 (  0.0%) |
		[       32:       38)   0 (  0.0%) |
		[       38:       43)   0 (  0.0%) |
		[       43:       49)   0 (  0.0%) |
		[       49:       54)   0 (  0.0%) |
	Output Pin Usage:
		Max: 19.00 (0.90)
		Avg: 9.86 (0.47)
		Min: 1.00 (0.05)
		Histogram:
		[        0:      2.1)  34 (  6.1%) |***********
		[      2.1:      4.2)  11 (  2.0%) |***
		[      4.2:      6.3)  19 (  3.4%) |******
		[      6.3:      8.4) 115 ( 20.5%) |************************************
		[      8.4:       10) 150 ( 26.7%) |***********************************************
		[       10:       13) 120 ( 21.4%) |**************************************
		[       13:       15)  60 ( 10.7%) |*******************
		[       15:       17)  33 (  5.9%) |**********
		[       17:       19)  14 (  2.5%) |****
		[       19:       21)   5 (  0.9%) |**

