#Packing pin usage report
Type: io
	Input Pin Usage:
		Max: 1.00 (0.50)
		Avg: 0.48 (0.24)
		Min: 0.00 (0.00)
		Histogram:
		[        0:      0.2) 231 ( 52.1%) |***********************************************
		[      0.2:      0.4)   0 (  0.0%) |
		[      0.4:      0.6)   0 (  0.0%) |
		[      0.6:      0.8)   0 (  0.0%) |
		[      0.8:        1) 212 ( 47.9%) |*******************************************
		[        1:      1.2)   0 (  0.0%) |
		[      1.2:      1.4)   0 (  0.0%) |
		[      1.4:      1.6)   0 (  0.0%) |
		[      1.6:      1.8)   0 (  0.0%) |
		[      1.8:        2)   0 (  0.0%) |
	Output Pin Usage:
		Max: 1.00 (1.00)
		Avg: 0.52 (0.52)
		Min: 0.00 (0.00)
		Histogram:
		[        0:      0.1) 212 ( 47.9%) |*******************************************
		[      0.1:      0.2)   0 (  0.0%) |
		[      0.2:      0.3)   0 (  0.0%) |
		[      0.3:      0.4)   0 (  0.0%) |
		[      0.4:      0.5)   0 (  0.0%) |
		[      0.5:      0.6)   0 (  0.0%) |
		[      0.6:      0.7)   0 (  0.0%) |
		[      0.7:      0.8)   0 (  0.0%) |
		[      0.8:      0.9)   0 (  0.0%) |
		[      0.9:        1) 231 ( 52.1%) |***********************************************

Type: clb
	Input Pin Usage:
		Max: 27.00 (0.50)
		Avg: 13.30 (0.25)
		Min: 3.00 (0.06)
		Histogram:
		[        0:      5.4)  16 (  7.0%) |******
		[      5.4:       11)  35 ( 15.2%) |*************
		[       11:       16) 128 ( 55.7%) |***********************************************
		[       16:       22)  43 ( 18.7%) |****************
		[       22:       27)   8 (  3.5%) |***
		[       27:       32)   0 (  0.0%) |
		[       32:       38)   0 (  0.0%) |
		[       38:       43)   0 (  0.0%) |
		[       43:       49)   0 (  0.0%) |
		[       49:       54)   0 (  0.0%) |
	Output Pin Usage:
		Max: 15.00 (0.71)
		Avg: 5.63 (0.27)
		Min: 1.00 (0.05)
		Histogram:
		[        0:      2.1) 23 ( 10.0%) |**************
		[      2.1:      4.2) 54 ( 23.5%) |*********************************
		[      4.2:      6.3) 79 ( 34.3%) |************************************************
		[      6.3:      8.4) 48 ( 20.9%) |*****************************
		[      8.4:       10) 16 (  7.0%) |**********
		[       10:       13)  8 (  3.5%) |*****
		[       13:       15)  1 (  0.4%) |*
		[       15:       17)  1 (  0.4%) |*
		[       17:       19)  0 (  0.0%) |
		[       19:       21)  0 (  0.0%) |

