VPR FPGA Placement and Routing.
Version: 8.1.0-dev+unkown
Revision: unkown
Compiled: 2023-11-16T17:20:44
Compiler: GNU 11.4.0 on Linux-6.2.0-36-generic x86_64
Build Info: release IPO VTR_ASSERT_LEVEL=2

University of Toronto
verilogtorouting.org
vtr-users@googlegroups.com
This is free open source code under MIT license.

VPR was run with the following command-line:
/home/xiaokewan/Software/vtr-verilog-to-routing-master/vpr/vpr /home/xiaokewan/Software/vtr-verilog-to-routing-master/vtr_flow/arch/timing/EArch.xml ../../rent_exp_0.30.blif


Architecture file: /home/xiaokewan/Software/vtr-verilog-to-routing-master/vtr_flow/arch/timing/EArch.xml
Circuit name: rent_exp_0.30

# Loading Architecture Description
# Loading Architecture Description took 0.00 seconds (max_rss 17.2 MiB, delta_rss +2.1 MiB)

Timing analysis: ON
Circuit netlist file: rent_exp_0.30.net
Circuit placement file: rent_exp_0.30.place
Circuit routing file: rent_exp_0.30.route
Circuit SDC file: rent_exp_0.30.sdc
Vpr floorplanning constraints file: not specified

Packer: ENABLED
Placer: ENABLED
Router: ENABLED
Analysis: ENABLED

VPR was run with the following options:

NetlistOpts.abosrb_buffer_luts            : true
NetlistOpts.sweep_dangling_primary_ios    : true
NetlistOpts.sweep_dangling_nets           : true
NetlistOpts.sweep_dangling_blocks         : true
NetlistOpts.sweep_constant_primary_outputs: false
NetlistOpts.netlist_verbosity             : 1
NetlistOpts.const_gen_inference           : COMB_SEQ

PackerOpts.allow_unrelated_clustering: auto
PackerOpts.alpha_clustering: 0.750000
PackerOpts.beta_clustering: 0.900000
PackerOpts.cluster_seed_type: BLEND2
PackerOpts.connection_driven: true
PackerOpts.global_clocks: true
PackerOpts.hill_climbing_flag: false
PackerOpts.inter_cluster_net_delay: 1.000000
PackerOpts.timing_driven: true
PackerOpts.target_external_pin_util: auto

PlacerOpts.place_freq: PLACE_ONCE
PlacerOpts.place_algorithm: CRITICALITY_TIMING_PLACE
PlacerOpts.pad_loc_type: FREE
PlacerOpts.constraints_file: No constraints file given
PlacerOpts.place_cost_exp: 1.000000
PlacerOpts.place_chan_width: 100
PlacerOpts.inner_loop_recompute_divider: 0
PlacerOpts.recompute_crit_iter: 1
PlacerOpts.timing_tradeoff: 0.500000
PlacerOpts.td_place_exp_first: 1.000000
PlacerOpts.td_place_exp_last: 8.000000
PlacerOpts.delay_offset: 0.000000
PlacerOpts.delay_ramp_delta_threshold: -1
PlacerOpts.delay_ramp_slope: 0.000000
PlacerOpts.tsu_rel_margin: 1.000000
PlacerOpts.tsu_abs_margin: 0.000000
PlacerOpts.post_place_timing_report_file: 
PlacerOpts.allowed_tiles_for_delay_model: 
PlacerOpts.delay_model_reducer: MIN
PlacerOpts.delay_model_type: DELTA
PlacerOpts.rlim_escape_fraction: 0.000000
PlacerOpts.move_stats_file: 
PlacerOpts.placement_saves_per_temperature: 0
PlacerOpts.effort_scaling: CIRCUIT
PlacerOpts.place_delta_delay_matrix_calculation_method: ASTAR_ROUTE
PlaceOpts.seed: 1
AnnealSched.type: AUTO_SCHED
AnnealSched.inner_num: 0.500000

RouterOpts.route_type: DETAILED
RouterOpts.flat_routing: false
RouterOpts.has_choking_spot: false
RouterOpts.router_algorithm: TIMING_DRIVEN
RouterOpts.base_cost_type: DELAY_NORMALIZED_LENGTH
RouterOpts.fixed_channel_width: NO_FIXED_CHANNEL_WIDTH
RouterOpts.check_route: FULL
RouterOpts.acc_fac: 1.000000
RouterOpts.bb_factor: 3
RouterOpts.bend_cost: 0.000000
RouterOpts.first_iter_pres_fac: 0.000000
RouterOpts.initial_pres_fac: 0.500000
RouterOpts.pres_fac_mult: 1.300000
RouterOpts.max_router_iterations: 50
RouterOpts.min_incremental_reroute_fanout: 16
RouterOpts.do_check_rr_graph: true
RouterOpts.verify_binary_search: false
RouterOpts.min_channel_width_hint: 0
RouterOpts.read_rr_edge_metadata: false
RouterOpts.exit_after_first_routing_iteration: false
RouterOpts.astar_fac: 1.200000
RouterOpts.router_profiler_astar_fac: 1.200000
RouterOpts.criticality_exp: 1.000000
RouterOpts.max_criticality: 0.990000
RouterOpts.init_wirelength_abort_threshold: 0.850000
RouterOpts.save_routing_per_iteration: false
RouterOpts.congested_routing_iteration_threshold_frac: 1.000000
RouterOpts.high_fanout_threshold: 64
RouterOpts.router_debug_net: -2
RouterOpts.router_debug_sink_rr: -2
RouterOpts.router_debug_iteration: -2
RouterOpts.max_convergence_count: 1
RouterOpts.reconvergence_cpd_threshold: 0.990000
RouterOpts.update_lower_bound_delays: true
RouterOpts.first_iteration_timing_report_file: 
RouterOpts.incr_reroute_delay_ripup: AUTO
RouterOpts.route_bb_update: DYNAMIC
RouterOpts.lookahead_type: MAP
RouterOpts.initial_timing: LOOKAHEAD
RouterOpts.router_heap: BINARY_HEAP
RouterOpts.routing_failure_predictor = SAFE
RouterOpts.routing_budgets_algorithm = DISABLE

AnalysisOpts.gen_post_synthesis_netlist: false
AnalysisOpts.timing_report_npaths: 100
AnalysisOpts.timing_report_skew: false
AnalysisOpts.echo_dot_timing_graph_node: -1
AnalysisOpts.timing_report_detail: NETLIST
AnalysisOpts.post_synth_netlist_unconn_input_handling: UNCONNECTED
AnalysisOpts.post_synth_netlist_unconn_output_handling: UNCONNECTED

# Building complex block graph
Warning 1: io[0].clock[0] unconnected pin in architecture.
# Building complex block graph took 0.02 seconds (max_rss 24.9 MiB, delta_rss +7.5 MiB)
Circuit file: ../../rent_exp_0.30.blif
# Load circuit
# Load circuit took 0.01 seconds (max_rss 32.2 MiB, delta_rss +7.3 MiB)
# Clean circuit
Absorbed 0 LUT buffers
Inferred    0 additional primitive pins as constant generators since they have no combinationally connected inputs
Inferred    0 additional primitive pins as constant generators due to constant inputs
Swept input(s)      : 0
Swept output(s)     : 0 (0 dangling, 0 constant)
Swept net(s)        : 0
Swept block(s)      : 0
Constant Pins Marked: 0
# Clean circuit took 0.00 seconds (max_rss 32.2 MiB, delta_rss +0.0 MiB)
# Compress circuit
# Compress circuit took 0.00 seconds (max_rss 32.4 MiB, delta_rss +0.1 MiB)
# Verify circuit
# Verify circuit took 0.00 seconds (max_rss 32.4 MiB, delta_rss +0.0 MiB)
Circuit Statistics:
  Blocks: 4539
    .input :     231
    .output:     212
    6-LUT  :    4096
  Nets  : 4327
    Avg Fanout:     2.9
    Max Fanout:    57.0
    Min Fanout:     1.0
  Netlist Clocks: 0
# Build Timing Graph
  Timing Graph Nodes: 16827
  Timing Graph Edges: 24788
  Timing Graph Levels: 82
# Build Timing Graph took 0.01 seconds (max_rss 34.6 MiB, delta_rss +2.1 MiB)
Netlist contains 0 clocks
# Load Timing Constraints

SDC file 'rent_exp_0.30.sdc' not found
Setting default timing constraints:
   * constrain all primay inputs and primary outputs on a virtual external clock 'virtual_io_clock'
   * optimize virtual clock to run as fast as possible
Timing constraints created 1 clocks
  Constrained Clock 'virtual_io_clock' (Virtual Clock)

# Load Timing Constraints took 0.00 seconds (max_rss 34.6 MiB, delta_rss +0.0 MiB)
# Packing
Begin packing '../../rent_exp_0.30.blif'.

After removing unused inputs...
	total blocks: 4539, total nets: 4327, total inputs: 231, total outputs: 212
Begin prepacking.

There is one chain in this architecture called "chain" with the following starting points:
	clb[0]/fle[0]/lut5inter[0]/ble5[0]/arithmetic[0]/adder[0].cin[0]

0 attraction groups were created during prepacking.
Finish prepacking.
Using inter-cluster delay: 1.33777e-09
Packing with pin utilization targets: io:1,1 clb:0.8,1 mult_36:1,1 memory:1,1
Packing with high fanout thresholds: io:128 clb:32 mult_36:128 memory:128
Starting Clustering - Clustering Progress: 
-------------------   --------------------------   ---------
Molecules processed   Number of clusters created   FPGA size
-------------------   --------------------------   ---------
   181/4539      3%                            9     6 x 6     
   362/4539      7%                           19     7 x 7     
   543/4539     11%                           28     9 x 9     
   724/4539     15%                           37    10 x 10    
   905/4539     19%                           46    10 x 10    
  1086/4539     23%                           55    11 x 11    
  1267/4539     27%                           64    12 x 12    
  1448/4539     31%                           73    13 x 13    
  1629/4539     35%                           82    13 x 13    
  1810/4539     39%                           91    14 x 14    
  1991/4539     43%                          100    14 x 14    
  2172/4539     47%                          109    15 x 15    
  2353/4539     51%                          118    15 x 15    
  2534/4539     55%                          127    15 x 15    
  2715/4539     59%                          137    16 x 16    
  2896/4539     63%                          146    17 x 17    
  3077/4539     67%                          155    17 x 17    
  3258/4539     71%                          164    17 x 17    
  3439/4539     75%                          175    18 x 18    
  3620/4539     79%                          184    18 x 18    
  3801/4539     83%                          197    19 x 19    
  3982/4539     87%                          211    19 x 19    
  4163/4539     91%                          296    20 x 20    
  4344/4539     95%                          477    20 x 20    
  4525/4539     99%                          658    20 x 20    

Logic Element (fle) detailed count:
  Total number of Logic Elements used : 2059
  LEs used for logic and registers    : 0
  LEs used for logic only             : 2059
  LEs used for registers only         : 0

Incr Slack updates 1 in 0.000147166 sec
Full Max Req/Worst Slack updates 1 in 3.557e-06 sec
Incr Max Req/Worst Slack updates 0 in 0 sec
Incr Criticality updates 0 in 0 sec
Full Criticality updates 1 in 0.000237997 sec
FPGA sized to 20 x 20 (auto)
Device Utilization: 0.71 (target 1.00)
	Block Utilization: 0.77 Type: io
	Block Utilization: 0.98 Type: clb

Start the iterative improvement process
the iterative improvement process is done
Final Clustering Statistics: 
----------   --------   ------------------------------------   --------------------------
Block Type   # Blocks   Avg. # of input clocks and pins used   Avg. # of output pins used
----------   --------   ------------------------------------   --------------------------
     EMPTY          0                                      0                            0   
        io        443                               0.478555                     0.521445   
       clb        230                                13.2957                      5.63043   
   mult_36          0                                      0                            0   
    memory          0                                      0                            0   
Absorbed logical nets 2801 out of 4327 nets, 1526 nets not absorbed.

Netlist conversion complete.

# Packing took 1.52 seconds (max_rss 63.5 MiB, delta_rss +28.9 MiB)
# Load packing
Begin loading packed FPGA netlist file.
Netlist generated from file 'rent_exp_0.30.net'.
Detected 0 constant generators (to see names run with higher pack verbosity)
Finished loading packed FPGA netlist file (took 0.184331 seconds).
Warning 2: Treated 0 constant nets as global which will not be routed (to see net names increase packer verbosity).
# Load packing took 0.19 seconds (max_rss 100.6 MiB, delta_rss +37.1 MiB)
Warning 3: Netlist contains 0 global net to non-global architecture pin connections

Pb types usage...
  io              : 443
   inpad          : 231
   outpad         : 212
  clb             : 230
   fle            : 2059
    lut5inter     : 2059
     ble5         : 4096
      flut5       : 4096
       lut5       : 4096
        lut       : 4096

# Create Device
## Build Device Grid
FPGA sized to 20 x 20: 400 grid tiles (auto)

Resource usage...
	Netlist
		443	blocks of type: io
	Architecture
		576	blocks of type: io
	Netlist
		230	blocks of type: clb
	Architecture
		234	blocks of type: clb
	Netlist
		0	blocks of type: mult_36
	Architecture
		8	blocks of type: mult_36
	Netlist
		0	blocks of type: memory
	Architecture
		9	blocks of type: memory

Device Utilization: 0.71 (target 1.00)
	Physical Tile io:
	Block Utilization: 0.77 Logical Block: io
	Physical Tile clb:
	Block Utilization: 0.98 Logical Block: clb
	Physical Tile mult_36:
	Block Utilization: 0.00 Logical Block: mult_36
	Physical Tile memory:
	Block Utilization: 0.00 Logical Block: memory

FPGA size limited by block type(s): clb

## Build Device Grid took 0.00 seconds (max_rss 100.6 MiB, delta_rss +0.0 MiB)
## Build routing resource graph
SOURCE->OPIN and IPIN->SINK edge count:21879
OPIN->CHANX/CHANY edge count before creating direct connections: 64080
OPIN->CHANX/CHANY edge count after creating direct connections: 64301
CHAN->CHAN type edge count:345061
## Build routing resource graph took 0.13 seconds (max_rss 100.6 MiB, delta_rss +0.0 MiB)
  RR Graph Nodes: 52474
  RR Graph Edges: 431241
# Create Device took 0.14 seconds (max_rss 100.6 MiB, delta_rss +0.0 MiB)

# Computing router lookahead map
## Computing wire lookahead
## Computing wire lookahead took 0.35 seconds (max_rss 100.6 MiB, delta_rss +0.0 MiB)
## Computing src/opin lookahead
## Computing src/opin lookahead took 0.00 seconds (max_rss 100.6 MiB, delta_rss +0.0 MiB)
# Computing router lookahead map took 0.35 seconds (max_rss 100.6 MiB, delta_rss +0.0 MiB)
# Computing placement delta delay look-up
## Build routing resource graph
SOURCE->OPIN and IPIN->SINK edge count:21879
OPIN->CHANX/CHANY edge count before creating direct connections: 61750
OPIN->CHANX/CHANY edge count after creating direct connections: 61971
CHAN->CHAN type edge count:330602
## Build routing resource graph took 0.12 seconds (max_rss 100.6 MiB, delta_rss +0.0 MiB)
  RR Graph Nodes: 51678
  RR Graph Edges: 414452
## Computing router lookahead map
### Computing wire lookahead
### Computing wire lookahead took 0.34 seconds (max_rss 100.6 MiB, delta_rss +0.0 MiB)
### Computing src/opin lookahead
### Computing src/opin lookahead took 0.00 seconds (max_rss 100.6 MiB, delta_rss +0.0 MiB)
## Computing router lookahead map took 0.34 seconds (max_rss 100.6 MiB, delta_rss +0.0 MiB)
## Computing delta delays
## Computing delta delays took 0.03 seconds (max_rss 100.6 MiB, delta_rss +0.0 MiB)
# Computing placement delta delay look-up took 0.49 seconds (max_rss 100.6 MiB, delta_rss +0.0 MiB)

Bounding box mode is Cube

Using simple RL 'Softmax agent' for choosing move and block types
# Placement
## Initial Placement
Initial placement iteration 0 has finished successfully
## Initial Placement took 0.00 seconds (max_rss 100.6 MiB, delta_rss +0.0 MiB)

There are 3270 point to point connections in this circuit.


BB estimate of min-dist (placement) wire length: 26962

Completed placement consistency check successfully.
Initial placement cost: 1 bb_cost: 280.857 td_cost: 1.23204e-06
Initial placement estimated Critical Path Delay (CPD): 20.4969 ns
Initial placement estimated setup Total Negative Slack (sTNS): -3128.28 ns
Initial placement estimated setup Worst Negative Slack (sWNS): -20.4969 ns

Initial placement estimated setup slack histogram:
[   -2e-08: -1.9e-08)  4 (  1.9%) |****
[ -1.9e-08: -1.8e-08)  6 (  2.8%) |*******
[ -1.8e-08: -1.7e-08) 19 (  9.0%) |*********************
[ -1.7e-08: -1.6e-08) 31 ( 14.6%) |***********************************
[ -1.6e-08: -1.5e-08) 43 ( 20.3%) |************************************************
[ -1.5e-08: -1.4e-08) 39 ( 18.4%) |********************************************
[ -1.4e-08: -1.3e-08) 38 ( 17.9%) |******************************************
[ -1.3e-08: -1.2e-08) 16 (  7.5%) |******************
[ -1.2e-08:   -1e-08) 10 (  4.7%) |***********
[   -1e-08: -9.3e-09)  6 (  2.8%) |*******
Placement contains 0 placement macros involving 0 blocks (average macro size -nan)

Moves per temperature: 2948
Warning 4: Starting t: 266 of 673 configurations accepted.

---- ------ ------- ------- ---------- ---------- ------- ---------- -------- ------- ------- ------ -------- --------- ------
Tnum   Time       T Av Cost Av BB Cost Av TD Cost     CPD       sTNS     sWNS Ac Rate Std Dev  R lim Crit Exp Tot Moves  Alpha
      (sec)                                          (ns)       (ns)     (ns)                                                 
---- ------ ------- ------- ---------- ---------- ------- ---------- -------- ------- ------- ------ -------- --------- ------
   1    0.0 6.8e-04   0.921     211.09 9.9023e-07  19.705  -2.99e+03  -19.705   0.607  0.0344   19.0     1.00      2948  0.200
   2    0.0 6.5e-04   0.944     183.20 9.7524e-07  17.607  -2.91e+03  -17.607   0.532  0.0185   19.0     1.00      5896  0.950
   3    0.0 6.1e-04   0.964     171.26 9.0058e-07  17.632  -2.86e+03  -17.632   0.486  0.0149   19.0     1.00      8844  0.950
   4    0.0 5.8e-04   0.993     163.52 8.8943e-07  17.115  -2.83e+03  -17.115   0.450  0.0076   19.0     1.00     11792  0.950
   5    0.0 5.5e-04   0.988     160.48 8.6479e-07  17.244  -2.83e+03  -17.244   0.454  0.0048   19.0     1.00     14740  0.950
   6    0.0 5.3e-04   0.959     151.70 8.1836e-07  17.443  -2.81e+03  -17.443   0.402  0.0147   19.0     1.00     17688  0.950
   7    0.0 5.0e-04   0.979     146.58 7.2474e-07  17.180  -2.79e+03  -17.180   0.395  0.0103   18.3     1.28     20636  0.950
   8    0.0 4.7e-04   0.998     143.19 6.5301e-07  16.902  -2.76e+03  -16.902   0.396  0.0042   17.4     1.60     23584  0.950
   9    0.0 4.5e-04   0.977     138.43 6.1163e-07  16.414  -2.75e+03  -16.414   0.364  0.0088   16.7     1.90     26532  0.950
  10    0.0 4.3e-04   0.994     135.78 5.1943e-07  16.450  -2.75e+03  -16.450   0.334  0.0058   15.4     2.39     29480  0.950
  11    0.0 4.1e-04   0.993     135.19 4.1725e-07  16.660  -2.75e+03  -16.660   0.339  0.0067   13.8     3.03     32428  0.950
  12    0.0 3.9e-04   0.992     131.34 3.3567e-07  16.802  -2.73e+03  -16.802   0.322  0.0075   12.4     3.57     35376  0.950
  13    0.0 3.7e-04   0.981     128.63 3.5106e-07  15.956  -2.73e+03  -15.956   0.305  0.0086   10.9     4.14     38324  0.950
  14    0.0 3.5e-04   0.992     125.43 3.0001e-07  15.981  -2.71e+03  -15.981   0.300  0.0074    9.4     4.72     41272  0.950
  15    0.0 3.3e-04   0.991     122.76 2.4156e-07  16.275   -2.7e+03  -16.275   0.300  0.0070    8.1     5.23     44220  0.950
  16    0.0 3.2e-04   0.995     122.04 2.5315e-07  15.822   -2.7e+03  -15.822   0.281  0.0033    7.0     5.67     47168  0.950
  17    0.0 3.0e-04   0.986     119.78 2.2926e-07  15.808   -2.7e+03  -15.808   0.294  0.0063    5.9     6.10     50116  0.950
  18    0.0 2.8e-04   0.997     118.55 2.3536e-07  15.587  -2.69e+03  -15.587   0.287  0.0023    5.0     6.44     53064  0.950
  19    0.0 2.7e-04   0.987     118.23 2.0105e-07  15.829   -2.7e+03  -15.829   0.278  0.0040    4.3     6.73     56012  0.950
  20    0.0 2.6e-04   0.988     116.61 2.1055e-07  15.536  -2.69e+03  -15.536   0.264  0.0044    3.6     7.00     58960  0.950
  21    0.0 2.4e-04   0.985     114.91 1.891e-07   15.621  -2.68e+03  -15.621   0.267  0.0070    2.9     7.25     61908  0.950
  22    0.0 2.3e-04   0.985     112.59 1.8519e-07  15.520  -2.67e+03  -15.520   0.341  0.0066    2.4     7.44     64856  0.950
  23    0.0 2.2e-04   0.988     110.39 1.7725e-07  15.496  -2.66e+03  -15.496   0.325  0.0043    2.2     7.54     67804  0.950
  24    0.0 2.1e-04   0.989     108.67 1.8583e-07  15.353  -2.66e+03  -15.353   0.313  0.0059    1.9     7.63     70752  0.950
  25    0.0 2.0e-04   0.997     107.43 1.8164e-07  15.322  -2.65e+03  -15.322   0.288  0.0015    1.7     7.73     73700  0.950
  26    0.0 1.9e-04   0.996     107.05 1.7615e-07  15.322  -2.65e+03  -15.322   0.292  0.0031    1.4     7.83     76648  0.950
  27    0.0 1.8e-04   0.993     105.69 1.5502e-07  15.531  -2.65e+03  -15.531   0.271  0.0041    1.2     7.91     79596  0.950
  28    0.0 1.7e-04   0.999     105.17 1.5825e-07  15.424  -2.65e+03  -15.424   0.256  0.0008    1.0     7.99     82544  0.950
  29    0.0 1.6e-04   0.998     104.71 1.5934e-07  15.424  -2.64e+03  -15.424   0.259  0.0022    1.0     8.00     85492  0.950
  30    0.0 1.5e-04   0.996     104.37 1.6868e-07  15.272  -2.64e+03  -15.272   0.253  0.0017    1.0     8.00     88440  0.950
  31    0.0 1.5e-04   0.996     103.30 1.6323e-07  15.368  -2.64e+03  -15.368   0.249  0.0013    1.0     8.00     91388  0.950
  32    0.0 1.4e-04   0.994     102.66 1.5615e-07  15.445  -2.64e+03  -15.445   0.240  0.0023    1.0     8.00     94336  0.950
  33    0.0 1.3e-04   0.997     102.38 1.605e-07   15.368  -2.64e+03  -15.368   0.225  0.0017    1.0     8.00     97284  0.950
  34    0.0 1.3e-04   0.999     102.29 1.5432e-07  15.455  -2.64e+03  -15.455   0.226  0.0010    1.0     8.00    100232  0.950
  35    0.0 1.2e-04   0.996     102.21 1.5235e-07  15.455  -2.64e+03  -15.455   0.212  0.0013    1.0     8.00    103180  0.950
  36    0.0 1.1e-04   0.998     102.22 1.5095e-07  15.454  -2.64e+03  -15.454   0.217  0.0022    1.0     8.00    106128  0.950
  37    0.0 1.1e-04   0.999     101.94 1.5631e-07  15.373  -2.63e+03  -15.373   0.206  0.0013    1.0     8.00    109076  0.950
  38    0.0 1.0e-04   1.000     102.06 1.5697e-07  15.373  -2.63e+03  -15.373   0.199  0.0009    1.0     8.00    112024  0.950
  39    0.0 9.7e-05   0.997     101.90 1.5706e-07  15.365  -2.64e+03  -15.365   0.187  0.0020    1.0     8.00    114972  0.950
  40    0.0 9.2e-05   0.997     101.32 1.5911e-07  15.335  -2.63e+03  -15.335   0.169  0.0012    1.0     8.00    117920  0.950
  41    0.0 8.7e-05   0.998     100.99 1.632e-07   15.272  -2.63e+03  -15.272   0.167  0.0016    1.0     8.00    120868  0.950
  42    0.0 8.3e-05   0.999     100.73 1.5821e-07  15.335  -2.63e+03  -15.335   0.168  0.0004    1.0     8.00    123816  0.950
  43    0.0 7.9e-05   0.997     100.50 1.5661e-07  15.335  -2.63e+03  -15.335   0.151  0.0007    1.0     8.00    126764  0.950
  44    0.0 7.5e-05   0.998     100.38 1.5618e-07  15.335  -2.63e+03  -15.335   0.159  0.0011    1.0     8.00    129712  0.950
  45    0.0 7.1e-05   0.999     100.33 1.5602e-07  15.335  -2.63e+03  -15.335   0.135  0.0008    1.0     8.00    132660  0.950
  46    0.0 5.7e-05   0.999     100.03 1.5572e-07  15.335  -2.63e+03  -15.335   0.116  0.0010    1.0     8.00    135608  0.800
Agent's 2nd state: 
Checkpoint saved: bb_costs=99.923, TD costs=1.55791e-07, CPD= 15.335 (ns) 
  47    0.0 4.6e-05   0.999     100.00 1.5532e-07  15.335  -2.63e+03  -15.335   0.081  0.0011    1.0     8.00    138556  0.800
  48    0.0 3.6e-05   0.999      99.91 1.5303e-07  15.335  -2.63e+03  -15.335   0.062  0.0008    1.0     8.00    141504  0.800
  49    0.0 2.9e-05   0.999      99.68 1.5229e-07  15.335  -2.62e+03  -15.335   0.049  0.0004    1.0     8.00    144452  0.800
  50    0.0 2.3e-05   0.998      99.46 1.5202e-07  15.335  -2.62e+03  -15.335   0.049  0.0008    1.0     8.00    147400  0.800
  51    0.0 1.9e-05   0.999      99.31 1.5223e-07  15.335  -2.62e+03  -15.335   0.038  0.0006    1.0     8.00    150348  0.800
  52    0.0 1.5e-05   1.000      99.27 1.5127e-07  15.335  -2.62e+03  -15.335   0.028  0.0002    1.0     8.00    153296  0.800
  53    0.0 1.2e-05   1.000      99.25 1.5088e-07  15.335  -2.62e+03  -15.335   0.022  0.0003    1.0     8.00    156244  0.800
  54    0.0 9.6e-06   0.999      99.16 1.5062e-07  15.335  -2.62e+03  -15.335   0.022  0.0002    1.0     8.00    159192  0.800
  55    0.0 7.6e-06   1.000      99.11 1.5059e-07  15.335  -2.62e+03  -15.335   0.021  0.0003    1.0     8.00    162140  0.800
  56    0.0 6.1e-06   1.000      98.97 1.5032e-07  15.335  -2.62e+03  -15.335   0.013  0.0002    1.0     8.00    165088  0.800
  57    0.0 4.9e-06   1.000      98.92 1.5031e-07  15.335  -2.62e+03  -15.335   0.010  0.0001    1.0     8.00    168036  0.800
  58    0.0 3.9e-06   1.000      98.87 1.5022e-07  15.335  -2.62e+03  -15.335   0.010  0.0001    1.0     8.00    170984  0.800
  59    0.0 0.0e+00   1.000      98.80 1.5036e-07  15.335  -2.62e+03  -15.335   0.006  0.0001    1.0     8.00    173932  0.800
## Placement Quench took 0.01 seconds (max_rss 100.6 MiB)
post-quench CPD = 15.3347 (ns) 

BB estimate of min-dist (placement) wire length: 9482

Completed placement consistency check successfully.

Swaps called: 174605

Aborted Move Reasons:
  No moves aborted

Placement estimated critical path delay (least slack): 15.3347 ns, Fmax: 65.2114 MHz
Placement estimated setup Worst Negative Slack (sWNS): -15.3347 ns
Placement estimated setup Total Negative Slack (sTNS): -2620.1 ns

Placement estimated setup slack histogram:
[ -1.5e-08: -1.5e-08)  9 (  4.2%) |********
[ -1.5e-08: -1.4e-08) 27 ( 12.7%) |************************
[ -1.4e-08: -1.3e-08) 55 ( 25.9%) |************************************************
[ -1.3e-08: -1.2e-08) 31 ( 14.6%) |***************************
[ -1.2e-08: -1.1e-08) 34 ( 16.0%) |******************************
[ -1.1e-08: -1.1e-08) 26 ( 12.3%) |***********************
[ -1.1e-08: -9.9e-09) 14 (  6.6%) |************
[ -9.9e-09: -9.1e-09)  5 (  2.4%) |****
[ -9.1e-09: -8.3e-09)  8 (  3.8%) |*******
[ -8.3e-09: -7.6e-09)  3 (  1.4%) |***

Placement estimated geomean non-virtual intra-domain period: nan ns (nan MHz)
Placement estimated fanout-weighted geomean non-virtual intra-domain period: nan ns (nan MHz)

Placement cost: 0.999717, bb_cost: 98.7705, td_cost: 1.50377e-07, 

Placement resource usage:
  io  implemented as io : 443
  clb implemented as clb: 230

Placement number of temperatures: 59
Placement total # of swap attempts: 174605
	Swaps accepted:  40635 (23.3 %)
	Swaps rejected: 122822 (70.3 %)
	Swaps aborted:  11148 ( 6.4 %)


Placement perturbation distribution by block and move type: 
------------------ ----------------- ---------------- ---------------- --------------- ------------ 
    Block Type         Move Type       (%) of Total      Accepted(%)     Rejected(%)    Aborted(%)
------------------ ----------------- ---------------- ---------------- --------------- ------------ 
io                 Uniform                15.03            34.39           65.61          0.00         
                   Median                 14.83            31.84           50.85          17.31        
                   Centroid               14.76            34.88           56.04          9.08         
                   W. Centroid            14.92            35.13           55.73          9.14         
                   W. Median              2.08             6.19            72.27          21.53        
                   Crit. Uniform          0.90             0.89            99.11          0.00         
                   Feasible Region        0.89             0.90            91.48          7.62         

clb                Uniform                7.80             4.52            95.48          0.00         
                   Median                 7.70             11.30           85.11          3.59         
                   Centroid               7.67             10.59           87.93          1.49         
                   W. Centroid            7.80             10.34           88.01          1.65         
                   W. Median              1.03             0.39            92.05          7.56         
                   Crit. Uniform          2.31             0.00            100.00         0.00         
                   Feasible Region        2.28             0.03            99.97          0.00         


Placement Quench timing analysis took 0.00173943 seconds (0.00148708 STA, 0.000252344 slack) (1 full updates: 1 setup, 0 hold, 0 combined).
Placement Total  timing analysis took 0.126926 seconds (0.109485 STA, 0.0174405 slack) (61 full updates: 61 setup, 0 hold, 0 combined).
update_td_costs: connections 0 nets 0 sum_nets 0 total 0
# Placement took 0.41 seconds (max_rss 100.6 MiB, delta_rss +0.0 MiB)

# Routing
Initializing minimum channel width search based on maximum CLB pins

Attempting to route at 76 channels (binary search bounds: [-1, -1])
## Build routing resource graph
SOURCE->OPIN and IPIN->SINK edge count:21879
OPIN->CHANX/CHANY edge count before creating direct connections: 48934
OPIN->CHANX/CHANY edge count after creating direct connections: 49155
CHAN->CHAN type edge count:261327
## Build routing resource graph took 0.10 seconds (max_rss 100.6 MiB, delta_rss +0.0 MiB)
  RR Graph Nodes: 47686
  RR Graph Edges: 332361
Confirming router algorithm: TIMING_DRIVEN.
## Computing router lookahead map
### Computing wire lookahead
### Computing wire lookahead took 0.29 seconds (max_rss 100.6 MiB, delta_rss +0.0 MiB)
### Computing src/opin lookahead
### Computing src/opin lookahead took 0.00 seconds (max_rss 100.6 MiB, delta_rss +0.0 MiB)
## Computing router lookahead map took 0.29 seconds (max_rss 100.6 MiB, delta_rss +0.0 MiB)
## Initializing router criticalities
Initial Net Connection Criticality Histogram:
[        0:      0.1)  10 (  0.3%) |*
[      0.1:      0.2)  38 (  1.2%) |**
[      0.2:      0.3) 100 (  3.1%) |*****
[      0.3:      0.4) 145 (  4.4%) |********
[      0.4:      0.5) 217 (  6.6%) |************
[      0.5:      0.6) 340 ( 10.4%) |*******************
[      0.6:      0.7) 473 ( 14.5%) |**************************
[      0.7:      0.8) 806 ( 24.6%) |********************************************
[      0.8:      0.9) 861 ( 26.3%) |***********************************************
[      0.9:        1) 280 (  8.6%) |***************
## Initializing router criticalities took 0.04 seconds (max_rss 100.6 MiB, delta_rss +0.0 MiB)
---- ------ ------- ---- ------- ------- ------- ----------------- --------------- -------- ---------- ---------- ---------- ---------- --------
Iter   Time    pres  BBs    Heap  Re-Rtd  Re-Rtd Overused RR Nodes      Wirelength      CPD       sTNS       sWNS       hTNS       hWNS Est Succ
      (sec)     fac Updt    push    Nets   Conns                                       (ns)       (ns)       (ns)       (ns)       (ns)     Iter
---- ------ ------- ---- ------- ------- ------- ----------------- --------------- -------- ---------- ---------- ---------- ---------- --------
   1    0.0     0.0    0  158480    1526    3270    1132 ( 2.374%)   16718 (32.2%)   16.746     -2769.    -16.746      0.000      0.000      N/A
Incr Slack updates 61 in 0.00544667 sec
Full Max Req/Worst Slack updates 26 in 7.4796e-05 sec
Incr Max Req/Worst Slack updates 35 in 0.000121399 sec
Incr Criticality updates 21 in 0.00329503 sec
Full Criticality updates 40 in 0.0077143 sec
   2    0.0     0.5   23  119404     910    2478     719 ( 1.508%)   16677 (32.1%)   16.746     -2769.    -16.746      0.000      0.000      N/A
   3    0.0     0.6    2  107630     705    2085     556 ( 1.166%)   16749 (32.2%)   16.749     -2772.    -16.749      0.000      0.000      N/A
   4    0.0     0.8    5  100165     576    1883     420 ( 0.881%)   16940 (32.6%)   16.743     -2772.    -16.743      0.000      0.000      N/A
   5    0.0     1.1    6   88551     456    1644     314 ( 0.658%)   17042 (32.8%)   16.743     -2775.    -16.743      0.000      0.000      N/A
   6    0.0     1.4    5   75523     343    1353     215 ( 0.451%)   17220 (33.1%)   16.743     -2776.    -16.743      0.000      0.000      N/A
   7    0.0     1.9    4   59192     263    1112     136 ( 0.285%)   17305 (33.3%)   16.743     -2777.    -16.743      0.000      0.000      N/A
   8    0.0     2.4    3   51110     185     879      97 ( 0.203%)   17379 (33.4%)   16.743     -2777.    -16.743      0.000      0.000      N/A
   9    0.0     3.1    2   35841     121     639      51 ( 0.107%)   17452 (33.6%)   16.743     -2779.    -16.743      0.000      0.000      N/A
  10    0.0     4.1    0   22507      66     371      19 ( 0.040%)   17571 (33.8%)   16.743     -2779.    -16.743      0.000      0.000       18
  11    0.0     5.3    2    9459      25     148       4 ( 0.008%)   17615 (33.9%)   16.743     -2779.    -16.743      0.000      0.000       15
  12    0.0     6.9    0    2878       7      33       3 ( 0.006%)   17626 (33.9%)   16.743     -2779.    -16.743      0.000      0.000       14
  13    0.0     9.0    0    1645       5      14       1 ( 0.002%)   17629 (33.9%)   16.743     -2779.    -16.743      0.000      0.000       13
  14    0.0    11.6    0    1273       1      11       0 ( 0.000%)   17639 (33.9%)   16.743     -2779.    -16.743      0.000      0.000       13
Restoring best routing
Critical path: 16.743 ns
Successfully routed after 14 routing iterations.
Final Net Connection Criticality Histogram:
[        0:      0.1)   3 (  0.1%) |
[      0.1:      0.2)  39 (  1.2%) |**
[      0.2:      0.3)  90 (  2.8%) |*****
[      0.3:      0.4) 158 (  4.8%) |*********
[      0.4:      0.5) 212 (  6.5%) |***********
[      0.5:      0.6) 347 ( 10.6%) |*******************
[      0.6:      0.7) 505 ( 15.4%) |***************************
[      0.7:      0.8) 825 ( 25.2%) |*********************************************
[      0.8:      0.9) 871 ( 26.6%) |***********************************************
[      0.9:        1) 220 (  6.7%) |************
Router Stats: total_nets_routed: 5189 total_connections_routed: 15920 total_heap_pushes: 833658 total_heap_pops: 219404 total_internal_heap_pushes: 0 total_internal_heap_pops: 0 total_external_heap_pushes: 833658 total_external_heap_pops: 219404 total_external_SOURCE_pushes: 15920 total_external_SOURCE_pops: 9780 total_internal_SOURCE_pushes: 0 total_internal_SOURCE_pops: 0 rt_node_SOURCE_pushes: 15920 rt_node_SOURCE_high_fanout_pushes: 0 rt_node_SOURCE_entire_tree_pushes: 15920 total_external_SINK_pushes: 49000 total_external_SINK_pops: 44788 total_internal_SINK_pushes: 0 total_internal_SINK_pops: 0 rt_node_SINK_pushes: 0 rt_node_SINK_high_fanout_pushes: 0 rt_node_SINK_entire_tree_pushes: 0 total_external_IPIN_pushes: 71158 total_external_IPIN_pops: 65440 total_internal_IPIN_pushes: 0 total_internal_IPIN_pops: 0 rt_node_IPIN_pushes: 0 rt_node_IPIN_high_fanout_pushes: 0 rt_node_IPIN_entire_tree_pushes: 0 total_external_OPIN_pushes: 19487 total_external_OPIN_pops: 13940 total_internal_OPIN_pushes: 0 total_internal_OPIN_pops: 0 rt_node_OPIN_pushes: 10808 rt_node_OPIN_high_fanout_pushes: 0 rt_node_OPIN_entire_tree_pushes: 10808 total_external_CHANX_pushes: 350476 total_external_CHANX_pops: 43096 total_internal_CHANX_pushes: 0 total_internal_CHANX_pops: 0 rt_node_CHANX_pushes: 33500 rt_node_CHANX_high_fanout_pushes: 0 rt_node_CHANX_entire_tree_pushes: 33500 total_external_CHANY_pushes: 327617 total_external_CHANY_pops: 42360 total_internal_CHANY_pushes: 0 total_internal_CHANY_pops: 0 rt_node_CHANY_pushes: 35532 rt_node_CHANY_high_fanout_pushes: 0 rt_node_CHANY_entire_tree_pushes: 35532 total_number_of_adding_all_rt: 188444 total_number_of_adding_high_fanout_rt: 0 total_number_of_adding_all_rt_from_calling_high_fanout_rt: 0 

Attempting to route at 38 channels (binary search bounds: [-1, 76])
## Build routing resource graph
SOURCE->OPIN and IPIN->SINK edge count:21879
OPIN->CHANX/CHANY edge count before creating direct connections: 24476
OPIN->CHANX/CHANY edge count after creating direct connections: 24697
CHAN->CHAN type edge count:131301
## Build routing resource graph took 0.05 seconds (max_rss 100.6 MiB, delta_rss +0.0 MiB)
  RR Graph Nodes: 40106
  RR Graph Edges: 177877
Confirming router algorithm: TIMING_DRIVEN.
## Computing router lookahead map
### Computing wire lookahead
### Computing wire lookahead took 0.18 seconds (max_rss 100.6 MiB, delta_rss +0.0 MiB)
### Computing src/opin lookahead
### Computing src/opin lookahead took 0.00 seconds (max_rss 100.6 MiB, delta_rss +0.0 MiB)
## Computing router lookahead map took 0.18 seconds (max_rss 100.6 MiB, delta_rss +0.0 MiB)
## Initializing router criticalities
Initial Net Connection Criticality Histogram:
[        0:      0.1)  10 (  0.3%) |*
[      0.1:      0.2)  38 (  1.2%) |**
[      0.2:      0.3) 100 (  3.1%) |*****
[      0.3:      0.4) 145 (  4.4%) |********
[      0.4:      0.5) 217 (  6.6%) |************
[      0.5:      0.6) 340 ( 10.4%) |*******************
[      0.6:      0.7) 470 ( 14.4%) |**************************
[      0.7:      0.8) 806 ( 24.6%) |********************************************
[      0.8:      0.9) 861 ( 26.3%) |***********************************************
[      0.9:        1) 283 (  8.7%) |***************
## Initializing router criticalities took 0.01 seconds (max_rss 100.6 MiB, delta_rss +0.0 MiB)
---- ------ ------- ---- ------- ------- ------- ----------------- --------------- -------- ---------- ---------- ---------- ---------- --------
Iter   Time    pres  BBs    Heap  Re-Rtd  Re-Rtd Overused RR Nodes      Wirelength      CPD       sTNS       sWNS       hTNS       hWNS Est Succ
      (sec)     fac Updt    push    Nets   Conns                                       (ns)       (ns)       (ns)       (ns)       (ns)     Iter
---- ------ ------- ---- ------- ------- ------- ----------------- --------------- -------- ---------- ---------- ---------- ---------- --------
   1    0.0     0.0    0  142462    1526    3270    1536 ( 3.830%)   17452 (67.1%)   16.771     -2802.    -16.771      0.000      0.000      N/A
   2    0.0     0.5   35  134422    1198    2893    1332 ( 3.321%)   17486 (67.3%)   16.771     -2803.    -16.771      0.000      0.000      N/A
   3    0.0     0.6   10  147730    1115    2764    1237 ( 3.084%)   17879 (68.8%)   16.774     -2810.    -16.774      0.000      0.000      N/A
   4    0.0     0.8   26  158063    1031    2671    1082 ( 2.698%)   18254 (70.2%)   16.774     -2817.    -16.774      0.000      0.000      N/A
   5    0.0     1.1   26  165698     957    2531     936 ( 2.334%)   18620 (71.6%)   16.774     -2822.    -16.774      0.000      0.000      N/A
   6    0.0     1.4   24  169095     818    2348     810 ( 2.020%)   19214 (73.9%)   16.776     -2829.    -16.776      0.000      0.000      N/A
   7    0.0     1.9   19  167552     738    2189     651 ( 1.623%)   19484 (75.0%)   16.776     -2839.    -16.776      0.000      0.000      N/A
   8    0.0     2.4   21  158852     648    1982     532 ( 1.326%)   19927 (76.7%)   16.785     -2845.    -16.785      0.000      0.000      N/A
   9    0.0     3.1   16  161410     557    1829     441 ( 1.100%)   20409 (78.5%)   16.752     -2849.    -16.752      0.000      0.000      N/A
  10    0.0     4.1   21  140164     501    1648     380 ( 0.947%)   20688 (79.6%)   16.743     -2857.    -16.743      0.000      0.000       41
  11    0.0     5.3   19  144655     445    1504     326 ( 0.813%)   21053 (81.0%)   16.753     -2857.    -16.753      0.000      0.000       41
  12    0.0     6.9   12  147213     383    1343     298 ( 0.743%)   21377 (82.2%)   16.755     -2862.    -16.755      0.000      0.000       43
  13    0.0     9.0   17  162008     364    1253     293 ( 0.731%)   21972 (84.5%)   16.750     -2868.    -16.750      0.000      0.000       48
  14    0.0    11.6   15  171351     326    1259     261 ( 0.651%)   22033 (84.8%)   16.750     -2877.    -16.750      0.000      0.000       54
  15    0.0    15.1   12  162935     302    1127     228 ( 0.568%)   22277 (85.7%)   16.750     -2884.    -16.750      0.000      0.000       62
  16    0.0    19.7   10  181460     312    1140     245 ( 0.611%)   22350 (86.0%)   16.733     -2892.    -16.733      0.000      0.000       63
  17    0.0    25.6   14  185293     293    1102     234 ( 0.583%)   22550 (86.8%)   16.758     -2902.    -16.758      0.000      0.000       78
  18    0.0    33.3   13  205276     318    1259     247 ( 0.616%)   22795 (87.7%)   16.758     -2907.    -16.758      0.000      0.000       86
  19    0.0    43.3   12  222549     314    1275     225 ( 0.561%)   22806 (87.7%)   16.771     -2917.    -16.771      0.000      0.000      114
  20    0.0    56.2   12  196694     307    1284     199 ( 0.496%)   22740 (87.5%)   16.762     -2927.    -16.762      0.000      0.000      123
  21    0.0    73.1    8  203137     309    1276     202 ( 0.504%)   22907 (88.1%)   16.762     -2944.    -16.762      0.000      0.000      137
  22    0.0    95.0   10  206415     315    1264     191 ( 0.476%)   22767 (87.6%)   16.762     -2939.    -16.762      0.000      0.000      140
  23    0.0   123.5    4  192050     288    1198     177 ( 0.441%)   22884 (88.0%)   17.039     -2947.    -17.039      0.000      0.000      149
  24    0.0   160.6    5  188049     283    1135     188 ( 0.469%)   22935 (88.2%)   17.025     -2952.    -17.025      0.000      0.000      144
  25    0.0   208.8    3  200231     298    1159     177 ( 0.441%)   22871 (88.0%)   17.031     -2958.    -17.031      0.000      0.000      157
Routing aborted, the predicted iteration for a successful route (156.9) is too high.
Routing failed.

Failed routing attempt #0
Total number of overused nodes: 177
Total number of overused nodes is larger than the logging limit (20).
Displaying the first 20 entries.
Routing Failure Diagnostics: Printing Overused Nodes Information
------ ------- ---------- --------- -------- ------------ ------- ------- ------- ------- ------- ------- -------
   No.  NodeId  Occupancy  Capacity  RR Node    Direction    Side     PTC   Block    Xlow    Ylow   Xhigh   Yhigh
                                        type                          NUM    Name                                 
------ ------- ---------- --------- -------- ------------ ------- ------- ------- ------- ------- ------- -------
     0    1482          2         1     IPIN          N/A   RIGHT      33     clb       1       6       1       6
     1    1961          2         1     IPIN          N/A  BOTTOM       2     clb       1      11       1      11
     2    2611          2         1     IPIN          N/A     TOP      40     clb       1      17       1      17
     3    4351          2         1     IPIN          N/A  BOTTOM      10     clb       3       5       3       5
     4    4474          2         1     IPIN          N/A    LEFT      31     clb       3       6       3       6
     5    5565          2         1     IPIN          N/A     TOP       0     clb       3      17       3      17
     6    6081          2         1     IPIN          N/A     TOP      12     clb       4       3       4       3
     7    6581          2         1     IPIN          N/A  BOTTOM       2     clb       4       8       4       8
     8    6798          2         1     IPIN          N/A    LEFT      15     clb       4      10       4      10
     9    8002          2         1     IPIN          N/A   RIGHT       1     clb       5       3       5       3
    10   11184          2         1     IPIN          N/A    LEFT       3     clb       7       3       7       3
    11   12032          2         1     IPIN          N/A    LEFT      35     clb       7      11       7      11
    12   12716          2         1     IPIN          N/A   RIGHT       5     clb       7      18       7      18
    13   13047          2         1     IPIN          N/A     TOP      36     clb       8       2       8       2
    14   13445          2         1     IPIN          N/A  BOTTOM      26     clb       8       6       8       6
    15   14269          2         1     IPIN          N/A  BOTTOM      34     clb       8      14       8      14
    16   14876          2         1     IPIN          N/A    LEFT      35     clb       9       1       9       1
    17   15091          2         1     IPIN          N/A  BOTTOM      46     clb       9       3       9       3
    18   15661          2         1     IPIN          N/A     TOP       4     clb       9       9       9       9
    19   15670          2         1     IPIN          N/A   RIGHT      13     clb       9       9       9       9

Final Net Connection Criticality Histogram:
[        0:      0.1)   2 (  0.1%) |
[      0.1:      0.2)  31 (  0.9%) |**
[      0.2:      0.3)  71 (  2.2%) |****
[      0.3:      0.4) 138 (  4.2%) |*******
[      0.4:      0.5) 177 (  5.4%) |*********
[      0.5:      0.6) 333 ( 10.2%) |****************
[      0.6:      0.7) 422 ( 12.9%) |*********************
[      0.7:      0.8) 722 ( 22.1%) |************************************
[      0.8:      0.9) 951 ( 29.1%) |***********************************************
[      0.9:        1) 423 ( 12.9%) |*********************
Router Stats: total_nets_routed: 13946 total_connections_routed: 42703 total_heap_pushes: 4314764 total_heap_pops: 1014469 total_internal_heap_pushes: 0 total_internal_heap_pops: 0 total_external_heap_pushes: 4314764 total_external_heap_pops: 1014469 total_external_SOURCE_pushes: 42703 total_external_SOURCE_pops: 31687 total_internal_SOURCE_pushes: 0 total_internal_SOURCE_pops: 0 rt_node_SOURCE_pushes: 42703 rt_node_SOURCE_high_fanout_pushes: 0 rt_node_SOURCE_entire_tree_pushes: 42703 total_external_SINK_pushes: 122330 total_external_SINK_pops: 112294 total_internal_SINK_pushes: 0 total_internal_SINK_pops: 0 rt_node_SINK_pushes: 0 rt_node_SINK_high_fanout_pushes: 0 rt_node_SINK_entire_tree_pushes: 0 total_external_IPIN_pushes: 181384 total_external_IPIN_pops: 161294 total_internal_IPIN_pushes: 0 total_internal_IPIN_pops: 0 rt_node_IPIN_pushes: 0 rt_node_IPIN_high_fanout_pushes: 0 rt_node_IPIN_entire_tree_pushes: 0 total_external_OPIN_pushes: 53710 total_external_OPIN_pops: 41477 total_internal_OPIN_pushes: 0 total_internal_OPIN_pops: 0 rt_node_OPIN_pushes: 28926 rt_node_OPIN_high_fanout_pushes: 0 rt_node_OPIN_entire_tree_pushes: 28926 total_external_CHANX_pushes: 2010349 total_external_CHANX_pops: 332398 total_internal_CHANX_pushes: 0 total_internal_CHANX_pops: 0 rt_node_CHANX_pushes: 110663 rt_node_CHANX_high_fanout_pushes: 0 rt_node_CHANX_entire_tree_pushes: 110663 total_external_CHANY_pushes: 1904288 total_external_CHANY_pops: 335319 total_internal_CHANY_pushes: 0 total_internal_CHANY_pops: 0 rt_node_CHANY_pushes: 113284 rt_node_CHANY_high_fanout_pushes: 0 rt_node_CHANY_entire_tree_pushes: 113284 total_number_of_adding_all_rt: 542628 total_number_of_adding_high_fanout_rt: 0 total_number_of_adding_all_rt_from_calling_high_fanout_rt: 0 

Attempting to route at 58 channels (binary search bounds: [38, 76])
## Build routing resource graph
SOURCE->OPIN and IPIN->SINK edge count:21879
OPIN->CHANX/CHANY edge count before creating direct connections: 37292
OPIN->CHANX/CHANY edge count after creating direct connections: 37513
CHAN->CHAN type edge count:201182
## Build routing resource graph took 0.07 seconds (max_rss 100.6 MiB, delta_rss +0.0 MiB)
  RR Graph Nodes: 44094
  RR Graph Edges: 260574
Confirming router algorithm: TIMING_DRIVEN.
## Computing router lookahead map
### Computing wire lookahead
### Computing wire lookahead took 0.24 seconds (max_rss 100.6 MiB, delta_rss +0.0 MiB)
### Computing src/opin lookahead
### Computing src/opin lookahead took 0.00 seconds (max_rss 100.6 MiB, delta_rss +0.0 MiB)
## Computing router lookahead map took 0.24 seconds (max_rss 100.6 MiB, delta_rss +0.0 MiB)
## Initializing router criticalities
Initial Net Connection Criticality Histogram:
[        0:      0.1)  10 (  0.3%) |*
[      0.1:      0.2)  38 (  1.2%) |**
[      0.2:      0.3) 100 (  3.1%) |*****
[      0.3:      0.4) 145 (  4.4%) |********
[      0.4:      0.5) 217 (  6.6%) |************
[      0.5:      0.6) 340 ( 10.4%) |*******************
[      0.6:      0.7) 472 ( 14.4%) |**************************
[      0.7:      0.8) 807 ( 24.7%) |********************************************
[      0.8:      0.9) 860 ( 26.3%) |***********************************************
[      0.9:        1) 281 (  8.6%) |***************
## Initializing router criticalities took 0.01 seconds (max_rss 100.6 MiB, delta_rss +0.0 MiB)
---- ------ ------- ---- ------- ------- ------- ----------------- --------------- -------- ---------- ---------- ---------- ---------- --------
Iter   Time    pres  BBs    Heap  Re-Rtd  Re-Rtd Overused RR Nodes      Wirelength      CPD       sTNS       sWNS       hTNS       hWNS Est Succ
      (sec)     fac Updt    push    Nets   Conns                                       (ns)       (ns)       (ns)       (ns)       (ns)     Iter
---- ------ ------- ---- ------- ------- ------- ----------------- --------------- -------- ---------- ---------- ---------- ---------- --------
   1    0.0     0.0    0  152120    1526    3270    1279 ( 2.901%)   16905 (42.6%)   16.657     -2781.    -16.657      0.000      0.000      N/A
   2    0.0     0.5   26  127827    1053    2687     947 ( 2.148%)   16780 (42.3%)   16.657     -2782.    -16.657      0.000      0.000      N/A
   3    0.0     0.6    6  129331     903    2481     792 ( 1.796%)   17136 (43.2%)   16.661     -2785.    -16.661      0.000      0.000      N/A
   4    0.0     0.8    9  119590     748    2204     620 ( 1.406%)   17335 (43.7%)   16.661     -2786.    -16.661      0.000      0.000      N/A
   5    0.0     1.1    6  108899     595    1989     446 ( 1.011%)   17598 (44.4%)   16.661     -2791.    -16.661      0.000      0.000      N/A
   6    0.0     1.4    7   90792     458    1650     315 ( 0.714%)   17689 (44.6%)   16.661     -2795.    -16.661      0.000      0.000      N/A
   7    0.0     1.9    4   78617     353    1399     210 ( 0.476%)   17937 (45.2%)   16.661     -2797.    -16.661      0.000      0.000      N/A
   8    0.0     2.4    4   64281     264    1079     132 ( 0.299%)   18120 (45.7%)   16.661     -2798.    -16.661      0.000      0.000      N/A
   9    0.0     3.1    4   46548     178     814      81 ( 0.184%)   18293 (46.1%)   16.661     -2801.    -16.661      0.000      0.000      N/A
  10    0.0     4.1    5   34431     116     557      45 ( 0.102%)   18322 (46.2%)   16.661     -2803.    -16.661      0.000      0.000       19
  11    0.0     5.3    0   17714      58     265      17 ( 0.039%)   18387 (46.3%)   16.661     -2803.    -16.661      0.000      0.000       18
  12    0.0     6.9    1    5989      22      79       6 ( 0.014%)   18447 (46.5%)   16.661     -2803.    -16.661      0.000      0.000       16
  13    0.0     9.0    1    3321       9      34       2 ( 0.005%)   18473 (46.6%)   16.661     -2803.    -16.661      0.000      0.000       15
  14    0.0    11.6    0    1943       3      27       0 ( 0.000%)   18490 (46.6%)   16.661     -2803.    -16.661      0.000      0.000       14
Restoring best routing
Critical path: 16.6615 ns
Successfully routed after 14 routing iterations.
Final Net Connection Criticality Histogram:
[        0:      0.1)   5 (  0.2%) |
[      0.1:      0.2)  36 (  1.1%) |**
[      0.2:      0.3)  82 (  2.5%) |****
[      0.3:      0.4) 156 (  4.8%) |********
[      0.4:      0.5) 208 (  6.4%) |***********
[      0.5:      0.6) 340 ( 10.4%) |*****************
[      0.6:      0.7) 460 ( 14.1%) |************************
[      0.7:      0.8) 799 ( 24.4%) |*****************************************
[      0.8:      0.9) 914 ( 28.0%) |***********************************************
[      0.9:        1) 270 (  8.3%) |**************
Router Stats: total_nets_routed: 6286 total_connections_routed: 18535 total_heap_pushes: 981403 total_heap_pops: 261003 total_internal_heap_pushes: 0 total_internal_heap_pops: 0 total_external_heap_pushes: 981403 total_external_heap_pops: 261003 total_external_SOURCE_pushes: 18535 total_external_SOURCE_pops: 11785 total_internal_SOURCE_pushes: 0 total_internal_SOURCE_pops: 0 rt_node_SOURCE_pushes: 18535 rt_node_SOURCE_high_fanout_pushes: 0 rt_node_SOURCE_entire_tree_pushes: 18535 total_external_SINK_pushes: 57160 total_external_SINK_pops: 52077 total_internal_SINK_pushes: 0 total_internal_SINK_pops: 0 rt_node_SINK_pushes: 0 rt_node_SINK_high_fanout_pushes: 0 rt_node_SINK_entire_tree_pushes: 0 total_external_IPIN_pushes: 82895 total_external_IPIN_pops: 75982 total_internal_IPIN_pushes: 0 total_internal_IPIN_pops: 0 rt_node_IPIN_pushes: 0 rt_node_IPIN_high_fanout_pushes: 0 rt_node_IPIN_entire_tree_pushes: 0 total_external_OPIN_pushes: 22541 total_external_OPIN_pops: 16417 total_internal_OPIN_pushes: 0 total_internal_OPIN_pops: 0 rt_node_OPIN_pushes: 12323 rt_node_OPIN_high_fanout_pushes: 0 rt_node_OPIN_entire_tree_pushes: 12323 total_external_CHANX_pushes: 408447 total_external_CHANX_pops: 52497 total_internal_CHANX_pushes: 0 total_internal_CHANX_pops: 0 rt_node_CHANX_pushes: 38568 rt_node_CHANX_high_fanout_pushes: 0 rt_node_CHANX_entire_tree_pushes: 38568 total_external_CHANY_pushes: 391825 total_external_CHANY_pops: 52245 total_internal_CHANY_pushes: 0 total_internal_CHANY_pops: 0 rt_node_CHANY_pushes: 39580 rt_node_CHANY_high_fanout_pushes: 0 rt_node_CHANY_entire_tree_pushes: 39580 total_number_of_adding_all_rt: 211760 total_number_of_adding_high_fanout_rt: 0 total_number_of_adding_all_rt_from_calling_high_fanout_rt: 0 

Attempting to route at 48 channels (binary search bounds: [38, 58])
## Build routing resource graph
SOURCE->OPIN and IPIN->SINK edge count:21879
OPIN->CHANX/CHANY edge count before creating direct connections: 31460
OPIN->CHANX/CHANY edge count after creating direct connections: 31681
CHAN->CHAN type edge count:166226
## Build routing resource graph took 0.06 seconds (max_rss 100.6 MiB, delta_rss +0.0 MiB)
  RR Graph Nodes: 42102
  RR Graph Edges: 219786
Confirming router algorithm: TIMING_DRIVEN.
## Computing router lookahead map
### Computing wire lookahead
### Computing wire lookahead took 0.20 seconds (max_rss 100.6 MiB, delta_rss +0.0 MiB)
### Computing src/opin lookahead
### Computing src/opin lookahead took 0.00 seconds (max_rss 100.6 MiB, delta_rss +0.0 MiB)
## Computing router lookahead map took 0.20 seconds (max_rss 100.6 MiB, delta_rss +0.0 MiB)
## Initializing router criticalities
Initial Net Connection Criticality Histogram:
[        0:      0.1)  10 (  0.3%) |*
[      0.1:      0.2)  38 (  1.2%) |**
[      0.2:      0.3) 100 (  3.1%) |*****
[      0.3:      0.4) 145 (  4.4%) |********
[      0.4:      0.5) 217 (  6.6%) |************
[      0.5:      0.6) 340 ( 10.4%) |*******************
[      0.6:      0.7) 473 ( 14.5%) |**************************
[      0.7:      0.8) 806 ( 24.6%) |********************************************
[      0.8:      0.9) 861 ( 26.3%) |***********************************************
[      0.9:        1) 280 (  8.6%) |***************
## Initializing router criticalities took 0.01 seconds (max_rss 100.6 MiB, delta_rss +0.0 MiB)
---- ------ ------- ---- ------- ------- ------- ----------------- --------------- -------- ---------- ---------- ---------- ---------- --------
Iter   Time    pres  BBs    Heap  Re-Rtd  Re-Rtd Overused RR Nodes      Wirelength      CPD       sTNS       sWNS       hTNS       hWNS Est Succ
      (sec)     fac Updt    push    Nets   Conns                                       (ns)       (ns)       (ns)       (ns)       (ns)     Iter
---- ------ ------- ---- ------- ------- ------- ----------------- --------------- -------- ---------- ---------- ---------- ---------- --------
   1    0.0     0.0    0  155478    1526    3270    1481 ( 3.518%)   17586 (53.6%)   16.674     -2799.    -16.674      0.000      0.000      N/A
   2    0.0     0.5   35  138218    1160    2810    1159 ( 2.753%)   17492 (53.3%)   16.674     -2798.    -16.674      0.000      0.000      N/A
   3    0.0     0.6    9  139476     995    2609     963 ( 2.287%)   17709 (53.9%)   16.676     -2804.    -16.676      0.000      0.000      N/A
   4    0.0     0.8   21  139939     864    2419     816 ( 1.938%)   18047 (55.0%)   16.676     -2806.    -16.676      0.000      0.000      N/A
   5    0.0     1.1   12  133993     744    2226     636 ( 1.511%)   18274 (55.7%)   16.676     -2812.    -16.676      0.000      0.000      N/A
   6    0.0     1.4   16  124853     634    1986     514 ( 1.221%)   18427 (56.1%)   16.676     -2815.    -16.676      0.000      0.000      N/A
   7    0.0     1.9    9  120257     527    1804     385 ( 0.914%)   18768 (57.2%)   16.676     -2818.    -16.676      0.000      0.000      N/A
   8    0.0     2.4    9  100611     415    1534     258 ( 0.613%)   19046 (58.0%)   16.676     -2824.    -16.676      0.000      0.000      N/A
   9    0.0     3.1    7   81682     317    1262     181 ( 0.430%)   19242 (58.6%)   16.687     -2826.    -16.687      0.000      0.000      N/A
  10    0.0     4.1    7   64321     209     926     123 ( 0.292%)   19488 (59.4%)   16.687     -2828.    -16.687      0.000      0.000       25
  11    0.0     5.3    5   57064     145     736      64 ( 0.152%)   19700 (60.0%)   16.687     -2832.    -16.687      0.000      0.000       23
  12    0.0     6.9    4   34643      84     424      40 ( 0.095%)   19873 (60.5%)   16.687     -2833.    -16.687      0.000      0.000       22
  13    0.0     9.0    6   23549      56     282      25 ( 0.059%)   19974 (60.8%)   16.687     -2833.    -16.687      0.000      0.000       20
  14    0.0    11.6    4   18014      39     198      16 ( 0.038%)   20063 (61.1%)   16.687     -2836.    -16.687      0.000      0.000       20
  15    0.0    15.1    2   11821      18     103       8 ( 0.019%)   20113 (61.3%)   16.687     -2837.    -16.687      0.000      0.000       20
  16    0.0    19.7    1    3305       9      40       5 ( 0.012%)   20111 (61.3%)   16.687     -2837.    -16.687      0.000      0.000       19
  17    0.0    25.6    0    5340      12      48       6 ( 0.014%)   20152 (61.4%)   16.688     -2839.    -16.688      0.000      0.000       19
  18    0.0    33.3    2    3973       7      27       1 ( 0.002%)   20120 (61.3%)   16.688     -2838.    -16.688      0.000      0.000       20
  19    0.0    43.3    0    5820       2       2       1 ( 0.002%)   20120 (61.3%)   16.688     -2838.    -16.688      0.000      0.000       19
  20    0.0    56.2    0    7498       2       2       1 ( 0.002%)   20147 (61.4%)   16.688     -2839.    -16.688      0.000      0.000       19
  21    0.0    73.1    0    1701       1       9       0 ( 0.000%)   20156 (61.4%)   16.688     -2841.    -16.688      0.000      0.000       19
Restoring best routing
Critical path: 16.6882 ns
Successfully routed after 21 routing iterations.
Final Net Connection Criticality Histogram:
[        0:      0.1)   4 (  0.1%) |
[      0.1:      0.2)  30 (  0.9%) |**
[      0.2:      0.3)  81 (  2.5%) |****
[      0.3:      0.4) 146 (  4.5%) |*******
[      0.4:      0.5) 199 (  6.1%) |**********
[      0.5:      0.6) 331 ( 10.1%) |*****************
[      0.6:      0.7) 450 ( 13.8%) |***********************
[      0.7:      0.8) 749 ( 22.9%) |**************************************
[      0.8:      0.9) 919 ( 28.1%) |***********************************************
[      0.9:        1) 361 ( 11.0%) |******************
Router Stats: total_nets_routed: 7766 total_connections_routed: 22717 total_heap_pushes: 1371556 total_heap_pops: 361809 total_internal_heap_pushes: 0 total_internal_heap_pops: 0 total_external_heap_pushes: 1371556 total_external_heap_pops: 361809 total_external_SOURCE_pushes: 22717 total_external_SOURCE_pops: 15112 total_internal_SOURCE_pushes: 0 total_internal_SOURCE_pops: 0 rt_node_SOURCE_pushes: 22717 rt_node_SOURCE_high_fanout_pushes: 0 rt_node_SOURCE_entire_tree_pushes: 22717 total_external_SINK_pushes: 70674 total_external_SINK_pops: 63912 total_internal_SINK_pushes: 0 total_internal_SINK_pops: 0 rt_node_SINK_pushes: 0 rt_node_SINK_high_fanout_pushes: 0 rt_node_SINK_entire_tree_pushes: 0 total_external_IPIN_pushes: 102122 total_external_IPIN_pops: 93263 total_internal_IPIN_pushes: 0 total_internal_IPIN_pops: 0 rt_node_IPIN_pushes: 0 rt_node_IPIN_high_fanout_pushes: 0 rt_node_IPIN_entire_tree_pushes: 0 total_external_OPIN_pushes: 27799 total_external_OPIN_pops: 20940 total_internal_OPIN_pushes: 0 total_internal_OPIN_pops: 0 rt_node_OPIN_pushes: 15041 rt_node_OPIN_high_fanout_pushes: 0 rt_node_OPIN_entire_tree_pushes: 15041 total_external_CHANX_pushes: 589258 total_external_CHANX_pops: 84141 total_internal_CHANX_pushes: 0 total_internal_CHANX_pops: 0 rt_node_CHANX_pushes: 48159 rt_node_CHANX_high_fanout_pushes: 0 rt_node_CHANX_entire_tree_pushes: 48159 total_external_CHANY_pushes: 558986 total_external_CHANY_pops: 84441 total_internal_CHANY_pushes: 0 total_internal_CHANY_pops: 0 rt_node_CHANY_pushes: 49457 rt_node_CHANY_high_fanout_pushes: 0 rt_node_CHANY_entire_tree_pushes: 49457 total_number_of_adding_all_rt: 261326 total_number_of_adding_high_fanout_rt: 0 total_number_of_adding_all_rt_from_calling_high_fanout_rt: 0 

Attempting to route at 44 channels (binary search bounds: [38, 48])
## Build routing resource graph
SOURCE->OPIN and IPIN->SINK edge count:21879
OPIN->CHANX/CHANY edge count before creating direct connections: 27978
OPIN->CHANX/CHANY edge count after creating direct connections: 28199
CHAN->CHAN type edge count:152355
## Build routing resource graph took 0.05 seconds (max_rss 100.6 MiB, delta_rss +0.0 MiB)
  RR Graph Nodes: 41302
  RR Graph Edges: 202433
Confirming router algorithm: TIMING_DRIVEN.
## Computing router lookahead map
### Computing wire lookahead
### Computing wire lookahead took 0.20 seconds (max_rss 100.6 MiB, delta_rss +0.0 MiB)
### Computing src/opin lookahead
### Computing src/opin lookahead took 0.00 seconds (max_rss 100.6 MiB, delta_rss +0.0 MiB)
## Computing router lookahead map took 0.20 seconds (max_rss 100.6 MiB, delta_rss +0.0 MiB)
## Initializing router criticalities
Initial Net Connection Criticality Histogram:
[        0:      0.1)  10 (  0.3%) |*
[      0.1:      0.2)  38 (  1.2%) |**
[      0.2:      0.3) 100 (  3.1%) |*****
[      0.3:      0.4) 145 (  4.4%) |********
[      0.4:      0.5) 217 (  6.6%) |************
[      0.5:      0.6) 340 ( 10.4%) |*******************
[      0.6:      0.7) 470 ( 14.4%) |**************************
[      0.7:      0.8) 806 ( 24.6%) |********************************************
[      0.8:      0.9) 863 ( 26.4%) |***********************************************
[      0.9:        1) 281 (  8.6%) |***************
## Initializing router criticalities took 0.01 seconds (max_rss 100.6 MiB, delta_rss +0.0 MiB)
---- ------ ------- ---- ------- ------- ------- ----------------- --------------- -------- ---------- ---------- ---------- ---------- --------
Iter   Time    pres  BBs    Heap  Re-Rtd  Re-Rtd Overused RR Nodes      Wirelength      CPD       sTNS       sWNS       hTNS       hWNS Est Succ
      (sec)     fac Updt    push    Nets   Conns                                       (ns)       (ns)       (ns)       (ns)       (ns)     Iter
---- ------ ------- ---- ------- ------- ------- ----------------- --------------- -------- ---------- ---------- ---------- ---------- --------
   1    0.0     0.0    0  145246    1526    3270    1484 ( 3.593%)   17520 (58.2%)   16.661     -2797.    -16.661      0.000      0.000      N/A
   2    0.0     0.5   27  130032    1142    2812    1195 ( 2.893%)   17549 (58.3%)   16.661     -2798.    -16.661      0.000      0.000      N/A
   3    0.0     0.6    8  133950     997    2597     996 ( 2.412%)   17756 (59.0%)   16.622     -2804.    -16.622      0.000      0.000      N/A
   4    0.0     0.8   19  139183     883    2443     851 ( 2.060%)   18130 (60.2%)   16.618     -2806.    -16.618      0.000      0.000      N/A
   5    0.0     1.1   22  141221     813    2320     727 ( 1.760%)   18446 (61.3%)   16.628     -2811.    -16.628      0.000      0.000      N/A
   6    0.0     1.4   23  139972     708    2139     582 ( 1.409%)   18869 (62.7%)   16.628     -2813.    -16.628      0.000      0.000      N/A
   7    0.0     1.9    9  120989     577    1893     448 ( 1.085%)   19118 (63.5%)   16.638     -2820.    -16.638      0.000      0.000      N/A
   8    0.0     2.4   18  110612     478    1655     325 ( 0.787%)   19354 (64.3%)   16.638     -2822.    -16.638      0.000      0.000      N/A
   9    0.0     3.1   10  108426     394    1426     267 ( 0.646%)   19605 (65.1%)   16.638     -2827.    -16.638      0.000      0.000      N/A
  10    0.0     4.1   11   83999     313    1157     190 ( 0.460%)   19965 (66.3%)   16.638     -2831.    -16.638      0.000      0.000       31
  11    0.0     5.3   12   77438     246     965     153 ( 0.370%)   20241 (67.3%)   16.638     -2836.    -16.638      0.000      0.000       29
  12    0.0     6.9   12   66336     182     773     112 ( 0.271%)   20452 (68.0%)   16.638     -2835.    -16.638      0.000      0.000       30
  13    0.0     9.0    9   57313     136     583      79 ( 0.191%)   20741 (68.9%)   16.638     -2838.    -16.638      0.000      0.000       29
  14    0.0    11.6    5   40893     103     438      59 ( 0.143%)   20933 (69.6%)   16.638     -2842.    -16.638      0.000      0.000       29
  15    0.0    15.1   10   39107      75     361      37 ( 0.090%)   21154 (70.3%)   16.638     -2845.    -16.638      0.000      0.000       28
  16    0.0    19.7    5   19153      45     194      29 ( 0.070%)   21143 (70.3%)   16.638     -2849.    -16.638      0.000      0.000       27
  17    0.0    25.6    3   16352      30     163      14 ( 0.034%)   21172 (70.3%)   16.638     -2847.    -16.638      0.000      0.000       27
  18    0.0    33.3    0   10488      18      92       7 ( 0.017%)   21302 (70.8%)   16.638     -2853.    -16.638      0.000      0.000       25
  19    0.0    43.3    1    9489      15      60       9 ( 0.022%)   21395 (71.1%)   16.638     -2855.    -16.638      0.000      0.000       24
  20    0.0    56.2    3   11281      13      76       5 ( 0.012%)   21398 (71.1%)   16.638     -2861.    -16.638      0.000      0.000       24
  21    0.0    73.1    1   10620       8      42       4 ( 0.010%)   21408 (71.1%)   16.638     -2861.    -16.638      0.000      0.000       24
  22    0.0    95.0    0    7402       6      17       3 ( 0.007%)   21453 (71.3%)   16.638     -2861.    -16.638      0.000      0.000       24
  23    0.0   123.5    1    2309       2       3       2 ( 0.005%)   21458 (71.3%)   16.638     -2861.    -16.638      0.000      0.000       24
  24    0.0   160.6    1    4701       5      30       1 ( 0.002%)   21493 (71.4%)   16.638     -2861.    -16.638      0.000      0.000       25
  25    0.0   208.8    0     180       1       5       0 ( 0.000%)   21493 (71.4%)   16.638     -2861.    -16.638      0.000      0.000       24
Restoring best routing
Critical path: 16.638 ns
Successfully routed after 25 routing iterations.
Final Net Connection Criticality Histogram:
[        0:      0.1)   3 (  0.1%) |
[      0.1:      0.2)  34 (  1.0%) |**
[      0.2:      0.3)  71 (  2.2%) |****
[      0.3:      0.4) 148 (  4.5%) |*******
[      0.4:      0.5) 185 (  5.7%) |*********
[      0.5:      0.6) 323 (  9.9%) |****************
[      0.6:      0.7) 432 ( 13.2%) |*********************
[      0.7:      0.8) 711 ( 21.7%) |***********************************
[      0.8:      0.9) 951 ( 29.1%) |***********************************************
[      0.9:        1) 412 ( 12.6%) |********************
Router Stats: total_nets_routed: 8716 total_connections_routed: 25514 total_heap_pushes: 1626692 total_heap_pops: 420231 total_internal_heap_pushes: 0 total_internal_heap_pops: 0 total_external_heap_pushes: 1626692 total_external_heap_pops: 420231 total_external_SOURCE_pushes: 25514 total_external_SOURCE_pops: 17711 total_internal_SOURCE_pushes: 0 total_internal_SOURCE_pops: 0 rt_node_SOURCE_pushes: 25514 rt_node_SOURCE_high_fanout_pushes: 0 rt_node_SOURCE_entire_tree_pushes: 25514 total_external_SINK_pushes: 79476 total_external_SINK_pops: 71128 total_internal_SINK_pushes: 0 total_internal_SINK_pops: 0 rt_node_SINK_pushes: 0 rt_node_SINK_high_fanout_pushes: 0 rt_node_SINK_entire_tree_pushes: 0 total_external_IPIN_pushes: 117375 total_external_IPIN_pops: 106360 total_internal_IPIN_pushes: 0 total_internal_IPIN_pops: 0 rt_node_IPIN_pushes: 0 rt_node_IPIN_high_fanout_pushes: 0 rt_node_IPIN_entire_tree_pushes: 0 total_external_OPIN_pushes: 31520 total_external_OPIN_pops: 24127 total_internal_OPIN_pushes: 0 total_internal_OPIN_pops: 0 rt_node_OPIN_pushes: 16894 rt_node_OPIN_high_fanout_pushes: 0 rt_node_OPIN_entire_tree_pushes: 16894 total_external_CHANX_pushes: 700410 total_external_CHANX_pops: 99198 total_internal_CHANX_pushes: 0 total_internal_CHANX_pops: 0 rt_node_CHANX_pushes: 56973 rt_node_CHANX_high_fanout_pushes: 0 rt_node_CHANX_entire_tree_pushes: 56973 total_external_CHANY_pushes: 672397 total_external_CHANY_pops: 101707 total_internal_CHANY_pushes: 0 total_internal_CHANY_pops: 0 rt_node_CHANY_pushes: 59223 rt_node_CHANY_high_fanout_pushes: 0 rt_node_CHANY_entire_tree_pushes: 59223 total_number_of_adding_all_rt: 300754 total_number_of_adding_high_fanout_rt: 0 total_number_of_adding_all_rt_from_calling_high_fanout_rt: 0 

Attempting to route at 42 channels (binary search bounds: [38, 44])
## Build routing resource graph
SOURCE->OPIN and IPIN->SINK edge count:21879
OPIN->CHANX/CHANY edge count before creating direct connections: 26806
OPIN->CHANX/CHANY edge count after creating direct connections: 27027
CHAN->CHAN type edge count:144572
## Build routing resource graph took 0.05 seconds (max_rss 100.6 MiB, delta_rss +0.0 MiB)
  RR Graph Nodes: 40902
  RR Graph Edges: 193478
Confirming router algorithm: TIMING_DRIVEN.
## Computing router lookahead map
### Computing wire lookahead
### Computing wire lookahead took 0.19 seconds (max_rss 100.6 MiB, delta_rss +0.0 MiB)
### Computing src/opin lookahead
### Computing src/opin lookahead took 0.00 seconds (max_rss 100.6 MiB, delta_rss +0.0 MiB)
## Computing router lookahead map took 0.19 seconds (max_rss 100.6 MiB, delta_rss +0.0 MiB)
## Initializing router criticalities
Initial Net Connection Criticality Histogram:
[        0:      0.1)  10 (  0.3%) |*
[      0.1:      0.2)  38 (  1.2%) |**
[      0.2:      0.3) 100 (  3.1%) |*****
[      0.3:      0.4) 145 (  4.4%) |********
[      0.4:      0.5) 217 (  6.6%) |************
[      0.5:      0.6) 340 ( 10.4%) |*******************
[      0.6:      0.7) 473 ( 14.5%) |**************************
[      0.7:      0.8) 806 ( 24.6%) |********************************************
[      0.8:      0.9) 861 ( 26.3%) |***********************************************
[      0.9:        1) 280 (  8.6%) |***************
## Initializing router criticalities took 0.01 seconds (max_rss 100.6 MiB, delta_rss +0.0 MiB)
---- ------ ------- ---- ------- ------- ------- ----------------- --------------- -------- ---------- ---------- ---------- ---------- --------
Iter   Time    pres  BBs    Heap  Re-Rtd  Re-Rtd Overused RR Nodes      Wirelength      CPD       sTNS       sWNS       hTNS       hWNS Est Succ
      (sec)     fac Updt    push    Nets   Conns                                       (ns)       (ns)       (ns)       (ns)       (ns)     Iter
---- ------ ------- ---- ------- ------- ------- ----------------- --------------- -------- ---------- ---------- ---------- ---------- --------
   1    0.0     0.0    0  144048    1526    3270    1429 ( 3.494%)   17050 (59.3%)   16.636     -2795.    -16.636      0.000      0.000      N/A
   2    0.0     0.5   25  135480    1216    2902    1234 ( 3.017%)   17059 (59.4%)   16.636     -2795.    -16.636      0.000      0.000      N/A
   3    0.0     0.6    6  142333    1058    2673    1053 ( 2.574%)   17405 (60.6%)   16.636     -2801.    -16.636      0.000      0.000      N/A
   4    0.0     0.8   19  143957     925    2487     908 ( 2.220%)   17886 (62.3%)   16.599     -2803.    -16.599      0.000      0.000      N/A
   5    0.0     1.1   22  146783     838    2348     743 ( 1.817%)   18117 (63.1%)   16.599     -2813.    -16.599      0.000      0.000      N/A
   6    0.0     1.4   21  142415     719    2139     611 ( 1.494%)   18429 (64.1%)   16.599     -2818.    -16.599      0.000      0.000      N/A
   7    0.0     1.9   14  137856     626    1966     494 ( 1.208%)   18981 (66.1%)   16.599     -2822.    -16.599      0.000      0.000      N/A
   8    0.0     2.4   26  133473     537    1750     400 ( 0.978%)   19214 (66.9%)   16.604     -2824.    -16.604      0.000      0.000      N/A
   9    0.0     3.1   10  121664     441    1524     326 ( 0.797%)   19567 (68.1%)   16.604     -2830.    -16.604      0.000      0.000      N/A
  10    0.0     4.1    9  125919     376    1474     241 ( 0.589%)   20104 (70.0%)   16.604     -2834.    -16.604      0.000      0.000       37
  11    0.0     5.3   15  107339     303    1215     187 ( 0.457%)   20297 (70.7%)   16.603     -2836.    -16.603      0.000      0.000       34
  12    0.0     6.9   12   93523     219     934     133 ( 0.325%)   20663 (71.9%)   16.603     -2841.    -16.603      0.000      0.000       33
  13    0.0     9.0    7   75363     183     807     100 ( 0.244%)   20948 (72.9%)   16.603     -2841.    -16.603      0.000      0.000       31
  14    0.0    11.6   12   68968     129     569      74 ( 0.181%)   21092 (73.4%)   16.603     -2844.    -16.603      0.000      0.000       30
  15    0.0    15.1   10   75105     113     562      56 ( 0.137%)   21299 (74.1%)   16.603     -2848.    -16.603      0.000      0.000       29
  16    0.0    19.7    8   56463      81     379      48 ( 0.117%)   21444 (74.6%)   16.604     -2850.    -16.604      0.000      0.000       29
  17    0.0    25.6    6   56021      70     340      38 ( 0.093%)   21686 (75.5%)   16.604     -2860.    -16.604      0.000      0.000       29
  18    0.0    33.3    7   39311      51     236      29 ( 0.071%)   21906 (76.3%)   16.604     -2863.    -16.604      0.000      0.000       30
  19    0.0    43.3    5   35243      40     170      22 ( 0.054%)   22089 (76.9%)   16.604     -2868.    -16.604      0.000      0.000       31
  20    0.0    56.2    3   37884      44     182      30 ( 0.073%)   22223 (77.4%)   16.604     -2871.    -16.604      0.000      0.000       31
  21    0.0    73.1    5   39788      42     206      26 ( 0.064%)   22131 (77.0%)   16.604     -2862.    -16.604      0.000      0.000       33
  22    0.0    95.0    2   46254      40     190      25 ( 0.061%)   22166 (77.2%)   16.604     -2866.    -16.604      0.000      0.000       35
  23    0.0   123.5    1   58028      39     205      26 ( 0.064%)   22255 (77.5%)   16.604     -2880.    -16.604      0.000      0.000       39
  24    0.0   160.6    4   40553      41     198      24 ( 0.059%)   22314 (77.7%)   16.604     -2881.    -16.604      0.000      0.000       42
  25    0.0   208.8    4   43415      44     194      32 ( 0.078%)   22506 (78.3%)   17.775     -2891.    -17.775      0.000      0.000       48
  26    0.0   271.4    5   57162      66     286      30 ( 0.073%)   22505 (78.3%)   16.604     -2882.    -16.604      0.000      0.000       55
  27    0.0   352.8   10   47239      41     220      27 ( 0.066%)   22532 (78.4%)   16.604     -2882.    -16.604      0.000      0.000       72
  28    0.0   458.7    1   40128      42     192      22 ( 0.054%)   22538 (78.5%)   16.604     -2883.    -16.604      0.000      0.000       79
  29    0.0   596.3    0   41769      35     147      22 ( 0.054%)   22537 (78.4%)   16.604     -2881.    -16.604      0.000      0.000       99
  30    0.0   775.1    0   37241      39     174      21 ( 0.051%)   22566 (78.6%)   16.604     -2887.    -16.604      0.000      0.000      100
  31    0.0  1007.7    2   34905      32     129      20 ( 0.049%)   22673 (78.9%)   16.604     -2885.    -16.604      0.000      0.000      123
  32    0.0  1310.0    0   48798      40     151      25 ( 0.061%)   22778 (79.3%)   16.604     -2888.    -16.604      0.000      0.000      120
  33    0.0  1703.0    3   51452      41     154      25 ( 0.061%)   22739 (79.2%)   16.604     -2887.    -16.604      0.000      0.000      177
  34    0.0  2213.9    3   47660      45     182      30 ( 0.073%)   22774 (79.3%)   16.604     -2889.    -16.604      0.000      0.000      202
  35    0.0  2878.1    1   58580      46     189      25 ( 0.061%)   22827 (79.5%)   16.604     -2889.    -16.604      0.000      0.000      500
  36    0.0  3741.5    2   44820      41     167      32 ( 0.078%)   22872 (79.6%)   16.699     -2888.    -16.699      0.000      0.000      563
  37    0.0  4863.9    1   95671     103     550      25 ( 0.061%)   22683 (79.0%)   16.699     -2886.    -16.699      0.000      0.000      inf
  38    0.0  6323.1    6   77821      97     507      20 ( 0.049%)   22727 (79.1%)   16.699     -2882.    -16.699      0.000      0.000      inf
  39    0.0  8220.0    2   76486      82     451      13 ( 0.032%)   22747 (79.2%)   16.842     -2886.    -16.842      0.000      0.000      550
  40    0.0 10686.0    2   56148      77     409      13 ( 0.032%)   22764 (79.2%)   17.423     -2890.    -17.423      0.000      0.000      245
  41    0.0 13891.9    2   45689      47     241      11 ( 0.027%)   22783 (79.3%)   17.778     -2899.    -17.778      0.000      0.000      183
  42    0.0 18059.4    1   44574      41     243       8 ( 0.020%)   22731 (79.1%)   16.866     -2887.    -16.866      0.000      0.000      143
  43    0.0 23477.2    4   46451      79     411      12 ( 0.029%)   22728 (79.1%)   16.866     -2889.    -16.866      0.000      0.000      110
  44    0.0 30520.4    0   47231      81     420      10 ( 0.024%)   22757 (79.2%)   16.866     -2888.    -16.866      0.000      0.000      106
  45    0.0 39676.5    1   44636      72     393       5 ( 0.012%)   22704 (79.0%)   16.866     -2890.    -16.866      0.000      0.000       97
  46    0.0 51579.5    1   37365      67     371       4 ( 0.010%)   22713 (79.1%)   16.866     -2890.    -16.866      0.000      0.000       86
  47    0.0 67053.3    0   39071      67     372       3 ( 0.007%)   22760 (79.2%)   16.866     -2890.    -16.866      0.000      0.000       76
  48    0.0 87169.3    0   35351      67     364       4 ( 0.010%)   22788 (79.3%)   16.866     -2888.    -16.866      0.000      0.000       71
  49    0.0 1.1e+05    0   40368      71     382       8 ( 0.020%)   22807 (79.4%)   16.866     -2888.    -16.866      0.000      0.000       67
  50    0.0 1.5e+05    3   42202      70     394       5 ( 0.012%)   22725 (79.1%)   16.866     -2887.    -16.866      0.000      0.000       69
Routing failed.

Failed routing attempt #1
Total number of overused nodes: 5
Routing Failure Diagnostics: Printing Overused Nodes Information
------ ------- ---------- --------- -------- ------------ ------- ------- ------- ------- ------- ------- -------
   No.  NodeId  Occupancy  Capacity  RR Node    Direction    Side     PTC   Block    Xlow    Ylow   Xhigh   Yhigh
                                        type                          NUM    Name                                 
------ ------- ---------- --------- -------- ------------ ------- ------- ------- ------- ------- ------- -------
     0   18042          2         1     IPIN          N/A    LEFT       3     clb      11       3      11       3
     1   19895          2         1     IPIN          N/A  BOTTOM      26     clb      12       2      12       2
     2   33535          2         1    CHANX      DEC_DIR     N/A       3  memory      10       4      13       4
     3   33596          2         1    CHANX      INC_DIR     N/A       6     clb      16       4      18       4
     4   40683          2         1    CHANY      DEC_DIR     N/A       1  memory      18       1      18       2

Final Net Connection Criticality Histogram:
[        0:      0.1)   5 (  0.2%) |
[      0.1:      0.2)  28 (  0.9%) |*
[      0.2:      0.3)  67 (  2.0%) |***
[      0.3:      0.4) 149 (  4.6%) |*******
[      0.4:      0.5) 183 (  5.6%) |*********
[      0.5:      0.6) 320 (  9.8%) |****************
[      0.6:      0.7) 454 ( 13.9%) |**********************
[      0.7:      0.8) 759 ( 23.2%) |*************************************
[      0.8:      0.9) 961 ( 29.4%) |***********************************************
[      0.9:        1) 344 ( 10.5%) |*****************
Router Stats: total_nets_routed: 11190 total_connections_routed: 36419 total_heap_pushes: 3486004 total_heap_pops: 829070 total_internal_heap_pushes: 0 total_internal_heap_pops: 0 total_external_heap_pushes: 3486004 total_external_heap_pops: 829070 total_external_SOURCE_pushes: 36419 total_external_SOURCE_pops: 25628 total_internal_SOURCE_pushes: 0 total_internal_SOURCE_pops: 0 rt_node_SOURCE_pushes: 36419 rt_node_SOURCE_high_fanout_pushes: 0 rt_node_SOURCE_entire_tree_pushes: 36419 total_external_SINK_pushes: 107821 total_external_SINK_pops: 95468 total_internal_SINK_pushes: 0 total_internal_SINK_pops: 0 rt_node_SINK_pushes: 0 rt_node_SINK_high_fanout_pushes: 0 rt_node_SINK_entire_tree_pushes: 0 total_external_IPIN_pushes: 157648 total_external_IPIN_pops: 136180 total_internal_IPIN_pushes: 0 total_internal_IPIN_pops: 0 rt_node_IPIN_pushes: 0 rt_node_IPIN_high_fanout_pushes: 0 rt_node_IPIN_entire_tree_pushes: 0 total_external_OPIN_pushes: 46217 total_external_OPIN_pops: 32804 total_internal_OPIN_pushes: 0 total_internal_OPIN_pops: 0 rt_node_OPIN_pushes: 25427 rt_node_OPIN_high_fanout_pushes: 0 rt_node_OPIN_entire_tree_pushes: 25427 total_external_CHANX_pushes: 1634614 total_external_CHANX_pops: 265707 total_internal_CHANX_pushes: 0 total_internal_CHANX_pops: 0 rt_node_CHANX_pushes: 103103 rt_node_CHANX_high_fanout_pushes: 0 rt_node_CHANX_entire_tree_pushes: 103103 total_external_CHANY_pushes: 1503285 total_external_CHANY_pops: 273283 total_internal_CHANY_pushes: 0 total_internal_CHANY_pops: 0 rt_node_CHANY_pushes: 104768 rt_node_CHANY_high_fanout_pushes: 0 rt_node_CHANY_entire_tree_pushes: 104768 total_number_of_adding_all_rt: 490573 total_number_of_adding_high_fanout_rt: 0 total_number_of_adding_all_rt_from_calling_high_fanout_rt: 0 
## Build routing resource graph
SOURCE->OPIN and IPIN->SINK edge count:21879
OPIN->CHANX/CHANY edge count before creating direct connections: 27978
OPIN->CHANX/CHANY edge count after creating direct connections: 28199
CHAN->CHAN type edge count:152355
## Build routing resource graph took 0.06 seconds (max_rss 100.6 MiB, delta_rss +0.0 MiB)
  RR Graph Nodes: 41302
  RR Graph Edges: 202433
Best routing used a channel width factor of 44.
# Routing took 3.36 seconds (max_rss 100.6 MiB, delta_rss +0.0 MiB)

Checking to ensure routing is legal...
# Checking to ensure non-configurable edges are legal
# Checking to ensure non-configurable edges are legal took 0.00 seconds (max_rss 100.6 MiB, delta_rss +0.0 MiB)
Completed routing consistency check successfully.

Serial number (magic cookie) for the routing is: -932466249
Circuit successfully routed with a channel width factor of 44.
# Synchronize the packed netlist to routing optimization
## Annotating rr_node with routed nets
## Annotating rr_node with routed nets took 0.00 seconds (max_rss 100.6 MiB, delta_rss +0.0 MiB)
Found 4734 mismatches between routing and packing results.
Fixed 2818 routing traces due to mismatch between routing and packing results.
# Synchronize the packed netlist to routing optimization took 0.02 seconds (max_rss 100.6 MiB, delta_rss +0.0 MiB)
Final Clustering Statistics: 
----------   --------   ------------------------------------   --------------------------
Block Type   # Blocks   Avg. # of input clocks and pins used   Avg. # of output pins used
----------   --------   ------------------------------------   --------------------------
     EMPTY          0                                      0                            0   
        io        443                               0.478555                     0.521445   
       clb        230                                13.2957                      5.63043   
   mult_36          0                                      0                            0   
    memory          0                                      0                            0   
Absorbed logical nets 2801 out of 4327 nets, 1526 nets not absorbed.


Average number of bends per net: 2.00786  Maximum # of bends: 21

Number of global nets: 0
Number of routed nets (nonglobal): 1526
Wire length results (in units of 1 clb segments)...
	Total wirelength: 21493, average net length: 14.0845
	Maximum net length: 125

Wire length results in terms of physical segments...
	Total wiring segments used: 5950, average wire segments per net: 3.89908
	Maximum segments used by a net: 34
	Total local nets with reserved CLB opins: 0
Total number of nets absorbed: 0

Routing channel utilization histogram:
[        1:      inf)   0 (  0.0%) |
[      0.9:        1)  86 ( 11.9%) |************
[      0.8:      0.9) 116 ( 16.1%) |****************
[      0.7:      0.8) 348 ( 48.2%) |***********************************************
[      0.5:      0.6)  86 ( 11.9%) |************
[      0.4:      0.5)  38 (  5.3%) |*****
[      0.3:      0.4)  10 (  1.4%) |*
[      0.2:      0.3)   0 (  0.0%) |
[      0.1:      0.2)   0 (  0.0%) |
[        0:      0.1)  38 (  5.3%) |*****
Maximum routing channel utilization:         1 at (6,0)

X - Directed channels:   j max occ ave occ capacity
                      ---- ------- ------- --------
                         0      44  35.850       44
                         1      40  31.000       44
                         2      41  30.950       44
                         3      40  32.250       44
                         4      40  31.000       44
                         5      43  32.500       44
                         6      41  29.750       44
                         7      37  27.450       44
                         8      38  27.050       44
                         9      37  27.750       44
                        10      36  27.200       44
                        11      34  26.900       44
                        12      34  25.250       44
                        13      35  27.000       44
                        14      34  24.400       44
                        15      32  24.500       44
                        16      32  22.900       44
                        17      33  26.350       44
                        18      44  33.950       44
Y - Directed channels:   i max occ ave occ capacity
                      ---- ------- ------- --------
                         0      43  30.300       44
                         1      37  24.850       44
                         2      32  24.100       44
                         3      40  26.300       44
                         4      38  29.300       44
                         5      35  27.350       44
                         6      38  28.550       44
                         7      42  33.100       44
                         8      38  31.800       44
                         9      41  30.550       44
                        10      38  27.050       44
                        11      38  29.250       44
                        12      39  30.300       44
                        13      40  26.800       44
                        14      35  24.700       44
                        15      39  29.350       44
                        16      38  26.800       44
                        17      30  22.150       44
                        18      38  28.050       44

Total tracks in x-direction: 836, in y-direction: 836

Logic area (in minimum width transistor areas, excludes I/Os and empty grid tiles)...
	Total logic block area (Warning, need to add pitch of routing to blocks with height > 3): 2.07112e+07
	Total used logic block area: 1.23956e+07

Routing area (in minimum width transistor areas)...
	Total routing area: 1.22590e+06, per logic tile: 3064.74

Total Number of Wiring Segments by Direction: direction length number
                                              --------- ------ -------
                                                      X      4   4388
                                                      Y      4   4388

X - Directed Wiring Segment usage by length: length utilization
                                             ------ -----------
                                             4       0.679

Y - Directed Wiring Segment usage by length: length utilization
                                             ------ -----------
                                             4       0.677

Segment occupancy by length: Length utilization
                             ------ -----------
                             L4           0.678

Segment occupancy by type:              name type utilization
                           ----------------- ---- -----------
                           unnamed_segment_0    0       0.678

Final hold Worst Negative Slack (hWNS): 0 ns
Final hold Total Negative Slack (hTNS): 0 ns

Final hold slack histogram:
[  6.2e-10:  8.5e-10)  2 (  0.9%) |**
[  8.5e-10:  1.1e-09)  9 (  4.2%) |*********
[  1.1e-09:  1.3e-09) 24 ( 11.3%) |***********************
[  1.3e-09:  1.5e-09) 38 ( 17.9%) |************************************
[  1.5e-09:  1.8e-09) 50 ( 23.6%) |************************************************
[  1.8e-09:    2e-09) 40 ( 18.9%) |**************************************
[    2e-09:  2.2e-09) 28 ( 13.2%) |***************************
[  2.2e-09:  2.4e-09) 13 (  6.1%) |************
[  2.4e-09:  2.7e-09)  6 (  2.8%) |******
[  2.7e-09:  2.9e-09)  2 (  0.9%) |**

Final critical path delay (least slack): 16.638 ns, Fmax: 60.1033 MHz
Final setup Worst Negative Slack (sWNS): -16.638 ns
Final setup Total Negative Slack (sTNS): -2860.74 ns

Final setup slack histogram:
[ -1.7e-08: -1.6e-08)  9 (  4.2%) |*********
[ -1.6e-08: -1.5e-08) 23 ( 10.8%) |***********************
[ -1.5e-08: -1.4e-08) 40 ( 18.9%) |*****************************************
[ -1.4e-08: -1.4e-08) 47 ( 22.2%) |************************************************
[ -1.4e-08: -1.3e-08) 33 ( 15.6%) |**********************************
[ -1.3e-08: -1.2e-08) 19 (  9.0%) |*******************
[ -1.2e-08: -1.1e-08) 19 (  9.0%) |*******************
[ -1.1e-08: -1.1e-08)  9 (  4.2%) |*********
[ -1.1e-08: -9.7e-09)  5 (  2.4%) |*****
[ -9.7e-09:   -9e-09)  8 (  3.8%) |********

Final geomean non-virtual intra-domain period: nan ns (nan MHz)
Final fanout-weighted geomean non-virtual intra-domain period: nan ns (nan MHz)

Incr Slack updates 1 in 0.000102002 sec
Full Max Req/Worst Slack updates 1 in 3.436e-06 sec
Incr Max Req/Worst Slack updates 0 in 0 sec
Incr Criticality updates 0 in 0 sec
Full Criticality updates 1 in 0.000193373 sec
Flow timing analysis took 0.734631 seconds (0.644764 STA, 0.0898671 slack) (218 full updates: 62 setup, 0 hold, 156 combined).
VPR succeeded
The entire flow of VPR took 6.73 seconds (max_rss 100.6 MiB)
Incr Slack updates 155 in 0.0152668 sec
Full Max Req/Worst Slack updates 19 in 6.0293e-05 sec
Incr Max Req/Worst Slack updates 136 in 0.000476085 sec
Incr Criticality updates 107 in 0.0156485 sec
Full Criticality updates 48 in 0.00975224 sec
