#Packing pin usage report
Type: io
	Input Pin Usage:
		Max: 1.00 (0.02)
		Avg: 0.30 (0.01)
		Min: 0.00 (0.00)
		Histogram:
		[        0:      5.5) 2075 (100.0%) |**********************************************
		[      5.5:       11)    0 (  0.0%) |
		[       11:       16)    0 (  0.0%) |
		[       16:       22)    0 (  0.0%) |
		[       22:       28)    0 (  0.0%) |
		[       28:       33)    0 (  0.0%) |
		[       33:       38)    0 (  0.0%) |
		[       38:       44)    0 (  0.0%) |
		[       44:       50)    0 (  0.0%) |
		[       50:       55)    0 (  0.0%) |
	Output Pin Usage:
		Max: 1.00 (0.03)
		Avg: 0.70 (0.02)
		Min: 0.00 (0.00)
		Histogram:
		[        0:        4) 2075 (100.0%) |**********************************************
		[        4:        8)    0 (  0.0%) |
		[        8:       12)    0 (  0.0%) |
		[       12:       16)    0 (  0.0%) |
		[       16:       20)    0 (  0.0%) |
		[       20:       24)    0 (  0.0%) |
		[       24:       28)    0 (  0.0%) |
		[       28:       32)    0 (  0.0%) |
		[       32:       36)    0 (  0.0%) |
		[       36:       40)    0 (  0.0%) |

Type: LAB
	Input Pin Usage:
		Max: 39.00 (0.43)
		Avg: 22.26 (0.24)
		Min: 1.00 (0.01)
		Histogram:
		[        0:      9.1)  49 (  6.8%) |*****
		[      9.1:       18)  75 ( 10.4%) |*******
		[       18:       27) 472 ( 65.6%) |***********************************************
		[       27:       36) 121 ( 16.8%) |************
		[       36:       46)   2 (  0.3%) |
		[       46:       55)   0 (  0.0%) |
		[       55:       64)   0 (  0.0%) |
		[       64:       73)   0 (  0.0%) |
		[       73:       82)   0 (  0.0%) |
		[       82:       91)   0 (  0.0%) |
	Output Pin Usage:
		Max: 27.00 (0.64)
		Avg: 14.00 (0.33)
		Min: 1.00 (0.02)
		Histogram:
		[        0:      4.2)  41 (  5.7%) |******
		[      4.2:      8.4)  14 (  1.9%) |**
		[      8.4:       13) 171 ( 23.8%) |**************************
		[       13:       17) 304 ( 42.3%) |***********************************************
		[       17:       21) 160 ( 22.3%) |*************************
		[       21:       25)  26 (  3.6%) |****
		[       25:       29)   3 (  0.4%) |
		[       29:       34)   0 (  0.0%) |
		[       34:       38)   0 (  0.0%) |
		[       38:       42)   0 (  0.0%) |

