VPR FPGA Placement and Routing.
Version: 8.1.0-dev+unkown
Revision: unkown
Compiled: 2023-11-16T17:20:44
Compiler: GNU 11.4.0 on Linux-6.2.0-36-generic x86_64
Build Info: release IPO VTR_ASSERT_LEVEL=2

University of Toronto
verilogtorouting.org
vtr-users@googlegroups.com
This is free open source code under MIT license.

VPR was run with the following command-line:
/home/xiaokewan/Software/vtr-verilog-to-routing-master/vpr/vpr /home/xiaokewan/Software/vtr-verilog-to-routing-master/vtr_flow/arch/titan/stratixiv_arch.timing.xml /home/xiaokewan/Documents/GNL-Netlist-Generator/rent_sweep/norm_rent_sweep_15000//rent_exp_0.68.blif


Architecture file: /home/xiaokewan/Software/vtr-verilog-to-routing-master/vtr_flow/arch/titan/stratixiv_arch.timing.xml
Circuit name: rent_exp_0.68

# Loading Architecture Description
# Loading Architecture Description took 0.35 seconds (max_rss 80.2 MiB, delta_rss +64.9 MiB)

Timing analysis: ON
Circuit netlist file: rent_exp_0.68.net
Circuit placement file: rent_exp_0.68.place
Circuit routing file: rent_exp_0.68.route
Circuit SDC file: rent_exp_0.68.sdc
Vpr floorplanning constraints file: not specified

Packer: ENABLED
Placer: ENABLED
Router: ENABLED
Analysis: ENABLED

VPR was run with the following options:

NetlistOpts.abosrb_buffer_luts            : true
NetlistOpts.sweep_dangling_primary_ios    : true
NetlistOpts.sweep_dangling_nets           : true
NetlistOpts.sweep_dangling_blocks         : true
NetlistOpts.sweep_constant_primary_outputs: false
NetlistOpts.netlist_verbosity             : 1
NetlistOpts.const_gen_inference           : COMB_SEQ

PackerOpts.allow_unrelated_clustering: auto
PackerOpts.alpha_clustering: 0.750000
PackerOpts.beta_clustering: 0.900000
PackerOpts.cluster_seed_type: BLEND2
PackerOpts.connection_driven: true
PackerOpts.global_clocks: true
PackerOpts.hill_climbing_flag: false
PackerOpts.inter_cluster_net_delay: 1.000000
PackerOpts.timing_driven: true
PackerOpts.target_external_pin_util: auto

PlacerOpts.place_freq: PLACE_ONCE
PlacerOpts.place_algorithm: CRITICALITY_TIMING_PLACE
PlacerOpts.pad_loc_type: FREE
PlacerOpts.constraints_file: No constraints file given
PlacerOpts.place_cost_exp: 1.000000
PlacerOpts.place_chan_width: 100
PlacerOpts.inner_loop_recompute_divider: 0
PlacerOpts.recompute_crit_iter: 1
PlacerOpts.timing_tradeoff: 0.500000
PlacerOpts.td_place_exp_first: 1.000000
PlacerOpts.td_place_exp_last: 8.000000
PlacerOpts.delay_offset: 0.000000
PlacerOpts.delay_ramp_delta_threshold: -1
PlacerOpts.delay_ramp_slope: 0.000000
PlacerOpts.tsu_rel_margin: 1.000000
PlacerOpts.tsu_abs_margin: 0.000000
PlacerOpts.post_place_timing_report_file: 
PlacerOpts.allowed_tiles_for_delay_model: 
PlacerOpts.delay_model_reducer: MIN
PlacerOpts.delay_model_type: DELTA
PlacerOpts.rlim_escape_fraction: 0.000000
PlacerOpts.move_stats_file: 
PlacerOpts.placement_saves_per_temperature: 0
PlacerOpts.effort_scaling: CIRCUIT
PlacerOpts.place_delta_delay_matrix_calculation_method: ASTAR_ROUTE
PlaceOpts.seed: 1
AnnealSched.type: AUTO_SCHED
AnnealSched.inner_num: 0.500000

RouterOpts.route_type: DETAILED
RouterOpts.flat_routing: false
RouterOpts.has_choking_spot: false
RouterOpts.router_algorithm: TIMING_DRIVEN
RouterOpts.base_cost_type: DELAY_NORMALIZED_LENGTH
RouterOpts.fixed_channel_width: NO_FIXED_CHANNEL_WIDTH
RouterOpts.check_route: FULL
RouterOpts.acc_fac: 1.000000
RouterOpts.bb_factor: 3
RouterOpts.bend_cost: 0.000000
RouterOpts.first_iter_pres_fac: 0.000000
RouterOpts.initial_pres_fac: 0.500000
RouterOpts.pres_fac_mult: 1.300000
RouterOpts.max_router_iterations: 50
RouterOpts.min_incremental_reroute_fanout: 16
RouterOpts.do_check_rr_graph: true
RouterOpts.verify_binary_search: false
RouterOpts.min_channel_width_hint: 0
RouterOpts.read_rr_edge_metadata: false
RouterOpts.exit_after_first_routing_iteration: false
RouterOpts.astar_fac: 1.200000
RouterOpts.router_profiler_astar_fac: 1.200000
RouterOpts.criticality_exp: 1.000000
RouterOpts.max_criticality: 0.990000
RouterOpts.init_wirelength_abort_threshold: 0.850000
RouterOpts.save_routing_per_iteration: false
RouterOpts.congested_routing_iteration_threshold_frac: 1.000000
RouterOpts.high_fanout_threshold: 64
RouterOpts.router_debug_net: -2
RouterOpts.router_debug_sink_rr: -2
RouterOpts.router_debug_iteration: -2
RouterOpts.max_convergence_count: 1
RouterOpts.reconvergence_cpd_threshold: 0.990000
RouterOpts.update_lower_bound_delays: true
RouterOpts.first_iteration_timing_report_file: 
RouterOpts.incr_reroute_delay_ripup: AUTO
RouterOpts.route_bb_update: DYNAMIC
RouterOpts.lookahead_type: MAP
RouterOpts.initial_timing: LOOKAHEAD
RouterOpts.router_heap: BINARY_HEAP
RouterOpts.routing_failure_predictor = SAFE
RouterOpts.routing_budgets_algorithm = DISABLE

AnalysisOpts.gen_post_synthesis_netlist: false
AnalysisOpts.timing_report_npaths: 100
AnalysisOpts.timing_report_skew: false
AnalysisOpts.echo_dot_timing_graph_node: -1
AnalysisOpts.timing_report_detail: NETLIST
AnalysisOpts.post_synth_netlist_unconn_input_handling: UNCONNECTED
AnalysisOpts.post_synth_netlist_unconn_output_handling: UNCONNECTED

# Building complex block graph
# Building complex block graph took 3.49 seconds (max_rss 954.2 MiB, delta_rss +873.9 MiB)
Circuit file: /home/xiaokewan/Documents/GNL-Netlist-Generator/rent_sweep/norm_rent_sweep_15000//rent_exp_0.68.blif
# Load circuit
# Load circuit took 0.07 seconds (max_rss 962.2 MiB, delta_rss +8.1 MiB)
# Clean circuit
Absorbed 0 LUT buffers
Inferred    0 additional primitive pins as constant generators since they have no combinationally connected inputs
Inferred    0 additional primitive pins as constant generators due to constant inputs
Swept input(s)      : 0
Swept output(s)     : 0 (0 dangling, 0 constant)
Swept net(s)        : 0
Swept block(s)      : 0
Constant Pins Marked: 0
# Clean circuit took 0.00 seconds (max_rss 962.2 MiB, delta_rss +0.0 MiB)
# Compress circuit
# Compress circuit took 0.01 seconds (max_rss 964.3 MiB, delta_rss +2.1 MiB)
# Verify circuit
# Verify circuit took 0.00 seconds (max_rss 964.3 MiB, delta_rss +0.0 MiB)
Circuit Statistics:
  Blocks: 18169
    .input :    1453
    .latch :    2594
    .output:     622
    6-LUT  :   13500
  Nets  : 17547
    Avg Fanout:     2.0
    Max Fanout:  2594.0
    Min Fanout:     1.0
  Netlist Clocks: 1
# Build Timing Graph
  Timing Graph Nodes: 51857
  Timing Graph Edges: 67998
  Timing Graph Levels: 84
# Build Timing Graph took 0.03 seconds (max_rss 965.6 MiB, delta_rss +1.1 MiB)
Netlist contains 1 clocks
  Netlist Clock 'pclk' Fanout: 2594 pins (5.0%), 2594 blocks (14.3%)
# Load Timing Constraints

SDC file 'rent_exp_0.68.sdc' not found
Setting default timing constraints:
   * constrain all primay inputs and primary outputs on netlist clock 'pclk'
   * optimize netlist clock to run as fast as possible
Timing constraints created 1 clocks
  Constrained Clock 'pclk' Source: 'pclk.inpad[0]'

# Load Timing Constraints took 0.00 seconds (max_rss 965.6 MiB, delta_rss +0.0 MiB)
# Packing
Warning 1: Block type 'M144K' grid location specification startx (33 = 33) falls outside device horizontal range [0,9]
Warning 2: Block type 'EMPTY' grid location specification startx (33 = 33) falls outside device horizontal range [0,9]
Begin packing '/home/xiaokewan/Documents/GNL-Netlist-Generator/rent_sweep/norm_rent_sweep_15000//rent_exp_0.68.blif'.

After removing unused inputs...
	total blocks: 18169, total nets: 17547, total inputs: 1453, total outputs: 622
Begin prepacking.

There is one chain in this architecture called "LAB_carry_chain" with the following starting points:
	LAB[0]/alm[0]/lut[0]/lcell_comb[0].cin[0]


There is one chain in this architecture called "share_chain" with the following starting points:
	LAB[0]/alm[0]/lut[0]/lcell_comb[0].sharein[0]

0 attraction groups were created during prepacking.
Finish prepacking.
Using inter-cluster delay: 1.01382e-09
Packing with pin utilization targets: io:1,1 PLL:1,1 LAB:0.8,1 DSP:1,1 M9K:1,1 M144K:1,1
Packing with high fanout thresholds: io:128 PLL:128 LAB:32 DSP:128 M9K:128 M144K:128
Starting Clustering - Clustering Progress: 
-------------------   --------------------------   ---------
Molecules processed   Number of clusters created   FPGA size
-------------------   --------------------------   ---------
   726/18169     3%                           26    12 x 9     
  1452/18169     7%                           52    15 x 11    
  2178/18169    11%                           79    16 x 12    
  2904/18169    15%                          105    18 x 13    
  3630/18169    19%                          131    20 x 15    
  4356/18169    23%                          159    21 x 16    
  5082/18169    27%                          187    22 x 16    
  5808/18169    31%                          214    23 x 17    
  6534/18169    35%                          242    24 x 18    
  7260/18169    39%                          271    25 x 19    
  7986/18169    43%                          302    27 x 20    
  8712/18169    47%                          332    27 x 20    
  9438/18169    51%                          364    28 x 21    
 10164/18169    55%                          396    30 x 22    
 10890/18169    59%                          428    30 x 22    
 11616/18169    63%                          461    31 x 23    
 12342/18169    67%                          496    32 x 24    
 13068/18169    71%                          529    33 x 24    
 13794/18169    75%                          563    34 x 25    
 14520/18169    79%                          598    35 x 26    
 15246/18169    83%                          634    36 x 27    
 15972/18169    87%                          672    38 x 28    
 16698/18169    91%                         1322    95 x 70    
 17424/18169    95%                         2048   200 x 148   
 18150/18169    99%                         2774   304 x 225   
Incr Slack updates 1 in 0.000639778 sec
Full Max Req/Worst Slack updates 1 in 3.206e-05 sec
Incr Max Req/Worst Slack updates 0 in 0 sec
Incr Criticality updates 0 in 0 sec
Full Criticality updates 1 in 0.000805008 sec
FPGA sized to 306 x 227 (auto)
Device Utilization: 0.03 (target 1.00)
	Block Utilization: 1.00 Type: io
	Block Utilization: 0.01 Type: LAB

Start the iterative improvement process
the iterative improvement process is done
Final Clustering Statistics: 
----------   --------   ------------------------------------   --------------------------
Block Type   # Blocks   Avg. # of input clocks and pins used   Avg. # of output pins used
----------   --------   ------------------------------------   --------------------------
     EMPTY          0                                      0                            0   
        io       2075                               0.299759                     0.700241   
       PLL          0                                      0                            0   
       LAB        719                                22.2573                      13.9986   
       DSP          0                                      0                            0   
       M9K          0                                      0                            0   
     M144K          0                                      0                            0   
Absorbed logical nets 6029 out of 17547 nets, 11518 nets not absorbed.

Netlist conversion complete.

# Packing took 43.72 seconds (max_rss 1063.1 MiB, delta_rss +97.5 MiB)
# Load packing
Begin loading packed FPGA netlist file.
Netlist generated from file 'rent_exp_0.68.net'.
Detected 0 constant generators (to see names run with higher pack verbosity)
Finished loading packed FPGA netlist file (took 0.527997 seconds).
Warning 3: Treated 0 constant nets as global which will not be routed (to see net names increase packer verbosity).
# Load packing took 0.56 seconds (max_rss 1101.1 MiB, delta_rss +38.1 MiB)
Warning 4: Netlist contains 0 global net to non-global architecture pin connections

Pb types usage...
  io         : 2075
   pad       : 2075
    inpad    : 1453
    outpad   : 622
  LAB        : 719
   alm       : 6770
    lut      : 13500
     lut6    : 13500
      lut    : 13500
    dff      : 2594
     ff      : 2594

# Create Device
## Build Device Grid
FPGA sized to 306 x 227: 69462 grid tiles (auto)

Resource usage...
	Netlist
		2075	blocks of type: io
	Architecture
		2076	blocks of type: io
	Netlist
		0	blocks of type: PLL
	Architecture
		16	blocks of type: PLL
	Netlist
		719	blocks of type: LAB
	Architecture
		61548	blocks of type: LAB
	Netlist
		0	blocks of type: DSP
	Architecture
		440	blocks of type: DSP
	Netlist
		0	blocks of type: M9K
	Architecture
		2453	blocks of type: M9K
	Netlist
		0	blocks of type: M144K
	Architecture
		189	blocks of type: M144K

Device Utilization: 0.03 (target 1.00)
	Physical Tile io:
	Block Utilization: 1.00 Logical Block: io
	Physical Tile PLL:
	Block Utilization: 0.00 Logical Block: PLL
	Physical Tile LAB:
	Block Utilization: 0.01 Logical Block: LAB
	Physical Tile DSP:
	Block Utilization: 0.00 Logical Block: DSP
	Physical Tile M9K:
	Block Utilization: 0.00 Logical Block: M9K
	Physical Tile M144K:
	Block Utilization: 0.00 Logical Block: M144K

FPGA size limited by block type(s): io

## Build Device Grid took 0.48 seconds (max_rss 1110.5 MiB, delta_rss +0.0 MiB)
## Build routing resource graph
SOURCE->OPIN and IPIN->SINK edge count:9099894
OPIN->CHANX/CHANY edge count before creating direct connections: 18103160
OPIN->CHANX/CHANY edge count after creating direct connections: 20863857
CHAN->CHAN type edge count:51371152
## Build routing resource graph took 40.60 seconds (max_rss 4420.4 MiB, delta_rss +3309.9 MiB)
  RR Graph Nodes: 13681788
  RR Graph Edges: 81334903
# Create Device took 42.37 seconds (max_rss 4420.4 MiB, delta_rss +3309.9 MiB)

# Computing router lookahead map
## Computing wire lookahead
## Computing wire lookahead took 247.85 seconds (max_rss 4420.4 MiB, delta_rss +0.0 MiB)
## Computing src/opin lookahead
## Computing src/opin lookahead took 0.00 seconds (max_rss 4420.4 MiB, delta_rss +0.0 MiB)
# Computing router lookahead map took 247.85 seconds (max_rss 4420.4 MiB, delta_rss +0.0 MiB)
# Computing placement delta delay look-up
## Build routing resource graph
SOURCE->OPIN and IPIN->SINK edge count:9099894
OPIN->CHANX/CHANY edge count before creating direct connections: 96468632
OPIN->CHANX/CHANY edge count after creating direct connections: 99229329
CHAN->CHAN type edge count:290135884
## Build routing resource graph took 206.75 seconds (max_rss 12872.6 MiB, delta_rss +8452.2 MiB)
  RR Graph Nodes: 27248988
  RR Graph Edges: 398465107
## Computing router lookahead map
### Computing wire lookahead
### Computing wire lookahead took 1352.31 seconds (max_rss 12872.6 MiB, delta_rss +0.0 MiB)
### Computing src/opin lookahead
### Computing src/opin lookahead took 0.00 seconds (max_rss 12872.6 MiB, delta_rss +0.0 MiB)
## Computing router lookahead map took 1352.31 seconds (max_rss 12872.6 MiB, delta_rss +0.0 MiB)
## Computing delta delays
## Computing delta delays took 1190.10 seconds (max_rss 12872.6 MiB, delta_rss +0.0 MiB)
# Computing placement delta delay look-up took 2752.30 seconds (max_rss 12872.6 MiB, delta_rss +8452.2 MiB)

Bounding box mode is Cube

Using simple RL 'Softmax agent' for choosing move and block types
# Placement
## Initial Placement
Initial placement iteration 0 has finished successfully
## Initial Placement took 0.01 seconds (max_rss 12872.6 MiB, delta_rss +0.0 MiB)

There are 16064 point to point connections in this circuit.


BB estimate of min-dist (placement) wire length: 989962

Completed placement consistency check successfully.
Initial placement cost: 1 bb_cost: 1860.83 td_cost: 1.23118e-05
Initial placement estimated Critical Path Delay (CPD): 59.1331 ns
Initial placement estimated setup Total Negative Slack (sTNS): -83585.9 ns
Initial placement estimated setup Worst Negative Slack (sWNS): -59.1331 ns

Initial placement estimated setup slack histogram:
[ -5.9e-08: -5.3e-08)   4 (  0.1%) |
[ -5.3e-08: -4.7e-08)  49 (  1.5%) |****
[ -4.7e-08: -4.1e-08) 277 (  8.6%) |********************
[ -4.1e-08: -3.6e-08) 640 ( 19.9%) |***********************************************
[ -3.6e-08:   -3e-08) 514 ( 16.0%) |**************************************
[   -3e-08: -2.4e-08) 417 ( 13.0%) |*******************************
[ -2.4e-08: -1.8e-08) 349 ( 10.9%) |**************************
[ -1.8e-08: -1.2e-08) 243 (  7.6%) |******************
[ -1.2e-08: -6.1e-09) 535 ( 16.6%) |***************************************
[ -6.1e-09: -2.3e-10) 188 (  5.8%) |**************
Placement contains 0 placement macros involving 0 blocks (average macro size -nan)

Moves per temperature: 19670
Warning 5: Starting t: 1020 of 2794 configurations accepted.

---- ------ ------- ------- ---------- ---------- ------- ---------- -------- ------- ------- ------ -------- --------- ------
Tnum   Time       T Av Cost Av BB Cost Av TD Cost     CPD       sTNS     sWNS Ac Rate Std Dev  R lim Crit Exp Tot Moves  Alpha
      (sec)                                          (ns)       (ns)     (ns)                                                 
---- ------ ------- ------- ---------- ---------- ------- ---------- -------- ------- ------- ------ -------- --------- ------
   1    0.1 8.1e-04   0.862    1303.16 8.297e-06   53.503  -7.25e+04  -53.503   0.910  0.0617  305.0     1.00     19670  0.200
   2    0.1 7.3e-04   0.997    1203.44 9.4565e-06  37.305     -6e+04  -37.305   0.897  0.0039  305.0     1.00     39340  0.900
   3    0.1 6.6e-04   0.996    1206.05 9.627e-06   36.949  -5.99e+04  -36.949   0.891  0.0054  305.0     1.00     59010  0.900
   4    0.1 5.9e-04   1.000    1199.07 9.1424e-06  38.678  -5.98e+04  -38.678   0.891  0.0042  305.0     1.00     78680  0.900
   5    0.1 5.3e-04   0.984    1196.21 9.0505e-06  39.301  -6.09e+04  -39.301   0.884  0.0058  305.0     1.00     98350  0.900
   6    0.1 4.8e-04   0.985    1189.41 9.6448e-06  36.168  -6.04e+04  -36.168   0.884  0.0066  305.0     1.00    118020  0.900
   7    0.1 4.3e-04   0.990    1176.98 9.2431e-06  36.903     -6e+04  -36.903   0.874  0.0074  305.0     1.00    137690  0.900
   8    0.1 3.9e-04   0.992    1159.74 9.2558e-06  36.216   -5.9e+04  -36.216   0.865  0.0037  305.0     1.00    157360  0.900
   9    0.1 3.5e-04   0.992    1142.91 9.2095e-06  35.637  -5.86e+04  -35.637   0.860  0.0049  305.0     1.00    177030  0.900
  10    0.1 3.1e-04   0.985    1122.95 9.0318e-06  35.920  -5.85e+04  -35.920   0.852  0.0058  305.0     1.00    196700  0.900
  11    0.1 2.8e-04   0.991    1107.29 8.6897e-06  36.376  -5.77e+04  -36.376   0.840  0.0063  305.0     1.00    216370  0.900
  12    0.1 2.6e-04   0.980    1083.22 8.8892e-06  33.944   -5.7e+04  -33.944   0.827  0.0076  305.0     1.00    236040  0.900
  13    0.1 2.3e-04   0.993    1073.81 8.7661e-06  34.091   -5.7e+04  -34.091   0.819  0.0030  305.0     1.00    255710  0.900
  14    0.1 2.1e-04   0.986    1059.36 8.1649e-06  36.079  -5.69e+04  -36.079   0.804  0.0069  305.0     1.00    275380  0.900
  15    0.1 1.9e-04   0.990    1046.14 8.219e-06   35.189  -5.61e+04  -35.189   0.787  0.0033  305.0     1.00    295050  0.900
  16    0.1 1.8e-04   0.996    1043.56 8.4529e-06  33.864  -5.61e+04  -33.864   0.781  0.0032  305.0     1.00    314720  0.950
  17    0.1 1.7e-04   0.997    1036.64 8.1813e-06  34.421  -5.51e+04  -34.421   0.777  0.0039  305.0     1.00    334390  0.950
  18    0.1 1.6e-04   0.995    1036.56 8.3592e-06  33.993  -5.52e+04  -33.993   0.767  0.0026  305.0     1.00    354060  0.950
  19    0.1 1.5e-04   0.991    1028.67 8.3838e-06  33.350  -5.52e+04  -33.350   0.763  0.0027  305.0     1.00    373730  0.950
  20    0.1 1.4e-04   0.992    1025.72 8.3346e-06  33.320  -5.45e+04  -33.320   0.754  0.0042  305.0     1.00    393400  0.950
  21    0.1 1.4e-04   0.992    1017.29 8.0729e-06  34.136  -5.49e+04  -34.136   0.747  0.0025  305.0     1.00    413070  0.950
  22    0.1 1.3e-04   0.996    1016.00 8.1333e-06  33.850  -5.47e+04  -33.850   0.738  0.0023  305.0     1.00    432740  0.950
  23    0.1 1.2e-04   0.996    1009.97 8.1636e-06  33.219  -5.45e+04  -33.219   0.734  0.0016  305.0     1.00    452410  0.950
  24    0.1 1.2e-04   0.995    1006.43 7.8492e-06  34.347  -5.43e+04  -34.347   0.725  0.0020  305.0     1.00    472080  0.950
  25    0.1 1.1e-04   0.995    1002.55 8.1094e-06  32.975  -5.44e+04  -32.975   0.714  0.0028  305.0     1.00    491750  0.950
  26    0.1 1.1e-04   0.994     996.54 7.9341e-06  33.440  -5.39e+04  -33.440   0.699  0.0027  305.0     1.00    511420  0.950
  27    0.1 1.0e-04   0.996     992.85 7.5026e-06  34.745  -5.44e+04  -34.745   0.693  0.0012  305.0     1.00    531090  0.950
  28    0.1 9.5e-05   0.995     988.91 7.8455e-06  33.199  -5.36e+04  -33.199   0.680  0.0020  305.0     1.00    550760  0.950
  29    0.1 9.1e-05   1.001     989.62 7.7902e-06  33.193  -5.36e+04  -33.193   0.675  0.0010  305.0     1.00    570430  0.950
  30    0.1 8.6e-05   0.994     986.57 7.7377e-06  33.429  -5.38e+04  -33.429   0.669  0.0033  305.0     1.00    590100  0.950
  31    0.1 8.2e-05   0.998     983.62 7.7283e-06  33.241  -5.39e+04  -33.241   0.655  0.0024  305.0     1.00    609770  0.950
  32    0.1 7.8e-05   0.995     976.50 7.6097e-06  33.146  -5.32e+04  -33.146   0.644  0.0014  305.0     1.00    629440  0.950
  33    0.1 7.4e-05   0.996     974.24 7.6082e-06  33.095  -5.34e+04  -33.095   0.633  0.0014  305.0     1.00    649110  0.950
  34    0.1 7.0e-05   0.995     972.06 7.678e-06   32.680  -5.32e+04  -32.680   0.625  0.0025  305.0     1.00    668780  0.950
  35    0.1 6.7e-05   0.997     970.18 7.578e-06   33.025  -5.32e+04  -33.025   0.603  0.0018  305.0     1.00    688450  0.950
  36    0.1 6.3e-05   0.995     965.66 7.6074e-06  32.035  -5.32e+04  -32.035   0.595  0.0016  305.0     1.00    708120  0.950
  37    0.1 6.0e-05   0.995     963.83 7.5067e-06  32.359  -5.27e+04  -32.359   0.591  0.0017  305.0     1.00    727790  0.950
  38    0.1 5.7e-05   0.996     961.52 7.4404e-06  32.801  -5.26e+04  -32.801   0.578  0.0013  305.0     1.00    747460  0.950
  39    0.1 5.4e-05   0.995     959.61 7.5383e-06  32.133  -5.26e+04  -32.133   0.562  0.0016  305.0     1.00    767130  0.950
  40    0.1 5.2e-05   0.993     956.94 7.4368e-06  32.602  -5.27e+04  -32.602   0.551  0.0023  305.0     1.00    786800  0.950
  41    0.1 4.9e-05   0.997     954.37 7.5419e-06  31.683  -5.26e+04  -31.683   0.538  0.0016  305.0     1.00    806470  0.950
  42    0.1 4.7e-05   0.995     952.79 7.4813e-06  31.842  -5.29e+04  -31.842   0.524  0.0024  305.0     1.00    826140  0.950
  43    0.1 4.4e-05   0.997     949.02 7.3667e-06  31.880  -5.23e+04  -31.880   0.506  0.0011  305.0     1.00    845810  0.950
  44    0.1 4.2e-05   0.997     947.57 7.2297e-06  32.423  -5.22e+04  -32.423   0.496  0.0014  305.0     1.00    865480  0.950
  45    0.1 4.0e-05   0.995     946.24 7.3465e-06  31.750  -5.21e+04  -31.750   0.481  0.0021  305.0     1.00    885150  0.950
  46    0.1 3.8e-05   0.997     943.47 7.2516e-06  32.240  -5.19e+04  -32.240   0.464  0.0012  305.0     1.00    904820  0.950
  47    0.1 3.6e-05   0.996     941.85 7.4179e-06  31.099  -5.16e+04  -31.099   0.458  0.0016  305.0     1.00    924490  0.950
  48    0.1 3.4e-05   0.996     940.28 7.1701e-06  32.240  -5.17e+04  -32.240   0.444  0.0011  305.0     1.00    944160  0.950
  49    0.1 3.3e-05   0.997     937.87 7.2972e-06  31.365  -5.17e+04  -31.365   0.422  0.0011  305.0     1.00    963830  0.950
  50    0.1 3.1e-05   0.997     936.83 6.9144e-06  31.652  -5.12e+04  -31.652   0.390  0.0012  299.5     1.13    983500  0.950
  51    0.1 2.9e-05   0.995     935.25 6.096e-06   31.581  -5.17e+04  -31.581   0.369  0.0024  284.6     1.47   1003170  0.950
  52    0.1 2.8e-05   0.993     934.12 5.2468e-06  31.015  -5.16e+04  -31.015   0.321  0.0030  264.4     1.93   1022840  0.950
  53    0.1 2.6e-05   0.995     933.64 3.8142e-06  31.886  -5.08e+04  -31.886   0.264  0.0020  232.9     2.66   1042510  0.950
  54    0.1 2.5e-05   0.991     932.51 3.2876e-06  30.849   -5.1e+04  -30.849   0.222  0.0037  192.0     3.60   1062180  0.950
  55    0.1 2.4e-05   0.990     931.36 3.0486e-06  29.150  -4.95e+04  -29.150   0.199  0.0036  150.1     4.57   1081850  0.950
  56    0.1 2.3e-05   0.990     930.62 2.2221e-06  29.891  -4.96e+04  -29.891   0.187  0.0038  113.9     5.40   1101520  0.950
  57    0.1 2.2e-05   0.992     931.01 2.3399e-06  28.683  -4.89e+04  -28.683   0.171  0.0033   85.1     6.06   1121190  0.950
  58    0.1 2.0e-05   0.992     930.70 2.0702e-06  28.664  -4.81e+04  -28.664   0.170  0.0029   62.3     6.59   1140860  0.950
  59    0.1 1.9e-05   0.994     928.25 1.7174e-06  29.041  -4.83e+04  -29.041   0.474  0.0027   45.4     6.98   1160530  0.950
  60    0.1 1.8e-05   0.994     926.92 2.0475e-06  28.183  -4.81e+04  -28.183   0.160  0.0027   47.0     6.94   1180200  0.950
  61    0.1 1.8e-05   0.996     925.92 1.9947e-06  28.033  -4.77e+04  -28.033   0.459  0.0018   33.8     7.24   1199870  0.950
  62    0.1 1.7e-05   0.997     924.58 2.0802e-06  27.871  -4.78e+04  -27.871   0.444  0.0019   34.5     7.23   1219540  0.950
  63    0.1 1.6e-05   0.997     923.33 2.0145e-06  27.904  -4.76e+04  -27.904   0.437  0.0014   34.6     7.23   1239210  0.950
  64    0.1 1.5e-05   0.997     922.64 1.8707e-06  28.202  -4.76e+04  -28.202   0.427  0.0013   34.5     7.23   1258880  0.950
  65    0.1 1.4e-05   0.998     922.38 2.0231e-06  27.798  -4.76e+04  -27.798   0.426  0.0014   34.1     7.24   1278550  0.950
  66    0.1 1.4e-05   0.997     921.33 1.9568e-06  27.837  -4.74e+04  -27.837   0.409  0.0013   33.6     7.25   1298220  0.950
  67    0.1 1.3e-05   0.998     921.07 1.9338e-06  27.776  -4.74e+04  -27.776   0.403  0.0011   32.5     7.27   1317890  0.950
  68    0.1 1.2e-05   0.998     920.83 1.5702e-06  28.641  -4.74e+04  -28.641   0.391  0.0008   31.3     7.30   1337560  0.950
  69    0.1 1.2e-05   0.998     920.06 1.6545e-06  28.361  -4.72e+04  -28.361   0.390  0.0011   29.8     7.34   1357230  0.950
  70    0.1 1.1e-05   0.998     919.13 1.6203e-06  28.428  -4.72e+04  -28.428   0.381  0.0012   28.3     7.37   1376900  0.950
  71    0.1 1.1e-05   0.999     918.64 1.6995e-06  28.115  -4.72e+04  -28.115   0.374  0.0008   26.6     7.41   1396570  0.950
  72    0.1 1.0e-05   0.998     918.02 1.7231e-06  27.966   -4.7e+04  -27.966   0.361  0.0008   24.8     7.45   1416240  0.950
  73    0.1 9.5e-06   0.998     917.69 1.7937e-06  27.776  -4.71e+04  -27.776   0.360  0.0007   22.9     7.50   1435910  0.950
  74    0.1 9.0e-06   0.999     917.17 1.7216e-06  27.879  -4.71e+04  -27.879   0.350  0.0007   21.0     7.54   1455580  0.950
  75    0.1 8.6e-06   0.999     916.53 1.6554e-06  27.935   -4.7e+04  -27.935   0.333  0.0007   19.2     7.58   1475250  0.950
  76    0.1 8.1e-06   0.999     916.79 1.6298e-06  28.006   -4.7e+04  -28.006   0.335  0.0005   17.1     7.63   1494920  0.950
  77    0.1 7.7e-06   0.999     916.21 1.6503e-06  27.917   -4.7e+04  -27.917   0.329  0.0006   15.3     7.67   1514590  0.950
  78    0.1 7.3e-06   0.999     915.79 1.6242e-06  27.963  -4.69e+04  -27.963   0.326  0.0004   13.6     7.71   1534260  0.950
  79    0.1 7.0e-06   0.999     915.27 1.6775e-06  27.752  -4.68e+04  -27.752   0.312  0.0005   12.0     7.75   1553930  0.950
  80    0.1 6.6e-06   0.999     915.12 1.6022e-06  27.882  -4.68e+04  -27.882   0.314  0.0004   10.5     7.78   1573600  0.950
  81    0.1 6.3e-06   0.999     914.81 1.5405e-06  28.007  -4.68e+04  -28.007   0.308  0.0004    9.2     7.81   1593270  0.950
  82    0.1 6.0e-06   1.000     914.30 1.5711e-06  27.885  -4.68e+04  -27.885   0.292  0.0002    8.0     7.84   1612940  0.950
  83    0.1 5.7e-06   0.999     914.13 1.5413e-06  27.954  -4.68e+04  -27.954   0.287  0.0003    6.8     7.87   1632610  0.950
  84    0.1 5.4e-06   0.999     913.90 1.5204e-06  27.969  -4.68e+04  -27.969   0.284  0.0004    5.8     7.89   1652280  0.950
  85    0.1 5.1e-06   1.000     913.82 1.5236e-06  27.930  -4.67e+04  -27.930   0.273  0.0002    4.9     7.91   1671950  0.950
  86    0.1 4.9e-06   0.999     913.56 1.5277e-06  27.908  -4.67e+04  -27.908   0.262  0.0003    4.0     7.93   1691620  0.950
  87    0.1 4.6e-06   1.000     913.43 1.513e-06   27.930  -4.67e+04  -27.930   0.262  0.0002    3.3     7.95   1711290  0.950
  88    0.1 4.4e-06   1.000     913.25 1.5218e-06  27.887  -4.67e+04  -27.887   0.275  0.0002    2.7     7.96   1730960  0.950
  89    0.1 4.2e-06   1.000     912.97 1.5013e-06  27.931  -4.67e+04  -27.931   0.270  0.0002    2.3     7.97   1750630  0.950
  90    0.1 4.0e-06   1.000     912.91 1.495e-06   27.930  -4.67e+04  -27.930   0.253  0.0002    1.9     7.98   1770300  0.950
  91    0.1 3.8e-06   1.000     912.85 1.4866e-06  27.931  -4.67e+04  -27.931   0.242  0.0001    1.5     7.99   1789970  0.950
  92    0.1 3.6e-06   1.000     912.77 1.4766e-06  27.931  -4.67e+04  -27.931   0.240  0.0001    1.2     7.99   1809640  0.950
  93    0.1 3.4e-06   1.000     912.50 1.474e-06   27.931  -4.67e+04  -27.931   0.230  0.0001    1.0     8.00   1829310  0.950
  94    0.1 3.2e-06   1.000     912.50 1.4728e-06  27.931  -4.67e+04  -27.931   0.226  0.0001    1.0     8.00   1848980  0.950
  95    0.1 3.1e-06   1.000     912.29 1.471e-06   27.931  -4.66e+04  -27.931   0.224  0.0001    1.0     8.00   1868650  0.950
  96    0.1 2.9e-06   1.000     912.35 1.469e-06   27.931  -4.67e+04  -27.931   0.215  0.0001    1.0     8.00   1888320  0.950
  97    0.1 2.8e-06   1.000     912.24 1.4676e-06  27.931  -4.66e+04  -27.931   0.213  0.0001    1.0     8.00   1907990  0.950
  98    0.1 2.6e-06   1.000     912.20 1.4689e-06  27.931  -4.67e+04  -27.931   0.208  0.0000    1.0     8.00   1927660  0.950
  99    0.1 2.5e-06   1.000     912.21 1.4689e-06  27.931  -4.67e+04  -27.931   0.203  0.0001    1.0     8.00   1947330  0.950
 100    0.1 2.4e-06   1.000     912.08 1.4638e-06  27.931  -4.66e+04  -27.931   0.201  0.0001    1.0     8.00   1967000  0.950
 101    0.1 2.3e-06   1.000     912.00 1.4651e-06  27.931  -4.67e+04  -27.931   0.198  0.0000    1.0     8.00   1986670  0.950
 102    0.1 2.1e-06   1.000     912.11 1.4779e-06  27.908  -4.66e+04  -27.908   0.197  0.0000    1.0     8.00   2006340  0.950
 103    0.1 2.0e-06   1.000     912.02 1.4649e-06  27.931  -4.66e+04  -27.931   0.195  0.0001    1.0     8.00   2026010  0.950
 104    0.1 1.9e-06   1.000     911.93 1.4729e-06  27.908  -4.67e+04  -27.908   0.188  0.0001    1.0     8.00   2045680  0.950
 105    0.1 1.8e-06   1.000     911.90 1.4627e-06  27.931  -4.67e+04  -27.931   0.187  0.0001    1.0     8.00   2065350  0.950
 106    0.1 1.7e-06   1.000     911.89 1.4622e-06  27.931  -4.67e+04  -27.931   0.185  0.0000    1.0     8.00   2085020  0.950
 107    0.1 1.7e-06   1.000     911.94 1.4607e-06  27.930  -4.66e+04  -27.930   0.181  0.0000    1.0     8.00   2104690  0.950
 108    0.1 1.6e-06   1.000     911.96 1.4595e-06  27.931  -4.67e+04  -27.931   0.180  0.0000    1.0     8.00   2124360  0.950
 109    0.1 1.5e-06   1.000     911.92 1.4604e-06  27.931  -4.67e+04  -27.931   0.171  0.0000    1.0     8.00   2144030  0.950
 110    0.1 1.4e-06   1.000     911.87 1.4598e-06  27.930  -4.67e+04  -27.930   0.171  0.0000    1.0     8.00   2163700  0.950
 111    0.1 1.4e-06   1.000     911.82 1.4592e-06  27.930  -4.67e+04  -27.930   0.170  0.0000    1.0     8.00   2183370  0.950
 112    0.1 1.3e-06   1.000     911.78 1.459e-06   27.931  -4.67e+04  -27.931   0.164  0.0000    1.0     8.00   2203040  0.950
 113    0.1 1.2e-06   1.000     911.78 1.4586e-06  27.931  -4.67e+04  -27.931   0.159  0.0000    1.0     8.00   2222710  0.950
 114    0.1 1.2e-06   1.000     911.75 1.4587e-06  27.930  -4.67e+04  -27.930   0.153  0.0000    1.0     8.00   2242380  0.950
 115    0.1 1.1e-06   1.000     911.75 1.4577e-06  27.931  -4.66e+04  -27.931   0.150  0.0000    1.0     8.00   2262050  0.950
 116    0.1 8.8e-07   1.000     911.74 1.4576e-06  27.931  -4.67e+04  -27.931   0.145  0.0000    1.0     8.00   2281720  0.800
Agent's 2nd state: 
Checkpoint saved: bb_costs=911.737, TD costs=1.45653e-06, CPD= 27.931 (ns) 
 117    0.1 7.0e-07   1.000     911.72 1.4564e-06  27.931  -4.67e+04  -27.931   0.098  0.0000    1.0     8.00   2301390  0.800
 118    0.1 5.6e-07   1.000     911.68 1.458e-06   27.931  -4.67e+04  -27.931   0.091  0.0001    1.0     8.00   2321060  0.800
 119    0.1 4.5e-07   1.000     911.64 1.4527e-06  27.931  -4.66e+04  -27.931   0.086  0.0000    1.0     8.00   2340730  0.800
 120    0.1 0.0e+00   1.000     911.60 1.4601e-06  27.908  -4.66e+04  -27.908   0.024  0.0000    1.0     8.00   2360400  0.800
## Placement Quench took 0.09 seconds (max_rss 12872.6 MiB)
post-quench CPD = 27.9083 (ns) 

BB estimate of min-dist (placement) wire length: 484964

Completed placement consistency check successfully.

Swaps called: 2363194

Aborted Move Reasons:
  No moves aborted

Placement estimated critical path delay (least slack): 27.9083 ns, Fmax: 35.8317 MHz
Placement estimated setup Worst Negative Slack (sWNS): -27.9083 ns
Placement estimated setup Total Negative Slack (sTNS): -46586.4 ns

Placement estimated setup slack histogram:
[ -2.8e-08: -2.5e-08)  45 (  1.4%) |***
[ -2.5e-08: -2.2e-08)  51 (  1.6%) |***
[ -2.2e-08:   -2e-08) 526 ( 16.4%) |******************************
[   -2e-08: -1.7e-08) 825 ( 25.7%) |***********************************************
[ -1.7e-08: -1.4e-08) 445 ( 13.8%) |*************************
[ -1.4e-08: -1.1e-08) 335 ( 10.4%) |*******************
[ -1.1e-08: -8.5e-09) 513 ( 16.0%) |*****************************
[ -8.5e-09: -5.8e-09) 197 (  6.1%) |***********
[ -5.8e-09:   -3e-09) 133 (  4.1%) |********
[   -3e-09: -2.3e-10) 146 (  4.5%) |********

Placement estimated geomean non-virtual intra-domain period: 27.9083 ns (35.8317 MHz)
Placement estimated fanout-weighted geomean non-virtual intra-domain period: 27.9083 ns (35.8317 MHz)

Placement cost: 0.999921, bb_cost: 911.586, td_cost: 1.45961e-06, 

Placement resource usage:
  io  implemented as io : 2075
  LAB implemented as LAB: 719

Placement number of temperatures: 120
Placement total # of swap attempts: 2363194
	Swaps accepted: 1038054 (43.9 %)
	Swaps rejected: 1277352 (54.1 %)
	Swaps aborted:   47788 ( 2.0 %)


Placement perturbation distribution by block and move type: 
------------------ ----------------- ---------------- ---------------- --------------- ------------ 
    Block Type         Move Type       (%) of Total      Accepted(%)     Rejected(%)    Aborted(%)
------------------ ----------------- ---------------- ---------------- --------------- ------------ 
io                 Uniform                18.38            55.02           44.98          0.00         
                   Median                 18.24            53.88           42.47          3.65         
                   Centroid               18.25            54.39           42.02          3.60         
                   W. Centroid            18.30            54.25           42.23          3.52         
                   W. Median              0.36             13.28           72.17          14.55        
                   Crit. Uniform          0.03             1.73            98.27          0.00         
                   Feasible Region        0.03             2.53            90.00          7.47         

LAB                Uniform                6.33             1.47            98.53          0.00         
                   Median                 6.34             26.23           73.75          0.01         
                   Centroid               6.35             17.14           82.86          0.00         
                   W. Centroid            6.39             19.39           80.61          0.00         
                   W. Median              0.12             0.34            99.59          0.07         
                   Crit. Uniform          0.44             0.01            99.99          0.00         
                   Feasible Region        0.44             0.01            99.99          0.00         


Placement Quench timing analysis took 0.0214691 seconds (0.0202028 STA, 0.00126627 slack) (1 full updates: 1 setup, 0 hold, 0 combined).
Placement Total  timing analysis took 2.87991 seconds (2.68412 STA, 0.195789 slack) (122 full updates: 122 setup, 0 hold, 0 combined).
update_td_costs: connections 0 nets 0 sum_nets 0 total 0
# Placement took 8.68 seconds (max_rss 12872.6 MiB, delta_rss +0.0 MiB)

# Routing
Initializing minimum channel width search based on maximum CLB pins

Attempting to route at 190 channels (binary search bounds: [-1, -1])
## Build routing resource graph
SOURCE->OPIN and IPIN->SINK edge count:9099894
OPIN->CHANX/CHANY edge count before creating direct connections: 34179216
OPIN->CHANX/CHANY edge count after creating direct connections: 36939913
CHAN->CHAN type edge count:100382864
## Build routing resource graph took 71.81 seconds (max_rss 12872.6 MiB, delta_rss +0.0 MiB)
  RR Graph Nodes: 16499742
  RR Graph Edges: 146422671
Confirming router algorithm: TIMING_DRIVEN.
## Computing router lookahead map
### Computing wire lookahead
### Computing wire lookahead took 458.14 seconds (max_rss 12872.6 MiB, delta_rss +0.0 MiB)
### Computing src/opin lookahead
### Computing src/opin lookahead took 0.00 seconds (max_rss 12872.6 MiB, delta_rss +0.0 MiB)
## Computing router lookahead map took 458.14 seconds (max_rss 12872.6 MiB, delta_rss +0.0 MiB)
## Initializing router criticalities
Initial Net Connection Criticality Histogram:
[        0:      0.1)  612 (  3.7%) |*******
[      0.1:      0.2)  195 (  1.2%) |**
[      0.2:      0.3)  674 (  4.1%) |********
[      0.3:      0.4)  503 (  3.0%) |******
[      0.4:      0.5)  820 (  4.9%) |**********
[      0.5:      0.6) 1445 (  8.7%) |*****************
[      0.6:      0.7) 2285 ( 13.7%) |***************************
[      0.7:      0.8) 3875 ( 23.3%) |**********************************************
[      0.8:      0.9) 3725 ( 22.4%) |********************************************
[      0.9:        1) 2491 ( 15.0%) |******************************
## Initializing router criticalities took 0.14 seconds (max_rss 12872.6 MiB, delta_rss +0.0 MiB)
---- ------ ------- ---- ------- ------- ------- ----------------- --------------- -------- ---------- ---------- ---------- ---------- --------
Iter   Time    pres  BBs    Heap  Re-Rtd  Re-Rtd Overused RR Nodes      Wirelength      CPD       sTNS       sWNS       hTNS       hWNS Est Succ
      (sec)     fac Updt    push    Nets   Conns                                       (ns)       (ns)       (ns)       (ns)       (ns)     Iter
---- ------ ------- ---- ------- ------- ------- ----------------- --------------- -------- ---------- ---------- ---------- ---------- --------
   1    0.6     0.0    0 9027560   11517   16064   15301 ( 0.093%)  504454 ( 1.9%)   29.087 -4.850e+04    -29.087      0.000      0.000      N/A
Incr Slack updates 122 in 0.0654239 sec
Full Max Req/Worst Slack updates 71 in 0.00226517 sec
Incr Max Req/Worst Slack updates 51 in 0.00219415 sec
Incr Criticality updates 17 in 0.0105 sec
Full Criticality updates 105 in 0.107901 sec
   2    0.6     0.5   46 8127044    9500   13958    4359 ( 0.026%)  504553 ( 1.9%)   29.401 -4.852e+04    -29.401      0.000      0.000      N/A
   3    0.4     0.6   21 4438245    4225    7070    2072 ( 0.013%)  505078 ( 1.9%)   29.400 -4.857e+04    -29.400      0.000      0.000      N/A
   4    0.3     0.8   22 2781713    2339    4238     989 ( 0.006%)  505080 ( 1.9%)   29.402 -4.858e+04    -29.402      0.000      0.000      N/A
   5    0.2     1.1    8 1710318    1294    2564     358 ( 0.002%)  505220 ( 1.9%)   29.403 -4.861e+04    -29.403      0.000      0.000      N/A
   6    0.1     1.4    0  875401     576    1334     122 ( 0.001%)  505319 ( 1.9%)   29.403 -4.861e+04    -29.403      0.000      0.000      N/A
   7    0.1     1.9    0  456405     267     680      46 ( 0.000%)  505372 ( 1.9%)   29.403 -4.862e+04    -29.403      0.000      0.000      N/A
   8    0.1     2.4    1  310189     164     457      16 ( 0.000%)  505417 ( 1.9%)   29.403 -4.862e+04    -29.403      0.000      0.000      N/A
   9    0.1     3.1    0  259252     123     375      10 ( 0.000%)  505421 ( 1.9%)   29.403 -4.862e+04    -29.403      0.000      0.000      N/A
  10    0.1     4.1    0  253051     117     358       3 ( 0.000%)  505445 ( 1.9%)   29.403 -4.862e+04    -29.403      0.000      0.000       11
  11    0.1     5.3    0  235002     109     341       1 ( 0.000%)  505440 ( 1.9%)   29.403 -4.862e+04    -29.403      0.000      0.000       11
  12    0.1     6.9    0  224164     104     328       0 ( 0.000%)  505440 ( 1.9%)   29.403 -4.862e+04    -29.403      0.000      0.000       11
Restoring best routing
Critical path: 29.4025 ns
Successfully routed after 12 routing iterations.
Final Net Connection Criticality Histogram:
[        0:      0.1)  617 (  3.7%) |*******
[      0.1:      0.2)  219 (  1.3%) |***
[      0.2:      0.3)  363 (  2.2%) |****
[      0.3:      0.4)  912 (  5.5%) |***********
[      0.4:      0.5)  953 (  5.7%) |***********
[      0.5:      0.6) 1610 (  9.7%) |*******************
[      0.6:      0.7) 2952 ( 17.8%) |***********************************
[      0.7:      0.8) 3815 ( 22.9%) |*********************************************
[      0.8:      0.9) 3936 ( 23.7%) |**********************************************
[      0.9:        1) 1248 (  7.5%) |***************
Router Stats: total_nets_routed: 30335 total_connections_routed: 47767 total_heap_pushes: 28698344 total_heap_pops: 3215603 total_internal_heap_pushes: 0 total_internal_heap_pops: 0 total_external_heap_pushes: 28698344 total_external_heap_pops: 3215603 total_external_SOURCE_pushes: 47767 total_external_SOURCE_pops: 47009 total_internal_SOURCE_pushes: 0 total_internal_SOURCE_pops: 0 rt_node_SOURCE_pushes: 47767 rt_node_SOURCE_high_fanout_pushes: 0 rt_node_SOURCE_entire_tree_pushes: 47767 total_external_SINK_pushes: 179007 total_external_SINK_pops: 163027 total_internal_SINK_pushes: 0 total_internal_SINK_pops: 0 rt_node_SINK_pushes: 0 rt_node_SINK_high_fanout_pushes: 0 rt_node_SINK_entire_tree_pushes: 0 total_external_IPIN_pushes: 191017 total_external_IPIN_pops: 179089 total_internal_IPIN_pushes: 0 total_internal_IPIN_pops: 0 rt_node_IPIN_pushes: 0 rt_node_IPIN_high_fanout_pushes: 0 rt_node_IPIN_entire_tree_pushes: 0 total_external_OPIN_pushes: 1715856 total_external_OPIN_pops: 1619143 total_internal_OPIN_pushes: 0 total_internal_OPIN_pops: 0 rt_node_OPIN_pushes: 20856 rt_node_OPIN_high_fanout_pushes: 0 rt_node_OPIN_entire_tree_pushes: 20856 total_external_CHANX_pushes: 13450244 total_external_CHANX_pops: 652446 total_internal_CHANX_pushes: 0 total_internal_CHANX_pops: 0 rt_node_CHANX_pushes: 29195 rt_node_CHANX_high_fanout_pushes: 0 rt_node_CHANX_entire_tree_pushes: 29195 total_external_CHANY_pushes: 13114453 total_external_CHANY_pops: 554889 total_internal_CHANY_pushes: 0 total_internal_CHANY_pops: 0 rt_node_CHANY_pushes: 34963 rt_node_CHANY_high_fanout_pushes: 0 rt_node_CHANY_entire_tree_pushes: 34963 total_number_of_adding_all_rt: 187311 total_number_of_adding_high_fanout_rt: 0 total_number_of_adding_all_rt_from_calling_high_fanout_rt: 0 

Attempting to route at 96 channels (binary search bounds: [-1, 190])
## Build routing resource graph
SOURCE->OPIN and IPIN->SINK edge count:9099894
OPIN->CHANX/CHANY edge count before creating direct connections: 17572400
OPIN->CHANX/CHANY edge count after creating direct connections: 20333097
CHAN->CHAN type edge count:49148860
## Build routing resource graph took 36.48 seconds (max_rss 12872.6 MiB, delta_rss +0.0 MiB)
  RR Graph Nodes: 13594168
  RR Graph Edges: 78581851
Confirming router algorithm: TIMING_DRIVEN.
## Computing router lookahead map
### Computing wire lookahead
### Computing wire lookahead took 260.07 seconds (max_rss 12872.6 MiB, delta_rss +0.0 MiB)
### Computing src/opin lookahead
### Computing src/opin lookahead took 0.00 seconds (max_rss 12872.6 MiB, delta_rss +0.0 MiB)
## Computing router lookahead map took 260.07 seconds (max_rss 12872.6 MiB, delta_rss +0.0 MiB)
## Initializing router criticalities
Initial Net Connection Criticality Histogram:
[        0:      0.1)  612 (  3.7%) |*******
[      0.1:      0.2)  194 (  1.2%) |**
[      0.2:      0.3)  673 (  4.0%) |********
[      0.3:      0.4)  504 (  3.0%) |******
[      0.4:      0.5)  836 (  5.0%) |**********
[      0.5:      0.6) 1444 (  8.7%) |*****************
[      0.6:      0.7) 2326 ( 14.0%) |***************************
[      0.7:      0.8) 3894 ( 23.4%) |**********************************************
[      0.8:      0.9) 3701 ( 22.3%) |********************************************
[      0.9:        1) 2441 ( 14.7%) |*****************************
## Initializing router criticalities took 0.04 seconds (max_rss 12872.6 MiB, delta_rss +0.0 MiB)
---- ------ ------- ---- ------- ------- ------- ----------------- --------------- -------- ---------- ---------- ---------- ---------- --------
Iter   Time    pres  BBs    Heap  Re-Rtd  Re-Rtd Overused RR Nodes      Wirelength      CPD       sTNS       sWNS       hTNS       hWNS Est Succ
      (sec)     fac Updt    push    Nets   Conns                                       (ns)       (ns)       (ns)       (ns)       (ns)     Iter
---- ------ ------- ---- ------- ------- ------- ----------------- --------------- -------- ---------- ---------- ---------- ---------- --------
   1    0.4     0.0    0 5524132   11517   16064   17522 ( 0.129%)  503780 ( 3.8%)   29.399 -4.882e+04    -29.399      0.000      0.000      N/A
   2    0.5     0.5   80 5351946   10413   14922    9203 ( 0.068%)  502313 ( 3.8%)   29.430 -4.884e+04    -29.430      0.000      0.000      N/A
   3    0.4     0.6   22 4736705    7716   11716    7621 ( 0.056%)  503093 ( 3.8%)   29.402 -4.886e+04    -29.402      0.000      0.000      N/A
   4    0.5     0.8   20 4895142    6830   10774    5972 ( 0.044%)  503543 ( 3.8%)   29.439 -4.894e+04    -29.439      0.000      0.000      N/A
   5    0.5     1.1   19 5013864    5932    9733    4168 ( 0.031%)  504174 ( 3.8%)   29.423 -4.893e+04    -29.423      0.000      0.000      N/A
   6    0.6     1.4   14 5512215    4784    8164    3072 ( 0.023%)  505044 ( 3.8%)   29.423 -4.895e+04    -29.423      0.000      0.000      N/A
   7    0.5     1.9   33 4977952    3848    6869    2302 ( 0.017%)  506224 ( 3.8%)   29.422 -4.898e+04    -29.422      0.000      0.000      N/A
   8    1.9     2.4   37 1.0e+07    3123    5702    1876 ( 0.014%)  507492 ( 3.8%)   29.424 -4.899e+04    -29.424      0.000      0.000      N/A
   9    3.2     3.1   38 1.4e+07    2603    4836    1438 ( 0.011%)  508652 ( 3.9%)   29.424 -4.902e+04    -29.424      0.000      0.000      N/A
  10    5.8     4.1   42 2.3e+07    2079    3920    1135 ( 0.008%)  510148 ( 3.9%)   29.457 -4.904e+04    -29.457      0.000      0.000       37
  11   15.4     5.3   54 4.1e+07    1934    3774     937 ( 0.007%)  511638 ( 3.9%)   29.426 -4.907e+04    -29.426      0.000      0.000       39
  12   48.6     6.9   60 1.1e+08    1428    2780     770 ( 0.006%)  512811 ( 3.9%)   29.424 -4.910e+04    -29.424      0.000      0.000       40
  13   74.9     9.0   61 1.3e+08    1198    2369     606 ( 0.004%)  513965 ( 3.9%)   29.434 -4.911e+04    -29.434      0.000      0.000       42
  14   59.8    11.6   44 1.1e+08     968    1950     506 ( 0.004%)  515209 ( 3.9%)   29.434 -4.915e+04    -29.434      0.000      0.000       42
  15   45.5    15.1   54 8.5e+07     812    1611     405 ( 0.003%)  516268 ( 3.9%)   29.434 -4.919e+04    -29.434      0.000      0.000       43
  16   57.4    19.7   55 1.1e+08     696    1349     345 ( 0.003%)  517303 ( 3.9%)   29.434 -4.922e+04    -29.434      0.000      0.000       43
  17   49.5    25.6   43 9.3e+07     568    1128     298 ( 0.002%)  518287 ( 3.9%)   29.434 -4.926e+04    -29.434      0.000      0.000       44
  18   78.6    33.3   48 1.3e+08     514    1040     251 ( 0.002%)  519357 ( 3.9%)   29.434 -4.928e+04    -29.434      0.000      0.000       45
  19   42.9    43.3   39 8.7e+07     416     854     212 ( 0.002%)  520204 ( 3.9%)   29.434 -4.934e+04    -29.434      0.000      0.000       47
  20   41.1    56.2   32 8.3e+07     371     761     182 ( 0.001%)  520751 ( 3.9%)   29.434 -4.939e+04    -29.434      0.000      0.000       47
  21   65.0    73.1   29 1.2e+08     346     696     172 ( 0.001%)  521211 ( 4.0%)   29.434 -4.941e+04    -29.434      0.000      0.000       48
  22   75.2    95.0   38 1.4e+08     295     595     146 ( 0.001%)  521932 ( 4.0%)   29.434 -4.947e+04    -29.434      0.000      0.000       50
  23   52.2   123.5   29 1.0e+08     256     519     134 ( 0.001%)  522467 ( 4.0%)   29.437 -4.958e+04    -29.437      0.000      0.000       52
  24   74.6   160.6   23 1.4e+08     257     540     115 ( 0.001%)  522988 ( 4.0%)   29.437 -4.981e+04    -29.437      0.000      0.000       53
  25   43.4   208.8   22 8.8e+07     207     417     115 ( 0.001%)  523123 ( 4.0%)   29.437 -4.969e+04    -29.437      0.000      0.000       56
  26   32.8   271.4   18 7.2e+07     220     461     110 ( 0.001%)  523541 ( 4.0%)   29.978 -4.988e+04    -29.978      0.000      0.000       57
  27   37.5   352.8   18 7.1e+07     443     995      90 ( 0.001%)  523690 ( 4.0%)   29.437 -4.978e+04    -29.437      0.000      0.000       61
  28   37.6   458.7   16 6.8e+07     175     357      94 ( 0.001%)  524111 ( 4.0%)   29.437 -4.980e+04    -29.437      0.000      0.000       62
  29   34.0   596.3   17 7.5e+07     170     340      83 ( 0.001%)  524586 ( 4.0%)   29.437 -4.985e+04    -29.437      0.000      0.000       66
  30   40.6   775.1   23 8.6e+07     147     281      80 ( 0.001%)  524728 ( 4.0%)   29.572 -5.008e+04    -29.572      0.000      0.000       68
  31   31.8  1007.7    8 6.7e+07     515    1172      78 ( 0.001%)  525379 ( 4.0%)   29.437 -5.026e+04    -29.437      0.000      0.000       71
  32   37.5  1310.0   21 7.6e+07     121     243      60 ( 0.000%)  525629 ( 4.0%)   29.437 -5.003e+04    -29.437      0.000      0.000       74
  33   23.3  1703.0    8 5.1e+07     107     206      48 ( 0.000%)  525699 ( 4.0%)   29.437 -5.004e+04    -29.437      0.000      0.000       76
  34   25.1  2213.9    8 4.9e+07      84     167      42 ( 0.000%)  525905 ( 4.0%)   29.437 -5.017e+04    -29.437      0.000      0.000       74
  35   19.7  2878.1    7 4.1e+07      72     153      33 ( 0.000%)  526009 ( 4.0%)   29.437 -5.024e+04    -29.437      0.000      0.000       74
  36   17.3  3741.5    4 3.4e+07      61     120      30 ( 0.000%)  526004 ( 4.0%)   29.437 -5.024e+04    -29.437      0.000      0.000       71
  37   10.7  4863.9    1 2.5e+07      55     106      33 ( 0.000%)  526067 ( 4.0%)   29.437 -5.024e+04    -29.437      0.000      0.000       70
  38    8.5  6323.1    2 2.0e+07      64     132      28 ( 0.000%)  526111 ( 4.0%)   29.437 -5.024e+04    -29.437      0.000      0.000       70
  39   13.7  8220.0    3 2.9e+07      49     106      25 ( 0.000%)  526115 ( 4.0%)   29.437 -5.024e+04    -29.437      0.000      0.000       70
  40   13.6 10686.0    0 3.0e+07      47     104      30 ( 0.000%)  526180 ( 4.0%)   29.437 -5.029e+04    -29.437      0.000      0.000       70
  41   10.9 13891.9    2 2.5e+07      55     105      26 ( 0.000%)  526372 ( 4.0%)   29.437 -5.025e+04    -29.437      0.000      0.000       71
  42    9.0 18059.4    5 2.2e+07      46     107      22 ( 0.000%)  526421 ( 4.0%)   29.437 -5.025e+04    -29.437      0.000      0.000       72
  43   17.6 23477.2    3 3.6e+07      40      94      21 ( 0.000%)  526360 ( 4.0%)   29.437 -5.025e+04    -29.437      0.000      0.000       72
  44   14.7 30520.4    2 3.3e+07      34      81      17 ( 0.000%)  526313 ( 4.0%)   29.437 -5.025e+04    -29.437      0.000      0.000       73
  45    6.7 39676.5    1 1.5e+07      30      88      12 ( 0.000%)  526420 ( 4.0%)   29.437 -5.025e+04    -29.437      0.000      0.000       72
  46    3.9 51579.5    2 1.2e+07      26      67      13 ( 0.000%)  526513 ( 4.0%)   29.437 -5.026e+04    -29.437      0.000      0.000       71
  47    4.7 67053.3    4 1.4e+07      29      76      14 ( 0.000%)  526574 ( 4.0%)   29.437 -5.026e+04    -29.437      0.000      0.000       71
  48    6.6 87169.3    1 1.5e+07      26      67      12 ( 0.000%)  526516 ( 4.0%)   29.437 -5.026e+04    -29.437      0.000      0.000       72
  49    7.8 1.1e+05    0 1.9e+07      22      52      10 ( 0.000%)  526518 ( 4.0%)   29.437 -5.026e+04    -29.437      0.000      0.000       71
  50    9.2 1.5e+05    0 2.0e+07      22      46      11 ( 0.000%)  526623 ( 4.0%)   29.756 -5.061e+04    -29.756      0.000      0.000       71
Routing failed.

Failed routing attempt #0
Total number of overused nodes: 11
Routing Failure Diagnostics: Printing Overused Nodes Information
------ ------- ---------- --------- -------- ------------ ------- ------- ------- ------- ------- ------- -------
   No.  NodeId  Occupancy  Capacity  RR Node    Direction    Side     PTC   Block    Xlow    Ylow   Xhigh   Yhigh
                                        type                          NUM    Name                                 
------ ------- ---------- --------- -------- ------------ ------- ------- ------- ------- ------- ------- -------
     0 4768182          2         1     OPIN          N/A     TOP     111     LAB     136     115     136     115
     1 4993785          2         1     IPIN          N/A     TOP      10     LAB     143     106     143     106
     2 5091479          2         1     IPIN          N/A     TOP       0     LAB     146     109     146     109
     3 5189042          2         1     IPIN          N/A     TOP       1     LAB     149     111     149     111
     4 11259731          2         1    CHANX      DEC_DIR     N/A      77     LAB     144     103     147     103
     5 11279813          2         1    CHANX      DEC_DIR     N/A       7     LAB     146     106     149     106
     6 11313313          2         1    CHANX      DEC_DIR     N/A      47     LAB     149     111     152     111
     7 11326475          2         1    CHANX      DEC_DIR     N/A       1     LAB     140     113     143     113
     8 11339788          2         1    CHANX      INC_DIR     N/A      14     LAB     137     115     140     115
     9 11346548          2         1    CHANX      INC_DIR     N/A      22     LAB     140     116     143     116
    10 12761973          2         1    CHANY      DEC_DIR     N/A      11     LAB     137     109     137     112

Final Net Connection Criticality Histogram:
[        0:      0.1)  611 (  3.7%) |*******
[      0.1:      0.2)  208 (  1.3%) |**
[      0.2:      0.3)  349 (  2.1%) |****
[      0.3:      0.4)  888 (  5.3%) |**********
[      0.4:      0.5)  883 (  5.3%) |**********
[      0.5:      0.6) 1559 (  9.4%) |******************
[      0.6:      0.7) 2767 ( 16.6%) |********************************
[      0.7:      0.8) 3919 ( 23.6%) |*********************************************
[      0.8:      0.9) 3992 ( 24.0%) |**********************************************
[      0.9:        1) 1449 (  8.7%) |*****************
Router Stats: total_nets_routed: 71771 total_connections_routed: 118809 total_heap_pushes: 2650687672 total_heap_pops: 2160177922 total_internal_heap_pushes: 0 total_internal_heap_pops: 0 total_external_heap_pushes: 2650687672 total_external_heap_pops: 2160177922 total_external_SOURCE_pushes: 118809 total_external_SOURCE_pops: 117070 total_internal_SOURCE_pushes: 0 total_internal_SOURCE_pops: 0 rt_node_SOURCE_pushes: 118809 rt_node_SOURCE_high_fanout_pushes: 0 rt_node_SOURCE_entire_tree_pushes: 118809 total_external_SINK_pushes: 449249 total_external_SINK_pops: 363691 total_internal_SINK_pushes: 0 total_internal_SINK_pops: 0 rt_node_SINK_pushes: 0 rt_node_SINK_high_fanout_pushes: 0 rt_node_SINK_entire_tree_pushes: 0 total_external_IPIN_pushes: 507591 total_external_IPIN_pops: 449912 total_internal_IPIN_pushes: 0 total_internal_IPIN_pops: 0 rt_node_IPIN_pushes: 0 rt_node_IPIN_high_fanout_pushes: 0 rt_node_IPIN_entire_tree_pushes: 0 total_external_OPIN_pushes: 4367857 total_external_OPIN_pops: 4078324 total_internal_OPIN_pushes: 0 total_internal_OPIN_pops: 0 rt_node_OPIN_pushes: 61016 rt_node_OPIN_high_fanout_pushes: 0 rt_node_OPIN_entire_tree_pushes: 61016 total_external_CHANX_pushes: 1315488508 total_external_CHANX_pops: 1063764721 total_internal_CHANX_pushes: 0 total_internal_CHANX_pops: 0 rt_node_CHANX_pushes: 98706 rt_node_CHANX_high_fanout_pushes: 0 rt_node_CHANX_entire_tree_pushes: 98706 total_external_CHANY_pushes: 1329755658 total_external_CHANY_pops: 1091404204 total_internal_CHANY_pushes: 0 total_internal_CHANY_pops: 0 rt_node_CHANY_pushes: 101681 rt_node_CHANY_high_fanout_pushes: 0 rt_node_CHANY_entire_tree_pushes: 101681 total_number_of_adding_all_rt: 528018 total_number_of_adding_high_fanout_rt: 0 total_number_of_adding_all_rt_from_calling_high_fanout_rt: 0 

Attempting to route at 144 channels (binary search bounds: [96, 190])
## Build routing resource graph
SOURCE->OPIN and IPIN->SINK edge count:9099894
OPIN->CHANX/CHANY edge count before creating direct connections: 25935596
OPIN->CHANX/CHANY edge count after creating direct connections: 28696293
CHAN->CHAN type edge count:73591164
## Build routing resource graph took 50.79 seconds (max_rss 12872.6 MiB, delta_rss +0.0 MiB)
  RR Graph Nodes: 15056032
  RR Graph Edges: 111387351
Confirming router algorithm: TIMING_DRIVEN.
## Computing router lookahead map
### Computing wire lookahead
### Computing wire lookahead took 314.14 seconds (max_rss 12872.6 MiB, delta_rss +0.0 MiB)
### Computing src/opin lookahead
### Computing src/opin lookahead took 0.00 seconds (max_rss 12872.6 MiB, delta_rss +0.0 MiB)
## Computing router lookahead map took 314.14 seconds (max_rss 12872.6 MiB, delta_rss +0.0 MiB)
## Initializing router criticalities
Initial Net Connection Criticality Histogram:
[        0:      0.1)  612 (  3.7%) |*******
[      0.1:      0.2)  195 (  1.2%) |**
[      0.2:      0.3)  675 (  4.1%) |********
[      0.3:      0.4)  503 (  3.0%) |******
[      0.4:      0.5)  820 (  4.9%) |**********
[      0.5:      0.6) 1447 (  8.7%) |*****************
[      0.6:      0.7) 2283 ( 13.7%) |***************************
[      0.7:      0.8) 3885 ( 23.4%) |**********************************************
[      0.8:      0.9) 3730 ( 22.4%) |********************************************
[      0.9:        1) 2475 ( 14.9%) |*****************************
## Initializing router criticalities took 0.04 seconds (max_rss 12872.6 MiB, delta_rss +0.0 MiB)
---- ------ ------- ---- ------- ------- ------- ----------------- --------------- -------- ---------- ---------- ---------- ---------- --------
Iter   Time    pres  BBs    Heap  Re-Rtd  Re-Rtd Overused RR Nodes      Wirelength      CPD       sTNS       sWNS       hTNS       hWNS Est Succ
      (sec)     fac Updt    push    Nets   Conns                                       (ns)       (ns)       (ns)       (ns)       (ns)     Iter
---- ------ ------- ---- ------- ------- ------- ----------------- --------------- -------- ---------- ---------- ---------- ---------- --------
   1    0.5     0.0    0 7275077   11517   16064   15559 ( 0.103%)  501644 ( 2.5%)   29.287 -4.845e+04    -29.287      0.000      0.000      N/A
   2    0.5     0.5   38 6729538    9573   14040    5056 ( 0.034%)  501349 ( 2.5%)   29.310 -4.852e+04    -29.310      0.000      0.000      N/A
   3    0.3     0.6    9 4031583    4756    7737    2824 ( 0.019%)  501927 ( 2.5%)   29.299 -4.858e+04    -29.299      0.000      0.000      N/A
   4    0.3     0.8   17 3010203    3172    5454    1562 ( 0.010%)  501919 ( 2.5%)   29.311 -4.858e+04    -29.311      0.000      0.000      N/A
   5    0.2     1.1    8 2041909    1961    3609     747 ( 0.005%)  502165 ( 2.5%)   29.311 -4.860e+04    -29.311      0.000      0.000      N/A
   6    0.1     1.4    3 1152221    1021    2038     331 ( 0.002%)  502378 ( 2.5%)   29.311 -4.860e+04    -29.311      0.000      0.000      N/A
   7    0.1     1.9    2  599359     468    1047     122 ( 0.001%)  502437 ( 2.5%)   29.311 -4.861e+04    -29.311      0.000      0.000      N/A
   8    0.1     2.4    0  264924     192     456      50 ( 0.000%)  502478 ( 2.5%)   29.311 -4.861e+04    -29.311      0.000      0.000      N/A
   9    0.1     3.1    0   95162      75     176      22 ( 0.000%)  502482 ( 2.5%)   29.311 -4.861e+04    -29.311      0.000      0.000      N/A
  10    0.1     4.1    0   38335      38      78      12 ( 0.000%)  502498 ( 2.5%)   29.311 -4.861e+04    -29.311      0.000      0.000       12
  11    0.1     5.3    0   26679      21      52       4 ( 0.000%)  502564 ( 2.5%)   29.311 -4.861e+04    -29.311      0.000      0.000       13
  12    0.1     6.9    0    8709       7      19       2 ( 0.000%)  502564 ( 2.5%)   29.311 -4.861e+04    -29.311      0.000      0.000       13
  13    0.1     9.0    0    4944       4       9       2 ( 0.000%)  502564 ( 2.5%)   29.311 -4.861e+04    -29.311      0.000      0.000       13
  14    0.1    11.6    0    5045       4      11       1 ( 0.000%)  502568 ( 2.5%)   29.311 -4.861e+04    -29.311      0.000      0.000       13
  15    0.1    15.1    0    5618       2       6       0 ( 0.000%)  502568 ( 2.5%)   29.311 -4.861e+04    -29.311      0.000      0.000       14
Restoring best routing
Critical path: 29.3111 ns
Successfully routed after 15 routing iterations.
Final Net Connection Criticality Histogram:
[        0:      0.1)  620 (  3.7%) |*******
[      0.1:      0.2)  215 (  1.3%) |***
[      0.2:      0.3)  356 (  2.1%) |****
[      0.3:      0.4)  899 (  5.4%) |***********
[      0.4:      0.5)  934 (  5.6%) |***********
[      0.5:      0.6) 1605 (  9.7%) |*******************
[      0.6:      0.7) 2913 ( 17.5%) |**********************************
[      0.7:      0.8) 3806 ( 22.9%) |********************************************
[      0.8:      0.9) 3935 ( 23.7%) |**********************************************
[      0.9:        1) 1342 (  8.1%) |****************
Router Stats: total_nets_routed: 32811 total_connections_routed: 50796 total_heap_pushes: 25289306 total_heap_pops: 3469575 total_internal_heap_pushes: 0 total_internal_heap_pops: 0 total_external_heap_pushes: 25289306 total_external_heap_pops: 3469575 total_external_SOURCE_pushes: 50796 total_external_SOURCE_pops: 49956 total_internal_SOURCE_pushes: 0 total_internal_SOURCE_pops: 0 rt_node_SOURCE_pushes: 50796 rt_node_SOURCE_high_fanout_pushes: 0 rt_node_SOURCE_entire_tree_pushes: 50796 total_external_SINK_pushes: 202821 total_external_SINK_pops: 184374 total_internal_SINK_pushes: 0 total_internal_SINK_pops: 0 rt_node_SINK_pushes: 0 rt_node_SINK_high_fanout_pushes: 0 rt_node_SINK_entire_tree_pushes: 0 total_external_IPIN_pushes: 212648 total_external_IPIN_pops: 202863 total_internal_IPIN_pushes: 0 total_internal_IPIN_pops: 0 rt_node_IPIN_pushes: 0 rt_node_IPIN_high_fanout_pushes: 0 rt_node_IPIN_entire_tree_pushes: 0 total_external_OPIN_pushes: 1813023 total_external_OPIN_pops: 1718991 total_internal_OPIN_pushes: 0 total_internal_OPIN_pops: 0 rt_node_OPIN_pushes: 21434 rt_node_OPIN_high_fanout_pushes: 0 rt_node_OPIN_entire_tree_pushes: 21434 total_external_CHANX_pushes: 11513730 total_external_CHANX_pops: 731566 total_internal_CHANX_pushes: 0 total_internal_CHANX_pops: 0 rt_node_CHANX_pushes: 29312 rt_node_CHANX_high_fanout_pushes: 0 rt_node_CHANX_entire_tree_pushes: 29312 total_external_CHANY_pushes: 11496288 total_external_CHANY_pops: 581825 total_internal_CHANY_pushes: 0 total_internal_CHANY_pops: 0 rt_node_CHANY_pushes: 35403 rt_node_CHANY_high_fanout_pushes: 0 rt_node_CHANY_entire_tree_pushes: 35403 total_number_of_adding_all_rt: 191805 total_number_of_adding_high_fanout_rt: 0 total_number_of_adding_all_rt_from_calling_high_fanout_rt: 0 

Attempting to route at 120 channels (binary search bounds: [96, 144])
## Build routing resource graph
SOURCE->OPIN and IPIN->SINK edge count:9099894
OPIN->CHANX/CHANY edge count before creating direct connections: 21686096
OPIN->CHANX/CHANY edge count after creating direct connections: 24446793
CHAN->CHAN type edge count:61346868
## Build routing resource graph took 42.51 seconds (max_rss 12872.6 MiB, delta_rss +0.0 MiB)
  RR Graph Nodes: 14325104
  RR Graph Edges: 94893555
Confirming router algorithm: TIMING_DRIVEN.
## Computing router lookahead map
### Computing wire lookahead
### Computing wire lookahead took 273.56 seconds (max_rss 12872.6 MiB, delta_rss +0.0 MiB)
### Computing src/opin lookahead
### Computing src/opin lookahead took 0.00 seconds (max_rss 12872.6 MiB, delta_rss +0.0 MiB)
## Computing router lookahead map took 273.56 seconds (max_rss 12872.6 MiB, delta_rss +0.0 MiB)
## Initializing router criticalities
Initial Net Connection Criticality Histogram:
[        0:      0.1)  612 (  3.7%) |*******
[      0.1:      0.2)  195 (  1.2%) |**
[      0.2:      0.3)  674 (  4.1%) |********
[      0.3:      0.4)  501 (  3.0%) |******
[      0.4:      0.5)  818 (  4.9%) |**********
[      0.5:      0.6) 1450 (  8.7%) |*****************
[      0.6:      0.7) 2283 ( 13.7%) |***************************
[      0.7:      0.8) 3866 ( 23.3%) |**********************************************
[      0.8:      0.9) 3730 ( 22.4%) |********************************************
[      0.9:        1) 2496 ( 15.0%) |******************************
## Initializing router criticalities took 0.04 seconds (max_rss 12872.6 MiB, delta_rss +0.0 MiB)
---- ------ ------- ---- ------- ------- ------- ----------------- --------------- -------- ---------- ---------- ---------- ---------- --------
Iter   Time    pres  BBs    Heap  Re-Rtd  Re-Rtd Overused RR Nodes      Wirelength      CPD       sTNS       sWNS       hTNS       hWNS Est Succ
      (sec)     fac Updt    push    Nets   Conns                                       (ns)       (ns)       (ns)       (ns)       (ns)     Iter
---- ------ ------- ---- ------- ------- ------- ----------------- --------------- -------- ---------- ---------- ---------- ---------- --------
   1    0.5     0.0    0 6408790   11517   16064   16373 ( 0.114%)  504469 ( 3.1%)   29.314 -4.841e+04    -29.314      0.000      0.000      N/A
   2    0.5     0.5   92 6201929   10130   14627    6560 ( 0.046%)  503680 ( 3.1%)   28.953 -4.847e+04    -28.953      0.000      0.000      N/A
   3    0.4     0.6   23 4584529    6060    9548    4580 ( 0.032%)  504308 ( 3.1%)   28.967 -4.850e+04    -28.967      0.000      0.000      N/A
   4    0.4     0.8   38 4066743    4731    7803    3182 ( 0.022%)  504104 ( 3.1%)   28.942 -4.850e+04    -28.942      0.000      0.000      N/A
   5    0.3     1.1   22 3511274    3739    6567    1988 ( 0.014%)  504574 ( 3.1%)   29.288 -4.851e+04    -29.288      0.000      0.000      N/A
   6    0.3     1.4    9 2731803    2741    5165    1288 ( 0.009%)  504671 ( 3.1%)   29.278 -4.854e+04    -29.278      0.000      0.000      N/A
   7    0.2     1.9    7 1898864    1797    3623     718 ( 0.005%)  505054 ( 3.1%)   29.277 -4.853e+04    -29.277      0.000      0.000      N/A
   8    0.2     2.4    2 1306837    1148    2475     399 ( 0.003%)  505361 ( 3.1%)   29.290 -4.854e+04    -29.290      0.000      0.000      N/A
   9    0.1     3.1    4  858366     715    1607     218 ( 0.002%)  505682 ( 3.1%)   29.291 -4.854e+04    -29.291      0.000      0.000      N/A
  10    0.1     4.1    6  587516     437    1039     115 ( 0.001%)  505879 ( 3.1%)   29.291 -4.855e+04    -29.291      0.000      0.000       19
  11    0.1     5.3    5  481972     290     749      61 ( 0.000%)  506088 ( 3.1%)   29.303 -4.855e+04    -29.303      0.000      0.000       18
  12    0.1     6.9    4  310011     202     549      31 ( 0.000%)  506254 ( 3.1%)   29.303 -4.855e+04    -29.303      0.000      0.000       18
  13    0.1     9.0    1  217523     151     443      16 ( 0.000%)  506318 ( 3.1%)   29.303 -4.855e+04    -29.303      0.000      0.000       18
  14    0.1    11.6    1  252683     132     401       8 ( 0.000%)  506382 ( 3.1%)   29.303 -4.855e+04    -29.303      0.000      0.000       17
  15    0.1    15.1    1  167988     116     362       5 ( 0.000%)  506400 ( 3.1%)   29.303 -4.855e+04    -29.303      0.000      0.000       17
  16    0.1    19.7    1  158586     110     350       2 ( 0.000%)  506440 ( 3.1%)   29.303 -4.855e+04    -29.303      0.000      0.000       17
  17    0.1    25.6    2  153276     108     344       1 ( 0.000%)  506432 ( 3.1%)   29.303 -4.855e+04    -29.303      0.000      0.000       17
  18    0.1    33.3    0  148605     106     342       1 ( 0.000%)  506436 ( 3.1%)   29.303 -4.855e+04    -29.303      0.000      0.000       17
  19    0.1    43.3    0  144516     105     340       2 ( 0.000%)  506444 ( 3.1%)   29.303 -4.855e+04    -29.303      0.000      0.000       17
  20    0.1    56.2    1  138150     106     342       0 ( 0.000%)  506444 ( 3.1%)   29.303 -4.855e+04    -29.303      0.000      0.000       18
Restoring best routing
Critical path: 29.3034 ns
Successfully routed after 20 routing iterations.
Final Net Connection Criticality Histogram:
[        0:      0.1)  620 (  3.7%) |*******
[      0.1:      0.2)  211 (  1.3%) |**
[      0.2:      0.3)  353 (  2.1%) |****
[      0.3:      0.4)  906 (  5.4%) |***********
[      0.4:      0.5)  929 (  5.6%) |***********
[      0.5:      0.6) 1617 (  9.7%) |*******************
[      0.6:      0.7) 2891 ( 17.4%) |**********************************
[      0.7:      0.8) 3821 ( 23.0%) |********************************************
[      0.8:      0.9) 3966 ( 23.9%) |**********************************************
[      0.9:        1) 1311 (  7.9%) |***************
Router Stats: total_nets_routed: 44441 total_connections_routed: 72740 total_heap_pushes: 34329961 total_heap_pops: 5448303 total_internal_heap_pushes: 0 total_internal_heap_pops: 0 total_external_heap_pushes: 34329961 total_external_heap_pops: 5448303 total_external_SOURCE_pushes: 72740 total_external_SOURCE_pops: 71639 total_internal_SOURCE_pushes: 0 total_internal_SOURCE_pops: 0 rt_node_SOURCE_pushes: 72740 rt_node_SOURCE_high_fanout_pushes: 0 rt_node_SOURCE_entire_tree_pushes: 72740 total_external_SINK_pushes: 279129 total_external_SINK_pops: 244204 total_internal_SINK_pushes: 0 total_internal_SINK_pops: 0 rt_node_SINK_pushes: 0 rt_node_SINK_high_fanout_pushes: 0 rt_node_SINK_entire_tree_pushes: 0 total_external_IPIN_pushes: 300001 total_external_IPIN_pops: 279230 total_internal_IPIN_pushes: 0 total_internal_IPIN_pops: 0 rt_node_IPIN_pushes: 0 rt_node_IPIN_high_fanout_pushes: 0 rt_node_IPIN_entire_tree_pushes: 0 total_external_OPIN_pushes: 2644331 total_external_OPIN_pops: 2507826 total_internal_OPIN_pushes: 0 total_internal_OPIN_pops: 0 rt_node_OPIN_pushes: 36248 rt_node_OPIN_high_fanout_pushes: 0 rt_node_OPIN_entire_tree_pushes: 36248 total_external_CHANX_pushes: 15686893 total_external_CHANX_pops: 1259960 total_internal_CHANX_pushes: 0 total_internal_CHANX_pops: 0 rt_node_CHANX_pushes: 52210 rt_node_CHANX_high_fanout_pushes: 0 rt_node_CHANX_entire_tree_pushes: 52210 total_external_CHANY_pushes: 15346867 total_external_CHANY_pops: 1085444 total_internal_CHANY_pushes: 0 total_internal_CHANY_pops: 0 rt_node_CHANY_pushes: 58987 rt_node_CHANY_high_fanout_pushes: 0 rt_node_CHANY_entire_tree_pushes: 58987 total_number_of_adding_all_rt: 310059 total_number_of_adding_high_fanout_rt: 0 total_number_of_adding_all_rt_from_calling_high_fanout_rt: 0 

Attempting to route at 108 channels (binary search bounds: [96, 120])
## Build routing resource graph
SOURCE->OPIN and IPIN->SINK edge count:9099894
OPIN->CHANX/CHANY edge count before creating direct connections: 19765872
OPIN->CHANX/CHANY edge count after creating direct connections: 22526569
CHAN->CHAN type edge count:55261036
## Build routing resource graph took 39.08 seconds (max_rss 12872.6 MiB, delta_rss +0.0 MiB)
  RR Graph Nodes: 13959632
  RR Graph Edges: 86887499
Confirming router algorithm: TIMING_DRIVEN.
## Computing router lookahead map
### Computing wire lookahead
### Computing wire lookahead took 243.90 seconds (max_rss 12872.6 MiB, delta_rss +0.0 MiB)
### Computing src/opin lookahead
### Computing src/opin lookahead took 0.00 seconds (max_rss 12872.6 MiB, delta_rss +0.0 MiB)
## Computing router lookahead map took 243.90 seconds (max_rss 12872.6 MiB, delta_rss +0.0 MiB)
## Initializing router criticalities
Initial Net Connection Criticality Histogram:
[        0:      0.1)  612 (  3.7%) |*******
[      0.1:      0.2)  195 (  1.2%) |**
[      0.2:      0.3)  674 (  4.1%) |********
[      0.3:      0.4)  505 (  3.0%) |******
[      0.4:      0.5)  819 (  4.9%) |**********
[      0.5:      0.6) 1445 (  8.7%) |*****************
[      0.6:      0.7) 2285 ( 13.7%) |***************************
[      0.7:      0.8) 3885 ( 23.4%) |**********************************************
[      0.8:      0.9) 3730 ( 22.4%) |********************************************
[      0.9:        1) 2475 ( 14.9%) |*****************************
## Initializing router criticalities took 0.04 seconds (max_rss 12872.6 MiB, delta_rss +0.0 MiB)
---- ------ ------- ---- ------- ------- ------- ----------------- --------------- -------- ---------- ---------- ---------- ---------- --------
Iter   Time    pres  BBs    Heap  Re-Rtd  Re-Rtd Overused RR Nodes      Wirelength      CPD       sTNS       sWNS       hTNS       hWNS Est Succ
      (sec)     fac Updt    push    Nets   Conns                                       (ns)       (ns)       (ns)       (ns)       (ns)     Iter
---- ------ ------- ---- ------- ------- ------- ----------------- --------------- -------- ---------- ---------- ---------- ---------- --------
   1    0.4     0.0    0 6031185   11517   16064   16477 ( 0.118%)  502424 ( 3.4%)   29.249 -4.852e+04    -29.249      0.000      0.000      N/A
   2    0.5     0.5   62 5896492   10143   14646    7431 ( 0.053%)  501823 ( 3.4%)   29.373 -4.860e+04    -29.373      0.000      0.000      N/A
   3    0.4     0.6   18 4793343    6664   10378    5759 ( 0.041%)  501900 ( 3.4%)   29.390 -4.864e+04    -29.390      0.000      0.000      N/A
   4    0.4     0.8   16 4606973    5781    9386    4368 ( 0.031%)  502520 ( 3.4%)   29.394 -4.868e+04    -29.394      0.000      0.000      N/A
   5    0.4     1.1   13 4219355    4705    8034    2829 ( 0.020%)  502809 ( 3.4%)   29.412 -4.869e+04    -29.412      0.000      0.000      N/A
   6    0.3     1.4   14 3271764    3446    6238    1939 ( 0.014%)  503286 ( 3.4%)   29.413 -4.871e+04    -29.413      0.000      0.000      N/A
   7    0.3     1.9   10 2730259    2612    4980    1250 ( 0.009%)  503933 ( 3.4%)   29.399 -4.872e+04    -29.399      0.000      0.000      N/A
   8    0.2     2.4   18 2248330    1892    3733     895 ( 0.006%)  504378 ( 3.4%)   29.416 -4.874e+04    -29.416      0.000      0.000      N/A
   9    0.2     3.1   11 2104985    1424    2908     604 ( 0.004%)  505090 ( 3.4%)   29.419 -4.876e+04    -29.419      0.000      0.000      N/A
  10    0.2     4.1   13 1580869    1063    2228     409 ( 0.003%)  505621 ( 3.4%)   29.409 -4.876e+04    -29.409      0.000      0.000       26
  11    0.2     5.3   15 1405136     762    1675     248 ( 0.002%)  506186 ( 3.4%)   29.411 -4.877e+04    -29.411      0.000      0.000       26
  12    0.2     6.9   24 1392797     531    1231     168 ( 0.001%)  506742 ( 3.4%)   29.411 -4.878e+04    -29.411      0.000      0.000       25
  13    0.4     9.0    7 2339573     392     951     100 ( 0.001%)  507221 ( 3.4%)   29.409 -4.878e+04    -29.409      0.000      0.000       25
  14    0.4    11.6   11 2119774     308     769      53 ( 0.000%)  507515 ( 3.4%)   29.409 -4.878e+04    -29.409      0.000      0.000       24
  15    0.1    15.1   14  592282     234     617      33 ( 0.000%)  507718 ( 3.4%)   29.409 -4.879e+04    -29.409      0.000      0.000       23
  16    0.2    19.7    5  791776     198     538      23 ( 0.000%)  507840 ( 3.4%)   29.409 -4.879e+04    -29.409      0.000      0.000       23
  17    1.2    25.6    2 3863679     186     513      15 ( 0.000%)  507964 ( 3.4%)   29.409 -4.879e+04    -29.409      0.000      0.000       22
  18    0.2    33.3    2  921181     176     480      14 ( 0.000%)  508019 ( 3.4%)   29.409 -4.880e+04    -29.409      0.000      0.000       23
  19    0.2    43.3    1  774414     164     459       9 ( 0.000%)  508114 ( 3.4%)   29.409 -4.880e+04    -29.409      0.000      0.000       23
  20    0.1    56.2    3  183108     157     445       2 ( 0.000%)  508211 ( 3.4%)   29.409 -4.880e+04    -29.409      0.000      0.000       24
  21    0.1    73.1    1  157401     148     430       1 ( 0.000%)  508251 ( 3.4%)   29.409 -4.880e+04    -29.409      0.000      0.000       23
  22    0.1    95.0    1  152267     147     426       0 ( 0.000%)  508319 ( 3.4%)   29.409 -4.880e+04    -29.409      0.000      0.000       22
Restoring best routing
Critical path: 29.4092 ns
Successfully routed after 22 routing iterations.
Final Net Connection Criticality Histogram:
[        0:      0.1)  614 (  3.7%) |*******
[      0.1:      0.2)  210 (  1.3%) |**
[      0.2:      0.3)  356 (  2.1%) |****
[      0.3:      0.4)  906 (  5.4%) |**********
[      0.4:      0.5)  931 (  5.6%) |***********
[      0.5:      0.6) 1607 (  9.7%) |*******************
[      0.6:      0.7) 2929 ( 17.6%) |**********************************
[      0.7:      0.8) 3808 ( 22.9%) |********************************************
[      0.8:      0.9) 3973 ( 23.9%) |**********************************************
[      0.9:        1) 1291 (  7.8%) |***************
Router Stats: total_nets_routed: 52650 total_connections_routed: 87129 total_heap_pushes: 52176943 total_heap_pops: 11916866 total_internal_heap_pushes: 0 total_internal_heap_pops: 0 total_external_heap_pushes: 52176943 total_external_heap_pops: 11916866 total_external_SOURCE_pushes: 87129 total_external_SOURCE_pops: 85838 total_internal_SOURCE_pushes: 0 total_internal_SOURCE_pops: 0 rt_node_SOURCE_pushes: 87129 rt_node_SOURCE_high_fanout_pushes: 0 rt_node_SOURCE_entire_tree_pushes: 87129 total_external_SINK_pushes: 355465 total_external_SINK_pops: 311277 total_internal_SINK_pushes: 0 total_internal_SINK_pops: 0 rt_node_SINK_pushes: 0 rt_node_SINK_high_fanout_pushes: 0 rt_node_SINK_entire_tree_pushes: 0 total_external_IPIN_pushes: 384522 total_external_IPIN_pops: 355578 total_internal_IPIN_pushes: 0 total_internal_IPIN_pops: 0 rt_node_IPIN_pushes: 0 rt_node_IPIN_high_fanout_pushes: 0 rt_node_IPIN_entire_tree_pushes: 0 total_external_OPIN_pushes: 3191756 total_external_OPIN_pops: 3023253 total_internal_OPIN_pushes: 0 total_internal_OPIN_pops: 0 rt_node_OPIN_pushes: 44122 rt_node_OPIN_high_fanout_pushes: 0 rt_node_OPIN_entire_tree_pushes: 44122 total_external_CHANX_pushes: 23927740 total_external_CHANX_pops: 4307918 total_internal_CHANX_pushes: 0 total_internal_CHANX_pops: 0 rt_node_CHANX_pushes: 64654 rt_node_CHANX_high_fanout_pushes: 0 rt_node_CHANX_entire_tree_pushes: 64654 total_external_CHANY_pushes: 24230331 total_external_CHANY_pops: 3833002 total_internal_CHANY_pushes: 0 total_internal_CHANY_pops: 0 rt_node_CHANY_pushes: 70122 rt_node_CHANY_high_fanout_pushes: 0 rt_node_CHANY_entire_tree_pushes: 70122 total_number_of_adding_all_rt: 374627 total_number_of_adding_high_fanout_rt: 0 total_number_of_adding_all_rt_from_calling_high_fanout_rt: 0 

Attempting to route at 102 channels (binary search bounds: [96, 108])
## Build routing resource graph
SOURCE->OPIN and IPIN->SINK edge count:9099894
OPIN->CHANX/CHANY edge count before creating direct connections: 18394384
OPIN->CHANX/CHANY edge count after creating direct connections: 21155081
CHAN->CHAN type edge count:52081652
## Build routing resource graph took 37.26 seconds (max_rss 12872.6 MiB, delta_rss +0.0 MiB)
  RR Graph Nodes: 13751250
  RR Graph Edges: 82336627
Confirming router algorithm: TIMING_DRIVEN.
## Computing router lookahead map
### Computing wire lookahead
### Computing wire lookahead took 228.56 seconds (max_rss 12872.6 MiB, delta_rss +0.0 MiB)
### Computing src/opin lookahead
### Computing src/opin lookahead took 0.00 seconds (max_rss 12872.6 MiB, delta_rss +0.0 MiB)
## Computing router lookahead map took 228.56 seconds (max_rss 12872.6 MiB, delta_rss +0.0 MiB)
## Initializing router criticalities
Initial Net Connection Criticality Histogram:
[        0:      0.1)  612 (  3.7%) |*******
[      0.1:      0.2)  195 (  1.2%) |**
[      0.2:      0.3)  673 (  4.0%) |********
[      0.3:      0.4)  503 (  3.0%) |******
[      0.4:      0.5)  820 (  4.9%) |**********
[      0.5:      0.6) 1446 (  8.7%) |*****************
[      0.6:      0.7) 2286 ( 13.8%) |***************************
[      0.7:      0.8) 3878 ( 23.3%) |**********************************************
[      0.8:      0.9) 3719 ( 22.4%) |********************************************
[      0.9:        1) 2493 ( 15.0%) |******************************
## Initializing router criticalities took 0.04 seconds (max_rss 12872.6 MiB, delta_rss +0.0 MiB)
---- ------ ------- ---- ------- ------- ------- ----------------- --------------- -------- ---------- ---------- ---------- ---------- --------
Iter   Time    pres  BBs    Heap  Re-Rtd  Re-Rtd Overused RR Nodes      Wirelength      CPD       sTNS       sWNS       hTNS       hWNS Est Succ
      (sec)     fac Updt    push    Nets   Conns                                       (ns)       (ns)       (ns)       (ns)       (ns)     Iter
---- ------ ------- ---- ------- ------- ------- ----------------- --------------- -------- ---------- ---------- ---------- ---------- --------
   1    0.4     0.0    0 5751058   11517   16064   17274 ( 0.126%)  503302 ( 3.6%)   29.480 -4.866e+04    -29.480      0.000      0.000      N/A
   2    0.4     0.5   79 5524364   10141   14642    8121 ( 0.059%)  502227 ( 3.6%)   29.495 -4.872e+04    -29.495      0.000      0.000      N/A
   3    0.4     0.6   19 4589106    7193   11049    6659 ( 0.048%)  502706 ( 3.6%)   29.517 -4.878e+04    -29.517      0.000      0.000      N/A
   4    0.4     0.8   19 4673461    6283   10076    5115 ( 0.037%)  503677 ( 3.6%)   29.495 -4.885e+04    -29.495      0.000      0.000      N/A
   5    0.4     1.1   26 4322509    5251    8812    3430 ( 0.025%)  503979 ( 3.6%)   29.518 -4.886e+04    -29.518      0.000      0.000      N/A
   6    0.4     1.4   18 3868425    4116    7210    2391 ( 0.017%)  504740 ( 3.6%)   29.528 -4.889e+04    -29.528      0.000      0.000      N/A
   7    0.4     1.9   25 3848343    3161    5818    1707 ( 0.012%)  505569 ( 3.6%)   29.527 -4.890e+04    -29.527      0.000      0.000      N/A
   8    0.6     2.4   16 4859999    2428    4569    1240 ( 0.009%)  506267 ( 3.6%)   29.526 -4.891e+04    -29.526      0.000      0.000      N/A
   9    0.4     3.1   21 3388880    1831    3587     923 ( 0.007%)  507347 ( 3.6%)   29.528 -4.892e+04    -29.528      0.000      0.000      N/A
  10    0.8     4.1   28 5231292    1398    2755     687 ( 0.005%)  508192 ( 3.6%)   29.526 -4.895e+04    -29.526      0.000      0.000       30
  11    0.8     5.3   34 4767340    1105    2231     551 ( 0.004%)  508894 ( 3.6%)   29.528 -4.896e+04    -29.528      0.000      0.000       31
  12    2.9     6.9   28 9857771     834    1727     398 ( 0.003%)  509824 ( 3.6%)   29.526 -4.899e+04    -29.526      0.000      0.000       32
  13   14.5     9.0   36 3.5e+07     638    1322     309 ( 0.002%)  510745 ( 3.6%)   29.526 -4.901e+04    -29.526      0.000      0.000       33
  14   10.1    11.6   21 2.5e+07     520    1123     233 ( 0.002%)  511721 ( 3.7%)   29.526 -4.904e+04    -29.526      0.000      0.000       33
  15   34.8    15.1   30 7.5e+07     388     851     166 ( 0.001%)  512617 ( 3.7%)   29.526 -4.908e+04    -29.526      0.000      0.000       34
  16   17.4    19.7   18 3.6e+07     274     629     127 ( 0.001%)  513035 ( 3.7%)   29.526 -4.910e+04    -29.526      0.000      0.000       33
  17   25.8    25.6   12 5.3e+07     232     509     104 ( 0.001%)  513540 ( 3.7%)   29.526 -4.918e+04    -29.526      0.000      0.000       33
  18   12.4    33.3   19 2.6e+07     167     374      73 ( 0.001%)  513887 ( 3.7%)   29.526 -4.921e+04    -29.526      0.000      0.000       33
  19   14.0    43.3   12 3.0e+07     136     298      66 ( 0.000%)  514311 ( 3.7%)   29.526 -4.924e+04    -29.526      0.000      0.000       33
  20    9.5    56.2   14 2.1e+07     116     268      52 ( 0.000%)  514715 ( 3.7%)   29.526 -4.944e+04    -29.526      0.000      0.000       34
  21   10.4    73.1   11 2.2e+07      89     206      46 ( 0.000%)  514962 ( 3.7%)   29.526 -4.944e+04    -29.526      0.000      0.000       35
  22   10.8    95.0    5 2.4e+07      79     183      38 ( 0.000%)  515150 ( 3.7%)   29.526 -4.946e+04    -29.526      0.000      0.000       35
  23    6.2   123.5    6 1.4e+07      64     149      27 ( 0.000%)  515183 ( 3.7%)   29.752 -4.951e+04    -29.752      0.000      0.000       37
  24   12.6   160.6    7 2.4e+07     155     447      22 ( 0.000%)  515180 ( 3.7%)   29.752 -4.952e+04    -29.752      0.000      0.000       37
  25   12.8   208.8    5 2.5e+07     149     429      19 ( 0.000%)  515169 ( 3.7%)   29.752 -4.951e+04    -29.752      0.000      0.000       37
  26    0.7   271.4    1 2304080     141     415      15 ( 0.000%)  515278 ( 3.7%)   29.752 -4.952e+04    -29.752      0.000      0.000       38
  27   11.6   352.8    3 2.3e+07     142     410      14 ( 0.000%)  515433 ( 3.7%)   29.752 -4.954e+04    -29.752      0.000      0.000       38
  28    3.1   458.7    8 7875552     134     398      11 ( 0.000%)  515325 ( 3.7%)   29.752 -4.954e+04    -29.752      0.000      0.000       39
  29    8.4   596.3    3 1.6e+07     134     401      10 ( 0.000%)  515389 ( 3.7%)   29.752 -4.954e+04    -29.752      0.000      0.000       39
  30    3.7   775.1    3 7539980     130     394      10 ( 0.000%)  515446 ( 3.7%)   29.752 -4.953e+04    -29.752      0.000      0.000       40
  31    3.1  1007.7    3 7712051     129     390       7 ( 0.000%)  515413 ( 3.7%)   29.752 -4.954e+04    -29.752      0.000      0.000       41
  32    3.2  1310.0    0 8071907     122     378       7 ( 0.000%)  515494 ( 3.7%)   29.752 -4.954e+04    -29.752      0.000      0.000       41
  33    0.1  1703.0    1  175711     123     380       8 ( 0.000%)  515526 ( 3.7%)   29.752 -4.954e+04    -29.752      0.000      0.000       42
  34    1.8  2213.9    1 5507602     125     386       5 ( 0.000%)  515538 ( 3.7%)   29.752 -4.954e+04    -29.752      0.000      0.000       43
  35    2.6  2878.1    0 8197568     123     383       7 ( 0.000%)  515662 ( 3.7%)   29.752 -4.958e+04    -29.752      0.000      0.000       43
  36    0.9  3741.5    3 2646032     124     388       4 ( 0.000%)  515630 ( 3.7%)   29.752 -4.966e+04    -29.752      0.000      0.000       45
  37    0.1  4863.9    0  177509     122     380       4 ( 0.000%)  515666 ( 3.7%)   29.752 -4.969e+04    -29.752      0.000      0.000       45
  38    0.1  6323.1    1  209567     120     377       2 ( 0.000%)  515658 ( 3.7%)   29.752 -4.969e+04    -29.752      0.000      0.000       45
  39    0.1  8220.0    0  170917     117     369       2 ( 0.000%)  515654 ( 3.7%)   29.752 -4.969e+04    -29.752      0.000      0.000       45
  40    1.3 10686.0    0 3758962     117     369       2 ( 0.000%)  515654 ( 3.7%)   29.752 -4.969e+04    -29.752      0.000      0.000       44
  41    0.1 13891.9    0  167219     116     367       1 ( 0.000%)  515682 ( 3.7%)   29.752 -4.957e+04    -29.752      0.000      0.000       45
  42    0.1 18059.4    0  155567     113     359       1 ( 0.000%)  515678 ( 3.7%)   29.752 -4.957e+04    -29.752      0.000      0.000       44
  43    0.1 23477.2    0  157999     112     359       0 ( 0.000%)  515698 ( 3.7%)   29.752 -4.957e+04    -29.752      0.000      0.000       44
Restoring best routing
Critical path: 29.7523 ns
Successfully routed after 43 routing iterations.
Final Net Connection Criticality Histogram:
[        0:      0.1)  612 (  3.7%) |*******
[      0.1:      0.2)  219 (  1.3%) |***
[      0.2:      0.3)  356 (  2.1%) |****
[      0.3:      0.4)  901 (  5.4%) |***********
[      0.4:      0.5)  961 (  5.8%) |***********
[      0.5:      0.6) 1636 (  9.8%) |*******************
[      0.6:      0.7) 2885 ( 17.4%) |**********************************
[      0.7:      0.8) 3929 ( 23.6%) |**********************************************
[      0.8:      0.9) 3944 ( 23.7%) |**********************************************
[      0.9:        1) 1182 (  7.1%) |**************
Router Stats: total_nets_routed: 60509 total_connections_routed: 102231 total_heap_pushes: 563347560 total_heap_pops: 410724633 total_internal_heap_pushes: 0 total_internal_heap_pops: 0 total_external_heap_pushes: 563347560 total_external_heap_pops: 410724633 total_external_SOURCE_pushes: 102231 total_external_SOURCE_pops: 100778 total_internal_SOURCE_pushes: 0 total_internal_SOURCE_pops: 0 rt_node_SOURCE_pushes: 102231 rt_node_SOURCE_high_fanout_pushes: 0 rt_node_SOURCE_entire_tree_pushes: 102231 total_external_SINK_pushes: 403643 total_external_SINK_pops: 339805 total_internal_SINK_pushes: 0 total_internal_SINK_pops: 0 rt_node_SINK_pushes: 0 rt_node_SINK_high_fanout_pushes: 0 rt_node_SINK_entire_tree_pushes: 0 total_external_IPIN_pushes: 443996 total_external_IPIN_pops: 404179 total_internal_IPIN_pushes: 0 total_internal_IPIN_pops: 0 rt_node_IPIN_pushes: 0 rt_node_IPIN_high_fanout_pushes: 0 rt_node_IPIN_entire_tree_pushes: 0 total_external_OPIN_pushes: 3768797 total_external_OPIN_pops: 3455502 total_internal_OPIN_pushes: 0 total_internal_OPIN_pops: 0 rt_node_OPIN_pushes: 54867 rt_node_OPIN_high_fanout_pushes: 0 rt_node_OPIN_entire_tree_pushes: 54867 total_external_CHANX_pushes: 278685269 total_external_CHANX_pops: 202574927 total_internal_CHANX_pushes: 0 total_internal_CHANX_pops: 0 rt_node_CHANX_pushes: 86446 rt_node_CHANX_high_fanout_pushes: 0 rt_node_CHANX_entire_tree_pushes: 86446 total_external_CHANY_pushes: 279943624 total_external_CHANY_pops: 203849442 total_internal_CHANY_pushes: 0 total_internal_CHANY_pops: 0 rt_node_CHANY_pushes: 88347 rt_node_CHANY_high_fanout_pushes: 0 rt_node_CHANY_entire_tree_pushes: 88347 total_number_of_adding_all_rt: 466115 total_number_of_adding_high_fanout_rt: 0 total_number_of_adding_all_rt_from_calling_high_fanout_rt: 0 

Attempting to route at 100 channels (binary search bounds: [96, 102])
## Build routing resource graph
SOURCE->OPIN and IPIN->SINK edge count:9099894
OPIN->CHANX/CHANY edge count before creating direct connections: 18103160
OPIN->CHANX/CHANY edge count after creating direct connections: 20863857
CHAN->CHAN type edge count:51371152
## Build routing resource graph took 36.73 seconds (max_rss 12872.6 MiB, delta_rss +0.0 MiB)
  RR Graph Nodes: 13681788
  RR Graph Edges: 81334903
Confirming router algorithm: TIMING_DRIVEN.
## Computing router lookahead map
### Computing wire lookahead
### Computing wire lookahead took 226.17 seconds (max_rss 12872.6 MiB, delta_rss +0.0 MiB)
### Computing src/opin lookahead
### Computing src/opin lookahead took 0.00 seconds (max_rss 12872.6 MiB, delta_rss +0.0 MiB)
## Computing router lookahead map took 226.17 seconds (max_rss 12872.6 MiB, delta_rss +0.0 MiB)
## Initializing router criticalities
Initial Net Connection Criticality Histogram:
[        0:      0.1)  612 (  3.7%) |*******
[      0.1:      0.2)  195 (  1.2%) |**
[      0.2:      0.3)  675 (  4.1%) |********
[      0.3:      0.4)  509 (  3.1%) |******
[      0.4:      0.5)  828 (  5.0%) |**********
[      0.5:      0.6) 1455 (  8.8%) |*****************
[      0.6:      0.7) 2326 ( 14.0%) |***************************
[      0.7:      0.8) 3922 ( 23.6%) |**********************************************
[      0.8:      0.9) 3724 ( 22.4%) |********************************************
[      0.9:        1) 2379 ( 14.3%) |****************************
## Initializing router criticalities took 0.04 seconds (max_rss 12872.6 MiB, delta_rss +0.0 MiB)
---- ------ ------- ---- ------- ------- ------- ----------------- --------------- -------- ---------- ---------- ---------- ---------- --------
Iter   Time    pres  BBs    Heap  Re-Rtd  Re-Rtd Overused RR Nodes      Wirelength      CPD       sTNS       sWNS       hTNS       hWNS Est Succ
      (sec)     fac Updt    push    Nets   Conns                                       (ns)       (ns)       (ns)       (ns)       (ns)     Iter
---- ------ ------- ---- ------- ------- ------- ----------------- --------------- -------- ---------- ---------- ---------- ---------- --------
   1    0.4     0.0    0 5641101   11517   16064   17211 ( 0.126%)  504002 ( 3.7%)   28.864 -4.866e+04    -28.864      0.000      0.000      N/A
   2    0.4     0.5   70 5381415   10219   14727    8597 ( 0.063%)  502915 ( 3.7%)   28.986 -4.872e+04    -28.986      0.000      0.000      N/A
   3    0.4     0.6   17 4557678    7444   11381    7025 ( 0.051%)  503563 ( 3.7%)   29.040 -4.880e+04    -29.040      0.000      0.000      N/A
   4    0.4     0.8   13 4519430    6696   10552    5586 ( 0.041%)  503959 ( 3.7%)   29.046 -4.885e+04    -29.046      0.000      0.000      N/A
   5    0.4     1.1   17 4390700    5778    9520    3862 ( 0.028%)  504397 ( 3.7%)   28.871 -4.885e+04    -28.871      0.000      0.000      N/A
   6    0.4     1.4   10 3941050    4503    7815    2779 ( 0.020%)  505314 ( 3.7%)   28.874 -4.886e+04    -28.874      0.000      0.000      N/A
   7    0.4     1.9   22 3792044    3510    6300    2046 ( 0.015%)  506168 ( 3.7%)   28.887 -4.888e+04    -28.887      0.000      0.000      N/A
   8    0.5     2.4   29 4292402    2790    5174    1581 ( 0.012%)  507154 ( 3.7%)   28.887 -4.890e+04    -28.887      0.000      0.000      N/A
   9    0.5     3.1   32 4145633    2299    4387    1212 ( 0.009%)  508357 ( 3.7%)   28.871 -4.891e+04    -28.871      0.000      0.000      N/A
  10    2.7     4.1   39 1.2e+07    1751    3398     930 ( 0.007%)  509277 ( 3.7%)   28.911 -4.893e+04    -28.911      0.000      0.000       34
  11    3.4     5.3   39 1.4e+07    1709    3377     729 ( 0.005%)  510397 ( 3.7%)   28.890 -4.895e+04    -28.890      0.000      0.000       35
  12    3.4     6.9   46 1.3e+07    1154    2253     581 ( 0.004%)  511920 ( 3.7%)   28.894 -4.897e+04    -28.894      0.000      0.000       36
  13   11.8     9.0   60 3.4e+07     927    1870     449 ( 0.003%)  512897 ( 3.7%)   28.948 -4.901e+04    -28.948      0.000      0.000       37
