#Packing pin usage report
Type: io
	Input Pin Usage:
		Max: 1.00 (0.50)
		Avg: 0.30 (0.15)
		Min: 0.00 (0.00)
		Histogram:
		[        0:      0.2) 146 ( 70.2%) |***********************************************
		[      0.2:      0.4)   0 (  0.0%) |
		[      0.4:      0.6)   0 (  0.0%) |
		[      0.6:      0.8)   0 (  0.0%) |
		[      0.8:        1)  62 ( 29.8%) |********************
		[        1:      1.2)   0 (  0.0%) |
		[      1.2:      1.4)   0 (  0.0%) |
		[      1.4:      1.6)   0 (  0.0%) |
		[      1.6:      1.8)   0 (  0.0%) |
		[      1.8:        2)   0 (  0.0%) |
	Output Pin Usage:
		Max: 1.00 (1.00)
		Avg: 0.70 (0.70)
		Min: 0.00 (0.00)
		Histogram:
		[        0:      0.1)  62 ( 29.8%) |********************
		[      0.1:      0.2)   0 (  0.0%) |
		[      0.2:      0.3)   0 (  0.0%) |
		[      0.3:      0.4)   0 (  0.0%) |
		[      0.4:      0.5)   0 (  0.0%) |
		[      0.5:      0.6)   0 (  0.0%) |
		[      0.6:      0.7)   0 (  0.0%) |
		[      0.7:      0.8)   0 (  0.0%) |
		[      0.8:      0.9)   0 (  0.0%) |
		[      0.9:        1) 146 ( 70.2%) |***********************************************

Type: clb
	Input Pin Usage:
		Max: 25.00 (0.46)
		Avg: 13.31 (0.25)
		Min: 1.00 (0.02)
		Histogram:
		[        0:      5.4)  71 ( 12.2%) |***********
		[      5.4:       11)  59 ( 10.2%) |**********
		[       11:       16) 291 ( 50.2%) |***********************************************
		[       16:       22) 140 ( 24.1%) |***********************
		[       22:       27)  19 (  3.3%) |***
		[       27:       32)   0 (  0.0%) |
		[       32:       38)   0 (  0.0%) |
		[       38:       43)   0 (  0.0%) |
		[       43:       49)   0 (  0.0%) |
		[       49:       54)   0 (  0.0%) |
	Output Pin Usage:
		Max: 19.00 (0.90)
		Avg: 8.17 (0.39)
		Min: 1.00 (0.05)
		Histogram:
		[        0:      2.1)  58 ( 10.0%) |*******************
		[      2.1:      4.2)  24 (  4.1%) |********
		[      4.2:      6.3)  82 ( 14.1%) |**************************
		[      6.3:      8.4) 147 ( 25.3%) |***********************************************
		[      8.4:       10) 135 ( 23.3%) |*******************************************
		[       10:       13)  79 ( 13.6%) |*************************
		[       13:       15)  26 (  4.5%) |********
		[       15:       17)  19 (  3.3%) |******
		[       17:       19)   9 (  1.6%) |***
		[       19:       21)   1 (  0.2%) |

