#Packing pin usage report
Type: io
	Input Pin Usage:
		Max: 1.00 (0.50)
		Avg: 0.30 (0.15)
		Min: 0.00 (0.00)
		Histogram:
		[        0:      0.2) 1840 ( 70.0%) |**********************************************
		[      0.2:      0.4)    0 (  0.0%) |
		[      0.4:      0.6)    0 (  0.0%) |
		[      0.6:      0.8)    0 (  0.0%) |
		[      0.8:        1)  789 ( 30.0%) |********************
		[        1:      1.2)    0 (  0.0%) |
		[      1.2:      1.4)    0 (  0.0%) |
		[      1.4:      1.6)    0 (  0.0%) |
		[      1.6:      1.8)    0 (  0.0%) |
		[      1.8:        2)    0 (  0.0%) |
	Output Pin Usage:
		Max: 1.00 (1.00)
		Avg: 0.70 (0.70)
		Min: 0.00 (0.00)
		Histogram:
		[        0:      0.1)  789 ( 30.0%) |********************
		[      0.1:      0.2)    0 (  0.0%) |
		[      0.2:      0.3)    0 (  0.0%) |
		[      0.3:      0.4)    0 (  0.0%) |
		[      0.4:      0.5)    0 (  0.0%) |
		[      0.5:      0.6)    0 (  0.0%) |
		[      0.6:      0.7)    0 (  0.0%) |
		[      0.7:      0.8)    0 (  0.0%) |
		[      0.8:      0.9)    0 (  0.0%) |
		[      0.9:        1) 1840 ( 70.0%) |**********************************************

Type: clb
	Input Pin Usage:
		Max: 43.00 (0.80)
		Avg: 32.11 (0.59)
		Min: 3.00 (0.06)
		Histogram:
		[        0:      5.4)  16 (  7.0%) |*******
		[      5.4:       11)   7 (  3.1%) |***
		[       11:       16)   0 (  0.0%) |
		[       16:       22)   1 (  0.4%) |
		[       22:       27)   2 (  0.9%) |*
		[       27:       32)  40 ( 17.5%) |*****************
		[       32:       38) 113 ( 49.3%) |***********************************************
		[       38:       43)  50 ( 21.8%) |*********************
		[       43:       49)   0 (  0.0%) |
		[       49:       54)   0 (  0.0%) |
	Output Pin Usage:
		Max: 19.00 (0.90)
		Avg: 12.26 (0.58)
		Min: 1.00 (0.05)
		Histogram:
		[        0:      2.1) 21 (  9.2%) |*****************
		[      2.1:      4.2)  2 (  0.9%) |**
		[      4.2:      6.3)  0 (  0.0%) |
		[      6.3:      8.4)  3 (  1.3%) |**
		[      8.4:       10) 15 (  6.6%) |************
		[       10:       13) 58 ( 25.3%) |************************************************
		[       13:       15) 56 ( 24.5%) |**********************************************
		[       15:       17) 56 ( 24.5%) |**********************************************
		[       17:       19) 17 (  7.4%) |**************
		[       19:       21)  1 (  0.4%) |*

