#Packing pin usage report
Type: io
	Input Pin Usage:
		Max: 1.00 (0.02)
		Avg: 0.30 (0.01)
		Min: 0.00 (0.00)
		Histogram:
		[        0:      5.5) 2070 (100.0%) |**********************************************
		[      5.5:       11)    0 (  0.0%) |
		[       11:       16)    0 (  0.0%) |
		[       16:       22)    0 (  0.0%) |
		[       22:       28)    0 (  0.0%) |
		[       28:       33)    0 (  0.0%) |
		[       33:       38)    0 (  0.0%) |
		[       38:       44)    0 (  0.0%) |
		[       44:       50)    0 (  0.0%) |
		[       50:       55)    0 (  0.0%) |
	Output Pin Usage:
		Max: 1.00 (0.03)
		Avg: 0.70 (0.02)
		Min: 0.00 (0.00)
		Histogram:
		[        0:        4) 2070 (100.0%) |**********************************************
		[        4:        8)    0 (  0.0%) |
		[        8:       12)    0 (  0.0%) |
		[       12:       16)    0 (  0.0%) |
		[       16:       20)    0 (  0.0%) |
		[       20:       24)    0 (  0.0%) |
		[       24:       28)    0 (  0.0%) |
		[       28:       32)    0 (  0.0%) |
		[       32:       36)    0 (  0.0%) |
		[       36:       40)    0 (  0.0%) |

Type: LAB
	Input Pin Usage:
		Max: 41.00 (0.45)
		Avg: 21.05 (0.23)
		Min: 1.00 (0.01)
		Histogram:
		[        0:      9.1)  75 (  7.7%) |******
		[      9.1:       18) 164 ( 16.9%) |*************
		[       18:       27) 610 ( 63.0%) |***********************************************
		[       27:       36) 116 ( 12.0%) |*********
		[       36:       46)   3 (  0.3%) |
		[       46:       55)   0 (  0.0%) |
		[       55:       64)   0 (  0.0%) |
		[       64:       73)   0 (  0.0%) |
		[       73:       82)   0 (  0.0%) |
		[       82:       91)   0 (  0.0%) |
	Output Pin Usage:
		Max: 29.00 (0.69)
		Avg: 13.46 (0.32)
		Min: 1.00 (0.02)
		Histogram:
		[        0:      4.2)  70 (  7.2%) |********
		[      4.2:      8.4)  24 (  2.5%) |***
		[      8.4:       13) 262 ( 27.1%) |********************************
		[       13:       17) 388 ( 40.1%) |***********************************************
		[       17:       21) 190 ( 19.6%) |***********************
		[       21:       25)  27 (  2.8%) |***
		[       25:       29)   7 (  0.7%) |*
		[       29:       34)   0 (  0.0%) |
		[       34:       38)   0 (  0.0%) |
		[       38:       42)   0 (  0.0%) |

