#Packing pin usage report
Type: io
	Input Pin Usage:
		Max: 1.00 (0.50)
		Avg: 0.29 (0.15)
		Min: 0.00 (0.00)
		Histogram:
		[        0:      0.2) 34 ( 70.8%) |************************************************
		[      0.2:      0.4)  0 (  0.0%) |
		[      0.4:      0.6)  0 (  0.0%) |
		[      0.6:      0.8)  0 (  0.0%) |
		[      0.8:        1) 14 ( 29.2%) |********************
		[        1:      1.2)  0 (  0.0%) |
		[      1.2:      1.4)  0 (  0.0%) |
		[      1.4:      1.6)  0 (  0.0%) |
		[      1.6:      1.8)  0 (  0.0%) |
		[      1.8:        2)  0 (  0.0%) |
	Output Pin Usage:
		Max: 1.00 (1.00)
		Avg: 0.71 (0.71)
		Min: 0.00 (0.00)
		Histogram:
		[        0:      0.1) 14 ( 29.2%) |********************
		[      0.1:      0.2)  0 (  0.0%) |
		[      0.2:      0.3)  0 (  0.0%) |
		[      0.3:      0.4)  0 (  0.0%) |
		[      0.4:      0.5)  0 (  0.0%) |
		[      0.5:      0.6)  0 (  0.0%) |
		[      0.6:      0.7)  0 (  0.0%) |
		[      0.7:      0.8)  0 (  0.0%) |
		[      0.8:      0.9)  0 (  0.0%) |
		[      0.9:        1) 34 ( 70.8%) |************************************************

Type: clb
	Input Pin Usage:
		Max: 25.00 (0.46)
		Avg: 10.33 (0.19)
		Min: 1.00 (0.02)
		Histogram:
		[        0:      5.4)  74 ( 12.9%) |**************
		[      5.4:       11) 211 ( 36.9%) |***************************************
		[       11:       16) 254 ( 44.4%) |***********************************************
		[       16:       22)  26 (  4.5%) |*****
		[       22:       27)   7 (  1.2%) |*
		[       27:       32)   0 (  0.0%) |
		[       32:       38)   0 (  0.0%) |
		[       38:       43)   0 (  0.0%) |
		[       43:       49)   0 (  0.0%) |
		[       49:       54)   0 (  0.0%) |
	Output Pin Usage:
		Max: 18.00 (0.86)
		Avg: 6.42 (0.31)
		Min: 1.00 (0.05)
		Histogram:
		[        0:      2.1)  56 (  9.8%) |****************
		[      2.1:      4.2)  96 ( 16.8%) |****************************
		[      4.2:      6.3) 160 ( 28.0%) |***********************************************
		[      6.3:      8.4) 125 ( 21.9%) |*************************************
		[      8.4:       10)  79 ( 13.8%) |***********************
		[       10:       13)  39 (  6.8%) |***********
		[       13:       15)  14 (  2.4%) |****
		[       15:       17)   2 (  0.3%) |*
		[       17:       19)   1 (  0.2%) |
		[       19:       21)   0 (  0.0%) |

