#Packing pin usage report
Type: io
	Input Pin Usage:
		Max: 1.00 (0.02)
		Avg: 0.30 (0.01)
		Min: 0.00 (0.00)
		Histogram:
		[        0:      5.5) 287 (100.0%) |***********************************************
		[      5.5:       11)   0 (  0.0%) |
		[       11:       16)   0 (  0.0%) |
		[       16:       22)   0 (  0.0%) |
		[       22:       28)   0 (  0.0%) |
		[       28:       33)   0 (  0.0%) |
		[       33:       38)   0 (  0.0%) |
		[       38:       44)   0 (  0.0%) |
		[       44:       50)   0 (  0.0%) |
		[       50:       55)   0 (  0.0%) |
	Output Pin Usage:
		Max: 1.00 (0.03)
		Avg: 0.70 (0.02)
		Min: 0.00 (0.00)
		Histogram:
		[        0:        4) 287 (100.0%) |***********************************************
		[        4:        8)   0 (  0.0%) |
		[        8:       12)   0 (  0.0%) |
		[       12:       16)   0 (  0.0%) |
		[       16:       20)   0 (  0.0%) |
		[       20:       24)   0 (  0.0%) |
		[       24:       28)   0 (  0.0%) |
		[       28:       32)   0 (  0.0%) |
		[       32:       36)   0 (  0.0%) |
		[       36:       40)   0 (  0.0%) |

Type: LAB
	Input Pin Usage:
		Max: 34.00 (0.37)
		Avg: 15.33 (0.17)
		Min: 1.00 (0.01)
		Histogram:
		[        0:      9.1) 107 ( 10.8%) |********
		[      9.1:       18) 614 ( 62.0%) |***********************************************
		[       18:       27) 260 ( 26.3%) |********************
		[       27:       36)   9 (  0.9%) |*
		[       36:       46)   0 (  0.0%) |
		[       46:       55)   0 (  0.0%) |
		[       55:       64)   0 (  0.0%) |
		[       64:       73)   0 (  0.0%) |
		[       73:       82)   0 (  0.0%) |
		[       82:       91)   0 (  0.0%) |
	Output Pin Usage:
		Max: 27.00 (0.64)
		Avg: 9.87 (0.24)
		Min: 1.00 (0.02)
		Histogram:
		[        0:      4.2)  92 (  9.3%) |**********
		[      4.2:      8.4) 260 ( 26.3%) |******************************
		[      8.4:       13) 413 ( 41.7%) |***********************************************
		[       13:       17) 161 ( 16.3%) |******************
		[       17:       21)  51 (  5.2%) |******
		[       21:       25)  11 (  1.1%) |*
		[       25:       29)   2 (  0.2%) |
		[       29:       34)   0 (  0.0%) |
		[       34:       38)   0 (  0.0%) |
		[       38:       42)   0 (  0.0%) |

