#Packing pin usage report
Type: io
	Input Pin Usage:
		Max: 1.00 (0.50)
		Avg: 0.41 (0.20)
		Min: 0.00 (0.00)
		Histogram:
		[        0:      0.2) 463 ( 59.1%) |***********************************************
		[      0.2:      0.4)   0 (  0.0%) |
		[      0.4:      0.6)   0 (  0.0%) |
		[      0.6:      0.8)   0 (  0.0%) |
		[      0.8:        1) 320 ( 40.9%) |********************************
		[        1:      1.2)   0 (  0.0%) |
		[      1.2:      1.4)   0 (  0.0%) |
		[      1.4:      1.6)   0 (  0.0%) |
		[      1.6:      1.8)   0 (  0.0%) |
		[      1.8:        2)   0 (  0.0%) |
	Output Pin Usage:
		Max: 1.00 (1.00)
		Avg: 0.59 (0.59)
		Min: 0.00 (0.00)
		Histogram:
		[        0:      0.1) 320 ( 40.9%) |********************************
		[      0.1:      0.2)   0 (  0.0%) |
		[      0.2:      0.3)   0 (  0.0%) |
		[      0.3:      0.4)   0 (  0.0%) |
		[      0.4:      0.5)   0 (  0.0%) |
		[      0.5:      0.6)   0 (  0.0%) |
		[      0.6:      0.7)   0 (  0.0%) |
		[      0.7:      0.8)   0 (  0.0%) |
		[      0.8:      0.9)   0 (  0.0%) |
		[      0.9:        1) 463 ( 59.1%) |***********************************************

Type: clb
	Input Pin Usage:
		Max: 36.00 (0.67)
		Avg: 21.88 (0.41)
		Min: 3.00 (0.06)
		Histogram:
		[        0:      5.4) 10 (  4.5%) |*****
		[      5.4:       11)  4 (  1.8%) |**
		[       11:       16) 15 (  6.7%) |*******
		[       16:       22) 62 ( 27.8%) |******************************
		[       22:       27) 100 ( 44.8%) |************************************************
		[       27:       32) 25 ( 11.2%) |************
		[       32:       38)  7 (  3.1%) |***
		[       38:       43)  0 (  0.0%) |
		[       43:       49)  0 (  0.0%) |
		[       49:       54)  0 (  0.0%) |
	Output Pin Usage:
		Max: 14.00 (0.67)
		Avg: 8.79 (0.42)
		Min: 1.00 (0.05)
		Histogram:
		[        0:      2.1) 11 (  4.9%) |*********
		[      2.1:      4.2)  4 (  1.8%) |***
		[      4.2:      6.3) 23 ( 10.3%) |******************
		[      6.3:      8.4) 56 ( 25.1%) |*******************************************
		[      8.4:       10) 62 ( 27.8%) |************************************************
		[       10:       13) 50 ( 22.4%) |***************************************
		[       13:       15) 17 (  7.6%) |*************
		[       15:       17)  0 (  0.0%) |
		[       17:       19)  0 (  0.0%) |
		[       19:       21)  0 (  0.0%) |

