#Packing pin usage report
Type: io
	Input Pin Usage:
		Max: 1.00 (0.50)
		Avg: 0.30 (0.15)
		Min: 0.00 (0.00)
		Histogram:
		[        0:      0.2) 1319 ( 70.0%) |**********************************************
		[      0.2:      0.4)    0 (  0.0%) |
		[      0.4:      0.6)    0 (  0.0%) |
		[      0.6:      0.8)    0 (  0.0%) |
		[      0.8:        1)  565 ( 30.0%) |********************
		[        1:      1.2)    0 (  0.0%) |
		[      1.2:      1.4)    0 (  0.0%) |
		[      1.4:      1.6)    0 (  0.0%) |
		[      1.6:      1.8)    0 (  0.0%) |
		[      1.8:        2)    0 (  0.0%) |
	Output Pin Usage:
		Max: 1.00 (1.00)
		Avg: 0.70 (0.70)
		Min: 0.00 (0.00)
		Histogram:
		[        0:      0.1)  565 ( 30.0%) |********************
		[      0.1:      0.2)    0 (  0.0%) |
		[      0.2:      0.3)    0 (  0.0%) |
		[      0.3:      0.4)    0 (  0.0%) |
		[      0.4:      0.5)    0 (  0.0%) |
		[      0.5:      0.6)    0 (  0.0%) |
		[      0.6:      0.7)    0 (  0.0%) |
		[      0.7:      0.8)    0 (  0.0%) |
		[      0.8:      0.9)    0 (  0.0%) |
		[      0.9:        1) 1319 ( 70.0%) |**********************************************

Type: clb
	Input Pin Usage:
		Max: 42.00 (0.78)
		Avg: 31.38 (0.58)
		Min: 3.00 (0.06)
		Histogram:
		[        0:      5.4)  9 (  4.1%) |*****
		[      5.4:       11)  2 (  0.9%) |*
		[       11:       16)  1 (  0.5%) |*
		[       16:       22)  2 (  0.9%) |*
		[       22:       27) 21 (  9.6%) |*************
		[       27:       32) 72 ( 32.9%) |*******************************************
		[       32:       38) 80 ( 36.5%) |************************************************
		[       38:       43) 32 ( 14.6%) |*******************
		[       43:       49)  0 (  0.0%) |
		[       49:       54)  0 (  0.0%) |
	Output Pin Usage:
		Max: 19.00 (0.90)
		Avg: 12.26 (0.58)
		Min: 1.00 (0.05)
		Histogram:
		[        0:      2.1)  9 (  4.1%) |*******
		[      2.1:      4.2)  2 (  0.9%) |**
		[      4.2:      6.3)  1 (  0.5%) |*
		[      6.3:      8.4)  8 (  3.7%) |******
		[      8.4:       10) 30 ( 13.7%) |***********************
		[       10:       13) 50 ( 22.8%) |**************************************
		[       13:       15) 63 ( 28.8%) |************************************************
		[       15:       17) 44 ( 20.1%) |**********************************
		[       17:       19) 11 (  5.0%) |********
		[       19:       21)  1 (  0.5%) |*

