#Packing pin usage report
Type: io
	Input Pin Usage:
		Max: 1.00 (0.50)
		Avg: 0.30 (0.15)
		Min: 0.00 (0.00)
		Histogram:
		[        0:      0.2) 305 ( 70.1%) |***********************************************
		[      0.2:      0.4)   0 (  0.0%) |
		[      0.4:      0.6)   0 (  0.0%) |
		[      0.6:      0.8)   0 (  0.0%) |
		[      0.8:        1) 130 ( 29.9%) |********************
		[        1:      1.2)   0 (  0.0%) |
		[      1.2:      1.4)   0 (  0.0%) |
		[      1.4:      1.6)   0 (  0.0%) |
		[      1.6:      1.8)   0 (  0.0%) |
		[      1.8:        2)   0 (  0.0%) |
	Output Pin Usage:
		Max: 1.00 (1.00)
		Avg: 0.70 (0.70)
		Min: 0.00 (0.00)
		Histogram:
		[        0:      0.1) 130 ( 29.9%) |********************
		[      0.1:      0.2)   0 (  0.0%) |
		[      0.2:      0.3)   0 (  0.0%) |
		[      0.3:      0.4)   0 (  0.0%) |
		[      0.4:      0.5)   0 (  0.0%) |
		[      0.5:      0.6)   0 (  0.0%) |
		[      0.6:      0.7)   0 (  0.0%) |
		[      0.7:      0.8)   0 (  0.0%) |
		[      0.8:      0.9)   0 (  0.0%) |
		[      0.9:        1) 305 ( 70.1%) |***********************************************

Type: clb
	Input Pin Usage:
		Max: 30.00 (0.56)
		Avg: 15.14 (0.28)
		Min: 1.00 (0.02)
		Histogram:
		[        0:      5.4)  50 (  8.9%) |*********
		[      5.4:       11)  14 (  2.5%) |***
		[       11:       16) 251 ( 44.7%) |***********************************************
		[       16:       22) 212 ( 37.8%) |****************************************
		[       22:       27)  31 (  5.5%) |******
		[       27:       32)   3 (  0.5%) |*
		[       32:       38)   0 (  0.0%) |
		[       38:       43)   0 (  0.0%) |
		[       43:       49)   0 (  0.0%) |
		[       49:       54)   0 (  0.0%) |
	Output Pin Usage:
		Max: 20.00 (0.95)
		Avg: 9.20 (0.44)
		Min: 1.00 (0.05)
		Histogram:
		[        0:      2.1)  39 (  7.0%) |************
		[      2.1:      4.2)  14 (  2.5%) |****
		[      4.2:      6.3)  45 (  8.0%) |**************
		[      6.3:      8.4) 127 ( 22.6%) |****************************************
		[      8.4:       10) 148 ( 26.4%) |***********************************************
		[       10:       13) 102 ( 18.2%) |********************************
		[       13:       15)  46 (  8.2%) |***************
		[       15:       17)  23 (  4.1%) |*******
		[       17:       19)  15 (  2.7%) |*****
		[       19:       21)   2 (  0.4%) |*

