VPR FPGA Placement and Routing.
Version: 8.1.0-dev+unkown
Revision: unkown
Compiled: 2023-11-16T17:20:44
Compiler: GNU 11.4.0 on Linux-6.2.0-36-generic x86_64
Build Info: release IPO VTR_ASSERT_LEVEL=2

University of Toronto
verilogtorouting.org
vtr-users@googlegroups.com
This is free open source code under MIT license.

VPR was run with the following command-line:
/home/xiaokewan/Software/vtr-verilog-to-routing-master/vpr/vpr /home/xiaokewan/Software/vtr-verilog-to-routing-master/vtr_flow/arch/timing/EArch.xml ../../rent_exp_0.54.blif


Architecture file: /home/xiaokewan/Software/vtr-verilog-to-routing-master/vtr_flow/arch/timing/EArch.xml
Circuit name: rent_exp_0.54

# Loading Architecture Description
# Loading Architecture Description took 0.00 seconds (max_rss 17.1 MiB, delta_rss +1.9 MiB)

Timing analysis: ON
Circuit netlist file: rent_exp_0.54.net
Circuit placement file: rent_exp_0.54.place
Circuit routing file: rent_exp_0.54.route
Circuit SDC file: rent_exp_0.54.sdc
Vpr floorplanning constraints file: not specified

Packer: ENABLED
Placer: ENABLED
Router: ENABLED
Analysis: ENABLED

VPR was run with the following options:

NetlistOpts.abosrb_buffer_luts            : true
NetlistOpts.sweep_dangling_primary_ios    : true
NetlistOpts.sweep_dangling_nets           : true
NetlistOpts.sweep_dangling_blocks         : true
NetlistOpts.sweep_constant_primary_outputs: false
NetlistOpts.netlist_verbosity             : 1
NetlistOpts.const_gen_inference           : COMB_SEQ

PackerOpts.allow_unrelated_clustering: auto
PackerOpts.alpha_clustering: 0.750000
PackerOpts.beta_clustering: 0.900000
PackerOpts.cluster_seed_type: BLEND2
PackerOpts.connection_driven: true
PackerOpts.global_clocks: true
PackerOpts.hill_climbing_flag: false
PackerOpts.inter_cluster_net_delay: 1.000000
PackerOpts.timing_driven: true
PackerOpts.target_external_pin_util: auto

PlacerOpts.place_freq: PLACE_ONCE
PlacerOpts.place_algorithm: CRITICALITY_TIMING_PLACE
PlacerOpts.pad_loc_type: FREE
PlacerOpts.constraints_file: No constraints file given
PlacerOpts.place_cost_exp: 1.000000
PlacerOpts.place_chan_width: 100
PlacerOpts.inner_loop_recompute_divider: 0
PlacerOpts.recompute_crit_iter: 1
PlacerOpts.timing_tradeoff: 0.500000
PlacerOpts.td_place_exp_first: 1.000000
PlacerOpts.td_place_exp_last: 8.000000
PlacerOpts.delay_offset: 0.000000
PlacerOpts.delay_ramp_delta_threshold: -1
PlacerOpts.delay_ramp_slope: 0.000000
PlacerOpts.tsu_rel_margin: 1.000000
PlacerOpts.tsu_abs_margin: 0.000000
PlacerOpts.post_place_timing_report_file: 
PlacerOpts.allowed_tiles_for_delay_model: 
PlacerOpts.delay_model_reducer: MIN
PlacerOpts.delay_model_type: DELTA
PlacerOpts.rlim_escape_fraction: 0.000000
PlacerOpts.move_stats_file: 
PlacerOpts.placement_saves_per_temperature: 0
PlacerOpts.effort_scaling: CIRCUIT
PlacerOpts.place_delta_delay_matrix_calculation_method: ASTAR_ROUTE
PlaceOpts.seed: 1
AnnealSched.type: AUTO_SCHED
AnnealSched.inner_num: 0.500000

RouterOpts.route_type: DETAILED
RouterOpts.flat_routing: false
RouterOpts.has_choking_spot: false
RouterOpts.router_algorithm: TIMING_DRIVEN
RouterOpts.base_cost_type: DELAY_NORMALIZED_LENGTH
RouterOpts.fixed_channel_width: NO_FIXED_CHANNEL_WIDTH
RouterOpts.check_route: FULL
RouterOpts.acc_fac: 1.000000
RouterOpts.bb_factor: 3
RouterOpts.bend_cost: 0.000000
RouterOpts.first_iter_pres_fac: 0.000000
RouterOpts.initial_pres_fac: 0.500000
RouterOpts.pres_fac_mult: 1.300000
RouterOpts.max_router_iterations: 50
RouterOpts.min_incremental_reroute_fanout: 16
RouterOpts.do_check_rr_graph: true
RouterOpts.verify_binary_search: false
RouterOpts.min_channel_width_hint: 0
RouterOpts.read_rr_edge_metadata: false
RouterOpts.exit_after_first_routing_iteration: false
RouterOpts.astar_fac: 1.200000
RouterOpts.router_profiler_astar_fac: 1.200000
RouterOpts.criticality_exp: 1.000000
RouterOpts.max_criticality: 0.990000
RouterOpts.init_wirelength_abort_threshold: 0.850000
RouterOpts.save_routing_per_iteration: false
RouterOpts.congested_routing_iteration_threshold_frac: 1.000000
RouterOpts.high_fanout_threshold: 64
RouterOpts.router_debug_net: -2
RouterOpts.router_debug_sink_rr: -2
RouterOpts.router_debug_iteration: -2
RouterOpts.max_convergence_count: 1
RouterOpts.reconvergence_cpd_threshold: 0.990000
RouterOpts.update_lower_bound_delays: true
RouterOpts.first_iteration_timing_report_file: 
RouterOpts.incr_reroute_delay_ripup: AUTO
RouterOpts.route_bb_update: DYNAMIC
RouterOpts.lookahead_type: MAP
RouterOpts.initial_timing: LOOKAHEAD
RouterOpts.router_heap: BINARY_HEAP
RouterOpts.routing_failure_predictor = SAFE
RouterOpts.routing_budgets_algorithm = DISABLE

AnalysisOpts.gen_post_synthesis_netlist: false
AnalysisOpts.timing_report_npaths: 100
AnalysisOpts.timing_report_skew: false
AnalysisOpts.echo_dot_timing_graph_node: -1
AnalysisOpts.timing_report_detail: NETLIST
AnalysisOpts.post_synth_netlist_unconn_input_handling: UNCONNECTED
AnalysisOpts.post_synth_netlist_unconn_output_handling: UNCONNECTED

# Building complex block graph
Warning 1: io[0].clock[0] unconnected pin in architecture.
# Building complex block graph took 0.01 seconds (max_rss 24.8 MiB, delta_rss +7.7 MiB)
Circuit file: ../../rent_exp_0.54.blif
# Load circuit
# Load circuit took 0.03 seconds (max_rss 41.6 MiB, delta_rss +16.9 MiB)
# Clean circuit
Absorbed 0 LUT buffers
Inferred    0 additional primitive pins as constant generators since they have no combinationally connected inputs
Inferred    0 additional primitive pins as constant generators due to constant inputs
Swept input(s)      : 0
Swept output(s)     : 0 (0 dangling, 0 constant)
Swept net(s)        : 0
Swept block(s)      : 0
Constant Pins Marked: 0
# Clean circuit took 0.00 seconds (max_rss 41.6 MiB, delta_rss +0.0 MiB)
# Compress circuit
# Compress circuit took 0.01 seconds (max_rss 41.6 MiB, delta_rss +0.0 MiB)
# Verify circuit
# Verify circuit took 0.00 seconds (max_rss 41.6 MiB, delta_rss +0.0 MiB)
Circuit Statistics:
  Blocks: 10979
    .input :     305
    .latch :    1544
    .output:     130
    6-LUT  :    9000
  Nets  : 10849
    Avg Fanout:     2.0
    Max Fanout:  1544.0
    Min Fanout:     1.0
  Netlist Clocks: 1
# Build Timing Graph
  Timing Graph Nodes: 33067
  Timing Graph Edges: 44306
  Timing Graph Levels: 84
# Build Timing Graph took 0.02 seconds (max_rss 44.6 MiB, delta_rss +2.5 MiB)
Netlist contains 1 clocks
  Netlist Clock 'pclk' Fanout: 1544 pins (4.7%), 1544 blocks (14.1%)
# Load Timing Constraints

SDC file 'rent_exp_0.54.sdc' not found
Setting default timing constraints:
   * constrain all primay inputs and primary outputs on netlist clock 'pclk'
   * optimize netlist clock to run as fast as possible
Timing constraints created 1 clocks
  Constrained Clock 'pclk' Source: 'pclk.inpad[0]'

# Load Timing Constraints took 0.00 seconds (max_rss 44.6 MiB, delta_rss +0.0 MiB)
# Packing
Begin packing '../../rent_exp_0.54.blif'.

After removing unused inputs...
	total blocks: 10979, total nets: 10849, total inputs: 305, total outputs: 130
Begin prepacking.

There is one chain in this architecture called "chain" with the following starting points:
	clb[0]/fle[0]/lut5inter[0]/ble5[0]/arithmetic[0]/adder[0].cin[0]

0 attraction groups were created during prepacking.
Finish prepacking.
Using inter-cluster delay: 1.33777e-09
Packing with pin utilization targets: io:1,1 clb:0.8,1 mult_36:1,1 memory:1,1
Packing with high fanout thresholds: io:128 clb:32 mult_36:128 memory:128
Starting Clustering - Clustering Progress: 
-------------------   --------------------------   ---------
Molecules processed   Number of clusters created   FPGA size
-------------------   --------------------------   ---------
   426/10665     3%                           22     8 x 8     
   852/10665     7%                           43    10 x 10    
  1278/10665    11%                           64    12 x 12    
  1704/10665    15%                           86    13 x 13    
  2130/10665    19%                          107    14 x 14    
  2556/10665    23%                          128    15 x 15    
  2982/10665    27%                          150    17 x 17    
  3408/10665    31%                          171    18 x 18    
  3834/10665    35%                          192    18 x 18    
  4260/10665    39%                          213    19 x 19    
  4686/10665    43%                          235    21 x 21    
  5112/10665    47%                          256    21 x 21    
  5538/10665    51%                          277    22 x 22    
  5964/10665    55%                          299    22 x 22    
  6390/10665    59%                          320    23 x 23    
  6816/10665    63%                          341    24 x 24    
  7242/10665    67%                          363    25 x 25    
  7668/10665    71%                          384    25 x 25    
  8094/10665    75%                          405    26 x 26    
  8520/10665    79%                          426    26 x 26    
  8946/10665    83%                          448    27 x 27    
  9372/10665    87%                          469    27 x 27    
  9798/10665    91%                          490    28 x 28    
 10224/10665    95%                          554    30 x 30    
 10650/10665    99%                          980    30 x 30    

Logic Element (fle) detailed count:
  Total number of Logic Elements used : 5134
  LEs used for logic and registers    : 1204
  LEs used for logic only             : 3755
  LEs used for registers only         : 175

Incr Slack updates 1 in 0.000295795 sec
Full Max Req/Worst Slack updates 1 in 1.6481e-05 sec
Incr Max Req/Worst Slack updates 0 in 0 sec
Incr Criticality updates 0 in 0 sec
Full Criticality updates 1 in 0.000441369 sec
FPGA sized to 30 x 30 (auto)
Device Utilization: 0.68 (target 1.00)
	Block Utilization: 0.49 Type: io
	Block Utilization: 0.95 Type: clb

Start the iterative improvement process
the iterative improvement process is done
Final Clustering Statistics: 
----------   --------   ------------------------------------   --------------------------
Block Type   # Blocks   Avg. # of input clocks and pins used   Avg. # of output pins used
----------   --------   ------------------------------------   --------------------------
     EMPTY          0                                      0                            0   
        io        435                               0.298851                     0.701149   
       clb        561                                15.1426                      9.20321   
   mult_36          0                                      0                            0   
    memory          0                                      0                            0   
Absorbed logical nets 5381 out of 10849 nets, 5468 nets not absorbed.

Netlist conversion complete.

# Packing took 4.99 seconds (max_rss 113.0 MiB, delta_rss +68.4 MiB)
# Load packing
Begin loading packed FPGA netlist file.
Netlist generated from file 'rent_exp_0.54.net'.
Detected 0 constant generators (to see names run with higher pack verbosity)
Finished loading packed FPGA netlist file (took 0.39366 seconds).
Warning 2: Treated 0 constant nets as global which will not be routed (to see net names increase packer verbosity).
# Load packing took 0.41 seconds (max_rss 149.1 MiB, delta_rss +36.1 MiB)
Warning 3: Netlist contains 0 global net to non-global architecture pin connections

Pb types usage...
  io              : 435
   inpad          : 305
   outpad         : 130
  clb             : 561
   fle            : 5134
    lut5inter     : 5134
     ble5         : 10230
      flut5       : 10230
       lut5       : 9000
        lut       : 9000
       ff         : 1544

# Create Device
## Build Device Grid
FPGA sized to 30 x 30: 900 grid tiles (auto)

Resource usage...
	Netlist
		435	blocks of type: io
	Architecture
		896	blocks of type: io
	Netlist
		561	blocks of type: clb
	Architecture
		588	blocks of type: clb
	Netlist
		0	blocks of type: mult_36
	Architecture
		21	blocks of type: mult_36
	Netlist
		0	blocks of type: memory
	Architecture
		16	blocks of type: memory

Device Utilization: 0.68 (target 1.00)
	Physical Tile io:
	Block Utilization: 0.49 Logical Block: io
	Physical Tile clb:
	Block Utilization: 0.95 Logical Block: clb
	Physical Tile mult_36:
	Block Utilization: 0.00 Logical Block: mult_36
	Physical Tile memory:
	Block Utilization: 0.00 Logical Block: memory

FPGA size limited by block type(s): clb

## Build Device Grid took 0.00 seconds (max_rss 149.1 MiB, delta_rss +0.0 MiB)
## Build routing resource graph
SOURCE->OPIN and IPIN->SINK edge count:52388
OPIN->CHANX/CHANY edge count before creating direct connections: 151920
OPIN->CHANX/CHANY edge count after creating direct connections: 152487
CHAN->CHAN type edge count:836816
## Build routing resource graph took 0.32 seconds (max_rss 149.1 MiB, delta_rss +0.0 MiB)
  RR Graph Nodes: 121500
  RR Graph Edges: 1041691
# Create Device took 0.33 seconds (max_rss 149.1 MiB, delta_rss +0.0 MiB)

# Computing router lookahead map
## Computing wire lookahead
## Computing wire lookahead took 0.94 seconds (max_rss 149.1 MiB, delta_rss +0.0 MiB)
## Computing src/opin lookahead
## Computing src/opin lookahead took 0.00 seconds (max_rss 149.1 MiB, delta_rss +0.0 MiB)
# Computing router lookahead map took 0.94 seconds (max_rss 149.1 MiB, delta_rss +0.0 MiB)
# Computing placement delta delay look-up
## Build routing resource graph
SOURCE->OPIN and IPIN->SINK edge count:52388
OPIN->CHANX/CHANY edge count before creating direct connections: 146212
OPIN->CHANX/CHANY edge count after creating direct connections: 146779
CHAN->CHAN type edge count:802452
## Build routing resource graph took 0.30 seconds (max_rss 149.1 MiB, delta_rss +0.0 MiB)
  RR Graph Nodes: 119704
  RR Graph Edges: 1001619
## Computing router lookahead map
### Computing wire lookahead
### Computing wire lookahead took 0.85 seconds (max_rss 149.1 MiB, delta_rss +0.0 MiB)
### Computing src/opin lookahead
### Computing src/opin lookahead took 0.00 seconds (max_rss 149.1 MiB, delta_rss +0.0 MiB)
## Computing router lookahead map took 0.85 seconds (max_rss 149.1 MiB, delta_rss +0.0 MiB)
## Computing delta delays
## Computing delta delays took 0.09 seconds (max_rss 149.1 MiB, delta_rss +0.0 MiB)
# Computing placement delta delay look-up took 1.25 seconds (max_rss 149.1 MiB, delta_rss +0.0 MiB)

Bounding box mode is Cube

Using simple RL 'Softmax agent' for choosing move and block types
# Placement
## Initial Placement
Initial placement iteration 0 has finished successfully
## Initial Placement took 0.00 seconds (max_rss 149.1 MiB, delta_rss +0.0 MiB)

There are 8111 point to point connections in this circuit.


BB estimate of min-dist (placement) wire length: 127925

Completed placement consistency check successfully.
Initial placement cost: 1 bb_cost: 1332.55 td_cost: 3.89198e-06
Initial placement estimated Critical Path Delay (CPD): 27.7549 ns
Initial placement estimated setup Total Negative Slack (sTNS): -25106.6 ns
Initial placement estimated setup Worst Negative Slack (sWNS): -27.7549 ns

Initial placement estimated setup slack histogram:
[ -2.8e-08: -2.5e-08)  62 (  3.7%) |*********
[ -2.5e-08: -2.2e-08) 188 ( 11.2%) |***************************
[ -2.2e-08:   -2e-08) 333 ( 19.9%) |***********************************************
[   -2e-08: -1.7e-08) 301 ( 18.0%) |******************************************
[ -1.7e-08: -1.4e-08) 175 ( 10.5%) |*************************
[ -1.4e-08: -1.1e-08) 123 (  7.3%) |*****************
[ -1.1e-08: -8.6e-09) 107 (  6.4%) |***************
[ -8.6e-09: -5.9e-09)  88 (  5.3%) |************
[ -5.9e-09: -3.1e-09)  73 (  4.4%) |**********
[ -3.1e-09: -4.2e-10) 224 ( 13.4%) |********************************
Placement contains 0 placement macros involving 0 blocks (average macro size -nan)

Moves per temperature: 4972
Warning 4: Starting t: 399 of 996 configurations accepted.

---- ------ ------- ------- ---------- ---------- ------- ---------- -------- ------- ------- ------ -------- --------- ------
Tnum   Time       T Av Cost Av BB Cost Av TD Cost     CPD       sTNS     sWNS Ac Rate Std Dev  R lim Crit Exp Tot Moves  Alpha
      (sec)                                          (ns)       (ns)     (ns)                                                 
---- ------ ------- ------- ---------- ---------- ------- ---------- -------- ------- ------- ------ -------- --------- ------
   1    0.0 5.6e-04   0.934    1088.76 3.163e-06   26.046  -2.32e+04  -26.046   0.693  0.0354   29.0     1.00      4972  0.200
   2    0.0 5.3e-04   0.933     959.28 2.781e-06   25.595  -2.27e+04  -25.595   0.649  0.0288   29.0     1.00      9944  0.950
   3    0.0 5.0e-04   0.958     883.00 2.738e-06   23.520   -2.2e+04  -23.520   0.620  0.0183   29.0     1.00     14916  0.950
   4    0.0 4.8e-04   0.971     830.62 2.5123e-06  23.843  -2.15e+04  -23.843   0.589  0.0167   29.0     1.00     19888  0.950
   5    0.0 4.5e-04   0.960     778.44 2.5499e-06  21.576  -2.09e+04  -21.576   0.586  0.0167   29.0     1.00     24860  0.950
   6    0.0 4.3e-04   0.981     749.50 2.3526e-06  22.481  -2.08e+04  -22.481   0.563  0.0115   29.0     1.00     29832  0.950
   7    0.0 4.1e-04   0.974     719.38 2.3695e-06  21.038  -2.03e+04  -21.038   0.547  0.0156   29.0     1.00     34804  0.950
   8    0.0 3.9e-04   0.977     684.12 2.2358e-06  21.061  -1.98e+04  -21.061   0.517  0.0088   29.0     1.00     39776  0.950
   9    0.0 3.7e-04   0.994     675.23 2.0667e-06  22.460  -1.98e+04  -22.460   0.500  0.0063   29.0     1.00     44748  0.950
  10    0.0 3.5e-04   0.979     650.66 2.0678e-06  21.712  -1.97e+04  -21.712   0.500  0.0089   29.0     1.00     49720  0.950
  11    0.0 3.3e-04   0.986     636.24 2.0994e-06  20.829  -1.95e+04  -20.829   0.485  0.0043   29.0     1.00     54692  0.950
  12    0.0 3.2e-04   0.994     629.83 2.0559e-06  20.957  -1.95e+04  -20.957   0.462  0.0051   29.0     1.00     59664  0.950
  13    0.0 3.0e-04   0.993     619.81 1.9423e-06  21.887  -1.96e+04  -21.887   0.455  0.0058   29.0     1.00     64636  0.950
  14    0.0 2.9e-04   0.998     615.69 2.0045e-06  21.062  -1.93e+04  -21.062   0.438  0.0037   29.0     1.00     69608  0.950
  15    0.0 2.7e-04   0.997     610.27 2.0074e-06  20.613  -1.93e+04  -20.613   0.422  0.0051   28.9     1.01     74580  0.950
  16    0.0 2.6e-04   0.995     603.34 1.8248e-06  21.006  -1.92e+04  -21.006   0.429  0.0037   28.4     1.15     79552  0.950
  17    0.0 2.5e-04   0.990     593.40 1.8346e-06  20.195  -1.92e+04  -20.195   0.413  0.0043   28.1     1.22     84524  0.950
  18    0.0 2.3e-04   0.991     583.51 1.5776e-06  21.057  -1.91e+04  -21.057   0.390  0.0048   27.3     1.41     89496  0.950
  19    0.0 2.2e-04   0.996     577.81 1.3608e-06  21.068   -1.9e+04  -21.068   0.362  0.0025   26.0     1.75     94468  0.950
  20    0.0 2.1e-04   0.991     577.68 1.1675e-06  20.858   -1.9e+04  -20.858   0.371  0.0058   24.0     2.26     99440  0.950
  21    0.0 2.0e-04   0.989     571.91 1.1204e-06  19.877  -1.91e+04  -19.877   0.377  0.0054   22.3     2.67    104412  0.950
  22    0.0 1.9e-04   0.999     569.56 1.0239e-06  19.818  -1.89e+04  -19.818   0.357  0.0015   20.9     3.02    109384  0.950
  23    0.0 1.8e-04   0.990     562.66 8.5694e-07  20.063  -1.89e+04  -20.063   0.350  0.0049   19.2     3.46    114356  0.950
  24    0.0 1.7e-04   0.994     559.48 7.8292e-07  19.875  -1.89e+04  -19.875   0.328  0.0035   17.4     3.89    119328  0.950
  25    0.0 1.6e-04   0.996     555.02 8.0601e-07  19.048  -1.89e+04  -19.048   0.335  0.0021   15.5     4.38    124300  0.950
  26    0.0 1.5e-04   0.994     553.11 7.1996e-07  19.078  -1.88e+04  -19.078   0.328  0.0023   13.9     4.78    129272  0.950
  27    0.0 1.5e-04   0.989     547.84 6.128e-07   19.423  -1.89e+04  -19.423   0.319  0.0036   12.3     5.17    134244  0.950
  28    0.0 1.4e-04   0.998     545.68 5.3861e-07  19.456  -1.87e+04  -19.456   0.313  0.0024   10.8     5.54    139216  0.950
  29    0.0 1.3e-04   0.992     540.82 5.1496e-07  19.270  -1.87e+04  -19.270   0.294  0.0042    9.5     5.88    144188  0.950
  30    0.0 1.3e-04   0.997     538.51 4.6183e-07  19.370  -1.87e+04  -19.370   0.300  0.0013    8.1     6.23    149160  0.950
  31    0.0 1.2e-04   0.997     536.47 4.0918e-07  19.540  -1.86e+04  -19.540   0.313  0.0036    7.0     6.51    154132  0.950
  32    0.0 1.1e-04   1.001     534.57 4.2165e-07  19.192  -1.85e+04  -19.192   0.282  0.0010    6.1     6.73    159104  0.950
  33    0.0 1.1e-04   0.993     531.68 3.5355e-07  19.565  -1.86e+04  -19.565   0.287  0.0034    5.1     6.97    164076  0.950
  34    0.0 1.0e-04   0.989     524.94 3.4343e-07  19.446  -1.85e+04  -19.446   0.368  0.0067    4.3     7.17    169048  0.950
  35    0.0 9.8e-05   0.994     517.42 3.9278e-07  18.968  -1.85e+04  -18.968   0.340  0.0035    4.0     7.25    174020  0.950
  36    0.0 9.3e-05   0.994     512.28 3.5151e-07  19.145  -1.84e+04  -19.145   0.334  0.0024    3.6     7.35    178992  0.950
  37    0.0 8.8e-05   0.997     510.47 3.6331e-07  18.981  -1.83e+04  -18.981   0.349  0.0010    3.2     7.44    183964  0.950
  38    0.0 8.4e-05   0.992     506.90 3.3194e-07  19.147  -1.83e+04  -19.147   0.366  0.0046    2.9     7.52    188936  0.950
  39    0.0 7.9e-05   0.997     504.39 3.4774e-07  18.864  -1.83e+04  -18.864   0.332  0.0016    2.7     7.57    193908  0.950
  40    0.0 7.6e-05   0.996     501.74 3.2219e-07  19.011  -1.82e+04  -19.011   0.340  0.0020    2.4     7.64    198880  0.950
  41    0.0 7.2e-05   0.998     500.91 3.3921e-07  18.801  -1.82e+04  -18.801   0.340  0.0013    2.2     7.70    203852  0.950
  42    0.0 6.8e-05   0.995     498.43 3.0049e-07  19.086  -1.82e+04  -19.086   0.319  0.0018    2.0     7.76    208824  0.950
  43    0.0 6.5e-05   0.996     496.40 2.7796e-07  19.219  -1.82e+04  -19.219   0.307  0.0015    1.7     7.82    213796  0.950
  44    0.0 6.2e-05   0.998     493.45 2.8818e-07  19.057  -1.82e+04  -19.057   0.283  0.0010    1.5     7.88    218768  0.950
  45    0.0 5.8e-05   0.997     492.45 3.2942e-07  18.704  -1.82e+04  -18.704   0.278  0.0011    1.3     7.93    223740  0.950
  46    0.0 5.6e-05   0.998     491.15 3.3268e-07  18.645  -1.82e+04  -18.645   0.264  0.0010    1.1     7.99    228712  0.950
  47    0.0 5.3e-05   0.999     490.82 3.6399e-07  18.416  -1.82e+04  -18.416   0.262  0.0006    1.0     8.00    233684  0.950
  48    0.0 5.0e-05   0.999     490.12 3.3992e-07  18.560  -1.82e+04  -18.560   0.259  0.0013    1.0     8.00    238656  0.950
  49    0.0 4.8e-05   0.999     488.73 3.4528e-07  18.524  -1.82e+04  -18.524   0.246  0.0008    1.0     8.00    243628  0.950
  50    0.0 4.5e-05   0.999     487.28 3.5691e-07  18.444  -1.82e+04  -18.444   0.243  0.0004    1.0     8.00    248600  0.950
  51    0.0 4.3e-05   0.999     487.33 3.5172e-07  18.456  -1.82e+04  -18.456   0.224  0.0008    1.0     8.00    253572  0.950
  52    0.0 4.1e-05   0.999     486.96 3.6091e-07  18.384  -1.82e+04  -18.384   0.223  0.0007    1.0     8.00    258544  0.950
  53    0.0 3.9e-05   0.999     485.71 3.5121e-07  18.450  -1.81e+04  -18.450   0.230  0.0005    1.0     8.00    263516  0.950
  54    0.0 3.7e-05   0.999     485.44 3.5672e-07  18.384  -1.81e+04  -18.384   0.228  0.0005    1.0     8.00    268488  0.950
  55    0.0 3.5e-05   0.999     484.13 3.5683e-07  18.384  -1.81e+04  -18.384   0.199  0.0004    1.0     8.00    273460  0.950
  56    0.0 3.3e-05   0.999     484.49 3.3721e-07  18.517  -1.81e+04  -18.517   0.200  0.0007    1.0     8.00    278432  0.950
  57    0.0 3.2e-05   1.000     484.28 3.5638e-07  18.384  -1.81e+04  -18.384   0.206  0.0002    1.0     8.00    283404  0.950
  58    0.0 3.0e-05   0.999     484.29 3.539e-07   18.384  -1.81e+04  -18.384   0.190  0.0003    1.0     8.00    288376  0.950
  59    0.0 2.8e-05   0.999     483.52 3.5509e-07  18.384  -1.81e+04  -18.384   0.181  0.0004    1.0     8.00    293348  0.950
  60    0.0 2.7e-05   1.000     483.09 3.6859e-07  18.301  -1.81e+04  -18.301   0.181  0.0002    1.0     8.00    298320  0.950
  61    0.0 2.6e-05   0.999     482.71 3.4819e-07  18.428  -1.81e+04  -18.428   0.186  0.0005    1.0     8.00    303292  0.950
  62    0.0 2.4e-05   1.000     482.63 3.6225e-07  18.325  -1.81e+04  -18.325   0.158  0.0002    1.0     8.00    308264  0.950
  63    0.0 2.3e-05   0.999     482.61 3.6216e-07  18.325  -1.81e+04  -18.325   0.170  0.0003    1.0     8.00    313236  0.950
  64    0.0 2.2e-05   1.000     482.62 3.6051e-07  18.325  -1.81e+04  -18.325   0.171  0.0002    1.0     8.00    318208  0.950
  65    0.0 2.1e-05   1.000     482.02 3.5044e-07  18.410  -1.81e+04  -18.410   0.159  0.0002    1.0     8.00    323180  0.950
  66    0.0 2.0e-05   1.000     481.79 3.4792e-07  18.410  -1.81e+04  -18.410   0.161  0.0001    1.0     8.00    328152  0.950
  67    0.0 1.9e-05   0.999     481.37 3.5061e-07  18.410  -1.81e+04  -18.410   0.151  0.0002    1.0     8.00    333124  0.950
  68    0.0 1.8e-05   1.000     481.73 3.4856e-07  18.410  -1.81e+04  -18.410   0.155  0.0002    1.0     8.00    338096  0.950
  69    0.0 1.7e-05   1.000     481.44 3.2977e-07  18.540  -1.81e+04  -18.540   0.149  0.0002    1.0     8.00    343068  0.950
  70    0.0 1.4e-05   0.999     480.73 3.3522e-07  18.513  -1.81e+04  -18.513   0.136  0.0003    1.0     8.00    348040  0.800
Agent's 2nd state: 
Checkpoint saved: bb_costs=480.355, TD costs=3.31602e-07, CPD= 18.540 (ns) 
  71    0.0 1.1e-05   1.000     480.27 3.3139e-07  18.540  -1.81e+04  -18.540   0.089  0.0002    1.0     8.00    353012  0.800
  72    0.0 8.7e-06   1.000     480.33 3.2982e-07  18.540  -1.81e+04  -18.540   0.084  0.0002    1.0     8.00    357984  0.800
  73    0.0 7.0e-06   1.000     479.75 3.3011e-07  18.540  -1.81e+04  -18.540   0.078  0.0002    1.0     8.00    362956  0.800
  74    0.0 5.6e-06   1.000     479.22 3.291e-07   18.540  -1.81e+04  -18.540   0.068  0.0002    1.0     8.00    367928  0.800
Checkpoint saved: bb_costs=479.114, TD costs=3.4208e-07, CPD= 18.444 (ns) 
  75    0.0 4.5e-06   1.000     479.06 3.4194e-07  18.444  -1.81e+04  -18.444   0.057  0.0001    1.0     8.00    372900  0.800
  76    0.0 3.6e-06   1.000     478.81 3.4225e-07  18.444  -1.81e+04  -18.444   0.054  0.0001    1.0     8.00    377872  0.800
  77    0.0 2.9e-06   1.000     478.57 3.4171e-07  18.444  -1.81e+04  -18.444   0.044  0.0001    1.0     8.00    382844  0.800
  78    0.0 2.3e-06   1.000     478.39 3.4209e-07  18.444  -1.81e+04  -18.444   0.033  0.0001    1.0     8.00    387816  0.800
  79    0.0 1.8e-06   1.000     478.23 3.4175e-07  18.444  -1.81e+04  -18.444   0.029  0.0000    1.0     8.00    392788  0.800
  80    0.0 1.5e-06   1.000     478.24 3.4165e-07  18.444  -1.81e+04  -18.444   0.023  0.0000    1.0     8.00    397760  0.800
  81    0.0 1.2e-06   1.000     478.22 3.4211e-07  18.444  -1.81e+04  -18.444   0.027  0.0000    1.0     8.00    402732  0.800
  82    0.0 9.4e-07   1.000     478.17 3.4144e-07  18.444  -1.81e+04  -18.444   0.021  0.0000    1.0     8.00    407704  0.800
  83    0.0 0.0e+00   1.000     478.14 3.4165e-07  18.444  -1.81e+04  -18.444   0.006  0.0000    1.0     8.00    412676  0.800
## Placement Quench took 0.02 seconds (max_rss 149.1 MiB)
post-quench CPD = 18.4443 (ns) 

BB estimate of min-dist (placement) wire length: 45908

Completed placement consistency check successfully.

Swaps called: 413672

Aborted Move Reasons:
  No moves aborted

Placement estimated critical path delay (least slack): 18.4443 ns, Fmax: 54.2173 MHz
Placement estimated setup Worst Negative Slack (sWNS): -18.4443 ns
Placement estimated setup Total Negative Slack (sTNS): -18120.5 ns

Placement estimated setup slack histogram:
[ -1.8e-08: -1.7e-08)  76 (  4.5%) |*********
[ -1.7e-08: -1.5e-08) 405 ( 24.2%) |***********************************************
[ -1.5e-08: -1.3e-08) 332 ( 19.8%) |***************************************
[ -1.3e-08: -1.1e-08) 171 ( 10.2%) |********************
[ -1.1e-08: -9.4e-09) 130 (  7.8%) |***************
[ -9.4e-09: -7.6e-09) 105 (  6.3%) |************
[ -7.6e-09: -5.8e-09)  94 (  5.6%) |***********
[ -5.8e-09:   -4e-09)  81 (  4.8%) |*********
[   -4e-09: -2.2e-09)  59 (  3.5%) |*******
[ -2.2e-09: -4.2e-10) 221 ( 13.2%) |**************************

Placement estimated geomean non-virtual intra-domain period: 18.4443 ns (54.2173 MHz)
Placement estimated fanout-weighted geomean non-virtual intra-domain period: 18.4443 ns (54.2173 MHz)

Placement cost: 0.999934, bb_cost: 478.205, td_cost: 3.41387e-07, 

Placement resource usage:
  io  implemented as io : 435
  clb implemented as clb: 561

Placement number of temperatures: 83
Placement total # of swap attempts: 413672
	Swaps accepted: 118129 (28.6 %)
	Swaps rejected: 280018 (67.7 %)
	Swaps aborted:  15525 ( 3.8 %)


Placement perturbation distribution by block and move type: 
------------------ ----------------- ---------------- ---------------- --------------- ------------ 
    Block Type         Move Type       (%) of Total      Accepted(%)     Rejected(%)    Aborted(%)
------------------ ----------------- ---------------- ---------------- --------------- ------------ 
io                 Uniform                10.28            54.43           45.57          0.00         
                   Median                 10.13            51.52           36.84          11.65        
                   Centroid               10.18            52.09           36.68          11.23        
                   W. Centroid            10.19            52.50           36.24          11.26        
                   W. Median              0.96             13.33           64.78          21.89        
                   Crit. Uniform          0.11             11.90           88.10          0.00         
                   Feasible Region        0.12             10.46           65.06          24.48        

clb                Uniform                13.08            5.89            94.11          0.00         
                   Median                 13.16            16.87           83.02          0.11         
                   Centroid               13.20            14.52           85.48          0.00         
                   W. Centroid            13.09            15.41           84.59          0.00         
                   W. Median              1.25             0.91            99.03          0.06         
                   Crit. Uniform          2.13             0.07            99.93          0.00         
                   Feasible Region        2.13             0.06            98.67          1.27         


Placement Quench timing analysis took 0.00552512 seconds (0.00494199 STA, 0.000583135 slack) (1 full updates: 1 setup, 0 hold, 0 combined).
Placement Total  timing analysis took 0.345592 seconds (0.291488 STA, 0.0541036 slack) (85 full updates: 85 setup, 0 hold, 0 combined).
update_td_costs: connections 0 nets 0 sum_nets 0 total 0
# Placement took 1.51 seconds (max_rss 149.1 MiB, delta_rss +0.0 MiB)

# Routing
Initializing minimum channel width search based on maximum CLB pins

Attempting to route at 76 channels (binary search bounds: [-1, -1])
## Build routing resource graph
SOURCE->OPIN and IPIN->SINK edge count:52388
OPIN->CHANX/CHANY edge count before creating direct connections: 115828
OPIN->CHANX/CHANY edge count after creating direct connections: 116395
CHAN->CHAN type edge count:633752
## Build routing resource graph took 0.26 seconds (max_rss 149.1 MiB, delta_rss +0.0 MiB)
  RR Graph Nodes: 110712
  RR Graph Edges: 802535
Confirming router algorithm: TIMING_DRIVEN.
## Computing router lookahead map
### Computing wire lookahead
### Computing wire lookahead took 0.72 seconds (max_rss 149.1 MiB, delta_rss +0.0 MiB)
### Computing src/opin lookahead
### Computing src/opin lookahead took 0.00 seconds (max_rss 149.1 MiB, delta_rss +0.0 MiB)
## Computing router lookahead map took 0.72 seconds (max_rss 149.1 MiB, delta_rss +0.0 MiB)
## Initializing router criticalities
Initial Net Connection Criticality Histogram:
[        0:      0.1)  705 (  8.2%) |*****************
[      0.1:      0.2)  186 (  2.2%) |****
[      0.2:      0.3)  275 (  3.2%) |******
[      0.3:      0.4)  396 (  4.6%) |*********
[      0.4:      0.5)  539 (  6.2%) |*************
[      0.5:      0.6)  795 (  9.2%) |*******************
[      0.6:      0.7) 1259 ( 14.6%) |*****************************
[      0.7:      0.8) 1882 ( 21.8%) |********************************************
[      0.8:      0.9) 1964 ( 22.8%) |**********************************************
[      0.9:        1)  624 (  7.2%) |***************
## Initializing router criticalities took 0.08 seconds (max_rss 149.1 MiB, delta_rss +0.0 MiB)
---- ------ ------- ---- ------- ------- ------- ----------------- --------------- -------- ---------- ---------- ---------- ---------- --------
Iter   Time    pres  BBs    Heap  Re-Rtd  Re-Rtd Overused RR Nodes      Wirelength      CPD       sTNS       sWNS       hTNS       hWNS Est Succ
      (sec)     fac Updt    push    Nets   Conns                                       (ns)       (ns)       (ns)       (ns)       (ns)     Iter
---- ------ ------- ---- ------- ------- ------- ----------------- --------------- -------- ---------- ---------- ---------- ---------- --------
   1    0.0     0.0    0  406714    5467    8111    4554 ( 4.113%)   63230 (51.2%)   20.252 -1.930e+04    -20.252      0.000      0.000      N/A
Incr Slack updates 85 in 0.0174361 sec
Full Max Req/Worst Slack updates 40 in 0.000635131 sec
Incr Max Req/Worst Slack updates 45 in 0.000948831 sec
Incr Criticality updates 20 in 0.00627686 sec
Full Criticality updates 65 in 0.0262246 sec
   2    0.0     0.5   27  360528    4101    6579    3009 ( 2.718%)   63209 (51.2%)   20.251 -1.931e+04    -20.251      0.000      0.000      N/A
   3    0.0     0.6   22  356299    3348    5622    2614 ( 2.361%)   64229 (52.0%)   20.258 -1.932e+04    -20.258      0.000      0.000      N/A
   4    0.0     0.8   30  361259    2933    5105    2211 ( 1.997%)   65161 (52.8%)   20.251 -1.934e+04    -20.251      0.000      0.000      N/A
   5    0.0     1.1   23  343176    2545    4567    1706 ( 1.541%)   65872 (53.4%)   20.251 -1.936e+04    -20.251      0.000      0.000      N/A
   6    0.0     1.4   30  319376    2087    3900    1303 ( 1.177%)   66952 (54.2%)   20.251 -1.937e+04    -20.251      0.000      0.000      N/A
   7    0.0     1.9   16  285172    1650    3193     923 ( 0.834%)   67710 (54.9%)   20.251 -1.938e+04    -20.251      0.000      0.000      N/A
   8    0.0     2.4   24  235710    1259    2566     646 ( 0.583%)   68707 (55.7%)   20.251 -1.941e+04    -20.251      0.000      0.000      N/A
   9    0.0     3.1   26  195550     897    1956     407 ( 0.368%)   69474 (56.3%)   20.251 -1.942e+04    -20.251      0.000      0.000      N/A
  10    0.0     4.1   25  139631     609    1357     251 ( 0.227%)   70067 (56.8%)   20.251 -1.944e+04    -20.251      0.000      0.000       26
  11    0.0     5.3    9   95569     381     869     144 ( 0.130%)   70671 (57.3%)   20.252 -1.945e+04    -20.252      0.000      0.000       24
  12    0.0     6.9   13   60384     230     519      80 ( 0.072%)   71134 (57.6%)   20.251 -1.945e+04    -20.251      0.000      0.000       23
  13    0.0     9.0   11   40437     127     266      38 ( 0.034%)   71439 (57.9%)   20.251 -1.946e+04    -20.251      0.000      0.000       21
  14    0.0    11.6   13   27952      56     117      22 ( 0.020%)   71663 (58.1%)   20.252 -1.946e+04    -20.252      0.000      0.000       20
  15    0.0    15.1    4   19628      34      77      11 ( 0.010%)   71745 (58.1%)   20.252 -1.946e+04    -20.252      0.000      0.000       20
  16    0.0    19.7    1   16276      16      41       4 ( 0.004%)   71807 (58.2%)   20.252 -1.946e+04    -20.252      0.000      0.000       19
  17    0.0    25.6    1   10502       6      11       2 ( 0.002%)   71809 (58.2%)   20.252 -1.946e+04    -20.252      0.000      0.000       19
  18    0.0    33.3    0   16497       3       6       1 ( 0.001%)   71837 (58.2%)   20.252 -1.946e+04    -20.252      0.000      0.000       18
  19    0.0    43.3    0    9394       1       1       1 ( 0.001%)   71842 (58.2%)   20.252 -1.946e+04    -20.252      0.000      0.000       18
  20    0.0    56.2    0   19100       3       4       1 ( 0.001%)   71838 (58.2%)   20.252 -1.946e+04    -20.252      0.000      0.000       18
  21    0.0    73.1    0   11332       2       2       1 ( 0.001%)   71836 (58.2%)   20.252 -1.946e+04    -20.252      0.000      0.000       19
  22    0.0    95.0    0   13539       2       2       1 ( 0.001%)   71837 (58.2%)   20.252 -1.946e+04    -20.252      0.000      0.000       19
  23    0.0   123.5    0    9393       1       1       1 ( 0.001%)   71838 (58.2%)   20.252 -1.946e+04    -20.252      0.000      0.000       20
  24    0.0   160.6    1    7068       1       2       1 ( 0.001%)   71850 (58.2%)   20.252 -1.946e+04    -20.252      0.000      0.000       21
  25    0.0   208.8    0   15646       2       3       1 ( 0.001%)   71862 (58.2%)   20.252 -1.946e+04    -20.252      0.000      0.000       21
  26    0.0   271.4    0   13020       2       3       1 ( 0.001%)   71876 (58.2%)   20.252 -1.946e+04    -20.252      0.000      0.000       22
  27    0.0   352.8    1   13792       2       3       1 ( 0.001%)   71868 (58.2%)   20.252 -1.946e+04    -20.252      0.000      0.000       23
  28    0.0   458.7    0   13258       2       3       1 ( 0.001%)   71889 (58.2%)   20.252 -1.946e+04    -20.252      0.000      0.000       23
  29    0.0   596.3    1   29617       3       5       1 ( 0.001%)   71830 (58.2%)   20.252 -1.946e+04    -20.252      0.000      0.000       24
  30    0.0   775.1    0   14191       2       4       1 ( 0.001%)   71832 (58.2%)   20.252 -1.946e+04    -20.252      0.000      0.000       25
  31    0.0  1007.7    0    9045       2       3       1 ( 0.001%)   71842 (58.2%)   20.252 -1.946e+04    -20.252      0.000      0.000       26
  32    0.0  1310.0    1   16266       2       3       1 ( 0.001%)   71842 (58.2%)   20.252 -1.946e+04    -20.252      0.000      0.000       26
  33    0.0  1703.0    0   10509       2       3       1 ( 0.001%)   71842 (58.2%)   20.252 -1.946e+04    -20.252      0.000      0.000       27
  34    0.0  2213.9    0   12250       2       3       1 ( 0.001%)   71847 (58.2%)   20.252 -1.946e+04    -20.252      0.000      0.000       28
  35    0.0  2878.1    1   20935       2       4       1 ( 0.001%)   71852 (58.2%)   20.252 -1.946e+04    -20.252      0.000      0.000      N/A
  36    0.0  3741.5    0   14574       2       3       1 ( 0.001%)   71854 (58.2%)   20.252 -1.946e+04    -20.252      0.000      0.000      N/A
  37    0.0  4863.9    0   10785       2       3       1 ( 0.001%)   71858 (58.2%)   20.252 -1.946e+04    -20.252      0.000      0.000      N/A
  38    0.0  6323.1    1    9965       2       3       0 ( 0.000%)   71850 (58.2%)   20.252 -1.946e+04    -20.252      0.000      0.000      N/A
Restoring best routing
Critical path: 20.2524 ns
Successfully routed after 38 routing iterations.
Final Net Connection Criticality Histogram:
[        0:      0.1)  695 (  8.1%) |***************
[      0.1:      0.2)  198 (  2.3%) |****
[      0.2:      0.3)  283 (  3.3%) |******
[      0.3:      0.4)  415 (  4.8%) |*********
[      0.4:      0.5)  605 (  7.0%) |*************
[      0.5:      0.6)  882 ( 10.2%) |*******************
[      0.6:      0.7) 1371 ( 15.9%) |*****************************
[      0.7:      0.8) 2151 ( 24.9%) |**********************************************
[      0.8:      0.9) 1768 ( 20.5%) |**************************************
[      0.9:        1)  257 (  3.0%) |*****
Router Stats: total_nets_routed: 25788 total_connections_routed: 44920 total_heap_pushes: 3564339 total_heap_pops: 831717 total_internal_heap_pushes: 0 total_internal_heap_pops: 0 total_external_heap_pushes: 3564339 total_external_heap_pops: 831717 total_external_SOURCE_pushes: 44920 total_external_SOURCE_pops: 34226 total_internal_SOURCE_pushes: 0 total_internal_SOURCE_pops: 0 rt_node_SOURCE_pushes: 44920 rt_node_SOURCE_high_fanout_pushes: 0 rt_node_SOURCE_entire_tree_pushes: 44920 total_external_SINK_pushes: 135861 total_external_SINK_pops: 123782 total_internal_SINK_pushes: 0 total_internal_SINK_pops: 0 rt_node_SINK_pushes: 0 rt_node_SINK_high_fanout_pushes: 0 rt_node_SINK_entire_tree_pushes: 0 total_external_IPIN_pushes: 196767 total_external_IPIN_pops: 180139 total_internal_IPIN_pushes: 0 total_internal_IPIN_pops: 0 rt_node_IPIN_pushes: 0 rt_node_IPIN_high_fanout_pushes: 0 rt_node_IPIN_entire_tree_pushes: 0 total_external_OPIN_pushes: 47065 total_external_OPIN_pops: 37770 total_internal_OPIN_pushes: 0 total_internal_OPIN_pops: 0 rt_node_OPIN_pushes: 19132 rt_node_OPIN_high_fanout_pushes: 0 rt_node_OPIN_entire_tree_pushes: 19132 total_external_CHANX_pushes: 1561834 total_external_CHANX_pops: 228948 total_internal_CHANX_pushes: 0 total_internal_CHANX_pops: 0 rt_node_CHANX_pushes: 40876 rt_node_CHANX_high_fanout_pushes: 0 rt_node_CHANX_entire_tree_pushes: 40876 total_external_CHANY_pushes: 1577892 total_external_CHANY_pops: 226852 total_internal_CHANY_pushes: 0 total_internal_CHANY_pops: 0 rt_node_CHANY_pushes: 41126 rt_node_CHANY_high_fanout_pushes: 0 rt_node_CHANY_entire_tree_pushes: 41126 total_number_of_adding_all_rt: 212316 total_number_of_adding_high_fanout_rt: 0 total_number_of_adding_all_rt_from_calling_high_fanout_rt: 0 

Attempting to route at 38 channels (binary search bounds: [-1, 76])
## Build routing resource graph
SOURCE->OPIN and IPIN->SINK edge count:52388
OPIN->CHANX/CHANY edge count before creating direct connections: 57930
OPIN->CHANX/CHANY edge count after creating direct connections: 58497
CHAN->CHAN type edge count:318446
## Build routing resource graph took 0.11 seconds (max_rss 149.1 MiB, delta_rss +0.0 MiB)
  RR Graph Nodes: 93632
  RR Graph Edges: 429331
Confirming router algorithm: TIMING_DRIVEN.
## Computing router lookahead map
### Computing wire lookahead
### Computing wire lookahead took 0.47 seconds (max_rss 149.1 MiB, delta_rss +0.0 MiB)
### Computing src/opin lookahead
### Computing src/opin lookahead took 0.00 seconds (max_rss 149.1 MiB, delta_rss +0.0 MiB)
## Computing router lookahead map took 0.47 seconds (max_rss 149.1 MiB, delta_rss +0.0 MiB)
## Initializing router criticalities
Initial Net Connection Criticality Histogram:
[        0:      0.1)  705 (  8.2%) |*****************
[      0.1:      0.2)  186 (  2.2%) |****
[      0.2:      0.3)  275 (  3.2%) |******
[      0.3:      0.4)  396 (  4.6%) |*********
[      0.4:      0.5)  539 (  6.2%) |*************
[      0.5:      0.6)  795 (  9.2%) |*******************
[      0.6:      0.7) 1259 ( 14.6%) |*****************************
[      0.7:      0.8) 1882 ( 21.8%) |********************************************
[      0.8:      0.9) 1964 ( 22.8%) |**********************************************
[      0.9:        1)  624 (  7.2%) |***************
## Initializing router criticalities took 0.01 seconds (max_rss 149.1 MiB, delta_rss +0.0 MiB)
---- ------ ------- ---- ------- ------- ------- ----------------- --------------- -------- ---------- ---------- ---------- ---------- --------
Iter   Time    pres  BBs    Heap  Re-Rtd  Re-Rtd Overused RR Nodes      Wirelength      CPD       sTNS       sWNS       hTNS       hWNS Est Succ
      (sec)     fac Updt    push    Nets   Conns                                       (ns)       (ns)       (ns)       (ns)       (ns)     Iter
---- ------ ------- ---- ------- ------- ------- ----------------- --------------- -------- ---------- ---------- ---------- ---------- --------
   1    0.0     0.0    0  371231    5467    8111    5759 ( 6.151%)   65962 (106.9%)   20.519 -1.956e+04    -20.519      0.000      0.000      N/A
Wire length usage ratio 1.06887 exceeds limit of 0.85, fail routing.
Routing failed.

Failed routing attempt #0
Total number of overused nodes: 5759
Total number of overused nodes is larger than the logging limit (20).
Displaying the first 20 entries.
Routing Failure Diagnostics: Printing Overused Nodes Information
------ ------- ---------- --------- -------- ------------ ------- ------- ------- ------- ------- ------- -------
   No.  NodeId  Occupancy  Capacity  RR Node    Direction    Side     PTC   Block    Xlow    Ylow   Xhigh   Yhigh
                                        type                          NUM    Name                                 
------ ------- ---------- --------- -------- ------------ ------- ------- ------- ------- ------- ------- -------
     0    2852          2         1     IPIN          N/A   RIGHT       5     clb       1      15       1      15
     1    3053          2         1     IPIN          N/A  BOTTOM       2     clb       1      17       1      17
     2    3080          2         1     IPIN          N/A   RIGHT      29     clb       1      17       1      17
     3    3081          2         1     IPIN          N/A  BOTTOM      30     clb       1      17       1      17
     4    3154          2         1     IPIN          N/A   RIGHT       1     clb       1      18       1      18
     5    3267          2         1     IPIN          N/A     TOP      12     clb       1      19       1      19
     6    3269          2         1     IPIN          N/A  BOTTOM      14     clb       1      19       1      19
     7    3277          2         1     IPIN          N/A  BOTTOM      22     clb       1      19       1      19
     8    3293          2         1     IPIN          N/A  BOTTOM      38     clb       1      19       1      19
     9    3361          2         1     IPIN          N/A     TOP       4     clb       1      20       1      20
    10    3364          2         1     IPIN          N/A    LEFT       7     clb       1      20       1      20
    11    3368          2         1     IPIN          N/A    LEFT      11     clb       1      20       1      20
    12    3370          2         1     IPIN          N/A   RIGHT      13     clb       1      20       1      20
    13    3380          2         1     IPIN          N/A    LEFT      23     clb       1      20       1      20
    14    3395          2         1     IPIN          N/A  BOTTOM      38     clb       1      20       1      20
    15    3471          2         1     IPIN          N/A     TOP      12     clb       1      21       1      21
    16    3496          2         1     IPIN          N/A   RIGHT      37     clb       1      21       1      21
    17    3562          2         1     IPIN          N/A   RIGHT       1     clb       1      22       1      22
    18    3689          2         1     IPIN          N/A  BOTTOM      26     clb       1      23       1      23
    19    6063          2         1     IPIN          N/A  BOTTOM       2     clb       3       4       3       4

Final Net Connection Criticality Histogram:
[        0:      0.1)  705 (  8.2%) |***************
[      0.1:      0.2)  206 (  2.4%) |****
[      0.2:      0.3)  297 (  3.4%) |******
[      0.3:      0.4)  420 (  4.9%) |*********
[      0.4:      0.5)  608 (  7.0%) |*************
[      0.5:      0.6)  914 ( 10.6%) |********************
[      0.6:      0.7) 1473 ( 17.1%) |********************************
[      0.7:      0.8) 2112 ( 24.5%) |**********************************************
[      0.8:      0.9) 1627 ( 18.9%) |***********************************
[      0.9:        1)  263 (  3.0%) |******
Router Stats: total_nets_routed: 5467 total_connections_routed: 8111 total_heap_pushes: 371231 total_heap_pops: 101349 total_internal_heap_pushes: 0 total_internal_heap_pops: 0 total_external_heap_pushes: 371231 total_external_heap_pops: 101349 total_external_SOURCE_pushes: 8111 total_external_SOURCE_pops: 6438 total_internal_SOURCE_pushes: 0 total_internal_SOURCE_pops: 0 rt_node_SOURCE_pushes: 8111 rt_node_SOURCE_high_fanout_pushes: 0 rt_node_SOURCE_entire_tree_pushes: 8111 total_external_SINK_pushes: 24582 total_external_SINK_pops: 20735 total_internal_SINK_pushes: 0 total_internal_SINK_pops: 0 rt_node_SINK_pushes: 0 rt_node_SINK_high_fanout_pushes: 0 rt_node_SINK_entire_tree_pushes: 0 total_external_IPIN_pushes: 31560 total_external_IPIN_pops: 31398 total_internal_IPIN_pushes: 0 total_internal_IPIN_pops: 0 rt_node_IPIN_pushes: 0 rt_node_IPIN_high_fanout_pushes: 0 rt_node_IPIN_entire_tree_pushes: 0 total_external_OPIN_pushes: 8406 total_external_OPIN_pops: 6941 total_internal_OPIN_pushes: 0 total_internal_OPIN_pops: 0 rt_node_OPIN_pushes: 2644 rt_node_OPIN_high_fanout_pushes: 0 rt_node_OPIN_entire_tree_pushes: 2644 total_external_CHANX_pushes: 150515 total_external_CHANX_pops: 17845 total_internal_CHANX_pushes: 0 total_internal_CHANX_pops: 0 rt_node_CHANX_pushes: 5007 rt_node_CHANX_high_fanout_pushes: 0 rt_node_CHANX_entire_tree_pushes: 5007 total_external_CHANY_pushes: 148057 total_external_CHANY_pops: 17992 total_internal_CHANY_pushes: 0 total_internal_CHANY_pops: 0 rt_node_CHANY_pushes: 5076 rt_node_CHANY_high_fanout_pushes: 0 rt_node_CHANY_entire_tree_pushes: 5076 total_number_of_adding_all_rt: 29304 total_number_of_adding_high_fanout_rt: 0 total_number_of_adding_all_rt_from_calling_high_fanout_rt: 0 

Attempting to route at 58 channels (binary search bounds: [38, 76])
## Build routing resource graph
SOURCE->OPIN and IPIN->SINK edge count:52388
OPIN->CHANX/CHANY edge count before creating direct connections: 88314
OPIN->CHANX/CHANY edge count after creating direct connections: 88881
CHAN->CHAN type edge count:487550
## Build routing resource graph took 0.18 seconds (max_rss 149.1 MiB, delta_rss +0.0 MiB)
  RR Graph Nodes: 102620
  RR Graph Edges: 628819
Confirming router algorithm: TIMING_DRIVEN.
## Computing router lookahead map
### Computing wire lookahead
### Computing wire lookahead took 0.64 seconds (max_rss 149.1 MiB, delta_rss +0.0 MiB)
### Computing src/opin lookahead
### Computing src/opin lookahead took 0.00 seconds (max_rss 149.1 MiB, delta_rss +0.0 MiB)
## Computing router lookahead map took 0.64 seconds (max_rss 149.1 MiB, delta_rss +0.0 MiB)
## Initializing router criticalities
Initial Net Connection Criticality Histogram:
[        0:      0.1)  705 (  8.2%) |*****************
[      0.1:      0.2)  186 (  2.2%) |****
[      0.2:      0.3)  275 (  3.2%) |*******
[      0.3:      0.4)  396 (  4.6%) |*********
[      0.4:      0.5)  543 (  6.3%) |*************
[      0.5:      0.6)  798 (  9.3%) |*******************
[      0.6:      0.7) 1265 ( 14.7%) |******************************
[      0.7:      0.8) 1901 ( 22.0%) |*********************************************
[      0.8:      0.9) 1940 ( 22.5%) |**********************************************
[      0.9:        1)  616 (  7.1%) |***************
## Initializing router criticalities took 0.01 seconds (max_rss 149.1 MiB, delta_rss +0.0 MiB)
---- ------ ------- ---- ------- ------- ------- ----------------- --------------- -------- ---------- ---------- ---------- ---------- --------
Iter   Time    pres  BBs    Heap  Re-Rtd  Re-Rtd Overused RR Nodes      Wirelength      CPD       sTNS       sWNS       hTNS       hWNS Est Succ
      (sec)     fac Updt    push    Nets   Conns                                       (ns)       (ns)       (ns)       (ns)       (ns)     Iter
---- ------ ------- ---- ------- ------- ------- ----------------- --------------- -------- ---------- ---------- ---------- ---------- --------
   1    0.0     0.0    0  396667    5467    8111    4978 ( 4.851%)   63884 (67.8%)   20.421 -1.937e+04    -20.421      0.000      0.000      N/A
   2    0.0     0.5   30  373224    4482    7007    4125 ( 4.020%)   63896 (67.8%)   20.511 -1.940e+04    -20.511      0.000      0.000      N/A
   3    0.0     0.6   15  411375    3930    6358    3857 ( 3.759%)   65838 (69.9%)   20.639 -1.942e+04    -20.639      0.000      0.000      N/A
   4    0.0     0.8   46  465988    3620    6021    3435 ( 3.347%)   67672 (71.8%)   20.636 -1.947e+04    -20.636      0.000      0.000      N/A
   5    0.1     1.1   63  523894    3359    5675    2915 ( 2.841%)   69000 (73.3%)   20.436 -1.948e+04    -20.436      0.000      0.000      N/A
   6    0.1     1.4   78  547806    2942    5096    2528 ( 2.463%)   70263 (74.6%)   20.444 -1.950e+04    -20.444      0.000      0.000      N/A
   7    0.1     1.9   71  593281    2713    4771    2134 ( 2.080%)   71352 (75.8%)   20.458 -1.956e+04    -20.458      0.000      0.000      N/A
   8    0.1     2.4   71  657367    2380    4298    1811 ( 1.765%)   72897 (77.4%)   20.531 -1.962e+04    -20.531      0.000      0.000      N/A
   9    0.1     3.1   67  816919    2155    4017    1548 ( 1.508%)   73946 (78.5%)   20.504 -1.969e+04    -20.504      0.000      0.000      N/A
  10    0.1     4.1   84  850335    1907    3611    1352 ( 1.317%)   75234 (79.9%)   20.534 -1.973e+04    -20.534      0.000      0.000       55
  11    0.1     5.3   86 1000499    1713    3280    1212 ( 1.181%)   76645 (81.4%)   20.538 -1.977e+04    -20.538      0.000      0.000       56
  12    0.1     6.9   55 1074929    1553    2985    1086 ( 1.058%)   77747 (82.5%)   20.538 -1.982e+04    -20.538      0.000      0.000       59
  13    0.1     9.0   68 1227194    1453    2815    1033 ( 1.007%)   78980 (83.9%)   20.544 -1.991e+04    -20.544      0.000      0.000       64
  14    0.1    11.6   62 1424297    1423    2780     990 ( 0.965%)   80381 (85.3%)   20.530 -1.998e+04    -20.530      0.000      0.000       69
  15    0.1    15.1   75 1587252    1400    2753     980 ( 0.955%)   81322 (86.3%)   20.547 -2.002e+04    -20.547      0.000      0.000       81
  16    0.2    19.7   73 1658350    1356    2704     959 ( 0.935%)   82456 (87.5%)   20.544 -2.010e+04    -20.544      0.000      0.000       92
  17    0.2    25.6   63 1864743    1404    2748     973 ( 0.948%)   83455 (88.6%)   20.544 -2.018e+04    -20.544      0.000      0.000      118
  18    0.2    33.3   68 1895512    1336    2632     950 ( 0.926%)   84094 (89.3%)   20.544 -2.029e+04    -20.544      0.000      0.000      137
  19    0.2    43.3   61 1839003    1421    2823     949 ( 0.925%)   84956 (90.2%)   20.544 -2.044e+04    -20.544      0.000      0.000      190
Routing aborted, the predicted iteration for a successful route (190.0) is too high.
Routing failed.

Failed routing attempt #1
Total number of overused nodes: 949
Total number of overused nodes is larger than the logging limit (20).
Displaying the first 20 entries.
Routing Failure Diagnostics: Printing Overused Nodes Information
------ ------- ---------- --------- -------- ------------ ------- ------- ------- ------- ------- ------- -------
   No.  NodeId  Occupancy  Capacity  RR Node    Direction    Side     PTC   Block    Xlow    Ylow   Xhigh   Yhigh
                                        type                          NUM    Name                                 
------ ------- ---------- --------- -------- ------------ ------- ------- ------- ------- ------- ------- -------
     0    6987          2         1     IPIN          N/A     TOP       8     clb       3      13       3      13
     1    7202          2         1     IPIN          N/A    LEFT      19     clb       3      15       3      15
     2    7292          2         1     IPIN          N/A    LEFT       7     clb       3      16       3      16
     3    7294          2         1     IPIN          N/A   RIGHT       9     clb       3      16       3      16
     4    7387          2         1     IPIN          N/A     TOP       0     clb       3      17       3      17
     5    9217          2         1     IPIN          N/A     TOP       0     clb       4       6       4       6
     6    9634          2         1     IPIN          N/A   RIGHT       9     clb       4      10       4      10
     7    9935          2         1     IPIN          N/A     TOP       4     clb       4      13       4      13
     8   10033          2         1     IPIN          N/A     TOP       0     clb       4      14       4      14
     9   10339          2         1     IPIN          N/A     TOP       0     clb       4      17       4      17
    10   10366          2         1     IPIN          N/A    LEFT      27     clb       4      17       4      17
    11   10451          2         1     IPIN          N/A  BOTTOM      10     clb       4      18       4      18
    12   12783          2         1     IPIN          N/A  BOTTOM       2     clb       5      12       5      12
    13   12890          2         1     IPIN          N/A    LEFT       7     clb       5      13       5      13
    14   13125          2         1     IPIN          N/A  BOTTOM      38     clb       5      15       5      15
    15   13539          2         1     IPIN          N/A     TOP      44     clb       5      19       5      19
    16   13700          2         1     IPIN          N/A   RIGHT       1     clb       5      21       5      21
    17   17346          2         1     IPIN          N/A    LEFT      11     clb       7       7       7       7
    18   17647          2         1     IPIN          N/A  BOTTOM       6     clb       7      10       7      10
    19   17765          2         1     IPIN          N/A  BOTTOM      22     clb       7      11       7      11

Final Net Connection Criticality Histogram:
[        0:      0.1)  676 (  7.8%) |***************
[      0.1:      0.2)  195 (  2.3%) |****
[      0.2:      0.3)  263 (  3.0%) |******
[      0.3:      0.4)  390 (  4.5%) |*********
[      0.4:      0.5)  555 (  6.4%) |*************
[      0.5:      0.6)  813 (  9.4%) |*******************
[      0.6:      0.7) 1237 ( 14.3%) |****************************
[      0.7:      0.8) 1948 ( 22.6%) |********************************************
[      0.8:      0.9) 2018 ( 23.4%) |**********************************************
[      0.9:        1)  530 (  6.1%) |************
Router Stats: total_nets_routed: 46014 total_connections_routed: 80485 total_heap_pushes: 19208635 total_heap_pops: 4917194 total_internal_heap_pushes: 0 total_internal_heap_pops: 0 total_external_heap_pushes: 19208635 total_external_heap_pops: 4917194 total_external_SOURCE_pushes: 80485 total_external_SOURCE_pops: 67186 total_internal_SOURCE_pushes: 0 total_internal_SOURCE_pops: 0 rt_node_SOURCE_pushes: 80485 rt_node_SOURCE_high_fanout_pushes: 0 rt_node_SOURCE_entire_tree_pushes: 80485 total_external_SINK_pushes: 230345 total_external_SINK_pops: 208876 total_internal_SINK_pushes: 0 total_internal_SINK_pops: 0 rt_node_SINK_pushes: 0 rt_node_SINK_high_fanout_pushes: 0 rt_node_SINK_entire_tree_pushes: 0 total_external_IPIN_pushes: 333547 total_external_IPIN_pops: 298564 total_internal_IPIN_pushes: 0 total_internal_IPIN_pops: 0 rt_node_IPIN_pushes: 0 rt_node_IPIN_high_fanout_pushes: 0 rt_node_IPIN_entire_tree_pushes: 0 total_external_OPIN_pushes: 84496 total_external_OPIN_pops: 72415 total_internal_OPIN_pushes: 0 total_internal_OPIN_pops: 0 rt_node_OPIN_pushes: 34471 rt_node_OPIN_high_fanout_pushes: 0 rt_node_OPIN_entire_tree_pushes: 34471 total_external_CHANX_pushes: 9376064 total_external_CHANX_pops: 2116758 total_internal_CHANX_pushes: 0 total_internal_CHANX_pops: 0 rt_node_CHANX_pushes: 86809 rt_node_CHANX_high_fanout_pushes: 0 rt_node_CHANX_entire_tree_pushes: 86809 total_external_CHANY_pushes: 9103698 total_external_CHANY_pops: 2153395 total_internal_CHANY_pushes: 0 total_internal_CHANY_pops: 0 rt_node_CHANY_pushes: 85633 rt_node_CHANY_high_fanout_pushes: 0 rt_node_CHANY_entire_tree_pushes: 85633 total_number_of_adding_all_rt: 406208 total_number_of_adding_high_fanout_rt: 0 total_number_of_adding_all_rt_from_calling_high_fanout_rt: 0 

Attempting to route at 68 channels (binary search bounds: [58, 76])
## Build routing resource graph
SOURCE->OPIN and IPIN->SINK edge count:52388
OPIN->CHANX/CHANY edge count before creating direct connections: 104402
OPIN->CHANX/CHANY edge count after creating direct connections: 104969
CHAN->CHAN type edge count:570216
## Build routing resource graph took 0.21 seconds (max_rss 149.1 MiB, delta_rss +0.0 MiB)
  RR Graph Nodes: 107116
  RR Graph Edges: 727573
Confirming router algorithm: TIMING_DRIVEN.
## Computing router lookahead map
### Computing wire lookahead
### Computing wire lookahead took 0.71 seconds (max_rss 149.1 MiB, delta_rss +0.0 MiB)
### Computing src/opin lookahead
### Computing src/opin lookahead took 0.00 seconds (max_rss 149.1 MiB, delta_rss +0.0 MiB)
## Computing router lookahead map took 0.71 seconds (max_rss 149.1 MiB, delta_rss +0.0 MiB)
## Initializing router criticalities
Initial Net Connection Criticality Histogram:
[        0:      0.1)  705 (  8.2%) |*****************
[      0.1:      0.2)  186 (  2.2%) |****
[      0.2:      0.3)  275 (  3.2%) |*******
[      0.3:      0.4)  396 (  4.6%) |*********
[      0.4:      0.5)  543 (  6.3%) |*************
[      0.5:      0.6)  798 (  9.3%) |*******************
[      0.6:      0.7) 1265 ( 14.7%) |******************************
[      0.7:      0.8) 1901 ( 22.0%) |*********************************************
[      0.8:      0.9) 1940 ( 22.5%) |**********************************************
[      0.9:        1)  616 (  7.1%) |***************
## Initializing router criticalities took 0.01 seconds (max_rss 149.1 MiB, delta_rss +0.0 MiB)
---- ------ ------- ---- ------- ------- ------- ----------------- --------------- -------- ---------- ---------- ---------- ---------- --------
Iter   Time    pres  BBs    Heap  Re-Rtd  Re-Rtd Overused RR Nodes      Wirelength      CPD       sTNS       sWNS       hTNS       hWNS Est Succ
      (sec)     fac Updt    push    Nets   Conns                                       (ns)       (ns)       (ns)       (ns)       (ns)     Iter
---- ------ ------- ---- ------- ------- ------- ----------------- --------------- -------- ---------- ---------- ---------- ---------- --------
   1    0.1     0.0    0  407781    5467    8111    4839 ( 4.518%)   63650 (57.6%)   20.352 -1.934e+04    -20.352      0.000      0.000      N/A
   2    0.0     0.5   25  378311    4334    6861    3458 ( 3.228%)   63745 (57.7%)   20.366 -1.935e+04    -20.366      0.000      0.000      N/A
   3    0.0     0.6   22  386679    3565    5929    3111 ( 2.904%)   65031 (58.9%)   20.400 -1.938e+04    -20.400      0.000      0.000      N/A
   4    0.0     0.8   36  396694    3217    5503    2691 ( 2.512%)   66143 (59.9%)   20.402 -1.939e+04    -20.402      0.000      0.000      N/A
   5    0.0     1.1   47  395474    2808    4949    2143 ( 2.001%)   67318 (61.0%)   20.373 -1.943e+04    -20.373      0.000      0.000      N/A
   6    0.0     1.4   40  396649    2393    4343    1672 ( 1.561%)   68478 (62.0%)   20.414 -1.946e+04    -20.414      0.000      0.000      N/A
   7    0.0     1.9   50  365551    1982    3743    1292 ( 1.206%)   69461 (62.9%)   20.397 -1.948e+04    -20.397      0.000      0.000      N/A
   8    0.0     2.4   46  355095    1643    3192     961 ( 0.897%)   70605 (63.9%)   20.405 -1.950e+04    -20.405      0.000      0.000      N/A
   9    0.0     3.1   43  331193    1286    2593     696 ( 0.650%)   71723 (64.9%)   20.399 -1.953e+04    -20.399      0.000      0.000      N/A
  10    0.0     4.1   42  282006     977    2029     481 ( 0.449%)   72451 (65.6%)   20.399 -1.957e+04    -20.399      0.000      0.000       32
  11    0.0     5.3   40  236322     744    1585     367 ( 0.343%)   73394 (66.5%)   20.399 -1.960e+04    -20.399      0.000      0.000       30
  12    0.0     6.9   34  246462     602    1312     281 ( 0.262%)   74322 (67.3%)   20.399 -1.963e+04    -20.399      0.000      0.000       30
  13    0.0     9.0   27  233022     470    1028     212 ( 0.198%)   74991 (67.9%)   20.399 -1.964e+04    -20.399      0.000      0.000       30
  14    0.0    11.6   20  196040     376     843     168 ( 0.157%)   75509 (68.4%)   20.399 -1.966e+04    -20.399      0.000      0.000       30
  15    0.0    15.1   20  173560     309     723     127 ( 0.119%)   76045 (68.9%)   20.399 -1.968e+04    -20.399      0.000      0.000       31
  16    0.0    19.7   22  208081     244     586     108 ( 0.101%)   76664 (69.4%)   20.399 -1.976e+04    -20.399      0.000      0.000       32
  17    0.0    25.6   20  240169     230     571      78 ( 0.073%)   77072 (69.8%)   20.399 -1.980e+04    -20.399      0.000      0.000       33
  18    0.0    33.3   11  170163     178     424      62 ( 0.058%)   77455 (70.1%)   20.399 -1.981e+04    -20.399      0.000      0.000       33
  19    0.0    43.3   11  220999     159     406      51 ( 0.048%)   77631 (70.3%)   20.399 -1.982e+04    -20.399      0.000      0.000       34
  20    0.0    56.2    6  216365     137     341      43 ( 0.040%)   77788 (70.4%)   20.399 -1.984e+04    -20.399      0.000      0.000       35
  21    0.0    73.1   10  149390     128     321      38 ( 0.035%)   77877 (70.5%)   20.399 -1.982e+04    -20.399      0.000      0.000       35
  22    0.0    95.0    6  200990     114     277      33 ( 0.031%)   78152 (70.8%)   20.808 -2.009e+04    -20.808      0.000      0.000       36
  23    0.0   123.5    8  178158     109     277      23 ( 0.021%)   78238 (70.8%)   20.399 -1.989e+04    -20.399      0.000      0.000       37
  24    0.0   160.6    9  137916     102     271      21 ( 0.020%)   78397 (71.0%)   20.548 -2.008e+04    -20.548      0.000      0.000       37
  25    0.0   208.8    6  121047     111     274      21 ( 0.020%)   78407 (71.0%)   20.399 -1.990e+04    -20.399      0.000      0.000       38
  26    0.0   271.4    3  140850      99     245      18 ( 0.017%)   78434 (71.0%)   20.548 -2.007e+04    -20.548      0.000      0.000       39
  27    0.0   352.8    1  111342      99     239      17 ( 0.016%)   78446 (71.0%)   20.399 -1.996e+04    -20.399      0.000      0.000       41
  28    0.0   458.7    2  101574      96     241      12 ( 0.011%)   78482 (71.1%)   20.548 -2.007e+04    -20.548      0.000      0.000       42
  29    0.0   596.3    3  122672      87     222      12 ( 0.011%)   78630 (71.2%)   20.548 -2.007e+04    -20.548      0.000      0.000       42
  30    0.0   775.1    6  151140      87     229      10 ( 0.009%)   78673 (71.2%)   20.548 -2.007e+04    -20.548      0.000      0.000       43
  31    0.0  1007.7    5  118005      82     209       9 ( 0.008%)   78725 (71.3%)   20.548 -2.007e+04    -20.548      0.000      0.000       44
  32    0.0  1310.0    2  100889      81     218       5 ( 0.005%)   78808 (71.4%)   20.548 -2.007e+04    -20.548      0.000      0.000       44
  33    0.0  1703.0    3   90655      77     204       6 ( 0.006%)   78804 (71.4%)   20.548 -2.007e+04    -20.548      0.000      0.000       44
  34    0.0  2213.9    0   94526      80     209       6 ( 0.006%)   78758 (71.3%)   20.548 -2.007e+04    -20.548      0.000      0.000       44
  35    0.0  2878.1    2   82359      81     209       5 ( 0.005%)   78759 (71.3%)   20.548 -2.007e+04    -20.548      0.000      0.000       45
  36    0.0  3741.5    1   45197      76     199       4 ( 0.004%)   78755 (71.3%)   20.548 -2.007e+04    -20.548      0.000      0.000       45
  37    0.0  4863.9    2   67615      75     194       5 ( 0.005%)   78755 (71.3%)   20.548 -2.007e+04    -20.548      0.000      0.000       45
  38    0.0  6323.1    1   58657      76     195       3 ( 0.003%)   78804 (71.4%)   20.548 -2.007e+04    -20.548      0.000      0.000       46
  39    0.0  8220.0    1   67741      72     188       3 ( 0.003%)   78793 (71.3%)   20.548 -2.007e+04    -20.548      0.000      0.000       46
  40    0.0 10686.0    1   66325      72     189       2 ( 0.002%)   78825 (71.4%)   20.548 -2.007e+04    -20.548      0.000      0.000       46
  41    0.0 13891.9    1   71302      71     186       2 ( 0.002%)   78818 (71.4%)   20.548 -2.007e+04    -20.548      0.000      0.000       46
  42    0.0 18059.4    0   35297      73     184       4 ( 0.004%)   78822 (71.4%)   20.548 -2.007e+04    -20.548      0.000      0.000       46
  43    0.0 23477.2    0   30983      71     181       2 ( 0.002%)   78818 (71.4%)   20.548 -2.007e+04    -20.548      0.000      0.000       48
  44    0.0 30520.4    0   29947      70     181       2 ( 0.002%)   78822 (71.4%)   20.548 -2.007e+04    -20.548      0.000      0.000       48
  45    0.0 39676.5    0   73359      71     184       3 ( 0.003%)   78830 (71.4%)   20.548 -2.007e+04    -20.548      0.000      0.000       48
  46    0.0 51579.5    0   81018      72     189       2 ( 0.002%)   78871 (71.4%)   20.548 -2.007e+04    -20.548      0.000      0.000       49
  47    0.0 67053.3    0   72451      71     185       2 ( 0.002%)   78867 (71.4%)   20.548 -2.007e+04    -20.548      0.000      0.000       50
  48    0.0 87169.3    0   77517      73     188       3 ( 0.003%)   78873 (71.4%)   20.548 -2.007e+04    -20.548      0.000      0.000       51
  49    0.0 1.1e+05    1   57036      72     187       4 ( 0.004%)   78870 (71.4%)   20.548 -2.007e+04    -20.548      0.000      0.000       52
  50    0.0 1.5e+05    0   73753      73     190       2 ( 0.002%)   78874 (71.4%)   20.548 -2.007e+04    -20.548      0.000      0.000       54
Routing failed.

Failed routing attempt #2
Total number of overused nodes: 2
Routing Failure Diagnostics: Printing Overused Nodes Information
------ ------- ---------- --------- -------- ------------ ------- ------- ------- ------- ------- ------- -------
   No.  NodeId  Occupancy  Capacity  RR Node    Direction    Side     PTC   Block    Xlow    Ylow   Xhigh   Yhigh
                                        type                          NUM    Name                                 
------ ------- ---------- --------- -------- ------------ ------- ------- ------- ------- ------- ------- -------
     0   18056          2         1     IPIN          N/A    LEFT       7     clb       7      14       7      14
     1   82041          2         1    CHANX      DEC_DIR     N/A       1     clb      11      10      14      10

Final Net Connection Criticality Histogram:
[        0:      0.1)  683 (  7.9%) |****************
[      0.1:      0.2)  207 (  2.4%) |*****
[      0.2:      0.3)  274 (  3.2%) |******
[      0.3:      0.4)  415 (  4.8%) |*********
[      0.4:      0.5)  578 (  6.7%) |*************
[      0.5:      0.6)  845 (  9.8%) |*******************
[      0.6:      0.7) 1394 ( 16.2%) |********************************
[      0.7:      0.8) 2018 ( 23.4%) |**********************************************
[      0.8:      0.9) 1828 ( 21.2%) |******************************************
[      0.9:        1)  383 (  4.4%) |*********
Router Stats: total_nets_routed: 33642 total_connections_routed: 61537 total_heap_pushes: 8646327 total_heap_pops: 2062078 total_internal_heap_pushes: 0 total_internal_heap_pops: 0 total_external_heap_pushes: 8646327 total_external_heap_pops: 2062078 total_external_SOURCE_pushes: 61537 total_external_SOURCE_pops: 48233 total_internal_SOURCE_pushes: 0 total_internal_SOURCE_pops: 0 rt_node_SOURCE_pushes: 61537 rt_node_SOURCE_high_fanout_pushes: 0 rt_node_SOURCE_entire_tree_pushes: 61537 total_external_SINK_pushes: 181827 total_external_SINK_pops: 161908 total_internal_SINK_pushes: 0 total_internal_SINK_pops: 0 rt_node_SINK_pushes: 0 rt_node_SINK_high_fanout_pushes: 0 rt_node_SINK_entire_tree_pushes: 0 total_external_IPIN_pushes: 265906 total_external_IPIN_pops: 236025 total_internal_IPIN_pushes: 0 total_internal_IPIN_pops: 0 rt_node_IPIN_pushes: 0 rt_node_IPIN_high_fanout_pushes: 0 rt_node_IPIN_entire_tree_pushes: 0 total_external_OPIN_pushes: 64569 total_external_OPIN_pops: 52805 total_internal_OPIN_pushes: 0 total_internal_OPIN_pops: 0 rt_node_OPIN_pushes: 27895 rt_node_OPIN_high_fanout_pushes: 0 rt_node_OPIN_entire_tree_pushes: 27895 total_external_CHANX_pushes: 4027742 total_external_CHANX_pops: 776338 total_internal_CHANX_pushes: 0 total_internal_CHANX_pops: 0 rt_node_CHANX_pushes: 70489 rt_node_CHANX_high_fanout_pushes: 0 rt_node_CHANX_entire_tree_pushes: 70489 total_external_CHANY_pushes: 4044746 total_external_CHANY_pops: 786769 total_internal_CHANY_pushes: 0 total_internal_CHANY_pops: 0 rt_node_CHANY_pushes: 70095 rt_node_CHANY_high_fanout_pushes: 0 rt_node_CHANY_entire_tree_pushes: 70095 total_number_of_adding_all_rt: 328698 total_number_of_adding_high_fanout_rt: 0 total_number_of_adding_all_rt_from_calling_high_fanout_rt: 0 

Attempting to route at 72 channels (binary search bounds: [68, 76])
## Build routing resource graph
SOURCE->OPIN and IPIN->SINK edge count:52388
OPIN->CHANX/CHANY edge count before creating direct connections: 110110
OPIN->CHANX/CHANY edge count after creating direct connections: 110677
CHAN->CHAN type edge count:601328
## Build routing resource graph took 0.22 seconds (max_rss 149.1 MiB, delta_rss +0.0 MiB)
  RR Graph Nodes: 108916
  RR Graph Edges: 764393
Confirming router algorithm: TIMING_DRIVEN.
## Computing router lookahead map
### Computing wire lookahead
### Computing wire lookahead took 0.73 seconds (max_rss 149.1 MiB, delta_rss +0.0 MiB)
### Computing src/opin lookahead
### Computing src/opin lookahead took 0.00 seconds (max_rss 149.1 MiB, delta_rss +0.0 MiB)
## Computing router lookahead map took 0.73 seconds (max_rss 149.1 MiB, delta_rss +0.0 MiB)
## Initializing router criticalities
Initial Net Connection Criticality Histogram:
[        0:      0.1)  705 (  8.2%) |*****************
[      0.1:      0.2)  186 (  2.2%) |****
[      0.2:      0.3)  275 (  3.2%) |******
[      0.3:      0.4)  396 (  4.6%) |*********
[      0.4:      0.5)  539 (  6.2%) |*************
[      0.5:      0.6)  795 (  9.2%) |*******************
[      0.6:      0.7) 1259 ( 14.6%) |*****************************
[      0.7:      0.8) 1882 ( 21.8%) |********************************************
[      0.8:      0.9) 1964 ( 22.8%) |**********************************************
[      0.9:        1)  624 (  7.2%) |***************
## Initializing router criticalities took 0.01 seconds (max_rss 149.1 MiB, delta_rss +0.0 MiB)
---- ------ ------- ---- ------- ------- ------- ----------------- --------------- -------- ---------- ---------- ---------- ---------- --------
Iter   Time    pres  BBs    Heap  Re-Rtd  Re-Rtd Overused RR Nodes      Wirelength      CPD       sTNS       sWNS       hTNS       hWNS Est Succ
      (sec)     fac Updt    push    Nets   Conns                                       (ns)       (ns)       (ns)       (ns)       (ns)     Iter
---- ------ ------- ---- ------- ------- ------- ----------------- --------------- -------- ---------- ---------- ---------- ---------- --------
   1    0.1     0.0    0  440470    5467    8111    4828 ( 4.433%)   64792 (55.4%)   20.536 -1.944e+04    -20.536      0.000      0.000      N/A
   2    0.0     0.5   32  393224    4248    6759    3330 ( 3.057%)   64614 (55.3%)   20.536 -1.946e+04    -20.536      0.000      0.000      N/A
   3    0.0     0.6   34  401451    3568    5928    2957 ( 2.715%)   65661 (56.2%)   20.535 -1.948e+04    -20.535      0.000      0.000      N/A
   4    0.0     0.8   41  404690    3099    5356    2465 ( 2.263%)   66729 (57.1%)   20.426 -1.949e+04    -20.426      0.000      0.000      N/A
   5    0.0     1.1   35  392246    2706    4800    1864 ( 1.711%)   67566 (57.8%)   20.410 -1.952e+04    -20.410      0.000      0.000      N/A
   6    0.0     1.4   50  367357    2213    4077    1431 ( 1.314%)   68674 (58.7%)   20.436 -1.954e+04    -20.436      0.000      0.000      N/A
   7    0.0     1.9   49  333572    1853    3562    1080 ( 0.992%)   69748 (59.7%)   20.434 -1.957e+04    -20.434      0.000      0.000      N/A
   8    0.0     2.4   33  309664    1486    2959     794 ( 0.729%)   70950 (60.7%)   20.434 -1.959e+04    -20.434      0.000      0.000      N/A
   9    0.0     3.1   30  248175    1086    2255     510 ( 0.468%)   71755 (61.4%)   20.434 -1.960e+04    -20.434      0.000      0.000      N/A
  10    0.0     4.1   34  200839     755    1602     332 ( 0.305%)   72458 (62.0%)   20.434 -1.964e+04    -20.434      0.000      0.000       29
  11    0.0     5.3   34  149681     541    1176     217 ( 0.199%)   73086 (62.5%)   20.434 -1.966e+04    -20.434      0.000      0.000       26
  12    0.0     6.9   20  108029     370     851     132 ( 0.121%)   73559 (62.9%)   20.434 -1.967e+04    -20.434      0.000      0.000       25
  13    0.0     9.0   15   87427     236     565      82 ( 0.075%)   73996 (63.3%)   20.450 -1.968e+04    -20.450      0.000      0.000       24
  14    0.0    11.6   11   80339     157     387      39 ( 0.036%)   74385 (63.6%)   20.450 -1.969e+04    -20.450      0.000      0.000       23
  15    0.0    15.1    9   47728      93     241      17 ( 0.016%)   74611 (63.8%)   20.450 -1.971e+04    -20.450      0.000      0.000       22
  16    0.0    19.7    1   33040      68     178       5 ( 0.005%)   74786 (64.0%)   20.450 -1.971e+04    -20.450      0.000      0.000       21
  17    0.0    25.6    3   17065      51     135       2 ( 0.002%)   74814 (64.0%)   20.450 -1.971e+04    -20.450      0.000      0.000       19
  18    0.0    33.3    1   17085      47     128       2 ( 0.002%)   74812 (64.0%)   20.450 -1.971e+04    -20.450      0.000      0.000       19
  19    0.0    43.3    0   28257      45     123       1 ( 0.001%)   74866 (64.0%)   20.450 -1.974e+04    -20.450      0.000      0.000       19
  20    0.0    56.2    1   17090      47     129       1 ( 0.001%)   74849 (64.0%)   20.450 -1.972e+04    -20.450      0.000      0.000       19
  21    0.0    73.1    0   15863      43     119       1 ( 0.001%)   74849 (64.0%)   20.450 -1.972e+04    -20.450      0.000      0.000       19
  22    0.0    95.0    0   21755      43     118       1 ( 0.001%)   74850 (64.0%)   20.450 -1.972e+04    -20.450      0.000      0.000       20
  23    0.0   123.5    1   15275      43     118       1 ( 0.001%)   74901 (64.1%)   20.450 -1.972e+04    -20.450      0.000      0.000       20
  24    0.0   160.6    2    8562      43     117       1 ( 0.001%)   74901 (64.1%)   20.450 -1.972e+04    -20.450      0.000      0.000       21
  25    0.0   208.8    0    8562      43     117       1 ( 0.001%)   74901 (64.1%)   20.450 -1.972e+04    -20.450      0.000      0.000       21
  26    0.0   271.4    0    8587      43     117       1 ( 0.001%)   74849 (64.0%)   20.450 -1.972e+04    -20.450      0.000      0.000       22
  27    0.0   352.8    0   16730      43     118       0 ( 0.000%)   74887 (64.0%)   20.450 -1.972e+04    -20.450      0.000      0.000       23
Restoring best routing
Critical path: 20.4497 ns
Successfully routed after 27 routing iterations.
Final Net Connection Criticality Histogram:
[        0:      0.1)  693 (  8.0%) |***************
[      0.1:      0.2)  198 (  2.3%) |****
[      0.2:      0.3)  276 (  3.2%) |******
[      0.3:      0.4)  419 (  4.9%) |*********
[      0.4:      0.5)  594 (  6.9%) |*************
[      0.5:      0.6)  855 (  9.9%) |*******************
[      0.6:      0.7) 1408 ( 16.3%) |*******************************
[      0.7:      0.8) 2097 ( 24.3%) |**********************************************
[      0.8:      0.9) 1814 ( 21.0%) |****************************************
[      0.9:        1)  271 (  3.1%) |******
Router Stats: total_nets_routed: 28437 total_connections_routed: 50146 total_heap_pushes: 4172763 total_heap_pops: 902724 total_internal_heap_pushes: 0 total_internal_heap_pops: 0 total_external_heap_pushes: 4172763 total_external_heap_pops: 902724 total_external_SOURCE_pushes: 50146 total_external_SOURCE_pops: 38529 total_internal_SOURCE_pushes: 0 total_internal_SOURCE_pops: 0 rt_node_SOURCE_pushes: 50146 rt_node_SOURCE_high_fanout_pushes: 0 rt_node_SOURCE_entire_tree_pushes: 50146 total_external_SINK_pushes: 155348 total_external_SINK_pops: 139729 total_internal_SINK_pushes: 0 total_internal_SINK_pops: 0 rt_node_SINK_pushes: 0 rt_node_SINK_high_fanout_pushes: 0 rt_node_SINK_entire_tree_pushes: 0 total_external_IPIN_pushes: 220314 total_external_IPIN_pops: 200048 total_internal_IPIN_pushes: 0 total_internal_IPIN_pops: 0 rt_node_IPIN_pushes: 0 rt_node_IPIN_high_fanout_pushes: 0 rt_node_IPIN_entire_tree_pushes: 0 total_external_OPIN_pushes: 52592 total_external_OPIN_pops: 42484 total_internal_OPIN_pushes: 0 total_internal_OPIN_pops: 0 rt_node_OPIN_pushes: 21709 rt_node_OPIN_high_fanout_pushes: 0 rt_node_OPIN_entire_tree_pushes: 21709 total_external_CHANX_pushes: 1847780 total_external_CHANX_pops: 238906 total_internal_CHANX_pushes: 0 total_internal_CHANX_pops: 0 rt_node_CHANX_pushes: 49311 rt_node_CHANX_high_fanout_pushes: 0 rt_node_CHANX_entire_tree_pushes: 49311 total_external_CHANY_pushes: 1846583 total_external_CHANY_pops: 243028 total_internal_CHANY_pushes: 0 total_internal_CHANY_pops: 0 rt_node_CHANY_pushes: 49850 rt_node_CHANY_high_fanout_pushes: 0 rt_node_CHANY_entire_tree_pushes: 49850 total_number_of_adding_all_rt: 247436 total_number_of_adding_high_fanout_rt: 0 total_number_of_adding_all_rt_from_calling_high_fanout_rt: 0 

Attempting to route at 70 channels (binary search bounds: [68, 72])
## Build routing resource graph
SOURCE->OPIN and IPIN->SINK edge count:52388
OPIN->CHANX/CHANY edge count before creating direct connections: 107240
OPIN->CHANX/CHANY edge count after creating direct connections: 107807
CHAN->CHAN type edge count:589372
## Build routing resource graph took 0.22 seconds (max_rss 149.1 MiB, delta_rss +0.0 MiB)
  RR Graph Nodes: 108016
  RR Graph Edges: 749567
Confirming router algorithm: TIMING_DRIVEN.
## Computing router lookahead map
### Computing wire lookahead
### Computing wire lookahead took 0.73 seconds (max_rss 149.1 MiB, delta_rss +0.0 MiB)
### Computing src/opin lookahead
### Computing src/opin lookahead took 0.00 seconds (max_rss 149.1 MiB, delta_rss +0.0 MiB)
## Computing router lookahead map took 0.73 seconds (max_rss 149.1 MiB, delta_rss +0.0 MiB)
## Initializing router criticalities
Initial Net Connection Criticality Histogram:
[        0:      0.1)  705 (  8.2%) |*****************
[      0.1:      0.2)  186 (  2.2%) |****
[      0.2:      0.3)  275 (  3.2%) |*******
[      0.3:      0.4)  396 (  4.6%) |*********
[      0.4:      0.5)  543 (  6.3%) |*************
[      0.5:      0.6)  798 (  9.3%) |*******************
[      0.6:      0.7) 1265 ( 14.7%) |******************************
[      0.7:      0.8) 1901 ( 22.0%) |*********************************************
[      0.8:      0.9) 1940 ( 22.5%) |**********************************************
[      0.9:        1)  616 (  7.1%) |***************
## Initializing router criticalities took 0.01 seconds (max_rss 149.1 MiB, delta_rss +0.0 MiB)
---- ------ ------- ---- ------- ------- ------- ----------------- --------------- -------- ---------- ---------- ---------- ---------- --------
Iter   Time    pres  BBs    Heap  Re-Rtd  Re-Rtd Overused RR Nodes      Wirelength      CPD       sTNS       sWNS       hTNS       hWNS Est Succ
      (sec)     fac Updt    push    Nets   Conns                                       (ns)       (ns)       (ns)       (ns)       (ns)     Iter
---- ------ ------- ---- ------- ------- ------- ----------------- --------------- -------- ---------- ---------- ---------- ---------- --------
   1    0.1     0.0    0  403753    5467    8111    4667 ( 4.321%)   63454 (55.8%)   20.434 -1.933e+04    -20.434      0.000      0.000      N/A
   2    0.0     0.5   13  362120    4203    6724    3323 ( 3.076%)   63386 (55.8%)   20.434 -1.935e+04    -20.434      0.000      0.000      N/A
   3    0.0     0.6   21  366904    3439    5753    2963 ( 2.743%)   64523 (56.8%)   20.436 -1.938e+04    -20.436      0.000      0.000      N/A
   4    0.0     0.8   32  378277    3081    5324    2541 ( 2.352%)   65625 (57.7%)   20.436 -1.940e+04    -20.436      0.000      0.000      N/A
   5    0.0     1.1   37  371805    2714    4824    1976 ( 1.829%)   66715 (58.7%)   20.437 -1.940e+04    -20.437      0.000      0.000      N/A
   6    0.0     1.4   36  361314    2278    4186    1547 ( 1.432%)   67861 (59.7%)   20.562 -1.943e+04    -20.562      0.000      0.000      N/A
   7    0.0     1.9   33  339949    1896    3666    1159 ( 1.073%)   68911 (60.6%)   20.430 -1.944e+04    -20.430      0.000      0.000      N/A
   8    0.0     2.4   44  302358    1533    3040     878 ( 0.813%)   70003 (61.6%)   20.430 -1.947e+04    -20.430      0.000      0.000      N/A
   9    0.0     3.1   37  273342    1193    2449     603 ( 0.558%)   70999 (62.5%)   20.430 -1.951e+04    -20.430      0.000      0.000      N/A
  10    0.0     4.1   30  235211     870    1867     404 ( 0.374%)   71919 (63.3%)   20.573 -1.954e+04    -20.573      0.000      0.000       31
  11    0.0     5.3   28  194002     622    1375     269 ( 0.249%)   72602 (63.9%)   20.573 -1.956e+04    -20.573      0.000      0.000       28
  12    0.0     6.9   21  160000     423     988     183 ( 0.169%)   73260 (64.4%)   20.573 -1.957e+04    -20.573      0.000      0.000       27
  13    0.0     9.0   19  137973     308     753     118 ( 0.109%)   73959 (65.1%)   20.532 -1.960e+04    -20.532      0.000      0.000       26
  14    0.0    11.6   20  116293     222     564      82 ( 0.076%)   74464 (65.5%)   20.531 -1.962e+04    -20.531      0.000      0.000       25
  15    0.0    15.1   20  106859     162     415      57 ( 0.053%)   74681 (65.7%)   20.531 -1.962e+04    -20.531      0.000      0.000       25
  16    0.0    19.7    6   71606     119     320      31 ( 0.029%)   74934 (65.9%)   20.480 -1.964e+04    -20.480      0.000      0.000       25
  17    0.0    25.6    9   69373      80     239      19 ( 0.018%)   75131 (66.1%)   20.480 -1.966e+04    -20.480      0.000      0.000       25
  18    0.0    33.3    2   56263      72     215      10 ( 0.009%)   75204 (66.2%)   20.480 -1.966e+04    -20.480      0.000      0.000       24
  19    0.0    43.3    3   37633      57     167       5 ( 0.005%)   75300 (66.2%)   20.480 -1.967e+04    -20.480      0.000      0.000       24
  20    0.0    56.2    3   26925      53     154       3 ( 0.003%)   75308 (66.2%)   20.480 -1.966e+04    -20.480      0.000      0.000       23
  21    0.0    73.1    0   23654      48     145       1 ( 0.001%)   75351 (66.3%)   20.480 -1.966e+04    -20.480      0.000      0.000       23
  22    0.0    95.0    0   17119      44     132       1 ( 0.001%)   75367 (66.3%)   20.480 -1.967e+04    -20.480      0.000      0.000       22
  23    0.0   123.5    1   10752      43     131       0 ( 0.000%)   75398 (66.3%)   20.480 -1.969e+04    -20.480      0.000      0.000       22
Restoring best routing
Critical path: 20.48 ns
Successfully routed after 23 routing iterations.
Final Net Connection Criticality Histogram:
[        0:      0.1)  683 (  7.9%) |***************
[      0.1:      0.2)  213 (  2.5%) |*****
[      0.2:      0.3)  273 (  3.2%) |******
[      0.3:      0.4)  424 (  4.9%) |*********
[      0.4:      0.5)  590 (  6.8%) |*************
[      0.5:      0.6)  884 ( 10.2%) |*******************
[      0.6:      0.7) 1422 ( 16.5%) |*******************************
[      0.7:      0.8) 2135 ( 24.8%) |**********************************************
[      0.8:      0.9) 1711 ( 19.8%) |*************************************
[      0.9:        1)  290 (  3.4%) |******
Router Stats: total_nets_routed: 28927 total_connections_routed: 51542 total_heap_pushes: 4423485 total_heap_pops: 951068 total_internal_heap_pushes: 0 total_internal_heap_pops: 0 total_external_heap_pushes: 4423485 total_external_heap_pops: 951068 total_external_SOURCE_pushes: 51542 total_external_SOURCE_pops: 39698 total_internal_SOURCE_pushes: 0 total_internal_SOURCE_pops: 0 rt_node_SOURCE_pushes: 51542 rt_node_SOURCE_high_fanout_pushes: 0 rt_node_SOURCE_entire_tree_pushes: 51542 total_external_SINK_pushes: 154677 total_external_SINK_pops: 139165 total_internal_SINK_pushes: 0 total_internal_SINK_pops: 0 rt_node_SINK_pushes: 0 rt_node_SINK_high_fanout_pushes: 0 rt_node_SINK_entire_tree_pushes: 0 total_external_IPIN_pushes: 222968 total_external_IPIN_pops: 201370 total_internal_IPIN_pushes: 0 total_internal_IPIN_pops: 0 rt_node_IPIN_pushes: 0 rt_node_IPIN_high_fanout_pushes: 0 rt_node_IPIN_entire_tree_pushes: 0 total_external_OPIN_pushes: 54082 total_external_OPIN_pops: 43920 total_internal_OPIN_pushes: 0 total_internal_OPIN_pops: 0 rt_node_OPIN_pushes: 22615 rt_node_OPIN_high_fanout_pushes: 0 rt_node_OPIN_entire_tree_pushes: 22615 total_external_CHANX_pushes: 1968014 total_external_CHANX_pops: 262226 total_internal_CHANX_pushes: 0 total_internal_CHANX_pops: 0 rt_node_CHANX_pushes: 50744 rt_node_CHANX_high_fanout_pushes: 0 rt_node_CHANX_entire_tree_pushes: 50744 total_external_CHANY_pushes: 1972202 total_external_CHANY_pops: 264689 total_internal_CHANY_pushes: 0 total_internal_CHANY_pops: 0 rt_node_CHANY_pushes: 50524 rt_node_CHANY_high_fanout_pushes: 0 rt_node_CHANY_entire_tree_pushes: 50524 total_number_of_adding_all_rt: 254931 total_number_of_adding_high_fanout_rt: 0 total_number_of_adding_all_rt_from_calling_high_fanout_rt: 0 
## Build routing resource graph
SOURCE->OPIN and IPIN->SINK edge count:52388
OPIN->CHANX/CHANY edge count before creating direct connections: 107240
OPIN->CHANX/CHANY edge count after creating direct connections: 107807
CHAN->CHAN type edge count:589372
## Build routing resource graph took 0.20 seconds (max_rss 149.1 MiB, delta_rss +0.0 MiB)
  RR Graph Nodes: 108016
  RR Graph Edges: 749567
Best routing used a channel width factor of 70.
# Routing took 11.11 seconds (max_rss 149.1 MiB, delta_rss +0.0 MiB)

Checking to ensure routing is legal...
# Checking to ensure non-configurable edges are legal
# Checking to ensure non-configurable edges are legal took 0.00 seconds (max_rss 149.1 MiB, delta_rss +0.0 MiB)
Completed routing consistency check successfully.

Serial number (magic cookie) for the routing is: -1737796801
Circuit successfully routed with a channel width factor of 70.
# Synchronize the packed netlist to routing optimization
## Annotating rr_node with routed nets
## Annotating rr_node with routed nets took 0.00 seconds (max_rss 149.1 MiB, delta_rss +0.0 MiB)
Found 11978 mismatches between routing and packing results.
Fixed 7310 routing traces due to mismatch between routing and packing results.
# Synchronize the packed netlist to routing optimization took 0.05 seconds (max_rss 149.1 MiB, delta_rss +0.0 MiB)
Final Clustering Statistics: 
----------   --------   ------------------------------------   --------------------------
Block Type   # Blocks   Avg. # of input clocks and pins used   Avg. # of output pins used
----------   --------   ------------------------------------   --------------------------
     EMPTY          0                                      0                            0   
        io        435                               0.298851                     0.701149   
       clb        561                                15.1426                      9.20321   
   mult_36          0                                      0                            0   
    memory          0                                      0                            0   
Absorbed logical nets 5381 out of 10849 nets, 5468 nets not absorbed.


Average number of bends per net: 1.72435  Maximum # of bends: 22

Number of global nets: 1
Number of routed nets (nonglobal): 5467
Wire length results (in units of 1 clb segments)...
	Total wirelength: 75398, average net length: 13.7915
	Maximum net length: 122

Wire length results in terms of physical segments...
	Total wiring segments used: 19496, average wire segments per net: 3.56612
	Maximum segments used by a net: 31
	Total local nets with reserved CLB opins: 0
Total number of nets absorbed: 0

Routing channel utilization histogram:
[        1:      inf)   0 (  0.0%) |
[      0.9:        1)  78 (  4.6%) |*******
[      0.8:      0.9) 512 ( 30.4%) |*********************************************
[      0.7:      0.8) 538 ( 32.0%) |***********************************************
[      0.5:      0.6) 146 (  8.7%) |*************
[      0.4:      0.5) 104 (  6.2%) |*********
[      0.3:      0.4)  94 (  5.6%) |********
[      0.2:      0.3)  82 (  4.9%) |*******
[      0.1:      0.2)  48 (  2.9%) |****
[        0:      0.1)  80 (  4.8%) |*******
Maximum routing channel utilization:      0.96 at (13,6)

X - Directed channels:   j max occ ave occ capacity
                      ---- ------- ------- --------
                         0      66  44.233       70
                         1      66  36.600       70
                         2      63  39.267       70
                         3      65  43.867       70
                         4      65  42.867       70
                         5      65  41.000       70
                         6      67  43.700       70
                         7      65  44.400       70
                         8      66  47.033       70
                         9      64  46.633       70
                        10      65  46.133       70
                        11      65  47.100       70
                        12      63  47.200       70
                        13      65  48.000       70
                        14      64  48.467       70
                        15      62  48.433       70
                        16      65  49.633       70
                        17      62  48.900       70
                        18      65  49.300       70
                        19      64  48.267       70
                        20      63  47.533       70
                        21      61  46.967       70
                        22      63  45.300       70
                        23      65  45.433       70
                        24      58  40.933       70
                        25      57  38.500       70
                        26      54  35.233       70
                        27      46  28.100       70
                        28      58  36.733       70
Y - Directed channels:   i max occ ave occ capacity
                      ---- ------- ------- --------
                         0      34  16.067       70
                         1      35  17.533       70
                         2      38  22.600       70
                         3      60  42.600       70
                         4      57  46.167       70
                         5      59  44.100       70
                         6      63  43.833       70
                         7      60  49.400       70
                         8      62  50.067       70
                         9      62  50.367       70
                        10      61  48.467       70
                        11      65  53.933       70
                        12      66  53.033       70
                        13      65  49.600       70
                        14      63  52.133       70
                        15      65  52.400       70
                        16      66  53.833       70
                        17      63  49.233       70
                        18      63  49.500       70
                        19      65  50.967       70
                        20      65  50.933       70
                        21      58  45.200       70
                        22      62  44.833       70
                        23      63  47.000       70
                        24      65  43.933       70
                        25      52  33.133       70
                        26      49  29.467       70
                        27      47  28.200       70
                        28      39  18.967       70

Total tracks in x-direction: 2030, in y-direction: 2030

Logic area (in minimum width transistor areas, excludes I/Os and empty grid tiles)...
	Total logic block area (Warning, need to add pitch of routing to blocks with height > 3): 4.8774e+07
	Total used logic block area: 3.02345e+07

Routing area (in minimum width transistor areas)...
	Total routing area: 4.54618e+06, per logic tile: 5051.31

Total Number of Wiring Segments by Direction: direction length number
                                              --------- ------ -------
                                                      X      4  15732
                                                      Y      4  15732

X - Directed Wiring Segment usage by length: length utilization
                                             ------ -----------
                                             4       0.623

Y - Directed Wiring Segment usage by length: length utilization
                                             ------ -----------
                                             4       0.616

Segment occupancy by length: Length utilization
                             ------ -----------
                             L4            0.62

Segment occupancy by type:              name type utilization
                           ----------------- ---- -----------
                           unnamed_segment_0    0        0.62

Final hold Worst Negative Slack (hWNS): 0 ns
Final hold Total Negative Slack (hTNS): 0 ns

Final hold slack histogram:
[  5.8e-11:  4.7e-10)  85 (  5.1%) |***********
[  4.7e-10:  8.8e-10) 257 ( 15.4%) |********************************
[  8.8e-10:  1.3e-09) 371 ( 22.2%) |***********************************************
[  1.3e-09:  1.7e-09) 372 ( 22.2%) |***********************************************
[  1.7e-09:  2.1e-09) 308 ( 18.4%) |***************************************
[  2.1e-09:  2.5e-09) 181 ( 10.8%) |***********************
[  2.5e-09:  2.9e-09)  65 (  3.9%) |********
[  2.9e-09:  3.3e-09)  16 (  1.0%) |**
[  3.3e-09:  3.8e-09)  15 (  0.9%) |**
[  3.8e-09:  4.2e-09)   4 (  0.2%) |*

Final critical path delay (least slack): 20.48 ns, Fmax: 48.8281 MHz
Final setup Worst Negative Slack (sWNS): -20.48 ns
Final setup Total Negative Slack (sTNS): -19688.2 ns

Final setup slack histogram:
[   -2e-08: -1.8e-08)  51 (  3.0%) |******
[ -1.8e-08: -1.6e-08) 315 ( 18.8%) |*************************************
[ -1.6e-08: -1.4e-08) 395 ( 23.6%) |***********************************************
[ -1.4e-08: -1.3e-08) 207 ( 12.4%) |*************************
[ -1.3e-08: -1.1e-08) 137 (  8.2%) |****************
[ -1.1e-08: -8.5e-09) 104 (  6.2%) |************
[ -8.5e-09: -6.5e-09)  96 (  5.7%) |***********
[ -6.5e-09: -4.5e-09)  84 (  5.0%) |**********
[ -4.5e-09: -2.5e-09)  68 (  4.1%) |********
[ -2.5e-09: -5.4e-10) 217 ( 13.0%) |**************************

Final geomean non-virtual intra-domain period: 20.48 ns (48.8281 MHz)
Final fanout-weighted geomean non-virtual intra-domain period: 20.48 ns (48.8281 MHz)

Incr Slack updates 1 in 0.000270067 sec
Full Max Req/Worst Slack updates 1 in 1.6191e-05 sec
Incr Max Req/Worst Slack updates 0 in 0 sec
Incr Criticality updates 0 in 0 sec
Full Criticality updates 1 in 0.000381386 sec
Flow timing analysis took 1.97136 seconds (1.71077 STA, 0.26059 slack) (251 full updates: 86 setup, 0 hold, 165 combined).
VPR succeeded
The entire flow of VPR took 21.04 seconds (max_rss 152.3 MiB)
Incr Slack updates 164 in 0.0465925 sec
Full Max Req/Worst Slack updates 30 in 0.000506024 sec
Incr Max Req/Worst Slack updates 134 in 0.00290482 sec
Incr Criticality updates 102 in 0.0297108 sec
Full Criticality updates 62 in 0.028402 sec
