#Packing pin usage report
Type: io
	Input Pin Usage:
		Max: 1.00 (0.50)
		Avg: 0.45 (0.23)
		Min: 0.00 (0.00)
		Histogram:
		[        0:      0.2) 256 ( 54.7%) |***********************************************
		[      0.2:      0.4)   0 (  0.0%) |
		[      0.4:      0.6)   0 (  0.0%) |
		[      0.6:      0.8)   0 (  0.0%) |
		[      0.8:        1) 212 ( 45.3%) |***************************************
		[        1:      1.2)   0 (  0.0%) |
		[      1.2:      1.4)   0 (  0.0%) |
		[      1.4:      1.6)   0 (  0.0%) |
		[      1.6:      1.8)   0 (  0.0%) |
		[      1.8:        2)   0 (  0.0%) |
	Output Pin Usage:
		Max: 1.00 (1.00)
		Avg: 0.55 (0.55)
		Min: 0.00 (0.00)
		Histogram:
		[        0:      0.1) 212 ( 45.3%) |***************************************
		[      0.1:      0.2)   0 (  0.0%) |
		[      0.2:      0.3)   0 (  0.0%) |
		[      0.3:      0.4)   0 (  0.0%) |
		[      0.4:      0.5)   0 (  0.0%) |
		[      0.5:      0.6)   0 (  0.0%) |
		[      0.6:      0.7)   0 (  0.0%) |
		[      0.7:      0.8)   0 (  0.0%) |
		[      0.8:      0.9)   0 (  0.0%) |
		[      0.9:        1) 256 ( 54.7%) |***********************************************

Type: clb
	Input Pin Usage:
		Max: 28.00 (0.52)
		Avg: 16.14 (0.30)
		Min: 2.00 (0.04)
		Histogram:
		[        0:      5.4)  17 (  6.9%) |********
		[      5.4:       11)   9 (  3.6%) |****
		[       11:       16)  91 ( 36.8%) |*****************************************
		[       16:       22) 104 ( 42.1%) |***********************************************
		[       22:       27)  23 (  9.3%) |**********
		[       27:       32)   3 (  1.2%) |*
		[       32:       38)   0 (  0.0%) |
		[       38:       43)   0 (  0.0%) |
		[       43:       49)   0 (  0.0%) |
		[       49:       54)   0 (  0.0%) |
	Output Pin Usage:
		Max: 18.00 (0.86)
		Avg: 10.37 (0.49)
		Min: 1.00 (0.05)
		Histogram:
		[        0:      2.1) 14 (  5.7%) |**********
		[      2.1:      4.2)  4 (  1.6%) |***
		[      4.2:      6.3)  7 (  2.8%) |*****
		[      6.3:      8.4) 34 ( 13.8%) |*************************
		[      8.4:       10) 65 ( 26.3%) |************************************************
		[       10:       13) 61 ( 24.7%) |*********************************************
		[       13:       15) 33 ( 13.4%) |************************
		[       15:       17) 17 (  6.9%) |*************
		[       17:       19) 12 (  4.9%) |*********
		[       19:       21)  0 (  0.0%) |

