VPR FPGA Placement and Routing.
Version: 8.1.0-dev+unkown
Revision: unkown
Compiled: 2023-11-16T17:20:44
Compiler: GNU 11.4.0 on Linux-6.2.0-36-generic x86_64
Build Info: release IPO VTR_ASSERT_LEVEL=2

University of Toronto
verilogtorouting.org
vtr-users@googlegroups.com
This is free open source code under MIT license.

VPR was run with the following command-line:
/home/xiaokewan/Software/vtr-verilog-to-routing-master/vpr/vpr /home/xiaokewan/Software/vtr-verilog-to-routing-master/vtr_flow/arch/timing/EArch.xml ../../rent_exp_0.6.blif


Architecture file: /home/xiaokewan/Software/vtr-verilog-to-routing-master/vtr_flow/arch/timing/EArch.xml
Circuit name: rent_exp_0.6

# Loading Architecture Description
# Loading Architecture Description took 0.00 seconds (max_rss 17.1 MiB, delta_rss +1.9 MiB)

Timing analysis: ON
Circuit netlist file: rent_exp_0.6.net
Circuit placement file: rent_exp_0.6.place
Circuit routing file: rent_exp_0.6.route
Circuit SDC file: rent_exp_0.6.sdc
Vpr floorplanning constraints file: not specified

Packer: ENABLED
Placer: ENABLED
Router: ENABLED
Analysis: ENABLED

VPR was run with the following options:

NetlistOpts.abosrb_buffer_luts            : true
NetlistOpts.sweep_dangling_primary_ios    : true
NetlistOpts.sweep_dangling_nets           : true
NetlistOpts.sweep_dangling_blocks         : true
NetlistOpts.sweep_constant_primary_outputs: false
NetlistOpts.netlist_verbosity             : 1
NetlistOpts.const_gen_inference           : COMB_SEQ

PackerOpts.allow_unrelated_clustering: auto
PackerOpts.alpha_clustering: 0.750000
PackerOpts.beta_clustering: 0.900000
PackerOpts.cluster_seed_type: BLEND2
PackerOpts.connection_driven: true
PackerOpts.global_clocks: true
PackerOpts.hill_climbing_flag: false
PackerOpts.inter_cluster_net_delay: 1.000000
PackerOpts.timing_driven: true
PackerOpts.target_external_pin_util: auto

PlacerOpts.place_freq: PLACE_ONCE
PlacerOpts.place_algorithm: CRITICALITY_TIMING_PLACE
PlacerOpts.pad_loc_type: FREE
PlacerOpts.constraints_file: No constraints file given
PlacerOpts.place_cost_exp: 1.000000
PlacerOpts.place_chan_width: 100
PlacerOpts.inner_loop_recompute_divider: 0
PlacerOpts.recompute_crit_iter: 1
PlacerOpts.timing_tradeoff: 0.500000
PlacerOpts.td_place_exp_first: 1.000000
PlacerOpts.td_place_exp_last: 8.000000
PlacerOpts.delay_offset: 0.000000
PlacerOpts.delay_ramp_delta_threshold: -1
PlacerOpts.delay_ramp_slope: 0.000000
PlacerOpts.tsu_rel_margin: 1.000000
PlacerOpts.tsu_abs_margin: 0.000000
PlacerOpts.post_place_timing_report_file: 
PlacerOpts.allowed_tiles_for_delay_model: 
PlacerOpts.delay_model_reducer: MIN
PlacerOpts.delay_model_type: DELTA
PlacerOpts.rlim_escape_fraction: 0.000000
PlacerOpts.move_stats_file: 
PlacerOpts.placement_saves_per_temperature: 0
PlacerOpts.effort_scaling: CIRCUIT
PlacerOpts.place_delta_delay_matrix_calculation_method: ASTAR_ROUTE
PlaceOpts.seed: 1
AnnealSched.type: AUTO_SCHED
AnnealSched.inner_num: 0.500000

RouterOpts.route_type: DETAILED
RouterOpts.flat_routing: false
RouterOpts.has_choking_spot: false
RouterOpts.router_algorithm: TIMING_DRIVEN
RouterOpts.base_cost_type: DELAY_NORMALIZED_LENGTH
RouterOpts.fixed_channel_width: NO_FIXED_CHANNEL_WIDTH
RouterOpts.check_route: FULL
RouterOpts.acc_fac: 1.000000
RouterOpts.bb_factor: 3
RouterOpts.bend_cost: 0.000000
RouterOpts.first_iter_pres_fac: 0.000000
RouterOpts.initial_pres_fac: 0.500000
RouterOpts.pres_fac_mult: 1.300000
RouterOpts.max_router_iterations: 50
RouterOpts.min_incremental_reroute_fanout: 16
RouterOpts.do_check_rr_graph: true
RouterOpts.verify_binary_search: false
RouterOpts.min_channel_width_hint: 0
RouterOpts.read_rr_edge_metadata: false
RouterOpts.exit_after_first_routing_iteration: false
RouterOpts.astar_fac: 1.200000
RouterOpts.router_profiler_astar_fac: 1.200000
RouterOpts.criticality_exp: 1.000000
RouterOpts.max_criticality: 0.990000
RouterOpts.init_wirelength_abort_threshold: 0.850000
RouterOpts.save_routing_per_iteration: false
RouterOpts.congested_routing_iteration_threshold_frac: 1.000000
RouterOpts.high_fanout_threshold: 64
RouterOpts.router_debug_net: -2
RouterOpts.router_debug_sink_rr: -2
RouterOpts.router_debug_iteration: -2
RouterOpts.max_convergence_count: 1
RouterOpts.reconvergence_cpd_threshold: 0.990000
RouterOpts.update_lower_bound_delays: true
RouterOpts.first_iteration_timing_report_file: 
RouterOpts.incr_reroute_delay_ripup: AUTO
RouterOpts.route_bb_update: DYNAMIC
RouterOpts.lookahead_type: MAP
RouterOpts.initial_timing: LOOKAHEAD
RouterOpts.router_heap: BINARY_HEAP
RouterOpts.routing_failure_predictor = SAFE
RouterOpts.routing_budgets_algorithm = DISABLE

AnalysisOpts.gen_post_synthesis_netlist: false
AnalysisOpts.timing_report_npaths: 100
AnalysisOpts.timing_report_skew: false
AnalysisOpts.echo_dot_timing_graph_node: -1
AnalysisOpts.timing_report_detail: NETLIST
AnalysisOpts.post_synth_netlist_unconn_input_handling: UNCONNECTED
AnalysisOpts.post_synth_netlist_unconn_output_handling: UNCONNECTED

# Building complex block graph
Warning 1: io[0].clock[0] unconnected pin in architecture.
# Building complex block graph took 0.01 seconds (max_rss 24.9 MiB, delta_rss +7.7 MiB)
Circuit file: ../../rent_exp_0.6.blif
# Load circuit
# Load circuit took 0.01 seconds (max_rss 32.6 MiB, delta_rss +7.7 MiB)
# Clean circuit
Absorbed 0 LUT buffers
Inferred    0 additional primitive pins as constant generators since they have no combinationally connected inputs
Inferred    0 additional primitive pins as constant generators due to constant inputs
Swept input(s)      : 0
Swept output(s)     : 0 (0 dangling, 0 constant)
Swept net(s)        : 0
Swept block(s)      : 0
Constant Pins Marked: 0
# Clean circuit took 0.00 seconds (max_rss 32.6 MiB, delta_rss +0.0 MiB)
# Compress circuit
# Compress circuit took 0.00 seconds (max_rss 32.6 MiB, delta_rss +0.0 MiB)
# Verify circuit
# Verify circuit took 0.00 seconds (max_rss 32.6 MiB, delta_rss +0.0 MiB)
Circuit Statistics:
  Blocks: 5202
    .input :     256
    .latch :     734
    .output:     212
    6-LUT  :    4000
  Nets  : 4990
    Avg Fanout:     2.0
    Max Fanout:   734.0
    Min Fanout:     1.0
  Netlist Clocks: 1
# Build Timing Graph
  Timing Graph Nodes: 15170
  Timing Graph Edges: 20148
  Timing Graph Levels: 84
# Build Timing Graph took 0.01 seconds (max_rss 34.0 MiB, delta_rss +1.3 MiB)
Netlist contains 1 clocks
  Netlist Clock 'pclk' Fanout: 734 pins (4.8%), 734 blocks (14.1%)
# Load Timing Constraints

SDC file 'rent_exp_0.6.sdc' not found
Setting default timing constraints:
   * constrain all primay inputs and primary outputs on netlist clock 'pclk'
   * optimize netlist clock to run as fast as possible
Timing constraints created 1 clocks
  Constrained Clock 'pclk' Source: 'pclk.inpad[0]'

# Load Timing Constraints took 0.00 seconds (max_rss 34.0 MiB, delta_rss +0.0 MiB)
# Packing
Begin packing '../../rent_exp_0.6.blif'.

After removing unused inputs...
	total blocks: 5202, total nets: 4990, total inputs: 256, total outputs: 212
Begin prepacking.

There is one chain in this architecture called "chain" with the following starting points:
	clb[0]/fle[0]/lut5inter[0]/ble5[0]/arithmetic[0]/adder[0].cin[0]

0 attraction groups were created during prepacking.
Finish prepacking.
Using inter-cluster delay: 1.33777e-09
Packing with pin utilization targets: io:1,1 clb:0.8,1 mult_36:1,1 memory:1,1
Packing with high fanout thresholds: io:128 clb:32 mult_36:128 memory:128
Starting Clustering - Clustering Progress: 
-------------------   --------------------------   ---------
Molecules processed   Number of clusters created   FPGA size
-------------------   --------------------------   ---------
   201/5044      3%                           10     6 x 6     
   402/5044      7%                           21     8 x 8     
   603/5044     11%                           31     9 x 9     
   804/5044     15%                           41    10 x 10    
  1005/5044     19%                           51    11 x 11    
  1206/5044     23%                           61    11 x 11    
  1407/5044     27%                           71    13 x 13    
  1608/5044     31%                           81    13 x 13    
  1809/5044     35%                           91    14 x 14    
  2010/5044     39%                          101    14 x 14    
  2211/5044     43%                          111    15 x 15    
  2412/5044     47%                          121    15 x 15    
  2613/5044     51%                          131    16 x 16    
  2814/5044     55%                          141    17 x 17    
  3015/5044     59%                          151    17 x 17    
  3216/5044     63%                          161    17 x 17    
  3417/5044     67%                          171    18 x 18    
  3618/5044     71%                          181    18 x 18    
  3819/5044     75%                          191    18 x 18    
  4020/5044     79%                          201    19 x 19    
  4221/5044     83%                          211    19 x 19    
  4422/5044     87%                          222    20 x 20    
  4623/5044     91%                          293    21 x 21    
  4824/5044     95%                          494    21 x 21    
  5025/5044     99%                          695    21 x 21    

Logic Element (fle) detailed count:
  Total number of Logic Elements used : 2296
  LEs used for logic and registers    : 560
  LEs used for logic only             : 1645
  LEs used for registers only         : 91

Incr Slack updates 1 in 0.000110437 sec
Full Max Req/Worst Slack updates 1 in 1.0209e-05 sec
Incr Max Req/Worst Slack updates 0 in 0 sec
Incr Criticality updates 0 in 0 sec
Full Criticality updates 1 in 0.000202769 sec
FPGA sized to 21 x 21 (auto)
Device Utilization: 0.69 (target 1.00)
	Block Utilization: 0.77 Type: io
	Block Utilization: 0.93 Type: clb

Start the iterative improvement process
the iterative improvement process is done
Final Clustering Statistics: 
----------   --------   ------------------------------------   --------------------------
Block Type   # Blocks   Avg. # of input clocks and pins used   Avg. # of output pins used
----------   --------   ------------------------------------   --------------------------
     EMPTY          0                                      0                            0   
        io        468                               0.452991                     0.547009   
       clb        247                                16.1417                      10.3684   
   mult_36          0                                      0                            0   
    memory          0                                      0                            0   
Absorbed logical nets 2173 out of 4990 nets, 2817 nets not absorbed.

Netlist conversion complete.

# Packing took 2.25 seconds (max_rss 65.4 MiB, delta_rss +31.4 MiB)
# Load packing
Begin loading packed FPGA netlist file.
Netlist generated from file 'rent_exp_0.6.net'.
Detected 0 constant generators (to see names run with higher pack verbosity)
Finished loading packed FPGA netlist file (took 0.188066 seconds).
Warning 2: Treated 0 constant nets as global which will not be routed (to see net names increase packer verbosity).
# Load packing took 0.19 seconds (max_rss 102.8 MiB, delta_rss +37.4 MiB)
Warning 3: Netlist contains 0 global net to non-global architecture pin connections

Pb types usage...
  io              : 468
   inpad          : 256
   outpad         : 212
  clb             : 247
   fle            : 2296
    lut5inter     : 2296
     ble5         : 4576
      flut5       : 4576
       lut5       : 4000
        lut       : 4000
       ff         : 734

# Create Device
## Build Device Grid
FPGA sized to 21 x 21: 441 grid tiles (auto)

Resource usage...
	Netlist
		468	blocks of type: io
	Architecture
		608	blocks of type: io
	Netlist
		247	blocks of type: clb
	Architecture
		266	blocks of type: clb
	Netlist
		0	blocks of type: mult_36
	Architecture
		8	blocks of type: mult_36
	Netlist
		0	blocks of type: memory
	Architecture
		9	blocks of type: memory

Device Utilization: 0.69 (target 1.00)
	Physical Tile io:
	Block Utilization: 0.77 Logical Block: io
	Physical Tile clb:
	Block Utilization: 0.93 Logical Block: clb
	Physical Tile mult_36:
	Block Utilization: 0.00 Logical Block: mult_36
	Physical Tile memory:
	Block Utilization: 0.00 Logical Block: memory

FPGA size limited by block type(s): clb

## Build Device Grid took 0.00 seconds (max_rss 102.8 MiB, delta_rss +0.0 MiB)
## Build routing resource graph
SOURCE->OPIN and IPIN->SINK edge count:24375
OPIN->CHANX/CHANY edge count before creating direct connections: 70800
OPIN->CHANX/CHANY edge count after creating direct connections: 71052
CHAN->CHAN type edge count:385549
## Build routing resource graph took 0.15 seconds (max_rss 102.8 MiB, delta_rss +0.0 MiB)
  RR Graph Nodes: 57982
  RR Graph Edges: 480976
# Create Device took 0.15 seconds (max_rss 102.8 MiB, delta_rss +0.0 MiB)

# Computing router lookahead map
## Computing wire lookahead
## Computing wire lookahead took 0.39 seconds (max_rss 102.8 MiB, delta_rss +0.0 MiB)
## Computing src/opin lookahead
## Computing src/opin lookahead took 0.00 seconds (max_rss 102.8 MiB, delta_rss +0.0 MiB)
# Computing router lookahead map took 0.39 seconds (max_rss 102.8 MiB, delta_rss +0.0 MiB)
# Computing placement delta delay look-up
## Build routing resource graph
SOURCE->OPIN and IPIN->SINK edge count:24375
OPIN->CHANX/CHANY edge count before creating direct connections: 68214
OPIN->CHANX/CHANY edge count after creating direct connections: 68466
CHAN->CHAN type edge count:369442
## Build routing resource graph took 0.14 seconds (max_rss 102.8 MiB, delta_rss +0.0 MiB)
  RR Graph Nodes: 57102
  RR Graph Edges: 462283
## Computing router lookahead map
### Computing wire lookahead
### Computing wire lookahead took 0.38 seconds (max_rss 102.8 MiB, delta_rss +0.0 MiB)
### Computing src/opin lookahead
### Computing src/opin lookahead took 0.00 seconds (max_rss 102.8 MiB, delta_rss +0.0 MiB)
## Computing router lookahead map took 0.38 seconds (max_rss 102.8 MiB, delta_rss +0.0 MiB)
## Computing delta delays
## Computing delta delays took 0.03 seconds (max_rss 102.8 MiB, delta_rss +0.0 MiB)
# Computing placement delta delay look-up took 0.55 seconds (max_rss 102.8 MiB, delta_rss +0.0 MiB)

Bounding box mode is Cube

Using simple RL 'Softmax agent' for choosing move and block types
# Placement
## Initial Placement
Initial placement iteration 0 has finished successfully
## Initial Placement took 0.00 seconds (max_rss 102.8 MiB, delta_rss +0.0 MiB)

There are 3965 point to point connections in this circuit.


BB estimate of min-dist (placement) wire length: 44519

Completed placement consistency check successfully.
Initial placement cost: 1 bb_cost: 463.736 td_cost: 1.30042e-06
Initial placement estimated Critical Path Delay (CPD): 25.3194 ns
Initial placement estimated setup Total Negative Slack (sTNS): -11425.2 ns
Initial placement estimated setup Worst Negative Slack (sWNS): -25.3194 ns

Initial placement estimated setup slack histogram:
[ -2.5e-08: -2.3e-08)  25 (  2.6%) |********
[ -2.3e-08:   -2e-08)  63 (  6.7%) |*******************
[   -2e-08: -1.8e-08) 153 ( 16.2%) |***********************************************
[ -1.8e-08: -1.5e-08) 145 ( 15.3%) |*********************************************
[ -1.5e-08: -1.3e-08)  92 (  9.7%) |****************************
[ -1.3e-08:   -1e-08)  91 (  9.6%) |****************************
[   -1e-08: -7.9e-09)  91 (  9.6%) |****************************
[ -7.9e-09: -5.4e-09)  67 (  7.1%) |*********************
[ -5.4e-09: -2.9e-09)  72 (  7.6%) |**********************
[ -2.9e-09: -4.4e-10) 147 ( 15.5%) |*********************************************
Placement contains 0 placement macros involving 0 blocks (average macro size -nan)

Moves per temperature: 3196
Warning 4: Starting t: 292 of 715 configurations accepted.

---- ------ ------- ------- ---------- ---------- ------- ---------- -------- ------- ------- ------ -------- --------- ------
Tnum   Time       T Av Cost Av BB Cost Av TD Cost     CPD       sTNS     sWNS Ac Rate Std Dev  R lim Crit Exp Tot Moves  Alpha
      (sec)                                          (ns)       (ns)     (ns)                                                 
---- ------ ------- ------- ---------- ---------- ------- ---------- -------- ------- ------- ------ -------- --------- ------
   1    0.0 5.8e-04   0.922     373.92 1.074e-06   23.122  -1.09e+04  -23.122   0.683  0.0403   20.0     1.00      3196  0.200
   2    0.0 5.5e-04   0.946     328.59 1.0118e-06  20.953  -1.05e+04  -20.953   0.626  0.0224   20.0     1.00      6392  0.950
   3    0.0 5.2e-04   0.964     308.57 9.3399e-07  21.015  -1.02e+04  -21.015   0.588  0.0169   20.0     1.00      9588  0.950
   4    0.0 5.0e-04   0.983     297.51 9.3781e-07  19.865  -9.93e+03  -19.865   0.573  0.0101   20.0     1.00     12784  0.950
   5    0.0 4.7e-04   0.979     286.41 9.2165e-07  19.408  -9.89e+03  -19.408   0.552  0.0104   20.0     1.00     15980  0.950
   6    0.0 4.5e-04   0.985     280.42 8.8333e-07  20.016  -9.87e+03  -20.016   0.537  0.0061   20.0     1.00     19176  0.950
   7    0.0 4.3e-04   0.989     276.06 8.3579e-07  20.673  -9.83e+03  -20.673   0.531  0.0065   20.0     1.00     22372  0.950
   8    0.0 4.1e-04   0.985     270.12 8.3944e-07  20.121  -9.72e+03  -20.121   0.497  0.0088   20.0     1.00     25568  0.950
   9    0.0 3.9e-04   0.985     263.84 8.5037e-07  19.373  -9.71e+03  -19.373   0.503  0.0073   20.0     1.00     28764  0.950
  10    0.0 3.7e-04   0.999     260.17 8.3302e-07  19.714  -9.63e+03  -19.714   0.471  0.0030   20.0     1.00     31960  0.950
  11    0.0 3.5e-04   0.994     257.57 7.8638e-07  20.503  -9.64e+03  -20.503   0.467  0.0037   20.0     1.00     35156  0.950
  12    0.0 3.3e-04   0.996     255.06 7.9515e-07  19.971  -9.61e+03  -19.971   0.461  0.0045   20.0     1.00     38352  0.950
  13    0.0 3.1e-04   0.999     253.93 7.884e-07   20.030  -9.65e+03  -20.030   0.446  0.0025   20.0     1.00     41548  0.950
  14    0.0 3.0e-04   0.992     250.02 8.1601e-07  19.041  -9.55e+03  -19.041   0.439  0.0056   20.0     1.00     44744  0.950
  15    0.0 2.8e-04   0.992     246.39 7.8004e-07  19.488  -9.51e+03  -19.488   0.424  0.0038   20.0     1.01     47940  0.950
  16    0.0 2.7e-04   1.001     246.35 7.3898e-07  19.688   -9.5e+03  -19.688   0.420  0.0020   19.7     1.13     51136  0.950
  17    0.0 2.6e-04   0.993     245.73 7.0838e-07  19.479  -9.55e+03  -19.479   0.393  0.0035   19.3     1.27     54332  0.950
  18    0.0 2.4e-04   0.995     244.59 6.2074e-07  19.796   -9.6e+03  -19.796   0.379  0.0033   18.4     1.60     57528  0.950
  19    0.0 2.3e-04   0.998     242.84 5.6469e-07  19.008  -9.53e+03  -19.008   0.379  0.0015   17.2     2.02     60724  0.950
  20    0.0 2.2e-04   0.998     242.34 5.1605e-07  18.682  -9.45e+03  -18.682   0.364  0.0019   16.2     2.40     63920  0.950
  21    0.0 2.1e-04   0.990     239.72 4.5039e-07  18.849  -9.48e+03  -18.849   0.370  0.0052   15.0     2.86     67116  0.950
  22    0.0 2.0e-04   0.994     237.97 3.4146e-07  20.184  -9.42e+03  -20.184   0.349  0.0041   13.9     3.24     70312  0.950
  23    0.0 1.9e-04   0.996     235.49 3.6018e-07  18.884   -9.4e+03  -18.884   0.336  0.0036   12.6     3.71     73508  0.950
  24    0.0 1.8e-04   0.995     233.90 3.5028e-07  18.384  -9.41e+03  -18.384   0.339  0.0037   11.3     4.20     76704  0.950
  25    0.0 1.7e-04   0.999     232.93 3.055e-07   18.568  -9.37e+03  -18.568   0.329  0.0018   10.2     4.62     79900  0.950
  26    0.0 1.6e-04   0.994     233.01 2.8393e-07  18.537  -9.39e+03  -18.537   0.325  0.0019    9.1     5.03     83096  0.950
  27    0.0 1.5e-04   0.996     233.69 2.5852e-07  18.507  -9.39e+03  -18.507   0.309  0.0022    8.0     5.41     86292  0.950
  28    0.0 1.5e-04   0.994     232.03 2.3454e-07  18.562  -9.34e+03  -18.562   0.328  0.0028    7.0     5.80     89488  0.950
  29    0.0 1.4e-04   0.995     230.17 2.2934e-07  18.389  -9.32e+03  -18.389   0.294  0.0024    6.2     6.09     92684  0.950
  30    0.0 1.3e-04   0.995     228.70 2.1835e-07  18.319  -9.28e+03  -18.319   0.302  0.0028    5.3     6.42     95880  0.950
  31    0.0 1.2e-04   0.998     227.27 1.9673e-07  18.525   -9.3e+03  -18.525   0.268  0.0012    4.6     6.69     99076  0.950
  32    0.0 1.2e-04   0.998     227.70 2.0709e-07  18.136  -9.28e+03  -18.136   0.274  0.0014    3.8     6.98    102272  0.950
  33    0.0 1.1e-04   0.999     227.37 1.9174e-07  18.186  -9.26e+03  -18.186   0.283  0.0011    3.1     7.21    105468  0.950
  34    0.0 1.1e-04   0.991     224.42 1.8777e-07  18.151  -9.26e+03  -18.151   0.392  0.0047    2.7     7.39    108664  0.950
  35    0.0 1.0e-04   0.996     222.44 1.9335e-07  18.019  -9.24e+03  -18.019   0.368  0.0018    2.5     7.44    111860  0.950
  36    0.0 9.7e-05   0.997     221.35 1.8627e-07  18.085  -9.23e+03  -18.085   0.351  0.0018    2.3     7.51    115056  0.950
  37    0.0 9.2e-05   0.996     220.86 1.8308e-07  18.019  -9.21e+03  -18.019   0.355  0.0029    2.1     7.58    118252  0.950
  38    0.0 8.7e-05   0.999     219.21 1.9262e-07  17.823  -9.18e+03  -17.823   0.314  0.0006    2.0     7.65    121448  0.950
  39    0.0 8.3e-05   0.999     218.91 1.9859e-07  17.733   -9.2e+03  -17.733   0.318  0.0011    1.7     7.74    124644  0.950
  40    0.0 7.9e-05   0.999     218.52 1.9026e-07  17.804  -9.19e+03  -17.804   0.295  0.0006    1.5     7.82    127840  0.950
  41    0.0 7.5e-05   0.998     217.91 1.887e-07   17.800  -9.19e+03  -17.800   0.303  0.0011    1.3     7.90    131036  0.950
  42    0.0 7.1e-05   0.998     216.82 1.9405e-07  17.711  -9.21e+03  -17.711   0.297  0.0013    1.1     7.96    134232  0.950
  43    0.0 6.7e-05   0.999     216.09 1.955e-07   17.702  -9.21e+03  -17.702   0.275  0.0009    1.0     8.00    137428  0.950
  44    0.0 6.4e-05   1.000     215.56 1.8682e-07  17.781  -9.19e+03  -17.781   0.269  0.0004    1.0     8.00    140624  0.950
  45    0.0 6.1e-05   0.998     215.50 1.9291e-07  17.706  -9.19e+03  -17.706   0.260  0.0007    1.0     8.00    143820  0.950
  46    0.0 5.8e-05   0.999     215.28 1.9271e-07  17.707  -9.18e+03  -17.707   0.260  0.0004    1.0     8.00    147016  0.950
  47    0.0 5.5e-05   0.999     214.88 1.9346e-07  17.706  -9.19e+03  -17.706   0.258  0.0006    1.0     8.00    150212  0.950
  48    0.0 5.2e-05   0.999     214.61 1.9341e-07  17.691  -9.18e+03  -17.691   0.247  0.0008    1.0     8.00    153408  0.950
  49    0.0 5.0e-05   1.000     214.70 1.9293e-07  17.691  -9.19e+03  -17.691   0.257  0.0004    1.0     8.00    156604  0.950
  50    0.0 4.7e-05   0.999     214.28 1.9354e-07  17.691  -9.18e+03  -17.691   0.229  0.0003    1.0     8.00    159800  0.950
  51    0.0 4.5e-05   1.000     214.21 1.929e-07   17.688  -9.19e+03  -17.688   0.252  0.0005    1.0     8.00    162996  0.950
  52    0.0 4.2e-05   0.999     214.02 1.9135e-07  17.706  -9.19e+03  -17.706   0.239  0.0005    1.0     8.00    166192  0.950
  53    0.0 4.0e-05   0.999     213.97 1.9063e-07  17.706  -9.18e+03  -17.706   0.239  0.0004    1.0     8.00    169388  0.950
  54    0.0 3.8e-05   0.999     213.73 1.9085e-07  17.707  -9.18e+03  -17.707   0.218  0.0005    1.0     8.00    172584  0.950
  55    0.0 3.6e-05   1.000     213.73 1.9067e-07  17.688  -9.17e+03  -17.688   0.217  0.0003    1.0     8.00    175780  0.950
  56    0.0 3.5e-05   0.999     213.63 1.8969e-07  17.707  -9.18e+03  -17.707   0.208  0.0009    1.0     8.00    178976  0.950
  57    0.0 3.3e-05   0.999     213.35 1.8834e-07  17.707  -9.17e+03  -17.707   0.204  0.0003    1.0     8.00    182172  0.950
  58    0.0 3.1e-05   1.000     213.23 1.8911e-07  17.707  -9.18e+03  -17.707   0.204  0.0003    1.0     8.00    185368  0.950
  59    0.0 3.0e-05   1.000     213.03 1.8931e-07  17.707  -9.18e+03  -17.707   0.192  0.0004    1.0     8.00    188564  0.950
  60    0.0 2.8e-05   1.000     213.05 1.8889e-07  17.707  -9.18e+03  -17.707   0.193  0.0002    1.0     8.00    191760  0.950
  61    0.0 2.7e-05   1.000     212.87 1.8885e-07  17.707  -9.18e+03  -17.707   0.193  0.0001    1.0     8.00    194956  0.950
  62    0.0 2.5e-05   0.999     212.37 1.8883e-07  17.707  -9.17e+03  -17.707   0.179  0.0006    1.0     8.00    198152  0.950
  63    0.0 2.4e-05   1.000     212.29 1.887e-07   17.707  -9.18e+03  -17.707   0.175  0.0001    1.0     8.00    201348  0.950
  64    0.0 2.3e-05   1.000     212.21 1.8849e-07  17.707  -9.18e+03  -17.707   0.166  0.0002    1.0     8.00    204544  0.950
  65    0.0 2.2e-05   0.999     211.81 1.8859e-07  17.706  -9.18e+03  -17.706   0.173  0.0002    1.0     8.00    207740  0.950
  66    0.0 2.1e-05   0.999     211.68 1.8839e-07  17.706  -9.18e+03  -17.706   0.172  0.0002    1.0     8.00    210936  0.950
  67    0.0 2.0e-05   1.000     211.57 1.8851e-07  17.706  -9.18e+03  -17.706   0.152  0.0002    1.0     8.00    214132  0.950
  68    0.0 1.9e-05   1.000     211.74 1.8771e-07  17.706  -9.17e+03  -17.706   0.147  0.0002    1.0     8.00    217328  0.950
  69    0.0 1.5e-05   0.999     211.45 1.8822e-07  17.707  -9.18e+03  -17.707   0.120  0.0003    1.0     8.00    220524  0.800
Agent's 2nd state: 
Checkpoint saved: bb_costs=211.399, TD costs=1.88299e-07, CPD= 17.706 (ns) 
  70    0.0 1.2e-05   1.000     211.37 1.8825e-07  17.706  -9.18e+03  -17.706   0.093  0.0003    1.0     8.00    223720  0.800
  71    0.0 9.6e-06   1.000     211.07 1.8797e-07  17.707  -9.17e+03  -17.707   0.066  0.0001    1.0     8.00    226916  0.800
  72    0.0 7.7e-06   1.000     210.92 1.8805e-07  17.707  -9.18e+03  -17.707   0.069  0.0002    1.0     8.00    230112  0.800
  73    0.0 6.1e-06   0.999     210.72 1.8783e-07  17.707  -9.17e+03  -17.707   0.061  0.0004    1.0     8.00    233308  0.800
  74    0.0 4.9e-06   1.000     210.48 1.8752e-07  17.707  -9.17e+03  -17.707   0.049  0.0001    1.0     8.00    236504  0.800
  75    0.0 3.9e-06   1.000     210.34 1.8772e-07  17.707  -9.17e+03  -17.707   0.056  0.0001    1.0     8.00    239700  0.800
  76    0.0 3.1e-06   1.000     210.26 1.8756e-07  17.707  -9.17e+03  -17.707   0.050  0.0002    1.0     8.00    242896  0.800
  77    0.0 2.5e-06   1.000     210.19 1.8857e-07  17.707  -9.18e+03  -17.707   0.039  0.0001    1.0     8.00    246092  0.800
  78    0.0 2.0e-06   1.000     210.14 1.8834e-07  17.707  -9.18e+03  -17.707   0.034  0.0001    1.0     8.00    249288  0.800
  79    0.0 0.0e+00   1.000     210.13 1.8819e-07  17.707  -9.18e+03  -17.707   0.015  0.0001    1.0     8.00    252484  0.800
## Placement Quench took 0.01 seconds (max_rss 102.8 MiB)
post-quench CPD = 17.7066 (ns) 

Checkpoint restored

BB estimate of min-dist (placement) wire length: 20294

Completed placement consistency check successfully.

Swaps called: 253199

Aborted Move Reasons:
  No moves aborted

Placement estimated critical path delay (least slack): 17.7064 ns, Fmax: 56.4769 MHz
Placement estimated setup Worst Negative Slack (sWNS): -17.7064 ns
Placement estimated setup Total Negative Slack (sTNS): -9176.73 ns

Placement estimated setup slack histogram:
[ -1.8e-08: -1.6e-08)  92 (  9.7%) |************************
[ -1.6e-08: -1.4e-08) 181 ( 19.1%) |***********************************************
[ -1.4e-08: -1.3e-08) 111 ( 11.7%) |*****************************
[ -1.3e-08: -1.1e-08)  94 (  9.9%) |************************
[ -1.1e-08:   -9e-09)  69 (  7.3%) |******************
[   -9e-09: -7.3e-09)  80 (  8.5%) |*********************
[ -7.3e-09: -5.6e-09)  73 (  7.7%) |*******************
[ -5.6e-09: -3.8e-09)  50 (  5.3%) |*************
[ -3.8e-09: -2.1e-09)  56 (  5.9%) |***************
[ -2.1e-09: -3.7e-10) 140 ( 14.8%) |************************************

Placement estimated geomean non-virtual intra-domain period: 17.7064 ns (56.4769 MHz)
Placement estimated fanout-weighted geomean non-virtual intra-domain period: 17.7064 ns (56.4769 MHz)

Placement cost: 1, bb_cost: 211.399, td_cost: 1.88299e-07, 

Placement resource usage:
  io  implemented as io : 468
  clb implemented as clb: 247

Placement number of temperatures: 79
Placement total # of swap attempts: 253199
	Swaps accepted:  73996 (29.2 %)
	Swaps rejected: 168573 (66.6 %)
	Swaps aborted:  10630 ( 4.2 %)


Placement perturbation distribution by block and move type: 
------------------ ----------------- ---------------- ---------------- --------------- ------------ 
    Block Type         Move Type       (%) of Total      Accepted(%)     Rejected(%)    Aborted(%)
------------------ ----------------- ---------------- ---------------- --------------- ------------ 
io                 Uniform                15.68            43.10           56.90          0.00         
                   Median                 15.49            43.92           47.99          8.09         
                   Centroid               15.40            44.02           47.92          8.05         
                   W. Centroid            15.47            44.18           47.78          8.04         
                   W. Median              1.16             10.38           73.29          16.33        
                   Crit. Uniform          0.04             6.60            93.40          0.00         
                   Feasible Region        0.05             6.09            83.48          10.43        

clb                Uniform                8.18             2.94            97.06          0.00         
                   Median                 8.12             7.49            90.61          1.90         
                   Centroid               8.09             6.48            93.32          0.20         
                   W. Centroid            8.17             6.59            92.55          0.87         
                   W. Median              0.65             0.55            95.44          4.02         
                   Crit. Uniform          1.75             0.20            99.80          0.00         
                   Feasible Region        1.74             0.18            99.82          0.00         


Placement Quench timing analysis took 0.00161433 seconds (0.00136908 STA, 0.000245249 slack) (1 full updates: 1 setup, 0 hold, 0 combined).
Placement Total  timing analysis took 0.155585 seconds (0.131722 STA, 0.0238622 slack) (82 full updates: 82 setup, 0 hold, 0 combined).
update_td_costs: connections 0 nets 0 sum_nets 0 total 0
# Placement took 0.65 seconds (max_rss 102.8 MiB, delta_rss +0.0 MiB)

# Routing
Initializing minimum channel width search based on maximum CLB pins

Attempting to route at 76 channels (binary search bounds: [-1, -1])
## Build routing resource graph
SOURCE->OPIN and IPIN->SINK edge count:24375
OPIN->CHANX/CHANY edge count before creating direct connections: 54054
OPIN->CHANX/CHANY edge count after creating direct connections: 54306
CHAN->CHAN type edge count:291979
## Build routing resource graph took 0.11 seconds (max_rss 102.8 MiB, delta_rss +0.0 MiB)
  RR Graph Nodes: 52702
  RR Graph Edges: 370660
Confirming router algorithm: TIMING_DRIVEN.
## Computing router lookahead map
### Computing wire lookahead
### Computing wire lookahead took 0.32 seconds (max_rss 102.8 MiB, delta_rss +0.0 MiB)
### Computing src/opin lookahead
### Computing src/opin lookahead took 0.00 seconds (max_rss 102.8 MiB, delta_rss +0.0 MiB)
## Computing router lookahead map took 0.32 seconds (max_rss 102.8 MiB, delta_rss +0.0 MiB)
## Initializing router criticalities
Initial Net Connection Criticality Histogram:
[        0:      0.1) 382 (  9.1%) |*********************
[      0.1:      0.2) 121 (  2.9%) |*******
[      0.2:      0.3) 131 (  3.1%) |*******
[      0.3:      0.4) 236 (  5.6%) |*************
[      0.4:      0.5) 300 (  7.1%) |****************
[      0.5:      0.6) 386 (  9.2%) |*********************
[      0.6:      0.7) 554 ( 13.2%) |******************************
[      0.7:      0.8) 719 ( 17.1%) |***************************************
[      0.8:      0.9) 873 ( 20.8%) |***********************************************
[      0.9:        1) 497 ( 11.8%) |***************************
## Initializing router criticalities took 0.03 seconds (max_rss 102.8 MiB, delta_rss +0.0 MiB)
---- ------ ------- ---- ------- ------- ------- ----------------- --------------- -------- ---------- ---------- ---------- ---------- --------
Iter   Time    pres  BBs    Heap  Re-Rtd  Re-Rtd Overused RR Nodes      Wirelength      CPD       sTNS       sWNS       hTNS       hWNS Est Succ
      (sec)     fac Updt    push    Nets   Conns                                       (ns)       (ns)       (ns)       (ns)       (ns)     Iter
---- ------ ------- ---- ------- ------- ------- ----------------- --------------- -------- ---------- ---------- ---------- ---------- --------
   1    0.0     0.0    0  201245    2816    3965    2146 ( 4.072%)   28938 (50.1%)   19.073     -9853.    -19.073      0.000      0.000      N/A
Incr Slack updates 82 in 0.00751633 sec
Full Max Req/Worst Slack updates 38 in 0.000364464 sec
Incr Max Req/Worst Slack updates 44 in 0.0005347 sec
Incr Criticality updates 23 in 0.00355404 sec
Full Criticality updates 59 in 0.0106311 sec
   2    0.0     0.5   24  175217    2134    3218    1399 ( 2.655%)   28989 (50.2%)   19.076     -9855.    -19.076      0.000      0.000      N/A
   3    0.0     0.6   11  169230    1678    2614    1156 ( 2.193%)   29445 (51.0%)   19.061     -9860.    -19.061      0.000      0.000      N/A
   4    0.0     0.8   17  166431    1456    2348    1008 ( 1.913%)   29911 (51.8%)   19.060     -9864.    -19.060      0.000      0.000      N/A
   5    0.0     1.1   23  151307    1245    2079     792 ( 1.503%)   30359 (52.6%)   19.073     -9874.    -19.073      0.000      0.000      N/A
   6    0.0     1.4   18  135668    1015    1768     583 ( 1.106%)   30855 (53.4%)   19.073     -9886.    -19.073      0.000      0.000      N/A
   7    0.0     1.9   14  117845     810    1421     409 ( 0.776%)   31265 (54.1%)   19.078     -9893.    -19.078      0.000      0.000      N/A
   8    0.0     2.4   10   96996     628    1132     303 ( 0.575%)   31704 (54.9%)   19.090     -9902.    -19.090      0.000      0.000      N/A
   9    0.0     3.1   13   78212     458     859     205 ( 0.389%)   32056 (55.5%)   19.083     -9904.    -19.083      0.000      0.000      N/A
  10    0.0     4.1   10   65091     305     594     114 ( 0.216%)   32399 (56.1%)   19.083     -9912.    -19.083      0.000      0.000       25
  11    0.0     5.3    9   44370     173     343      74 ( 0.140%)   32618 (56.5%)   19.083     -9915.    -19.083      0.000      0.000       22
  12    0.0     6.9    8   19797     108     217      39 ( 0.074%)   32807 (56.8%)   19.083     -9917.    -19.083      0.000      0.000       22
  13    0.0     9.0    3   13632      58     130      17 ( 0.032%)   32941 (57.0%)   19.083     -9923.    -19.083      0.000      0.000       20
  14    0.0    11.6    6    5933      23      50       7 ( 0.013%)   32996 (57.1%)   19.083     -9925.    -19.083      0.000      0.000       19
  15    0.0    15.1    1    2704      11      20       4 ( 0.008%)   33017 (57.2%)   19.083     -9925.    -19.083      0.000      0.000       18
  16    0.0    19.7    2    2446       7      14       0 ( 0.000%)   33049 (57.2%)   19.083     -9925.    -19.083      0.000      0.000       17
Restoring best routing
Critical path: 19.0834 ns
Successfully routed after 16 routing iterations.
Final Net Connection Criticality Histogram:
[        0:      0.1) 364 (  8.7%) |*******************
[      0.1:      0.2) 128 (  3.0%) |*******
[      0.2:      0.3) 127 (  3.0%) |*******
[      0.3:      0.4) 213 (  5.1%) |***********
[      0.4:      0.5) 298 (  7.1%) |***************
[      0.5:      0.6) 376 (  9.0%) |*******************
[      0.6:      0.7) 538 ( 12.8%) |****************************
[      0.7:      0.8) 734 ( 17.5%) |**************************************
[      0.8:      0.9) 913 ( 21.7%) |***********************************************
[      0.9:        1) 508 ( 12.1%) |**************************
Router Stats: total_nets_routed: 12925 total_connections_routed: 20772 total_heap_pushes: 1446124 total_heap_pops: 346851 total_internal_heap_pushes: 0 total_internal_heap_pops: 0 total_external_heap_pushes: 1446124 total_external_heap_pops: 346851 total_external_SOURCE_pushes: 20772 total_external_SOURCE_pops: 17002 total_internal_SOURCE_pushes: 0 total_internal_SOURCE_pops: 0 rt_node_SOURCE_pushes: 20772 rt_node_SOURCE_high_fanout_pushes: 0 rt_node_SOURCE_entire_tree_pushes: 20772 total_external_SINK_pushes: 65039 total_external_SINK_pops: 59942 total_internal_SINK_pushes: 0 total_internal_SINK_pops: 0 rt_node_SINK_pushes: 0 rt_node_SINK_high_fanout_pushes: 0 rt_node_SINK_entire_tree_pushes: 0 total_external_IPIN_pushes: 92640 total_external_IPIN_pops: 85411 total_internal_IPIN_pushes: 0 total_internal_IPIN_pops: 0 rt_node_IPIN_pushes: 0 rt_node_IPIN_high_fanout_pushes: 0 rt_node_IPIN_entire_tree_pushes: 0 total_external_OPIN_pushes: 21848 total_external_OPIN_pops: 18614 total_internal_OPIN_pushes: 0 total_internal_OPIN_pops: 0 rt_node_OPIN_pushes: 7847 rt_node_OPIN_high_fanout_pushes: 0 rt_node_OPIN_entire_tree_pushes: 7847 total_external_CHANX_pushes: 625347 total_external_CHANX_pops: 82180 total_internal_CHANX_pushes: 0 total_internal_CHANX_pops: 0 rt_node_CHANX_pushes: 11417 rt_node_CHANX_high_fanout_pushes: 0 rt_node_CHANX_entire_tree_pushes: 11417 total_external_CHANY_pushes: 620478 total_external_CHANY_pops: 83702 total_internal_CHANY_pushes: 0 total_internal_CHANY_pops: 0 rt_node_CHANY_pushes: 12274 rt_node_CHANY_high_fanout_pushes: 0 rt_node_CHANY_entire_tree_pushes: 12274 total_number_of_adding_all_rt: 74352 total_number_of_adding_high_fanout_rt: 0 total_number_of_adding_all_rt_from_calling_high_fanout_rt: 0 

Attempting to route at 38 channels (binary search bounds: [-1, 76])
## Build routing resource graph
SOURCE->OPIN and IPIN->SINK edge count:24375
OPIN->CHANX/CHANY edge count before creating direct connections: 27036
OPIN->CHANX/CHANY edge count after creating direct connections: 27288
CHAN->CHAN type edge count:146698
## Build routing resource graph took 0.05 seconds (max_rss 102.8 MiB, delta_rss +0.0 MiB)
  RR Graph Nodes: 44342
  RR Graph Edges: 198361
Confirming router algorithm: TIMING_DRIVEN.
## Computing router lookahead map
### Computing wire lookahead
### Computing wire lookahead took 0.21 seconds (max_rss 102.8 MiB, delta_rss +0.0 MiB)
### Computing src/opin lookahead
### Computing src/opin lookahead took 0.00 seconds (max_rss 102.8 MiB, delta_rss +0.0 MiB)
## Computing router lookahead map took 0.21 seconds (max_rss 102.8 MiB, delta_rss +0.0 MiB)
## Initializing router criticalities
Initial Net Connection Criticality Histogram:
[        0:      0.1) 382 (  9.1%) |*********************
[      0.1:      0.2) 121 (  2.9%) |*******
[      0.2:      0.3) 131 (  3.1%) |*******
[      0.3:      0.4) 236 (  5.6%) |*************
[      0.4:      0.5) 299 (  7.1%) |****************
[      0.5:      0.6) 386 (  9.2%) |*********************
[      0.6:      0.7) 553 ( 13.2%) |******************************
[      0.7:      0.8) 720 ( 17.1%) |***************************************
[      0.8:      0.9) 874 ( 20.8%) |***********************************************
[      0.9:        1) 497 ( 11.8%) |***************************
## Initializing router criticalities took 0.01 seconds (max_rss 102.8 MiB, delta_rss +0.0 MiB)
---- ------ ------- ---- ------- ------- ------- ----------------- --------------- -------- ---------- ---------- ---------- ---------- --------
Iter   Time    pres  BBs    Heap  Re-Rtd  Re-Rtd Overused RR Nodes      Wirelength      CPD       sTNS       sWNS       hTNS       hWNS Est Succ
      (sec)     fac Updt    push    Nets   Conns                                       (ns)       (ns)       (ns)       (ns)       (ns)     Iter
---- ------ ------- ---- ------- ------- ------- ----------------- --------------- -------- ---------- ---------- ---------- ---------- --------
   1    0.0     0.0    0  181662    2816    3965    2729 ( 6.154%)   30277 (104.8%)   19.732 -1.005e+04    -19.732      0.000      0.000      N/A
Wire length usage ratio 1.04837 exceeds limit of 0.85, fail routing.
Routing failed.

Failed routing attempt #0
Total number of overused nodes: 2729
Total number of overused nodes is larger than the logging limit (20).
Displaying the first 20 entries.
Routing Failure Diagnostics: Printing Overused Nodes Information
------ ------- ---------- --------- -------- ------------ ------- ------- ------- ------- ------- ------- -------
   No.  NodeId  Occupancy  Capacity  RR Node    Direction    Side     PTC   Block    Xlow    Ylow   Xhigh   Yhigh
                                        type                          NUM    Name                                 
------ ------- ---------- --------- -------- ------------ ------- ------- ------- ------- ------- ------- -------
     0    1400          3         1     IPIN          N/A   RIGHT       5     clb       1       5       1       5
     1    1402          2         1     IPIN          N/A    LEFT       7     clb       1       5       1       5
     2    1408          2         1     IPIN          N/A   RIGHT      13     clb       1       5       1       5
     3    1421          2         1     IPIN          N/A  BOTTOM      26     clb       1       5       1       5
     4    1504          2         1     IPIN          N/A    LEFT       7     clb       1       6       1       6
     5    1531          2         1     IPIN          N/A  BOTTOM      34     clb       1       6       1       6
     6    1606          4         1     IPIN          N/A    LEFT       7     clb       1       7       1       7
     7    1710          2         1     IPIN          N/A   RIGHT       9     clb       1       8       1       8
     8    1809          3         1     IPIN          N/A  BOTTOM       6     clb       1       9       1       9
     9    1824          2         1     IPIN          N/A   RIGHT      21     clb       1       9       1       9
    10    1837          2         1     IPIN          N/A  BOTTOM      34     clb       1       9       1       9
    11    1941          2         1     IPIN          N/A     TOP      36     clb       1      10       1      10
    12    2020          2         1     IPIN          N/A   RIGHT      13     clb       1      11       1      11
    13    2328          2         1     IPIN          N/A    LEFT      15     clb       1      14       1      14
    14    4087          2         1     IPIN          N/A     TOP       4     clb       3       1       3       1
    15    4089          2         1     IPIN          N/A  BOTTOM       6     clb       3       1       3       1
    16    4092          2         1     IPIN          N/A   RIGHT       9     clb       3       1       3       1
    17    4117          2         1     IPIN          N/A  BOTTOM      34     clb       3       1       3       1
    18    4190          2         1     IPIN          N/A   RIGHT       5     clb       3       2       3       2
    19    4212          2         1     IPIN          N/A    LEFT      27     clb       3       2       3       2

Final Net Connection Criticality Histogram:
[        0:      0.1) 378 (  9.0%) |********************
[      0.1:      0.2) 122 (  2.9%) |*******
[      0.2:      0.3) 133 (  3.2%) |*******
[      0.3:      0.4) 243 (  5.8%) |*************
[      0.4:      0.5) 320 (  7.6%) |*****************
[      0.5:      0.6) 393 (  9.4%) |*********************
[      0.6:      0.7) 542 ( 12.9%) |*****************************
[      0.7:      0.8) 785 ( 18.7%) |******************************************
[      0.8:      0.9) 873 ( 20.8%) |***********************************************
[      0.9:        1) 410 (  9.8%) |**********************
Router Stats: total_nets_routed: 2816 total_connections_routed: 3965 total_heap_pushes: 181662 total_heap_pops: 51954 total_internal_heap_pushes: 0 total_internal_heap_pops: 0 total_external_heap_pushes: 181662 total_external_heap_pops: 51954 total_external_SOURCE_pushes: 3965 total_external_SOURCE_pops: 3293 total_internal_SOURCE_pushes: 0 total_internal_SOURCE_pops: 0 rt_node_SOURCE_pushes: 3965 rt_node_SOURCE_high_fanout_pushes: 0 rt_node_SOURCE_entire_tree_pushes: 3965 total_external_SINK_pushes: 12210 total_external_SINK_pops: 10331 total_internal_SINK_pushes: 0 total_internal_SINK_pops: 0 rt_node_SINK_pushes: 0 rt_node_SINK_high_fanout_pushes: 0 rt_node_SINK_entire_tree_pushes: 0 total_external_IPIN_pushes: 15351 total_external_IPIN_pops: 15293 total_internal_IPIN_pushes: 0 total_internal_IPIN_pops: 0 rt_node_IPIN_pushes: 0 rt_node_IPIN_high_fanout_pushes: 0 rt_node_IPIN_entire_tree_pushes: 0 total_external_OPIN_pushes: 4100 total_external_OPIN_pops: 3513 total_internal_OPIN_pushes: 0 total_internal_OPIN_pops: 0 rt_node_OPIN_pushes: 1149 rt_node_OPIN_high_fanout_pushes: 0 rt_node_OPIN_entire_tree_pushes: 1149 total_external_CHANX_pushes: 72771 total_external_CHANX_pops: 9806 total_internal_CHANX_pushes: 0 total_internal_CHANX_pops: 0 rt_node_CHANX_pushes: 1607 rt_node_CHANX_high_fanout_pushes: 0 rt_node_CHANX_entire_tree_pushes: 1607 total_external_CHANY_pushes: 73265 total_external_CHANY_pops: 9718 total_internal_CHANY_pushes: 0 total_internal_CHANY_pops: 0 rt_node_CHANY_pushes: 1634 rt_node_CHANY_high_fanout_pushes: 0 rt_node_CHANY_entire_tree_pushes: 1634 total_number_of_adding_all_rt: 11411 total_number_of_adding_high_fanout_rt: 0 total_number_of_adding_all_rt_from_calling_high_fanout_rt: 0 

Attempting to route at 58 channels (binary search bounds: [38, 76])
## Build routing resource graph
SOURCE->OPIN and IPIN->SINK edge count:24375
OPIN->CHANX/CHANY edge count before creating direct connections: 41196
OPIN->CHANX/CHANY edge count after creating direct connections: 41448
CHAN->CHAN type edge count:224765
## Build routing resource graph took 0.08 seconds (max_rss 102.8 MiB, delta_rss +0.0 MiB)
  RR Graph Nodes: 48742
  RR Graph Edges: 290588
Confirming router algorithm: TIMING_DRIVEN.
## Computing router lookahead map
### Computing wire lookahead
### Computing wire lookahead took 0.27 seconds (max_rss 102.8 MiB, delta_rss +0.0 MiB)
### Computing src/opin lookahead
### Computing src/opin lookahead took 0.00 seconds (max_rss 102.8 MiB, delta_rss +0.0 MiB)
## Computing router lookahead map took 0.27 seconds (max_rss 102.8 MiB, delta_rss +0.0 MiB)
## Initializing router criticalities
Initial Net Connection Criticality Histogram:
[        0:      0.1) 382 (  9.1%) |*********************
[      0.1:      0.2) 121 (  2.9%) |*******
[      0.2:      0.3) 131 (  3.1%) |*******
[      0.3:      0.4) 236 (  5.6%) |*************
[      0.4:      0.5) 300 (  7.1%) |****************
[      0.5:      0.6) 386 (  9.2%) |*********************
[      0.6:      0.7) 554 ( 13.2%) |******************************
[      0.7:      0.8) 719 ( 17.1%) |***************************************
[      0.8:      0.9) 873 ( 20.8%) |***********************************************
[      0.9:        1) 497 ( 11.8%) |***************************
## Initializing router criticalities took 0.01 seconds (max_rss 102.8 MiB, delta_rss +0.0 MiB)
---- ------ ------- ---- ------- ------- ------- ----------------- --------------- -------- ---------- ---------- ---------- ---------- --------
Iter   Time    pres  BBs    Heap  Re-Rtd  Re-Rtd Overused RR Nodes      Wirelength      CPD       sTNS       sWNS       hTNS       hWNS Est Succ
      (sec)     fac Updt    push    Nets   Conns                                       (ns)       (ns)       (ns)       (ns)       (ns)     Iter
---- ------ ------- ---- ------- ------- ------- ----------------- --------------- -------- ---------- ---------- ---------- ---------- --------
   1    0.0     0.0    0  196726    2816    3965    2374 ( 4.871%)   29230 (66.3%)   19.384     -9942.    -19.384      0.000      0.000      N/A
   2    0.0     0.5   24  185387    2323    3415    1914 ( 3.927%)   29270 (66.4%)   19.380     -9945.    -19.380      0.000      0.000      N/A
   3    0.0     0.6   16  201864    2008    3052    1740 ( 3.570%)   30408 (69.0%)   19.371     -9963.    -19.371      0.000      0.000      N/A
   4    0.0     0.8   26  212232    1891    2930    1627 ( 3.338%)   31093 (70.5%)   19.374     -9981.    -19.374      0.000      0.000      N/A
   5    0.0     1.1   20  222195    1725    2705    1313 ( 2.694%)   31897 (72.4%)   19.393     -9999.    -19.393      0.000      0.000      N/A
   6    0.0     1.4   39  222068    1486    2385    1140 ( 2.339%)   32518 (73.8%)   19.382 -1.001e+04    -19.382      0.000      0.000      N/A
   7    0.0     1.9   33  224849    1340    2189     972 ( 1.994%)   33057 (75.0%)   19.435 -1.003e+04    -19.435      0.000      0.000      N/A
   8    0.0     2.4   36  227831    1231    2055     852 ( 1.748%)   33771 (76.6%)   19.435 -1.004e+04    -19.435      0.000      0.000      N/A
   9    0.0     3.1   32  254749    1109    1880     738 ( 1.514%)   34466 (78.2%)   19.423 -1.006e+04    -19.423      0.000      0.000      N/A
  10    0.0     4.1   43  248625     985    1705     640 ( 1.313%)   35120 (79.7%)   19.423 -1.007e+04    -19.423      0.000      0.000       55
  11    0.0     5.3   49  265661     909    1581     573 ( 1.176%)   35665 (80.9%)   19.379 -1.008e+04    -19.379      0.000      0.000       55
  12    0.0     6.9   36  301103     788    1373     522 ( 1.071%)   36435 (82.7%)   19.377 -1.010e+04    -19.377      0.000      0.000       57
  13    0.0     9.0   43  344563     763    1322     505 ( 1.036%)   36927 (83.8%)   19.377 -1.013e+04    -19.377      0.000      0.000       61
  14    0.0    11.6   33  359244     708    1250     470 ( 0.964%)   37499 (85.1%)   19.377 -1.014e+04    -19.377      0.000      0.000       67
  15    0.0    15.1   33  310624     716    1254     491 ( 1.007%)   38169 (86.6%)   19.377 -1.016e+04    -19.377      0.000      0.000       76
  16    0.0    19.7   33  338836     682    1205     450 ( 0.923%)   38439 (87.2%)   19.377 -1.018e+04    -19.377      0.000      0.000       89
  17    0.0    25.6   26  342920     642    1156     452 ( 0.927%)   38566 (87.5%)   19.377 -1.022e+04    -19.377      0.000      0.000      110
  18    0.0    33.3   31  357621     660    1198     447 ( 0.917%)   38692 (87.8%)   19.454 -1.028e+04    -19.454      0.000      0.000      123
  19    0.0    43.3   25  366239     744    1320     434 ( 0.890%)   38893 (88.2%)   19.395 -1.024e+04    -19.395      0.000      0.000      165
Routing aborted, the predicted iteration for a successful route (164.9) is too high.
Routing failed.

Failed routing attempt #1
Total number of overused nodes: 434
Total number of overused nodes is larger than the logging limit (20).
Displaying the first 20 entries.
Routing Failure Diagnostics: Printing Overused Nodes Information
------ ------- ---------- --------- -------- ------------ ------- ------- ------- ------- ------- ------- -------
   No.  NodeId  Occupancy  Capacity  RR Node    Direction    Side     PTC   Block    Xlow    Ylow   Xhigh   Yhigh
                                        type                          NUM    Name                                 
------ ------- ---------- --------- -------- ------------ ------- ------- ------- ------- ------- ------- -------
     0    4699          2         1     IPIN          N/A     TOP       4     clb       3       7       3       7
     1    4902          2         1     IPIN          N/A    LEFT       3     clb       3       9       3       9
     2    5619          2         1     IPIN          N/A  BOTTOM       6     clb       3      16       3      16
     3    6657          2         1     IPIN          N/A  BOTTOM      30     clb       4       6       4       6
     4    6831          2         1     IPIN          N/A     TOP       0     clb       4       8       4       8
     5    6860          2         1     IPIN          N/A   RIGHT      29     clb       4       8       4       8
     6    7043          2         1     IPIN          N/A     TOP       8     clb       4      10       4      10
     7    7047          2         1     IPIN          N/A     TOP      12     clb       4      10       4      10
     8    7751          2         1     IPIN          N/A  BOTTOM       2     clb       4      17       4      17
     9    8257          2         1     IPIN          N/A     TOP       4     clb       5       2       5       2
    10    8672          2         1     IPIN          N/A    LEFT      11     clb       5       6       5       6
    11    9308          2         1     IPIN          N/A    LEFT      35     clb       5      12       5      12
    12    9382          2         1     IPIN          N/A    LEFT       7     clb       5      13       5      13
    13    9612          2         1     IPIN          N/A   RIGHT      33     clb       5      15       5      15
    14   11440          2         1     IPIN          N/A    LEFT       7     clb       7       1       7       1
    15   11450          2         1     IPIN          N/A   RIGHT      17     clb       7       1       7       1
    16   11545          2         1     IPIN          N/A  BOTTOM      10     clb       7       2       7       2
    17   11647          2         1     IPIN          N/A  BOTTOM      10     clb       7       3       7       3
    18   11751          2         1     IPIN          N/A     TOP      12     clb       7       4       7       4
    19   12049          2         1     IPIN          N/A     TOP       4     clb       7       7       7       7

Final Net Connection Criticality Histogram:
[        0:      0.1) 356 (  8.5%) |*****************
[      0.1:      0.2) 119 (  2.8%) |******
[      0.2:      0.3) 131 (  3.1%) |******
[      0.3:      0.4) 215 (  5.1%) |***********
[      0.4:      0.5) 289 (  6.9%) |**************
[      0.5:      0.6) 364 (  8.7%) |******************
[      0.6:      0.7) 501 ( 11.9%) |*************************
[      0.7:      0.8) 685 ( 16.3%) |**********************************
[      0.8:      0.9) 958 ( 22.8%) |***********************************************
[      0.9:        1) 581 ( 13.8%) |*****************************
Router Stats: total_nets_routed: 23526 total_connections_routed: 37940 total_heap_pushes: 5183337 total_heap_pops: 1179427 total_internal_heap_pushes: 0 total_internal_heap_pops: 0 total_external_heap_pushes: 5183337 total_external_heap_pops: 1179427 total_external_SOURCE_pushes: 37940 total_external_SOURCE_pops: 32965 total_internal_SOURCE_pushes: 0 total_internal_SOURCE_pops: 0 rt_node_SOURCE_pushes: 37940 rt_node_SOURCE_high_fanout_pushes: 0 rt_node_SOURCE_entire_tree_pushes: 37940 total_external_SINK_pushes: 112500 total_external_SINK_pops: 103840 total_internal_SINK_pushes: 0 total_internal_SINK_pops: 0 rt_node_SINK_pushes: 0 rt_node_SINK_high_fanout_pushes: 0 rt_node_SINK_entire_tree_pushes: 0 total_external_IPIN_pushes: 164236 total_external_IPIN_pops: 146730 total_internal_IPIN_pushes: 0 total_internal_IPIN_pops: 0 rt_node_IPIN_pushes: 0 rt_node_IPIN_high_fanout_pushes: 0 rt_node_IPIN_entire_tree_pushes: 0 total_external_OPIN_pushes: 39877 total_external_OPIN_pops: 35424 total_internal_OPIN_pushes: 0 total_internal_OPIN_pops: 0 rt_node_OPIN_pushes: 14414 rt_node_OPIN_high_fanout_pushes: 0 rt_node_OPIN_entire_tree_pushes: 14414 total_external_CHANX_pushes: 2452071 total_external_CHANX_pops: 428265 total_internal_CHANX_pushes: 0 total_internal_CHANX_pops: 0 rt_node_CHANX_pushes: 25874 rt_node_CHANX_high_fanout_pushes: 0 rt_node_CHANX_entire_tree_pushes: 25874 total_external_CHANY_pushes: 2376713 total_external_CHANY_pops: 432203 total_internal_CHANY_pushes: 0 total_internal_CHANY_pops: 0 rt_node_CHANY_pushes: 26386 rt_node_CHANY_high_fanout_pushes: 0 rt_node_CHANY_entire_tree_pushes: 26386 total_number_of_adding_all_rt: 145146 total_number_of_adding_high_fanout_rt: 0 total_number_of_adding_all_rt_from_calling_high_fanout_rt: 0 

Attempting to route at 68 channels (binary search bounds: [58, 76])
## Build routing resource graph
SOURCE->OPIN and IPIN->SINK edge count:24375
OPIN->CHANX/CHANY edge count before creating direct connections: 48884
OPIN->CHANX/CHANY edge count after creating direct connections: 49136
CHAN->CHAN type edge count:262527
## Build routing resource graph took 0.09 seconds (max_rss 102.8 MiB, delta_rss +0.0 MiB)
  RR Graph Nodes: 50942
  RR Graph Edges: 336038
Confirming router algorithm: TIMING_DRIVEN.
## Computing router lookahead map
### Computing wire lookahead
### Computing wire lookahead took 0.31 seconds (max_rss 102.8 MiB, delta_rss +0.0 MiB)
### Computing src/opin lookahead
### Computing src/opin lookahead took 0.00 seconds (max_rss 102.8 MiB, delta_rss +0.0 MiB)
## Computing router lookahead map took 0.31 seconds (max_rss 102.8 MiB, delta_rss +0.0 MiB)
## Initializing router criticalities
Initial Net Connection Criticality Histogram:
[        0:      0.1) 382 (  9.1%) |*********************
[      0.1:      0.2) 121 (  2.9%) |*******
[      0.2:      0.3) 131 (  3.1%) |*******
[      0.3:      0.4) 236 (  5.6%) |*************
[      0.4:      0.5) 300 (  7.1%) |****************
[      0.5:      0.6) 387 (  9.2%) |*********************
[      0.6:      0.7) 556 ( 13.2%) |******************************
[      0.7:      0.8) 716 ( 17.1%) |***************************************
[      0.8:      0.9) 874 ( 20.8%) |***********************************************
[      0.9:        1) 496 ( 11.8%) |***************************
## Initializing router criticalities took 0.01 seconds (max_rss 102.8 MiB, delta_rss +0.0 MiB)
---- ------ ------- ---- ------- ------- ------- ----------------- --------------- -------- ---------- ---------- ---------- ---------- --------
Iter   Time    pres  BBs    Heap  Re-Rtd  Re-Rtd Overused RR Nodes      Wirelength      CPD       sTNS       sWNS       hTNS       hWNS Est Succ
      (sec)     fac Updt    push    Nets   Conns                                       (ns)       (ns)       (ns)       (ns)       (ns)     Iter
---- ------ ------- ---- ------- ------- ------- ----------------- --------------- -------- ---------- ---------- ---------- ---------- --------
   1    0.0     0.0    0  207174    2816    3965    2227 ( 4.372%)   29178 (56.5%)   19.296     -9890.    -19.296      0.000      0.000      N/A
   2    0.0     0.5   30  188705    2228    3334    1637 ( 3.213%)   29200 (56.5%)   19.295     -9894.    -19.295      0.000      0.000      N/A
   3    0.0     0.6   11  193208    1816    2827    1405 ( 2.758%)   29911 (57.9%)   19.295     -9907.    -19.295      0.000      0.000      N/A
   4    0.0     0.8   24  190328    1612    2584    1198 ( 2.352%)   30625 (59.3%)   19.302     -9918.    -19.302      0.000      0.000      N/A
   5    0.0     1.1   30  187405    1420    2328     948 ( 1.861%)   31297 (60.6%)   19.302     -9929.    -19.302      0.000      0.000      N/A
   6    0.0     1.4   17  171433    1168    1982     747 ( 1.466%)   31782 (61.5%)   19.302     -9935.    -19.302      0.000      0.000      N/A
   7    0.0     1.9   21  168594     994    1713     602 ( 1.182%)   32265 (62.4%)   19.302     -9945.    -19.302      0.000      0.000      N/A
   8    0.0     2.4   13  144397     834    1469     472 ( 0.927%)   32722 (63.3%)   19.302     -9952.    -19.302      0.000      0.000      N/A
   9    0.0     3.1   18  124632     671    1204     348 ( 0.683%)   33286 (64.4%)   19.302     -9975.    -19.302      0.000      0.000      N/A
  10    0.0     4.1   22  111610     504     943     256 ( 0.503%)   33981 (65.8%)   19.328     -9989.    -19.328      0.000      0.000       33
  11    0.0     5.3   18   98151     416     802     189 ( 0.371%)   34422 (66.6%)   19.328     -9998.    -19.328      0.000      0.000       31
  12    0.0     6.9   26   74846     287     578     114 ( 0.224%)   34762 (67.3%)   19.330 -1.000e+04    -19.330      0.000      0.000       30
  13    0.0     9.0   16   66985     240     480      90 ( 0.177%)   35021 (67.8%)   19.330 -1.001e+04    -19.330      0.000      0.000       27
  14    0.0    11.6   13   57547     171     363      55 ( 0.108%)   35438 (68.6%)   19.329 -1.001e+04    -19.329      0.000      0.000       27
  15    0.0    15.1   20   43258     124     271      37 ( 0.073%)   35589 (68.9%)   19.329 -1.002e+04    -19.329      0.000      0.000       25
  16    0.0    19.7    8   43780     108     256      27 ( 0.053%)   35731 (69.1%)   19.329 -1.002e+04    -19.329      0.000      0.000       25
  17    0.0    25.6    7   45170     102     234      20 ( 0.039%)   35855 (69.4%)   19.329 -1.003e+04    -19.329      0.000      0.000       25
  18    0.0    33.3    7   42144      90     209      13 ( 0.026%)   36044 (69.7%)   19.329 -1.003e+04    -19.329      0.000      0.000       25
  19    0.0    43.3    7   22096      75     179       3 ( 0.006%)   36184 (70.0%)   19.470 -1.007e+04    -19.470      0.000      0.000       25
  20    0.0    56.2    2   12904      64     162       2 ( 0.004%)   36173 (70.0%)   19.470 -1.007e+04    -19.470      0.000      0.000       23
  21    0.0    73.1    0   19002      63     163       1 ( 0.002%)   36207 (70.1%)   19.470 -1.007e+04    -19.470      0.000      0.000       22
  22    0.0    95.0    0   15225      62     158       1 ( 0.002%)   36207 (70.1%)   19.470 -1.007e+04    -19.470      0.000      0.000       22
  23    0.0   123.5    0   15076      61     157       1 ( 0.002%)   36195 (70.0%)   19.470 -1.007e+04    -19.470      0.000      0.000       22
  24    0.0   160.6    0   15152      61     158       1 ( 0.002%)   36195 (70.0%)   19.470 -1.007e+04    -19.470      0.000      0.000       22
  25    0.0   208.8    0   16047      62     160       0 ( 0.000%)   36219 (70.1%)   19.470 -1.007e+04    -19.470      0.000      0.000       22
Restoring best routing
Critical path: 19.4704 ns
Successfully routed after 25 routing iterations.
Final Net Connection Criticality Histogram:
[        0:      0.1) 361 (  8.6%) |*******************
[      0.1:      0.2) 123 (  2.9%) |******
[      0.2:      0.3) 138 (  3.3%) |*******
[      0.3:      0.4) 228 (  5.4%) |************
[      0.4:      0.5) 294 (  7.0%) |***************
[      0.5:      0.6) 392 (  9.3%) |********************
[      0.6:      0.7) 541 ( 12.9%) |****************************
[      0.7:      0.8) 754 ( 18.0%) |***************************************
[      0.8:      0.9) 913 ( 21.7%) |***********************************************
[      0.9:        1) 455 ( 10.8%) |***********************
Router Stats: total_nets_routed: 16049 total_connections_routed: 26679 total_heap_pushes: 2274869 total_heap_pops: 521500 total_internal_heap_pushes: 0 total_internal_heap_pops: 0 total_external_heap_pushes: 2274869 total_external_heap_pops: 521500 total_external_SOURCE_pushes: 26679 total_external_SOURCE_pops: 21816 total_internal_SOURCE_pushes: 0 total_internal_SOURCE_pops: 0 rt_node_SOURCE_pushes: 26679 rt_node_SOURCE_high_fanout_pushes: 0 rt_node_SOURCE_entire_tree_pushes: 26679 total_external_SINK_pushes: 82403 total_external_SINK_pops: 74428 total_internal_SINK_pushes: 0 total_internal_SINK_pops: 0 rt_node_SINK_pushes: 0 rt_node_SINK_high_fanout_pushes: 0 rt_node_SINK_entire_tree_pushes: 0 total_external_IPIN_pushes: 118797 total_external_IPIN_pops: 107098 total_internal_IPIN_pushes: 0 total_internal_IPIN_pops: 0 rt_node_IPIN_pushes: 0 rt_node_IPIN_high_fanout_pushes: 0 rt_node_IPIN_entire_tree_pushes: 0 total_external_OPIN_pushes: 27944 total_external_OPIN_pops: 23771 total_internal_OPIN_pushes: 0 total_internal_OPIN_pops: 0 rt_node_OPIN_pushes: 10630 rt_node_OPIN_high_fanout_pushes: 0 rt_node_OPIN_entire_tree_pushes: 10630 total_external_CHANX_pushes: 1006894 total_external_CHANX_pops: 147719 total_internal_CHANX_pushes: 0 total_internal_CHANX_pops: 0 rt_node_CHANX_pushes: 17199 rt_node_CHANX_high_fanout_pushes: 0 rt_node_CHANX_entire_tree_pushes: 17199 total_external_CHANY_pushes: 1012152 total_external_CHANY_pops: 146668 total_internal_CHANY_pushes: 0 total_internal_CHANY_pops: 0 rt_node_CHANY_pushes: 17897 rt_node_CHANY_high_fanout_pushes: 0 rt_node_CHANY_entire_tree_pushes: 17897 total_number_of_adding_all_rt: 103173 total_number_of_adding_high_fanout_rt: 0 total_number_of_adding_all_rt_from_calling_high_fanout_rt: 0 

Attempting to route at 64 channels (binary search bounds: [58, 68])
## Build routing resource graph
SOURCE->OPIN and IPIN->SINK edge count:24375
OPIN->CHANX/CHANY edge count before creating direct connections: 45082
OPIN->CHANX/CHANY edge count after creating direct connections: 45334
CHAN->CHAN type edge count:247654
## Build routing resource graph took 0.09 seconds (max_rss 102.8 MiB, delta_rss +0.0 MiB)
  RR Graph Nodes: 50062
  RR Graph Edges: 317363
Confirming router algorithm: TIMING_DRIVEN.
## Computing router lookahead map
### Computing wire lookahead
### Computing wire lookahead took 0.29 seconds (max_rss 102.8 MiB, delta_rss +0.0 MiB)
### Computing src/opin lookahead
### Computing src/opin lookahead took 0.00 seconds (max_rss 102.8 MiB, delta_rss +0.0 MiB)
## Computing router lookahead map took 0.29 seconds (max_rss 102.8 MiB, delta_rss +0.0 MiB)
## Initializing router criticalities
Initial Net Connection Criticality Histogram:
[        0:      0.1) 382 (  9.1%) |*********************
[      0.1:      0.2) 121 (  2.9%) |*******
[      0.2:      0.3) 131 (  3.1%) |*******
[      0.3:      0.4) 236 (  5.6%) |*************
[      0.4:      0.5) 299 (  7.1%) |****************
[      0.5:      0.6) 386 (  9.2%) |*********************
[      0.6:      0.7) 553 ( 13.2%) |******************************
[      0.7:      0.8) 720 ( 17.1%) |***************************************
[      0.8:      0.9) 874 ( 20.8%) |***********************************************
[      0.9:        1) 497 ( 11.8%) |***************************
## Initializing router criticalities took 0.00 seconds (max_rss 102.8 MiB, delta_rss +0.0 MiB)
---- ------ ------- ---- ------- ------- ------- ----------------- --------------- -------- ---------- ---------- ---------- ---------- --------
Iter   Time    pres  BBs    Heap  Re-Rtd  Re-Rtd Overused RR Nodes      Wirelength      CPD       sTNS       sWNS       hTNS       hWNS Est Succ
      (sec)     fac Updt    push    Nets   Conns                                       (ns)       (ns)       (ns)       (ns)       (ns)     Iter
---- ------ ------- ---- ------- ------- ------- ----------------- --------------- -------- ---------- ---------- ---------- ---------- --------
   1    0.0     0.0    0  201395    2816    3965    2209 ( 4.413%)   29011 (59.6%)   19.131     -9883.    -19.131      0.000      0.000      N/A
   2    0.0     0.5   24  181777    2203    3295    1631 ( 3.258%)   29033 (59.7%)   19.127     -9888.    -19.127      0.000      0.000      N/A
   3    0.0     0.6   12  185426    1869    2892    1506 ( 3.008%)   29756 (61.2%)   19.129     -9901.    -19.129      0.000      0.000      N/A
   4    0.0     0.8   19  187166    1658    2613    1279 ( 2.555%)   30291 (62.3%)   19.134     -9917.    -19.134      0.000      0.000      N/A
   5    0.0     1.1   25  182359    1471    2396    1035 ( 2.067%)   30884 (63.5%)   19.134     -9926.    -19.134      0.000      0.000      N/A
   6    0.0     1.4   14  178739    1279    2145     861 ( 1.720%)   31434 (64.6%)   19.137     -9929.    -19.137      0.000      0.000      N/A
   7    0.0     1.9   18  175419    1095    1883     706 ( 1.410%)   32011 (65.8%)   19.127     -9945.    -19.127      0.000      0.000      N/A
   8    0.0     2.4   24  158974     938    1646     530 ( 1.059%)   32539 (66.9%)   19.125     -9958.    -19.125      0.000      0.000      N/A
   9    0.0     3.1   22  134733     734    1309     398 ( 0.795%)   33128 (68.1%)   19.125     -9965.    -19.125      0.000      0.000      N/A
  10    0.0     4.1   27  138426     579    1074     313 ( 0.625%)   33653 (69.2%)   19.130     -9983.    -19.130      0.000      0.000       34
  11    0.0     5.3   24  120694     461     882     239 ( 0.477%)   34069 (70.0%)   19.139 -1.000e+04    -19.139      0.000      0.000       32
  12    0.0     6.9   17  107843     351     686     178 ( 0.356%)   34699 (71.3%)   19.139 -1.000e+04    -19.139      0.000      0.000       32
  13    0.0     9.0   23  113496     284     556     128 ( 0.256%)   35151 (72.3%)   19.139 -1.002e+04    -19.139      0.000      0.000       31
  14    0.0    11.6   29   82568     204     405     106 ( 0.212%)   35377 (72.7%)   19.139 -1.002e+04    -19.139      0.000      0.000       31
  15    0.0    15.1    8   86247     171     334      82 ( 0.164%)   35723 (73.4%)   19.139 -1.003e+04    -19.139      0.000      0.000       31
  16    0.0    19.7    9   83168     138     290      63 ( 0.126%)   36026 (74.1%)   19.139 -1.004e+04    -19.139      0.000      0.000       31
  17    0.0    25.6   15   74584     114     212      56 ( 0.112%)   36272 (74.6%)   19.139 -1.006e+04    -19.139      0.000      0.000       31
  18    0.0    33.3   11   67225      93     169      54 ( 0.108%)   36595 (75.2%)   19.139 -1.008e+04    -19.139      0.000      0.000       32
  19    0.0    43.3    9   77730      91     177      49 ( 0.098%)   36857 (75.8%)   19.139 -1.007e+04    -19.139      0.000      0.000       34
  20    0.0    56.2    9   63298      80     156      42 ( 0.084%)   37100 (76.3%)   19.139 -1.009e+04    -19.139      0.000      0.000       36
  21    0.0    73.1    7   82589      65     141      31 ( 0.062%)   37135 (76.3%)   19.139 -1.009e+04    -19.139      0.000      0.000       39
  22    0.0    95.0   11   74305      57     120      28 ( 0.056%)   37204 (76.5%)   19.157 -1.016e+04    -19.157      0.000      0.000       39
  23    0.0   123.5    5   73729      49     104      26 ( 0.052%)   37423 (76.9%)   19.157 -1.016e+04    -19.157      0.000      0.000       41
  24    0.0   160.6    4   75651      44      86      26 ( 0.052%)   37417 (76.9%)   19.157 -1.016e+04    -19.157      0.000      0.000       42
  25    0.0   208.8    4   45177      40      88      17 ( 0.034%)   37499 (77.1%)   19.157 -1.018e+04    -19.157      0.000      0.000       45
  26    0.0   271.4    3   39388      35      61      13 ( 0.026%)   37549 (77.2%)   19.374 -1.022e+04    -19.374      0.000      0.000       44
  27    0.0   352.8    4   42793      66     179      10 ( 0.020%)   37512 (77.1%)   19.374 -1.022e+04    -19.374      0.000      0.000       44
  28    0.0   458.7    1   44692      62     170       9 ( 0.018%)   37602 (77.3%)   19.374 -1.022e+04    -19.374      0.000      0.000       42
  29    0.0   596.3    0   32390      59     163       8 ( 0.016%)   37669 (77.4%)   19.374 -1.022e+04    -19.374      0.000      0.000       42
  30    0.0   775.1    3   23476      59     163       5 ( 0.010%)   37723 (77.6%)   19.374 -1.022e+04    -19.374      0.000      0.000       42
  31    0.0  1007.7    5   27306      56     155       5 ( 0.010%)   37717 (77.5%)   19.374 -1.023e+04    -19.374      0.000      0.000       41
  32    0.0  1310.0    0   27474      58     157       6 ( 0.012%)   37679 (77.5%)   19.374 -1.023e+04    -19.374      0.000      0.000       40
  33    0.0  1703.0    0   18891      57     157       5 ( 0.010%)   37671 (77.4%)   19.374 -1.023e+04    -19.374      0.000      0.000       41
  34    0.0  2213.9    0   21495      58     158       5 ( 0.010%)   37705 (77.5%)   19.374 -1.023e+04    -19.374      0.000      0.000       41
  35    0.0  2878.1    0   19984      57     157       5 ( 0.010%)   37680 (77.5%)   19.374 -1.023e+04    -19.374      0.000      0.000       42
  36    0.0  3741.5    0   15439      55     155       5 ( 0.010%)   37740 (77.6%)   19.374 -1.023e+04    -19.374      0.000      0.000       43
  37    0.0  4863.9    0   16549      55     158       4 ( 0.008%)   37709 (77.5%)   19.374 -1.023e+04    -19.374      0.000      0.000       44
  38    0.0  6323.1    0   15311      54     155       4 ( 0.008%)   37678 (77.5%)   19.374 -1.023e+04    -19.374      0.000      0.000       45
  39    0.0  8220.0    0   15535      55     159       2 ( 0.004%)   37675 (77.5%)   19.374 -1.023e+04    -19.374      0.000      0.000       46
  40    0.0 10686.0    0   19968      52     152       2 ( 0.004%)   37671 (77.4%)   19.374 -1.023e+04    -19.374      0.000      0.000       45
  41    0.0 13891.9    0   18270      52     152       3 ( 0.006%)   37704 (77.5%)   19.374 -1.023e+04    -19.374      0.000      0.000       46
  42    0.0 18059.4    0   14050      56     155       2 ( 0.004%)   37725 (77.6%)   19.374 -1.023e+04    -19.374      0.000      0.000       46
  43    0.0 23477.2    0   12370      50     145       2 ( 0.004%)   37713 (77.5%)   19.374 -1.023e+04    -19.374      0.000      0.000       47
  44    0.0 30520.4    0   12256      52     150       3 ( 0.006%)   37714 (77.5%)   19.374 -1.023e+04    -19.374      0.000      0.000       47
  45    0.0 39676.5    0   15522      53     153       2 ( 0.004%)   37719 (77.5%)   19.374 -1.023e+04    -19.374      0.000      0.000       49
  46    0.0 51579.5    1   14491      51     146       2 ( 0.004%)   37735 (77.6%)   19.374 -1.023e+04    -19.374      0.000      0.000       49
  47    0.0 67053.3    1   17005      52     148       2 ( 0.004%)   37724 (77.6%)   19.374 -1.023e+04    -19.374      0.000      0.000       50
  48    0.0 87169.3    0   12943      52     148       2 ( 0.004%)   37724 (77.6%)   19.374 -1.023e+04    -19.374      0.000      0.000       51
  49    0.0 1.1e+05    0   12535      51     147       2 ( 0.004%)   37722 (77.6%)   19.374 -1.023e+04    -19.374      0.000      0.000       53
  50    0.0 1.5e+05    0   15630      52     148       3 ( 0.006%)   37738 (77.6%)   19.374 -1.023e+04    -19.374      0.000      0.000       54
Routing failed.

Failed routing attempt #2
Total number of overused nodes: 3
Routing Failure Diagnostics: Printing Overused Nodes Information
------ ------- ---------- --------- -------- ------------ ------- ------- ------- ------- ------- ------- -------
   No.  NodeId  Occupancy  Capacity  RR Node    Direction    Side     PTC   Block    Xlow    Ylow   Xhigh   Yhigh
                                        type                          NUM    Name                                 
------ ------- ---------- --------- -------- ------------ ------- ------- ------- ------- ------- ------- -------
     0    9376          2         1     IPIN          N/A   RIGHT       1     clb       5      13       5      13
     1   44501          2         1    CHANY      DEC_DIR     N/A      27     clb       4       2       4       5
     2   44912          2         1    CHANY      INC_DIR     N/A      12     clb       5       6       5       9

Final Net Connection Criticality Histogram:
[        0:      0.1) 348 (  8.3%) |******************
[      0.1:      0.2) 129 (  3.1%) |*******
[      0.2:      0.3) 133 (  3.2%) |*******
[      0.3:      0.4) 213 (  5.1%) |***********
[      0.4:      0.5) 284 (  6.8%) |**************
[      0.5:      0.6) 391 (  9.3%) |********************
[      0.6:      0.7) 498 ( 11.9%) |*************************
[      0.7:      0.8) 743 ( 17.7%) |**************************************
[      0.8:      0.9) 925 ( 22.0%) |***********************************************
[      0.9:        1) 535 ( 12.7%) |***************************
Router Stats: total_nets_routed: 18243 total_connections_routed: 31415 total_heap_pushes: 3478481 total_heap_pops: 803061 total_internal_heap_pushes: 0 total_internal_heap_pops: 0 total_external_heap_pushes: 3478481 total_external_heap_pops: 803061 total_external_SOURCE_pushes: 31415 total_external_SOURCE_pops: 25852 total_internal_SOURCE_pushes: 0 total_internal_SOURCE_pops: 0 rt_node_SOURCE_pushes: 31415 rt_node_SOURCE_high_fanout_pushes: 0 rt_node_SOURCE_entire_tree_pushes: 31415 total_external_SINK_pushes: 90627 total_external_SINK_pops: 83819 total_internal_SINK_pushes: 0 total_internal_SINK_pops: 0 rt_node_SINK_pushes: 0 rt_node_SINK_high_fanout_pushes: 0 rt_node_SINK_entire_tree_pushes: 0 total_external_IPIN_pushes: 130505 total_external_IPIN_pops: 117668 total_internal_IPIN_pushes: 0 total_internal_IPIN_pops: 0 rt_node_IPIN_pushes: 0 rt_node_IPIN_high_fanout_pushes: 0 rt_node_IPIN_entire_tree_pushes: 0 total_external_OPIN_pushes: 33169 total_external_OPIN_pops: 28145 total_internal_OPIN_pushes: 0 total_internal_OPIN_pops: 0 rt_node_OPIN_pushes: 13172 rt_node_OPIN_high_fanout_pushes: 0 rt_node_OPIN_entire_tree_pushes: 13172 total_external_CHANX_pushes: 1607416 total_external_CHANX_pops: 273425 total_internal_CHANX_pushes: 0 total_internal_CHANX_pops: 0 rt_node_CHANX_pushes: 24562 rt_node_CHANX_high_fanout_pushes: 0 rt_node_CHANX_entire_tree_pushes: 24562 total_external_CHANY_pushes: 1585349 total_external_CHANY_pops: 274152 total_internal_CHANY_pushes: 0 total_internal_CHANY_pops: 0 rt_node_CHANY_pushes: 25875 rt_node_CHANY_high_fanout_pushes: 0 rt_node_CHANY_entire_tree_pushes: 25875 total_number_of_adding_all_rt: 134200 total_number_of_adding_high_fanout_rt: 0 total_number_of_adding_all_rt_from_calling_high_fanout_rt: 0 

Attempting to route at 66 channels (binary search bounds: [64, 68])
## Build routing resource graph
SOURCE->OPIN and IPIN->SINK edge count:24375
OPIN->CHANX/CHANY edge count before creating direct connections: 47582
OPIN->CHANX/CHANY edge count after creating direct connections: 47834
CHAN->CHAN type edge count:255093
## Build routing resource graph took 0.09 seconds (max_rss 102.8 MiB, delta_rss +0.0 MiB)
  RR Graph Nodes: 50502
  RR Graph Edges: 327302
Confirming router algorithm: TIMING_DRIVEN.
## Computing router lookahead map
### Computing wire lookahead
### Computing wire lookahead took 0.30 seconds (max_rss 102.8 MiB, delta_rss +0.0 MiB)
### Computing src/opin lookahead
### Computing src/opin lookahead took 0.00 seconds (max_rss 102.8 MiB, delta_rss +0.0 MiB)
## Computing router lookahead map took 0.30 seconds (max_rss 102.8 MiB, delta_rss +0.0 MiB)
## Initializing router criticalities
Initial Net Connection Criticality Histogram:
[        0:      0.1) 382 (  9.1%) |*********************
[      0.1:      0.2) 121 (  2.9%) |*******
[      0.2:      0.3) 131 (  3.1%) |*******
[      0.3:      0.4) 236 (  5.6%) |*************
[      0.4:      0.5) 299 (  7.1%) |****************
[      0.5:      0.6) 386 (  9.2%) |*********************
[      0.6:      0.7) 553 ( 13.2%) |******************************
[      0.7:      0.8) 720 ( 17.1%) |***************************************
[      0.8:      0.9) 874 ( 20.8%) |***********************************************
[      0.9:        1) 497 ( 11.8%) |***************************
## Initializing router criticalities took 0.00 seconds (max_rss 102.8 MiB, delta_rss +0.0 MiB)
---- ------ ------- ---- ------- ------- ------- ----------------- --------------- -------- ---------- ---------- ---------- ---------- --------
Iter   Time    pres  BBs    Heap  Re-Rtd  Re-Rtd Overused RR Nodes      Wirelength      CPD       sTNS       sWNS       hTNS       hWNS Est Succ
      (sec)     fac Updt    push    Nets   Conns                                       (ns)       (ns)       (ns)       (ns)       (ns)     Iter
---- ------ ------- ---- ------- ------- ------- ----------------- --------------- -------- ---------- ---------- ---------- ---------- --------
   1    0.0     0.0    0  198600    2816    3965    2268 ( 4.491%)   29021 (57.9%)   19.134     -9907.    -19.134      0.000      0.000      N/A
   2    0.0     0.5   21  183914    2232    3322    1625 ( 3.218%)   29088 (58.0%)   19.134     -9906.    -19.134      0.000      0.000      N/A
   3    0.0     0.6   13  181579    1853    2860    1430 ( 2.832%)   29748 (59.3%)   19.144     -9917.    -19.144      0.000      0.000      N/A
   4    0.0     0.8   20  189278    1636    2602    1261 ( 2.497%)   30256 (60.3%)   19.136     -9929.    -19.136      0.000      0.000      N/A
   5    0.0     1.1   26  187059    1459    2361    1031 ( 2.042%)   31017 (61.8%)   19.143     -9940.    -19.143      0.000      0.000      N/A
   6    0.0     1.4   26  171537    1216    2063     797 ( 1.578%)   31513 (62.8%)   19.139     -9947.    -19.139      0.000      0.000      N/A
   7    0.0     1.9   15  158510    1037    1785     627 ( 1.242%)   31991 (63.8%)   19.139     -9958.    -19.139      0.000      0.000      N/A
   8    0.0     2.4   17  136337     829    1466     455 ( 0.901%)   32553 (64.9%)   19.139     -9974.    -19.139      0.000      0.000      N/A
   9    0.0     3.1   19  121456     668    1205     359 ( 0.711%)   33012 (65.8%)   19.136     -9985.    -19.136      0.000      0.000      N/A
  10    0.0     4.1   21  109181     539     983     276 ( 0.547%)   33319 (66.4%)   19.131     -9991.    -19.131      0.000      0.000       31
  11    0.0     5.3    9  109644     418     800     201 ( 0.398%)   33962 (67.7%)   19.132 -1.000e+04    -19.132      0.000      0.000       31
  12    0.0     6.9   20   98446     313     601     149 ( 0.295%)   34343 (68.5%)   19.131 -1.001e+04    -19.131      0.000      0.000       30
  13    0.0     9.0   14   75064     230     439     101 ( 0.200%)   34707 (69.2%)   19.131 -1.001e+04    -19.131      0.000      0.000       30
  14    0.0    11.6   13   54208     158     305      65 ( 0.129%)   35095 (70.0%)   19.131 -1.003e+04    -19.131      0.000      0.000       29
  15    0.0    15.1   14   52959     115     227      43 ( 0.085%)   35445 (70.7%)   19.132 -1.003e+04    -19.132      0.000      0.000       27
  16    0.0    19.7   11   39463      70     144      32 ( 0.063%)   35665 (71.1%)   19.132 -1.003e+04    -19.132      0.000      0.000       26
  17    0.0    25.6    8   23515      47     101      24 ( 0.048%)   35720 (71.2%)   19.132 -1.004e+04    -19.132      0.000      0.000       26
  18    0.0    33.3    4   39605      37      76      15 ( 0.030%)   35895 (71.6%)   19.132 -1.004e+04    -19.132      0.000      0.000       26
  19    0.0    43.3    4   31140      25      49       9 ( 0.018%)   36024 (71.8%)   19.132 -1.005e+04    -19.132      0.000      0.000       25
  20    0.0    56.2    2   15486      17      28       8 ( 0.016%)   36053 (71.9%)   19.132 -1.005e+04    -19.132      0.000      0.000       25
  21    0.0    73.1    2   23721      16      30       8 ( 0.016%)   36086 (71.9%)   19.132 -1.005e+04    -19.132      0.000      0.000       25
  22    0.0    95.0    0   15000      13      30       3 ( 0.006%)   36158 (72.1%)   19.132 -1.006e+04    -19.132      0.000      0.000       26
  23    0.0   123.5    0   18613       7      13       3 ( 0.006%)   36151 (72.1%)   19.132 -1.006e+04    -19.132      0.000      0.000       26
  24    0.0   160.6    0   18390       6      12       4 ( 0.008%)   36155 (72.1%)   19.132 -1.006e+04    -19.132      0.000      0.000       26
  25    0.0   208.8    0   46130       6      14       2 ( 0.004%)   36149 (72.1%)   19.132 -1.006e+04    -19.132      0.000      0.000       27
  26    0.0   271.4    1   44118       4      11       2 ( 0.004%)   36153 (72.1%)   19.132 -1.006e+04    -19.132      0.000      0.000       27
  27    0.0   352.8    0   28720       4       9       2 ( 0.004%)   36144 (72.1%)   19.132 -1.006e+04    -19.132      0.000      0.000       27
  28    0.0   458.7    0   12631       5      10       3 ( 0.006%)   36145 (72.1%)   19.132 -1.006e+04    -19.132      0.000      0.000       28
  29    0.0   596.3    0   12981       5      10       2 ( 0.004%)   36176 (72.1%)   19.132 -1.006e+04    -19.132      0.000      0.000       29
  30    0.0   775.1    1    2564       3       6       1 ( 0.002%)   36173 (72.1%)   19.132 -1.006e+04    -19.132      0.000      0.000       30
  31    0.0  1007.7    0   16920       2       5       1 ( 0.002%)   36184 (72.1%)   19.132 -1.006e+04    -19.132      0.000      0.000       30
  32    0.0  1310.0    0   17012       2       5       1 ( 0.002%)   36186 (72.1%)   19.132 -1.006e+04    -19.132      0.000      0.000       30
  33    0.0  1703.0    0     384       1       2       1 ( 0.002%)   36203 (72.2%)   19.132 -1.007e+04    -19.132      0.000      0.000       31
  34    0.0  2213.9    0   19601       2       6       1 ( 0.002%)   36186 (72.1%)   19.132 -1.007e+04    -19.132      0.000      0.000       31
  35    0.0  2878.1    0   16192       1       4       1 ( 0.002%)   36199 (72.2%)   19.132 -1.007e+04    -19.132      0.000      0.000       32
  36    0.0  3741.5    0     950       2       5       0 ( 0.000%)   36225 (72.2%)   19.132 -1.007e+04    -19.132      0.000      0.000       32
Restoring best routing
Critical path: 19.1319 ns
Successfully routed after 36 routing iterations.
Final Net Connection Criticality Histogram:
[        0:      0.1) 351 (  8.4%) |*****************
[      0.1:      0.2) 124 (  3.0%) |******
[      0.2:      0.3) 136 (  3.2%) |*******
[      0.3:      0.4) 219 (  5.2%) |***********
[      0.4:      0.5) 276 (  6.6%) |**************
[      0.5:      0.6) 388 (  9.2%) |*******************
[      0.6:      0.7) 502 ( 12.0%) |*************************
[      0.7:      0.8) 726 ( 17.3%) |************************************
[      0.8:      0.9) 946 ( 22.5%) |***********************************************
[      0.9:        1) 531 ( 12.6%) |**************************
Router Stats: total_nets_routed: 15794 total_connections_routed: 25554 total_heap_pushes: 2470908 total_heap_pops: 588726 total_internal_heap_pushes: 0 total_internal_heap_pops: 0 total_external_heap_pushes: 2470908 total_external_heap_pops: 588726 total_external_SOURCE_pushes: 25554 total_external_SOURCE_pops: 21169 total_internal_SOURCE_pushes: 0 total_internal_SOURCE_pops: 0 rt_node_SOURCE_pushes: 25554 rt_node_SOURCE_high_fanout_pushes: 0 rt_node_SOURCE_entire_tree_pushes: 25554 total_external_SINK_pushes: 78160 total_external_SINK_pops: 72039 total_internal_SINK_pushes: 0 total_internal_SINK_pops: 0 rt_node_SINK_pushes: 0 rt_node_SINK_high_fanout_pushes: 0 rt_node_SINK_entire_tree_pushes: 0 total_external_IPIN_pushes: 113253 total_external_IPIN_pops: 103718 total_internal_IPIN_pushes: 0 total_internal_IPIN_pops: 0 rt_node_IPIN_pushes: 0 rt_node_IPIN_high_fanout_pushes: 0 rt_node_IPIN_entire_tree_pushes: 0 total_external_OPIN_pushes: 26810 total_external_OPIN_pops: 23074 total_internal_OPIN_pushes: 0 total_internal_OPIN_pops: 0 rt_node_OPIN_pushes: 9760 rt_node_OPIN_high_fanout_pushes: 0 rt_node_OPIN_entire_tree_pushes: 9760 total_external_CHANX_pushes: 1121490 total_external_CHANX_pops: 184117 total_internal_CHANX_pushes: 0 total_internal_CHANX_pops: 0 rt_node_CHANX_pushes: 15614 rt_node_CHANX_high_fanout_pushes: 0 rt_node_CHANX_entire_tree_pushes: 15614 total_external_CHANY_pushes: 1105641 total_external_CHANY_pops: 184609 total_internal_CHANY_pushes: 0 total_internal_CHANY_pops: 0 rt_node_CHANY_pushes: 15995 rt_node_CHANY_high_fanout_pushes: 0 rt_node_CHANY_entire_tree_pushes: 15995 total_number_of_adding_all_rt: 94425 total_number_of_adding_high_fanout_rt: 0 total_number_of_adding_all_rt_from_calling_high_fanout_rt: 0 
## Build routing resource graph
SOURCE->OPIN and IPIN->SINK edge count:24375
OPIN->CHANX/CHANY edge count before creating direct connections: 47582
OPIN->CHANX/CHANY edge count after creating direct connections: 47834
CHAN->CHAN type edge count:255093
## Build routing resource graph took 0.09 seconds (max_rss 102.8 MiB, delta_rss +0.0 MiB)
  RR Graph Nodes: 50502
  RR Graph Edges: 327302
Best routing used a channel width factor of 66.
# Routing took 4.07 seconds (max_rss 102.8 MiB, delta_rss +0.0 MiB)

Checking to ensure routing is legal...
# Checking to ensure non-configurable edges are legal
# Checking to ensure non-configurable edges are legal took 0.00 seconds (max_rss 102.8 MiB, delta_rss +0.0 MiB)
Completed routing consistency check successfully.

Serial number (magic cookie) for the routing is: -706906047
Circuit successfully routed with a channel width factor of 66.
# Synchronize the packed netlist to routing optimization
## Annotating rr_node with routed nets
## Annotating rr_node with routed nets took 0.00 seconds (max_rss 102.8 MiB, delta_rss +0.0 MiB)
Found 5657 mismatches between routing and packing results.
Fixed 3481 routing traces due to mismatch between routing and packing results.
# Synchronize the packed netlist to routing optimization took 0.02 seconds (max_rss 102.8 MiB, delta_rss +0.0 MiB)
Final Clustering Statistics: 
----------   --------   ------------------------------------   --------------------------
Block Type   # Blocks   Avg. # of input clocks and pins used   Avg. # of output pins used
----------   --------   ------------------------------------   --------------------------
     EMPTY          0                                      0                            0   
        io        468                               0.452991                     0.547009   
       clb        247                                16.1417                      10.3684   
   mult_36          0                                      0                            0   
    memory          0                                      0                            0   
Absorbed logical nets 2173 out of 4990 nets, 2817 nets not absorbed.


Average number of bends per net: 1.83310  Maximum # of bends: 22

Number of global nets: 1
Number of routed nets (nonglobal): 2816
Wire length results (in units of 1 clb segments)...
	Total wirelength: 36225, average net length: 12.8640
	Maximum net length: 107

Wire length results in terms of physical segments...
	Total wiring segments used: 9698, average wire segments per net: 3.44389
	Maximum segments used by a net: 30
	Total local nets with reserved CLB opins: 0
Total number of nets absorbed: 0

Routing channel utilization histogram:
[        1:      inf)   0 (  0.0%) |
[      0.9:        1) 118 ( 14.7%) |********************
[      0.8:      0.9) 272 ( 34.0%) |***********************************************
[      0.7:      0.8) 196 ( 24.5%) |**********************************
[      0.5:      0.6)  62 (  7.8%) |***********
[      0.4:      0.5)  56 (  7.0%) |**********
[      0.3:      0.4)  32 (  4.0%) |******
[      0.2:      0.3)  18 (  2.2%) |***
[      0.1:      0.2)   4 (  0.5%) |*
[        0:      0.1)  42 (  5.2%) |*******
Maximum routing channel utilization:      0.98 at (11,4)

X - Directed channels:   j max occ ave occ capacity
                      ---- ------- ------- --------
                         0      64  43.333       66
                         1      64  37.476       66
                         2      64  39.524       66
                         3      63  44.190       66
                         4      65  45.381       66
                         5      63  49.476       66
                         6      59  46.000       66
                         7      64  47.048       66
                         8      61  44.619       66
                         9      61  45.571       66
                        10      61  45.762       66
                        11      59  46.286       66
                        12      63  46.762       66
                        13      60  45.286       66
                        14      61  45.810       66
                        15      61  44.476       66
                        16      61  43.000       66
                        17      58  39.381       66
                        18      52  34.524       66
                        19      61  42.857       66
Y - Directed channels:   i max occ ave occ capacity
                      ---- ------- ------- --------
                         0      58  35.619       66
                         1      57  33.476       66
                         2      48  33.667       66
                         3      64  42.095       66
                         4      60  46.714       66
                         5      62  43.857       66
                         6      56  41.238       66
                         7      61  47.000       66
                         8      62  46.429       66
                         9      59  45.048       66
                        10      63  46.476       66
                        11      62  49.476       66
                        12      58  45.048       66
                        13      60  44.762       66
                        14      61  44.476       66
                        15      59  44.190       66
                        16      59  44.952       66
                        17      54  37.952       66
                        18      51  35.571       66
                        19      60  40.190       66

Total tracks in x-direction: 1320, in y-direction: 1320

Logic area (in minimum width transistor areas, excludes I/Os and empty grid tiles)...
	Total logic block area (Warning, need to add pitch of routing to blocks with height > 3): 2.24358e+07
	Total used logic block area: 1.33118e+07

Routing area (in minimum width transistor areas)...
	Total routing area: 2.03950e+06, per logic tile: 4624.71

Total Number of Wiring Segments by Direction: direction length number
                                              --------- ------ -------
                                                      X      4   7260
                                                      Y      4   7260

X - Directed Wiring Segment usage by length: length utilization
                                             ------ -----------
                                             4       0.678

Y - Directed Wiring Segment usage by length: length utilization
                                             ------ -----------
                                             4       0.658

Segment occupancy by length: Length utilization
                             ------ -----------
                             L4           0.668

Segment occupancy by type:              name type utilization
                           ----------------- ---- -----------
                           unnamed_segment_0    0       0.668

Final hold Worst Negative Slack (hWNS): 0 ns
Final hold Total Negative Slack (hTNS): 0 ns

Final hold slack histogram:
[  5.8e-11:  3.9e-10)  68 (  7.2%) |***************
[  3.9e-10:  7.3e-10)  83 (  8.8%) |*******************
[  7.3e-10:  1.1e-09) 184 ( 19.5%) |******************************************
[  1.1e-09:  1.4e-09) 207 ( 21.9%) |***********************************************
[  1.4e-09:  1.7e-09) 179 ( 18.9%) |*****************************************
[  1.7e-09:  2.1e-09) 114 ( 12.1%) |**************************
[  2.1e-09:  2.4e-09)  66 (  7.0%) |***************
[  2.4e-09:  2.7e-09)  32 (  3.4%) |*******
[  2.7e-09:  3.1e-09)   9 (  1.0%) |**
[  3.1e-09:  3.4e-09)   4 (  0.4%) |*

Final critical path delay (least slack): 19.1319 ns, Fmax: 52.2687 MHz
Final setup Worst Negative Slack (sWNS): -19.1319 ns
Final setup Total Negative Slack (sTNS): -10067.6 ns

Final setup slack histogram:
[ -1.9e-08: -1.7e-08)  97 ( 10.3%) |*************************
[ -1.7e-08: -1.5e-08) 179 ( 18.9%) |***********************************************
[ -1.5e-08: -1.4e-08) 114 ( 12.1%) |******************************
[ -1.4e-08: -1.2e-08)  94 (  9.9%) |*************************
[ -1.2e-08: -9.8e-09)  72 (  7.6%) |*******************
[ -9.8e-09: -7.9e-09)  76 (  8.0%) |********************
[ -7.9e-09:   -6e-09)  71 (  7.5%) |*******************
[   -6e-09: -4.2e-09)  57 (  6.0%) |***************
[ -4.2e-09: -2.3e-09)  57 (  6.0%) |***************
[ -2.3e-09: -4.4e-10) 129 ( 13.6%) |**********************************

Final geomean non-virtual intra-domain period: 19.1319 ns (52.2687 MHz)
Final fanout-weighted geomean non-virtual intra-domain period: 19.1319 ns (52.2687 MHz)

Incr Slack updates 1 in 9.7913e-05 sec
Full Max Req/Worst Slack updates 1 in 9.969e-06 sec
Incr Max Req/Worst Slack updates 0 in 0 sec
Incr Criticality updates 0 in 0 sec
Full Criticality updates 1 in 0.000173054 sec
Flow timing analysis took 0.70558 seconds (0.616386 STA, 0.0891945 slack) (237 full updates: 83 setup, 0 hold, 154 combined).
VPR succeeded
The entire flow of VPR took 8.53 seconds (max_rss 102.8 MiB)
Incr Slack updates 153 in 0.0129682 sec
Full Max Req/Worst Slack updates 26 in 0.000252142 sec
Incr Max Req/Worst Slack updates 127 in 0.00154923 sec
Incr Criticality updates 97 in 0.0118083 sec
Full Criticality updates 56 in 0.0101736 sec
