#Packing pin usage report
Type: io
	Input Pin Usage:
		Max: 1.00 (0.02)
		Avg: 0.30 (0.01)
		Min: 0.00 (0.00)
		Histogram:
		[        0:      5.5) 595 (100.0%) |***********************************************
		[      5.5:       11)   0 (  0.0%) |
		[       11:       16)   0 (  0.0%) |
		[       16:       22)   0 (  0.0%) |
		[       22:       28)   0 (  0.0%) |
		[       28:       33)   0 (  0.0%) |
		[       33:       38)   0 (  0.0%) |
		[       38:       44)   0 (  0.0%) |
		[       44:       50)   0 (  0.0%) |
		[       50:       55)   0 (  0.0%) |
	Output Pin Usage:
		Max: 1.00 (0.03)
		Avg: 0.70 (0.02)
		Min: 0.00 (0.00)
		Histogram:
		[        0:        4) 595 (100.0%) |***********************************************
		[        4:        8)   0 (  0.0%) |
		[        8:       12)   0 (  0.0%) |
		[       12:       16)   0 (  0.0%) |
		[       16:       20)   0 (  0.0%) |
		[       20:       24)   0 (  0.0%) |
		[       24:       28)   0 (  0.0%) |
		[       28:       32)   0 (  0.0%) |
		[       32:       36)   0 (  0.0%) |
		[       36:       40)   0 (  0.0%) |

Type: LAB
	Input Pin Usage:
		Max: 37.00 (0.41)
		Avg: 17.92 (0.20)
		Min: 1.00 (0.01)
		Histogram:
		[        0:      9.1)  64 (  8.8%) |*********
		[      9.1:       18) 313 ( 42.9%) |*********************************************
		[       18:       27) 328 ( 44.9%) |***********************************************
		[       27:       36)  24 (  3.3%) |***
		[       36:       46)   1 (  0.1%) |
		[       46:       55)   0 (  0.0%) |
		[       55:       64)   0 (  0.0%) |
		[       64:       73)   0 (  0.0%) |
		[       73:       82)   0 (  0.0%) |
		[       82:       91)   0 (  0.0%) |
	Output Pin Usage:
		Max: 32.00 (0.76)
		Avg: 11.53 (0.27)
		Min: 1.00 (0.02)
		Histogram:
		[        0:      4.2)  57 (  7.8%) |*********
		[      4.2:      8.4)  91 ( 12.5%) |**************
		[      8.4:       13) 296 ( 40.5%) |***********************************************
		[       13:       17) 198 ( 27.1%) |*******************************
		[       17:       21)  75 ( 10.3%) |************
		[       21:       25)  11 (  1.5%) |**
		[       25:       29)   1 (  0.1%) |
		[       29:       34)   1 (  0.1%) |
		[       34:       38)   0 (  0.0%) |
		[       38:       42)   0 (  0.0%) |

