#Packing pin usage report
Type: io
	Input Pin Usage:
		Max: 1.00 (0.50)
		Avg: 0.30 (0.15)
		Min: 0.00 (0.00)
		Histogram:
		[        0:      0.2) 49 ( 70.0%) |************************************************
		[      0.2:      0.4)  0 (  0.0%) |
		[      0.4:      0.6)  0 (  0.0%) |
		[      0.6:      0.8)  0 (  0.0%) |
		[      0.8:        1) 21 ( 30.0%) |*********************
		[        1:      1.2)  0 (  0.0%) |
		[      1.2:      1.4)  0 (  0.0%) |
		[      1.4:      1.6)  0 (  0.0%) |
		[      1.6:      1.8)  0 (  0.0%) |
		[      1.8:        2)  0 (  0.0%) |
	Output Pin Usage:
		Max: 1.00 (1.00)
		Avg: 0.70 (0.70)
		Min: 0.00 (0.00)
		Histogram:
		[        0:      0.1) 21 ( 30.0%) |*********************
		[      0.1:      0.2)  0 (  0.0%) |
		[      0.2:      0.3)  0 (  0.0%) |
		[      0.3:      0.4)  0 (  0.0%) |
		[      0.4:      0.5)  0 (  0.0%) |
		[      0.5:      0.6)  0 (  0.0%) |
		[      0.6:      0.7)  0 (  0.0%) |
		[      0.7:      0.8)  0 (  0.0%) |
		[      0.8:      0.9)  0 (  0.0%) |
		[      0.9:        1) 49 ( 70.0%) |************************************************

Type: clb
	Input Pin Usage:
		Max: 24.00 (0.44)
		Avg: 11.26 (0.21)
		Min: 1.00 (0.02)
		Histogram:
		[        0:      5.4)  54 (  9.6%) |*********
		[      5.4:       11) 170 ( 30.2%) |****************************
		[       11:       16) 288 ( 51.2%) |***********************************************
		[       16:       22)  49 (  8.7%) |********
		[       22:       27)   2 (  0.4%) |
		[       27:       32)   0 (  0.0%) |
		[       32:       38)   0 (  0.0%) |
		[       38:       43)   0 (  0.0%) |
		[       43:       49)   0 (  0.0%) |
		[       49:       54)   0 (  0.0%) |
	Output Pin Usage:
		Max: 19.00 (0.90)
		Avg: 6.88 (0.33)
		Min: 1.00 (0.05)
		Histogram:
		[        0:      2.1)  40 (  7.1%) |*************
		[      2.1:      4.2)  82 ( 14.6%) |**************************
		[      4.2:      6.3) 148 ( 26.3%) |***********************************************
		[      6.3:      8.4) 137 ( 24.3%) |********************************************
		[      8.4:       10)  90 ( 16.0%) |*****************************
		[       10:       13)  37 (  6.6%) |************
		[       13:       15)  15 (  2.7%) |*****
		[       15:       17)  11 (  2.0%) |***
		[       17:       19)   2 (  0.4%) |*
		[       19:       21)   1 (  0.2%) |

