VPR FPGA Placement and Routing.
Version: 8.1.0-dev+unkown
Revision: unkown
Compiled: 2023-11-16T17:20:44
Compiler: GNU 11.4.0 on Linux-6.2.0-36-generic x86_64
Build Info: release IPO VTR_ASSERT_LEVEL=2

University of Toronto
verilogtorouting.org
vtr-users@googlegroups.com
This is free open source code under MIT license.

VPR was run with the following command-line:
/home/xiaokewan/Software/vtr-verilog-to-routing-master/vpr/vpr /home/xiaokewan/Software/vtr-verilog-to-routing-master/vtr_flow/arch/timing/EArch.xml ../../rent_exp_0.34.blif


Architecture file: /home/xiaokewan/Software/vtr-verilog-to-routing-master/vtr_flow/arch/timing/EArch.xml
Circuit name: rent_exp_0.34

# Loading Architecture Description
# Loading Architecture Description took 0.00 seconds (max_rss 17.2 MiB, delta_rss +2.1 MiB)

Timing analysis: ON
Circuit netlist file: rent_exp_0.34.net
Circuit placement file: rent_exp_0.34.place
Circuit routing file: rent_exp_0.34.route
Circuit SDC file: rent_exp_0.34.sdc
Vpr floorplanning constraints file: not specified

Packer: ENABLED
Placer: ENABLED
Router: ENABLED
Analysis: ENABLED

VPR was run with the following options:

NetlistOpts.abosrb_buffer_luts            : true
NetlistOpts.sweep_dangling_primary_ios    : true
NetlistOpts.sweep_dangling_nets           : true
NetlistOpts.sweep_dangling_blocks         : true
NetlistOpts.sweep_constant_primary_outputs: false
NetlistOpts.netlist_verbosity             : 1
NetlistOpts.const_gen_inference           : COMB_SEQ

PackerOpts.allow_unrelated_clustering: auto
PackerOpts.alpha_clustering: 0.750000
PackerOpts.beta_clustering: 0.900000
PackerOpts.cluster_seed_type: BLEND2
PackerOpts.connection_driven: true
PackerOpts.global_clocks: true
PackerOpts.hill_climbing_flag: false
PackerOpts.inter_cluster_net_delay: 1.000000
PackerOpts.timing_driven: true
PackerOpts.target_external_pin_util: auto

PlacerOpts.place_freq: PLACE_ONCE
PlacerOpts.place_algorithm: CRITICALITY_TIMING_PLACE
PlacerOpts.pad_loc_type: FREE
PlacerOpts.constraints_file: No constraints file given
PlacerOpts.place_cost_exp: 1.000000
PlacerOpts.place_chan_width: 100
PlacerOpts.inner_loop_recompute_divider: 0
PlacerOpts.recompute_crit_iter: 1
PlacerOpts.timing_tradeoff: 0.500000
PlacerOpts.td_place_exp_first: 1.000000
PlacerOpts.td_place_exp_last: 8.000000
PlacerOpts.delay_offset: 0.000000
PlacerOpts.delay_ramp_delta_threshold: -1
PlacerOpts.delay_ramp_slope: 0.000000
PlacerOpts.tsu_rel_margin: 1.000000
PlacerOpts.tsu_abs_margin: 0.000000
PlacerOpts.post_place_timing_report_file: 
PlacerOpts.allowed_tiles_for_delay_model: 
PlacerOpts.delay_model_reducer: MIN
PlacerOpts.delay_model_type: DELTA
PlacerOpts.rlim_escape_fraction: 0.000000
PlacerOpts.move_stats_file: 
PlacerOpts.placement_saves_per_temperature: 0
PlacerOpts.effort_scaling: CIRCUIT
PlacerOpts.place_delta_delay_matrix_calculation_method: ASTAR_ROUTE
PlaceOpts.seed: 1
AnnealSched.type: AUTO_SCHED
AnnealSched.inner_num: 0.500000

RouterOpts.route_type: DETAILED
RouterOpts.flat_routing: false
RouterOpts.has_choking_spot: false
RouterOpts.router_algorithm: TIMING_DRIVEN
RouterOpts.base_cost_type: DELAY_NORMALIZED_LENGTH
RouterOpts.fixed_channel_width: NO_FIXED_CHANNEL_WIDTH
RouterOpts.check_route: FULL
RouterOpts.acc_fac: 1.000000
RouterOpts.bb_factor: 3
RouterOpts.bend_cost: 0.000000
RouterOpts.first_iter_pres_fac: 0.000000
RouterOpts.initial_pres_fac: 0.500000
RouterOpts.pres_fac_mult: 1.300000
RouterOpts.max_router_iterations: 50
RouterOpts.min_incremental_reroute_fanout: 16
RouterOpts.do_check_rr_graph: true
RouterOpts.verify_binary_search: false
RouterOpts.min_channel_width_hint: 0
RouterOpts.read_rr_edge_metadata: false
RouterOpts.exit_after_first_routing_iteration: false
RouterOpts.astar_fac: 1.200000
RouterOpts.router_profiler_astar_fac: 1.200000
RouterOpts.criticality_exp: 1.000000
RouterOpts.max_criticality: 0.990000
RouterOpts.init_wirelength_abort_threshold: 0.850000
RouterOpts.save_routing_per_iteration: false
RouterOpts.congested_routing_iteration_threshold_frac: 1.000000
RouterOpts.high_fanout_threshold: 64
RouterOpts.router_debug_net: -2
RouterOpts.router_debug_sink_rr: -2
RouterOpts.router_debug_iteration: -2
RouterOpts.max_convergence_count: 1
RouterOpts.reconvergence_cpd_threshold: 0.990000
RouterOpts.update_lower_bound_delays: true
RouterOpts.first_iteration_timing_report_file: 
RouterOpts.incr_reroute_delay_ripup: AUTO
RouterOpts.route_bb_update: DYNAMIC
RouterOpts.lookahead_type: MAP
RouterOpts.initial_timing: LOOKAHEAD
RouterOpts.router_heap: BINARY_HEAP
RouterOpts.routing_failure_predictor = SAFE
RouterOpts.routing_budgets_algorithm = DISABLE

AnalysisOpts.gen_post_synthesis_netlist: false
AnalysisOpts.timing_report_npaths: 100
AnalysisOpts.timing_report_skew: false
AnalysisOpts.echo_dot_timing_graph_node: -1
AnalysisOpts.timing_report_detail: NETLIST
AnalysisOpts.post_synth_netlist_unconn_input_handling: UNCONNECTED
AnalysisOpts.post_synth_netlist_unconn_output_handling: UNCONNECTED

# Building complex block graph
Warning 1: io[0].clock[0] unconnected pin in architecture.
# Building complex block graph took 0.02 seconds (max_rss 24.9 MiB, delta_rss +7.7 MiB)
Circuit file: ../../rent_exp_0.34.blif
# Load circuit
# Load circuit took 0.03 seconds (max_rss 41.4 MiB, delta_rss +16.4 MiB)
# Clean circuit
Absorbed 0 LUT buffers
Inferred    0 additional primitive pins as constant generators since they have no combinationally connected inputs
Inferred    0 additional primitive pins as constant generators due to constant inputs
Swept input(s)      : 0
Swept output(s)     : 0 (0 dangling, 0 constant)
Swept net(s)        : 0
Swept block(s)      : 0
Constant Pins Marked: 0
# Clean circuit took 0.00 seconds (max_rss 41.4 MiB, delta_rss +0.0 MiB)
# Compress circuit
# Compress circuit took 0.01 seconds (max_rss 41.4 MiB, delta_rss +0.0 MiB)
# Verify circuit
# Verify circuit took 0.00 seconds (max_rss 41.4 MiB, delta_rss +0.0 MiB)
Circuit Statistics:
  Blocks: 10477
    .input :      49
    .latch :    1407
    .output:      21
    6-LUT  :    9000
  Nets  : 10456
    Avg Fanout:     2.1
    Max Fanout:  1407.0
    Min Fanout:     1.0
  Netlist Clocks: 1
# Build Timing Graph
  Timing Graph Nodes: 32291
  Timing Graph Edges: 43649
  Timing Graph Levels: 84
# Build Timing Graph took 0.02 seconds (max_rss 44.6 MiB, delta_rss +3.0 MiB)
Netlist contains 1 clocks
  Netlist Clock 'pclk' Fanout: 1407 pins (4.4%), 1407 blocks (13.4%)
# Load Timing Constraints

SDC file 'rent_exp_0.34.sdc' not found
Setting default timing constraints:
   * constrain all primay inputs and primary outputs on netlist clock 'pclk'
   * optimize netlist clock to run as fast as possible
Timing constraints created 1 clocks
  Constrained Clock 'pclk' Source: 'pclk.inpad[0]'

# Load Timing Constraints took 0.00 seconds (max_rss 44.6 MiB, delta_rss +0.0 MiB)
# Packing
Begin packing '../../rent_exp_0.34.blif'.

After removing unused inputs...
	total blocks: 10477, total nets: 10456, total inputs: 49, total outputs: 21
Begin prepacking.

There is one chain in this architecture called "chain" with the following starting points:
	clb[0]/fle[0]/lut5inter[0]/ble5[0]/arithmetic[0]/adder[0].cin[0]

0 attraction groups were created during prepacking.
Finish prepacking.
Using inter-cluster delay: 1.33777e-09
Packing with pin utilization targets: io:1,1 clb:0.8,1 mult_36:1,1 memory:1,1
Packing with high fanout thresholds: io:128 clb:32 mult_36:128 memory:128
Starting Clustering - Clustering Progress: 
-------------------   --------------------------   ---------
Molecules processed   Number of clusters created   FPGA size
-------------------   --------------------------   ---------
   405/10130     3%                           21     8 x 8     
   810/10130     7%                           41    10 x 10    
  1215/10130    11%                           61    11 x 11    
  1620/10130    15%                           81    13 x 13    
  2025/10130    19%                          102    14 x 14    
  2430/10130    23%                          122    15 x 15    
  2835/10130    27%                          142    17 x 17    
  3240/10130    31%                          162    17 x 17    
  3645/10130    35%                          183    18 x 18    
  4050/10130    39%                          203    19 x 19    
  4455/10130    43%                          223    20 x 20    
  4860/10130    47%                          243    21 x 21    
  5265/10130    51%                          264    21 x 21    
  5670/10130    55%                          284    22 x 22    
  6075/10130    59%                          304    23 x 23    
  6480/10130    63%                          324    23 x 23    
  6885/10130    67%                          345    24 x 24    
  7290/10130    71%                          365    25 x 25    
  7695/10130    75%                          385    25 x 25    
  8100/10130    79%                          405    26 x 26    
  8505/10130    83%                          426    26 x 26    
  8910/10130    87%                          447    27 x 27    
  9315/10130    91%                          469    27 x 27    
  9720/10130    95%                          495    29 x 29    
 10125/10130    99%                          627    30 x 30    

Logic Element (fle) detailed count:
  Total number of Logic Elements used : 5054
  LEs used for logic and registers    : 1139
  LEs used for logic only             : 3776
  LEs used for registers only         : 139

Incr Slack updates 1 in 0.00026076 sec
Full Max Req/Worst Slack updates 1 in 1.5259e-05 sec
Incr Max Req/Worst Slack updates 0 in 0 sec
Incr Criticality updates 0 in 0 sec
Full Criticality updates 1 in 0.000465415 sec
FPGA sized to 30 x 30 (auto)
Device Utilization: 0.64 (target 1.00)
	Block Utilization: 0.08 Type: io
	Block Utilization: 0.96 Type: clb

Start the iterative improvement process
the iterative improvement process is done
Final Clustering Statistics: 
----------   --------   ------------------------------------   --------------------------
Block Type   # Blocks   Avg. # of input clocks and pins used   Avg. # of output pins used
----------   --------   ------------------------------------   --------------------------
     EMPTY          0                                      0                            0   
        io         70                                    0.3                          0.7   
       clb        563                                11.2593                      6.87567   
   mult_36          0                                      0                            0   
    memory          0                                      0                            0   
Absorbed logical nets 6536 out of 10456 nets, 3920 nets not absorbed.

Netlist conversion complete.

# Packing took 4.24 seconds (max_rss 110.3 MiB, delta_rss +65.7 MiB)
# Load packing
Begin loading packed FPGA netlist file.
Netlist generated from file 'rent_exp_0.34.net'.
Detected 0 constant generators (to see names run with higher pack verbosity)
Finished loading packed FPGA netlist file (took 0.409734 seconds).
Warning 2: Treated 0 constant nets as global which will not be routed (to see net names increase packer verbosity).
# Load packing took 0.42 seconds (max_rss 146.7 MiB, delta_rss +36.4 MiB)
Warning 3: Netlist contains 0 global net to non-global architecture pin connections

Pb types usage...
  io              : 70
   inpad          : 49
   outpad         : 21
  clb             : 563
   fle            : 5054
    lut5inter     : 5054
     ble5         : 10060
      flut5       : 10060
       lut5       : 9000
        lut       : 9000
       ff         : 1407

# Create Device
## Build Device Grid
FPGA sized to 30 x 30: 900 grid tiles (auto)

Resource usage...
	Netlist
		70	blocks of type: io
	Architecture
		896	blocks of type: io
	Netlist
		563	blocks of type: clb
	Architecture
		588	blocks of type: clb
	Netlist
		0	blocks of type: mult_36
	Architecture
		21	blocks of type: mult_36
	Netlist
		0	blocks of type: memory
	Architecture
		16	blocks of type: memory

Device Utilization: 0.64 (target 1.00)
	Physical Tile io:
	Block Utilization: 0.08 Logical Block: io
	Physical Tile clb:
	Block Utilization: 0.96 Logical Block: clb
	Physical Tile mult_36:
	Block Utilization: 0.00 Logical Block: mult_36
	Physical Tile memory:
	Block Utilization: 0.00 Logical Block: memory

FPGA size limited by block type(s): clb

## Build Device Grid took 0.00 seconds (max_rss 146.7 MiB, delta_rss +0.0 MiB)
## Build routing resource graph
SOURCE->OPIN and IPIN->SINK edge count:52388
OPIN->CHANX/CHANY edge count before creating direct connections: 151920
OPIN->CHANX/CHANY edge count after creating direct connections: 152487
CHAN->CHAN type edge count:836816
## Build routing resource graph took 0.34 seconds (max_rss 146.7 MiB, delta_rss +0.0 MiB)
  RR Graph Nodes: 121500
  RR Graph Edges: 1041691
# Create Device took 0.35 seconds (max_rss 146.7 MiB, delta_rss +0.0 MiB)

# Computing router lookahead map
## Computing wire lookahead
## Computing wire lookahead took 0.94 seconds (max_rss 146.7 MiB, delta_rss +0.0 MiB)
## Computing src/opin lookahead
## Computing src/opin lookahead took 0.00 seconds (max_rss 146.7 MiB, delta_rss +0.0 MiB)
# Computing router lookahead map took 0.94 seconds (max_rss 146.7 MiB, delta_rss +0.0 MiB)
# Computing placement delta delay look-up
## Build routing resource graph
SOURCE->OPIN and IPIN->SINK edge count:52388
OPIN->CHANX/CHANY edge count before creating direct connections: 146212
OPIN->CHANX/CHANY edge count after creating direct connections: 146779
CHAN->CHAN type edge count:802452
## Build routing resource graph took 0.30 seconds (max_rss 146.7 MiB, delta_rss +0.0 MiB)
  RR Graph Nodes: 119704
  RR Graph Edges: 1001619
## Computing router lookahead map
### Computing wire lookahead
### Computing wire lookahead took 0.84 seconds (max_rss 146.7 MiB, delta_rss +0.0 MiB)
### Computing src/opin lookahead
### Computing src/opin lookahead took 0.00 seconds (max_rss 146.7 MiB, delta_rss +0.0 MiB)
## Computing router lookahead map took 0.84 seconds (max_rss 146.7 MiB, delta_rss +0.0 MiB)
## Computing delta delays
## Computing delta delays took 0.09 seconds (max_rss 146.7 MiB, delta_rss +0.0 MiB)
# Computing placement delta delay look-up took 1.23 seconds (max_rss 146.7 MiB, delta_rss +0.0 MiB)

Bounding box mode is Cube

Using simple RL 'Softmax agent' for choosing move and block types
# Placement
## Initial Placement
Initial placement iteration 0 has finished successfully
## Initial Placement took 0.00 seconds (max_rss 146.7 MiB, delta_rss +0.0 MiB)

There are 5861 point to point connections in this circuit.


BB estimate of min-dist (placement) wire length: 87058

Completed placement consistency check successfully.
Initial placement cost: 1 bb_cost: 906.858 td_cost: 2.2943e-06
Initial placement estimated Critical Path Delay (CPD): 25.8323 ns
Initial placement estimated setup Total Negative Slack (sTNS): -16540.3 ns
Initial placement estimated setup Worst Negative Slack (sWNS): -25.8323 ns

Initial placement estimated setup slack histogram:
[ -2.6e-08: -2.3e-08)   4 (  0.3%) |*
[ -2.3e-08: -2.1e-08)  21 (  1.5%) |***
[ -2.1e-08: -1.8e-08) 105 (  7.4%) |*****************
[ -1.8e-08: -1.6e-08) 260 ( 18.2%) |******************************************
[ -1.6e-08: -1.3e-08) 293 ( 20.5%) |***********************************************
[ -1.3e-08: -1.1e-08) 209 ( 14.6%) |**********************************
[ -1.1e-08: -8.1e-09) 136 (  9.5%) |**********************
[ -8.1e-09: -5.6e-09) 114 (  8.0%) |******************
[ -5.6e-09: -3.1e-09) 115 (  8.1%) |******************
[ -3.1e-09: -5.4e-10) 171 ( 12.0%) |***************************
Placement contains 0 placement macros involving 0 blocks (average macro size -nan)

Moves per temperature: 2716
Warning 4: Starting t: 231 of 633 configurations accepted.

---- ------ ------- ------- ---------- ---------- ------- ---------- -------- ------- ------- ------ -------- --------- ------
Tnum   Time       T Av Cost Av BB Cost Av TD Cost     CPD       sTNS     sWNS Ac Rate Std Dev  R lim Crit Exp Tot Moves  Alpha
      (sec)                                          (ns)       (ns)     (ns)                                                 
---- ------ ------- ------- ---------- ---------- ------- ---------- -------- ------- ------- ------ -------- --------- ------
   1    0.0 7.8e-04   0.906     682.31 1.892e-06   22.674  -1.57e+04  -22.674   0.588  0.0412   29.0     1.00      2716  0.200
   2    0.0 7.4e-04   0.951     612.32 1.5602e-06  24.075  -1.51e+04  -24.075   0.516  0.0226   29.0     1.00      5432  0.950
   3    0.0 7.0e-04   0.954     564.96 1.5668e-06  21.950  -1.48e+04  -21.950   0.491  0.0298   29.0     1.00      8148  0.950
   4    0.0 6.7e-04   0.972     524.78 1.6558e-06  19.156  -1.45e+04  -19.156   0.453  0.0135   29.0     1.00     10864  0.950
   5    0.0 6.3e-04   0.981     505.92 1.4998e-06  20.129  -1.44e+04  -20.129   0.433  0.0125   29.0     1.00     13580  0.950
   6    0.0 6.0e-04   0.979     487.48 1.467e-06   19.235  -1.42e+04  -19.235   0.419  0.0083   28.8     1.05     16296  0.950
   7    0.0 5.7e-04   0.984     477.88 1.349e-06   19.210  -1.41e+04  -19.210   0.406  0.0140   28.2     1.21     19012  0.950
   8    0.0 5.4e-04   0.976     453.36 1.1716e-06  18.931   -1.4e+04  -18.931   0.397  0.0167   27.2     1.44     21728  0.950
   9    0.0 5.2e-04   0.955     423.71 1.0868e-06  17.815  -1.39e+04  -17.815   0.361  0.0202   26.1     1.73     24444  0.950
  10    0.0 4.9e-04   0.984     411.08 7.398e-07   19.246  -1.38e+04  -19.246   0.351  0.0074   24.0     2.25     27160  0.950
  11    0.0 4.7e-04   0.980     406.80 6.5709e-07  18.424  -1.38e+04  -18.424   0.328  0.0096   21.9     2.79     29876  0.950
  12    0.0 4.4e-04   0.984     396.99 5.8994e-07  17.652  -1.37e+04  -17.652   0.301  0.0050   19.4     3.40     32592  0.950
  13    0.0 4.2e-04   0.989     394.84 4.8345e-07  17.741  -1.37e+04  -17.741   0.306  0.0078   16.7     4.07     35308  0.950
  14    0.0 4.0e-04   0.992     392.59 4.4777e-07  17.295  -1.36e+04  -17.295   0.297  0.0103   14.5     4.63     38024  0.950
  15    0.0 3.8e-04   0.981     384.79 3.6026e-07  17.466  -1.35e+04  -17.466   0.279  0.0061   12.4     5.15     40740  0.950
  16    0.0 3.6e-04   0.973     373.58 3.2036e-07  17.349  -1.35e+04  -17.349   0.279  0.0134   10.4     5.65     43456  0.950
  17    0.0 3.4e-04   0.980     361.73 3.402e-07   16.754  -1.35e+04  -16.754   0.266  0.0085    8.7     6.07     46172  0.950
  18    0.0 3.2e-04   0.983     356.51 2.4917e-07  17.298  -1.34e+04  -17.298   0.251  0.0083    7.2     6.45     48888  0.950
  19    0.0 3.1e-04   0.987     355.25 2.8086e-07  16.713  -1.34e+04  -16.713   0.251  0.0042    5.9     6.79     51604  0.950
  20    0.0 2.9e-04   0.984     349.48 2.6426e-07  16.693  -1.33e+04  -16.693   0.253  0.0052    4.7     7.06     54320  0.950
  21    0.0 2.8e-04   0.973     340.54 2.0345e-07  17.138  -1.33e+04  -17.138   0.348  0.0100    3.9     7.29     57036  0.950
  22    0.0 2.6e-04   0.974     329.14 2.0986e-07  16.804  -1.33e+04  -16.804   0.307  0.0143    3.5     7.37     59752  0.950
  23    0.0 2.5e-04   0.994     322.23 2.2471e-07  16.448  -1.31e+04  -16.448   0.300  0.0062    3.0     7.49     62468  0.950
  24    0.0 2.4e-04   0.979     312.19 1.8629e-07  16.760  -1.31e+04  -16.760   0.385  0.0092    2.6     7.60     65184  0.950
  25    0.0 2.3e-04   0.988     307.43 1.7293e-07  16.841  -1.31e+04  -16.841   0.346  0.0085    2.5     7.63     67900  0.950
  26    0.0 2.2e-04   0.995     302.36 1.6821e-07  16.806  -1.31e+04  -16.806   0.319  0.0036    2.2     7.69     70616  0.950
  27    0.0 2.0e-04   0.990     298.01 1.7808e-07  16.614  -1.31e+04  -16.614   0.455  0.0044    2.0     7.76     73332  0.950
  28    0.0 1.9e-04   0.988     293.21 1.7886e-07  16.568   -1.3e+04  -16.568   0.418  0.0058    2.0     7.75     76048  0.950
  29    0.0 1.8e-04   0.995     290.32 1.7159e-07  16.597   -1.3e+04  -16.597   0.390  0.0026    2.0     7.76     78764  0.950
  30    0.0 1.8e-04   0.996     288.92 1.764e-07   16.508   -1.3e+04  -16.508   0.365  0.0023    1.9     7.79     81480  0.950
  31    0.0 1.7e-04   0.997     288.06 1.651e-07   16.601   -1.3e+04  -16.601   0.348  0.0032    1.7     7.82     84196  0.950
  32    0.0 1.6e-04   0.995     286.12 1.7438e-07  16.430   -1.3e+04  -16.430   0.348  0.0041    1.6     7.86     86912  0.950
  33    0.0 1.5e-04   0.994     285.16 1.8113e-07  16.343   -1.3e+04  -16.343   0.326  0.0034    1.4     7.90     89628  0.950
  34    0.0 1.4e-04   0.997     282.61 1.6813e-07  16.448   -1.3e+04  -16.448   0.310  0.0022    1.3     7.94     92344  0.950
  35    0.0 1.4e-04   0.999     282.15 1.6424e-07  16.448   -1.3e+04  -16.448   0.299  0.0011    1.1     7.98     95060  0.950
  36    0.0 1.3e-04   0.996     281.88 1.6461e-07  16.393  -1.29e+04  -16.393   0.288  0.0018    1.0     8.00     97776  0.950
  37    0.0 1.2e-04   0.999     280.44 1.6756e-07  16.369   -1.3e+04  -16.369   0.267  0.0016    1.0     8.00    100492  0.950
  38    0.0 1.2e-04   0.995     278.01 1.7247e-07  16.330   -1.3e+04  -16.330   0.263  0.0022    1.0     8.00    103208  0.950
  39    0.0 1.1e-04   0.996     276.33 1.6981e-07  16.330   -1.3e+04  -16.330   0.226  0.0019    1.0     8.00    105924  0.950
  40    0.0 1.1e-04   0.998     275.92 1.6748e-07  16.330  -1.29e+04  -16.330   0.230  0.0010    1.0     8.00    108640  0.950
  41    0.0 1.0e-04   0.998     275.54 1.6585e-07  16.330  -1.29e+04  -16.330   0.232  0.0016    1.0     8.00    111356  0.950
  42    0.0 9.5e-05   1.000     275.41 1.695e-07   16.275  -1.29e+04  -16.275   0.226  0.0009    1.0     8.00    114072  0.950
  43    0.0 9.0e-05   0.999     274.46 1.642e-07   16.330  -1.29e+04  -16.330   0.195  0.0010    1.0     8.00    116788  0.950
  44    0.0 8.6e-05   1.000     274.00 1.6436e-07  16.330  -1.29e+04  -16.330   0.185  0.0006    1.0     8.00    119504  0.950
  45    0.0 8.1e-05   0.998     272.90 1.6355e-07  16.330  -1.29e+04  -16.330   0.165  0.0014    1.0     8.00    122220  0.950
  46    0.0 7.7e-05   0.999     271.63 1.6281e-07  16.330  -1.29e+04  -16.330   0.153  0.0008    1.0     8.00    124936  0.950
  47    0.0 7.3e-05   0.999     271.56 1.6644e-07  16.275  -1.29e+04  -16.275   0.174  0.0006    1.0     8.00    127652  0.950
  48    0.0 7.0e-05   0.998     270.50 1.6182e-07  16.330  -1.29e+04  -16.330   0.153  0.0010    1.0     8.00    130368  0.950
  49    0.0 6.6e-05   0.997     269.88 1.6308e-07  16.330  -1.29e+04  -16.330   0.152  0.0014    1.0     8.00    133084  0.950
  50    0.0 6.3e-05   1.000     269.51 1.665e-07   16.275  -1.29e+04  -16.275   0.139  0.0005    1.0     8.00    135800  0.950
  51    0.0 5.0e-05   0.998     268.79 1.6634e-07  16.275  -1.29e+04  -16.275   0.116  0.0010    1.0     8.00    138516  0.800
Agent's 2nd state: 
Checkpoint saved: bb_costs=268.968, TD costs=1.61355e-07, CPD= 16.330 (ns) 
  52    0.0 4.0e-05   0.999     268.84 1.6115e-07  16.330  -1.29e+04  -16.330   0.087  0.0006    1.0     8.00    141232  0.800
Checkpoint saved: bb_costs=268.631, TD costs=1.64725e-07, CPD= 16.275 (ns) 
  53    0.0 3.2e-05   0.999     268.37 1.6471e-07  16.275  -1.29e+04  -16.275   0.063  0.0002    1.0     8.00    143948  0.800
  54    0.0 2.6e-05   0.999     267.85 1.6084e-07  16.330  -1.29e+04  -16.330   0.051  0.0006    1.0     8.00    146664  0.800
  55    0.0 2.1e-05   0.999     267.79 1.6447e-07  16.275  -1.29e+04  -16.275   0.043  0.0003    1.0     8.00    149380  0.800
  56    0.0 1.6e-05   0.999     267.70 1.5966e-07  16.330  -1.29e+04  -16.330   0.042  0.0002    1.0     8.00    152096  0.800
  57    0.0 1.3e-05   1.000     267.60 1.5977e-07  16.330  -1.29e+04  -16.330   0.036  0.0002    1.0     8.00    154812  0.800
  58    0.0 1.1e-05   1.000     267.64 1.5934e-07  16.330  -1.29e+04  -16.330   0.032  0.0002    1.0     8.00    157528  0.800
  59    0.0 8.4e-06   1.000     267.58 1.5918e-07  16.330  -1.29e+04  -16.330   0.020  0.0001    1.0     8.00    160244  0.800
  60    0.0 6.8e-06   1.000     267.51 1.591e-07   16.330  -1.29e+04  -16.330   0.020  0.0000    1.0     8.00    162960  0.800
  61    0.0 5.4e-06   1.000     267.46 1.5925e-07  16.330  -1.29e+04  -16.330   0.018  0.0000    1.0     8.00    165676  0.800
  62    0.0 4.3e-06   1.000     267.46 1.5907e-07  16.330  -1.29e+04  -16.330   0.014  0.0000    1.0     8.00    168392  0.800
  63    0.0 3.5e-06   1.000     267.47 1.5913e-07  16.330  -1.29e+04  -16.330   0.011  0.0000    1.0     8.00    171108  0.800
  64    0.0 2.8e-06   1.000     267.38 1.5905e-07  16.330  -1.29e+04  -16.330   0.010  0.0000    1.0     8.00    173824  0.800
  65    0.0 2.2e-06   1.000     267.38 1.5918e-07  16.330  -1.29e+04  -16.330   0.008  0.0000    1.0     8.00    176540  0.800
  66    0.0 1.8e-06   1.000     267.42 1.5907e-07  16.330  -1.29e+04  -16.330   0.011  0.0000    1.0     8.00    179256  0.800
  67    0.0 1.4e-06   1.000     267.44 1.5914e-07  16.330  -1.29e+04  -16.330   0.011  0.0000    1.0     8.00    181972  0.800
  68    0.0 0.0e+00   1.000     267.38 1.5909e-07  16.330  -1.29e+04  -16.330   0.005  0.0000    1.0     8.00    184688  0.800
## Placement Quench took 0.01 seconds (max_rss 146.7 MiB)
post-quench CPD = 16.3298 (ns) 

Checkpoint restored

BB estimate of min-dist (placement) wire length: 25789

Completed placement consistency check successfully.

Swaps called: 185321

Aborted Move Reasons:
  No moves aborted

Placement estimated critical path delay (least slack): 16.275 ns, Fmax: 61.4439 MHz
Placement estimated setup Worst Negative Slack (sWNS): -16.275 ns
Placement estimated setup Total Negative Slack (sTNS): -12897.6 ns

Placement estimated setup slack histogram:
[ -1.6e-08: -1.5e-08)  37 (  2.6%) |******
[ -1.5e-08: -1.3e-08) 239 ( 16.7%) |*****************************************
[ -1.3e-08: -1.2e-08) 275 ( 19.3%) |***********************************************
[ -1.2e-08:   -1e-08) 188 ( 13.2%) |********************************
[   -1e-08: -8.4e-09) 132 (  9.2%) |***********************
[ -8.4e-09: -6.8e-09) 120 (  8.4%) |*********************
[ -6.8e-09: -5.3e-09) 104 (  7.3%) |******************
[ -5.3e-09: -3.7e-09)  86 (  6.0%) |***************
[ -3.7e-09: -2.1e-09)  84 (  5.9%) |**************
[ -2.1e-09: -5.4e-10) 163 ( 11.4%) |****************************

Placement estimated geomean non-virtual intra-domain period: 16.275 ns (61.4439 MHz)
Placement estimated fanout-weighted geomean non-virtual intra-domain period: 16.275 ns (61.4439 MHz)

Placement cost: 1, bb_cost: 268.631, td_cost: 1.64725e-07, 

Placement resource usage:
  io  implemented as io : 70
  clb implemented as clb: 563

Placement number of temperatures: 68
Placement total # of swap attempts: 185321
	Swaps accepted:  44052 (23.8 %)
	Swaps rejected: 136809 (73.8 %)
	Swaps aborted:   4460 ( 2.4 %)


Placement perturbation distribution by block and move type: 
------------------ ----------------- ---------------- ---------------- --------------- ------------ 
    Block Type         Move Type       (%) of Total      Accepted(%)     Rejected(%)    Aborted(%)
------------------ ----------------- ---------------- ---------------- --------------- ------------ 
io                 Uniform                2.46             66.12           33.88          0.00         
                   Median                 2.45             52.50           20.36          27.14        
                   Centroid               2.46             53.65           20.19          26.16        
                   W. Centroid            2.44             55.48           20.31          24.20        
                   W. Median              0.38             14.83           41.95          43.22        

clb                Uniform                19.75            13.05           86.95          0.00         
                   Median                 19.93            27.32           71.56          1.12         
                   Centroid               19.75            24.20           75.70          0.10         
                   W. Centroid            20.10            25.99           73.89          0.12         
                   W. Median              3.20             2.63            95.00          2.37         
                   Crit. Uniform          3.53             0.24            99.76          0.00         
                   Feasible Region        3.56             0.32            99.68          0.00         


Placement Quench timing analysis took 0.00235309 seconds (0.00194751 STA, 0.000405582 slack) (1 full updates: 1 setup, 0 hold, 0 combined).
Placement Total  timing analysis took 0.22089 seconds (0.181325 STA, 0.0395653 slack) (71 full updates: 71 setup, 0 hold, 0 combined).
update_td_costs: connections 0 nets 0 sum_nets 0 total 0
# Placement took 0.78 seconds (max_rss 146.7 MiB, delta_rss +0.0 MiB)

# Routing
Initializing minimum channel width search based on maximum CLB pins

Attempting to route at 76 channels (binary search bounds: [-1, -1])
## Build routing resource graph
SOURCE->OPIN and IPIN->SINK edge count:52388
OPIN->CHANX/CHANY edge count before creating direct connections: 115828
OPIN->CHANX/CHANY edge count after creating direct connections: 116395
CHAN->CHAN type edge count:633752
## Build routing resource graph took 0.23 seconds (max_rss 146.7 MiB, delta_rss +0.0 MiB)
  RR Graph Nodes: 110712
  RR Graph Edges: 802535
Confirming router algorithm: TIMING_DRIVEN.
## Computing router lookahead map
### Computing wire lookahead
### Computing wire lookahead took 0.71 seconds (max_rss 146.7 MiB, delta_rss +0.0 MiB)
### Computing src/opin lookahead
### Computing src/opin lookahead took 0.00 seconds (max_rss 146.7 MiB, delta_rss +0.0 MiB)
## Computing router lookahead map took 0.71 seconds (max_rss 146.7 MiB, delta_rss +0.0 MiB)
## Initializing router criticalities
Initial Net Connection Criticality Histogram:
[        0:      0.1)  609 (  9.6%) |********************
[      0.1:      0.2)  204 (  3.2%) |*******
[      0.2:      0.3)  326 (  5.1%) |***********
[      0.3:      0.4)  386 (  6.1%) |*************
[      0.4:      0.5)  577 (  9.1%) |*******************
[      0.5:      0.6)  842 ( 13.2%) |****************************
[      0.6:      0.7) 1232 ( 19.4%) |*****************************************
[      0.7:      0.8) 1381 ( 21.7%) |**********************************************
[      0.8:      0.9)  744 ( 11.7%) |*************************
[      0.9:        1)   59 (  0.9%) |**
## Initializing router criticalities took 0.07 seconds (max_rss 146.7 MiB, delta_rss +0.0 MiB)
---- ------ ------- ---- ------- ------- ------- ----------------- --------------- -------- ---------- ---------- ---------- ---------- --------
Iter   Time    pres  BBs    Heap  Re-Rtd  Re-Rtd Overused RR Nodes      Wirelength      CPD       sTNS       sWNS       hTNS       hWNS Est Succ
      (sec)     fac Updt    push    Nets   Conns                                       (ns)       (ns)       (ns)       (ns)       (ns)     Iter
---- ------ ------- ---- ------- ------- ------- ----------------- --------------- -------- ---------- ---------- ---------- ---------- --------
   1    0.0     0.0    0  260465    3919    5861    2194 ( 1.982%)   37513 (30.4%)   17.810 -1.357e+04    -17.810      0.000      0.000      N/A
Incr Slack updates 71 in 0.0120811 sec
Full Max Req/Worst Slack updates 34 in 0.000459924 sec
Incr Max Req/Worst Slack updates 37 in 0.000661238 sec
Incr Criticality updates 22 in 0.00589213 sec
Full Criticality updates 49 in 0.0183536 sec
   2    0.0     0.5   13  193631    2303    4022    1208 ( 1.091%)   37475 (30.4%)   17.810 -1.356e+04    -17.810      0.000      0.000      N/A
   3    0.0     0.6    6  152698    1531    2876     788 ( 0.712%)   37672 (30.5%)   17.813 -1.357e+04    -17.813      0.000      0.000      N/A
   4    0.0     0.8    5  123358    1070    2187     541 ( 0.489%)   38044 (30.8%)   17.813 -1.358e+04    -17.813      0.000      0.000      N/A
   5    0.0     1.1    6  101495     812    1714     369 ( 0.333%)   38295 (31.0%)   17.811 -1.358e+04    -17.811      0.000      0.000      N/A
   6    0.0     1.4    7   73631     543    1228     244 ( 0.220%)   38521 (31.2%)   17.811 -1.359e+04    -17.811      0.000      0.000      N/A
   7    0.0     1.9    1   51456     363     810     137 ( 0.124%)   38807 (31.4%)   17.811 -1.360e+04    -17.811      0.000      0.000      N/A
   8    0.0     2.4    1   33566     198     520      58 ( 0.052%)   39030 (31.6%)   17.811 -1.360e+04    -17.811      0.000      0.000      N/A
   9    0.0     3.1    2   17571      91     249      18 ( 0.016%)   39135 (31.7%)   17.811 -1.360e+04    -17.811      0.000      0.000      N/A
  10    0.0     4.1    1    5515      28      81       4 ( 0.004%)   39197 (31.8%)   17.811 -1.360e+04    -17.811      0.000      0.000       13
  11    0.0     5.3    1    1639       6      18       1 ( 0.001%)   39216 (31.8%)   17.811 -1.360e+04    -17.811      0.000      0.000       12
  12    0.0     6.9    0     646       1       6       0 ( 0.000%)   39217 (31.8%)   17.811 -1.360e+04    -17.811      0.000      0.000       11
Restoring best routing
Critical path: 17.8112 ns
Successfully routed after 12 routing iterations.
Final Net Connection Criticality Histogram:
[        0:      0.1)  604 (  9.5%) |********************
[      0.1:      0.2)  185 (  2.9%) |******
[      0.2:      0.3)  318 (  5.0%) |***********
[      0.3:      0.4)  367 (  5.8%) |************
[      0.4:      0.5)  562 (  8.8%) |*******************
[      0.5:      0.6)  803 ( 12.6%) |***************************
[      0.6:      0.7) 1170 ( 18.4%) |***************************************
[      0.7:      0.8) 1382 ( 21.7%) |**********************************************
[      0.8:      0.9)  886 ( 13.9%) |*****************************
[      0.9:        1)   83 (  1.3%) |***
Router Stats: total_nets_routed: 10865 total_connections_routed: 19572 total_heap_pushes: 1015671 total_heap_pops: 257114 total_internal_heap_pushes: 0 total_internal_heap_pops: 0 total_external_heap_pushes: 1015671 total_external_heap_pops: 257114 total_external_SOURCE_pushes: 19572 total_external_SOURCE_pops: 14098 total_internal_SOURCE_pushes: 0 total_internal_SOURCE_pops: 0 rt_node_SOURCE_pushes: 19572 rt_node_SOURCE_high_fanout_pushes: 0 rt_node_SOURCE_entire_tree_pushes: 19572 total_external_SINK_pushes: 60116 total_external_SINK_pops: 53868 total_internal_SINK_pushes: 0 total_internal_SINK_pops: 0 rt_node_SINK_pushes: 0 rt_node_SINK_high_fanout_pushes: 0 rt_node_SINK_entire_tree_pushes: 0 total_external_IPIN_pushes: 84803 total_external_IPIN_pops: 80051 total_internal_IPIN_pushes: 0 total_internal_IPIN_pops: 0 rt_node_IPIN_pushes: 0 rt_node_IPIN_high_fanout_pushes: 0 rt_node_IPIN_entire_tree_pushes: 0 total_external_OPIN_pushes: 20631 total_external_OPIN_pops: 15889 total_internal_OPIN_pushes: 0 total_internal_OPIN_pops: 0 rt_node_OPIN_pushes: 8707 rt_node_OPIN_high_fanout_pushes: 0 rt_node_OPIN_entire_tree_pushes: 8707 total_external_CHANX_pushes: 421935 total_external_CHANX_pops: 44881 total_internal_CHANX_pushes: 0 total_internal_CHANX_pops: 0 rt_node_CHANX_pushes: 15174 rt_node_CHANX_high_fanout_pushes: 0 rt_node_CHANX_entire_tree_pushes: 15174 total_external_CHANY_pushes: 408614 total_external_CHANY_pops: 48327 total_internal_CHANY_pushes: 0 total_internal_CHANY_pops: 0 rt_node_CHANY_pushes: 18023 rt_node_CHANY_high_fanout_pushes: 0 rt_node_CHANY_entire_tree_pushes: 18023 total_number_of_adding_all_rt: 98822 total_number_of_adding_high_fanout_rt: 0 total_number_of_adding_all_rt_from_calling_high_fanout_rt: 0 

Attempting to route at 38 channels (binary search bounds: [-1, 76])
## Build routing resource graph
SOURCE->OPIN and IPIN->SINK edge count:52388
OPIN->CHANX/CHANY edge count before creating direct connections: 57930
OPIN->CHANX/CHANY edge count after creating direct connections: 58497
CHAN->CHAN type edge count:318446
## Build routing resource graph took 0.11 seconds (max_rss 146.7 MiB, delta_rss +0.0 MiB)
  RR Graph Nodes: 93632
  RR Graph Edges: 429331
Confirming router algorithm: TIMING_DRIVEN.
## Computing router lookahead map
### Computing wire lookahead
### Computing wire lookahead took 0.44 seconds (max_rss 146.7 MiB, delta_rss +0.0 MiB)
### Computing src/opin lookahead
### Computing src/opin lookahead took 0.00 seconds (max_rss 146.7 MiB, delta_rss +0.0 MiB)
## Computing router lookahead map took 0.44 seconds (max_rss 146.7 MiB, delta_rss +0.0 MiB)
## Initializing router criticalities
Initial Net Connection Criticality Histogram:
[        0:      0.1)  609 (  9.6%) |********************
[      0.1:      0.2)  204 (  3.2%) |*******
[      0.2:      0.3)  326 (  5.1%) |***********
[      0.3:      0.4)  386 (  6.1%) |*************
[      0.4:      0.5)  577 (  9.1%) |*******************
[      0.5:      0.6)  842 ( 13.2%) |****************************
[      0.6:      0.7) 1232 ( 19.4%) |*****************************************
[      0.7:      0.8) 1381 ( 21.7%) |**********************************************
[      0.8:      0.9)  744 ( 11.7%) |*************************
[      0.9:        1)   59 (  0.9%) |**
## Initializing router criticalities took 0.01 seconds (max_rss 146.7 MiB, delta_rss +0.0 MiB)
---- ------ ------- ---- ------- ------- ------- ----------------- --------------- -------- ---------- ---------- ---------- ---------- --------
Iter   Time    pres  BBs    Heap  Re-Rtd  Re-Rtd Overused RR Nodes      Wirelength      CPD       sTNS       sWNS       hTNS       hWNS Est Succ
      (sec)     fac Updt    push    Nets   Conns                                       (ns)       (ns)       (ns)       (ns)       (ns)     Iter
---- ------ ------- ---- ------- ------- ------- ----------------- --------------- -------- ---------- ---------- ---------- ---------- --------
   1    0.0     0.0    0  232129    3919    5861    2950 ( 3.151%)   39347 (63.8%)   17.950 -1.372e+04    -17.950      0.000      0.000      N/A
   2    0.0     0.5   17  215838    3099    4954    2534 ( 2.706%)   39515 (64.0%)   17.952 -1.372e+04    -17.952      0.000      0.000      N/A
   3    0.0     0.6   34  238678    2742    4503    2313 ( 2.470%)   41483 (67.2%)   17.953 -1.376e+04    -17.953      0.000      0.000      N/A
   4    0.0     0.8   69  257754    2499    4228    2052 ( 2.192%)   42971 (69.6%)   17.948 -1.381e+04    -17.948      0.000      0.000      N/A
   5    0.0     1.1   72  264317    2254    3888    1725 ( 1.842%)   44051 (71.4%)   17.953 -1.384e+04    -17.953      0.000      0.000      N/A
   6    0.0     1.4   68  266354    1912    3419    1436 ( 1.534%)   45161 (73.2%)   17.949 -1.388e+04    -17.949      0.000      0.000      N/A
   7    0.0     1.9   74  287075    1677    3120    1275 ( 1.362%)   46051 (74.6%)   17.952 -1.391e+04    -17.952      0.000      0.000      N/A
   8    0.0     2.4   63  292414    1530    2885    1083 ( 1.157%)   47076 (76.3%)   17.955 -1.395e+04    -17.955      0.000      0.000      N/A
   9    0.0     3.1   62  315651    1361    2627     935 ( 0.999%)   48139 (78.0%)   17.968 -1.400e+04    -17.968      0.000      0.000      N/A
  10    0.0     4.1   74  348341    1208    2359     853 ( 0.911%)   49039 (79.5%)   17.958 -1.406e+04    -17.958      0.000      0.000       54
  11    0.0     5.3   68  398497    1122    2267     793 ( 0.847%)   49945 (80.9%)   17.966 -1.410e+04    -17.966      0.000      0.000       60
  12    0.0     6.9   63  444907    1040    2133     722 ( 0.771%)   50882 (82.5%)   17.976 -1.412e+04    -17.976      0.000      0.000       65
  13    0.0     9.0   61  495681     959    1966     655 ( 0.700%)   51684 (83.8%)   17.976 -1.416e+04    -17.976      0.000      0.000       71
  14    0.0    11.6   69  487589     905    1873     616 ( 0.658%)   52325 (84.8%)   17.973 -1.419e+04    -17.973      0.000      0.000       74
  15    0.0    15.1   55  479506     829    1751     588 ( 0.628%)   52832 (85.6%)   17.959 -1.424e+04    -17.959      0.000      0.000       84
  16    0.0    19.7   46  519391     845    1727     582 ( 0.622%)   53274 (86.3%)   17.968 -1.428e+04    -17.968      0.000      0.000       88
  17    0.0    25.6   58  549127     821    1725     578 ( 0.617%)   53696 (87.0%)   17.968 -1.437e+04    -17.968      0.000      0.000      104
  18    0.0    33.3   51  550757     786    1653     546 ( 0.583%)   53899 (87.3%)   17.971 -1.437e+04    -17.971      0.000      0.000      116
  19    0.0    43.3   38  556188     771    1631     527 ( 0.563%)   54235 (87.9%)   17.974 -1.444e+04    -17.974      0.000      0.000      133
  20    0.1    56.2   37  566505     733    1576     513 ( 0.548%)   54643 (88.5%)   17.971 -1.447e+04    -17.971      0.000      0.000      140
  21    0.1    73.1   39  659583     782    1628     531 ( 0.567%)   54939 (89.0%)   17.970 -1.453e+04    -17.970      0.000      0.000      162
Routing aborted, the predicted iteration for a successful route (161.6) is too high.
Routing failed.

Failed routing attempt #0
Total number of overused nodes: 531
Total number of overused nodes is larger than the logging limit (20).
Displaying the first 20 entries.
Routing Failure Diagnostics: Printing Overused Nodes Information
------ ------- ---------- --------- -------- ------------ ------- ------- ------- ------- ------- ------- -------
   No.  NodeId  Occupancy  Capacity  RR Node    Direction    Side     PTC   Block    Xlow    Ylow   Xhigh   Yhigh
                                        type                          NUM    Name                                 
------ ------- ---------- --------- -------- ------------ ------- ------- ------- ------- ------- ------- -------
     0    6604          2         1     IPIN          N/A   RIGHT      33     clb       3       9       3       9
     1    9524          2         1     IPIN          N/A   RIGHT       1     clb       4       9       4       9
     2   12476          2         1     IPIN          N/A   RIGHT       1     clb       5       9       5       9
     3   12578          2         1     IPIN          N/A   RIGHT       1     clb       5      10       5      10
     4   13602          2         1     IPIN          N/A   RIGHT       5     clb       5      20       5      20
     5   17361          2         1     IPIN          N/A  BOTTOM      26     clb       7       7       7       7
     6   17646          2         1     IPIN          N/A   RIGHT       5     clb       7      10       7      10
     7   17966          2         1     IPIN          N/A    LEFT      19     clb       7      13       7      13
     8   18256          2         1     IPIN          N/A    LEFT       3     clb       7      16       7      16
     9   18469          2         1     IPIN          N/A     TOP      12     clb       7      18       7      18
    10   18767          2         1     IPIN          N/A     TOP       4     clb       7      21       7      21
    11   21036          2         1     IPIN          N/A    LEFT      35     clb       8      14       8      14
    12   21107          2         1     IPIN          N/A     TOP       4     clb       8      15       8      15
    13   21209          2         1     IPIN          N/A     TOP       4     clb       8      16       8      16
    14   21435          2         1     IPIN          N/A  BOTTOM      26     clb       8      18       8      18
    15   23167          2         1     IPIN          N/A  BOTTOM      30     clb       9       6       9       6
    16   23553          2         1     IPIN          N/A     TOP       8     clb       9      10       9      10
    17   23787          2         1     IPIN          N/A  BOTTOM      38     clb       9      12       9      12
    18   24191          2         1     IPIN          N/A  BOTTOM      34     clb       9      16       9      16
    19   27580          2         1     IPIN          N/A   RIGHT       5     clb      11       7      11       7

Final Net Connection Criticality Histogram:
[        0:      0.1)  584 (  9.2%) |********************
[      0.1:      0.2)  159 (  2.5%) |*****
[      0.2:      0.3)  280 (  4.4%) |**********
[      0.3:      0.4)  334 (  5.3%) |***********
[      0.4:      0.5)  508 (  8.0%) |*****************
[      0.5:      0.6)  666 ( 10.5%) |***********************
[      0.6:      0.7)  990 ( 15.6%) |**********************************
[      0.7:      0.8) 1346 ( 21.2%) |**********************************************
[      0.8:      0.9) 1137 ( 17.9%) |***************************************
[      0.9:        1)  356 (  5.6%) |************
Router Stats: total_nets_routed: 31794 total_connections_routed: 57774 total_heap_pushes: 8426282 total_heap_pops: 2020220 total_internal_heap_pushes: 0 total_internal_heap_pops: 0 total_external_heap_pushes: 8426282 total_external_heap_pops: 2020220 total_external_SOURCE_pushes: 57774 total_external_SOURCE_pops: 47718 total_internal_SOURCE_pushes: 0 total_internal_SOURCE_pops: 0 rt_node_SOURCE_pushes: 57774 rt_node_SOURCE_high_fanout_pushes: 0 rt_node_SOURCE_entire_tree_pushes: 57774 total_external_SINK_pushes: 166797 total_external_SINK_pops: 150166 total_internal_SINK_pushes: 0 total_internal_SINK_pops: 0 rt_node_SINK_pushes: 0 rt_node_SINK_high_fanout_pushes: 0 rt_node_SINK_entire_tree_pushes: 0 total_external_IPIN_pushes: 242456 total_external_IPIN_pops: 224483 total_internal_IPIN_pushes: 0 total_internal_IPIN_pops: 0 rt_node_IPIN_pushes: 0 rt_node_IPIN_high_fanout_pushes: 0 rt_node_IPIN_entire_tree_pushes: 0 total_external_OPIN_pushes: 61114 total_external_OPIN_pops: 51542 total_internal_OPIN_pushes: 0 total_internal_OPIN_pops: 0 rt_node_OPIN_pushes: 25980 rt_node_OPIN_high_fanout_pushes: 0 rt_node_OPIN_entire_tree_pushes: 25980 total_external_CHANX_pushes: 3963624 total_external_CHANX_pops: 777355 total_internal_CHANX_pushes: 0 total_internal_CHANX_pops: 0 rt_node_CHANX_pushes: 62851 rt_node_CHANX_high_fanout_pushes: 0 rt_node_CHANX_entire_tree_pushes: 62851 total_external_CHANY_pushes: 3934517 total_external_CHANY_pops: 768956 total_internal_CHANY_pushes: 0 total_internal_CHANY_pops: 0 rt_node_CHANY_pushes: 67609 rt_node_CHANY_high_fanout_pushes: 0 rt_node_CHANY_entire_tree_pushes: 67609 total_number_of_adding_all_rt: 325928 total_number_of_adding_high_fanout_rt: 0 total_number_of_adding_all_rt_from_calling_high_fanout_rt: 0 

Attempting to route at 58 channels (binary search bounds: [38, 76])
## Build routing resource graph
SOURCE->OPIN and IPIN->SINK edge count:52388
OPIN->CHANX/CHANY edge count before creating direct connections: 88314
OPIN->CHANX/CHANY edge count after creating direct connections: 88881
CHAN->CHAN type edge count:487550
## Build routing resource graph took 0.17 seconds (max_rss 146.7 MiB, delta_rss +0.0 MiB)
  RR Graph Nodes: 102620
  RR Graph Edges: 628819
Confirming router algorithm: TIMING_DRIVEN.
## Computing router lookahead map
### Computing wire lookahead
### Computing wire lookahead took 0.60 seconds (max_rss 146.7 MiB, delta_rss +0.0 MiB)
### Computing src/opin lookahead
### Computing src/opin lookahead took 0.00 seconds (max_rss 146.7 MiB, delta_rss +0.0 MiB)
## Computing router lookahead map took 0.60 seconds (max_rss 146.7 MiB, delta_rss +0.0 MiB)
## Initializing router criticalities
Initial Net Connection Criticality Histogram:
[        0:      0.1)  609 (  9.6%) |********************
[      0.1:      0.2)  204 (  3.2%) |*******
[      0.2:      0.3)  326 (  5.1%) |***********
[      0.3:      0.4)  386 (  6.1%) |*************
[      0.4:      0.5)  576 (  9.1%) |*******************
[      0.5:      0.6)  844 ( 13.3%) |****************************
[      0.6:      0.7) 1235 ( 19.4%) |*****************************************
[      0.7:      0.8) 1378 ( 21.7%) |**********************************************
[      0.8:      0.9)  743 ( 11.7%) |*************************
[      0.9:        1)   59 (  0.9%) |**
## Initializing router criticalities took 0.01 seconds (max_rss 146.7 MiB, delta_rss +0.0 MiB)
---- ------ ------- ---- ------- ------- ------- ----------------- --------------- -------- ---------- ---------- ---------- ---------- --------
Iter   Time    pres  BBs    Heap  Re-Rtd  Re-Rtd Overused RR Nodes      Wirelength      CPD       sTNS       sWNS       hTNS       hWNS Est Succ
      (sec)     fac Updt    push    Nets   Conns                                       (ns)       (ns)       (ns)       (ns)       (ns)     Iter
---- ------ ------- ---- ------- ------- ------- ----------------- --------------- -------- ---------- ---------- ---------- ---------- --------
   1    0.0     0.0    0  250526    3919    5861    2411 ( 2.349%)   37877 (40.2%)   17.808 -1.360e+04    -17.808      0.000      0.000      N/A
   2    0.0     0.5   11  197101    2527    4275    1542 ( 1.503%)   37838 (40.2%)   17.791 -1.360e+04    -17.791      0.000      0.000      N/A
   3    0.0     0.6    7  175907    1906    3396    1255 ( 1.223%)   38600 (41.0%)   17.813 -1.362e+04    -17.813      0.000      0.000      N/A
   4    0.0     0.8   14  164846    1567    2924     971 ( 0.946%)   39164 (41.6%)   17.812 -1.364e+04    -17.812      0.000      0.000      N/A
   5    0.0     1.1   13  145749    1281    2524     700 ( 0.682%)   39823 (42.3%)   17.811 -1.365e+04    -17.811      0.000      0.000      N/A
   6    0.0     1.4   17  118938     942    1982     481 ( 0.469%)   40334 (42.8%)   17.812 -1.366e+04    -17.812      0.000      0.000      N/A
   7    0.0     1.9    9   97907     696    1563     302 ( 0.294%)   40852 (43.4%)   17.812 -1.366e+04    -17.812      0.000      0.000      N/A
   8    0.0     2.4    8   68868     453    1081     181 ( 0.176%)   41254 (43.8%)   17.812 -1.367e+04    -17.812      0.000      0.000      N/A
   9    0.0     3.1   11   47440     279     692      96 ( 0.094%)   41605 (44.2%)   17.827 -1.368e+04    -17.827      0.000      0.000      N/A
  10    0.0     4.1    7   25697     147     375      41 ( 0.040%)   41833 (44.4%)   17.827 -1.369e+04    -17.827      0.000      0.000       18
  11    0.0     5.3    3   14359      73     197      22 ( 0.021%)   41932 (44.5%)   17.827 -1.369e+04    -17.827      0.000      0.000       16
  12    0.0     6.9    1    9028      37     118       4 ( 0.004%)   42004 (44.6%)   17.827 -1.370e+04    -17.827      0.000      0.000       16
  13    0.0     9.0    2    3118      16      50       1 ( 0.001%)   42008 (44.6%)   17.827 -1.370e+04    -17.827      0.000      0.000       14
  14    0.0    11.6    0    1920      12      33       0 ( 0.000%)   42012 (44.6%)   17.827 -1.370e+04    -17.827      0.000      0.000       14
Restoring best routing
Critical path: 17.8267 ns
Successfully routed after 14 routing iterations.
Final Net Connection Criticality Histogram:
[        0:      0.1)  602 (  9.5%) |********************
[      0.1:      0.2)  179 (  2.8%) |******
[      0.2:      0.3)  313 (  4.9%) |**********
[      0.3:      0.4)  353 (  5.6%) |************
[      0.4:      0.5)  565 (  8.9%) |*******************
[      0.5:      0.6)  774 ( 12.2%) |**************************
[      0.6:      0.7) 1161 ( 18.3%) |***************************************
[      0.7:      0.8) 1381 ( 21.7%) |**********************************************
[      0.8:      0.9)  939 ( 14.8%) |*******************************
[      0.9:        1)   93 (  1.5%) |***
Router Stats: total_nets_routed: 13855 total_connections_routed: 25071 total_heap_pushes: 1321404 total_heap_pops: 337623 total_internal_heap_pushes: 0 total_internal_heap_pops: 0 total_external_heap_pushes: 1321404 total_external_heap_pops: 337623 total_external_SOURCE_pushes: 25071 total_external_SOURCE_pops: 18502 total_internal_SOURCE_pushes: 0 total_internal_SOURCE_pops: 0 rt_node_SOURCE_pushes: 25071 rt_node_SOURCE_high_fanout_pushes: 0 rt_node_SOURCE_entire_tree_pushes: 25071 total_external_SINK_pushes: 77496 total_external_SINK_pops: 69361 total_internal_SINK_pushes: 0 total_internal_SINK_pops: 0 rt_node_SINK_pushes: 0 rt_node_SINK_high_fanout_pushes: 0 rt_node_SINK_entire_tree_pushes: 0 total_external_IPIN_pushes: 110886 total_external_IPIN_pops: 103523 total_internal_IPIN_pushes: 0 total_internal_IPIN_pops: 0 rt_node_IPIN_pushes: 0 rt_node_IPIN_high_fanout_pushes: 0 rt_node_IPIN_entire_tree_pushes: 0 total_external_OPIN_pushes: 26472 total_external_OPIN_pops: 20628 total_internal_OPIN_pushes: 0 total_internal_OPIN_pops: 0 rt_node_OPIN_pushes: 11216 rt_node_OPIN_high_fanout_pushes: 0 rt_node_OPIN_entire_tree_pushes: 11216 total_external_CHANX_pushes: 547061 total_external_CHANX_pops: 60917 total_internal_CHANX_pushes: 0 total_internal_CHANX_pops: 0 rt_node_CHANX_pushes: 20369 rt_node_CHANX_high_fanout_pushes: 0 rt_node_CHANX_entire_tree_pushes: 20369 total_external_CHANY_pushes: 534418 total_external_CHANY_pops: 64692 total_internal_CHANY_pushes: 0 total_internal_CHANY_pops: 0 rt_node_CHANY_pushes: 24394 rt_node_CHANY_high_fanout_pushes: 0 rt_node_CHANY_entire_tree_pushes: 24394 total_number_of_adding_all_rt: 129032 total_number_of_adding_high_fanout_rt: 0 total_number_of_adding_all_rt_from_calling_high_fanout_rt: 0 

Attempting to route at 48 channels (binary search bounds: [38, 58])
## Build routing resource graph
SOURCE->OPIN and IPIN->SINK edge count:52388
OPIN->CHANX/CHANY edge count before creating direct connections: 74018
OPIN->CHANX/CHANY edge count after creating direct connections: 74585
CHAN->CHAN type edge count:402968
## Build routing resource graph took 0.14 seconds (max_rss 146.7 MiB, delta_rss +0.0 MiB)
  RR Graph Nodes: 98128
  RR Graph Edges: 529941
Confirming router algorithm: TIMING_DRIVEN.
## Computing router lookahead map
### Computing wire lookahead
### Computing wire lookahead took 0.50 seconds (max_rss 146.7 MiB, delta_rss +0.0 MiB)
### Computing src/opin lookahead
### Computing src/opin lookahead took 0.00 seconds (max_rss 146.7 MiB, delta_rss +0.0 MiB)
## Computing router lookahead map took 0.50 seconds (max_rss 146.7 MiB, delta_rss +0.0 MiB)
## Initializing router criticalities
Initial Net Connection Criticality Histogram:
[        0:      0.1)  609 (  9.6%) |********************
[      0.1:      0.2)  204 (  3.2%) |*******
[      0.2:      0.3)  326 (  5.1%) |***********
[      0.3:      0.4)  386 (  6.1%) |*************
[      0.4:      0.5)  577 (  9.1%) |*******************
[      0.5:      0.6)  842 ( 13.2%) |****************************
[      0.6:      0.7) 1232 ( 19.4%) |*****************************************
[      0.7:      0.8) 1381 ( 21.7%) |**********************************************
[      0.8:      0.9)  744 ( 11.7%) |*************************
[      0.9:        1)   59 (  0.9%) |**
## Initializing router criticalities took 0.01 seconds (max_rss 146.7 MiB, delta_rss +0.0 MiB)
---- ------ ------- ---- ------- ------- ------- ----------------- --------------- -------- ---------- ---------- ---------- ---------- --------
Iter   Time    pres  BBs    Heap  Re-Rtd  Re-Rtd Overused RR Nodes      Wirelength      CPD       sTNS       sWNS       hTNS       hWNS Est Succ
      (sec)     fac Updt    push    Nets   Conns                                       (ns)       (ns)       (ns)       (ns)       (ns)     Iter
---- ------ ------- ---- ------- ------- ------- ----------------- --------------- -------- ---------- ---------- ---------- ---------- --------
   1    0.0     0.0    0  249368    3919    5861    2841 ( 2.895%)   39320 (50.4%)   18.081 -1.370e+04    -18.081      0.000      0.000      N/A
   2    0.0     0.5   12  222769    2885    4687    2030 ( 2.069%)   39422 (50.6%)   18.081 -1.370e+04    -18.081      0.000      0.000      N/A
   3    0.0     0.6   36  215515    2283    3948    1681 ( 1.713%)   40518 (52.0%)   18.082 -1.372e+04    -18.082      0.000      0.000      N/A
   4    0.0     0.8   36  210698    1945    3475    1371 ( 1.397%)   41386 (53.1%)   18.081 -1.374e+04    -18.081      0.000      0.000      N/A
   5    0.0     1.1   53  197016    1651    3063    1086 ( 1.107%)   42294 (54.3%)   18.089 -1.375e+04    -18.089      0.000      0.000      N/A
   6    0.0     1.4   41  177407    1322    2603     784 ( 0.799%)   43229 (55.5%)   18.087 -1.377e+04    -18.087      0.000      0.000      N/A
   7    0.0     1.9   44  156441    1031    2164     524 ( 0.534%)   43823 (56.2%)   18.081 -1.378e+04    -18.081      0.000      0.000      N/A
   8    0.0     2.4   21  124096     737    1607     339 ( 0.345%)   44513 (57.1%)   18.075 -1.381e+04    -18.075      0.000      0.000      N/A
   9    0.0     3.1   22   90050     452    1112     202 ( 0.206%)   45026 (57.8%)   18.075 -1.382e+04    -18.075      0.000      0.000      N/A
  10    0.0     4.1   19   65920     296     763     117 ( 0.119%)   45501 (58.4%)   18.086 -1.384e+04    -18.086      0.000      0.000       22
  11    0.0     5.3   15   44344     179     470      69 ( 0.070%)   45783 (58.7%)   18.075 -1.384e+04    -18.075      0.000      0.000       20
  12    0.0     6.9    7   33757     107     299      36 ( 0.037%)   46049 (59.1%)   18.075 -1.385e+04    -18.075      0.000      0.000       20
  13    0.0     9.0   10   20902      49     153      11 ( 0.011%)   46206 (59.3%)   18.075 -1.385e+04    -18.075      0.000      0.000       19
  14    0.0    11.6    7    8034      18      54       7 ( 0.007%)   46234 (59.3%)   18.075 -1.386e+04    -18.075      0.000      0.000       18
  15    0.0    15.1    0    5979       9      35       1 ( 0.001%)   46299 (59.4%)   18.075 -1.386e+04    -18.075      0.000      0.000       17
  16    0.0    19.7    2     771       2       7       0 ( 0.000%)   46319 (59.4%)   18.075 -1.386e+04    -18.075      0.000      0.000       16
Restoring best routing
Critical path: 18.0745 ns
Successfully routed after 16 routing iterations.
Final Net Connection Criticality Histogram:
[        0:      0.1)  596 (  9.4%) |********************
[      0.1:      0.2)  175 (  2.8%) |******
[      0.2:      0.3)  313 (  4.9%) |**********
[      0.3:      0.4)  356 (  5.6%) |************
[      0.4:      0.5)  563 (  8.9%) |*******************
[      0.5:      0.6)  785 ( 12.3%) |**************************
[      0.6:      0.7) 1173 ( 18.4%) |***************************************
[      0.7:      0.8) 1396 ( 21.9%) |**********************************************
[      0.8:      0.9)  923 ( 14.5%) |******************************
[      0.9:        1)   80 (  1.3%) |***
Router Stats: total_nets_routed: 16885 total_connections_routed: 30301 total_heap_pushes: 1823067 total_heap_pops: 446400 total_internal_heap_pushes: 0 total_internal_heap_pops: 0 total_external_heap_pushes: 1823067 total_external_heap_pops: 446400 total_external_SOURCE_pushes: 30301 total_external_SOURCE_pops: 23319 total_internal_SOURCE_pushes: 0 total_internal_SOURCE_pops: 0 rt_node_SOURCE_pushes: 30301 rt_node_SOURCE_high_fanout_pushes: 0 rt_node_SOURCE_entire_tree_pushes: 30301 total_external_SINK_pushes: 94578 total_external_SINK_pops: 84121 total_internal_SINK_pushes: 0 total_internal_SINK_pops: 0 rt_node_SINK_pushes: 0 rt_node_SINK_high_fanout_pushes: 0 rt_node_SINK_entire_tree_pushes: 0 total_external_IPIN_pushes: 133480 total_external_IPIN_pops: 124967 total_internal_IPIN_pushes: 0 total_internal_IPIN_pops: 0 rt_node_IPIN_pushes: 0 rt_node_IPIN_high_fanout_pushes: 0 rt_node_IPIN_entire_tree_pushes: 0 total_external_OPIN_pushes: 31960 total_external_OPIN_pops: 25706 total_internal_OPIN_pushes: 0 total_internal_OPIN_pops: 0 rt_node_OPIN_pushes: 13416 rt_node_OPIN_high_fanout_pushes: 0 rt_node_OPIN_entire_tree_pushes: 13416 total_external_CHANX_pushes: 770281 total_external_CHANX_pops: 93140 total_internal_CHANX_pushes: 0 total_internal_CHANX_pops: 0 rt_node_CHANX_pushes: 26350 rt_node_CHANX_high_fanout_pushes: 0 rt_node_CHANX_entire_tree_pushes: 26350 total_external_CHANY_pushes: 762467 total_external_CHANY_pops: 95147 total_internal_CHANY_pushes: 0 total_internal_CHANY_pops: 0 rt_node_CHANY_pushes: 29924 rt_node_CHANY_high_fanout_pushes: 0 rt_node_CHANY_entire_tree_pushes: 29924 total_number_of_adding_all_rt: 157457 total_number_of_adding_high_fanout_rt: 0 total_number_of_adding_all_rt_from_calling_high_fanout_rt: 0 

Attempting to route at 44 channels (binary search bounds: [38, 48])
## Build routing resource graph
SOURCE->OPIN and IPIN->SINK edge count:52388
OPIN->CHANX/CHANY edge count before creating direct connections: 66518
OPIN->CHANX/CHANY edge count after creating direct connections: 67085
CHAN->CHAN type edge count:368976
## Build routing resource graph took 0.13 seconds (max_rss 146.7 MiB, delta_rss +0.0 MiB)
  RR Graph Nodes: 96328
  RR Graph Edges: 488449
Confirming router algorithm: TIMING_DRIVEN.
## Computing router lookahead map
### Computing wire lookahead
### Computing wire lookahead took 0.49 seconds (max_rss 146.7 MiB, delta_rss +0.0 MiB)
### Computing src/opin lookahead
### Computing src/opin lookahead took 0.00 seconds (max_rss 146.7 MiB, delta_rss +0.0 MiB)
## Computing router lookahead map took 0.49 seconds (max_rss 146.7 MiB, delta_rss +0.0 MiB)
## Initializing router criticalities
Initial Net Connection Criticality Histogram:
[        0:      0.1)  609 (  9.6%) |********************
[      0.1:      0.2)  204 (  3.2%) |*******
[      0.2:      0.3)  326 (  5.1%) |***********
[      0.3:      0.4)  386 (  6.1%) |*************
[      0.4:      0.5)  576 (  9.1%) |*******************
[      0.5:      0.6)  844 ( 13.3%) |****************************
[      0.6:      0.7) 1235 ( 19.4%) |*****************************************
[      0.7:      0.8) 1378 ( 21.7%) |**********************************************
[      0.8:      0.9)  743 ( 11.7%) |*************************
[      0.9:        1)   59 (  0.9%) |**
## Initializing router criticalities took 0.01 seconds (max_rss 146.7 MiB, delta_rss +0.0 MiB)
---- ------ ------- ---- ------- ------- ------- ----------------- --------------- -------- ---------- ---------- ---------- ---------- --------
Iter   Time    pres  BBs    Heap  Re-Rtd  Re-Rtd Overused RR Nodes      Wirelength      CPD       sTNS       sWNS       hTNS       hWNS Est Succ
      (sec)     fac Updt    push    Nets   Conns                                       (ns)       (ns)       (ns)       (ns)       (ns)     Iter
---- ------ ------- ---- ------- ------- ------- ----------------- --------------- -------- ---------- ---------- ---------- ---------- --------
   1    0.0     0.0    0  241079    3919    5861    2925 ( 3.037%)   39393 (55.1%)   18.856 -1.372e+04    -18.856      0.000      0.000      N/A
   2    0.0     0.5   13  219851    3011    4852    2256 ( 2.342%)   39409 (55.2%)   18.856 -1.373e+04    -18.856      0.000      0.000      N/A
   3    0.0     0.6   23  223523    2434    4125    1912 ( 1.985%)   41269 (57.8%)   18.856 -1.377e+04    -18.856      0.000      0.000      N/A
   4    0.0     0.8   57  229611    2143    3773    1600 ( 1.661%)   42378 (59.3%)   18.841 -1.380e+04    -18.841      0.000      0.000      N/A
   5    0.0     1.1   50  219910    1812    3364    1228 ( 1.275%)   43338 (60.6%)   18.816 -1.384e+04    -18.816      0.000      0.000      N/A
   6    0.0     1.4   51  204065    1466    2875     936 ( 0.972%)   44251 (61.9%)   18.816 -1.385e+04    -18.816      0.000      0.000      N/A
   7    0.0     1.9   41  183246    1201    2425     716 ( 0.743%)   44899 (62.8%)   18.757 -1.388e+04    -18.757      0.000      0.000      N/A
   8    0.0     2.4   50  166699     939    1986     526 ( 0.546%)   45614 (63.8%)   18.850 -1.390e+04    -18.850      0.000      0.000      N/A
   9    0.0     3.1   33  147835     731    1591     395 ( 0.410%)   46305 (64.8%)   18.850 -1.392e+04    -18.850      0.000      0.000      N/A
  10    0.0     4.1   33  120280     540    1240     255 ( 0.265%)   46876 (65.6%)   18.850 -1.395e+04    -18.850      0.000      0.000       30
  11    0.0     5.3   30  102048     389     915     182 ( 0.189%)   47524 (66.5%)   18.850 -1.397e+04    -18.850      0.000      0.000       28
  12    0.0     6.9   25   89695     278     653     124 ( 0.129%)   48081 (67.3%)   18.850 -1.399e+04    -18.850      0.000      0.000       27
  13    0.0     9.0   27   65136     182     442      78 ( 0.081%)   48551 (67.9%)   18.850 -1.401e+04    -18.850      0.000      0.000       26
  14    0.0    11.6   21   58770     128     323      49 ( 0.051%)   48753 (68.2%)   18.850 -1.404e+04    -18.850      0.000      0.000       25
  15    0.0    15.1   13   38382      83     228      33 ( 0.034%)   48958 (68.5%)   18.850 -1.406e+04    -18.850      0.000      0.000       24
  16    0.0    19.7    6   30477      60     157      20 ( 0.021%)   49099 (68.7%)   18.850 -1.407e+04    -18.850      0.000      0.000       24
  17    0.0    25.6    5   16531      44     119      18 ( 0.019%)   49240 (68.9%)   18.850 -1.408e+04    -18.850      0.000      0.000       23
  18    0.0    33.3    5   29316      36     122      12 ( 0.012%)   49369 (69.1%)   18.850 -1.408e+04    -18.850      0.000      0.000       24
  19    0.0    43.3    5   27258      36     103      14 ( 0.015%)   49453 (69.2%)   18.850 -1.408e+04    -18.850      0.000      0.000       24
  20    0.0    56.2    3   41808      33     104      12 ( 0.012%)   49576 (69.4%)   18.850 -1.408e+04    -18.850      0.000      0.000       25
  21    0.0    73.1    3   27944      32      97       8 ( 0.008%)   49533 (69.3%)   18.850 -1.408e+04    -18.850      0.000      0.000       27
  22    0.0    95.0    0   22748      24      67       6 ( 0.006%)   49563 (69.4%)   18.850 -1.409e+04    -18.850      0.000      0.000       27
  23    0.0   123.5    2   16197      28      80       5 ( 0.005%)   49565 (69.4%)   18.850 -1.409e+04    -18.850      0.000      0.000       28
  24    0.0   160.6    1    9575      23      62       3 ( 0.003%)   49603 (69.4%)   18.850 -1.409e+04    -18.850      0.000      0.000       28
  25    0.0   208.8    1    9044      19      53       2 ( 0.002%)   49625 (69.4%)   18.850 -1.409e+04    -18.850      0.000      0.000       29
  26    0.0   271.4    0    9995      16      51       1 ( 0.001%)   49632 (69.5%)   18.850 -1.409e+04    -18.850      0.000      0.000       28
  27    0.0   352.8    0    7536      15      46       1 ( 0.001%)   49636 (69.5%)   18.850 -1.409e+04    -18.850      0.000      0.000       28
  28    0.0   458.7    0    9685      15      48       1 ( 0.001%)   49632 (69.5%)   18.850 -1.409e+04    -18.850      0.000      0.000       28
  29    0.0   596.3    0    6914      15      45       2 ( 0.002%)   49664 (69.5%)   18.850 -1.409e+04    -18.850      0.000      0.000       28
  30    0.0   775.1    1    7318      16      51       2 ( 0.002%)   49664 (69.5%)   18.850 -1.409e+04    -18.850      0.000      0.000       29
  31    0.0  1007.7    0    7412      16      51       2 ( 0.002%)   49675 (69.5%)   18.850 -1.409e+04    -18.850      0.000      0.000       30
  32    0.0  1310.0    0    9681      17      54       1 ( 0.001%)   49678 (69.5%)   18.850 -1.409e+04    -18.850      0.000      0.000       31
  33    0.0  1703.0    0    7534      14      44       1 ( 0.001%)   49678 (69.5%)   18.850 -1.409e+04    -18.850      0.000      0.000       31
  34    0.0  2213.9    0    9443      15      50       1 ( 0.001%)   49678 (69.5%)   18.850 -1.409e+04    -18.850      0.000      0.000       31
  35    0.0  2878.1    0   10123      16      52       1 ( 0.001%)   49650 (69.5%)   18.850 -1.409e+04    -18.850      0.000      0.000       32
  36    0.0  3741.5    0    9488      15      47       1 ( 0.001%)   49630 (69.5%)   18.850 -1.409e+04    -18.850      0.000      0.000       32
  37    0.0  4863.9    0    8894      14      46       1 ( 0.001%)   49650 (69.5%)   18.850 -1.409e+04    -18.850      0.000      0.000       33
  38    0.0  6323.1    0    8679      15      49       1 ( 0.001%)   49654 (69.5%)   18.850 -1.409e+04    -18.850      0.000      0.000       33
  39    0.0  8220.0    0    7959      15      46       1 ( 0.001%)   49658 (69.5%)   18.850 -1.409e+04    -18.850      0.000      0.000       34
  40    0.0 10686.0    0    8697      15      49       1 ( 0.001%)   49654 (69.5%)   18.850 -1.409e+04    -18.850      0.000      0.000       35
  41    0.0 13891.9    0    7938      15      45       2 ( 0.002%)   49666 (69.5%)   18.850 -1.409e+04    -18.850      0.000      0.000       36
  42    0.0 18059.4    0    9699      17      52       1 ( 0.001%)   49671 (69.5%)   18.850 -1.409e+04    -18.850      0.000      0.000       37
  43    0.0 23477.2    2    6776      15      43       1 ( 0.001%)   49671 (69.5%)   18.850 -1.409e+04    -18.850      0.000      0.000       39
  44    0.0 30520.4    0    6776      15      43       1 ( 0.001%)   49671 (69.5%)   18.850 -1.409e+04    -18.850      0.000      0.000       39
  45    0.0 39676.5    0    6974      15      43       1 ( 0.001%)   49695 (69.5%)   18.850 -1.409e+04    -18.850      0.000      0.000       41
  46    0.0 51579.5    0    6917      15      43       1 ( 0.001%)   49695 (69.5%)   18.850 -1.409e+04    -18.850      0.000      0.000       41
  47    0.0 67053.3    0    6917      15      43       1 ( 0.001%)   49695 (69.5%)   18.850 -1.409e+04    -18.850      0.000      0.000       43
  48    0.0 87169.3    0    6685      14      42       1 ( 0.001%)   49699 (69.6%)   18.850 -1.409e+04    -18.850      0.000      0.000       43
  49    0.0 1.1e+05    0    6719      14      43       0 ( 0.000%)   49675 (69.5%)   18.850 -1.409e+04    -18.850      0.000      0.000       46
Restoring best routing
Critical path: 18.8496 ns
Successfully routed after 49 routing iterations.
Final Net Connection Criticality Histogram:
[        0:      0.1)  601 (  9.4%) |********************
[      0.1:      0.2)  182 (  2.9%) |******
[      0.2:      0.3)  318 (  5.0%) |***********
[      0.3:      0.4)  382 (  6.0%) |*************
[      0.4:      0.5)  606 (  9.5%) |********************
[      0.5:      0.6)  879 ( 13.8%) |*****************************
[      0.6:      0.7) 1278 ( 20.1%) |******************************************
[      0.7:      0.8) 1384 ( 21.8%) |**********************************************
[      0.8:      0.9)  663 ( 10.4%) |**********************
[      0.9:        1)   67 (  1.1%) |**
Router Stats: total_nets_routed: 19955 total_connections_routed: 36743 total_heap_pushes: 2735787 total_heap_pops: 641652 total_internal_heap_pushes: 0 total_internal_heap_pops: 0 total_external_heap_pushes: 2735787 total_external_heap_pops: 641652 total_external_SOURCE_pushes: 36743 total_external_SOURCE_pops: 28337 total_internal_SOURCE_pushes: 0 total_internal_SOURCE_pops: 0 rt_node_SOURCE_pushes: 36743 rt_node_SOURCE_high_fanout_pushes: 0 rt_node_SOURCE_entire_tree_pushes: 36743 total_external_SINK_pushes: 112623 total_external_SINK_pops: 98639 total_internal_SINK_pushes: 0 total_internal_SINK_pops: 0 rt_node_SINK_pushes: 0 rt_node_SINK_high_fanout_pushes: 0 rt_node_SINK_entire_tree_pushes: 0 total_external_IPIN_pushes: 163535 total_external_IPIN_pops: 150757 total_internal_IPIN_pushes: 0 total_internal_IPIN_pops: 0 rt_node_IPIN_pushes: 0 rt_node_IPIN_high_fanout_pushes: 0 rt_node_IPIN_entire_tree_pushes: 0 total_external_OPIN_pushes: 38801 total_external_OPIN_pops: 31105 total_internal_OPIN_pushes: 0 total_internal_OPIN_pops: 0 rt_node_OPIN_pushes: 16788 rt_node_OPIN_high_fanout_pushes: 0 rt_node_OPIN_entire_tree_pushes: 16788 total_external_CHANX_pushes: 1191104 total_external_CHANX_pops: 167323 total_internal_CHANX_pushes: 0 total_internal_CHANX_pops: 0 rt_node_CHANX_pushes: 38487 rt_node_CHANX_high_fanout_pushes: 0 rt_node_CHANX_entire_tree_pushes: 38487 total_external_CHANY_pushes: 1192981 total_external_CHANY_pops: 165491 total_internal_CHANY_pushes: 0 total_internal_CHANY_pops: 0 rt_node_CHANY_pushes: 43169 rt_node_CHANY_high_fanout_pushes: 0 rt_node_CHANY_entire_tree_pushes: 43169 total_number_of_adding_all_rt: 209309 total_number_of_adding_high_fanout_rt: 0 total_number_of_adding_all_rt_from_calling_high_fanout_rt: 0 

Attempting to route at 42 channels (binary search bounds: [38, 44])
## Build routing resource graph
SOURCE->OPIN and IPIN->SINK edge count:52388
OPIN->CHANX/CHANY edge count before creating direct connections: 63638
OPIN->CHANX/CHANY edge count after creating direct connections: 64205
CHAN->CHAN type edge count:350954
## Build routing resource graph took 0.12 seconds (max_rss 146.7 MiB, delta_rss +0.0 MiB)
  RR Graph Nodes: 95428
  RR Graph Edges: 467547
Confirming router algorithm: TIMING_DRIVEN.
## Computing router lookahead map
### Computing wire lookahead
### Computing wire lookahead took 0.47 seconds (max_rss 146.7 MiB, delta_rss +0.0 MiB)
### Computing src/opin lookahead
### Computing src/opin lookahead took 0.00 seconds (max_rss 146.7 MiB, delta_rss +0.0 MiB)
## Computing router lookahead map took 0.47 seconds (max_rss 146.7 MiB, delta_rss +0.0 MiB)
## Initializing router criticalities
Initial Net Connection Criticality Histogram:
[        0:      0.1)  609 (  9.6%) |********************
[      0.1:      0.2)  204 (  3.2%) |*******
[      0.2:      0.3)  326 (  5.1%) |***********
[      0.3:      0.4)  386 (  6.1%) |*************
[      0.4:      0.5)  576 (  9.1%) |*******************
[      0.5:      0.6)  849 ( 13.3%) |****************************
[      0.6:      0.7) 1234 ( 19.4%) |*****************************************
[      0.7:      0.8) 1377 ( 21.7%) |**********************************************
[      0.8:      0.9)  740 ( 11.6%) |*************************
[      0.9:        1)   59 (  0.9%) |**
## Initializing router criticalities took 0.01 seconds (max_rss 146.7 MiB, delta_rss +0.0 MiB)
---- ------ ------- ---- ------- ------- ------- ----------------- --------------- -------- ---------- ---------- ---------- ---------- --------
Iter   Time    pres  BBs    Heap  Re-Rtd  Re-Rtd Overused RR Nodes      Wirelength      CPD       sTNS       sWNS       hTNS       hWNS Est Succ
      (sec)     fac Updt    push    Nets   Conns                                       (ns)       (ns)       (ns)       (ns)       (ns)     Iter
---- ------ ------- ---- ------- ------- ------- ----------------- --------------- -------- ---------- ---------- ---------- ---------- --------
   1    0.0     0.0    0  238432    3919    5861    2862 ( 2.999%)   38756 (56.8%)   17.844 -1.369e+04    -17.844      0.000      0.000      N/A
   2    0.0     0.5   13  217943    3038    4873    2396 ( 2.511%)   38955 (57.1%)   17.844 -1.369e+04    -17.844      0.000      0.000      N/A
   3    0.0     0.6   15  232597    2602    4338    2082 ( 2.182%)   40954 (60.0%)   17.850 -1.373e+04    -17.850      0.000      0.000      N/A
   4    0.0     0.8   45  239128    2265    3960    1707 ( 1.789%)   41907 (61.4%)   17.844 -1.377e+04    -17.844      0.000      0.000      N/A
   5    0.0     1.1   48  235147    1965    3533    1393 ( 1.460%)   43015 (63.1%)   17.844 -1.380e+04    -17.844      0.000      0.000      N/A
   6    0.0     1.4   57  218839    1647    3055    1153 ( 1.208%)   43814 (64.2%)   17.869 -1.384e+04    -17.869      0.000      0.000      N/A
   7    0.0     1.9   57  222352    1398    2739     894 ( 0.937%)   44826 (65.7%)   17.871 -1.385e+04    -17.871      0.000      0.000      N/A
   8    0.0     2.4   65  217972    1162    2338     710 ( 0.744%)   45576 (66.8%)   17.871 -1.387e+04    -17.871      0.000      0.000      N/A
   9    0.0     3.1   55  193835     968    2022     568 ( 0.595%)   46596 (68.3%)   17.865 -1.390e+04    -17.865      0.000      0.000      N/A
  10    0.0     4.1   36  175333     774    1652     438 ( 0.459%)   47446 (69.6%)   17.885 -1.391e+04    -17.885      0.000      0.000       37
  11    0.0     5.3   40  188136     639    1404     345 ( 0.362%)   48156 (70.6%)   17.885 -1.394e+04    -17.885      0.000      0.000       35
  12    0.0     6.9   36  162506     497    1110     267 ( 0.280%)   48867 (71.6%)   17.885 -1.395e+04    -17.885      0.000      0.000       35
  13    0.0     9.0   41  159085     436     967     220 ( 0.231%)   49529 (72.6%)   17.827 -1.397e+04    -17.827      0.000      0.000       35
  14    0.0    11.6   33  144694     342     743     203 ( 0.213%)   50076 (73.4%)   17.827 -1.399e+04    -17.827      0.000      0.000       36
  15    0.0    15.1   31  150466     301     654     179 ( 0.188%)   50379 (73.9%)   17.854 -1.401e+04    -17.854      0.000      0.000       38
  16    0.0    19.7   30  172414     273     649     145 ( 0.152%)   50741 (74.4%)   17.874 -1.403e+04    -17.874      0.000      0.000       40
  17    0.0    25.6   27  139905     246     562     125 ( 0.131%)   51090 (74.9%)   17.854 -1.406e+04    -17.854      0.000      0.000       42
  18    0.0    33.3   30  194839     231     556     127 ( 0.133%)   51507 (75.5%)   17.854 -1.410e+04    -17.854      0.000      0.000       43
  19    0.0    43.3   22  204522     229     595     108 ( 0.113%)   51785 (75.9%)   17.854 -1.409e+04    -17.854      0.000      0.000       48
  20    0.0    56.2   16  226698     214     536     111 ( 0.116%)   52156 (76.5%)   17.854 -1.413e+04    -17.854      0.000      0.000       50
  21    0.0    73.1   11  228991     229     571     106 ( 0.111%)   52450 (76.9%)   18.010 -1.415e+04    -18.010      0.000      0.000       56
  22    0.0    95.0   19  219374     206     516     104 ( 0.109%)   52806 (77.4%)   17.858 -1.419e+04    -17.858      0.000      0.000       60
  23    0.0   123.5   21  234607     226     573      96 ( 0.101%)   52964 (77.7%)   17.858 -1.418e+04    -17.858      0.000      0.000       69
  24    0.0   160.6   21  195161     206     541      87 ( 0.091%)   53217 (78.0%)   17.858 -1.422e+04    -17.858      0.000      0.000       72
  25    0.0   208.8   18  143249     192     467      70 ( 0.073%)   53212 (78.0%)   17.858 -1.422e+04    -17.858      0.000      0.000       79
  26    0.0   271.4   11  174632     176     447      66 ( 0.069%)   53347 (78.2%)   18.244 -1.423e+04    -18.244      0.000      0.000       77
  27    0.0   352.8   12  147317     149     384      61 ( 0.064%)   53557 (78.5%)   18.212 -1.425e+04    -18.212      0.000      0.000       78
  28    0.0   458.7   10  151167     170     442      60 ( 0.063%)   53663 (78.7%)   17.858 -1.430e+04    -17.858      0.000      0.000       78
  29    0.0   596.3   10  206384     173     465      60 ( 0.063%)   53880 (79.0%)   18.221 -1.430e+04    -18.221      0.000      0.000       81
  30    0.0   775.1    8  132227     148     392      63 ( 0.066%)   53845 (78.9%)   17.858 -1.430e+04    -17.858      0.000      0.000       83
  31    0.0  1007.7    8  134161     183     489      54 ( 0.057%)   53808 (78.9%)   17.858 -1.432e+04    -17.858      0.000      0.000       90
  32    0.0  1310.0    8  105590     157     427      45 ( 0.047%)   53892 (79.0%)   17.858 -1.431e+04    -17.858      0.000      0.000       91
  33    0.0  1703.0    5  128884     161     434      45 ( 0.047%)   53844 (78.9%)   17.858 -1.430e+04    -17.858      0.000      0.000       89
  34    0.0  2213.9    4  142519     157     427      48 ( 0.050%)   53867 (79.0%)   17.858 -1.429e+04    -17.858      0.000      0.000       89
  35    0.0  2878.1    4  163852     152     425      39 ( 0.041%)   53815 (78.9%)   17.858 -1.428e+04    -17.858      0.000      0.000       91
  36    0.0  3741.5    6  129184     141     407      39 ( 0.041%)   53845 (78.9%)   17.858 -1.429e+04    -17.858      0.000      0.000       90
  37    0.0  4863.9    6  144113     150     404      37 ( 0.039%)   53880 (79.0%)   18.434 -1.431e+04    -18.434      0.000      0.000       91
  38    0.0  6323.1    7   93506     109     298      28 ( 0.029%)   53782 (78.8%)   17.858 -1.431e+04    -17.858      0.000      0.000       92
  39    0.0  8220.0    2  111330     130     338      29 ( 0.030%)   53929 (79.1%)   17.858 -1.434e+04    -17.858      0.000      0.000       88
  40    0.0 10686.0    2  100895     133     348      24 ( 0.025%)   53907 (79.0%)   17.858 -1.434e+04    -17.858      0.000      0.000       88
  41    0.0 13891.9    4   98179     131     349      30 ( 0.031%)   53943 (79.1%)   17.858 -1.434e+04    -17.858      0.000      0.000       86
  42    0.0 18059.4    3  114050     134     365      24 ( 0.025%)   53953 (79.1%)   17.858 -1.436e+04    -17.858      0.000      0.000       88
  43    0.0 23477.2    2   88045     130     351      23 ( 0.024%)   53972 (79.1%)   17.858 -1.435e+04    -17.858      0.000      0.000       88
  44    0.0 30520.4    4   92825     130     358      23 ( 0.024%)   53978 (79.1%)   17.858 -1.434e+04    -17.858      0.000      0.000       88
  45    0.0 39676.5    3  107787     132     363      19 ( 0.020%)   54018 (79.2%)   17.858 -1.433e+04    -17.858      0.000      0.000       90
  46    0.0 51579.5    3  105695     132     356      20 ( 0.021%)   54033 (79.2%)   17.858 -1.432e+04    -17.858      0.000      0.000       90
  47    0.0 67053.3    1  100265     129     352      20 ( 0.021%)   54044 (79.2%)   17.858 -1.432e+04    -17.858      0.000      0.000       91
  48    0.0 87169.3    3   75040     122     330      19 ( 0.020%)   54071 (79.3%)   17.858 -1.434e+04    -17.858      0.000      0.000       92
  49    0.0 1.1e+05    3   99717     126     348      23 ( 0.024%)   53947 (79.1%)   17.858 -1.433e+04    -17.858      0.000      0.000       94
  50    0.0 1.5e+05    3  123730     128     352      24 ( 0.025%)   53931 (79.1%)   17.858 -1.431e+04    -17.858      0.000      0.000       97
Routing failed.

Failed routing attempt #1
Total number of overused nodes: 24
Total number of overused nodes is larger than the logging limit (20).
Displaying the first 20 entries.
Routing Failure Diagnostics: Printing Overused Nodes Information
------ ------- ---------- --------- -------- ------------ ------- ------- ------- ------- ------- ------- -------
   No.  NodeId  Occupancy  Capacity  RR Node    Direction    Side     PTC   Block    Xlow    Ylow   Xhigh   Yhigh
                                        type                          NUM    Name                                 
------ ------- ---------- --------- -------- ------------ ------- ------- ------- ------- ------- ------- -------
     0   21229          2         1     IPIN          N/A     TOP      24     clb       8      16       8      16
     1   38671          2         1     IPIN          N/A  BOTTOM      26     clb      15       8      15       8
     2   39295          2         1     IPIN          N/A  BOTTOM      38     clb      15      14      15      14
     3   39672          2         1     IPIN          N/A    LEFT       7     clb      15      18      15      18
     4   55738          2         1     IPIN          N/A    LEFT      31     clb      21      17      21      17
     5   60592          2         1     IPIN          N/A   RIGHT      25     clb      23      15      23      15
     6   78997          2         1    CHANX      DEC_DIR     N/A      39     clb      13       7      16       7
     7   80952          2         1    CHANX      INC_DIR     N/A      12 mult_36      14      13      17      13
     8   81611          2         1    CHANX      DEC_DIR     N/A      33 mult_36      14      15      17      15
     9   82598          2         1    CHANX      INC_DIR     N/A      40     clb      15      18      18      18
    10   82979          2         1    CHANX      DEC_DIR     N/A       7     clb      21      19      24      19
    11   89937          2         1    CHANY      DEC_DIR     N/A      41     clb      12       1      12       4
    12   90116          2         1    CHANY      INC_DIR     N/A       4     clb      12      19      12      22
    13   90359          2         1    CHANY      DEC_DIR     N/A      15     clb      13      11      13      14
    14   90672          2         1    CHANY      INC_DIR     N/A       6 mult_36      14      10      14      13
    15   90678          2         1    CHANY      INC_DIR     N/A      30 mult_36      14      10      14      13
    16   90775          2         1    CHANY      DEC_DIR     N/A      33 mult_36      14      19      14      22
    17   92093          2         1    CHANY      DEC_DIR     N/A      13  memory      18      21      18      24
    18   93298          2         1    CHANY      INC_DIR     N/A       2 mult_36      22      12      22      15
    19   94217          2         1    CHANY      DEC_DIR     N/A      29     clb      25       6      25       9

Final Net Connection Criticality Histogram:
[        0:      0.1)  584 (  9.2%) |********************
[      0.1:      0.2)  163 (  2.6%) |******
[      0.2:      0.3)  294 (  4.6%) |**********
[      0.3:      0.4)  318 (  5.0%) |***********
[      0.4:      0.5)  522 (  8.2%) |******************
[      0.5:      0.6)  680 ( 10.7%) |***********************
[      0.6:      0.7) 1001 ( 15.7%) |**********************************
[      0.7:      0.8) 1351 ( 21.2%) |**********************************************
[      0.8:      0.9) 1130 ( 17.8%) |**************************************
[      0.9:        1)  317 (  5.0%) |***********
Router Stats: total_nets_routed: 27788 total_connections_routed: 54466 total_heap_pushes: 8027319 total_heap_pops: 1906471 total_internal_heap_pushes: 0 total_internal_heap_pops: 0 total_external_heap_pushes: 8027319 total_external_heap_pops: 1906471 total_external_SOURCE_pushes: 54466 total_external_SOURCE_pops: 43281 total_internal_SOURCE_pushes: 0 total_internal_SOURCE_pops: 0 rt_node_SOURCE_pushes: 54466 rt_node_SOURCE_high_fanout_pushes: 0 rt_node_SOURCE_entire_tree_pushes: 54466 total_external_SINK_pushes: 160525 total_external_SINK_pops: 138834 total_internal_SINK_pushes: 0 total_internal_SINK_pops: 0 rt_node_SINK_pushes: 0 rt_node_SINK_high_fanout_pushes: 0 rt_node_SINK_entire_tree_pushes: 0 total_external_IPIN_pushes: 229983 total_external_IPIN_pops: 205309 total_internal_IPIN_pushes: 0 total_internal_IPIN_pops: 0 rt_node_IPIN_pushes: 0 rt_node_IPIN_high_fanout_pushes: 0 rt_node_IPIN_entire_tree_pushes: 0 total_external_OPIN_pushes: 57728 total_external_OPIN_pops: 46326 total_internal_OPIN_pushes: 0 total_internal_OPIN_pops: 0 rt_node_OPIN_pushes: 26678 rt_node_OPIN_high_fanout_pushes: 0 rt_node_OPIN_entire_tree_pushes: 26678 total_external_CHANX_pushes: 3758412 total_external_CHANX_pops: 737708 total_internal_CHANX_pushes: 0 total_internal_CHANX_pops: 0 rt_node_CHANX_pushes: 79022 rt_node_CHANX_high_fanout_pushes: 0 rt_node_CHANX_entire_tree_pushes: 79022 total_external_CHANY_pushes: 3766205 total_external_CHANY_pops: 735013 total_internal_CHANY_pushes: 0 total_internal_CHANY_pops: 0 rt_node_CHANY_pushes: 89213 rt_node_CHANY_high_fanout_pushes: 0 rt_node_CHANY_entire_tree_pushes: 89213 total_number_of_adding_all_rt: 372189 total_number_of_adding_high_fanout_rt: 0 total_number_of_adding_all_rt_from_calling_high_fanout_rt: 0 
## Build routing resource graph
SOURCE->OPIN and IPIN->SINK edge count:52388
OPIN->CHANX/CHANY edge count before creating direct connections: 66518
OPIN->CHANX/CHANY edge count after creating direct connections: 67085
CHAN->CHAN type edge count:368976
## Build routing resource graph took 0.13 seconds (max_rss 146.7 MiB, delta_rss +0.0 MiB)
  RR Graph Nodes: 96328
  RR Graph Edges: 488449
Best routing used a channel width factor of 44.
# Routing took 7.62 seconds (max_rss 146.7 MiB, delta_rss +0.0 MiB)

Checking to ensure routing is legal...
# Checking to ensure non-configurable edges are legal
# Checking to ensure non-configurable edges are legal took 0.00 seconds (max_rss 146.7 MiB, delta_rss +0.0 MiB)
Completed routing consistency check successfully.

Serial number (magic cookie) for the routing is: -561179248
Circuit successfully routed with a channel width factor of 44.
# Synchronize the packed netlist to routing optimization
## Annotating rr_node with routed nets
## Annotating rr_node with routed nets took 0.00 seconds (max_rss 146.7 MiB, delta_rss +0.0 MiB)
Found 9050 mismatches between routing and packing results.
Fixed 5309 routing traces due to mismatch between routing and packing results.
# Synchronize the packed netlist to routing optimization took 0.04 seconds (max_rss 146.7 MiB, delta_rss +0.0 MiB)
Final Clustering Statistics: 
----------   --------   ------------------------------------   --------------------------
Block Type   # Blocks   Avg. # of input clocks and pins used   Avg. # of output pins used
----------   --------   ------------------------------------   --------------------------
     EMPTY          0                                      0                            0   
        io         70                                    0.3                          0.7   
       clb        563                                11.2593                      6.87567   
   mult_36          0                                      0                            0   
    memory          0                                      0                            0   
Absorbed logical nets 6536 out of 10456 nets, 3920 nets not absorbed.


Average number of bends per net: 1.71447  Maximum # of bends: 18

Number of global nets: 1
Number of routed nets (nonglobal): 3919
Wire length results (in units of 1 clb segments)...
	Total wirelength: 49675, average net length: 12.6754
	Maximum net length: 110

Wire length results in terms of physical segments...
	Total wiring segments used: 12927, average wire segments per net: 3.29855
	Maximum segments used by a net: 28
	Total local nets with reserved CLB opins: 0
Total number of nets absorbed: 0

Routing channel utilization histogram:
[        1:      inf)   0 (  0.0%) |
[      0.9:        1) 136 (  8.1%) |**********
[      0.8:      0.9) 440 ( 26.2%) |********************************
[      0.7:      0.8) 638 ( 37.9%) |***********************************************
[      0.5:      0.6) 116 (  6.9%) |*********
[      0.4:      0.5) 104 (  6.2%) |********
[      0.3:      0.4)  68 (  4.0%) |*****
[      0.2:      0.3)  72 (  4.3%) |*****
[      0.1:      0.2)  28 (  1.7%) |**
[        0:      0.1)  80 (  4.8%) |******
Maximum routing channel utilization:      0.98 at (6,12)

X - Directed channels:   j max occ ave occ capacity
                      ---- ------- ------- --------
                         0      40  24.733       44
                         1      34  24.300       44
                         2      36  26.167       44
                         3      37  28.800       44
                         4      40  28.033       44
                         5      40  28.600       44
                         6      40  28.800       44
                         7      42  30.367       44
                         8      39  29.767       44
                         9      41  31.867       44
                        10      41  31.767       44
                        11      42  32.667       44
                        12      43  33.933       44
                        13      42  32.767       44
                        14      42  32.467       44
                        15      41  32.333       44
                        16      43  32.833       44
                        17      41  31.667       44
                        18      43  32.467       44
                        19      42  32.300       44
                        20      38  30.300       44
                        21      37  29.867       44
                        22      40  30.133       44
                        23      39  27.333       44
                        24      40  26.200       44
                        25      39  23.667       44
                        26      35  20.633       44
                        27      29  15.733       44
                        28      32  11.733       44
Y - Directed channels:   i max occ ave occ capacity
                      ---- ------- ------- --------
                         0      29  13.100       44
                         1      29  17.700       44
                         2      32  19.000       44
                         3      40  28.833       44
                         4      38  28.667       44
                         5      39  28.267       44
                         6      40  26.867       44
                         7      42  30.667       44
                         8      42  33.633       44
                         9      37  29.133       44
                        10      42  29.767       44
                        11      43  33.267       44
                        12      43  33.367       44
                        13      42  30.900       44
                        14      42  31.200       44
                        15      41  33.367       44
                        16      41  32.333       44
                        17      41  32.300       44
                        18      42  31.600       44
                        19      43  33.267       44
                        20      43  31.967       44
                        21      42  31.700       44
                        22      42  30.633       44
                        23      42  31.700       44
                        24      43  32.133       44
                        25      42  26.733       44
                        26      38  24.700       44
                        27      41  25.633       44
                        28      42  21.167       44

Total tracks in x-direction: 1276, in y-direction: 1276

Logic area (in minimum width transistor areas, excludes I/Os and empty grid tiles)...
	Total logic block area (Warning, need to add pitch of routing to blocks with height > 3): 4.8774e+07
	Total used logic block area: 3.03423e+07

Routing area (in minimum width transistor areas)...
	Total routing area: 2.91960e+06, per logic tile: 3244.00

Total Number of Wiring Segments by Direction: direction length number
                                              --------- ------ -------
                                                      X      4   9888
                                                      Y      4   9888

X - Directed Wiring Segment usage by length: length utilization
                                             ------ -----------
                                             4       0.649

Y - Directed Wiring Segment usage by length: length utilization
                                             ------ -----------
                                             4       0.659

Segment occupancy by length: Length utilization
                             ------ -----------
                             L4           0.654

Segment occupancy by type:              name type utilization
                           ----------------- ---- -----------
                           unnamed_segment_0    0       0.654

Final hold Worst Negative Slack (hWNS): 0 ns
Final hold Total Negative Slack (hTNS): 0 ns

Final hold slack histogram:
[  5.8e-11:  5.8e-10) 241 ( 16.9%) |*****************************
[  5.8e-10:  1.1e-09) 364 ( 25.5%) |********************************************
[  1.1e-09:  1.6e-09) 391 ( 27.4%) |***********************************************
[  1.6e-09:  2.2e-09) 265 ( 18.6%) |********************************
[  2.2e-09:  2.7e-09) 108 (  7.6%) |*************
[  2.7e-09:  3.2e-09)  47 (  3.3%) |******
[  3.2e-09:  3.7e-09)   8 (  0.6%) |*
[  3.7e-09:  4.3e-09)   2 (  0.1%) |
[  4.3e-09:  4.8e-09)   1 (  0.1%) |
[  4.8e-09:  5.3e-09)   1 (  0.1%) |

Final critical path delay (least slack): 18.8496 ns, Fmax: 53.0516 MHz
Final setup Worst Negative Slack (sWNS): -18.8496 ns
Final setup Total Negative Slack (sTNS): -14093 ns

Final setup slack histogram:
[ -1.9e-08: -1.7e-08)  11 (  0.8%) |**
[ -1.7e-08: -1.5e-08) 112 (  7.8%) |*****************
[ -1.5e-08: -1.3e-08) 301 ( 21.1%) |***********************************************
[ -1.3e-08: -1.2e-08) 249 ( 17.4%) |***************************************
[ -1.2e-08: -9.7e-09) 168 ( 11.8%) |**************************
[ -9.7e-09: -7.9e-09) 131 (  9.2%) |********************
[ -7.9e-09:   -6e-09) 117 (  8.2%) |******************
[   -6e-09: -4.2e-09)  88 (  6.2%) |**************
[ -4.2e-09: -2.4e-09)  93 (  6.5%) |***************
[ -2.4e-09: -5.4e-10) 158 ( 11.1%) |*************************

Final geomean non-virtual intra-domain period: 18.8496 ns (53.0516 MHz)
Final fanout-weighted geomean non-virtual intra-domain period: 18.8496 ns (53.0516 MHz)

Incr Slack updates 1 in 0.000273945 sec
Full Max Req/Worst Slack updates 1 in 1.4207e-05 sec
Incr Max Req/Worst Slack updates 0 in 0 sec
Incr Criticality updates 0 in 0 sec
Full Criticality updates 1 in 0.000369153 sec
Flow timing analysis took 1.4563 seconds (1.24137 STA, 0.214933 slack) (241 full updates: 72 setup, 0 hold, 169 combined).
VPR succeeded
The entire flow of VPR took 16.06 seconds (max_rss 146.9 MiB)
Incr Slack updates 168 in 0.0376217 sec
Full Max Req/Worst Slack updates 34 in 0.000484713 sec
Incr Max Req/Worst Slack updates 134 in 0.00241321 sec
Incr Criticality updates 98 in 0.0254385 sec
Full Criticality updates 70 in 0.0281808 sec
