#Packing pin usage report
Type: io
	Input Pin Usage:
		Max: 1.00 (0.50)
		Avg: 0.30 (0.15)
		Min: 0.00 (0.00)
		Histogram:
		[        0:      0.2) 2566 ( 70.0%) |**********************************************
		[      0.2:      0.4)    0 (  0.0%) |
		[      0.4:      0.6)    0 (  0.0%) |
		[      0.6:      0.8)    0 (  0.0%) |
		[      0.8:        1) 1100 ( 30.0%) |********************
		[        1:      1.2)    0 (  0.0%) |
		[      1.2:      1.4)    0 (  0.0%) |
		[      1.4:      1.6)    0 (  0.0%) |
		[      1.6:      1.8)    0 (  0.0%) |
		[      1.8:        2)    0 (  0.0%) |
	Output Pin Usage:
		Max: 1.00 (1.00)
		Avg: 0.70 (0.70)
		Min: 0.00 (0.00)
		Histogram:
		[        0:      0.1) 1100 ( 30.0%) |********************
		[      0.1:      0.2)    0 (  0.0%) |
		[      0.2:      0.3)    0 (  0.0%) |
		[      0.3:      0.4)    0 (  0.0%) |
		[      0.4:      0.5)    0 (  0.0%) |
		[      0.5:      0.6)    0 (  0.0%) |
		[      0.6:      0.7)    0 (  0.0%) |
		[      0.7:      0.8)    0 (  0.0%) |
		[      0.8:      0.9)    0 (  0.0%) |
		[      0.9:        1) 2566 ( 70.0%) |**********************************************

Type: clb
	Input Pin Usage:
		Max: 43.00 (0.80)
		Avg: 34.01 (0.63)
		Min: 3.00 (0.06)
		Histogram:
		[        0:      5.4)  17 (  7.3%) |*******
		[      5.4:       11)   8 (  3.4%) |***
		[       11:       16)   1 (  0.4%) |
		[       16:       22)   2 (  0.9%) |*
		[       22:       27)   0 (  0.0%) |
		[       27:       32)  10 (  4.3%) |****
		[       32:       38)  75 ( 32.2%) |*****************************
		[       38:       43) 120 ( 51.5%) |***********************************************
		[       43:       49)   0 (  0.0%) |
		[       49:       54)   0 (  0.0%) |
	Output Pin Usage:
		Max: 19.00 (0.90)
		Avg: 12.97 (0.62)
		Min: 1.00 (0.05)
		Histogram:
		[        0:      2.1) 23 (  9.9%) |****************
		[      2.1:      4.2)  2 (  0.9%) |*
		[      4.2:      6.3)  3 (  1.3%) |**
		[      6.3:      8.4)  0 (  0.0%) |
		[      8.4:       10)  9 (  3.9%) |******
		[       10:       13) 33 ( 14.2%) |**********************
		[       13:       15) 52 ( 22.3%) |***********************************
		[       15:       17) 71 ( 30.5%) |************************************************
		[       17:       19) 38 ( 16.3%) |**************************
		[       19:       21)  2 (  0.9%) |*

