VPR FPGA Placement and Routing.
Version: 8.1.0-dev+unkown
Revision: unkown
Compiled: 2023-11-16T17:20:44
Compiler: GNU 11.4.0 on Linux-6.2.0-36-generic x86_64
Build Info: release IPO VTR_ASSERT_LEVEL=2

University of Toronto
verilogtorouting.org
vtr-users@googlegroups.com
This is free open source code under MIT license.

VPR was run with the following command-line:
/home/xiaokewan/Software/vtr-verilog-to-routing-master/vpr/vpr /home/xiaokewan/Software/vtr-verilog-to-routing-master/vtr_flow/arch/timing/EArch.xml ../../rent_exp_0.84.blif


Architecture file: /home/xiaokewan/Software/vtr-verilog-to-routing-master/vtr_flow/arch/timing/EArch.xml
Circuit name: rent_exp_0.84

# Loading Architecture Description
# Loading Architecture Description took 0.00 seconds (max_rss 17.1 MiB, delta_rss +2.1 MiB)

Timing analysis: ON
Circuit netlist file: rent_exp_0.84.net
Circuit placement file: rent_exp_0.84.place
Circuit routing file: rent_exp_0.84.route
Circuit SDC file: rent_exp_0.84.sdc
Vpr floorplanning constraints file: not specified

Packer: ENABLED
Placer: ENABLED
Router: ENABLED
Analysis: ENABLED

VPR was run with the following options:

NetlistOpts.abosrb_buffer_luts            : true
NetlistOpts.sweep_dangling_primary_ios    : true
NetlistOpts.sweep_dangling_nets           : true
NetlistOpts.sweep_dangling_blocks         : true
NetlistOpts.sweep_constant_primary_outputs: false
NetlistOpts.netlist_verbosity             : 1
NetlistOpts.const_gen_inference           : COMB_SEQ

PackerOpts.allow_unrelated_clustering: auto
PackerOpts.alpha_clustering: 0.750000
PackerOpts.beta_clustering: 0.900000
PackerOpts.cluster_seed_type: BLEND2
PackerOpts.connection_driven: true
PackerOpts.global_clocks: true
PackerOpts.hill_climbing_flag: false
PackerOpts.inter_cluster_net_delay: 1.000000
PackerOpts.timing_driven: true
PackerOpts.target_external_pin_util: auto

PlacerOpts.place_freq: PLACE_ONCE
PlacerOpts.place_algorithm: CRITICALITY_TIMING_PLACE
PlacerOpts.pad_loc_type: FREE
PlacerOpts.constraints_file: No constraints file given
PlacerOpts.place_cost_exp: 1.000000
PlacerOpts.place_chan_width: 100
PlacerOpts.inner_loop_recompute_divider: 0
PlacerOpts.recompute_crit_iter: 1
PlacerOpts.timing_tradeoff: 0.500000
PlacerOpts.td_place_exp_first: 1.000000
PlacerOpts.td_place_exp_last: 8.000000
PlacerOpts.delay_offset: 0.000000
PlacerOpts.delay_ramp_delta_threshold: -1
PlacerOpts.delay_ramp_slope: 0.000000
PlacerOpts.tsu_rel_margin: 1.000000
PlacerOpts.tsu_abs_margin: 0.000000
PlacerOpts.post_place_timing_report_file: 
PlacerOpts.allowed_tiles_for_delay_model: 
PlacerOpts.delay_model_reducer: MIN
PlacerOpts.delay_model_type: DELTA
PlacerOpts.rlim_escape_fraction: 0.000000
PlacerOpts.move_stats_file: 
PlacerOpts.placement_saves_per_temperature: 0
PlacerOpts.effort_scaling: CIRCUIT
PlacerOpts.place_delta_delay_matrix_calculation_method: ASTAR_ROUTE
PlaceOpts.seed: 1
AnnealSched.type: AUTO_SCHED
AnnealSched.inner_num: 0.500000

RouterOpts.route_type: DETAILED
RouterOpts.flat_routing: false
RouterOpts.has_choking_spot: false
RouterOpts.router_algorithm: TIMING_DRIVEN
RouterOpts.base_cost_type: DELAY_NORMALIZED_LENGTH
RouterOpts.fixed_channel_width: NO_FIXED_CHANNEL_WIDTH
RouterOpts.check_route: FULL
RouterOpts.acc_fac: 1.000000
RouterOpts.bb_factor: 3
RouterOpts.bend_cost: 0.000000
RouterOpts.first_iter_pres_fac: 0.000000
RouterOpts.initial_pres_fac: 0.500000
RouterOpts.pres_fac_mult: 1.300000
RouterOpts.max_router_iterations: 50
RouterOpts.min_incremental_reroute_fanout: 16
RouterOpts.do_check_rr_graph: true
RouterOpts.verify_binary_search: false
RouterOpts.min_channel_width_hint: 0
RouterOpts.read_rr_edge_metadata: false
RouterOpts.exit_after_first_routing_iteration: false
RouterOpts.astar_fac: 1.200000
RouterOpts.router_profiler_astar_fac: 1.200000
RouterOpts.criticality_exp: 1.000000
RouterOpts.max_criticality: 0.990000
RouterOpts.init_wirelength_abort_threshold: 0.850000
RouterOpts.save_routing_per_iteration: false
RouterOpts.congested_routing_iteration_threshold_frac: 1.000000
RouterOpts.high_fanout_threshold: 64
RouterOpts.router_debug_net: -2
RouterOpts.router_debug_sink_rr: -2
RouterOpts.router_debug_iteration: -2
RouterOpts.max_convergence_count: 1
RouterOpts.reconvergence_cpd_threshold: 0.990000
RouterOpts.update_lower_bound_delays: true
RouterOpts.first_iteration_timing_report_file: 
RouterOpts.incr_reroute_delay_ripup: AUTO
RouterOpts.route_bb_update: DYNAMIC
RouterOpts.lookahead_type: MAP
RouterOpts.initial_timing: LOOKAHEAD
RouterOpts.router_heap: BINARY_HEAP
RouterOpts.routing_failure_predictor = SAFE
RouterOpts.routing_budgets_algorithm = DISABLE

AnalysisOpts.gen_post_synthesis_netlist: false
AnalysisOpts.timing_report_npaths: 100
AnalysisOpts.timing_report_skew: false
AnalysisOpts.echo_dot_timing_graph_node: -1
AnalysisOpts.timing_report_detail: NETLIST
AnalysisOpts.post_synth_netlist_unconn_input_handling: UNCONNECTED
AnalysisOpts.post_synth_netlist_unconn_output_handling: UNCONNECTED

# Building complex block graph
Warning 1: io[0].clock[0] unconnected pin in architecture.
# Building complex block graph took 0.01 seconds (max_rss 24.8 MiB, delta_rss +7.5 MiB)
Circuit file: ../../rent_exp_0.84.blif
# Load circuit
# Load circuit took 0.04 seconds (max_rss 47.7 MiB, delta_rss +22.9 MiB)
# Clean circuit
Absorbed 0 LUT buffers
Inferred    0 additional primitive pins as constant generators since they have no combinationally connected inputs
Inferred    0 additional primitive pins as constant generators due to constant inputs
Swept input(s)      : 0
Swept output(s)     : 0 (0 dangling, 0 constant)
Swept net(s)        : 0
Swept block(s)      : 0
Constant Pins Marked: 0
# Clean circuit took 0.00 seconds (max_rss 47.7 MiB, delta_rss +0.0 MiB)
# Compress circuit
# Compress circuit took 0.01 seconds (max_rss 47.7 MiB, delta_rss +0.0 MiB)
# Verify circuit
# Verify circuit took 0.00 seconds (max_rss 47.7 MiB, delta_rss +0.0 MiB)
Circuit Statistics:
  Blocks: 16790
    .input :    3825
    .latch :    1572
    .output:    2393
    6-LUT  :    9000
  Nets  : 14397
    Avg Fanout:     1.7
    Max Fanout:  1572.0
    Min Fanout:     1.0
  Netlist Clocks: 1
# Build Timing Graph
  Timing Graph Nodes: 38934
  Timing Graph Edges: 46681
  Timing Graph Levels: 84
# Build Timing Graph took 0.02 seconds (max_rss 50.4 MiB, delta_rss +0.9 MiB)
Netlist contains 1 clocks
  Netlist Clock 'pclk' Fanout: 1572 pins (4.0%), 1572 blocks (9.4%)
# Load Timing Constraints

SDC file 'rent_exp_0.84.sdc' not found
Setting default timing constraints:
   * constrain all primay inputs and primary outputs on netlist clock 'pclk'
   * optimize netlist clock to run as fast as possible
Timing constraints created 1 clocks
  Constrained Clock 'pclk' Source: 'pclk.inpad[0]'

# Load Timing Constraints took 0.00 seconds (max_rss 50.4 MiB, delta_rss +0.0 MiB)
# Packing
Begin packing '../../rent_exp_0.84.blif'.

After removing unused inputs...
	total blocks: 16790, total nets: 14397, total inputs: 3825, total outputs: 2393
Begin prepacking.

There is one chain in this architecture called "chain" with the following starting points:
	clb[0]/fle[0]/lut5inter[0]/ble5[0]/arithmetic[0]/adder[0].cin[0]

0 attraction groups were created during prepacking.
Finish prepacking.
Using inter-cluster delay: 1.33777e-09
Packing with pin utilization targets: io:1,1 clb:0.8,1 mult_36:1,1 memory:1,1
Packing with high fanout thresholds: io:128 clb:32 mult_36:128 memory:128
Starting Clustering - Clustering Progress: 
-------------------   --------------------------   ---------
Molecules processed   Number of clusters created   FPGA size
-------------------   --------------------------   ---------
   662/16565     3%                           34     9 x 9     
  1324/16565     7%                           67    12 x 12    
  1986/16565    11%                          100    14 x 14    
  2648/16565    15%                          133    16 x 16    
  3310/16565    19%                          166    18 x 18    
  3972/16565    23%                          199    19 x 19    
  4634/16565    27%                          232    20 x 20    
  5296/16565    31%                          265    21 x 21    
  5958/16565    35%                          298    22 x 22    
  6620/16565    39%                          331    23 x 23    
  7282/16565    43%                          365    25 x 25    
  7944/16565    47%                          398    26 x 26    
  8606/16565    51%                          431    26 x 26    
  9268/16565    55%                          464    27 x 27    
  9930/16565    59%                          499    29 x 29    
 10592/16565    63%                          833    31 x 31    
 11254/16565    67%                         1495    31 x 31    
 11916/16565    71%                         2157    52 x 52    
 12578/16565    75%                         2819    72 x 72    
 13240/16565    79%                         3481    93 x 93    
 13902/16565    83%                         4143   114 x 114   
 14564/16565    87%                         4805   134 x 134   
 15226/16565    91%                         5467   155 x 155   
 15888/16565    95%                         6129   176 x 176   
 16550/16565    99%                         6791   196 x 196   

Logic Element (fle) detailed count:
  Total number of Logic Elements used : 5202
  LEs used for logic and registers    : 1276
  LEs used for logic only             : 3769
  LEs used for registers only         : 157

Incr Slack updates 1 in 0.000552098 sec
Full Max Req/Worst Slack updates 1 in 3.745e-05 sec
Incr Max Req/Worst Slack updates 0 in 0 sec
Incr Criticality updates 0 in 0 sec
Full Criticality updates 1 in 0.00121416 sec
FPGA sized to 197 x 197 (auto)
Device Utilization: 0.04 (target 1.00)
	Block Utilization: 1.00 Type: io
	Block Utilization: 0.02 Type: clb

Start the iterative improvement process
the iterative improvement process is done
Final Clustering Statistics: 
----------   --------   ------------------------------------   --------------------------
Block Type   # Blocks   Avg. # of input clocks and pins used   Avg. # of output pins used
----------   --------   ------------------------------------   --------------------------
     EMPTY          0                                      0                            0   
        io       6218                                0.38485                      0.61515   
       clb        589                                20.2105                      13.3939   
   mult_36          0                                      0                            0   
    memory          0                                      0                            0   
Absorbed logical nets 2683 out of 14397 nets, 11714 nets not absorbed.

Netlist conversion complete.

# Packing took 15.35 seconds (max_rss 135.7 MiB, delta_rss +85.3 MiB)
# Load packing
Begin loading packed FPGA netlist file.
Netlist generated from file 'rent_exp_0.84.net'.
Detected 0 constant generators (to see names run with higher pack verbosity)
Finished loading packed FPGA netlist file (took 0.453561 seconds).
Warning 2: Treated 0 constant nets as global which will not be routed (to see net names increase packer verbosity).
# Load packing took 0.47 seconds (max_rss 173.3 MiB, delta_rss +37.6 MiB)
Warning 3: Netlist contains 0 global net to non-global architecture pin connections

Pb types usage...
  io              : 6218
   inpad          : 3825
   outpad         : 2393
  clb             : 589
   fle            : 5202
    lut5inter     : 5202
     ble5         : 10347
      flut5       : 10347
       lut5       : 9000
        lut       : 9000
       ff         : 1572

# Create Device
## Build Device Grid
FPGA sized to 197 x 197: 38809 grid tiles (auto)

Resource usage...
	Netlist
		6218	blocks of type: io
	Architecture
		6240	blocks of type: io
	Netlist
		589	blocks of type: clb
	Architecture
		28470	blocks of type: clb
	Netlist
		0	blocks of type: mult_36
	Architecture
		1152	blocks of type: mult_36
	Netlist
		0	blocks of type: memory
	Architecture
		800	blocks of type: memory

Device Utilization: 0.04 (target 1.00)
	Physical Tile io:
	Block Utilization: 1.00 Logical Block: io
	Physical Tile clb:
	Block Utilization: 0.02 Logical Block: clb
	Physical Tile mult_36:
	Block Utilization: 0.00 Logical Block: mult_36
	Physical Tile memory:
	Block Utilization: 0.00 Logical Block: memory

FPGA size limited by block type(s): io

## Build Device Grid took 0.18 seconds (max_rss 173.3 MiB, delta_rss +0.0 MiB)
## Build routing resource graph
SOURCE->OPIN and IPIN->SINK edge count:2448658
OPIN->CHANX/CHANY edge count before creating direct connections: 7097840
OPIN->CHANX/CHANY edge count after creating direct connections: 7126164
CHAN->CHAN type edge count:40077209
## Build routing resource graph took 17.44 seconds (max_rss 2087.8 MiB, delta_rss +1914.5 MiB)
  RR Graph Nodes: 5471156
  RR Graph Edges: 49652031
# Create Device took 18.10 seconds (max_rss 2087.8 MiB, delta_rss +1914.5 MiB)

# Computing router lookahead map
## Computing wire lookahead
## Computing wire lookahead took 68.24 seconds (max_rss 2087.8 MiB, delta_rss +0.0 MiB)
## Computing src/opin lookahead
## Computing src/opin lookahead took 0.00 seconds (max_rss 2087.8 MiB, delta_rss +0.0 MiB)
# Computing router lookahead map took 68.24 seconds (max_rss 2087.8 MiB, delta_rss +0.0 MiB)
# Computing placement delta delay look-up
## Build routing resource graph
SOURCE->OPIN and IPIN->SINK edge count:2448658
OPIN->CHANX/CHANY edge count before creating direct connections: 21293520
OPIN->CHANX/CHANY edge count after creating direct connections: 21321844
CHAN->CHAN type edge count:119909329
## Build routing resource graph took 72.61 seconds (max_rss 5299.4 MiB, delta_rss +3211.6 MiB)
  RR Graph Nodes: 9351956
  RR Graph Edges: 143679831
## Computing router lookahead map
### Computing wire lookahead
### Computing wire lookahead took 201.12 seconds (max_rss 5299.4 MiB, delta_rss +0.0 MiB)
### Computing src/opin lookahead
### Computing src/opin lookahead took 0.00 seconds (max_rss 5299.4 MiB, delta_rss +0.0 MiB)
## Computing router lookahead map took 201.12 seconds (max_rss 5299.4 MiB, delta_rss +0.0 MiB)
## Computing delta delays
## Computing delta delays took 11.39 seconds (max_rss 5299.4 MiB, delta_rss +0.0 MiB)
# Computing placement delta delay look-up took 286.05 seconds (max_rss 5299.4 MiB, delta_rss +3211.6 MiB)

Bounding box mode is Cube

Using simple RL 'Softmax agent' for choosing move and block types
# Placement
## Initial Placement
Initial placement iteration 0 has finished successfully
## Initial Placement took 0.02 seconds (max_rss 5299.4 MiB, delta_rss +0.0 MiB)

There are 13772 point to point connections in this circuit.


BB estimate of min-dist (placement) wire length: 1256956

Completed placement consistency check successfully.
Initial placement cost: 1 bb_cost: 4189.85 td_cost: 2.08475e-05
Initial placement estimated Critical Path Delay (CPD): 94.0736 ns
Initial placement estimated setup Total Negative Slack (sTNS): -145152 ns
Initial placement estimated setup Worst Negative Slack (sWNS): -94.0736 ns

Initial placement estimated setup slack histogram:
[ -9.4e-08: -8.5e-08)  31 (  0.8%) |**
[ -8.5e-08: -7.5e-08) 107 (  2.7%) |********
[ -7.5e-08: -6.6e-08) 314 (  7.9%) |************************
[ -6.6e-08: -5.7e-08) 495 ( 12.5%) |**************************************
[ -5.7e-08: -4.7e-08) 489 ( 12.3%) |**************************************
[ -4.7e-08: -3.8e-08) 413 ( 10.4%) |********************************
[ -3.8e-08: -2.9e-08) 487 ( 12.3%) |**************************************
[ -2.9e-08: -1.9e-08) 456 ( 11.5%) |***********************************
[ -1.9e-08: -9.9e-09) 568 ( 14.3%) |********************************************
[ -9.9e-09: -5.4e-10) 605 ( 15.3%) |***********************************************
Placement contains 0 placement macros involving 0 blocks (average macro size -nan)

Moves per temperature: 64483
Warning 4: Starting t: 2665 of 6807 configurations accepted.

---- ------ ------- ------- ---------- ---------- ------- ---------- -------- ------- ------- ------ -------- --------- ------
Tnum   Time       T Av Cost Av BB Cost Av TD Cost     CPD       sTNS     sWNS Ac Rate Std Dev  R lim Crit Exp Tot Moves  Alpha
      (sec)                                          (ns)       (ns)     (ns)                                                 
---- ------ ------- ------- ---------- ---------- ------- ---------- -------- ------- ------- ------ -------- --------- ------
   1    0.2 6.3e-04   0.989    3694.05 1.7904e-05  73.640  -1.16e+05  -73.640   0.960  0.0158  196.0     1.00     64483  0.200
   2    0.2 3.2e-04   0.963    3566.93 2.0884e-05  54.528  -1.02e+05  -54.528   0.945  0.0100  196.0     1.00    128966  0.500
   3    0.2 2.8e-04   0.990    3512.58 2.1876e-05  45.524  -8.97e+04  -45.524   0.941  0.0033  196.0     1.00    193449  0.900
   4    0.2 2.6e-04   0.993    3503.68 2.2774e-05  42.518  -8.61e+04  -42.518   0.940  0.0023  196.0     1.00    257932  0.900
   5    0.2 2.3e-04   0.992    3483.71 2.2216e-05  43.106  -8.76e+04  -43.106   0.934  0.0023  196.0     1.00    322415  0.900
   6    0.2 2.1e-04   0.996    3475.57 2.1905e-05  42.703  -8.61e+04  -42.703   0.928  0.0018  196.0     1.00    386898  0.900
   7    0.2 1.9e-04   0.991    3452.63 2.0922e-05  44.993  -8.58e+04  -44.993   0.924  0.0026  196.0     1.00    451381  0.900
   8    0.2 1.7e-04   0.993    3453.83 2.1686e-05  42.622  -8.43e+04  -42.622   0.916  0.0018  196.0     1.00    515864  0.900
   9    0.2 1.5e-04   0.993    3448.32 2.1131e-05  43.725  -8.48e+04  -43.725   0.910  0.0019  196.0     1.00    580347  0.900
  10    0.2 1.4e-04   0.992    3434.27 2.1695e-05  42.061  -8.37e+04  -42.061   0.901  0.0031  196.0     1.00    644830  0.900
  11    0.2 1.2e-04   0.993    3417.14 2.2467e-05  39.801  -8.26e+04  -39.801   0.895  0.0022  196.0     1.00    709313  0.900
  12    0.2 1.1e-04   0.991    3403.57 2.2171e-05  39.860   -8.2e+04  -39.860   0.887  0.0034  196.0     1.00    773796  0.900
  13    0.2 9.9e-05   0.989    3377.90 2.2742e-05  38.297  -8.06e+04  -38.297   0.876  0.0027  196.0     1.00    838279  0.900
  14    0.2 8.9e-05   0.989    3358.44 2.142e-05   39.644  -7.97e+04  -39.644   0.864  0.0025  196.0     1.00    902762  0.900
  15    0.2 8.0e-05   0.993    3347.64 2.2139e-05  38.233  -7.96e+04  -38.233   0.856  0.0023  196.0     1.00    967245  0.900
  16    0.2 7.2e-05   0.991    3327.58 2.2414e-05  36.801  -7.73e+04  -36.801   0.844  0.0032  196.0     1.00   1031728  0.900
  17    0.2 6.5e-05   0.994    3314.81 2.16e-05    37.963  -7.76e+04  -37.963   0.831  0.0021  196.0     1.00   1096211  0.900
  18    0.2 5.8e-05   0.992    3294.27 2.1633e-05  37.644  -7.79e+04  -37.644   0.814  0.0025  196.0     1.00   1160694  0.900
  19    0.2 5.3e-05   0.992    3280.28 2.0085e-05  39.940  -7.73e+04  -39.940   0.792  0.0023  196.0     1.00   1225177  0.900
  20    0.2 5.0e-05   0.993    3278.09 2.1456e-05  37.325  -7.77e+04  -37.325   0.789  0.0015  196.0     1.00   1289660  0.950
  21    0.2 4.7e-05   0.993    3271.91 2.2122e-05  36.151  -7.73e+04  -36.151   0.785  0.0015  196.0     1.00   1354143  0.950
  22    0.2 4.5e-05   0.993    3260.56 2.2133e-05  35.987   -7.8e+04  -35.987   0.777  0.0024  196.0     1.00   1418626  0.950
  23    0.2 4.3e-05   0.994    3253.91 2.1968e-05  35.781  -7.69e+04  -35.781   0.769  0.0017  196.0     1.00   1483109  0.950
  24    0.2 4.1e-05   0.992    3236.38 2.1804e-05  35.595  -7.61e+04  -35.595   0.758  0.0017  196.0     1.00   1547592  0.950
  25    0.2 3.9e-05   0.995    3234.93 2.1856e-05  35.354  -7.56e+04  -35.354   0.749  0.0018  196.0     1.00   1612075  0.950
  26    0.2 3.7e-05   0.992    3223.73 2.1757e-05  35.732  -7.61e+04  -35.732   0.738  0.0027  196.0     1.00   1676558  0.950
  27    0.2 3.5e-05   0.994    3214.67 2.1128e-05  36.257  -7.59e+04  -36.257   0.725  0.0020  196.0     1.00   1741041  0.950
  28    0.2 3.3e-05   0.991    3194.17 2.0737e-05  36.987  -7.58e+04  -36.987   0.716  0.0028  196.0     1.00   1805524  0.950
  29    0.2 3.1e-05   0.993    3181.49 1.8608e-05  41.688   -7.8e+04  -41.688   0.696  0.0022  196.0     1.00   1870007  0.950
  30    0.2 3.0e-05   0.994    3174.05 1.8606e-05  41.175  -7.73e+04  -41.175   0.686  0.0017  196.0     1.00   1934490  0.950
  31    0.2 2.8e-05   0.992    3162.94 2.1041e-05  36.024   -7.7e+04  -36.024   0.678  0.0028  196.0     1.00   1998973  0.950
  32    0.2 2.7e-05   0.994    3151.56 1.9004e-05  40.115  -7.71e+04  -40.115   0.662  0.0016  196.0     1.00   2063456  0.950
  33    0.2 2.6e-05   0.995    3147.98 2.0378e-05  36.991   -7.7e+04  -36.991   0.657  0.0018  196.0     1.00   2127939  0.950
  34    0.2 2.4e-05   0.991    3133.23 1.9696e-05  37.674  -7.57e+04  -37.674   0.650  0.0030  196.0     1.00   2192422  0.950
  35    0.2 2.3e-05   0.993    3117.29 1.8314e-05  40.643  -7.59e+04  -40.643   0.627  0.0023  196.0     1.00   2256905  0.950
  36    0.2 2.2e-05   0.993    3100.11 1.8771e-05  39.196  -7.63e+04  -39.196   0.617  0.0019  196.0     1.00   2321388  0.950
  37    0.2 2.1e-05   0.993    3090.10 2.0125e-05  36.374  -7.49e+04  -36.374   0.607  0.0032  196.0     1.00   2385871  0.950
  38    0.2 2.0e-05   0.992    3069.64 1.9521e-05  36.841  -7.45e+04  -36.841   0.592  0.0028  196.0     1.00   2450354  0.950
  39    0.2 1.9e-05   0.992    3053.91 1.9947e-05  35.749  -7.48e+04  -35.749   0.580  0.0030  196.0     1.00   2514837  0.950
  40    0.2 1.8e-05   0.993    3040.03 1.9407e-05  36.788   -7.6e+04  -36.788   0.564  0.0031  196.0     1.00   2579320  0.950
  41    0.2 1.7e-05   0.994    3025.16 1.8847e-05  37.360  -7.39e+04  -37.360   0.547  0.0021  196.0     1.00   2643803  0.950
  42    0.2 1.6e-05   0.993    3011.43 1.9107e-05  36.931   -7.4e+04  -36.931   0.535  0.0027  196.0     1.00   2708286  0.950
  43    0.2 1.5e-05   0.993    2997.57 1.7369e-05  40.574   -7.5e+04  -40.574   0.515  0.0023  196.0     1.00   2772769  0.950
  44    0.2 1.5e-05   0.992    2980.81 1.9021e-05  36.467  -7.45e+04  -36.467   0.506  0.0030  196.0     1.00   2837252  0.950
  45    0.2 1.4e-05   0.993    2966.13 1.7944e-05  38.133   -7.5e+04  -38.133   0.491  0.0025  196.0     1.00   2901735  0.950
  46    0.2 1.3e-05   0.994    2951.42 1.8017e-05  37.471  -7.35e+04  -37.471   0.480  0.0021  196.0     1.00   2966218  0.950
  47    0.2 1.3e-05   0.994    2940.49 1.767e-05   38.339  -7.35e+04  -38.339   0.460  0.0020  196.0     1.00   3030701  0.950
  48    0.2 1.2e-05   0.995    2928.91 1.8326e-05  36.500   -7.3e+04  -36.500   0.448  0.0017  196.0     1.00   3095184  0.950
  49    0.2 1.1e-05   0.994    2918.70 1.7032e-05  39.372  -7.39e+04  -39.372   0.433  0.0024  196.0     1.00   3159667  0.950
  50    0.2 1.1e-05   0.993    2907.60 1.7656e-05  36.319  -7.31e+04  -36.319   0.422  0.0025  194.7     1.05   3224150  0.950
  51    0.2 1.0e-05   0.993    2896.39 1.6485e-05  36.154  -7.35e+04  -36.154   0.392  0.0025  191.1     1.17   3288633  0.950
  52    0.2 9.7e-06   0.990    2887.06 1.3357e-05  37.560  -7.28e+04  -37.560   0.354  0.0037  182.0     1.50   3353116  0.950
  53    0.2 9.2e-06   0.990    2881.23 1.0511e-05  36.436  -7.22e+04  -36.436   0.311  0.0037  166.2     2.07   3417599  0.950
  54    0.2 8.7e-06   0.990    2877.58 7.5762e-06  35.810  -7.13e+04  -35.810   0.281  0.0040  144.7     2.84   3482082  0.950
  55    0.2 8.3e-06   0.989    2873.69 6.775e-06   32.767  -6.91e+04  -32.767   0.261  0.0042  121.7     3.67   3546565  0.950
  56    0.2 7.9e-06   0.989    2869.05 4.1964e-06  35.476  -6.99e+04  -35.476   0.253  0.0045  100.0     4.45   3611048  0.950
  57    0.2 7.5e-06   0.991    2865.36 4.4731e-06  32.240  -6.79e+04  -32.240   0.251  0.0037   81.3     5.12   3675531  0.950
  58    0.2 7.1e-06   0.993    2862.30 4.0183e-06  31.878   -6.8e+04  -31.878   0.251  0.0033   65.9     5.67   3740014  0.950
  59    0.2 6.8e-06   0.993    2857.37 3.5679e-06  31.770  -6.74e+04  -31.770   0.248  0.0027   53.5     6.12   3804497  0.950
  60    0.2 6.4e-06   0.994    2854.69 3.1804e-06  31.890  -6.73e+04  -31.890   0.236  0.0023   43.2     6.48   3868980  0.950
  61    0.2 6.1e-06   0.994    2852.73 3.3356e-06  31.149  -6.72e+04  -31.149   0.241  0.0026   34.4     6.80   3933463  0.950
  62    0.2 5.8e-06   0.996    2849.93 3.0763e-06  31.296  -6.71e+04  -31.296   0.475  0.0017   27.6     7.05   3997946  0.950
  63    0.2 5.5e-06   0.997    2844.11 3.2025e-06  31.024  -6.69e+04  -31.024   0.461  0.0015   28.5     7.01   4062429  0.950
  64    0.2 5.2e-06   0.997    2838.92 3.1287e-06  31.077  -6.68e+04  -31.077   0.452  0.0014   29.1     6.99   4126912  0.950
  65    0.2 5.0e-06   0.995    2835.06 3.1206e-06  31.107   -6.7e+04  -31.107   0.212  0.0023   29.5     6.98   4191395  0.950
  66    0.2 4.7e-06   0.996    2829.38 2.9055e-06  31.101  -6.67e+04  -31.101   0.434  0.0014   22.8     7.22   4255878  0.950
  67    0.2 4.5e-06   0.998    2825.65 2.9239e-06  30.999  -6.66e+04  -30.999   0.425  0.0009   22.6     7.22   4320361  0.950
  68    0.2 4.3e-06   0.998    2821.10 2.961e-06   31.018  -6.67e+04  -31.018   0.417  0.0010   22.3     7.24   4384844  0.950
  69    0.2 4.0e-06   0.998    2818.20 2.8751e-06  31.040  -6.66e+04  -31.040   0.409  0.0007   21.8     7.25   4449327  0.950
  70    0.2 3.8e-06   0.998    2816.12 2.7851e-06  31.109  -6.65e+04  -31.109   0.402  0.0009   21.1     7.28   4513810  0.950
  71    0.2 3.7e-06   0.998    2812.64 2.7864e-06  31.066  -6.65e+04  -31.066   0.395  0.0007   20.3     7.31   4578293  0.950
  72    0.2 3.5e-06   0.998    2809.91 2.9603e-06  30.717  -6.63e+04  -30.717   0.388  0.0006   19.4     7.34   4642776  0.950
  73    0.2 3.3e-06   0.998    2807.39 2.8334e-06  30.854  -6.64e+04  -30.854   0.380  0.0007   18.4     7.38   4707259  0.950
  74    0.2 3.1e-06   0.999    2805.82 2.9743e-06  30.608  -6.64e+04  -30.608   0.376  0.0006   17.3     7.41   4771742  0.950
  75    0.2 3.0e-06   0.999    2803.85 2.9946e-06  30.506  -6.63e+04  -30.506   0.364  0.0005   16.2     7.45   4836225  0.950
  76    0.2 2.8e-06   0.999    2802.61 2.9511e-06  30.506  -6.63e+04  -30.506   0.367  0.0005   15.0     7.50   4900708  0.950
  77    0.2 2.7e-06   0.999    2801.15 2.8538e-06  30.604  -6.63e+04  -30.604   0.359  0.0006   13.9     7.54   4965191  0.950
  78    0.2 2.5e-06   0.999    2799.29 2.8388e-06  30.571  -6.63e+04  -30.571   0.351  0.0005   12.7     7.58   5029674  0.950
  79    0.2 2.4e-06   0.999    2797.49 2.8165e-06  30.571  -6.62e+04  -30.571   0.348  0.0005   11.6     7.62   5094157  0.950
  80    0.2 2.3e-06   0.999    2795.88 2.7684e-06  30.571  -6.62e+04  -30.571   0.342  0.0004   10.5     7.66   5158640  0.950
  81    0.2 2.2e-06   0.999    2794.76 2.8101e-06  30.502  -6.62e+04  -30.502   0.338  0.0004    9.5     7.69   5223123  0.950
  82    0.2 2.1e-06   0.999    2794.37 2.7751e-06  30.512  -6.61e+04  -30.512   0.332  0.0004    8.5     7.73   5287606  0.950
  83    0.2 2.0e-06   0.999    2792.82 2.6579e-06  30.659  -6.61e+04  -30.659   0.330  0.0004    7.6     7.76   5352089  0.950
  84    0.2 1.9e-06   0.999    2792.16 2.6373e-06  30.649  -6.62e+04  -30.649   0.326  0.0002    6.8     7.79   5416572  0.950
  85    0.2 1.8e-06   0.999    2791.88 2.6222e-06  30.649  -6.62e+04  -30.649   0.320  0.0003    6.0     7.82   5481055  0.950
  86    0.2 1.7e-06   1.000    2791.18 2.6008e-06  30.649  -6.62e+04  -30.649   0.321  0.0003    5.3     7.85   5545538  0.950
  87    0.2 1.6e-06   0.999    2790.23 2.5325e-06  30.735  -6.61e+04  -30.735   0.316  0.0002    4.7     7.87   5610021  0.950
  88    0.2 1.5e-06   0.999    2790.22 2.566e-06   30.654  -6.61e+04  -30.654   0.313  0.0003    4.1     7.89   5674504  0.950
  89    0.2 1.4e-06   1.000    2789.53 2.5574e-06  30.639  -6.61e+04  -30.639   0.305  0.0002    3.6     7.91   5738987  0.950
  90    0.2 1.4e-06   1.000    2788.75 2.5477e-06  30.639  -6.61e+04  -30.639   0.304  0.0002    3.1     7.93   5803470  0.950
  91    0.2 1.3e-06   1.000    2788.38 2.5331e-06  30.639  -6.61e+04  -30.639   0.313  0.0001    2.7     7.94   5867953  0.950
  92    0.2 1.2e-06   1.000    2788.33 2.5326e-06  30.639  -6.61e+04  -30.639   0.309  0.0001    2.3     7.95   5932436  0.950
  93    0.2 1.2e-06   1.000    2788.26 2.508e-06   30.654  -6.61e+04  -30.654   0.303  0.0001    2.0     7.96   5996919  0.950
  94    0.2 1.1e-06   1.000    2787.75 2.5077e-06  30.654  -6.61e+04  -30.654   0.285  0.0001    1.7     7.97   6061402  0.950
  95    0.2 1.1e-06   1.000    2787.55 2.5095e-06  30.639  -6.61e+04  -30.639   0.281  0.0001    1.5     7.98   6125885  0.950
  96    0.2 1.0e-06   1.000    2787.36 2.5044e-06  30.639  -6.61e+04  -30.639   0.279  0.0001    1.2     7.99   6190368  0.950
  97    0.2 9.6e-07   1.000    2787.18 2.4992e-06  30.639  -6.61e+04  -30.639   0.278  0.0001    1.0     8.00   6254851  0.950
  98    0.2 9.1e-07   1.000    2787.07 2.497e-06   30.639  -6.61e+04  -30.639   0.271  0.0001    1.0     8.00   6319334  0.950
  99    0.2 8.7e-07   1.000    2787.13 2.4851e-06  30.654  -6.61e+04  -30.654   0.271  0.0001    1.0     8.00   6383817  0.950
 100    0.2 8.2e-07   1.000    2786.93 2.4908e-06  30.639  -6.61e+04  -30.639   0.264  0.0001    1.0     8.00   6448300  0.950
 101    0.2 7.8e-07   1.000    2786.75 2.49e-06    30.639  -6.61e+04  -30.639   0.261  0.0001    1.0     8.00   6512783  0.950
 102    0.2 7.4e-07   1.000    2786.64 2.4875e-06  30.639  -6.61e+04  -30.639   0.260  0.0001    1.0     8.00   6577266  0.950
 103    0.2 7.1e-07   1.000    2786.45 2.4856e-06  30.639  -6.61e+04  -30.639   0.252  0.0001    1.0     8.00   6641749  0.950
 104    0.2 6.7e-07   1.000    2786.36 2.4843e-06  30.639  -6.61e+04  -30.639   0.248  0.0000    1.0     8.00   6706232  0.950
 105    0.2 6.4e-07   1.000    2786.36 2.4837e-06  30.639  -6.61e+04  -30.639   0.244  0.0001    1.0     8.00   6770715  0.950
 106    0.2 6.1e-07   1.000    2786.19 2.4831e-06  30.639  -6.61e+04  -30.639   0.241  0.0001    1.0     8.00   6835198  0.950
 107    0.2 5.8e-07   1.000    2786.09 2.4811e-06  30.639  -6.61e+04  -30.639   0.238  0.0000    1.0     8.00   6899681  0.950
 108    0.2 5.5e-07   1.000    2786.06 2.4803e-06  30.639  -6.61e+04  -30.639   0.236  0.0000    1.0     8.00   6964164  0.950
 109    0.2 5.2e-07   1.000    2785.86 2.4797e-06  30.639  -6.61e+04  -30.639   0.232  0.0000    1.0     8.00   7028647  0.950
 110    0.2 4.9e-07   1.000    2785.78 2.4788e-06  30.639  -6.61e+04  -30.639   0.228  0.0000    1.0     8.00   7093130  0.950
 111    0.2 4.7e-07   1.000    2785.67 2.4779e-06  30.639  -6.61e+04  -30.639   0.225  0.0000    1.0     8.00   7157613  0.950
 112    0.2 4.5e-07   1.000    2785.66 2.477e-06   30.639   -6.6e+04  -30.639   0.222  0.0000    1.0     8.00   7222096  0.950
 113    0.3 0.0e+00   1.000    2785.62 2.4755e-06  30.639   -6.6e+04  -30.639   0.043  0.0001    1.0     8.00   7286579  0.950
## Placement Quench took 0.25 seconds (max_rss 5299.4 MiB)
post-quench CPD = 30.6389 (ns) 

BB estimate of min-dist (placement) wire length: 835674

Completed placement consistency check successfully.

Swaps called: 7293386

Aborted Move Reasons:
  No moves aborted

Placement estimated critical path delay (least slack): 30.6389 ns, Fmax: 32.6383 MHz
Placement estimated setup Worst Negative Slack (sWNS): -30.6389 ns
Placement estimated setup Total Negative Slack (sTNS): -66024.7 ns

Placement estimated setup slack histogram:
[ -3.1e-08: -2.8e-08) 118 (  3.0%) |*********
[ -2.8e-08: -2.5e-08) 527 ( 13.3%) |**************************************
[ -2.5e-08: -2.2e-08) 650 ( 16.4%) |***********************************************
[ -2.2e-08: -1.9e-08) 549 ( 13.8%) |****************************************
[ -1.9e-08: -1.6e-08) 459 ( 11.6%) |*********************************
[ -1.6e-08: -1.2e-08) 393 (  9.9%) |****************************
[ -1.2e-08: -9.5e-09) 440 ( 11.1%) |********************************
[ -9.5e-09: -6.4e-09) 295 (  7.4%) |*********************
[ -6.4e-09: -3.4e-09) 412 ( 10.4%) |******************************
[ -3.4e-09:   -4e-10) 122 (  3.1%) |*********

Placement estimated geomean non-virtual intra-domain period: 30.6389 ns (32.6383 MHz)
Placement estimated fanout-weighted geomean non-virtual intra-domain period: 30.6389 ns (32.6383 MHz)

Placement cost: 0.999678, bb_cost: 2785.58, td_cost: 2.47649e-06, 

Placement resource usage:
  io  implemented as io : 6218
  clb implemented as clb: 589

Placement number of temperatures: 113
Placement total # of swap attempts: 7293386
	Swaps accepted: 3590853 (49.2 %)
	Swaps rejected: 3591728 (49.2 %)
	Swaps aborted:  110805 ( 1.5 %)


Placement perturbation distribution by block and move type: 
------------------ ----------------- ---------------- ---------------- --------------- ------------ 
    Block Type         Move Type       (%) of Total      Accepted(%)     Rejected(%)    Aborted(%)
------------------ ----------------- ---------------- ---------------- --------------- ------------ 
io                 Uniform                22.79            46.69           53.31          0.00         
                   Median                 22.75            54.06           43.73          2.21         
                   Centroid               22.72            54.24           43.56          2.20         
                   W. Centroid            22.73            54.28           43.55          2.17         
                   W. Median              0.11             5.83            82.26          11.91        
                   Crit. Uniform          0.01             1.91            98.09          0.00         
                   Feasible Region        0.01             0.35            69.56          30.09        

clb                Uniform                2.15             4.06            95.94          0.00         
                   Median                 2.15             30.84           68.78          0.38         
                   Centroid               2.17             19.67           80.33          0.00         
                   W. Centroid            2.15             20.74           79.26          0.00         
                   W. Median              0.01             2.27            96.60          1.13         
                   Crit. Uniform          0.12             0.00            100.00         0.00         
                   Feasible Region        0.12             0.02            99.98          0.00         


Placement Quench timing analysis took 0.122754 seconds (0.121761 STA, 0.000993837 slack) (1 full updates: 1 setup, 0 hold, 0 combined).
Placement Total  timing analysis took 14.1754 seconds (14.0195 STA, 0.15591 slack) (115 full updates: 115 setup, 0 hold, 0 combined).
update_td_costs: connections 0 nets 0 sum_nets 0 total 0
# Placement took 22.63 seconds (max_rss 5299.4 MiB, delta_rss +0.0 MiB)

# Routing
Initializing minimum channel width search based on maximum CLB pins

Attempting to route at 76 channels (binary search bounds: [-1, -1])
## Build routing resource graph
SOURCE->OPIN and IPIN->SINK edge count:2448658
OPIN->CHANX/CHANY edge count before creating direct connections: 5397456
OPIN->CHANX/CHANY edge count after creating direct connections: 5425780
CHAN->CHAN type edge count:30356961
## Build routing resource graph took 12.21 seconds (max_rss 5299.4 MiB, delta_rss +0.0 MiB)
  RR Graph Nodes: 5005460
  RR Graph Edges: 38231399
Confirming router algorithm: TIMING_DRIVEN.
## Computing router lookahead map
### Computing wire lookahead
### Computing wire lookahead took 54.62 seconds (max_rss 5299.4 MiB, delta_rss +0.0 MiB)
### Computing src/opin lookahead
### Computing src/opin lookahead took 0.00 seconds (max_rss 5299.4 MiB, delta_rss +0.0 MiB)
## Computing router lookahead map took 54.62 seconds (max_rss 5299.4 MiB, delta_rss +0.0 MiB)
## Initializing router criticalities
Initial Net Connection Criticality Histogram:
[        0:      0.1)  631 (  4.4%) |**********
[      0.1:      0.2)  506 (  3.5%) |********
[      0.2:      0.3)  703 (  4.9%) |***********
[      0.3:      0.4) 1273 (  8.9%) |********************
[      0.4:      0.5) 1368 (  9.6%) |**********************
[      0.5:      0.6) 1742 ( 12.2%) |****************************
[      0.6:      0.7) 2251 ( 15.7%) |************************************
[      0.7:      0.8) 2894 ( 20.2%) |**********************************************
[      0.8:      0.9) 2342 ( 16.4%) |*************************************
[      0.9:        1)  587 (  4.1%) |*********
## Initializing router criticalities took 0.33 seconds (max_rss 5299.4 MiB, delta_rss +0.0 MiB)
---- ------ ------- ---- ------- ------- ------- ----------------- --------------- -------- ---------- ---------- ---------- ---------- --------
Iter   Time    pres  BBs    Heap  Re-Rtd  Re-Rtd Overused RR Nodes      Wirelength      CPD       sTNS       sWNS       hTNS       hWNS Est Succ
      (sec)     fac Updt    push    Nets   Conns                                       (ns)       (ns)       (ns)       (ns)       (ns)     Iter
---- ------ ------- ---- ------- ------- ------- ----------------- --------------- -------- ---------- ---------- ---------- ---------- --------
   1    0.7     0.0    0 3042072   11713   13772   45748 ( 0.914%)  879566 (15.1%)   33.577 -7.105e+04    -33.577      0.000      0.000      N/A
Incr Slack updates 115 in 0.0480784 sec
Full Max Req/Worst Slack updates 56 in 0.00200158 sec
Incr Max Req/Worst Slack updates 59 in 0.00294923 sec
Incr Criticality updates 26 in 0.0127491 sec
Full Criticality updates 89 in 0.0844485 sec
   2    0.8     0.5  213 3893398   11039   13078   20801 ( 0.416%)  878663 (15.1%)   33.612 -7.097e+04    -33.612      0.000      0.000      N/A
   3    0.9     0.6  158 4617238   10046   12060   16287 ( 0.325%)  884387 (15.2%)   33.604 -7.107e+04    -33.604      0.000      0.000      N/A
   4    1.6     0.8  184 1.2e+07    9465   11471   11817 ( 0.236%)  888802 (15.3%)   33.932 -7.121e+04    -33.932      0.000      0.000      N/A
   5   16.1     1.1  251 8.5e+07    8583   10539    8177 ( 0.163%)  892529 (15.4%)   33.492 -7.124e+04    -33.492      0.000      0.000      N/A
   6   74.6     1.4  268 2.9e+08    7527    9373    6316 ( 0.126%)  895378 (15.4%)   33.126 -7.134e+04    -33.126      0.000      0.000      N/A
   7  222.3     1.9  283 7.0e+08    6529    8259    5061 ( 0.101%)  898124 (15.5%)   33.420 -7.134e+04    -33.420      0.000      0.000      N/A
