#Packing pin usage report
Type: io
	Input Pin Usage:
		Max: 1.00 (0.02)
		Avg: 0.30 (0.01)
		Min: 0.00 (0.00)
		Histogram:
		[        0:      5.5) 228 (100.0%) |***********************************************
		[      5.5:       11)   0 (  0.0%) |
		[       11:       16)   0 (  0.0%) |
		[       16:       22)   0 (  0.0%) |
		[       22:       28)   0 (  0.0%) |
		[       28:       33)   0 (  0.0%) |
		[       33:       38)   0 (  0.0%) |
		[       38:       44)   0 (  0.0%) |
		[       44:       50)   0 (  0.0%) |
		[       50:       55)   0 (  0.0%) |
	Output Pin Usage:
		Max: 1.00 (0.03)
		Avg: 0.70 (0.02)
		Min: 0.00 (0.00)
		Histogram:
		[        0:        4) 228 (100.0%) |***********************************************
		[        4:        8)   0 (  0.0%) |
		[        8:       12)   0 (  0.0%) |
		[       12:       16)   0 (  0.0%) |
		[       16:       20)   0 (  0.0%) |
		[       20:       24)   0 (  0.0%) |
		[       24:       28)   0 (  0.0%) |
		[       28:       32)   0 (  0.0%) |
		[       32:       36)   0 (  0.0%) |
		[       36:       40)   0 (  0.0%) |

Type: LAB
	Input Pin Usage:
		Max: 33.00 (0.36)
		Avg: 15.29 (0.17)
		Min: 1.00 (0.01)
		Histogram:
		[        0:      9.1)  67 ( 13.4%) |**********
		[      9.1:       18) 301 ( 60.1%) |***********************************************
		[       18:       27) 126 ( 25.1%) |********************
		[       27:       36)   7 (  1.4%) |*
		[       36:       46)   0 (  0.0%) |
		[       46:       55)   0 (  0.0%) |
		[       55:       64)   0 (  0.0%) |
		[       64:       73)   0 (  0.0%) |
		[       73:       82)   0 (  0.0%) |
		[       82:       91)   0 (  0.0%) |
	Output Pin Usage:
		Max: 26.00 (0.62)
		Avg: 9.81 (0.23)
		Min: 1.00 (0.02)
		Histogram:
		[        0:      4.2)  52 ( 10.4%) |*************
		[      4.2:      8.4) 131 ( 26.1%) |********************************
		[      8.4:       13) 193 ( 38.5%) |***********************************************
		[       13:       17)  99 ( 19.8%) |************************
		[       17:       21)  21 (  4.2%) |*****
		[       21:       25)   4 (  0.8%) |*
		[       25:       29)   1 (  0.2%) |
		[       29:       34)   0 (  0.0%) |
		[       34:       38)   0 (  0.0%) |
		[       38:       42)   0 (  0.0%) |

