#Packing pin usage report
Type: io
	Input Pin Usage:
		Max: 1.00 (0.50)
		Avg: 0.46 (0.23)
		Min: 0.00 (0.00)
		Histogram:
		[        0:      0.2) 292 ( 54.2%) |***********************************************
		[      0.2:      0.4)   0 (  0.0%) |
		[      0.4:      0.6)   0 (  0.0%) |
		[      0.6:      0.8)   0 (  0.0%) |
		[      0.8:        1) 247 ( 45.8%) |****************************************
		[        1:      1.2)   0 (  0.0%) |
		[      1.2:      1.4)   0 (  0.0%) |
		[      1.4:      1.6)   0 (  0.0%) |
		[      1.6:      1.8)   0 (  0.0%) |
		[      1.8:        2)   0 (  0.0%) |
	Output Pin Usage:
		Max: 1.00 (1.00)
		Avg: 0.54 (0.54)
		Min: 0.00 (0.00)
		Histogram:
		[        0:      0.1) 247 ( 45.8%) |****************************************
		[      0.1:      0.2)   0 (  0.0%) |
		[      0.2:      0.3)   0 (  0.0%) |
		[      0.3:      0.4)   0 (  0.0%) |
		[      0.4:      0.5)   0 (  0.0%) |
		[      0.5:      0.6)   0 (  0.0%) |
		[      0.6:      0.7)   0 (  0.0%) |
		[      0.7:      0.8)   0 (  0.0%) |
		[      0.8:      0.9)   0 (  0.0%) |
		[      0.9:        1) 292 ( 54.2%) |***********************************************

Type: clb
	Input Pin Usage:
		Max: 33.00 (0.61)
		Avg: 16.22 (0.30)
		Min: 3.00 (0.06)
		Histogram:
		[        0:      5.4) 20 (  8.7%) |***********
		[      5.4:       11)  6 (  2.6%) |***
		[       11:       16) 87 ( 38.0%) |************************************************
		[       16:       22) 81 ( 35.4%) |*********************************************
		[       22:       27) 29 ( 12.7%) |****************
		[       27:       32)  4 (  1.7%) |**
		[       32:       38)  2 (  0.9%) |*
		[       38:       43)  0 (  0.0%) |
		[       43:       49)  0 (  0.0%) |
		[       49:       54)  0 (  0.0%) |
	Output Pin Usage:
		Max: 14.00 (0.67)
		Avg: 6.73 (0.32)
		Min: 1.00 (0.05)
		Histogram:
		[        0:      2.1) 21 (  9.2%) |***************
		[      2.1:      4.2) 21 (  9.2%) |***************
		[      4.2:      6.3) 67 ( 29.3%) |************************************************
		[      6.3:      8.4) 63 ( 27.5%) |*********************************************
		[      8.4:       10) 33 ( 14.4%) |************************
		[       10:       13) 20 (  8.7%) |**************
		[       13:       15)  4 (  1.7%) |***
		[       15:       17)  0 (  0.0%) |
		[       17:       19)  0 (  0.0%) |
		[       19:       21)  0 (  0.0%) |

