#Packing pin usage report
Type: io
	Input Pin Usage:
		Max: 1.00 (0.02)
		Avg: 0.30 (0.01)
		Min: 0.00 (0.00)
		Histogram:
		[        0:      5.5) 1144 (100.0%) |**********************************************
		[      5.5:       11)    0 (  0.0%) |
		[       11:       16)    0 (  0.0%) |
		[       16:       22)    0 (  0.0%) |
		[       22:       28)    0 (  0.0%) |
		[       28:       33)    0 (  0.0%) |
		[       33:       38)    0 (  0.0%) |
		[       38:       44)    0 (  0.0%) |
		[       44:       50)    0 (  0.0%) |
		[       50:       55)    0 (  0.0%) |
	Output Pin Usage:
		Max: 1.00 (0.03)
		Avg: 0.70 (0.02)
		Min: 0.00 (0.00)
		Histogram:
		[        0:        4) 1144 (100.0%) |**********************************************
		[        4:        8)    0 (  0.0%) |
		[        8:       12)    0 (  0.0%) |
		[       12:       16)    0 (  0.0%) |
		[       16:       20)    0 (  0.0%) |
		[       20:       24)    0 (  0.0%) |
		[       24:       28)    0 (  0.0%) |
		[       28:       32)    0 (  0.0%) |
		[       32:       36)    0 (  0.0%) |
		[       36:       40)    0 (  0.0%) |

Type: LAB
	Input Pin Usage:
		Max: 36.00 (0.40)
		Avg: 19.56 (0.21)
		Min: 1.00 (0.01)
		Histogram:
		[        0:      9.1)  74 (  7.7%) |******
		[      9.1:       18) 273 ( 28.2%) |***********************
		[       18:       27) 561 ( 58.0%) |***********************************************
		[       27:       36)  59 (  6.1%) |*****
		[       36:       46)   0 (  0.0%) |
		[       46:       55)   0 (  0.0%) |
		[       55:       64)   0 (  0.0%) |
		[       64:       73)   0 (  0.0%) |
		[       73:       82)   0 (  0.0%) |
		[       82:       91)   0 (  0.0%) |
	Output Pin Usage:
		Max: 31.00 (0.74)
		Avg: 12.55 (0.30)
		Min: 1.00 (0.02)
		Histogram:
		[        0:      4.2)  65 (  6.7%) |*********
		[      4.2:      8.4)  63 (  6.5%) |*********
		[      8.4:       13) 337 ( 34.9%) |**********************************************
		[       13:       17) 346 ( 35.8%) |***********************************************
		[       17:       21) 132 ( 13.7%) |******************
		[       21:       25)  19 (  2.0%) |***
		[       25:       29)   4 (  0.4%) |*
		[       29:       34)   1 (  0.1%) |
		[       34:       38)   0 (  0.0%) |
		[       38:       42)   0 (  0.0%) |

