#Packing pin usage report
Type: io
	Input Pin Usage:
		Max: 1.00 (0.50)
		Avg: 0.48 (0.24)
		Min: 0.00 (0.00)
		Histogram:
		[        0:      0.2) 182 ( 52.1%) |***********************************************
		[      0.2:      0.4)   0 (  0.0%) |
		[      0.4:      0.6)   0 (  0.0%) |
		[      0.6:      0.8)   0 (  0.0%) |
		[      0.8:        1) 167 ( 47.9%) |*******************************************
		[        1:      1.2)   0 (  0.0%) |
		[      1.2:      1.4)   0 (  0.0%) |
		[      1.4:      1.6)   0 (  0.0%) |
		[      1.6:      1.8)   0 (  0.0%) |
		[      1.8:        2)   0 (  0.0%) |
	Output Pin Usage:
		Max: 1.00 (1.00)
		Avg: 0.52 (0.52)
		Min: 0.00 (0.00)
		Histogram:
		[        0:      0.1) 167 ( 47.9%) |*******************************************
		[      0.1:      0.2)   0 (  0.0%) |
		[      0.2:      0.3)   0 (  0.0%) |
		[      0.3:      0.4)   0 (  0.0%) |
		[      0.4:      0.5)   0 (  0.0%) |
		[      0.5:      0.6)   0 (  0.0%) |
		[      0.6:      0.7)   0 (  0.0%) |
		[      0.7:      0.8)   0 (  0.0%) |
		[      0.8:      0.9)   0 (  0.0%) |
		[      0.9:        1) 182 ( 52.1%) |***********************************************

Type: clb
	Input Pin Usage:
		Max: 25.00 (0.46)
		Avg: 13.62 (0.25)
		Min: 1.00 (0.02)
		Histogram:
		[        0:      5.4)  25 (  9.9%) |********
		[      5.4:       11)  14 (  5.6%) |****
		[       11:       16) 150 ( 59.5%) |***********************************************
		[       16:       22)  58 ( 23.0%) |******************
		[       22:       27)   5 (  2.0%) |**
		[       27:       32)   0 (  0.0%) |
		[       32:       38)   0 (  0.0%) |
		[       38:       43)   0 (  0.0%) |
		[       43:       49)   0 (  0.0%) |
		[       49:       54)   0 (  0.0%) |
	Output Pin Usage:
		Max: 17.00 (0.81)
		Avg: 8.75 (0.42)
		Min: 1.00 (0.05)
		Histogram:
		[        0:      2.1) 23 (  9.1%) |***************
		[      2.1:      4.2)  8 (  3.2%) |*****
		[      4.2:      6.3) 22 (  8.7%) |**************
		[      6.3:      8.4) 55 ( 21.8%) |***********************************
		[      8.4:       10) 75 ( 29.8%) |************************************************
		[       10:       13) 32 ( 12.7%) |********************
		[       13:       15) 28 ( 11.1%) |******************
		[       15:       17)  6 (  2.4%) |****
		[       17:       19)  3 (  1.2%) |**
		[       19:       21)  0 (  0.0%) |

