#Packing pin usage report
Type: io
	Input Pin Usage:
		Max: 1.00 (0.02)
		Avg: 0.30 (0.01)
		Min: 0.00 (0.00)
		Histogram:
		[        0:      5.5) 3608 (100.0%) |**********************************************
		[      5.5:       11)    0 (  0.0%) |
		[       11:       16)    0 (  0.0%) |
		[       16:       22)    0 (  0.0%) |
		[       22:       28)    0 (  0.0%) |
		[       28:       33)    0 (  0.0%) |
		[       33:       38)    0 (  0.0%) |
		[       38:       44)    0 (  0.0%) |
		[       44:       50)    0 (  0.0%) |
		[       50:       55)    0 (  0.0%) |
	Output Pin Usage:
		Max: 1.00 (0.03)
		Avg: 0.70 (0.02)
		Min: 0.00 (0.00)
		Histogram:
		[        0:        4) 3608 (100.0%) |**********************************************
		[        4:        8)    0 (  0.0%) |
		[        8:       12)    0 (  0.0%) |
		[       12:       16)    0 (  0.0%) |
		[       16:       20)    0 (  0.0%) |
		[       20:       24)    0 (  0.0%) |
		[       24:       28)    0 (  0.0%) |
		[       28:       32)    0 (  0.0%) |
		[       32:       36)    0 (  0.0%) |
		[       36:       40)    0 (  0.0%) |

Type: LAB
	Input Pin Usage:
		Max: 40.00 (0.44)
		Avg: 23.49 (0.26)
		Min: 1.00 (0.01)
		Histogram:
		[        0:      9.1)  53 ( 10.6%) |*********
		[      9.1:       18)  18 (  3.6%) |***
		[       18:       27) 270 ( 54.1%) |***********************************************
		[       27:       36) 153 ( 30.7%) |***************************
		[       36:       46)   5 (  1.0%) |*
		[       46:       55)   0 (  0.0%) |
		[       55:       64)   0 (  0.0%) |
		[       64:       73)   0 (  0.0%) |
		[       73:       82)   0 (  0.0%) |
		[       82:       91)   0 (  0.0%) |
	Output Pin Usage:
		Max: 30.00 (0.71)
		Avg: 14.86 (0.35)
		Min: 1.00 (0.02)
		Histogram:
		[        0:      4.2)  49 (  9.8%) |***********
		[      4.2:      8.4)   4 (  0.8%) |*
		[      8.4:       13)  36 (  7.2%) |********
		[       13:       17) 204 ( 40.9%) |***********************************************
		[       17:       21) 176 ( 35.3%) |*****************************************
		[       21:       25)  26 (  5.2%) |******
		[       25:       29)   3 (  0.6%) |*
		[       29:       34)   1 (  0.2%) |
		[       34:       38)   0 (  0.0%) |
		[       38:       42)   0 (  0.0%) |

