#Packing pin usage report
Type: io
	Input Pin Usage:
		Max: 1.00 (0.50)
		Avg: 0.30 (0.15)
		Min: 0.00 (0.00)
		Histogram:
		[        0:      0.2) 2769 ( 70.0%) |**********************************************
		[      0.2:      0.4)    0 (  0.0%) |
		[      0.4:      0.6)    0 (  0.0%) |
		[      0.6:      0.8)    0 (  0.0%) |
		[      0.8:        1) 1186 ( 30.0%) |********************
		[        1:      1.2)    0 (  0.0%) |
		[      1.2:      1.4)    0 (  0.0%) |
		[      1.4:      1.6)    0 (  0.0%) |
		[      1.6:      1.8)    0 (  0.0%) |
		[      1.8:        2)    0 (  0.0%) |
	Output Pin Usage:
		Max: 1.00 (1.00)
		Avg: 0.70 (0.70)
		Min: 0.00 (0.00)
		Histogram:
		[        0:      0.1) 1186 ( 30.0%) |********************
		[      0.1:      0.2)    0 (  0.0%) |
		[      0.2:      0.3)    0 (  0.0%) |
		[      0.3:      0.4)    0 (  0.0%) |
		[      0.4:      0.5)    0 (  0.0%) |
		[      0.5:      0.6)    0 (  0.0%) |
		[      0.6:      0.7)    0 (  0.0%) |
		[      0.7:      0.8)    0 (  0.0%) |
		[      0.8:      0.9)    0 (  0.0%) |
		[      0.9:        1) 2769 ( 70.0%) |**********************************************

Type: clb
	Input Pin Usage:
		Max: 40.00 (0.74)
		Avg: 20.61 (0.38)
		Min: 1.00 (0.02)
		Histogram:
		[        0:      5.4)  37 (  6.6%) |********
		[      5.4:       11)   5 (  0.9%) |*
		[       11:       16)  47 (  8.4%) |**********
		[       16:       22) 200 ( 35.8%) |*******************************************
		[       22:       27) 220 ( 39.4%) |***********************************************
		[       27:       32)  43 (  7.7%) |*********
		[       32:       38)   6 (  1.1%) |*
		[       38:       43)   1 (  0.2%) |
		[       43:       49)   0 (  0.0%) |
		[       49:       54)   0 (  0.0%) |
	Output Pin Usage:
		Max: 20.00 (0.95)
		Avg: 12.91 (0.61)
		Min: 1.00 (0.05)
		Histogram:
		[        0:      2.1)  31 (  5.5%) |*******
		[      2.1:      4.2)   5 (  0.9%) |*
		[      4.2:      6.3)   2 (  0.4%) |
		[      6.3:      8.4)   5 (  0.9%) |*
		[      8.4:       10)  37 (  6.6%) |********
		[       10:       13) 106 ( 19.0%) |************************
		[       13:       15) 205 ( 36.7%) |***********************************************
		[       15:       17) 101 ( 18.1%) |***********************
		[       17:       19)  50 (  8.9%) |***********
		[       19:       21)  17 (  3.0%) |****

