#Packing pin usage report
Type: io
	Input Pin Usage:
		Max: 1.00 (0.50)
		Avg: 0.44 (0.22)
		Min: 0.00 (0.00)
		Histogram:
		[        0:      0.2) 337 ( 56.1%) |***********************************************
		[      0.2:      0.4)   0 (  0.0%) |
		[      0.4:      0.6)   0 (  0.0%) |
		[      0.6:      0.8)   0 (  0.0%) |
		[      0.8:        1) 264 ( 43.9%) |*************************************
		[        1:      1.2)   0 (  0.0%) |
		[      1.2:      1.4)   0 (  0.0%) |
		[      1.4:      1.6)   0 (  0.0%) |
		[      1.6:      1.8)   0 (  0.0%) |
		[      1.8:        2)   0 (  0.0%) |
	Output Pin Usage:
		Max: 1.00 (1.00)
		Avg: 0.56 (0.56)
		Min: 0.00 (0.00)
		Histogram:
		[        0:      0.1) 264 ( 43.9%) |*************************************
		[      0.1:      0.2)   0 (  0.0%) |
		[      0.2:      0.3)   0 (  0.0%) |
		[      0.3:      0.4)   0 (  0.0%) |
		[      0.4:      0.5)   0 (  0.0%) |
		[      0.5:      0.6)   0 (  0.0%) |
		[      0.6:      0.7)   0 (  0.0%) |
		[      0.7:      0.8)   0 (  0.0%) |
		[      0.8:      0.9)   0 (  0.0%) |
		[      0.9:        1) 337 ( 56.1%) |***********************************************

Type: clb
	Input Pin Usage:
		Max: 32.00 (0.59)
		Avg: 18.63 (0.35)
		Min: 3.00 (0.06)
		Histogram:
		[        0:      5.4) 16 (  7.0%) |********
		[      5.4:       11)  7 (  3.1%) |****
		[       11:       16) 38 ( 16.7%) |*******************
		[       16:       22) 95 ( 41.9%) |************************************************
		[       22:       27) 62 ( 27.3%) |*******************************
		[       27:       32)  9 (  4.0%) |*****
		[       32:       38)  0 (  0.0%) |
		[       38:       43)  0 (  0.0%) |
		[       43:       49)  0 (  0.0%) |
		[       49:       54)  0 (  0.0%) |
	Output Pin Usage:
		Max: 16.00 (0.76)
		Avg: 7.45 (0.35)
		Min: 1.00 (0.05)
		Histogram:
		[        0:      2.1) 19 (  8.4%) |*************
		[      2.1:      4.2) 11 (  4.8%) |*******
		[      4.2:      6.3) 49 ( 21.6%) |*********************************
		[      6.3:      8.4) 71 ( 31.3%) |************************************************
		[      8.4:       10) 40 ( 17.6%) |***************************
		[       10:       13) 28 ( 12.3%) |*******************
		[       13:       15)  8 (  3.5%) |*****
		[       15:       17)  1 (  0.4%) |*
		[       17:       19)  0 (  0.0%) |
		[       19:       21)  0 (  0.0%) |

