#Packing pin usage report
Type: io
	Input Pin Usage:
		Max: 1.00 (0.02)
		Avg: 0.30 (0.01)
		Min: 0.00 (0.00)
		Histogram:
		[        0:      5.5) 850 (100.0%) |***********************************************
		[      5.5:       11)   0 (  0.0%) |
		[       11:       16)   0 (  0.0%) |
		[       16:       22)   0 (  0.0%) |
		[       22:       28)   0 (  0.0%) |
		[       28:       33)   0 (  0.0%) |
		[       33:       38)   0 (  0.0%) |
		[       38:       44)   0 (  0.0%) |
		[       44:       50)   0 (  0.0%) |
		[       50:       55)   0 (  0.0%) |
	Output Pin Usage:
		Max: 1.00 (0.03)
		Avg: 0.70 (0.02)
		Min: 0.00 (0.00)
		Histogram:
		[        0:        4) 850 (100.0%) |***********************************************
		[        4:        8)   0 (  0.0%) |
		[        8:       12)   0 (  0.0%) |
		[       12:       16)   0 (  0.0%) |
		[       16:       20)   0 (  0.0%) |
		[       20:       24)   0 (  0.0%) |
		[       24:       28)   0 (  0.0%) |
		[       28:       32)   0 (  0.0%) |
		[       32:       36)   0 (  0.0%) |
		[       36:       40)   0 (  0.0%) |

Type: LAB
	Input Pin Usage:
		Max: 40.00 (0.44)
		Avg: 18.53 (0.20)
		Min: 1.00 (0.01)
		Histogram:
		[        0:      9.1)  86 (  8.8%) |********
		[      9.1:       18) 321 ( 33.0%) |****************************
		[       18:       27) 535 ( 54.9%) |***********************************************
		[       27:       36)  31 (  3.2%) |***
		[       36:       46)   1 (  0.1%) |
		[       46:       55)   0 (  0.0%) |
		[       55:       64)   0 (  0.0%) |
		[       64:       73)   0 (  0.0%) |
		[       73:       82)   0 (  0.0%) |
		[       82:       91)   0 (  0.0%) |
	Output Pin Usage:
		Max: 33.00 (0.79)
		Avg: 11.92 (0.28)
		Min: 1.00 (0.02)
		Histogram:
		[        0:      4.2)  71 (  7.3%) |**********
		[      4.2:      8.4) 110 ( 11.3%) |***************
		[      8.4:       13) 350 ( 35.9%) |***********************************************
		[       13:       17) 317 ( 32.5%) |*******************************************
		[       17:       21) 102 ( 10.5%) |**************
		[       21:       25)  22 (  2.3%) |***
		[       25:       29)   1 (  0.1%) |
		[       29:       34)   1 (  0.1%) |
		[       34:       38)   0 (  0.0%) |
		[       38:       42)   0 (  0.0%) |

