#Packing pin usage report
Type: io
	Input Pin Usage:
		Max: 1.00 (0.50)
		Avg: 0.45 (0.22)
		Min: 0.00 (0.00)
		Histogram:
		[        0:      0.2) 316 ( 55.4%) |***********************************************
		[      0.2:      0.4)   0 (  0.0%) |
		[      0.4:      0.6)   0 (  0.0%) |
		[      0.6:      0.8)   0 (  0.0%) |
		[      0.8:        1) 254 ( 44.6%) |**************************************
		[        1:      1.2)   0 (  0.0%) |
		[      1.2:      1.4)   0 (  0.0%) |
		[      1.4:      1.6)   0 (  0.0%) |
		[      1.6:      1.8)   0 (  0.0%) |
		[      1.8:        2)   0 (  0.0%) |
	Output Pin Usage:
		Max: 1.00 (1.00)
		Avg: 0.55 (0.55)
		Min: 0.00 (0.00)
		Histogram:
		[        0:      0.1) 254 ( 44.6%) |**************************************
		[      0.1:      0.2)   0 (  0.0%) |
		[      0.2:      0.3)   0 (  0.0%) |
		[      0.3:      0.4)   0 (  0.0%) |
		[      0.4:      0.5)   0 (  0.0%) |
		[      0.5:      0.6)   0 (  0.0%) |
		[      0.6:      0.7)   0 (  0.0%) |
		[      0.7:      0.8)   0 (  0.0%) |
		[      0.8:      0.9)   0 (  0.0%) |
		[      0.9:        1) 316 ( 55.4%) |***********************************************

Type: clb
	Input Pin Usage:
		Max: 37.00 (0.69)
		Avg: 18.15 (0.34)
		Min: 3.00 (0.06)
		Histogram:
		[        0:      5.4) 16 (  7.1%) |********
		[      5.4:       11)  3 (  1.3%) |**
		[       11:       16) 60 ( 26.5%) |*******************************
		[       16:       22) 94 ( 41.6%) |************************************************
		[       22:       27) 42 ( 18.6%) |*********************
		[       27:       32)  9 (  4.0%) |*****
		[       32:       38)  2 (  0.9%) |*
		[       38:       43)  0 (  0.0%) |
		[       43:       49)  0 (  0.0%) |
		[       49:       54)  0 (  0.0%) |
	Output Pin Usage:
		Max: 16.00 (0.76)
		Avg: 7.44 (0.35)
		Min: 1.00 (0.05)
		Histogram:
		[        0:      2.1) 18 (  8.0%) |**************
		[      2.1:      4.2) 11 (  4.9%) |********
		[      4.2:      6.3) 53 ( 23.5%) |****************************************
		[      6.3:      8.4) 63 ( 27.9%) |************************************************
		[      8.4:       10) 53 ( 23.5%) |****************************************
		[       10:       13) 20 (  8.8%) |***************
		[       13:       15)  5 (  2.2%) |****
		[       15:       17)  3 (  1.3%) |**
		[       17:       19)  0 (  0.0%) |
		[       19:       21)  0 (  0.0%) |

