VPR FPGA Placement and Routing.
Version: 8.1.0-dev+unkown
Revision: unkown
Compiled: 2023-11-16T17:20:44
Compiler: GNU 11.4.0 on Linux-6.2.0-36-generic x86_64
Build Info: release IPO VTR_ASSERT_LEVEL=2

University of Toronto
verilogtorouting.org
vtr-users@googlegroups.com
This is free open source code under MIT license.

VPR was run with the following command-line:
/home/xiaokewan/Software/vtr-verilog-to-routing-master/vpr/vpr /home/xiaokewan/Software/vtr-verilog-to-routing-master/vtr_flow/arch/timing/EArch.xml ../../rent_exp_0.44.blif


Architecture file: /home/xiaokewan/Software/vtr-verilog-to-routing-master/vtr_flow/arch/timing/EArch.xml
Circuit name: rent_exp_0.44

# Loading Architecture Description
# Loading Architecture Description took 0.00 seconds (max_rss 17.1 MiB, delta_rss +1.9 MiB)

Timing analysis: ON
Circuit netlist file: rent_exp_0.44.net
Circuit placement file: rent_exp_0.44.place
Circuit routing file: rent_exp_0.44.route
Circuit SDC file: rent_exp_0.44.sdc
Vpr floorplanning constraints file: not specified

Packer: ENABLED
Placer: ENABLED
Router: ENABLED
Analysis: ENABLED

VPR was run with the following options:

NetlistOpts.abosrb_buffer_luts            : true
NetlistOpts.sweep_dangling_primary_ios    : true
NetlistOpts.sweep_dangling_nets           : true
NetlistOpts.sweep_dangling_blocks         : true
NetlistOpts.sweep_constant_primary_outputs: false
NetlistOpts.netlist_verbosity             : 1
NetlistOpts.const_gen_inference           : COMB_SEQ

PackerOpts.allow_unrelated_clustering: auto
PackerOpts.alpha_clustering: 0.750000
PackerOpts.beta_clustering: 0.900000
PackerOpts.cluster_seed_type: BLEND2
PackerOpts.connection_driven: true
PackerOpts.global_clocks: true
PackerOpts.hill_climbing_flag: false
PackerOpts.inter_cluster_net_delay: 1.000000
PackerOpts.timing_driven: true
PackerOpts.target_external_pin_util: auto

PlacerOpts.place_freq: PLACE_ONCE
PlacerOpts.place_algorithm: CRITICALITY_TIMING_PLACE
PlacerOpts.pad_loc_type: FREE
PlacerOpts.constraints_file: No constraints file given
PlacerOpts.place_cost_exp: 1.000000
PlacerOpts.place_chan_width: 100
PlacerOpts.inner_loop_recompute_divider: 0
PlacerOpts.recompute_crit_iter: 1
PlacerOpts.timing_tradeoff: 0.500000
PlacerOpts.td_place_exp_first: 1.000000
PlacerOpts.td_place_exp_last: 8.000000
PlacerOpts.delay_offset: 0.000000
PlacerOpts.delay_ramp_delta_threshold: -1
PlacerOpts.delay_ramp_slope: 0.000000
PlacerOpts.tsu_rel_margin: 1.000000
PlacerOpts.tsu_abs_margin: 0.000000
PlacerOpts.post_place_timing_report_file: 
PlacerOpts.allowed_tiles_for_delay_model: 
PlacerOpts.delay_model_reducer: MIN
PlacerOpts.delay_model_type: DELTA
PlacerOpts.rlim_escape_fraction: 0.000000
PlacerOpts.move_stats_file: 
PlacerOpts.placement_saves_per_temperature: 0
PlacerOpts.effort_scaling: CIRCUIT
PlacerOpts.place_delta_delay_matrix_calculation_method: ASTAR_ROUTE
PlaceOpts.seed: 1
AnnealSched.type: AUTO_SCHED
AnnealSched.inner_num: 0.500000

RouterOpts.route_type: DETAILED
RouterOpts.flat_routing: false
RouterOpts.has_choking_spot: false
RouterOpts.router_algorithm: TIMING_DRIVEN
RouterOpts.base_cost_type: DELAY_NORMALIZED_LENGTH
RouterOpts.fixed_channel_width: NO_FIXED_CHANNEL_WIDTH
RouterOpts.check_route: FULL
RouterOpts.acc_fac: 1.000000
RouterOpts.bb_factor: 3
RouterOpts.bend_cost: 0.000000
RouterOpts.first_iter_pres_fac: 0.000000
RouterOpts.initial_pres_fac: 0.500000
RouterOpts.pres_fac_mult: 1.300000
RouterOpts.max_router_iterations: 50
RouterOpts.min_incremental_reroute_fanout: 16
RouterOpts.do_check_rr_graph: true
RouterOpts.verify_binary_search: false
RouterOpts.min_channel_width_hint: 0
RouterOpts.read_rr_edge_metadata: false
RouterOpts.exit_after_first_routing_iteration: false
RouterOpts.astar_fac: 1.200000
RouterOpts.router_profiler_astar_fac: 1.200000
RouterOpts.criticality_exp: 1.000000
RouterOpts.max_criticality: 0.990000
RouterOpts.init_wirelength_abort_threshold: 0.850000
RouterOpts.save_routing_per_iteration: false
RouterOpts.congested_routing_iteration_threshold_frac: 1.000000
RouterOpts.high_fanout_threshold: 64
RouterOpts.router_debug_net: -2
RouterOpts.router_debug_sink_rr: -2
RouterOpts.router_debug_iteration: -2
RouterOpts.max_convergence_count: 1
RouterOpts.reconvergence_cpd_threshold: 0.990000
RouterOpts.update_lower_bound_delays: true
RouterOpts.first_iteration_timing_report_file: 
RouterOpts.incr_reroute_delay_ripup: AUTO
RouterOpts.route_bb_update: DYNAMIC
RouterOpts.lookahead_type: MAP
RouterOpts.initial_timing: LOOKAHEAD
RouterOpts.router_heap: BINARY_HEAP
RouterOpts.routing_failure_predictor = SAFE
RouterOpts.routing_budgets_algorithm = DISABLE

AnalysisOpts.gen_post_synthesis_netlist: false
AnalysisOpts.timing_report_npaths: 100
AnalysisOpts.timing_report_skew: false
AnalysisOpts.echo_dot_timing_graph_node: -1
AnalysisOpts.timing_report_detail: NETLIST
AnalysisOpts.post_synth_netlist_unconn_input_handling: UNCONNECTED
AnalysisOpts.post_synth_netlist_unconn_output_handling: UNCONNECTED

# Building complex block graph
Warning 1: io[0].clock[0] unconnected pin in architecture.
# Building complex block graph took 0.01 seconds (max_rss 24.9 MiB, delta_rss +7.7 MiB)
Circuit file: ../../rent_exp_0.44.blif
# Load circuit
# Load circuit took 0.01 seconds (max_rss 32.1 MiB, delta_rss +7.1 MiB)
# Clean circuit
Absorbed 0 LUT buffers
Inferred    0 additional primitive pins as constant generators since they have no combinationally connected inputs
Inferred    0 additional primitive pins as constant generators due to constant inputs
Swept input(s)      : 0
Swept output(s)     : 0 (0 dangling, 0 constant)
Swept net(s)        : 0
Swept block(s)      : 0
Constant Pins Marked: 0
# Clean circuit took 0.00 seconds (max_rss 32.1 MiB, delta_rss +0.0 MiB)
# Compress circuit
# Compress circuit took 0.00 seconds (max_rss 32.1 MiB, delta_rss +0.0 MiB)
# Verify circuit
# Verify circuit took 0.00 seconds (max_rss 32.1 MiB, delta_rss +0.0 MiB)
Circuit Statistics:
  Blocks: 4666
    .input :     316
    .output:     254
    6-LUT  :    4096
  Nets  : 4412
    Avg Fanout:     2.8
    Max Fanout:    37.0
    Min Fanout:     1.0
  Netlist Clocks: 0
# Build Timing Graph
  Timing Graph Nodes: 16954
  Timing Graph Edges: 24830
  Timing Graph Levels: 82
# Build Timing Graph took 0.01 seconds (max_rss 34.0 MiB, delta_rss +1.8 MiB)
Netlist contains 0 clocks
# Load Timing Constraints

SDC file 'rent_exp_0.44.sdc' not found
Setting default timing constraints:
   * constrain all primay inputs and primary outputs on a virtual external clock 'virtual_io_clock'
   * optimize virtual clock to run as fast as possible
Timing constraints created 1 clocks
  Constrained Clock 'virtual_io_clock' (Virtual Clock)

# Load Timing Constraints took 0.00 seconds (max_rss 34.0 MiB, delta_rss +0.0 MiB)
# Packing
Begin packing '../../rent_exp_0.44.blif'.

After removing unused inputs...
	total blocks: 4666, total nets: 4412, total inputs: 316, total outputs: 254
Begin prepacking.

There is one chain in this architecture called "chain" with the following starting points:
	clb[0]/fle[0]/lut5inter[0]/ble5[0]/arithmetic[0]/adder[0].cin[0]

0 attraction groups were created during prepacking.
Finish prepacking.
Using inter-cluster delay: 1.33777e-09
Packing with pin utilization targets: io:1,1 clb:0.8,1 mult_36:1,1 memory:1,1
Packing with high fanout thresholds: io:128 clb:32 mult_36:128 memory:128
Starting Clustering - Clustering Progress: 
-------------------   --------------------------   ---------
Molecules processed   Number of clusters created   FPGA size
-------------------   --------------------------   ---------
   186/4666      3%                           10     6 x 6     
   372/4666      7%                           19     7 x 7     
   558/4666     11%                           28     9 x 9     
   744/4666     15%                           38    10 x 10    
   930/4666     19%                           47    10 x 10    
  1116/4666     23%                           56    11 x 11    
  1302/4666     27%                           66    12 x 12    
  1488/4666     31%                           75    13 x 13    
  1674/4666     35%                           84    13 x 13    
  1860/4666     39%                           93    14 x 14    
  2046/4666     43%                          103    14 x 14    
  2232/4666     47%                          112    15 x 15    
  2418/4666     51%                          121    15 x 15    
  2604/4666     55%                          131    16 x 16    
  2790/4666     59%                          140    16 x 16    
  2976/4666     63%                          149    17 x 17    
  3162/4666     67%                          159    17 x 17    
  3348/4666     71%                          168    18 x 18    
  3534/4666     75%                          177    18 x 18    
  3720/4666     79%                          187    18 x 18    
  3906/4666     83%                          199    19 x 19    
  4092/4666     87%                          223    20 x 20    
  4278/4666     91%                          407    20 x 20    
  4464/4666     95%                          593    20 x 20    
  4650/4666     99%                          779    20 x 20    

Logic Element (fle) detailed count:
  Total number of Logic Elements used : 2055
  LEs used for logic and registers    : 0
  LEs used for logic only             : 2055
  LEs used for registers only         : 0

Incr Slack updates 1 in 0.000151324 sec
Full Max Req/Worst Slack updates 1 in 3.576e-06 sec
Incr Max Req/Worst Slack updates 0 in 0 sec
Incr Criticality updates 0 in 0 sec
Full Criticality updates 1 in 0.000222388 sec
FPGA sized to 20 x 20 (auto)
Device Utilization: 0.74 (target 1.00)
	Block Utilization: 0.99 Type: io
	Block Utilization: 0.97 Type: clb

Start the iterative improvement process
the iterative improvement process is done
Final Clustering Statistics: 
----------   --------   ------------------------------------   --------------------------
Block Type   # Blocks   Avg. # of input clocks and pins used   Avg. # of output pins used
----------   --------   ------------------------------------   --------------------------
     EMPTY          0                                      0                            0   
        io        570                               0.445614                     0.554386   
       clb        226                                 18.146                      7.43805   
   mult_36          0                                      0                            0   
    memory          0                                      0                            0   
Absorbed logical nets 2415 out of 4412 nets, 1997 nets not absorbed.

Netlist conversion complete.

# Packing took 1.53 seconds (max_rss 63.9 MiB, delta_rss +29.8 MiB)
# Load packing
Begin loading packed FPGA netlist file.
Netlist generated from file 'rent_exp_0.44.net'.
Detected 0 constant generators (to see names run with higher pack verbosity)
Finished loading packed FPGA netlist file (took 0.19269 seconds).
Warning 2: Treated 0 constant nets as global which will not be routed (to see net names increase packer verbosity).
# Load packing took 0.20 seconds (max_rss 100.8 MiB, delta_rss +37.0 MiB)
Warning 3: Netlist contains 0 global net to non-global architecture pin connections

Pb types usage...
  io              : 570
   inpad          : 316
   outpad         : 254
  clb             : 226
   fle            : 2055
    lut5inter     : 2055
     ble5         : 4096
      flut5       : 4096
       lut5       : 4096
        lut       : 4096

# Create Device
## Build Device Grid
FPGA sized to 20 x 20: 400 grid tiles (auto)

Resource usage...
	Netlist
		570	blocks of type: io
	Architecture
		576	blocks of type: io
	Netlist
		226	blocks of type: clb
	Architecture
		234	blocks of type: clb
	Netlist
		0	blocks of type: mult_36
	Architecture
		8	blocks of type: mult_36
	Netlist
		0	blocks of type: memory
	Architecture
		9	blocks of type: memory

Device Utilization: 0.74 (target 1.00)
	Physical Tile io:
	Block Utilization: 0.99 Logical Block: io
	Physical Tile clb:
	Block Utilization: 0.97 Logical Block: clb
	Physical Tile mult_36:
	Block Utilization: 0.00 Logical Block: mult_36
	Physical Tile memory:
	Block Utilization: 0.00 Logical Block: memory

FPGA size limited by block type(s): io clb

## Build Device Grid took 0.00 seconds (max_rss 100.8 MiB, delta_rss +0.0 MiB)
## Build routing resource graph
SOURCE->OPIN and IPIN->SINK edge count:21879
OPIN->CHANX/CHANY edge count before creating direct connections: 64080
OPIN->CHANX/CHANY edge count after creating direct connections: 64301
CHAN->CHAN type edge count:345061
## Build routing resource graph took 0.14 seconds (max_rss 100.8 MiB, delta_rss +0.0 MiB)
  RR Graph Nodes: 52474
  RR Graph Edges: 431241
# Create Device took 0.14 seconds (max_rss 100.8 MiB, delta_rss +0.0 MiB)

# Computing router lookahead map
## Computing wire lookahead
## Computing wire lookahead took 0.36 seconds (max_rss 100.8 MiB, delta_rss +0.0 MiB)
## Computing src/opin lookahead
## Computing src/opin lookahead took 0.00 seconds (max_rss 100.8 MiB, delta_rss +0.0 MiB)
# Computing router lookahead map took 0.36 seconds (max_rss 100.8 MiB, delta_rss +0.0 MiB)
# Computing placement delta delay look-up
## Build routing resource graph
SOURCE->OPIN and IPIN->SINK edge count:21879
OPIN->CHANX/CHANY edge count before creating direct connections: 61750
OPIN->CHANX/CHANY edge count after creating direct connections: 61971
CHAN->CHAN type edge count:330602
## Build routing resource graph took 0.13 seconds (max_rss 100.8 MiB, delta_rss +0.0 MiB)
  RR Graph Nodes: 51678
  RR Graph Edges: 414452
## Computing router lookahead map
### Computing wire lookahead
### Computing wire lookahead took 0.35 seconds (max_rss 100.8 MiB, delta_rss +0.0 MiB)
### Computing src/opin lookahead
### Computing src/opin lookahead took 0.00 seconds (max_rss 100.8 MiB, delta_rss +0.0 MiB)
## Computing router lookahead map took 0.35 seconds (max_rss 100.8 MiB, delta_rss +0.0 MiB)
## Computing delta delays
## Computing delta delays took 0.03 seconds (max_rss 100.8 MiB, delta_rss +0.0 MiB)
# Computing placement delta delay look-up took 0.51 seconds (max_rss 100.8 MiB, delta_rss +0.0 MiB)

Bounding box mode is Cube

Using simple RL 'Softmax agent' for choosing move and block types
# Placement
## Initial Placement
Initial placement iteration 0 has finished successfully
## Initial Placement took 0.00 seconds (max_rss 100.8 MiB, delta_rss +0.0 MiB)

There are 4355 point to point connections in this circuit.


BB estimate of min-dist (placement) wire length: 35220

Completed placement consistency check successfully.
Initial placement cost: 1 bb_cost: 366.878 td_cost: 1.74862e-06
Initial placement estimated Critical Path Delay (CPD): 20.6079 ns
Initial placement estimated setup Total Negative Slack (sTNS): -4112.74 ns
Initial placement estimated setup Worst Negative Slack (sWNS): -20.6079 ns

Initial placement estimated setup slack histogram:
[ -2.1e-08:   -2e-08)  8 (  3.1%) |*******
[   -2e-08: -1.9e-08) 21 (  8.3%) |*****************
[ -1.9e-08: -1.8e-08) 24 (  9.4%) |********************
[ -1.8e-08: -1.7e-08) 34 ( 13.4%) |****************************
[ -1.7e-08: -1.6e-08) 58 ( 22.8%) |************************************************
[ -1.6e-08: -1.5e-08) 46 ( 18.1%) |**************************************
[ -1.5e-08: -1.4e-08) 28 ( 11.0%) |***********************
[ -1.4e-08: -1.3e-08) 17 (  6.7%) |**************
[ -1.3e-08: -1.2e-08) 13 (  5.1%) |***********
[ -1.2e-08: -1.1e-08)  5 (  2.0%) |****
Placement contains 0 placement macros involving 0 blocks (average macro size -nan)

Moves per temperature: 3687
Warning 4: Starting t: 301 of 796 configurations accepted.

---- ------ ------- ------- ---------- ---------- ------- ---------- -------- ------- ------- ------ -------- --------- ------
Tnum   Time       T Av Cost Av BB Cost Av TD Cost     CPD       sTNS     sWNS Ac Rate Std Dev  R lim Crit Exp Tot Moves  Alpha
      (sec)                                          (ns)       (ns)     (ns)                                                 
---- ------ ------- ------- ---------- ---------- ------- ---------- -------- ------- ------- ------ -------- --------- ------
   1    0.0 6.5e-04   0.954     296.22 1.4681e-06  19.719  -3.91e+03  -19.719   0.673  0.0310   19.0     1.00      3687  0.200
   2    0.0 6.2e-04   0.969     269.07 1.4828e-06  18.042  -3.84e+03  -18.042   0.624  0.0107   19.0     1.00      7374  0.950
   3    0.0 5.8e-04   0.964     252.63 1.3618e-06  18.563  -3.78e+03  -18.563   0.572  0.0191   19.0     1.00     11061  0.950
   4    0.0 5.6e-04   0.982     242.44 1.3441e-06  17.990  -3.75e+03  -17.990   0.569  0.0164   19.0     1.00     14748  0.950
   5    0.0 5.3e-04   0.981     232.49 1.2442e-06  18.580  -3.72e+03  -18.580   0.537  0.0134   19.0     1.00     18435  0.950
   6    0.0 5.0e-04   0.993     227.19 1.2257e-06  18.394  -3.68e+03  -18.394   0.516  0.0079   19.0     1.00     22122  0.950
   7    0.0 4.8e-04   0.992     222.00 1.235e-06   17.820  -3.68e+03  -17.820   0.499  0.0068   19.0     1.00     25809  0.950
   8    0.0 4.5e-04   0.987     217.44 1.1922e-06  18.199  -3.68e+03  -18.199   0.475  0.0088   19.0     1.00     29496  0.950
   9    0.0 4.3e-04   0.995     212.89 1.1729e-06  18.131  -3.65e+03  -18.131   0.463  0.0091   19.0     1.00     33183  0.950
  10    0.0 4.1e-04   0.997     210.27 1.1237e-06  18.593  -3.63e+03  -18.593   0.439  0.0056   19.0     1.00     36870  0.950
  11    0.0 3.9e-04   0.987     207.67 1.1886e-06  17.359  -3.64e+03  -17.359   0.434  0.0074   19.0     1.01     40557  0.950
  12    0.0 3.7e-04   0.994     203.52 1.1301e-06  17.551   -3.6e+03  -17.551   0.417  0.0052   18.9     1.05     44244  0.950
  13    0.0 3.5e-04   0.989     200.14 1.077e-06   17.301  -3.61e+03  -17.301   0.404  0.0071   18.4     1.22     47931  0.950
  14    0.0 3.3e-04   0.991     198.53 9.6075e-07  17.639   -3.6e+03  -17.639   0.390  0.0058   17.8     1.48     51618  0.950
  15    0.0 3.2e-04   0.995     196.49 8.6059e-07  17.639  -3.62e+03  -17.639   0.367  0.0026   16.9     1.82     55305  0.950
  16    0.0 3.0e-04   0.990     194.75 7.868e-07   17.343  -3.63e+03  -17.343   0.361  0.0040   15.7     2.30     58992  0.950
  17    0.0 2.9e-04   0.984     190.75 6.6287e-07  17.555  -3.59e+03  -17.555   0.349  0.0065   14.4     2.78     62679  0.950
  18    0.0 2.7e-04   0.991     188.08 5.583e-07   17.715  -3.58e+03  -17.715   0.337  0.0043   13.1     3.29     66366  0.950
  19    0.0 2.6e-04   0.990     186.61 4.7972e-07  17.686  -3.57e+03  -17.686   0.343  0.0042   11.8     3.82     70053  0.950
  20    0.0 2.4e-04   0.990     185.29 4.2175e-07  17.732  -3.55e+03  -17.732   0.321  0.0039   10.6     4.26     73740  0.950
  21    0.0 2.3e-04   0.992     183.81 4.3313e-07  17.026  -3.54e+03  -17.026   0.319  0.0029    9.4     4.75     77427  0.950
  22    0.0 2.2e-04   0.991     183.05 3.9584e-07  17.019  -3.54e+03  -17.019   0.331  0.0052    8.2     5.19     81114  0.950
  23    0.0 2.1e-04   0.993     181.39 3.625e-07   16.996  -3.53e+03  -16.996   0.294  0.0032    7.3     5.54     84801  0.950
  24    0.0 2.0e-04   0.988     179.58 3.4564e-07  16.867  -3.52e+03  -16.867   0.286  0.0074    6.3     5.96     88488  0.950
  25    0.0 1.9e-04   0.994     178.41 2.6577e-07  17.321  -3.52e+03  -17.321   0.288  0.0041    5.3     6.33     92175  0.950
  26    0.0 1.8e-04   0.989     176.70 2.659e-07   17.168  -3.53e+03  -17.168   0.266  0.0054    4.5     6.64     95862  0.950
  27    0.0 1.7e-04   0.990     175.25 2.2014e-07  17.410  -3.51e+03  -17.410   0.270  0.0050    3.7     6.95     99549  0.950
  28    0.0 1.6e-04   0.995     174.87 2.3252e-07  17.017  -3.49e+03  -17.017   0.267  0.0036    3.1     7.19    103236  0.950
  29    0.0 1.5e-04   0.990     172.10 2.6855e-07  16.502  -3.47e+03  -16.502   0.358  0.0061    2.5     7.40    106923  0.950
  30    0.0 1.5e-04   0.992     168.78 2.4577e-07  16.625  -3.46e+03  -16.625   0.347  0.0034    2.3     7.48    110610  0.950
  31    0.0 1.4e-04   0.995     167.51 2.522e-07   16.503  -3.47e+03  -16.503   0.325  0.0023    2.1     7.57    114297  0.950
  32    0.0 1.3e-04   0.994     166.18 2.6615e-07  16.286  -3.46e+03  -16.286   0.332  0.0029    1.9     7.66    117984  0.950
  33    0.0 1.3e-04   0.992     164.63 2.5255e-07  16.346  -3.45e+03  -16.346   0.309  0.0029    1.7     7.74    121671  0.950
  34    0.0 1.2e-04   0.997     164.00 2.1464e-07  16.652  -3.46e+03  -16.652   0.316  0.0010    1.5     7.82    125358  0.950
  35    0.0 1.1e-04   0.995     163.35 2.2308e-07  16.508  -3.44e+03  -16.508   0.304  0.0037    1.3     7.89    129045  0.950
  36    0.0 1.1e-04   0.998     162.57 2.1884e-07  16.507  -3.44e+03  -16.507   0.273  0.0014    1.1     7.96    132732  0.950
  37    0.0 1.0e-04   0.999     162.59 2.173e-07   16.507  -3.44e+03  -16.507   0.283  0.0007    1.0     8.00    136419  0.950
  38    0.0 9.7e-05   0.998     162.57 2.1578e-07  16.507  -3.44e+03  -16.507   0.269  0.0007    1.0     8.00    140106  0.950
  39    0.0 9.2e-05   0.997     162.28 2.1454e-07  16.507  -3.44e+03  -16.507   0.261  0.0017    1.0     8.00    143793  0.950
  40    0.0 8.8e-05   0.997     161.80 2.1214e-07  16.507  -3.43e+03  -16.507   0.248  0.0016    1.0     8.00    147480  0.950
  41    0.0 8.3e-05   0.997     161.46 2.1063e-07  16.507  -3.44e+03  -16.507   0.235  0.0016    1.0     8.00    151167  0.950
  42    0.0 7.9e-05   0.999     161.27 2.1167e-07  16.507  -3.43e+03  -16.507   0.237  0.0005    1.0     8.00    154854  0.950
  43    0.0 7.5e-05   0.998     161.28 2.1403e-07  16.507  -3.44e+03  -16.507   0.237  0.0007    1.0     8.00    158541  0.950
  44    0.0 7.1e-05   0.999     161.01 2.1421e-07  16.507  -3.44e+03  -16.507   0.224  0.0014    1.0     8.00    162228  0.950
  45    0.0 6.8e-05   0.998     160.58 2.1157e-07  16.507  -3.44e+03  -16.507   0.227  0.0007    1.0     8.00    165915  0.950
  46    0.0 6.4e-05   0.997     160.56 2.1084e-07  16.507  -3.44e+03  -16.507   0.202  0.0017    1.0     8.00    169602  0.950
  47    0.0 6.1e-05   0.998     160.21 2.1025e-07  16.507  -3.44e+03  -16.507   0.200  0.0008    1.0     8.00    173289  0.950
  48    0.0 5.8e-05   0.997     159.93 2.0894e-07  16.507  -3.44e+03  -16.507   0.200  0.0015    1.0     8.00    176976  0.950
  49    0.0 5.5e-05   0.999     159.64 2.079e-07   16.507  -3.43e+03  -16.507   0.192  0.0009    1.0     8.00    180663  0.950
  50    0.0 5.2e-05   1.000     159.83 2.0746e-07  16.507  -3.44e+03  -16.507   0.180  0.0003    1.0     8.00    184350  0.950
  51    0.0 5.0e-05   0.998     159.83 2.0693e-07  16.507  -3.44e+03  -16.507   0.181  0.0008    1.0     8.00    188037  0.950
  52    0.0 4.7e-05   0.999     159.70 2.0723e-07  16.507  -3.44e+03  -16.507   0.166  0.0008    1.0     8.00    191724  0.950
  53    0.0 4.5e-05   0.999     159.59 2.0732e-07  16.507  -3.44e+03  -16.507   0.166  0.0002    1.0     8.00    195411  0.950
  54    0.0 4.3e-05   0.997     159.27 2.0721e-07  16.507  -3.44e+03  -16.507   0.174  0.0015    1.0     8.00    199098  0.950
  55    0.0 4.1e-05   1.000     159.47 2.0574e-07  16.507  -3.44e+03  -16.507   0.160  0.0004    1.0     8.00    202785  0.950
  56    0.0 3.9e-05   0.999     159.41 2.0442e-07  16.507  -3.44e+03  -16.507   0.157  0.0006    1.0     8.00    206472  0.950
  57    0.0 3.7e-05   1.000     159.19 2.0448e-07  16.507  -3.43e+03  -16.507   0.151  0.0004    1.0     8.00    210159  0.950
  58    0.0 3.5e-05   0.999     159.01 2.0388e-07  16.507  -3.43e+03  -16.507   0.128  0.0004    1.0     8.00    213846  0.950
  59    0.0 2.8e-05   0.999     158.96 2.0375e-07  16.507  -3.43e+03  -16.507   0.113  0.0006    1.0     8.00    217533  0.800
Agent's 2nd state: 
Checkpoint saved: bb_costs=158.854, TD costs=2.02922e-07, CPD= 16.507 (ns) 
  60    0.0 2.2e-05   0.999     158.86 2.0257e-07  16.507  -3.43e+03  -16.507   0.066  0.0006    1.0     8.00    221220  0.800
Checkpoint saved: bb_costs=158.836, TD costs=2.17812e-07, CPD= 16.364 (ns) 
  61    0.0 1.8e-05   0.999     158.68 2.1746e-07  16.364  -3.43e+03  -16.364   0.065  0.0006    1.0     8.00    224907  0.800
  62    0.0 1.4e-05   0.999     158.62 2.1669e-07  16.367  -3.43e+03  -16.367   0.048  0.0005    1.0     8.00    228594  0.800
  63    0.0 1.1e-05   0.999     158.53 2.1591e-07  16.367  -3.43e+03  -16.367   0.043  0.0003    1.0     8.00    232281  0.800
Checkpoint saved: bb_costs=158.571, TD costs=2.31698e-07, CPD= 16.217 (ns) 
  64    0.0 9.1e-06   0.999     158.54 2.3143e-07  16.217  -3.43e+03  -16.217   0.031  0.0003    1.0     8.00    235968  0.800
  65    0.0 7.3e-06   0.999     158.47 2.3029e-07  16.217  -3.43e+03  -16.217   0.030  0.0003    1.0     8.00    239655  0.800
  66    0.0 5.8e-06   1.000     158.50 2.1419e-07  16.367  -3.43e+03  -16.367   0.020  0.0001    1.0     8.00    243342  0.800
  67    0.0 4.7e-06   0.999     158.48 2.1457e-07  16.367  -3.43e+03  -16.367   0.019  0.0004    1.0     8.00    247029  0.800
  68    0.0 3.7e-06   1.000     158.46 2.1352e-07  16.367  -3.43e+03  -16.367   0.016  0.0001    1.0     8.00    250716  0.800
  69    0.0 3.0e-06   1.000     158.49 2.1332e-07  16.367  -3.43e+03  -16.367   0.011  0.0001    1.0     8.00    254403  0.800
  70    0.0 0.0e+00   1.000     158.43 2.1325e-07  16.367  -3.43e+03  -16.367   0.006  0.0003    1.0     8.00    258090  0.800
## Placement Quench took 0.01 seconds (max_rss 100.8 MiB)
post-quench CPD = 16.3666 (ns) 

Checkpoint restored

BB estimate of min-dist (placement) wire length: 15223

Completed placement consistency check successfully.

Swaps called: 258886

Aborted Move Reasons:
  No moves aborted

Placement estimated critical path delay (least slack): 16.2168 ns, Fmax: 61.6646 MHz
Placement estimated setup Worst Negative Slack (sWNS): -16.2168 ns
Placement estimated setup Total Negative Slack (sTNS): -3432.22 ns

Placement estimated setup slack histogram:
[ -1.6e-08: -1.6e-08)  9 (  3.5%) |*******
[ -1.6e-08: -1.5e-08) 29 ( 11.4%) |**********************
[ -1.5e-08: -1.4e-08) 53 ( 20.9%) |*****************************************
[ -1.4e-08: -1.3e-08) 62 ( 24.4%) |************************************************
[ -1.3e-08: -1.3e-08) 41 ( 16.1%) |********************************
[ -1.3e-08: -1.2e-08) 19 (  7.5%) |***************
[ -1.2e-08: -1.1e-08) 17 (  6.7%) |*************
[ -1.1e-08: -1.1e-08) 14 (  5.5%) |***********
[ -1.1e-08: -9.9e-09)  6 (  2.4%) |*****
[ -9.9e-09: -9.2e-09)  4 (  1.6%) |***

Placement estimated geomean non-virtual intra-domain period: nan ns (nan MHz)
Placement estimated fanout-weighted geomean non-virtual intra-domain period: nan ns (nan MHz)

Placement cost: 1, bb_cost: 158.571, td_cost: 2.31698e-07, 

Placement resource usage:
  io  implemented as io : 570
  clb implemented as clb: 226

Placement number of temperatures: 70
Placement total # of swap attempts: 258886
	Swaps accepted:  70055 (27.1 %)
	Swaps rejected: 174025 (67.2 %)
	Swaps aborted:  14806 ( 5.7 %)


Placement perturbation distribution by block and move type: 
------------------ ----------------- ---------------- ---------------- --------------- ------------ 
    Block Type         Move Type       (%) of Total      Accepted(%)     Rejected(%)    Aborted(%)
------------------ ----------------- ---------------- ---------------- --------------- ------------ 
io                 Uniform                16.83            36.76           63.24          0.00         
                   Median                 16.70            34.65           49.36          15.99        
                   Centroid               16.65            38.58           54.72          6.70         
                   W. Centroid            16.75            38.81           54.33          6.85         
                   W. Median              1.63             5.57            72.49          21.94        
                   Crit. Uniform          0.46             0.76            99.24          0.00         
                   Feasible Region        0.46             0.92            94.65          4.43         

clb                Uniform                6.67             3.77            96.23          0.00         
                   Median                 6.61             9.67            87.60          2.73         
                   Centroid               6.48             8.71            90.88          0.41         
                   W. Centroid            6.59             9.11            90.23          0.67         
                   W. Median              0.65             0.60            92.11          7.29         
                   Crit. Uniform          1.76             0.07            99.93          0.00         
                   Feasible Region        1.76             0.22            93.66          6.13         


Placement Quench timing analysis took 0.00199009 seconds (0.00177292 STA, 0.000217168 slack) (1 full updates: 1 setup, 0 hold, 0 combined).
Placement Total  timing analysis took 0.175054 seconds (0.153217 STA, 0.0218372 slack) (73 full updates: 73 setup, 0 hold, 0 combined).
update_td_costs: connections 0 nets 0 sum_nets 0 total 0
# Placement took 0.65 seconds (max_rss 100.8 MiB, delta_rss +0.0 MiB)

# Routing
Initializing minimum channel width search based on maximum CLB pins

Attempting to route at 76 channels (binary search bounds: [-1, -1])
## Build routing resource graph
SOURCE->OPIN and IPIN->SINK edge count:21879
OPIN->CHANX/CHANY edge count before creating direct connections: 48934
OPIN->CHANX/CHANY edge count after creating direct connections: 49155
CHAN->CHAN type edge count:261327
## Build routing resource graph took 0.10 seconds (max_rss 100.8 MiB, delta_rss +0.0 MiB)
  RR Graph Nodes: 47686
  RR Graph Edges: 332361
Confirming router algorithm: TIMING_DRIVEN.
## Computing router lookahead map
### Computing wire lookahead
### Computing wire lookahead took 0.30 seconds (max_rss 100.8 MiB, delta_rss +0.0 MiB)
### Computing src/opin lookahead
### Computing src/opin lookahead took 0.00 seconds (max_rss 100.8 MiB, delta_rss +0.0 MiB)
## Computing router lookahead map took 0.30 seconds (max_rss 100.8 MiB, delta_rss +0.0 MiB)
## Initializing router criticalities
Initial Net Connection Criticality Histogram:
[        0:      0.1)    8 (  0.2%) |
[      0.1:      0.2)   56 (  1.3%) |**
[      0.2:      0.3)   86 (  2.0%) |***
[      0.3:      0.4)  147 (  3.4%) |*****
[      0.4:      0.5)  233 (  5.4%) |********
[      0.5:      0.6)  364 (  8.4%) |************
[      0.6:      0.7)  619 ( 14.2%) |*********************
[      0.7:      0.8)  957 ( 22.0%) |********************************
[      0.8:      0.9) 1369 ( 31.4%) |**********************************************
[      0.9:        1)  516 ( 11.8%) |*****************
## Initializing router criticalities took 0.04 seconds (max_rss 100.8 MiB, delta_rss +0.0 MiB)
---- ------ ------- ---- ------- ------- ------- ----------------- --------------- -------- ---------- ---------- ---------- ---------- --------
Iter   Time    pres  BBs    Heap  Re-Rtd  Re-Rtd Overused RR Nodes      Wirelength      CPD       sTNS       sWNS       hTNS       hWNS Est Succ
      (sec)     fac Updt    push    Nets   Conns                                       (ns)       (ns)       (ns)       (ns)       (ns)     Iter
---- ------ ------- ---- ------- ------- ------- ----------------- --------------- -------- ---------- ---------- ---------- ---------- --------
   1    0.0     0.0    0  221198    1997    4355    2018 ( 4.232%)   24765 (47.6%)   17.372     -3641.    -17.372      0.000      0.000      N/A
Incr Slack updates 73 in 0.00687923 sec
Full Max Req/Worst Slack updates 30 in 9.8335e-05 sec
Incr Max Req/Worst Slack updates 43 in 0.000174711 sec
Incr Criticality updates 31 in 0.00522606 sec
Full Criticality updates 42 in 0.0085029 sec
   2    0.0     0.5   19  194928    1505    3766    1432 ( 3.003%)   24649 (47.4%)   17.246     -3645.    -17.246      0.000      0.000      N/A
   3    0.0     0.6    3  188836    1243    3397    1267 ( 2.657%)   25141 (48.4%)   17.246     -3642.    -17.246      0.000      0.000      N/A
   4    0.0     0.8    6  186952    1136    3244    1080 ( 2.265%)   25348 (48.8%)   17.368     -3646.    -17.368      0.000      0.000      N/A
   5    0.0     1.1    7  177435     992    3014     840 ( 1.762%)   25565 (49.2%)   17.373     -3648.    -17.373      0.000      0.000      N/A
   6    0.0     1.4   12  161849     832    2720     632 ( 1.325%)   25964 (49.9%)   17.366     -3647.    -17.366      0.000      0.000      N/A
   7    0.0     1.9    5  150789     713    2484     492 ( 1.032%)   26318 (50.6%)   17.246     -3651.    -17.246      0.000      0.000      N/A
   8    0.0     2.4    7  126451     531    2063     330 ( 0.692%)   26707 (51.4%)   17.361     -3652.    -17.361      0.000      0.000      N/A
   9    0.0     3.1    5  115740     441    1812     212 ( 0.445%)   27152 (52.2%)   17.254     -3654.    -17.254      0.000      0.000      N/A
  10    0.0     4.1    2   81639     288    1224     129 ( 0.271%)   27420 (52.7%)   17.254     -3655.    -17.254      0.000      0.000       25
  11    0.0     5.3    5   57709     166     828      70 ( 0.147%)   27624 (53.1%)   17.254     -3656.    -17.254      0.000      0.000       22
  12    0.0     6.9    1   36423      94     502      31 ( 0.065%)   27773 (53.4%)   17.254     -3657.    -17.254      0.000      0.000       21
  13    0.0     9.0    1   20071      52     261      15 ( 0.031%)   27847 (53.6%)   17.254     -3657.    -17.254      0.000      0.000       19
  14    0.0    11.6    1   10721      24     126       6 ( 0.013%)   27921 (53.7%)   17.254     -3657.    -17.254      0.000      0.000       18
  15    0.0    15.1    0    6095      12      61       1 ( 0.002%)   27936 (53.7%)   17.254     -3657.    -17.254      0.000      0.000       17
  16    0.0    19.7    0     950       5      11       1 ( 0.002%)   27936 (53.7%)   17.254     -3657.    -17.254      0.000      0.000       16
  17    0.0    25.6    0     885       5      11       0 ( 0.000%)   27919 (53.7%)   17.254     -3657.    -17.254      0.000      0.000       16
Restoring best routing
Critical path: 17.254 ns
Successfully routed after 17 routing iterations.
Final Net Connection Criticality Histogram:
[        0:      0.1)    2 (  0.0%) |
[      0.1:      0.2)   48 (  1.1%) |**
[      0.2:      0.3)   83 (  1.9%) |***
[      0.3:      0.4)  135 (  3.1%) |****
[      0.4:      0.5)  226 (  5.2%) |*******
[      0.5:      0.6)  364 (  8.4%) |************
[      0.6:      0.7)  578 ( 13.3%) |*******************
[      0.7:      0.8)  936 ( 21.5%) |******************************
[      0.8:      0.9) 1433 ( 32.9%) |**********************************************
[      0.9:        1)  550 ( 12.6%) |******************
Router Stats: total_nets_routed: 10036 total_connections_routed: 29879 total_heap_pushes: 1738671 total_heap_pops: 426981 total_internal_heap_pushes: 0 total_internal_heap_pops: 0 total_external_heap_pushes: 1738671 total_external_heap_pops: 426981 total_external_SOURCE_pushes: 29879 total_external_SOURCE_pops: 17774 total_internal_SOURCE_pushes: 0 total_internal_SOURCE_pops: 0 rt_node_SOURCE_pushes: 29879 rt_node_SOURCE_high_fanout_pushes: 0 rt_node_SOURCE_entire_tree_pushes: 29879 total_external_SINK_pushes: 90786 total_external_SINK_pops: 83847 total_internal_SINK_pushes: 0 total_internal_SINK_pops: 0 rt_node_SINK_pushes: 0 rt_node_SINK_high_fanout_pushes: 0 rt_node_SINK_entire_tree_pushes: 0 total_external_IPIN_pushes: 133507 total_external_IPIN_pops: 119102 total_internal_IPIN_pushes: 0 total_internal_IPIN_pops: 0 rt_node_IPIN_pushes: 0 rt_node_IPIN_high_fanout_pushes: 0 rt_node_IPIN_entire_tree_pushes: 0 total_external_OPIN_pushes: 34693 total_external_OPIN_pops: 23797 total_internal_OPIN_pushes: 0 total_internal_OPIN_pops: 0 rt_node_OPIN_pushes: 19949 rt_node_OPIN_high_fanout_pushes: 0 rt_node_OPIN_entire_tree_pushes: 19949 total_external_CHANX_pushes: 722783 total_external_CHANX_pops: 91499 total_internal_CHANX_pushes: 0 total_internal_CHANX_pops: 0 rt_node_CHANX_pushes: 69402 rt_node_CHANX_high_fanout_pushes: 0 rt_node_CHANX_entire_tree_pushes: 69402 total_external_CHANY_pushes: 727023 total_external_CHANY_pops: 90962 total_internal_CHANY_pushes: 0 total_internal_CHANY_pops: 0 rt_node_CHANY_pushes: 72785 rt_node_CHANY_high_fanout_pushes: 0 rt_node_CHANY_entire_tree_pushes: 72785 total_number_of_adding_all_rt: 350587 total_number_of_adding_high_fanout_rt: 0 total_number_of_adding_all_rt_from_calling_high_fanout_rt: 0 

Attempting to route at 38 channels (binary search bounds: [-1, 76])
## Build routing resource graph
SOURCE->OPIN and IPIN->SINK edge count:21879
OPIN->CHANX/CHANY edge count before creating direct connections: 24476
OPIN->CHANX/CHANY edge count after creating direct connections: 24697
CHAN->CHAN type edge count:131301
## Build routing resource graph took 0.05 seconds (max_rss 100.8 MiB, delta_rss +0.0 MiB)
  RR Graph Nodes: 40106
  RR Graph Edges: 177877
Confirming router algorithm: TIMING_DRIVEN.
## Computing router lookahead map
### Computing wire lookahead
### Computing wire lookahead took 0.18 seconds (max_rss 100.8 MiB, delta_rss +0.0 MiB)
### Computing src/opin lookahead
### Computing src/opin lookahead took 0.00 seconds (max_rss 100.8 MiB, delta_rss +0.0 MiB)
## Computing router lookahead map took 0.18 seconds (max_rss 100.8 MiB, delta_rss +0.0 MiB)
## Initializing router criticalities
Initial Net Connection Criticality Histogram:
[        0:      0.1)    9 (  0.2%) |
[      0.1:      0.2)   55 (  1.3%) |**
[      0.2:      0.3)   86 (  2.0%) |***
[      0.3:      0.4)  148 (  3.4%) |*****
[      0.4:      0.5)  232 (  5.3%) |********
[      0.5:      0.6)  367 (  8.4%) |************
[      0.6:      0.7)  616 ( 14.1%) |*********************
[      0.7:      0.8)  960 ( 22.0%) |********************************
[      0.8:      0.9) 1370 ( 31.5%) |**********************************************
[      0.9:        1)  512 ( 11.8%) |*****************
## Initializing router criticalities took 0.01 seconds (max_rss 100.8 MiB, delta_rss +0.0 MiB)
---- ------ ------- ---- ------- ------- ------- ----------------- --------------- -------- ---------- ---------- ---------- ---------- --------
Iter   Time    pres  BBs    Heap  Re-Rtd  Re-Rtd Overused RR Nodes      Wirelength      CPD       sTNS       sWNS       hTNS       hWNS Est Succ
      (sec)     fac Updt    push    Nets   Conns                                       (ns)       (ns)       (ns)       (ns)       (ns)     Iter
---- ------ ------- ---- ------- ------- ------- ----------------- --------------- -------- ---------- ---------- ---------- ---------- --------
   1    0.0     0.0    0  204170    1997    4355    2522 ( 6.288%)   25958 (99.9%)   17.473     -3696.    -17.473      0.000      0.000      N/A
Wire length usage ratio 0.998692 exceeds limit of 0.85, fail routing.
Routing failed.

Failed routing attempt #0
Total number of overused nodes: 2522
Total number of overused nodes is larger than the logging limit (20).
Displaying the first 20 entries.
Routing Failure Diagnostics: Printing Overused Nodes Information
------ ------- ---------- --------- -------- ------------ ------- ------- ------- ------- ------- ------- -------
   No.  NodeId  Occupancy  Capacity  RR Node    Direction    Side     PTC   Block    Xlow    Ylow   Xhigh   Yhigh
                                        type                          NUM    Name                                 
------ ------- ---------- --------- -------- ------------ ------- ------- ------- ------- ------- ------- -------
     0     941          2         1     IPIN          N/A  BOTTOM       2     clb       1       1       1       1
     1     951          2         1     IPIN          N/A     TOP      12     clb       1       1       1       1
     2     959          3         1     IPIN          N/A     TOP      20     clb       1       1       1       1
     3     967          2         1     IPIN          N/A     TOP      28     clb       1       1       1       1
     4    1254          3         1     IPIN          N/A   RIGHT       9     clb       1       4       1       4
     5    1276          2         1     IPIN          N/A    LEFT      31     clb       1       4       1       4
     6    1350          2         1     IPIN          N/A    LEFT       3     clb       1       5       1       5
     7    1358          2         1     IPIN          N/A    LEFT      11     clb       1       5       1       5
     8    1362          2         1     IPIN          N/A    LEFT      15     clb       1       5       1       5
     9    1382          2         1     IPIN          N/A    LEFT      35     clb       1       5       1       5
    10    1460          2         1     IPIN          N/A    LEFT      11     clb       1       6       1       6
    11    1486          2         1     IPIN          N/A   RIGHT      37     clb       1       6       1       6
    12    1596          2         1     IPIN          N/A   RIGHT      45     clb       1       7       1       7
    13    1659          3         1     IPIN          N/A  BOTTOM       6     clb       1       8       1       8
    14    1660          2         1     IPIN          N/A    LEFT       7     clb       1       8       1       8
    15    1663          2         1     IPIN          N/A  BOTTOM      10     clb       1       8       1       8
    16    1674          2         1     IPIN          N/A   RIGHT      21     clb       1       8       1       8
    17    1762          4         1     IPIN          N/A    LEFT       7     clb       1       9       1       9
    18    1785          2         1     IPIN          N/A  BOTTOM      30     clb       1       9       1       9
    19    1802          2         1     IPIN          N/A    LEFT      47     clb       1       9       1       9

Final Net Connection Criticality Histogram:
[        0:      0.1)    2 (  0.0%) |
[      0.1:      0.2)   49 (  1.1%) |**
[      0.2:      0.3)   85 (  2.0%) |***
[      0.3:      0.4)  139 (  3.2%) |*****
[      0.4:      0.5)  226 (  5.2%) |*******
[      0.5:      0.6)  366 (  8.4%) |************
[      0.6:      0.7)  606 ( 13.9%) |********************
[      0.7:      0.8)  912 ( 20.9%) |******************************
[      0.8:      0.9) 1407 ( 32.3%) |**********************************************
[      0.9:        1)  563 ( 12.9%) |******************
Router Stats: total_nets_routed: 1997 total_connections_routed: 4355 total_heap_pushes: 204170 total_heap_pops: 57692 total_internal_heap_pushes: 0 total_internal_heap_pops: 0 total_external_heap_pushes: 204170 total_external_heap_pops: 57692 total_external_SOURCE_pushes: 4355 total_external_SOURCE_pops: 2882 total_internal_SOURCE_pushes: 0 total_internal_SOURCE_pops: 0 rt_node_SOURCE_pushes: 4355 rt_node_SOURCE_high_fanout_pushes: 0 rt_node_SOURCE_entire_tree_pushes: 4355 total_external_SINK_pushes: 13612 total_external_SINK_pops: 11641 total_internal_SINK_pushes: 0 total_internal_SINK_pops: 0 rt_node_SINK_pushes: 0 rt_node_SINK_high_fanout_pushes: 0 rt_node_SINK_entire_tree_pushes: 0 total_external_IPIN_pushes: 17537 total_external_IPIN_pops: 17448 total_internal_IPIN_pushes: 0 total_internal_IPIN_pops: 0 rt_node_IPIN_pushes: 0 rt_node_IPIN_high_fanout_pushes: 0 rt_node_IPIN_entire_tree_pushes: 0 total_external_OPIN_pushes: 4880 total_external_OPIN_pops: 3544 total_internal_OPIN_pushes: 0 total_internal_OPIN_pops: 0 rt_node_OPIN_pushes: 2358 rt_node_OPIN_high_fanout_pushes: 0 rt_node_OPIN_entire_tree_pushes: 2358 total_external_CHANX_pushes: 81198 total_external_CHANX_pops: 11192 total_internal_CHANX_pushes: 0 total_internal_CHANX_pops: 0 rt_node_CHANX_pushes: 7252 rt_node_CHANX_high_fanout_pushes: 0 rt_node_CHANX_entire_tree_pushes: 7252 total_external_CHANY_pushes: 82588 total_external_CHANY_pops: 10985 total_internal_CHANY_pushes: 0 total_internal_CHANY_pops: 0 rt_node_CHANY_pushes: 7811 rt_node_CHANY_high_fanout_pushes: 0 rt_node_CHANY_entire_tree_pushes: 7811 total_number_of_adding_all_rt: 38684 total_number_of_adding_high_fanout_rt: 0 total_number_of_adding_all_rt_from_calling_high_fanout_rt: 0 

Attempting to route at 58 channels (binary search bounds: [38, 76])
## Build routing resource graph
SOURCE->OPIN and IPIN->SINK edge count:21879
OPIN->CHANX/CHANY edge count before creating direct connections: 37292
OPIN->CHANX/CHANY edge count after creating direct connections: 37513
CHAN->CHAN type edge count:201182
## Build routing resource graph took 0.07 seconds (max_rss 100.8 MiB, delta_rss +0.0 MiB)
  RR Graph Nodes: 44094
  RR Graph Edges: 260574
Confirming router algorithm: TIMING_DRIVEN.
## Computing router lookahead map
### Computing wire lookahead
### Computing wire lookahead took 0.25 seconds (max_rss 100.8 MiB, delta_rss +0.0 MiB)
### Computing src/opin lookahead
### Computing src/opin lookahead took 0.00 seconds (max_rss 100.8 MiB, delta_rss +0.0 MiB)
## Computing router lookahead map took 0.25 seconds (max_rss 100.8 MiB, delta_rss +0.0 MiB)
## Initializing router criticalities
Initial Net Connection Criticality Histogram:
[        0:      0.1)    8 (  0.2%) |
[      0.1:      0.2)   56 (  1.3%) |**
[      0.2:      0.3)   86 (  2.0%) |***
[      0.3:      0.4)  147 (  3.4%) |*****
[      0.4:      0.5)  233 (  5.4%) |********
[      0.5:      0.6)  364 (  8.4%) |************
[      0.6:      0.7)  619 ( 14.2%) |*********************
[      0.7:      0.8)  960 ( 22.0%) |********************************
[      0.8:      0.9) 1366 ( 31.4%) |**********************************************
[      0.9:        1)  516 ( 11.8%) |*****************
## Initializing router criticalities took 0.01 seconds (max_rss 100.8 MiB, delta_rss +0.0 MiB)
---- ------ ------- ---- ------- ------- ------- ----------------- --------------- -------- ---------- ---------- ---------- ---------- --------
Iter   Time    pres  BBs    Heap  Re-Rtd  Re-Rtd Overused RR Nodes      Wirelength      CPD       sTNS       sWNS       hTNS       hWNS Est Succ
      (sec)     fac Updt    push    Nets   Conns                                       (ns)       (ns)       (ns)       (ns)       (ns)     Iter
---- ------ ------- ---- ------- ------- ------- ----------------- --------------- -------- ---------- ---------- ---------- ---------- --------
   1    0.0     0.0    0  209161    1997    4355    2183 ( 4.951%)   25043 (63.1%)   17.278     -3646.    -17.278      0.000      0.000      N/A
   2    0.0     0.5   24  192957    1649    3942    1794 ( 4.069%)   25012 (63.0%)   17.279     -3646.    -17.279      0.000      0.000      N/A
   3    0.0     0.6    3  208134    1466    3719    1654 ( 3.751%)   25695 (64.8%)   17.278     -3651.    -17.278      0.000      0.000      N/A
   4    0.0     0.8    6  213026    1337    3516    1463 ( 3.318%)   26180 (66.0%)   17.278     -3656.    -17.278      0.000      0.000      N/A
   5    0.0     1.1   17  217211    1242    3420    1221 ( 2.769%)   26634 (67.1%)   17.256     -3662.    -17.256      0.000      0.000      N/A
   6    0.0     1.4   10  214944    1095    3158    1040 ( 2.359%)   27032 (68.1%)   17.257     -3662.    -17.257      0.000      0.000      N/A
   7    0.0     1.9   17  206888     980    2985     848 ( 1.923%)   27548 (69.4%)   17.257     -3671.    -17.257      0.000      0.000      N/A
   8    0.0     2.4   14  195774     821    2674     687 ( 1.558%)   27925 (70.4%)   17.258     -3673.    -17.258      0.000      0.000      N/A
   9    0.0     3.1   12  184223     691    2383     520 ( 1.179%)   28429 (71.7%)   17.258     -3676.    -17.258      0.000      0.000      N/A
  10    0.0     4.1   13  178788     576    2131     415 ( 0.941%)   28946 (73.0%)   17.258     -3676.    -17.258      0.000      0.000       39
  11    0.0     5.3    9  172702     462    1884     286 ( 0.649%)   29725 (74.9%)   17.257     -3679.    -17.257      0.000      0.000       36
  12    0.0     6.9    7  150905     366    1545     207 ( 0.469%)   30086 (75.8%)   17.257     -3683.    -17.257      0.000      0.000       34
  13    0.0     9.0    6  124409     271    1187     154 ( 0.349%)   30512 (76.9%)   17.268     -3684.    -17.268      0.000      0.000       31
  14    0.0    11.6    7  106620     211     949     113 ( 0.256%)   30798 (77.6%)   17.258     -3686.    -17.258      0.000      0.000       30
  15    0.0    15.1    6   97546     161     760      70 ( 0.159%)   30986 (78.1%)   17.258     -3688.    -17.258      0.000      0.000       30
  16    0.0    19.7    5   68613     101     482      46 ( 0.104%)   31319 (78.9%)   17.304     -3690.    -17.304      0.000      0.000       29
  17    0.0    25.6    6   89126     151     828      35 ( 0.079%)   31410 (79.2%)   17.304     -3691.    -17.304      0.000      0.000       27
  18    0.0    33.3    1   85379     144     819      25 ( 0.057%)   31396 (79.1%)   17.304     -3693.    -17.304      0.000      0.000       27
  19    0.0    43.3    0   76999     138     796      16 ( 0.036%)   31432 (79.2%)   17.304     -3696.    -17.304      0.000      0.000       27
  20    0.0    56.2    4   67666     132     735      14 ( 0.032%)   31474 (79.3%)   17.304     -3695.    -17.304      0.000      0.000       27
  21    0.0    73.1    0   67150     125     702      14 ( 0.032%)   31535 (79.5%)   17.304     -3702.    -17.304      0.000      0.000       27
  22    0.0    95.0    0   72228     127     722      12 ( 0.027%)   31455 (79.3%)   17.304     -3695.    -17.304      0.000      0.000       28
  23    0.0   123.5    0   72079     120     690      10 ( 0.023%)   31524 (79.5%)   17.304     -3699.    -17.304      0.000      0.000       29
  24    0.0   160.6    1   73770     118     681       8 ( 0.018%)   31501 (79.4%)   17.304     -3695.    -17.304      0.000      0.000       30
  25    0.0   208.8    1   68165     119     688       7 ( 0.016%)   31542 (79.5%)   17.304     -3702.    -17.304      0.000      0.000       31
  26    0.0   271.4    0   69000     119     681       3 ( 0.007%)   31612 (79.7%)   17.304     -3703.    -17.304      0.000      0.000       32
  27    0.0   352.8    0   58176     115     664       2 ( 0.005%)   31605 (79.7%)   17.304     -3703.    -17.304      0.000      0.000       32
  28    0.0   458.7    0   53022     113     654       2 ( 0.005%)   31592 (79.6%)   17.304     -3702.    -17.304      0.000      0.000       31
  29    0.0   596.3    0   57944     113     650       3 ( 0.007%)   31596 (79.6%)   17.304     -3702.    -17.304      0.000      0.000       31
  30    0.0   775.1    0   55830     114     655       2 ( 0.005%)   31597 (79.6%)   17.304     -3703.    -17.304      0.000      0.000       32
  31    0.0  1007.7    0   55920     112     651       2 ( 0.005%)   31595 (79.6%)   17.304     -3703.    -17.304      0.000      0.000       32
  32    0.0  1310.0    0   54735     112     647       3 ( 0.007%)   31583 (79.6%)   17.304     -3703.    -17.304      0.000      0.000       33
  33    0.0  1703.0    0   59310     113     652       2 ( 0.005%)   31600 (79.7%)   17.304     -3704.    -17.304      0.000      0.000       34
  34    0.0  2213.9    0   56428     112     651       2 ( 0.005%)   31591 (79.6%)   17.304     -3703.    -17.304      0.000      0.000       35
  35    0.0  2878.1    0   58041     112     648       3 ( 0.007%)   31590 (79.6%)   17.304     -3703.    -17.304      0.000      0.000       36
  36    0.0  3741.5    0   57926     112     648       3 ( 0.007%)   31596 (79.6%)   17.304     -3702.    -17.304      0.000      0.000       37
  37    0.0  4863.9    0   60224     116     654       4 ( 0.009%)   31607 (79.7%)   17.304     -3702.    -17.304      0.000      0.000       39
  38    0.0  6323.1    0   57488     113     648       4 ( 0.009%)   31610 (79.7%)   17.304     -3702.    -17.304      0.000      0.000       41
  39    0.0  8220.0    0   64964     114     662       4 ( 0.009%)   31582 (79.6%)   17.304     -3702.    -17.304      0.000      0.000       45
  40    0.0 10686.0    0   58940     113     649       2 ( 0.005%)   31582 (79.6%)   17.304     -3702.    -17.304      0.000      0.000       48
  41    0.0 13891.9    0   59891     113     649       2 ( 0.005%)   31607 (79.7%)   17.304     -3702.    -17.304      0.000      0.000       50
  42    0.0 18059.4    0   62853     113     657       1 ( 0.002%)   31583 (79.6%)   17.304     -3702.    -17.304      0.000      0.000       51
  43    0.0 23477.2    0   59302     112     657       0 ( 0.000%)   31573 (79.6%)   17.304     -3702.    -17.304      0.000      0.000       51
Restoring best routing
Critical path: 17.3036 ns
Successfully routed after 43 routing iterations.
Final Net Connection Criticality Histogram:
[        0:      0.1)    1 (  0.0%) |
[      0.1:      0.2)   43 (  1.0%) |*
[      0.2:      0.3)   76 (  1.7%) |**
[      0.3:      0.4)  132 (  3.0%) |****
[      0.4:      0.5)  215 (  4.9%) |*******
[      0.5:      0.6)  340 (  7.8%) |***********
[      0.6:      0.7)  556 ( 12.8%) |******************
[      0.7:      0.8)  910 ( 20.9%) |*****************************
[      0.8:      0.9) 1426 ( 32.7%) |**********************************************
[      0.9:        1)  656 ( 15.1%) |*********************
Router Stats: total_nets_routed: 16641 total_connections_routed: 57528 total_heap_pushes: 4474457 total_heap_pops: 979242 total_internal_heap_pushes: 0 total_internal_heap_pops: 0 total_external_heap_pushes: 4474457 total_external_heap_pops: 979242 total_external_SOURCE_pushes: 57528 total_external_SOURCE_pops: 37527 total_internal_SOURCE_pushes: 0 total_internal_SOURCE_pops: 0 rt_node_SOURCE_pushes: 57528 rt_node_SOURCE_high_fanout_pushes: 0 rt_node_SOURCE_entire_tree_pushes: 57528 total_external_SINK_pushes: 159832 total_external_SINK_pops: 146164 total_internal_SINK_pushes: 0 total_internal_SINK_pops: 0 rt_node_SINK_pushes: 0 rt_node_SINK_high_fanout_pushes: 0 rt_node_SINK_entire_tree_pushes: 0 total_external_IPIN_pushes: 245374 total_external_IPIN_pops: 204102 total_internal_IPIN_pushes: 0 total_internal_IPIN_pops: 0 rt_node_IPIN_pushes: 0 rt_node_IPIN_high_fanout_pushes: 0 rt_node_IPIN_entire_tree_pushes: 0 total_external_OPIN_pushes: 69159 total_external_OPIN_pops: 46669 total_internal_OPIN_pushes: 0 total_internal_OPIN_pops: 0 rt_node_OPIN_pushes: 41161 rt_node_OPIN_high_fanout_pushes: 0 rt_node_OPIN_entire_tree_pushes: 41161 total_external_CHANX_pushes: 1984130 total_external_CHANX_pops: 270330 total_internal_CHANX_pushes: 0 total_internal_CHANX_pops: 0 rt_node_CHANX_pushes: 177834 rt_node_CHANX_high_fanout_pushes: 0 rt_node_CHANX_entire_tree_pushes: 177834 total_external_CHANY_pushes: 1958434 total_external_CHANY_pops: 274450 total_internal_CHANY_pushes: 0 total_internal_CHANY_pops: 0 rt_node_CHANY_pushes: 191187 rt_node_CHANY_high_fanout_pushes: 0 rt_node_CHANY_entire_tree_pushes: 191187 total_number_of_adding_all_rt: 814432 total_number_of_adding_high_fanout_rt: 0 total_number_of_adding_all_rt_from_calling_high_fanout_rt: 0 

Attempting to route at 48 channels (binary search bounds: [38, 58])
## Build routing resource graph
SOURCE->OPIN and IPIN->SINK edge count:21879
OPIN->CHANX/CHANY edge count before creating direct connections: 31460
OPIN->CHANX/CHANY edge count after creating direct connections: 31681
CHAN->CHAN type edge count:166226
## Build routing resource graph took 0.06 seconds (max_rss 100.8 MiB, delta_rss +0.0 MiB)
  RR Graph Nodes: 42102
  RR Graph Edges: 219786
Confirming router algorithm: TIMING_DRIVEN.
## Computing router lookahead map
### Computing wire lookahead
### Computing wire lookahead took 0.21 seconds (max_rss 100.8 MiB, delta_rss +0.0 MiB)
### Computing src/opin lookahead
### Computing src/opin lookahead took 0.00 seconds (max_rss 100.8 MiB, delta_rss +0.0 MiB)
## Computing router lookahead map took 0.21 seconds (max_rss 100.8 MiB, delta_rss +0.0 MiB)
## Initializing router criticalities
Initial Net Connection Criticality Histogram:
[        0:      0.1)    8 (  0.2%) |
[      0.1:      0.2)   56 (  1.3%) |**
[      0.2:      0.3)   86 (  2.0%) |***
[      0.3:      0.4)  147 (  3.4%) |*****
[      0.4:      0.5)  233 (  5.4%) |********
[      0.5:      0.6)  364 (  8.4%) |************
[      0.6:      0.7)  619 ( 14.2%) |*********************
[      0.7:      0.8)  957 ( 22.0%) |********************************
[      0.8:      0.9) 1369 ( 31.4%) |**********************************************
[      0.9:        1)  516 ( 11.8%) |*****************
## Initializing router criticalities took 0.01 seconds (max_rss 100.8 MiB, delta_rss +0.0 MiB)
---- ------ ------- ---- ------- ------- ------- ----------------- --------------- -------- ---------- ---------- ---------- ---------- --------
Iter   Time    pres  BBs    Heap  Re-Rtd  Re-Rtd Overused RR Nodes      Wirelength      CPD       sTNS       sWNS       hTNS       hWNS Est Succ
      (sec)     fac Updt    push    Nets   Conns                                       (ns)       (ns)       (ns)       (ns)       (ns)     Iter
---- ------ ------- ---- ------- ------- ------- ----------------- --------------- -------- ---------- ---------- ---------- ---------- --------
   1    0.0     0.0    0  215763    1997    4355    2399 ( 5.698%)   25741 (78.4%)   17.067     -3673.    -17.067      0.000      0.000      N/A
   2    0.0     0.5   28  212167    1754    4070    2176 ( 5.168%)   25963 (79.1%)   17.067     -3674.    -17.067      0.000      0.000      N/A
   3    0.0     0.6    7  235148    1650    3965    2050 ( 4.869%)   26459 (80.6%)   17.081     -3682.    -17.081      0.000      0.000      N/A
   4    0.0     0.8   15  247209    1542    3810    1819 ( 4.320%)   26939 (82.1%)   17.214     -3684.    -17.214      0.000      0.000      N/A
   5    0.0     1.1   23  259829    1420    3631    1640 ( 3.895%)   27480 (83.7%)   17.083     -3686.    -17.083      0.000      0.000      N/A
   6    0.0     1.4   15  271203    1329    3512    1472 ( 3.496%)   28072 (85.5%)   17.084     -3689.    -17.084      0.000      0.000      N/A
   7    0.0     1.9   29  285571    1225    3392    1356 ( 3.221%)   28822 (87.8%)   17.087     -3697.    -17.087      0.000      0.000      N/A
   8    0.0     2.4   28  297323    1133    3210    1173 ( 2.786%)   29201 (88.9%)   17.087     -3703.    -17.087      0.000      0.000      N/A
   9    0.0     3.1   25  332378    1099    3142    1141 ( 2.710%)   29732 (90.6%)   17.073     -3706.    -17.073      0.000      0.000      N/A
  10    0.0     4.1   37  350878    1039    3065    1046 ( 2.484%)   30217 (92.0%)   17.073     -3712.    -17.073      0.000      0.000       83
  11    0.0     5.3   17  371853     975    2938     980 ( 2.328%)   30425 (92.7%)   17.073     -3719.    -17.073      0.000      0.000       91
  12    0.0     6.9   23  398614     920    2785     921 ( 2.188%)   30649 (93.4%)   17.073     -3723.    -17.073      0.000      0.000       96
  13    0.0     9.0   25  422885     917    2814     920 ( 2.185%)   30722 (93.6%)   17.156     -3728.    -17.156      0.000      0.000      105
  14    0.0    11.6   17  449238     952    2902     858 ( 2.038%)   31009 (94.4%)   17.179     -3737.    -17.179      0.000      0.000      118
  15    0.0    15.1   15  487411     914    2852     831 ( 1.974%)   31213 (95.1%)   17.179     -3755.    -17.179      0.000      0.000      140
  16    0.0    19.7   25  503356     926    2892     809 ( 1.922%)   31097 (94.7%)   17.211     -3757.    -17.211      0.000      0.000      146
  17    0.0    25.6   17  516959     894    2819     776 ( 1.843%)   31299 (95.3%)   17.334     -3771.    -17.334      0.000      0.000      158
Routing aborted, the predicted iteration for a successful route (157.6) is too high.
Routing failed.

Failed routing attempt #1
Total number of overused nodes: 776
Total number of overused nodes is larger than the logging limit (20).
Displaying the first 20 entries.
Routing Failure Diagnostics: Printing Overused Nodes Information
------ ------- ---------- --------- -------- ------------ ------- ------- ------- ------- ------- ------- -------
   No.  NodeId  Occupancy  Capacity  RR Node    Direction    Side     PTC   Block    Xlow    Ylow   Xhigh   Yhigh
                                        type                          NUM    Name                                 
------ ------- ---------- --------- -------- ------------ ------- ------- ------- ------- ------- ------- -------
     0    1454          2         1     IPIN          N/A   RIGHT       5     clb       1       6       1       6
     1    1466          2         1     IPIN          N/A   RIGHT      17     clb       1       6       1       6
     2    1591          2         1     IPIN          N/A     TOP      40     clb       1       7       1       7
     3    1767          3         1     IPIN          N/A     TOP      12     clb       1       9       1       9
     4    1859          2         1     IPIN          N/A  BOTTOM       2     clb       1      10       1      10
     5    1890          2         1     IPIN          N/A   RIGHT      33     clb       1      10       1      10
     6    1968          2         1     IPIN          N/A   RIGHT       9     clb       1      11       1      11
     7    2193          2         1     IPIN          N/A  BOTTOM      30     clb       1      13       1      13
     8    2382          2         1     IPIN          N/A    LEFT      15     clb       1      15       1      15
     9    2389          2         1     IPIN          N/A  BOTTOM      22     clb       1      15       1      15
    10    2408          2         1     IPIN          N/A   RIGHT      41     clb       1      15       1      15
    11    2410          2         1     IPIN          N/A    LEFT      43     clb       1      15       1      15
    12    2470          2         1     IPIN          N/A   RIGHT       1     clb       1      16       1      16
    13    2474          2         1     IPIN          N/A   RIGHT       5     clb       1      16       1      16
    14    4071          2         1     IPIN          N/A     TOP      36     clb       3       2       3       2
    15    4249          2         1     IPIN          N/A  BOTTOM      10     clb       3       4       3       4
    16    4446          2         1     IPIN          N/A    LEFT       3     clb       3       6       3       6
    17    4453          2         1     IPIN          N/A  BOTTOM      10     clb       3       6       3       6
    18    4470          2         1     IPIN          N/A    LEFT      27     clb       3       6       3       6
    19    4556          2         1     IPIN          N/A    LEFT      11     clb       3       7       3       7

Final Net Connection Criticality Histogram:
[        0:      0.1)    2 (  0.0%) |
[      0.1:      0.2)   37 (  0.8%) |*
[      0.2:      0.3)   84 (  1.9%) |***
[      0.3:      0.4)  111 (  2.5%) |****
[      0.4:      0.5)  204 (  4.7%) |*******
[      0.5:      0.6)  318 (  7.3%) |***********
[      0.6:      0.7)  492 ( 11.3%) |*****************
[      0.7:      0.8)  849 ( 19.5%) |*****************************
[      0.8:      0.9) 1360 ( 31.2%) |**********************************************
[      0.9:        1)  898 ( 20.6%) |******************************
Router Stats: total_nets_routed: 20686 total_connections_routed: 56154 total_heap_pushes: 5857785 total_heap_pops: 1327864 total_internal_heap_pushes: 0 total_internal_heap_pops: 0 total_external_heap_pushes: 5857785 total_external_heap_pops: 1327864 total_external_SOURCE_pushes: 56154 total_external_SOURCE_pops: 41948 total_internal_SOURCE_pushes: 0 total_internal_SOURCE_pops: 0 rt_node_SOURCE_pushes: 56154 rt_node_SOURCE_high_fanout_pushes: 0 rt_node_SOURCE_entire_tree_pushes: 56154 total_external_SINK_pushes: 164167 total_external_SINK_pops: 150866 total_internal_SINK_pushes: 0 total_internal_SINK_pops: 0 rt_node_SINK_pushes: 0 rt_node_SINK_high_fanout_pushes: 0 rt_node_SINK_entire_tree_pushes: 0 total_external_IPIN_pushes: 244516 total_external_IPIN_pops: 214833 total_internal_IPIN_pushes: 0 total_internal_IPIN_pops: 0 rt_node_IPIN_pushes: 0 rt_node_IPIN_high_fanout_pushes: 0 rt_node_IPIN_entire_tree_pushes: 0 total_external_OPIN_pushes: 66381 total_external_OPIN_pops: 52780 total_internal_OPIN_pushes: 0 total_internal_OPIN_pops: 0 rt_node_OPIN_pushes: 35582 rt_node_OPIN_high_fanout_pushes: 0 rt_node_OPIN_entire_tree_pushes: 35582 total_external_CHANX_pushes: 2668952 total_external_CHANX_pops: 437363 total_internal_CHANX_pushes: 0 total_internal_CHANX_pops: 0 rt_node_CHANX_pushes: 131876 rt_node_CHANX_high_fanout_pushes: 0 rt_node_CHANX_entire_tree_pushes: 131876 total_external_CHANY_pushes: 2657615 total_external_CHANY_pops: 430074 total_internal_CHANY_pushes: 0 total_internal_CHANY_pops: 0 rt_node_CHANY_pushes: 134272 rt_node_CHANY_high_fanout_pushes: 0 rt_node_CHANY_entire_tree_pushes: 134272 total_number_of_adding_all_rt: 628672 total_number_of_adding_high_fanout_rt: 0 total_number_of_adding_all_rt_from_calling_high_fanout_rt: 0 

Attempting to route at 54 channels (binary search bounds: [48, 58])
## Build routing resource graph
SOURCE->OPIN and IPIN->SINK edge count:21879
OPIN->CHANX/CHANY edge count before creating direct connections: 34962
OPIN->CHANX/CHANY edge count after creating direct connections: 35183
CHAN->CHAN type edge count:186552
## Build routing resource graph took 0.07 seconds (max_rss 100.8 MiB, delta_rss +0.0 MiB)
  RR Graph Nodes: 43298
  RR Graph Edges: 243614
Confirming router algorithm: TIMING_DRIVEN.
## Computing router lookahead map
### Computing wire lookahead
### Computing wire lookahead took 0.23 seconds (max_rss 100.8 MiB, delta_rss +0.0 MiB)
### Computing src/opin lookahead
### Computing src/opin lookahead took 0.00 seconds (max_rss 100.8 MiB, delta_rss +0.0 MiB)
## Computing router lookahead map took 0.23 seconds (max_rss 100.8 MiB, delta_rss +0.0 MiB)
## Initializing router criticalities
Initial Net Connection Criticality Histogram:
[        0:      0.1)    9 (  0.2%) |
[      0.1:      0.2)   55 (  1.3%) |**
[      0.2:      0.3)   86 (  2.0%) |***
[      0.3:      0.4)  148 (  3.4%) |*****
[      0.4:      0.5)  232 (  5.3%) |********
[      0.5:      0.6)  367 (  8.4%) |************
[      0.6:      0.7)  616 ( 14.1%) |*********************
[      0.7:      0.8)  960 ( 22.0%) |********************************
[      0.8:      0.9) 1370 ( 31.5%) |**********************************************
[      0.9:        1)  512 ( 11.8%) |*****************
## Initializing router criticalities took 0.01 seconds (max_rss 100.8 MiB, delta_rss +0.0 MiB)
---- ------ ------- ---- ------- ------- ------- ----------------- --------------- -------- ---------- ---------- ---------- ---------- --------
Iter   Time    pres  BBs    Heap  Re-Rtd  Re-Rtd Overused RR Nodes      Wirelength      CPD       sTNS       sWNS       hTNS       hWNS Est Succ
      (sec)     fac Updt    push    Nets   Conns                                       (ns)       (ns)       (ns)       (ns)       (ns)     Iter
---- ------ ------- ---- ------- ------- ------- ----------------- --------------- -------- ---------- ---------- ---------- ---------- --------
   1    0.0     0.0    0  218235    1997    4355    2274 ( 5.252%)   25631 (69.4%)   17.307     -3669.    -17.307      0.000      0.000      N/A
   2    0.0     0.5   19  207999    1700    4013    1945 ( 4.492%)   25586 (69.3%)   17.307     -3668.    -17.307      0.000      0.000      N/A
   3    0.0     0.6    5  229881    1543    3823    1819 ( 4.201%)   26250 (71.1%)   17.323     -3675.    -17.323      0.000      0.000      N/A
   4    0.0     0.8   19  242438    1435    3680    1636 ( 3.778%)   26733 (72.4%)   17.330     -3675.    -17.330      0.000      0.000      N/A
   5    0.0     1.1   18  244881    1300    3516    1414 ( 3.266%)   27251 (73.8%)   17.326     -3682.    -17.326      0.000      0.000      N/A
   6    0.0     1.4   21  244722    1173    3290    1208 ( 2.790%)   27926 (75.6%)   17.329     -3688.    -17.329      0.000      0.000      N/A
   7    0.0     1.9   18  247941    1075    3147     980 ( 2.263%)   28008 (75.8%)   17.329     -3694.    -17.329      0.000      0.000      N/A
   8    0.0     2.4   14  249966     949    2908     804 ( 1.857%)   28601 (77.4%)   17.329     -3697.    -17.329      0.000      0.000      N/A
   9    0.0     3.1   17  234166     835    2709     697 ( 1.610%)   29188 (79.0%)   17.314     -3702.    -17.314      0.000      0.000      N/A
  10    0.0     4.1   16  233597     746    2482     614 ( 1.418%)   29883 (80.9%)   17.329     -3708.    -17.329      0.000      0.000       45
  11    0.0     5.3   12  257109     652    2349     511 ( 1.180%)   30500 (82.6%)   17.329     -3715.    -17.329      0.000      0.000       48
  12    0.0     6.9   12  233233     562    2074     404 ( 0.933%)   30910 (83.7%)   17.329     -3720.    -17.329      0.000      0.000       48
  13    0.0     9.0   17  236158     471    1826     352 ( 0.813%)   31312 (84.8%)   17.329     -3732.    -17.329      0.000      0.000       48
  14    0.0    11.6   11  236871     445    1734     310 ( 0.716%)   31473 (85.2%)   17.326     -3732.    -17.326      0.000      0.000       48
  15    0.0    15.1    8  238682     419    1581     303 ( 0.700%)   31845 (86.2%)   17.326     -3732.    -17.326      0.000      0.000       48
  16    0.0    19.7    6  276471     413    1583     302 ( 0.697%)   31948 (86.5%)   17.326     -3735.    -17.326      0.000      0.000       52
  17    0.0    25.6   12  279456     382    1485     282 ( 0.651%)   32158 (87.1%)   17.326     -3740.    -17.326      0.000      0.000       58
  18    0.0    33.3    8  265638     382    1497     274 ( 0.633%)   32233 (87.3%)   17.326     -3751.    -17.326      0.000      0.000       64
  19    0.0    43.3    6  317340     370    1537     282 ( 0.651%)   32403 (87.7%)   17.326     -3750.    -17.326      0.000      0.000       75
  20    0.0    56.2   10  304437     366    1519     266 ( 0.614%)   32475 (87.9%)   17.326     -3762.    -17.326      0.000      0.000       85
  21    0.0    73.1   12  326838     339    1431     255 ( 0.589%)   32405 (87.7%)   17.326     -3763.    -17.326      0.000      0.000      111
  22    0.0    95.0    9  323841     325    1414     241 ( 0.557%)   32399 (87.7%)   17.326     -3774.    -17.326      0.000      0.000      119
  23    0.0   123.5    8  286296     337    1407     237 ( 0.547%)   32611 (88.3%)   17.326     -3781.    -17.326      0.000      0.000      154
Routing aborted, the predicted iteration for a successful route (153.8) is too high.
Routing failed.

Failed routing attempt #2
Total number of overused nodes: 237
Total number of overused nodes is larger than the logging limit (20).
Displaying the first 20 entries.
Routing Failure Diagnostics: Printing Overused Nodes Information
------ ------- ---------- --------- -------- ------------ ------- ------- ------- ------- ------- ------- -------
   No.  NodeId  Occupancy  Capacity  RR Node    Direction    Side     PTC   Block    Xlow    Ylow   Xhigh   Yhigh
                                        type                          NUM    Name                                 
------ ------- ---------- --------- -------- ------------ ------- ------- ------- ------- ------- ------- -------
     0    2473          2         1     IPIN          N/A     TOP       4     clb       1      16       1      16
     1    3941          2         1     IPIN          N/A     TOP       8     clb       3       1       3       1
     2    4065          2         1     IPIN          N/A  BOTTOM      30     clb       3       2       3       2
     3    4760          2         1     IPIN          N/A    LEFT      11     clb       3       9       3       9
     4    4762          2         1     IPIN          N/A   RIGHT      13     clb       3       9       3       9
     5    5066          2         1     IPIN          N/A    LEFT      11     clb       3      12       3      12
     6    5493          2         1     IPIN          N/A  BOTTOM      30     clb       3      16       3      16
     7    6289          2         1     IPIN          N/A     TOP      16     clb       4       5       4       5
     8    6375          2         1     IPIN          N/A     TOP       0     clb       4       6       4       6
     9    6686          2         1     IPIN          N/A   RIGHT       5     clb       4       9       4       9
    10    7099          2         1     IPIN          N/A  BOTTOM      10     clb       4      13       4      13
    11    7338          2         1     IPIN          N/A   RIGHT      45     clb       4      15       4      15
    12    7395          2         1     IPIN          N/A     TOP       0     clb       4      16       4      16
    13    7806          2         1     IPIN          N/A   RIGHT       9     clb       5       1       5       1
    14    7830          2         1     IPIN          N/A   RIGHT      33     clb       5       1       5       1
    15    7904          2         1     IPIN          N/A   RIGHT       5     clb       5       2       5       2
    16    8324          2         1     IPIN          N/A   RIGHT      17     clb       5       6       5       6
    17    8437          2         1     IPIN          N/A     TOP      28     clb       5       7       5       7
    18    9135          2         1     IPIN          N/A     TOP      12     clb       5      14       5      14
    19    9226          2         1     IPIN          N/A   RIGHT       1     clb       5      15       5      15

Final Net Connection Criticality Histogram:
[        0:      0.1)    1 (  0.0%) |
[      0.1:      0.2)   38 (  0.9%) |*
[      0.2:      0.3)   80 (  1.8%) |***
[      0.3:      0.4)  111 (  2.5%) |****
[      0.4:      0.5)  199 (  4.6%) |*******
[      0.5:      0.6)  319 (  7.3%) |***********
[      0.6:      0.7)  503 ( 11.5%) |*****************
[      0.7:      0.8)  810 ( 18.6%) |****************************
[      0.8:      0.9) 1352 ( 31.0%) |**********************************************
[      0.9:        1)  942 ( 21.6%) |********************************
Router Stats: total_nets_routed: 18216 total_connections_routed: 55360 total_heap_pushes: 5936196 total_heap_pops: 1312004 total_internal_heap_pushes: 0 total_internal_heap_pops: 0 total_external_heap_pushes: 5936196 total_external_heap_pops: 1312004 total_external_SOURCE_pushes: 55360 total_external_SOURCE_pops: 39397 total_internal_SOURCE_pushes: 0 total_internal_SOURCE_pops: 0 rt_node_SOURCE_pushes: 55360 rt_node_SOURCE_high_fanout_pushes: 0 rt_node_SOURCE_entire_tree_pushes: 55360 total_external_SINK_pushes: 162701 total_external_SINK_pops: 147257 total_internal_SINK_pushes: 0 total_internal_SINK_pops: 0 rt_node_SINK_pushes: 0 rt_node_SINK_high_fanout_pushes: 0 rt_node_SINK_entire_tree_pushes: 0 total_external_IPIN_pushes: 250543 total_external_IPIN_pops: 212452 total_internal_IPIN_pushes: 0 total_internal_IPIN_pops: 0 rt_node_IPIN_pushes: 0 rt_node_IPIN_high_fanout_pushes: 0 rt_node_IPIN_entire_tree_pushes: 0 total_external_OPIN_pushes: 66286 total_external_OPIN_pops: 50029 total_internal_OPIN_pushes: 0 total_internal_OPIN_pops: 0 rt_node_OPIN_pushes: 37315 rt_node_OPIN_high_fanout_pushes: 0 rt_node_OPIN_entire_tree_pushes: 37315 total_external_CHANX_pushes: 2690715 total_external_CHANX_pops: 436121 total_internal_CHANX_pushes: 0 total_internal_CHANX_pops: 0 rt_node_CHANX_pushes: 151908 rt_node_CHANX_high_fanout_pushes: 0 rt_node_CHANX_entire_tree_pushes: 151908 total_external_CHANY_pushes: 2710591 total_external_CHANY_pops: 426748 total_internal_CHANY_pushes: 0 total_internal_CHANY_pops: 0 rt_node_CHANY_pushes: 155826 rt_node_CHANY_high_fanout_pushes: 0 rt_node_CHANY_entire_tree_pushes: 155826 total_number_of_adding_all_rt: 699619 total_number_of_adding_high_fanout_rt: 0 total_number_of_adding_all_rt_from_calling_high_fanout_rt: 0 

Attempting to route at 56 channels (binary search bounds: [54, 58])
## Build routing resource graph
SOURCE->OPIN and IPIN->SINK edge count:21879
OPIN->CHANX/CHANY edge count before creating direct connections: 36118
OPIN->CHANX/CHANY edge count after creating direct connections: 36339
CHAN->CHAN type edge count:193318
## Build routing resource graph took 0.07 seconds (max_rss 100.8 MiB, delta_rss +0.0 MiB)
  RR Graph Nodes: 43698
  RR Graph Edges: 251536
Confirming router algorithm: TIMING_DRIVEN.
## Computing router lookahead map
### Computing wire lookahead
### Computing wire lookahead took 0.24 seconds (max_rss 100.8 MiB, delta_rss +0.0 MiB)
### Computing src/opin lookahead
### Computing src/opin lookahead took 0.00 seconds (max_rss 100.8 MiB, delta_rss +0.0 MiB)
## Computing router lookahead map took 0.24 seconds (max_rss 100.8 MiB, delta_rss +0.0 MiB)
## Initializing router criticalities
Initial Net Connection Criticality Histogram:
[        0:      0.1)    9 (  0.2%) |
[      0.1:      0.2)   55 (  1.3%) |**
[      0.2:      0.3)   86 (  2.0%) |***
[      0.3:      0.4)  147 (  3.4%) |*****
[      0.4:      0.5)  233 (  5.4%) |********
[      0.5:      0.6)  367 (  8.4%) |************
[      0.6:      0.7)  616 ( 14.1%) |*********************
[      0.7:      0.8)  959 ( 22.0%) |********************************
[      0.8:      0.9) 1367 ( 31.4%) |**********************************************
[      0.9:        1)  516 ( 11.8%) |*****************
## Initializing router criticalities took 0.01 seconds (max_rss 100.8 MiB, delta_rss +0.0 MiB)
---- ------ ------- ---- ------- ------- ------- ----------------- --------------- -------- ---------- ---------- ---------- ---------- --------
Iter   Time    pres  BBs    Heap  Re-Rtd  Re-Rtd Overused RR Nodes      Wirelength      CPD       sTNS       sWNS       hTNS       hWNS Est Succ
      (sec)     fac Updt    push    Nets   Conns                                       (ns)       (ns)       (ns)       (ns)       (ns)     Iter
---- ------ ------- ---- ------- ------- ------- ----------------- --------------- -------- ---------- ---------- ---------- ---------- --------
   1    0.0     0.0    0  218606    1997    4355    2301 ( 5.266%)   25743 (67.2%)   17.530     -3669.    -17.530      0.000      0.000      N/A
   2    0.0     0.5   18  208994    1681    3976    1849 ( 4.231%)   25709 (67.1%)   17.530     -3670.    -17.530      0.000      0.000      N/A
   3    0.0     0.6    8  222274    1501    3754    1668 ( 3.817%)   26218 (68.4%)   17.535     -3672.    -17.535      0.000      0.000      N/A
   4    0.0     0.8   14  237445    1384    3597    1550 ( 3.547%)   26781 (69.9%)   17.535     -3676.    -17.535      0.000      0.000      N/A
   5    0.0     1.1   11  244135    1266    3434    1298 ( 2.970%)   27401 (71.5%)   17.535     -3683.    -17.535      0.000      0.000      N/A
   6    0.0     1.4   12  236445    1128    3214    1081 ( 2.474%)   27690 (72.3%)   17.535     -3689.    -17.535      0.000      0.000      N/A
   7    0.0     1.9   24  243574    1054    3090     943 ( 2.158%)   28336 (74.0%)   17.566     -3692.    -17.566      0.000      0.000      N/A
   8    0.0     2.4   20  238652     916    2870     783 ( 1.792%)   28821 (75.2%)   17.565     -3693.    -17.565      0.000      0.000      N/A
   9    0.0     3.1   20  235856     812    2671     626 ( 1.433%)   29203 (76.2%)   17.535     -3698.    -17.535      0.000      0.000      N/A
  10    0.0     4.1   12  213715     654    2326     485 ( 1.110%)   29883 (78.0%)   17.535     -3700.    -17.535      0.000      0.000       45
  11    0.0     5.3   17  204117     564    2061     383 ( 0.876%)   30327 (79.2%)   17.535     -3707.    -17.535      0.000      0.000       41
  12    0.0     6.9   19  193798     463    1849     294 ( 0.673%)   30651 (80.0%)   17.535     -3706.    -17.535      0.000      0.000       39
  13    0.0     9.0    3  182794     381    1569     253 ( 0.579%)   31080 (81.1%)   17.535     -3706.    -17.535      0.000      0.000       36
  14    0.0    11.6    6  165758     321    1335     200 ( 0.458%)   31497 (82.2%)   17.535     -3715.    -17.535      0.000      0.000       37
  15    0.0    15.1    9  165268     264    1206     180 ( 0.412%)   31547 (82.4%)   17.535     -3722.    -17.535      0.000      0.000       37
  16    0.0    19.7    8  172013     259    1220     148 ( 0.339%)   31876 (83.2%)   17.535     -3727.    -17.535      0.000      0.000       39
  17    0.0    25.6    8  151561     206    1045     132 ( 0.302%)   32030 (83.6%)   17.535     -3727.    -17.535      0.000      0.000       40
  18    0.0    33.3    4  149046     197     947     127 ( 0.291%)   32170 (84.0%)   17.535     -3727.    -17.535      0.000      0.000       42
  19    0.0    43.3    1  156779     191     904     122 ( 0.279%)   32169 (84.0%)   17.535     -3733.    -17.535      0.000      0.000       46
  20    0.0    56.2    4  185359     185     859     120 ( 0.275%)   32334 (84.4%)   17.535     -3737.    -17.535      0.000      0.000       49
  21    0.0    73.1    9  199299     192     939     124 ( 0.284%)   32314 (84.4%)   17.535     -3756.    -17.535      0.000      0.000       55
  22    0.0    95.0    5  209501     193     910     113 ( 0.259%)   32444 (84.7%)   17.535     -3757.    -17.535      0.000      0.000       61
  23    0.0   123.5    7  155328     181     794     103 ( 0.236%)   32413 (84.6%)   17.535     -3756.    -17.535      0.000      0.000       72
  24    0.0   160.6    8  145371     145     661      98 ( 0.224%)   32550 (85.0%)   17.536     -3774.    -17.536      0.000      0.000       75
  25    0.0   208.8    7  162871     151     749      95 ( 0.217%)   32526 (84.9%)   17.535     -3752.    -17.535      0.000      0.000       86
  26    0.0   271.4    5  167807     147     688      95 ( 0.217%)   32570 (85.0%)   17.535     -3759.    -17.535      0.000      0.000       89
  27    0.0   352.8    4  175442     147     724      92 ( 0.211%)   32640 (85.2%)   17.710     -3770.    -17.710      0.000      0.000      105
  28    0.0   458.7    2  215622     249    1113      98 ( 0.224%)   32703 (85.4%)   17.535     -3766.    -17.535      0.000      0.000      110
  29    0.0   596.3    3  182375     158     784      99 ( 0.227%)   32717 (85.4%)   18.033     -3761.    -18.033      0.000      0.000      131
  30    0.0   775.1    3  198919     226    1083      87 ( 0.199%)   32723 (85.4%)   17.535     -3756.    -17.535      0.000      0.000      143
  31    0.0  1007.7    2  174734     147     733      85 ( 0.195%)   32796 (85.6%)   18.250     -3788.    -18.250      0.000      0.000      165
  32    0.0  1310.0    2  188543     214    1001      77 ( 0.176%)   32685 (85.3%)   18.250     -3777.    -18.250      0.000      0.000      167
  33    0.0  1703.0    4  175019     192     916      76 ( 0.174%)   32676 (85.3%)   18.250     -3774.    -18.250      0.000      0.000      170
  34    0.0  2213.9    4  176654     199     971      82 ( 0.188%)   32697 (85.4%)   17.535     -3770.    -17.535      0.000      0.000      167
  35    0.0  2878.1    0  130922     120     606      77 ( 0.176%)   32758 (85.5%)   17.535     -3769.    -17.535      0.000      0.000      175
  36    0.0  3741.5    4  145183     120     554      71 ( 0.162%)   32697 (85.4%)   17.535     -3787.    -17.535      0.000      0.000      178
  37    0.0  4863.9    3  133075     120     533      64 ( 0.146%)   32741 (85.5%)   17.535     -3788.    -17.535      0.000      0.000      177
  38    0.0  6323.1    2  130516     105     557      63 ( 0.144%)   32699 (85.4%)   17.535     -3786.    -17.535      0.000      0.000      170
  39    0.0  8220.0    2  124716     111     575      64 ( 0.146%)   32714 (85.4%)   17.659     -3783.    -17.659      0.000      0.000      165
  40    0.0 10686.0    1  177726     262    1222      61 ( 0.140%)   32762 (85.5%)   17.644     -3789.    -17.644      0.000      0.000      165
  41    0.0 13891.9    2  181225     271    1245      61 ( 0.140%)   32689 (85.3%)   17.644     -3787.    -17.644      0.000      0.000      165
  42    0.0 18059.4    1  167256     250    1214      54 ( 0.124%)   32764 (85.5%)   17.644     -3790.    -17.644      0.000      0.000      166
  43    0.0 23477.2    1  161215     255    1188      51 ( 0.117%)   32707 (85.4%)   17.644     -3790.    -17.644      0.000      0.000      166
  44    0.0 30520.4    1  161841     256    1122      62 ( 0.142%)   32732 (85.5%)   18.039     -3807.    -18.039      0.000      0.000      162
  45    0.0 39676.5    4  145112     198     904      53 ( 0.121%)   32713 (85.4%)   18.039     -3820.    -18.039      0.000      0.000      170
  46    0.0 51579.5    1  127887     200     908      48 ( 0.110%)   32683 (85.3%)   18.039     -3816.    -18.039      0.000      0.000      170
  47    0.0 67053.3    2  147610     190     871      54 ( 0.124%)   32627 (85.2%)   18.039     -3810.    -18.039      0.000      0.000      165
  48    0.0 87169.3    1  155379     206     957      56 ( 0.128%)   32692 (85.3%)   18.039     -3806.    -18.039      0.000      0.000      169
  49    0.0 1.1e+05    1  139553     206     986      54 ( 0.124%)   32711 (85.4%)   18.039     -3805.    -18.039      0.000      0.000      173
  50    0.0 1.5e+05    0  141942     214    1005      60 ( 0.137%)   32827 (85.7%)   18.039     -3809.    -18.039      0.000      0.000      179
Routing failed.

Failed routing attempt #3
Total number of overused nodes: 60
Total number of overused nodes is larger than the logging limit (20).
Displaying the first 20 entries.
Routing Failure Diagnostics: Printing Overused Nodes Information
------ ------- ---------- --------- -------- ------------ ------- ------- ------- ------- ------- ------- -------
   No.  NodeId  Occupancy  Capacity  RR Node    Direction    Side     PTC   Block    Xlow    Ylow   Xhigh   Yhigh
                                        type                          NUM    Name                                 
------ ------- ---------- --------- -------- ------------ ------- ------- ------- ------- ------- ------- -------
     0     947          2         1     IPIN          N/A     TOP       8     clb       1       1       1       1
     1    2379          2         1     IPIN          N/A     TOP      12     clb       1      15       1      15
     2    4248          2         1     IPIN          N/A   RIGHT       9     clb       3       4       3       4
     3    4545          2         1     IPIN          N/A     TOP       0     clb       3       7       3       7
     4    5592          2         1     IPIN          N/A    LEFT      27     clb       3      17       3      17
     5    6206          2         1     IPIN          N/A    LEFT      35     clb       4       4       4       4
     6    6378          2         1     IPIN          N/A    LEFT       3     clb       4       6       4       6
     7    6421          2         1     IPIN          N/A  BOTTOM      46     clb       4       6       4       6
     8    7089          2         1     IPIN          N/A     TOP       0     clb       4      13       4      13
     9    7907          2         1     IPIN          N/A     TOP       8     clb       5       2       5       2
    10    8615          2         1     IPIN          N/A  BOTTOM       2     clb       5       9       5       9
    11    9230          2         1     IPIN          N/A   RIGHT       5     clb       5      15       5      15
    12   12003          2         1     IPIN          N/A  BOTTOM       6     clb       7      11       7      11
    13   13330          2         1     IPIN          N/A   RIGHT      13     clb       8       5       8       5
    14   15763          2         1     IPIN          N/A     TOP       4     clb       9      10       9      10
    15   19275          2         1     IPIN          N/A     TOP      12     clb      11      15      11      15
    16   19296          2         1     IPIN          N/A   RIGHT      33     clb      11      15      11      15
    17   20175          2         1     IPIN          N/A     TOP       0     clb      12       5      12       5
    18   20392          2         1     IPIN          N/A   RIGHT      13     clb      12       7      12       7
    19   20892          2         1     IPIN          N/A    LEFT       3     clb      12      12      12      12

Final Net Connection Criticality Histogram:
[        0:      0.1)    4 (  0.1%) |
[      0.1:      0.2)   42 (  1.0%) |*
[      0.2:      0.3)   79 (  1.8%) |***
[      0.3:      0.4)  143 (  3.3%) |*****
[      0.4:      0.5)  229 (  5.3%) |********
[      0.5:      0.6)  375 (  8.6%) |*************
[      0.6:      0.7)  608 ( 14.0%) |*********************
[      0.7:      0.8) 1038 ( 23.8%) |************************************
[      0.8:      0.9) 1336 ( 30.7%) |**********************************************
[      0.9:        1)  501 ( 11.5%) |*****************
Router Stats: total_nets_routed: 21049 total_connections_routed: 72795 total_heap_pushes: 8924832 total_heap_pops: 1895484 total_internal_heap_pushes: 0 total_internal_heap_pops: 0 total_external_heap_pushes: 8924832 total_external_heap_pops: 1895484 total_external_SOURCE_pushes: 72795 total_external_SOURCE_pops: 50195 total_internal_SOURCE_pushes: 0 total_internal_SOURCE_pops: 0 rt_node_SOURCE_pushes: 72795 rt_node_SOURCE_high_fanout_pushes: 0 rt_node_SOURCE_entire_tree_pushes: 72795 total_external_SINK_pushes: 206345 total_external_SINK_pops: 185712 total_internal_SINK_pushes: 0 total_internal_SINK_pops: 0 rt_node_SINK_pushes: 0 rt_node_SINK_high_fanout_pushes: 0 rt_node_SINK_entire_tree_pushes: 0 total_external_IPIN_pushes: 329921 total_external_IPIN_pops: 266216 total_internal_IPIN_pushes: 0 total_internal_IPIN_pops: 0 rt_node_IPIN_pushes: 0 rt_node_IPIN_high_fanout_pushes: 0 rt_node_IPIN_entire_tree_pushes: 0 total_external_OPIN_pushes: 88041 total_external_OPIN_pops: 61495 total_internal_OPIN_pushes: 0 total_internal_OPIN_pops: 0 rt_node_OPIN_pushes: 52131 rt_node_OPIN_high_fanout_pushes: 0 rt_node_OPIN_entire_tree_pushes: 52131 total_external_CHANX_pushes: 4133915 total_external_CHANX_pops: 670839 total_internal_CHANX_pushes: 0 total_internal_CHANX_pops: 0 rt_node_CHANX_pushes: 253446 rt_node_CHANX_high_fanout_pushes: 0 rt_node_CHANX_entire_tree_pushes: 253446 total_external_CHANY_pushes: 4093815 total_external_CHANY_pops: 661027 total_internal_CHANY_pushes: 0 total_internal_CHANY_pops: 0 rt_node_CHANY_pushes: 258456 rt_node_CHANY_high_fanout_pushes: 0 rt_node_CHANY_entire_tree_pushes: 258456 total_number_of_adding_all_rt: 1092086 total_number_of_adding_high_fanout_rt: 0 total_number_of_adding_all_rt_from_calling_high_fanout_rt: 0 
## Build routing resource graph
SOURCE->OPIN and IPIN->SINK edge count:21879
OPIN->CHANX/CHANY edge count before creating direct connections: 37292
OPIN->CHANX/CHANY edge count after creating direct connections: 37513
CHAN->CHAN type edge count:201182
## Build routing resource graph took 0.08 seconds (max_rss 100.8 MiB, delta_rss +0.0 MiB)
  RR Graph Nodes: 44094
  RR Graph Edges: 260574
Best routing used a channel width factor of 58.
# Routing took 4.89 seconds (max_rss 100.8 MiB, delta_rss +0.0 MiB)

Checking to ensure routing is legal...
# Checking to ensure non-configurable edges are legal
# Checking to ensure non-configurable edges are legal took 0.00 seconds (max_rss 100.8 MiB, delta_rss +0.0 MiB)
Completed routing consistency check successfully.

Serial number (magic cookie) for the routing is: -295914634
Circuit successfully routed with a channel width factor of 58.
# Synchronize the packed netlist to routing optimization
## Annotating rr_node with routed nets
## Annotating rr_node with routed nets took 0.00 seconds (max_rss 100.8 MiB, delta_rss +0.0 MiB)
Found 6048 mismatches between routing and packing results.
Fixed 3786 routing traces due to mismatch between routing and packing results.
# Synchronize the packed netlist to routing optimization took 0.03 seconds (max_rss 100.8 MiB, delta_rss +0.0 MiB)
Final Clustering Statistics: 
----------   --------   ------------------------------------   --------------------------
Block Type   # Blocks   Avg. # of input clocks and pins used   Avg. # of output pins used
----------   --------   ------------------------------------   --------------------------
     EMPTY          0                                      0                            0   
        io        570                               0.445614                     0.554386   
       clb        226                                 18.146                      7.43805   
   mult_36          0                                      0                            0   
    memory          0                                      0                            0   
Absorbed logical nets 2415 out of 4412 nets, 1997 nets not absorbed.


Average number of bends per net: 2.25238  Maximum # of bends: 29

Number of global nets: 0
Number of routed nets (nonglobal): 1997
Wire length results (in units of 1 clb segments)...
	Total wirelength: 31573, average net length: 15.8102
	Maximum net length: 195

Wire length results in terms of physical segments...
	Total wiring segments used: 8732, average wire segments per net: 4.37256
	Maximum segments used by a net: 50
	Total local nets with reserved CLB opins: 0
Total number of nets absorbed: 0

Routing channel utilization histogram:
[        1:      inf)   0 (  0.0%) |
[      0.9:        1) 104 ( 14.4%) |****************
[      0.8:      0.9) 300 ( 41.6%) |***********************************************
[      0.7:      0.8) 236 ( 32.7%) |*************************************
[      0.5:      0.6)  30 (  4.2%) |*****
[      0.4:      0.5)  14 (  1.9%) |**
[      0.3:      0.4)   0 (  0.0%) |
[      0.2:      0.3)   0 (  0.0%) |
[      0.1:      0.2)   0 (  0.0%) |
[        0:      0.1)  38 (  5.3%) |******
Maximum routing channel utilization:      0.98 at (10,0)

X - Directed channels:   j max occ ave occ capacity
                      ---- ------- ------- --------
                         0      57  46.100       58
                         1      56  41.050       58
                         2      53  40.150       58
                         3      53  41.750       58
                         4      55  41.850       58
                         5      53  41.400       58
                         6      53  42.050       58
                         7      52  42.600       58
                         8      55  42.850       58
                         9      55  42.550       58
                        10      52  42.450       58
                        11      54  41.400       58
                        12      52  42.200       58
                        13      55  41.150       58
                        14      54  41.250       58
                        15      53  40.100       58
                        16      48  38.600       58
                        17      50  37.550       58
                        18      56  45.700       58
Y - Directed channels:   i max occ ave occ capacity
                      ---- ------- ------- --------
                         0      58  47.500       58
                         1      53  37.250       58
                         2      48  36.650       58
                         3      55  42.600       58
                         4      54  41.600       58
                         5      54  40.400       58
                         6      54  40.650       58
                         7      54  44.000       58
                         8      55  43.150       58
                         9      50  38.050       58
                        10      52  37.800       58
                        11      56  44.200       58
                        12      56  44.950       58
                        13      52  40.550       58
                        14      49  38.850       58
                        15      57  43.350       58
                        16      55  42.650       58
                        17      49  37.850       58
                        18      57  43.850       58

Total tracks in x-direction: 1102, in y-direction: 1102

Logic area (in minimum width transistor areas, excludes I/Os and empty grid tiles)...
	Total logic block area (Warning, need to add pitch of routing to blocks with height > 3): 2.07112e+07
	Total used logic block area: 1.218e+07

Routing area (in minimum width transistor areas)...
	Total routing area: 1.59565e+06, per logic tile: 3989.14

Total Number of Wiring Segments by Direction: direction length number
                                              --------- ------ -------
                                                      X      4   5784
                                                      Y      4   5784

X - Directed Wiring Segment usage by length: length utilization
                                             ------ -----------
                                             4       0.754

Y - Directed Wiring Segment usage by length: length utilization
                                             ------ -----------
                                             4       0.755

Segment occupancy by length: Length utilization
                             ------ -----------
                             L4           0.755

Segment occupancy by type:              name type utilization
                           ----------------- ---- -----------
                           unnamed_segment_0    0       0.755

Final hold Worst Negative Slack (hWNS): 0 ns
Final hold Total Negative Slack (hTNS): 0 ns

Final hold slack histogram:
[    8e-10:    1e-09)  5 (  2.0%) |*****
[    1e-09:  1.2e-09) 11 (  4.3%) |***********
[  1.2e-09:  1.4e-09) 20 (  7.9%) |********************
[  1.4e-09:  1.6e-09) 47 ( 18.5%) |************************************************
[  1.6e-09:  1.8e-09) 45 ( 17.7%) |**********************************************
[  1.8e-09:  2.1e-09) 45 ( 17.7%) |**********************************************
[  2.1e-09:  2.3e-09) 47 ( 18.5%) |************************************************
[  2.3e-09:  2.5e-09) 18 (  7.1%) |******************
[  2.5e-09:  2.7e-09)  6 (  2.4%) |******
[  2.7e-09:  2.9e-09) 10 (  3.9%) |**********

Final critical path delay (least slack): 17.3036 ns, Fmax: 57.7914 MHz
Final setup Worst Negative Slack (sWNS): -17.3036 ns
Final setup Total Negative Slack (sTNS): -3702.19 ns

Final setup slack histogram:
[ -1.7e-08: -1.7e-08)  9 (  3.5%) |********
[ -1.7e-08: -1.6e-08) 42 ( 16.5%) |**************************************
[ -1.6e-08: -1.5e-08) 53 ( 20.9%) |************************************************
[ -1.5e-08: -1.4e-08) 48 ( 18.9%) |*******************************************
[ -1.4e-08: -1.4e-08) 40 ( 15.7%) |************************************
[ -1.4e-08: -1.3e-08) 23 (  9.1%) |*********************
[ -1.3e-08: -1.2e-08) 16 (  6.3%) |**************
[ -1.2e-08: -1.2e-08) 13 (  5.1%) |************
[ -1.2e-08: -1.1e-08)  5 (  2.0%) |*****
[ -1.1e-08:   -1e-08)  5 (  2.0%) |*****

Final geomean non-virtual intra-domain period: nan ns (nan MHz)
Final fanout-weighted geomean non-virtual intra-domain period: nan ns (nan MHz)

Incr Slack updates 1 in 0.000173275 sec
Full Max Req/Worst Slack updates 1 in 4.418e-06 sec
Incr Max Req/Worst Slack updates 0 in 0 sec
Incr Criticality updates 0 in 0 sec
Full Criticality updates 1 in 0.00021803 sec
Flow timing analysis took 0.99852 seconds (0.891167 STA, 0.107353 slack) (232 full updates: 74 setup, 0 hold, 158 combined).
VPR succeeded
The entire flow of VPR took 8.58 seconds (max_rss 100.8 MiB)
Incr Slack updates 157 in 0.0193662 sec
Full Max Req/Worst Slack updates 26 in 9.9194e-05 sec
Incr Max Req/Worst Slack updates 131 in 0.000581168 sec
Incr Criticality updates 97 in 0.0159664 sec
Full Criticality updates 60 in 0.0130136 sec
