#Packing pin usage report
Type: io
	Input Pin Usage:
		Max: 1.00 (0.50)
		Avg: 0.43 (0.22)
		Min: 0.00 (0.00)
		Histogram:
		[        0:      0.2) 373 ( 56.6%) |***********************************************
		[      0.2:      0.4)   0 (  0.0%) |
		[      0.4:      0.6)   0 (  0.0%) |
		[      0.6:      0.8)   0 (  0.0%) |
		[      0.8:        1) 286 ( 43.4%) |************************************
		[        1:      1.2)   0 (  0.0%) |
		[      1.2:      1.4)   0 (  0.0%) |
		[      1.4:      1.6)   0 (  0.0%) |
		[      1.6:      1.8)   0 (  0.0%) |
		[      1.8:        2)   0 (  0.0%) |
	Output Pin Usage:
		Max: 1.00 (1.00)
		Avg: 0.57 (0.57)
		Min: 0.00 (0.00)
		Histogram:
		[        0:      0.1) 286 ( 43.4%) |************************************
		[      0.1:      0.2)   0 (  0.0%) |
		[      0.2:      0.3)   0 (  0.0%) |
		[      0.3:      0.4)   0 (  0.0%) |
		[      0.4:      0.5)   0 (  0.0%) |
		[      0.5:      0.6)   0 (  0.0%) |
		[      0.6:      0.7)   0 (  0.0%) |
		[      0.7:      0.8)   0 (  0.0%) |
		[      0.8:      0.9)   0 (  0.0%) |
		[      0.9:        1) 373 ( 56.6%) |***********************************************

Type: clb
	Input Pin Usage:
		Max: 38.00 (0.70)
		Avg: 19.66 (0.36)
		Min: 3.00 (0.06)
		Histogram:
		[        0:      5.4)  13 (  5.8%) |******
		[      5.4:       11)   5 (  2.2%) |**
		[       11:       16)  27 ( 12.1%) |*************
		[       16:       22) 101 ( 45.1%) |***********************************************
		[       22:       27)  59 ( 26.3%) |***************************
		[       27:       32)  14 (  6.2%) |*******
		[       32:       38)   4 (  1.8%) |**
		[       38:       43)   1 (  0.4%) |
		[       43:       49)   0 (  0.0%) |
		[       49:       54)   0 (  0.0%) |
	Output Pin Usage:
		Max: 16.00 (0.76)
		Avg: 8.02 (0.38)
		Min: 1.00 (0.05)
		Histogram:
		[        0:      2.1) 16 (  7.1%) |************
		[      2.1:      4.2)  8 (  3.6%) |******
		[      4.2:      6.3) 40 ( 17.9%) |******************************
		[      6.3:      8.4) 64 ( 28.6%) |************************************************
		[      8.4:       10) 52 ( 23.2%) |***************************************
		[       10:       13) 27 ( 12.1%) |********************
		[       13:       15) 13 (  5.8%) |**********
		[       15:       17)  4 (  1.8%) |***
		[       17:       19)  0 (  0.0%) |
		[       19:       21)  0 (  0.0%) |

