VPR FPGA Placement and Routing.
Version: 8.1.0-dev+unkown
Revision: unkown
Compiled: 2023-11-16T17:20:44
Compiler: GNU 11.4.0 on Linux-6.2.0-36-generic x86_64
Build Info: release IPO VTR_ASSERT_LEVEL=2

University of Toronto
verilogtorouting.org
vtr-users@googlegroups.com
This is free open source code under MIT license.

VPR was run with the following command-line:
/home/xiaokewan/Software/vtr-verilog-to-routing-master/vpr/vpr /home/xiaokewan/Software/vtr-verilog-to-routing-master/vtr_flow/arch/timing/EArch.xml ../../rent_exp_0.48.blif


Architecture file: /home/xiaokewan/Software/vtr-verilog-to-routing-master/vtr_flow/arch/timing/EArch.xml
Circuit name: rent_exp_0.48

# Loading Architecture Description
# Loading Architecture Description took 0.00 seconds (max_rss 17.1 MiB, delta_rss +1.9 MiB)

Timing analysis: ON
Circuit netlist file: rent_exp_0.48.net
Circuit placement file: rent_exp_0.48.place
Circuit routing file: rent_exp_0.48.route
Circuit SDC file: rent_exp_0.48.sdc
Vpr floorplanning constraints file: not specified

Packer: ENABLED
Placer: ENABLED
Router: ENABLED
Analysis: ENABLED

VPR was run with the following options:

NetlistOpts.abosrb_buffer_luts            : true
NetlistOpts.sweep_dangling_primary_ios    : true
NetlistOpts.sweep_dangling_nets           : true
NetlistOpts.sweep_dangling_blocks         : true
NetlistOpts.sweep_constant_primary_outputs: false
NetlistOpts.netlist_verbosity             : 1
NetlistOpts.const_gen_inference           : COMB_SEQ

PackerOpts.allow_unrelated_clustering: auto
PackerOpts.alpha_clustering: 0.750000
PackerOpts.beta_clustering: 0.900000
PackerOpts.cluster_seed_type: BLEND2
PackerOpts.connection_driven: true
PackerOpts.global_clocks: true
PackerOpts.hill_climbing_flag: false
PackerOpts.inter_cluster_net_delay: 1.000000
PackerOpts.timing_driven: true
PackerOpts.target_external_pin_util: auto

PlacerOpts.place_freq: PLACE_ONCE
PlacerOpts.place_algorithm: CRITICALITY_TIMING_PLACE
PlacerOpts.pad_loc_type: FREE
PlacerOpts.constraints_file: No constraints file given
PlacerOpts.place_cost_exp: 1.000000
PlacerOpts.place_chan_width: 100
PlacerOpts.inner_loop_recompute_divider: 0
PlacerOpts.recompute_crit_iter: 1
PlacerOpts.timing_tradeoff: 0.500000
PlacerOpts.td_place_exp_first: 1.000000
PlacerOpts.td_place_exp_last: 8.000000
PlacerOpts.delay_offset: 0.000000
PlacerOpts.delay_ramp_delta_threshold: -1
PlacerOpts.delay_ramp_slope: 0.000000
PlacerOpts.tsu_rel_margin: 1.000000
PlacerOpts.tsu_abs_margin: 0.000000
PlacerOpts.post_place_timing_report_file: 
PlacerOpts.allowed_tiles_for_delay_model: 
PlacerOpts.delay_model_reducer: MIN
PlacerOpts.delay_model_type: DELTA
PlacerOpts.rlim_escape_fraction: 0.000000
PlacerOpts.move_stats_file: 
PlacerOpts.placement_saves_per_temperature: 0
PlacerOpts.effort_scaling: CIRCUIT
PlacerOpts.place_delta_delay_matrix_calculation_method: ASTAR_ROUTE
PlaceOpts.seed: 1
AnnealSched.type: AUTO_SCHED
AnnealSched.inner_num: 0.500000

RouterOpts.route_type: DETAILED
RouterOpts.flat_routing: false
RouterOpts.has_choking_spot: false
RouterOpts.router_algorithm: TIMING_DRIVEN
RouterOpts.base_cost_type: DELAY_NORMALIZED_LENGTH
RouterOpts.fixed_channel_width: NO_FIXED_CHANNEL_WIDTH
RouterOpts.check_route: FULL
RouterOpts.acc_fac: 1.000000
RouterOpts.bb_factor: 3
RouterOpts.bend_cost: 0.000000
RouterOpts.first_iter_pres_fac: 0.000000
RouterOpts.initial_pres_fac: 0.500000
RouterOpts.pres_fac_mult: 1.300000
RouterOpts.max_router_iterations: 50
RouterOpts.min_incremental_reroute_fanout: 16
RouterOpts.do_check_rr_graph: true
RouterOpts.verify_binary_search: false
RouterOpts.min_channel_width_hint: 0
RouterOpts.read_rr_edge_metadata: false
RouterOpts.exit_after_first_routing_iteration: false
RouterOpts.astar_fac: 1.200000
RouterOpts.router_profiler_astar_fac: 1.200000
RouterOpts.criticality_exp: 1.000000
RouterOpts.max_criticality: 0.990000
RouterOpts.init_wirelength_abort_threshold: 0.850000
RouterOpts.save_routing_per_iteration: false
RouterOpts.congested_routing_iteration_threshold_frac: 1.000000
RouterOpts.high_fanout_threshold: 64
RouterOpts.router_debug_net: -2
RouterOpts.router_debug_sink_rr: -2
RouterOpts.router_debug_iteration: -2
RouterOpts.max_convergence_count: 1
RouterOpts.reconvergence_cpd_threshold: 0.990000
RouterOpts.update_lower_bound_delays: true
RouterOpts.first_iteration_timing_report_file: 
RouterOpts.incr_reroute_delay_ripup: AUTO
RouterOpts.route_bb_update: DYNAMIC
RouterOpts.lookahead_type: MAP
RouterOpts.initial_timing: LOOKAHEAD
RouterOpts.router_heap: BINARY_HEAP
RouterOpts.routing_failure_predictor = SAFE
RouterOpts.routing_budgets_algorithm = DISABLE

AnalysisOpts.gen_post_synthesis_netlist: false
AnalysisOpts.timing_report_npaths: 100
AnalysisOpts.timing_report_skew: false
AnalysisOpts.echo_dot_timing_graph_node: -1
AnalysisOpts.timing_report_detail: NETLIST
AnalysisOpts.post_synth_netlist_unconn_input_handling: UNCONNECTED
AnalysisOpts.post_synth_netlist_unconn_output_handling: UNCONNECTED

# Building complex block graph
Warning 1: io[0].clock[0] unconnected pin in architecture.
# Building complex block graph took 0.01 seconds (max_rss 24.9 MiB, delta_rss +7.7 MiB)
Circuit file: ../../rent_exp_0.48.blif
# Load circuit
# Load circuit took 0.01 seconds (max_rss 32.4 MiB, delta_rss +7.5 MiB)
# Clean circuit
Absorbed 0 LUT buffers
Inferred    0 additional primitive pins as constant generators since they have no combinationally connected inputs
Inferred    0 additional primitive pins as constant generators due to constant inputs
Swept input(s)      : 0
Swept output(s)     : 0 (0 dangling, 0 constant)
Swept net(s)        : 0
Swept block(s)      : 0
Constant Pins Marked: 0
# Clean circuit took 0.00 seconds (max_rss 32.4 MiB, delta_rss +0.0 MiB)
# Compress circuit
# Compress circuit took 0.00 seconds (max_rss 32.4 MiB, delta_rss +0.0 MiB)
# Verify circuit
# Verify circuit took 0.00 seconds (max_rss 32.4 MiB, delta_rss +0.0 MiB)
Circuit Statistics:
  Blocks: 4755
    .input :     373
    .output:     286
    6-LUT  :    4096
  Nets  : 4469
    Avg Fanout:     2.8
    Max Fanout:    37.0
    Min Fanout:     1.0
  Netlist Clocks: 0
# Build Timing Graph
  Timing Graph Nodes: 17043
  Timing Graph Edges: 24862
  Timing Graph Levels: 82
# Build Timing Graph took 0.01 seconds (max_rss 34.6 MiB, delta_rss +2.1 MiB)
Netlist contains 0 clocks
# Load Timing Constraints

SDC file 'rent_exp_0.48.sdc' not found
Setting default timing constraints:
   * constrain all primay inputs and primary outputs on a virtual external clock 'virtual_io_clock'
   * optimize virtual clock to run as fast as possible
Timing constraints created 1 clocks
  Constrained Clock 'virtual_io_clock' (Virtual Clock)

# Load Timing Constraints took 0.00 seconds (max_rss 34.6 MiB, delta_rss +0.0 MiB)
# Packing
Begin packing '../../rent_exp_0.48.blif'.

After removing unused inputs...
	total blocks: 4755, total nets: 4469, total inputs: 373, total outputs: 286
Begin prepacking.

There is one chain in this architecture called "chain" with the following starting points:
	clb[0]/fle[0]/lut5inter[0]/ble5[0]/arithmetic[0]/adder[0].cin[0]

0 attraction groups were created during prepacking.
Finish prepacking.
Using inter-cluster delay: 1.33777e-09
Packing with pin utilization targets: io:1,1 clb:0.8,1 mult_36:1,1 memory:1,1
Packing with high fanout thresholds: io:128 clb:32 mult_36:128 memory:128
Starting Clustering - Clustering Progress: 
-------------------   --------------------------   ---------
Molecules processed   Number of clusters created   FPGA size
-------------------   --------------------------   ---------
   190/4755      3%                           10     6 x 6     
   380/4755      7%                           19     7 x 7     
   570/4755     11%                           29     9 x 9     
   760/4755     15%                           38    10 x 10    
   950/4755     19%                           48    10 x 10    
  1140/4755     23%                           57    11 x 11    
  1330/4755     27%                           67    12 x 12    
  1520/4755     31%                           76    13 x 13    
  1710/4755     35%                           86    13 x 13    
  1900/4755     39%                           95    14 x 14    
  2090/4755     43%                          105    14 x 14    
  2280/4755     47%                          114    15 x 15    
  2470/4755     51%                          124    15 x 15    
  2660/4755     55%                          133    16 x 16    
  2850/4755     59%                          143    17 x 17    
  3040/4755     63%                          152    17 x 17    
  3230/4755     67%                          162    17 x 17    
  3420/4755     71%                          171    18 x 18    
  3610/4755     75%                          182    18 x 18    
  3800/4755     79%                          191    18 x 18    
  3990/4755     83%                          202    19 x 19    
  4180/4755     87%                          307    20 x 20    
  4370/4755     91%                          497    20 x 20    
  4560/4755     95%                          687    20 x 20    
  4750/4755     99%                          877    23 x 23    

Logic Element (fle) detailed count:
  Total number of Logic Elements used : 2054
  LEs used for logic and registers    : 0
  LEs used for logic only             : 2054
  LEs used for registers only         : 0

Incr Slack updates 1 in 0.000141606 sec
Full Max Req/Worst Slack updates 1 in 4.218e-06 sec
Incr Max Req/Worst Slack updates 0 in 0 sec
Incr Criticality updates 0 in 0 sec
Full Criticality updates 1 in 0.0002397 sec
FPGA sized to 23 x 23 (auto)
Device Utilization: 0.58 (target 1.00)
	Block Utilization: 0.98 Type: io
	Block Utilization: 0.67 Type: clb

Start the iterative improvement process
the iterative improvement process is done
Final Clustering Statistics: 
----------   --------   ------------------------------------   --------------------------
Block Type   # Blocks   Avg. # of input clocks and pins used   Avg. # of output pins used
----------   --------   ------------------------------------   --------------------------
     EMPTY          0                                      0                            0   
        io        659                               0.433991                     0.566009   
       clb        224                                19.6562                      8.02232   
   mult_36          0                                      0                            0   
    memory          0                                      0                            0   
Absorbed logical nets 2299 out of 4469 nets, 2170 nets not absorbed.

Netlist conversion complete.

# Packing took 1.49 seconds (max_rss 64.6 MiB, delta_rss +30.0 MiB)
# Load packing
Begin loading packed FPGA netlist file.
Netlist generated from file 'rent_exp_0.48.net'.
Detected 0 constant generators (to see names run with higher pack verbosity)
Finished loading packed FPGA netlist file (took 0.184493 seconds).
Warning 2: Treated 0 constant nets as global which will not be routed (to see net names increase packer verbosity).
# Load packing took 0.19 seconds (max_rss 101.8 MiB, delta_rss +37.2 MiB)
Warning 3: Netlist contains 0 global net to non-global architecture pin connections

Pb types usage...
  io              : 659
   inpad          : 373
   outpad         : 286
  clb             : 224
   fle            : 2054
    lut5inter     : 2054
     ble5         : 4096
      flut5       : 4096
       lut5       : 4096
        lut       : 4096

# Create Device
## Build Device Grid
FPGA sized to 23 x 23: 529 grid tiles (auto)

Resource usage...
	Netlist
		659	blocks of type: io
	Architecture
		672	blocks of type: io
	Netlist
		224	blocks of type: clb
	Architecture
		336	blocks of type: clb
	Netlist
		0	blocks of type: mult_36
	Architecture
		10	blocks of type: mult_36
	Netlist
		0	blocks of type: memory
	Architecture
		9	blocks of type: memory

Device Utilization: 0.58 (target 1.00)
	Physical Tile io:
	Block Utilization: 0.98 Logical Block: io
	Physical Tile clb:
	Block Utilization: 0.67 Logical Block: clb
	Physical Tile mult_36:
	Block Utilization: 0.00 Logical Block: mult_36
	Physical Tile memory:
	Block Utilization: 0.00 Logical Block: memory

FPGA size limited by block type(s): io

## Build Device Grid took 0.00 seconds (max_rss 101.8 MiB, delta_rss +0.0 MiB)
## Build routing resource graph
SOURCE->OPIN and IPIN->SINK edge count:30105
OPIN->CHANX/CHANY edge count before creating direct connections: 86880
OPIN->CHANX/CHANY edge count after creating direct connections: 87200
CHAN->CHAN type edge count:475792
## Build routing resource graph took 0.19 seconds (max_rss 101.8 MiB, delta_rss +0.0 MiB)
  RR Graph Nodes: 70482
  RR Graph Edges: 593097
# Create Device took 0.20 seconds (max_rss 101.8 MiB, delta_rss +0.0 MiB)

# Computing router lookahead map
## Computing wire lookahead
## Computing wire lookahead took 0.48 seconds (max_rss 101.8 MiB, delta_rss +0.0 MiB)
## Computing src/opin lookahead
## Computing src/opin lookahead took 0.00 seconds (max_rss 101.8 MiB, delta_rss +0.0 MiB)
# Computing router lookahead map took 0.48 seconds (max_rss 101.8 MiB, delta_rss +0.0 MiB)
# Computing placement delta delay look-up
## Build routing resource graph
SOURCE->OPIN and IPIN->SINK edge count:30105
OPIN->CHANX/CHANY edge count before creating direct connections: 83678
OPIN->CHANX/CHANY edge count after creating direct connections: 83998
CHAN->CHAN type edge count:456022
## Build routing resource graph took 0.16 seconds (max_rss 101.8 MiB, delta_rss +0.0 MiB)
  RR Graph Nodes: 69426
  RR Graph Edges: 570125
## Computing router lookahead map
### Computing wire lookahead
### Computing wire lookahead took 0.46 seconds (max_rss 101.8 MiB, delta_rss +0.0 MiB)
### Computing src/opin lookahead
### Computing src/opin lookahead took 0.00 seconds (max_rss 101.8 MiB, delta_rss +0.0 MiB)
## Computing router lookahead map took 0.46 seconds (max_rss 101.8 MiB, delta_rss +0.0 MiB)
## Computing delta delays
## Computing delta delays took 0.05 seconds (max_rss 101.8 MiB, delta_rss +0.0 MiB)
# Computing placement delta delay look-up took 0.68 seconds (max_rss 101.8 MiB, delta_rss +0.0 MiB)

Bounding box mode is Cube

Using simple RL 'Softmax agent' for choosing move and block types
# Placement
## Initial Placement
Initial placement iteration 0 has finished successfully
## Initial Placement took 0.00 seconds (max_rss 101.8 MiB, delta_rss +0.0 MiB)

There are 4689 point to point connections in this circuit.


BB estimate of min-dist (placement) wire length: 43801

Completed placement consistency check successfully.
Initial placement cost: 1 bb_cost: 456.261 td_cost: 2.09606e-06
Initial placement estimated Critical Path Delay (CPD): 21.5309 ns
Initial placement estimated setup Total Negative Slack (sTNS): -4879.77 ns
Initial placement estimated setup Worst Negative Slack (sWNS): -21.5309 ns

Initial placement estimated setup slack histogram:
[ -2.2e-08:   -2e-08) 16 (  5.6%) |***********
[   -2e-08: -1.9e-08) 20 (  7.0%) |**************
[ -1.9e-08: -1.8e-08) 33 ( 11.5%) |**********************
[ -1.8e-08: -1.7e-08) 71 ( 24.8%) |************************************************
[ -1.7e-08: -1.6e-08) 66 ( 23.1%) |*********************************************
[ -1.6e-08: -1.5e-08) 37 ( 12.9%) |*************************
[ -1.5e-08: -1.4e-08) 24 (  8.4%) |****************
[ -1.4e-08: -1.3e-08) 11 (  3.8%) |*******
[ -1.3e-08: -1.2e-08)  4 (  1.4%) |***
[ -1.2e-08: -1.1e-08)  4 (  1.4%) |***
Placement contains 0 placement macros involving 0 blocks (average macro size -nan)

Moves per temperature: 4234
Warning 4: Starting t: 317 of 883 configurations accepted.

---- ------ ------- ------- ---------- ---------- ------- ---------- -------- ------- ------- ------ -------- --------- ------
Tnum   Time       T Av Cost Av BB Cost Av TD Cost     CPD       sTNS     sWNS Ac Rate Std Dev  R lim Crit Exp Tot Moves  Alpha
      (sec)                                          (ns)       (ns)     (ns)                                                 
---- ------ ------- ------- ---------- ---------- ------- ---------- -------- ------- ------- ------ -------- --------- ------
   1    0.0 5.4e-04   0.907     355.73 1.6969e-06  20.998  -4.68e+03  -20.998   0.664  0.0430   22.0     1.00      4234  0.200
   2    0.0 5.2e-04   0.954     307.88 1.6411e-06  19.026  -4.41e+03  -19.026   0.603  0.0206   22.0     1.00      8468  0.950
   3    0.0 4.9e-04   0.964     288.63 1.5711e-06  18.567  -4.32e+03  -18.567   0.577  0.0145   22.0     1.00     12702  0.950
   4    0.0 4.7e-04   0.967     274.71 1.5009e-06  18.407  -4.26e+03  -18.407   0.554  0.0193   22.0     1.00     16936  0.950
   5    0.0 4.4e-04   0.981     263.18 1.4764e-06  17.903  -4.21e+03  -17.903   0.514  0.0105   22.0     1.00     21170  0.950
   6    0.0 4.2e-04   0.981     253.81 1.418e-06   17.974   -4.2e+03  -17.974   0.497  0.0109   22.0     1.00     25404  0.950
   7    0.0 4.0e-04   0.990     248.72 1.3656e-06  18.156  -4.18e+03  -18.156   0.482  0.0092   22.0     1.00     29638  0.950
   8    0.0 3.8e-04   0.997     243.22 1.3786e-06  17.610  -4.14e+03  -17.610   0.450  0.0040   22.0     1.00     33872  0.950
   9    0.0 3.6e-04   0.987     240.65 1.3368e-06  17.836  -4.14e+03  -17.836   0.429  0.0058   22.0     1.00     38106  0.950
  10    0.0 3.4e-04   0.989     237.22 1.3139e-06  17.484  -4.13e+03  -17.484   0.420  0.0063   21.8     1.08     42340  0.950
  11    0.0 3.3e-04   0.990     233.67 1.2244e-06  17.602  -4.13e+03  -17.602   0.427  0.0053   21.3     1.23     46574  0.950
  12    0.0 3.1e-04   0.997     230.33 1.1387e-06  18.155  -4.12e+03  -18.155   0.403  0.0022   21.0     1.32     50808  0.950
  13    0.0 2.9e-04   0.997     230.11 1.1231e-06  17.370  -4.09e+03  -17.370   0.412  0.0020   20.3     1.58     55042  0.950
  14    0.0 2.8e-04   0.998     229.97 1.0456e-06  17.577  -4.09e+03  -17.577   0.387  0.0024   19.7     1.77     59276  0.950
  15    0.0 2.6e-04   0.991     228.22 9.5425e-07  17.456   -4.1e+03  -17.456   0.379  0.0077   18.7     2.12     63510  0.950
  16    0.0 2.5e-04   0.988     224.41 8.6413e-07  17.292  -4.07e+03  -17.292   0.375  0.0037   17.5     2.49     67744  0.950
  17    0.0 2.4e-04   0.993     223.16 8.3883e-07  16.833  -4.06e+03  -16.833   0.356  0.0041   16.4     2.87     71978  0.950
  18    0.0 2.3e-04   0.992     221.13 7.4327e-07  16.888  -4.05e+03  -16.888   0.338  0.0073   15.0     3.33     76212  0.950
  19    0.0 2.2e-04   0.994     218.79 6.4246e-07  17.078  -4.05e+03  -17.078   0.329  0.0049   13.5     3.85     80446  0.950
  20    0.0 2.0e-04   0.991     216.21 5.8001e-07  17.072  -4.05e+03  -17.072   0.329  0.0057   12.0     4.34     84680  0.950
  21    0.0 1.9e-04   0.993     214.24 4.8128e-07  17.407  -4.05e+03  -17.407   0.326  0.0036   10.6     4.78     88914  0.950
  22    0.0 1.8e-04   0.991     212.43 4.5751e-07  17.234  -4.02e+03  -17.234   0.317  0.0039    9.4     5.19     93148  0.950
  23    0.0 1.8e-04   0.993     212.18 4.1433e-07  17.295  -4.02e+03  -17.295   0.315  0.0041    8.3     5.57     97382  0.950
  24    0.0 1.7e-04   0.992     211.18 4.4428e-07  16.833  -4.04e+03  -16.833   0.299  0.0057    7.2     5.92    101616  0.950
  25    0.0 1.6e-04   0.991     208.80 4.2219e-07  16.717  -4.01e+03  -16.717   0.285  0.0053    6.2     6.26    105850  0.950
  26    0.0 1.5e-04   0.994     207.78 3.7704e-07  16.909     -4e+03  -16.909   0.276  0.0034    5.3     6.58    110084  0.950
  27    0.0 1.4e-04   0.995     207.43 3.6645e-07  16.770  -3.99e+03  -16.770   0.272  0.0018    4.4     6.87    114318  0.950
  28    0.0 1.4e-04   0.992     205.75 3.3979e-07  16.754  -3.98e+03  -16.754   0.274  0.0037    3.7     7.11    118552  0.950
  29    0.0 1.3e-04   0.992     203.13 3.2786e-07  16.795  -3.97e+03  -16.795   0.340  0.0045    3.1     7.32    122786  0.950
  30    0.0 1.2e-04   0.992     201.76 3.395e-07   16.602  -3.97e+03  -16.602   0.372  0.0035    2.7     7.42    127020  0.950
  31    0.0 1.2e-04   0.993     200.29 3.2682e-07  16.618  -3.97e+03  -16.618   0.368  0.0026    2.6     7.48    131254  0.950
  32    0.0 1.1e-04   0.995     198.54 3.4356e-07  16.427  -3.95e+03  -16.427   0.360  0.0039    2.4     7.54    135488  0.950
  33    0.0 1.1e-04   0.996     197.45 3.3494e-07  16.433  -3.96e+03  -16.433   0.329  0.0017    2.2     7.60    139722  0.950
  34    0.0 1.0e-04   0.996     197.11 3.4111e-07  16.329  -3.94e+03  -16.329   0.327  0.0030    1.9     7.69    143956  0.950
  35    0.0 9.5e-05   0.998     196.05 3.3446e-07  16.354  -3.95e+03  -16.354   0.322  0.0011    1.7     7.76    148190  0.950
  36    0.0 9.0e-05   0.997     195.45 3.2032e-07  16.460  -3.95e+03  -16.460   0.313  0.0015    1.5     7.83    152424  0.950
  37    0.0 8.6e-05   0.998     195.17 3.2454e-07  16.382  -3.94e+03  -16.382   0.301  0.0010    1.3     7.89    156658  0.950
  38    0.0 8.1e-05   1.000     194.55 3.0309e-07  16.525  -3.95e+03  -16.525   0.315  0.0006    1.1     7.95    160892  0.950
  39    0.0 7.7e-05   0.995     194.06 3.0095e-07  16.470  -3.94e+03  -16.470   0.302  0.0026    1.0     8.00    165126  0.950
  40    0.0 7.3e-05   0.998     193.66 3.0348e-07  16.436  -3.94e+03  -16.436   0.289  0.0013    1.0     8.00    169360  0.950
  41    0.0 7.0e-05   0.998     193.06 2.953e-07   16.491  -3.94e+03  -16.491   0.266  0.0009    1.0     8.00    173594  0.950
  42    0.0 6.6e-05   0.998     193.04 2.9689e-07  16.453  -3.93e+03  -16.453   0.263  0.0011    1.0     8.00    177828  0.950
  43    0.0 6.3e-05   0.998     192.24 3.0344e-07  16.458  -3.93e+03  -16.458   0.256  0.0011    1.0     8.00    182062  0.950
  44    0.0 6.0e-05   0.997     191.82 2.9742e-07  16.458  -3.93e+03  -16.458   0.255  0.0013    1.0     8.00    186296  0.950
  45    0.0 5.7e-05   0.998     191.69 2.8185e-07  16.528  -3.93e+03  -16.528   0.239  0.0007    1.0     8.00    190530  0.950
  46    0.0 5.4e-05   0.999     191.79 2.8272e-07  16.537  -3.94e+03  -16.537   0.245  0.0007    1.0     8.00    194764  0.950
  47    0.0 5.1e-05   0.999     191.48 2.838e-07   16.532  -3.93e+03  -16.532   0.224  0.0005    1.0     8.00    198998  0.950
  48    0.0 4.9e-05   0.999     191.26 2.8451e-07  16.523  -3.93e+03  -16.523   0.208  0.0004    1.0     8.00    203232  0.950
  49    0.0 4.6e-05   0.999     191.22 2.9994e-07  16.407  -3.93e+03  -16.407   0.218  0.0008    1.0     8.00    207466  0.950
  50    0.0 4.4e-05   1.000     191.16 3.0275e-07  16.383  -3.93e+03  -16.383   0.204  0.0005    1.0     8.00    211700  0.950
  51    0.0 4.2e-05   1.000     191.21 3.0279e-07  16.383  -3.92e+03  -16.383   0.184  0.0003    1.0     8.00    215934  0.950
  52    0.0 4.0e-05   0.998     191.24 3.0244e-07  16.390  -3.92e+03  -16.390   0.188  0.0012    1.0     8.00    220168  0.950
  53    0.0 3.8e-05   1.000     191.15 3.0081e-07  16.383  -3.92e+03  -16.383   0.179  0.0003    1.0     8.00    224402  0.950
  54    0.0 3.6e-05   0.999     191.25 2.9916e-07  16.383  -3.92e+03  -16.383   0.175  0.0006    1.0     8.00    228636  0.950
  55    0.0 3.4e-05   0.998     191.19 2.9501e-07  16.407  -3.92e+03  -16.407   0.161  0.0008    1.0     8.00    232870  0.950
  56    0.0 3.2e-05   0.999     191.12 2.9428e-07  16.383  -3.91e+03  -16.383   0.167  0.0006    1.0     8.00    237104  0.950
  57    0.0 3.1e-05   1.000     190.80 2.9423e-07  16.383  -3.92e+03  -16.383   0.153  0.0004    1.0     8.00    241338  0.950
  58    0.0 2.9e-05   0.999     190.49 2.9467e-07  16.383  -3.92e+03  -16.383   0.154  0.0004    1.0     8.00    245572  0.950
  59    0.0 2.8e-05   0.999     190.31 2.8935e-07  16.407  -3.91e+03  -16.407   0.135  0.0008    1.0     8.00    249806  0.950
  60    0.0 2.2e-05   0.999     190.07 2.9167e-07  16.383  -3.92e+03  -16.383   0.130  0.0006    1.0     8.00    254040  0.800
Agent's 2nd state: 
Checkpoint saved: bb_costs=189.931, TD costs=2.9271e-07, CPD= 16.383 (ns) 
  61    0.0 1.8e-05   1.000     189.85 2.9258e-07  16.383  -3.92e+03  -16.383   0.076  0.0004    1.0     8.00    258274  0.800
  62    0.0 1.4e-05   0.999     189.73 2.9109e-07  16.383  -3.91e+03  -16.383   0.071  0.0005    1.0     8.00    262508  0.800
  63    0.0 1.1e-05   0.999     189.64 2.9044e-07  16.383  -3.91e+03  -16.383   0.056  0.0004    1.0     8.00    266742  0.800
  64    0.0 9.1e-06   0.999     189.65 2.8893e-07  16.383  -3.91e+03  -16.383   0.044  0.0003    1.0     8.00    270976  0.800
  65    0.0 7.3e-06   0.999     189.51 2.877e-07   16.383  -3.91e+03  -16.383   0.030  0.0004    1.0     8.00    275210  0.800
  66    0.0 5.8e-06   1.000     189.41 2.8824e-07  16.383  -3.91e+03  -16.383   0.027  0.0001    1.0     8.00    279444  0.800
  67    0.0 4.7e-06   0.999     189.38 2.8109e-07  16.427  -3.91e+03  -16.427   0.028  0.0005    1.0     8.00    283678  0.800
  68    0.0 3.7e-06   1.000     189.39 2.8079e-07  16.427  -3.91e+03  -16.427   0.019  0.0001    1.0     8.00    287912  0.800
  69    0.0 3.0e-06   1.000     189.36 2.8068e-07  16.427  -3.91e+03  -16.427   0.018  0.0001    1.0     8.00    292146  0.800
  70    0.0 2.4e-06   1.000     189.33 2.8048e-07  16.427  -3.91e+03  -16.427   0.013  0.0001    1.0     8.00    296380  0.800
  71    0.0 0.0e+00   1.000     189.33 2.8016e-07  16.427  -3.91e+03  -16.427   0.007  0.0000    1.0     8.00    300614  0.800
## Placement Quench took 0.01 seconds (max_rss 101.8 MiB)
post-quench CPD = 16.4271 (ns) 

Checkpoint restored

BB estimate of min-dist (placement) wire length: 18233

Completed placement consistency check successfully.

Swaps called: 301497

Aborted Move Reasons:
  No moves aborted

Placement estimated critical path delay (least slack): 16.3826 ns, Fmax: 61.0403 MHz
Placement estimated setup Worst Negative Slack (sWNS): -16.3826 ns
Placement estimated setup Total Negative Slack (sTNS): -3916.43 ns

Placement estimated setup slack histogram:
[ -1.6e-08: -1.6e-08) 14 (  4.9%) |**********
[ -1.6e-08: -1.5e-08) 45 ( 15.7%) |*******************************
[ -1.5e-08: -1.4e-08) 69 ( 24.1%) |************************************************
[ -1.4e-08: -1.3e-08) 55 ( 19.2%) |**************************************
[ -1.3e-08: -1.3e-08) 45 ( 15.7%) |*******************************
[ -1.3e-08: -1.2e-08) 30 ( 10.5%) |*********************
[ -1.2e-08: -1.1e-08) 13 (  4.5%) |*********
[ -1.1e-08:   -1e-08)  7 (  2.4%) |*****
[   -1e-08: -9.6e-09)  6 (  2.1%) |****
[ -9.6e-09: -8.8e-09)  2 (  0.7%) |*

Placement estimated geomean non-virtual intra-domain period: nan ns (nan MHz)
Placement estimated fanout-weighted geomean non-virtual intra-domain period: nan ns (nan MHz)

Placement cost: 1, bb_cost: 189.931, td_cost: 2.9271e-07, 

Placement resource usage:
  io  implemented as io : 659
  clb implemented as clb: 224

Placement number of temperatures: 71
Placement total # of swap attempts: 301497
	Swaps accepted:  83400 (27.7 %)
	Swaps rejected: 202685 (67.2 %)
	Swaps aborted:  15412 ( 5.1 %)


Placement perturbation distribution by block and move type: 
------------------ ----------------- ---------------- ---------------- --------------- ------------ 
    Block Type         Move Type       (%) of Total      Accepted(%)     Rejected(%)    Aborted(%)
------------------ ----------------- ---------------- ---------------- --------------- ------------ 
io                 Uniform                17.64            36.90           63.10          0.00         
                   Median                 17.49            35.24           50.76          14.00        
                   Centroid               17.21            37.52           56.18          6.29         
                   W. Centroid            17.54            37.57           56.00          6.43         
                   W. Median              1.60             6.35            74.47          19.18        
                   Crit. Uniform          0.51             1.35            98.65          0.00         
                   Feasible Region        0.50             1.05            92.02          6.92         

clb                Uniform                5.88             3.08            96.92          0.00         
                   Median                 5.95             9.73            88.63          1.64         
                   Centroid               5.90             8.94            91.06          0.00         
                   W. Centroid            5.86             9.24            90.76          0.00         
                   W. Median              0.54             0.06            97.41          2.53         
                   Crit. Uniform          1.68             0.02            99.98          0.00         
                   Feasible Region        1.70             0.00            100.00         0.00         


Placement Quench timing analysis took 0.00219456 seconds (0.00197256 STA, 0.000222007 slack) (1 full updates: 1 setup, 0 hold, 0 combined).
Placement Total  timing analysis took 0.192205 seconds (0.170243 STA, 0.0219629 slack) (74 full updates: 74 setup, 0 hold, 0 combined).
update_td_costs: connections 0 nets 0 sum_nets 0 total 0
# Placement took 0.70 seconds (max_rss 101.8 MiB, delta_rss +0.0 MiB)

# Routing
Initializing minimum channel width search based on maximum CLB pins

Attempting to route at 76 channels (binary search bounds: [-1, -1])
## Build routing resource graph
SOURCE->OPIN and IPIN->SINK edge count:30105
OPIN->CHANX/CHANY edge count before creating direct connections: 66302
OPIN->CHANX/CHANY edge count after creating direct connections: 66622
CHAN->CHAN type edge count:360302
## Build routing resource graph took 0.13 seconds (max_rss 101.8 MiB, delta_rss +0.0 MiB)
  RR Graph Nodes: 64146
  RR Graph Edges: 457029
Confirming router algorithm: TIMING_DRIVEN.
## Computing router lookahead map
### Computing wire lookahead
### Computing wire lookahead took 0.39 seconds (max_rss 101.8 MiB, delta_rss +0.0 MiB)
### Computing src/opin lookahead
### Computing src/opin lookahead took 0.00 seconds (max_rss 101.8 MiB, delta_rss +0.0 MiB)
## Computing router lookahead map took 0.39 seconds (max_rss 101.8 MiB, delta_rss +0.0 MiB)
## Initializing router criticalities
Initial Net Connection Criticality Histogram:
[        0:      0.1)    9 (  0.2%) |
[      0.1:      0.2)   55 (  1.2%) |**
[      0.2:      0.3)   82 (  1.7%) |***
[      0.3:      0.4)  163 (  3.5%) |*****
[      0.4:      0.5)  204 (  4.4%) |*******
[      0.5:      0.6)  371 (  7.9%) |************
[      0.6:      0.7)  612 ( 13.1%) |********************
[      0.7:      0.8) 1088 ( 23.2%) |***********************************
[      0.8:      0.9) 1413 ( 30.1%) |**********************************************
[      0.9:        1)  692 ( 14.8%) |***********************
## Initializing router criticalities took 0.04 seconds (max_rss 101.8 MiB, delta_rss +0.0 MiB)
---- ------ ------- ---- ------- ------- ------- ----------------- --------------- -------- ---------- ---------- ---------- ---------- --------
Iter   Time    pres  BBs    Heap  Re-Rtd  Re-Rtd Overused RR Nodes      Wirelength      CPD       sTNS       sWNS       hTNS       hWNS Est Succ
      (sec)     fac Updt    push    Nets   Conns                                       (ns)       (ns)       (ns)       (ns)       (ns)     Iter
---- ------ ------- ---- ------- ------- ------- ----------------- --------------- -------- ---------- ---------- ---------- ---------- --------
   1    0.0     0.0    0  249988    2170    4689    2251 ( 3.509%)   28970 (41.3%)   18.224     -4171.    -18.224      0.000      0.000      N/A
Incr Slack updates 74 in 0.00677695 sec
Full Max Req/Worst Slack updates 37 in 0.000126009 sec
Incr Max Req/Worst Slack updates 37 in 0.000160614 sec
Incr Criticality updates 16 in 0.00254017 sec
Full Criticality updates 58 in 0.0113687 sec
   2    0.0     0.5   19  217985    1624    4033    1599 ( 2.493%)   28887 (41.1%)   18.242     -4176.    -18.242      0.000      0.000      N/A
   3    0.0     0.6    2  216821    1392    3694    1356 ( 2.114%)   29353 (41.8%)   18.238     -4178.    -18.238      0.000      0.000      N/A
   4    0.0     0.8    4  211910    1240    3470    1106 ( 1.724%)   29494 (42.0%)   18.132     -4180.    -18.132      0.000      0.000      N/A
   5    0.0     1.1   11  200776    1045    3173     893 ( 1.392%)   30045 (42.8%)   18.249     -4184.    -18.249      0.000      0.000      N/A
   6    0.0     1.4    7  189710     896    2912     673 ( 1.049%)   30263 (43.1%)   18.144     -4188.    -18.144      0.000      0.000      N/A
   7    0.0     1.9    8  169889     732    2569     522 ( 0.814%)   30671 (43.7%)   18.144     -4190.    -18.144      0.000      0.000      N/A
   8    0.0     2.4    3  147424     580    2241     325 ( 0.507%)   31059 (44.2%)   18.144     -4192.    -18.144      0.000      0.000      N/A
   9    0.0     3.1    6  118980     402    1711     199 ( 0.310%)   31525 (44.9%)   18.144     -4192.    -18.144      0.000      0.000      N/A
  10    0.0     4.1    3   92772     258    1251     121 ( 0.189%)   31732 (45.2%)   18.144     -4193.    -18.144      0.000      0.000       23
  11    0.0     5.3    3   67927     164     858      69 ( 0.108%)   31942 (45.5%)   18.144     -4190.    -18.144      0.000      0.000       21
  12    0.0     6.9    4   45420      95     525      26 ( 0.041%)   32100 (45.7%)   18.144     -4190.    -18.144      0.000      0.000       20
  13    0.0     9.0    0   22793      36     212      11 ( 0.017%)   32170 (45.8%)   18.145     -4190.    -18.145      0.000      0.000       18
  14    0.0    11.6    0   11285      17      76       4 ( 0.006%)   32226 (45.9%)   18.145     -4190.    -18.145      0.000      0.000       17
  15    0.0    15.1    1    4429       6      34       2 ( 0.003%)   32237 (45.9%)   18.145     -4190.    -18.145      0.000      0.000       16
  16    0.0    19.7    1    1179       2       5       0 ( 0.000%)   32245 (45.9%)   18.145     -4190.    -18.145      0.000      0.000       16
Restoring best routing
Critical path: 18.1447 ns
Successfully routed after 16 routing iterations.
Final Net Connection Criticality Histogram:
[        0:      0.1)    5 (  0.1%) |
[      0.1:      0.2)   55 (  1.2%) |**
[      0.2:      0.3)   89 (  1.9%) |***
[      0.3:      0.4)  172 (  3.7%) |******
[      0.4:      0.5)  223 (  4.8%) |*******
[      0.5:      0.6)  414 (  8.8%) |**************
[      0.6:      0.7)  746 ( 15.9%) |*************************
[      0.7:      0.8) 1198 ( 25.5%) |****************************************
[      0.8:      0.9) 1392 ( 29.7%) |**********************************************
[      0.9:        1)  395 (  8.4%) |*************
Router Stats: total_nets_routed: 10659 total_connections_routed: 31453 total_heap_pushes: 1969288 total_heap_pops: 459387 total_internal_heap_pushes: 0 total_internal_heap_pops: 0 total_external_heap_pushes: 1969288 total_external_heap_pops: 459387 total_external_SOURCE_pushes: 31453 total_external_SOURCE_pops: 18819 total_internal_SOURCE_pushes: 0 total_internal_SOURCE_pops: 0 rt_node_SOURCE_pushes: 31453 rt_node_SOURCE_high_fanout_pushes: 0 rt_node_SOURCE_entire_tree_pushes: 31453 total_external_SINK_pushes: 94572 total_external_SINK_pops: 87293 total_internal_SINK_pushes: 0 total_internal_SINK_pops: 0 rt_node_SINK_pushes: 0 rt_node_SINK_high_fanout_pushes: 0 rt_node_SINK_entire_tree_pushes: 0 total_external_IPIN_pushes: 141253 total_external_IPIN_pops: 125143 total_internal_IPIN_pushes: 0 total_internal_IPIN_pops: 0 rt_node_IPIN_pushes: 0 rt_node_IPIN_high_fanout_pushes: 0 rt_node_IPIN_entire_tree_pushes: 0 total_external_OPIN_pushes: 36236 total_external_OPIN_pops: 23904 total_internal_OPIN_pushes: 0 total_internal_OPIN_pops: 0 rt_node_OPIN_pushes: 20819 rt_node_OPIN_high_fanout_pushes: 0 rt_node_OPIN_entire_tree_pushes: 20819 total_external_CHANX_pushes: 833425 total_external_CHANX_pops: 103381 total_internal_CHANX_pushes: 0 total_internal_CHANX_pops: 0 rt_node_CHANX_pushes: 75660 rt_node_CHANX_high_fanout_pushes: 0 rt_node_CHANX_entire_tree_pushes: 75660 total_external_CHANY_pushes: 832349 total_external_CHANY_pops: 100847 total_internal_CHANY_pushes: 0 total_internal_CHANY_pops: 0 rt_node_CHANY_pushes: 76181 rt_node_CHANY_high_fanout_pushes: 0 rt_node_CHANY_entire_tree_pushes: 76181 total_number_of_adding_all_rt: 354077 total_number_of_adding_high_fanout_rt: 0 total_number_of_adding_all_rt_from_calling_high_fanout_rt: 0 

Attempting to route at 38 channels (binary search bounds: [-1, 76])
## Build routing resource graph
SOURCE->OPIN and IPIN->SINK edge count:30105
OPIN->CHANX/CHANY edge count before creating direct connections: 33160
OPIN->CHANX/CHANY edge count after creating direct connections: 33480
CHAN->CHAN type edge count:181020
## Build routing resource graph took 0.06 seconds (max_rss 101.8 MiB, delta_rss +0.0 MiB)
  RR Graph Nodes: 54114
  RR Graph Edges: 244605
Confirming router algorithm: TIMING_DRIVEN.
## Computing router lookahead map
### Computing wire lookahead
### Computing wire lookahead took 0.25 seconds (max_rss 101.8 MiB, delta_rss +0.0 MiB)
### Computing src/opin lookahead
### Computing src/opin lookahead took 0.00 seconds (max_rss 101.8 MiB, delta_rss +0.0 MiB)
## Computing router lookahead map took 0.25 seconds (max_rss 101.8 MiB, delta_rss +0.0 MiB)
## Initializing router criticalities
Initial Net Connection Criticality Histogram:
[        0:      0.1)    9 (  0.2%) |
[      0.1:      0.2)   55 (  1.2%) |**
[      0.2:      0.3)   82 (  1.7%) |***
[      0.3:      0.4)  162 (  3.5%) |*****
[      0.4:      0.5)  205 (  4.4%) |*******
[      0.5:      0.6)  371 (  7.9%) |************
[      0.6:      0.7)  607 ( 12.9%) |********************
[      0.7:      0.8) 1088 ( 23.2%) |***********************************
[      0.8:      0.9) 1415 ( 30.2%) |**********************************************
[      0.9:        1)  695 ( 14.8%) |***********************
## Initializing router criticalities took 0.01 seconds (max_rss 101.8 MiB, delta_rss +0.0 MiB)
---- ------ ------- ---- ------- ------- ------- ----------------- --------------- -------- ---------- ---------- ---------- ---------- --------
Iter   Time    pres  BBs    Heap  Re-Rtd  Re-Rtd Overused RR Nodes      Wirelength      CPD       sTNS       sWNS       hTNS       hWNS Est Succ
      (sec)     fac Updt    push    Nets   Conns                                       (ns)       (ns)       (ns)       (ns)       (ns)     Iter
---- ------ ------- ---- ------- ------- ------- ----------------- --------------- -------- ---------- ---------- ---------- ---------- --------
   1    0.0     0.0    0  230862    2170    4689    2813 ( 5.198%)   30095 (85.7%)   18.014     -4231.    -18.014      0.000      0.000      N/A
Wire length usage ratio 0.857114 exceeds limit of 0.85, fail routing.
Routing failed.

Failed routing attempt #0
Total number of overused nodes: 2813
Total number of overused nodes is larger than the logging limit (20).
Displaying the first 20 entries.
Routing Failure Diagnostics: Printing Overused Nodes Information
------ ------- ---------- --------- -------- ------------ ------- ------- ------- ------- ------- ------- -------
   No.  NodeId  Occupancy  Capacity  RR Node    Direction    Side     PTC   Block    Xlow    Ylow   Xhigh   Yhigh
                                        type                          NUM    Name                                 
------ ------- ---------- --------- -------- ------------ ------- ------- ------- ------- ------- ------- -------
     0    2310          2         1     IPIN          N/A    LEFT       3     clb       1      13       1      13
     1    2318          3         1     IPIN          N/A    LEFT      11     clb       1      13       1      13
     2    2322          2         1     IPIN          N/A    LEFT      15     clb       1      13       1      13
     3    2327          3         1     IPIN          N/A     TOP      20     clb       1      13       1      13
     4    2338          3         1     IPIN          N/A    LEFT      31     clb       1      13       1      13
     5    2354          2         1     IPIN          N/A    LEFT      47     clb       1      13       1      13
     6    2410          2         1     IPIN          N/A   RIGHT       1     clb       1      14       1      14
     7    2428          2         1     IPIN          N/A    LEFT      19     clb       1      14       1      14
     8    2430          2         1     IPIN          N/A   RIGHT      21     clb       1      14       1      14
     9    2440          2         1     IPIN          N/A    LEFT      31     clb       1      14       1      14
    10    2517          2         1     IPIN          N/A  BOTTOM       6     clb       1      15       1      15
    11    2525          3         1     IPIN          N/A  BOTTOM      14     clb       1      15       1      15
    12    2529          2         1     IPIN          N/A  BOTTOM      18     clb       1      15       1      15
    13    2549          2         1     IPIN          N/A  BOTTOM      38     clb       1      15       1      15
    14    2558          2         1     IPIN          N/A    LEFT      47     clb       1      15       1      15
    15    2618          2         1     IPIN          N/A   RIGHT       5     clb       1      16       1      16
    16    2630          4         1     IPIN          N/A   RIGHT      17     clb       1      16       1      16
    17    2647          2         1     IPIN          N/A  BOTTOM      34     clb       1      16       1      16
    18    2651          2         1     IPIN          N/A  BOTTOM      38     clb       1      16       1      16
    19    4999          2         1     IPIN          N/A     TOP       4     clb       3       7       3       7

Final Net Connection Criticality Histogram:
[        0:      0.1)    7 (  0.1%) |
[      0.1:      0.2)   53 (  1.1%) |**
[      0.2:      0.3)   85 (  1.8%) |***
[      0.3:      0.4)  162 (  3.5%) |*****
[      0.4:      0.5)  222 (  4.7%) |*******
[      0.5:      0.6)  378 (  8.1%) |************
[      0.6:      0.7)  673 ( 14.4%) |**********************
[      0.7:      0.8) 1156 ( 24.7%) |**************************************
[      0.8:      0.9) 1401 ( 29.9%) |**********************************************
[      0.9:        1)  552 ( 11.8%) |******************
Router Stats: total_nets_routed: 2170 total_connections_routed: 4689 total_heap_pushes: 230862 total_heap_pops: 62601 total_internal_heap_pushes: 0 total_internal_heap_pops: 0 total_external_heap_pushes: 230862 total_external_heap_pops: 62601 total_external_SOURCE_pushes: 4689 total_external_SOURCE_pops: 3107 total_internal_SOURCE_pushes: 0 total_internal_SOURCE_pops: 0 rt_node_SOURCE_pushes: 4689 rt_node_SOURCE_high_fanout_pushes: 0 rt_node_SOURCE_entire_tree_pushes: 4689 total_external_SINK_pushes: 14594 total_external_SINK_pops: 12458 total_internal_SINK_pushes: 0 total_internal_SINK_pops: 0 rt_node_SINK_pushes: 0 rt_node_SINK_high_fanout_pushes: 0 rt_node_SINK_entire_tree_pushes: 0 total_external_IPIN_pushes: 18734 total_external_IPIN_pops: 18636 total_internal_IPIN_pushes: 0 total_internal_IPIN_pops: 0 rt_node_IPIN_pushes: 0 rt_node_IPIN_high_fanout_pushes: 0 rt_node_IPIN_entire_tree_pushes: 0 total_external_OPIN_pushes: 5236 total_external_OPIN_pops: 3731 total_internal_OPIN_pushes: 0 total_internal_OPIN_pops: 0 rt_node_OPIN_pushes: 2519 rt_node_OPIN_high_fanout_pushes: 0 rt_node_OPIN_entire_tree_pushes: 2519 total_external_CHANX_pushes: 93885 total_external_CHANX_pops: 12514 total_internal_CHANX_pushes: 0 total_internal_CHANX_pops: 0 rt_node_CHANX_pushes: 7974 rt_node_CHANX_high_fanout_pushes: 0 rt_node_CHANX_entire_tree_pushes: 7974 total_external_CHANY_pushes: 93724 total_external_CHANY_pops: 12155 total_internal_CHANY_pushes: 0 total_internal_CHANY_pops: 0 rt_node_CHANY_pushes: 7660 rt_node_CHANY_high_fanout_pushes: 0 rt_node_CHANY_entire_tree_pushes: 7660 total_number_of_adding_all_rt: 39002 total_number_of_adding_high_fanout_rt: 0 total_number_of_adding_all_rt_from_calling_high_fanout_rt: 0 

Attempting to route at 58 channels (binary search bounds: [38, 76])
## Build routing resource graph
SOURCE->OPIN and IPIN->SINK edge count:30105
OPIN->CHANX/CHANY edge count before creating direct connections: 50536
OPIN->CHANX/CHANY edge count after creating direct connections: 50856
CHAN->CHAN type edge count:277316
## Build routing resource graph took 0.10 seconds (max_rss 101.8 MiB, delta_rss +0.0 MiB)
  RR Graph Nodes: 59394
  RR Graph Edges: 358277
Confirming router algorithm: TIMING_DRIVEN.
## Computing router lookahead map
### Computing wire lookahead
### Computing wire lookahead took 0.34 seconds (max_rss 101.8 MiB, delta_rss +0.0 MiB)
### Computing src/opin lookahead
### Computing src/opin lookahead took 0.00 seconds (max_rss 101.8 MiB, delta_rss +0.0 MiB)
## Computing router lookahead map took 0.34 seconds (max_rss 101.8 MiB, delta_rss +0.0 MiB)
## Initializing router criticalities
Initial Net Connection Criticality Histogram:
[        0:      0.1)    9 (  0.2%) |
[      0.1:      0.2)   55 (  1.2%) |**
[      0.2:      0.3)   83 (  1.8%) |***
[      0.3:      0.4)  162 (  3.5%) |*****
[      0.4:      0.5)  204 (  4.4%) |*******
[      0.5:      0.6)  376 (  8.0%) |************
[      0.6:      0.7)  617 ( 13.2%) |********************
[      0.7:      0.8) 1090 ( 23.2%) |***********************************
[      0.8:      0.9) 1421 ( 30.3%) |**********************************************
[      0.9:        1)  672 ( 14.3%) |**********************
## Initializing router criticalities took 0.01 seconds (max_rss 101.8 MiB, delta_rss +0.0 MiB)
---- ------ ------- ---- ------- ------- ------- ----------------- --------------- -------- ---------- ---------- ---------- ---------- --------
Iter   Time    pres  BBs    Heap  Re-Rtd  Re-Rtd Overused RR Nodes      Wirelength      CPD       sTNS       sWNS       hTNS       hWNS Est Succ
      (sec)     fac Updt    push    Nets   Conns                                       (ns)       (ns)       (ns)       (ns)       (ns)     Iter
---- ------ ------- ---- ------- ------- ------- ----------------- --------------- -------- ---------- ---------- ---------- ---------- --------
   1    0.0     0.0    0  240648    2170    4689    2488 ( 4.189%)   29638 (55.3%)   17.962     -4184.    -17.962      0.000      0.000      N/A
   2    0.0     0.5   11  221939    1812    4268    2070 ( 3.485%)   29585 (55.2%)   17.962     -4189.    -17.962      0.000      0.000      N/A
   3    0.0     0.6   10  239957    1614    4033    1798 ( 3.027%)   30234 (56.4%)   17.977     -4190.    -17.977      0.000      0.000      N/A
   4    0.0     0.8   14  248658    1492    3855    1556 ( 2.620%)   30816 (57.5%)   17.964     -4202.    -17.964      0.000      0.000      N/A
   5    0.0     1.1   15  247576    1373    3661    1316 ( 2.216%)   31370 (58.5%)   17.995     -4202.    -17.995      0.000      0.000      N/A
   6    0.0     1.4   17  237829    1169    3361    1026 ( 1.727%)   31799 (59.3%)   18.011     -4211.    -18.011      0.000      0.000      N/A
   7    0.0     1.9   20  230639    1010    3114     859 ( 1.446%)   32395 (60.4%)   18.005     -4217.    -18.005      0.000      0.000      N/A
   8    0.0     2.4   15  224896     909    2900     668 ( 1.125%)   32915 (61.4%)   17.993     -4220.    -17.993      0.000      0.000      N/A
   9    0.0     3.1   18  211243     748    2564     479 ( 0.806%)   33556 (62.6%)   17.986     -4223.    -17.986      0.000      0.000      N/A
  10    0.0     4.1   14  197145     610    2301     359 ( 0.604%)   34074 (63.6%)   17.986     -4229.    -17.986      0.000      0.000       34
  11    0.0     5.3    8  184264     470    1926     232 ( 0.391%)   34504 (64.4%)   17.986     -4237.    -17.986      0.000      0.000       32
  12    0.0     6.9    8  155293     357    1615     146 ( 0.246%)   34991 (65.3%)   17.986     -4241.    -17.986      0.000      0.000       30
  13    0.0     9.0    8  160307     285    1355      89 ( 0.150%)   35472 (66.2%)   17.986     -4244.    -17.986      0.000      0.000       26
  14    0.0    11.6    5  150033     233    1161      55 ( 0.093%)   35659 (66.5%)   17.986     -4247.    -17.986      0.000      0.000       25
  15    0.0    15.1    5  137256     198    1006      26 ( 0.044%)   35918 (67.0%)   17.986     -4247.    -17.986      0.000      0.000       24
  16    0.0    19.7    6  106412     170     891      20 ( 0.034%)   36076 (67.3%)   17.986     -4254.    -17.986      0.000      0.000       23
  17    0.0    25.6    3  102169     168     865      12 ( 0.020%)   36174 (67.5%)   17.986     -4254.    -17.986      0.000      0.000       22
  18    0.0    33.3    2   96162     159     825       5 ( 0.008%)   36212 (67.6%)   17.986     -4252.    -17.986      0.000      0.000       22
  19    0.0    43.3    2   89797     157     811       5 ( 0.008%)   36228 (67.6%)   17.986     -4252.    -17.986      0.000      0.000       22
  20    0.0    56.2    0   88373     154     806       3 ( 0.005%)   36279 (67.7%)   17.986     -4252.    -17.986      0.000      0.000       22
  21    0.0    73.1    2   92708     154     809       3 ( 0.005%)   36279 (67.7%)   17.986     -4252.    -17.986      0.000      0.000       22
  22    0.0    95.0    0   93858     154     811       2 ( 0.003%)   36348 (67.8%)   17.986     -4252.    -17.986      0.000      0.000       22
  23    0.0   123.5    0   95850     154     810       2 ( 0.003%)   36355 (67.8%)   17.986     -4252.    -17.986      0.000      0.000       23
  24    0.0   160.6    0  103584     154     816       1 ( 0.002%)   36333 (67.8%)   17.986     -4252.    -17.986      0.000      0.000       23
  25    0.0   208.8    1   87119     151     800       1 ( 0.002%)   36329 (67.8%)   17.986     -4252.    -17.986      0.000      0.000       24
  26    0.0   271.4    0   93697     152     804       1 ( 0.002%)   36329 (67.8%)   17.986     -4252.    -17.986      0.000      0.000       24
  27    0.0   352.8    0   95915     152     806       1 ( 0.002%)   36331 (67.8%)   17.986     -4252.    -17.986      0.000      0.000       25
  28    0.0   458.7    0   93647     152     800       1 ( 0.002%)   36353 (67.8%)   17.986     -4252.    -17.986      0.000      0.000       25
  29    0.0   596.3    0   92786     151     799       1 ( 0.002%)   36347 (67.8%)   17.986     -4252.    -17.986      0.000      0.000       26
  30    0.0   775.1    1   95029     152     806       1 ( 0.002%)   36363 (67.9%)   17.986     -4252.    -17.986      0.000      0.000       26
  31    0.0  1007.7    0   93768     152     805       0 ( 0.000%)   36370 (67.9%)   17.986     -4254.    -17.986      0.000      0.000       27
Restoring best routing
Critical path: 17.9865 ns
Successfully routed after 31 routing iterations.
Final Net Connection Criticality Histogram:
[        0:      0.1)    7 (  0.1%) |
[      0.1:      0.2)   48 (  1.0%) |**
[      0.2:      0.3)   78 (  1.7%) |**
[      0.3:      0.4)  147 (  3.1%) |*****
[      0.4:      0.5)  214 (  4.6%) |*******
[      0.5:      0.6)  377 (  8.0%) |************
[      0.6:      0.7)  649 ( 13.8%) |*********************
[      0.7:      0.8) 1147 ( 24.5%) |************************************
[      0.8:      0.9) 1454 ( 31.0%) |**********************************************
[      0.9:        1)  568 ( 12.1%) |******************
Router Stats: total_nets_routed: 16936 total_connections_routed: 54873 total_heap_pushes: 4608557 total_heap_pops: 1003626 total_internal_heap_pushes: 0 total_internal_heap_pops: 0 total_external_heap_pushes: 4608557 total_external_heap_pops: 1003626 total_external_SOURCE_pushes: 54873 total_external_SOURCE_pops: 34928 total_internal_SOURCE_pushes: 0 total_internal_SOURCE_pops: 0 rt_node_SOURCE_pushes: 54873 rt_node_SOURCE_high_fanout_pushes: 0 rt_node_SOURCE_entire_tree_pushes: 54873 total_external_SINK_pushes: 155651 total_external_SINK_pops: 143760 total_internal_SINK_pushes: 0 total_internal_SINK_pops: 0 rt_node_SINK_pushes: 0 rt_node_SINK_high_fanout_pushes: 0 rt_node_SINK_entire_tree_pushes: 0 total_external_IPIN_pushes: 243559 total_external_IPIN_pops: 200823 total_internal_IPIN_pushes: 0 total_internal_IPIN_pops: 0 rt_node_IPIN_pushes: 0 rt_node_IPIN_high_fanout_pushes: 0 rt_node_IPIN_entire_tree_pushes: 0 total_external_OPIN_pushes: 64345 total_external_OPIN_pops: 42961 total_internal_OPIN_pushes: 0 total_internal_OPIN_pops: 0 rt_node_OPIN_pushes: 37979 rt_node_OPIN_high_fanout_pushes: 0 rt_node_OPIN_entire_tree_pushes: 37979 total_external_CHANX_pushes: 2063809 total_external_CHANX_pops: 290369 total_internal_CHANX_pushes: 0 total_internal_CHANX_pops: 0 rt_node_CHANX_pushes: 168128 rt_node_CHANX_high_fanout_pushes: 0 rt_node_CHANX_entire_tree_pushes: 168128 total_external_CHANY_pushes: 2026320 total_external_CHANY_pops: 290785 total_internal_CHANY_pushes: 0 total_internal_CHANY_pops: 0 rt_node_CHANY_pushes: 161253 rt_node_CHANY_high_fanout_pushes: 0 rt_node_CHANY_entire_tree_pushes: 161253 total_number_of_adding_all_rt: 706993 total_number_of_adding_high_fanout_rt: 0 total_number_of_adding_all_rt_from_calling_high_fanout_rt: 0 

Attempting to route at 48 channels (binary search bounds: [38, 58])
## Build routing resource graph
SOURCE->OPIN and IPIN->SINK edge count:30105
OPIN->CHANX/CHANY edge count before creating direct connections: 42520
OPIN->CHANX/CHANY edge count after creating direct connections: 42840
CHAN->CHAN type edge count:229150
## Build routing resource graph took 0.08 seconds (max_rss 101.8 MiB, delta_rss +0.0 MiB)
  RR Graph Nodes: 56754
  RR Graph Edges: 302095
Confirming router algorithm: TIMING_DRIVEN.
## Computing router lookahead map
### Computing wire lookahead
### Computing wire lookahead took 0.28 seconds (max_rss 101.8 MiB, delta_rss +0.0 MiB)
### Computing src/opin lookahead
### Computing src/opin lookahead took 0.00 seconds (max_rss 101.8 MiB, delta_rss +0.0 MiB)
## Computing router lookahead map took 0.28 seconds (max_rss 101.8 MiB, delta_rss +0.0 MiB)
## Initializing router criticalities
Initial Net Connection Criticality Histogram:
[        0:      0.1)    9 (  0.2%) |
[      0.1:      0.2)   55 (  1.2%) |**
[      0.2:      0.3)   82 (  1.7%) |***
[      0.3:      0.4)  163 (  3.5%) |*****
[      0.4:      0.5)  204 (  4.4%) |*******
[      0.5:      0.6)  371 (  7.9%) |************
[      0.6:      0.7)  612 ( 13.1%) |********************
[      0.7:      0.8) 1088 ( 23.2%) |***********************************
[      0.8:      0.9) 1413 ( 30.1%) |**********************************************
[      0.9:        1)  692 ( 14.8%) |***********************
## Initializing router criticalities took 0.01 seconds (max_rss 101.8 MiB, delta_rss +0.0 MiB)
---- ------ ------- ---- ------- ------- ------- ----------------- --------------- -------- ---------- ---------- ---------- ---------- --------
Iter   Time    pres  BBs    Heap  Re-Rtd  Re-Rtd Overused RR Nodes      Wirelength      CPD       sTNS       sWNS       hTNS       hWNS Est Succ
      (sec)     fac Updt    push    Nets   Conns                                       (ns)       (ns)       (ns)       (ns)       (ns)     Iter
---- ------ ------- ---- ------- ------- ------- ----------------- --------------- -------- ---------- ---------- ---------- ---------- --------
   1    0.0     0.0    0  246490    2170    4689    2733 ( 4.816%)   30205 (68.1%)   18.122     -4242.    -18.122      0.000      0.000      N/A
   2    0.0     0.5   43  237159    1909    4387    2374 ( 4.183%)   30136 (67.9%)   18.088     -4246.    -18.088      0.000      0.000      N/A
   3    0.0     0.6   10  263322    1728    4169    2210 ( 3.894%)   31071 (70.1%)   18.091     -4247.    -18.091      0.000      0.000      N/A
   4    0.0     0.8   34  281868    1657    4077    2068 ( 3.644%)   31748 (71.6%)   18.091     -4257.    -18.091      0.000      0.000      N/A
   5    0.0     1.1   25  292773    1533    3935    1790 ( 3.154%)   32515 (73.3%)   18.100     -4262.    -18.100      0.000      0.000      N/A
   6    0.0     1.4   23  312968    1413    3757    1559 ( 2.747%)   33330 (75.1%)   18.100     -4264.    -18.100      0.000      0.000      N/A
   7    0.0     1.9   32  330066    1299    3564    1324 ( 2.333%)   33847 (76.3%)   18.099     -4275.    -18.099      0.000      0.000      N/A
   8    0.0     2.4   24  348657    1167    3335    1155 ( 2.035%)   34534 (77.9%)   18.099     -4275.    -18.099      0.000      0.000      N/A
   9    0.0     3.1   28  386869    1060    3171    1042 ( 1.836%)   35453 (79.9%)   18.099     -4284.    -18.099      0.000      0.000      N/A
  10    0.0     4.1   30  422136     968    3027     883 ( 1.556%)   36012 (81.2%)   18.099     -4289.    -18.099      0.000      0.000       59
  11    0.0     5.3   39  486412     858    2800     780 ( 1.374%)   36755 (82.9%)   18.099     -4302.    -18.099      0.000      0.000       59
  12    0.0     6.9   33  528841     786    2656     713 ( 1.256%)   37363 (84.2%)   18.099     -4310.    -18.099      0.000      0.000       60
  13    0.0     9.0   18  607348     756    2597     644 ( 1.135%)   37885 (85.4%)   18.249     -4315.    -18.249      0.000      0.000       64
  14    0.1    11.6   26  715537     739    2568     627 ( 1.105%)   38137 (86.0%)   18.249     -4316.    -18.249      0.000      0.000       66
  15    0.1    15.1   23  723769     704    2526     599 ( 1.055%)   38881 (87.7%)   18.249     -4348.    -18.249      0.000      0.000       73
  16    0.1    19.7   30  820019     708    2525     607 ( 1.070%)   39277 (88.6%)   18.249     -4357.    -18.249      0.000      0.000       80
  17    0.1    25.6   23  853535     701    2536     587 ( 1.034%)   39355 (88.7%)   18.249     -4366.    -18.249      0.000      0.000       98
  18    0.1    33.3   24  918881     702    2529     569 ( 1.003%)   39573 (89.2%)   18.249     -4378.    -18.249      0.000      0.000      110
  19    0.1    43.3   24  908720     723    2588     578 ( 1.018%)   39802 (89.7%)   18.303     -4394.    -18.303      0.000      0.000      144
  20    0.1    56.2   23  978103     718    2568     587 ( 1.034%)   39964 (90.1%)   18.338     -4401.    -18.338      0.000      0.000      163
Routing aborted, the predicted iteration for a successful route (162.7) is too high.
Routing failed.

Failed routing attempt #1
Total number of overused nodes: 587
Total number of overused nodes is larger than the logging limit (20).
Displaying the first 20 entries.
Routing Failure Diagnostics: Printing Overused Nodes Information
------ ------- ---------- --------- -------- ------------ ------- ------- ------- ------- ------- ------- -------
   No.  NodeId  Occupancy  Capacity  RR Node    Direction    Side     PTC   Block    Xlow    Ylow   Xhigh   Yhigh
                                        type                          NUM    Name                                 
------ ------- ---------- --------- -------- ------------ ------- ------- ------- ------- ------- ------- -------
     0    2422          2         1     IPIN          N/A   RIGHT      13     clb       1      14       1      14
     1    5104          3         1     IPIN          N/A    LEFT       7     clb       3       8       3       8
     2    5535          2         1     IPIN          N/A  BOTTOM      30     clb       3      12       3      12
     3    5624          2         1     IPIN          N/A   RIGHT      17     clb       3      13       3      13
     4    5648          3         1     IPIN          N/A   RIGHT      41     clb       3      13       3      13
     5    5748          2         1     IPIN          N/A    LEFT      39     clb       3      14       3      14
     6    6835          2         1     IPIN          N/A  BOTTOM      10     clb       4       3       4       3
     7    6927          2         1     IPIN          N/A     TOP       0     clb       4       4       4       4
     8    7133          2         1     IPIN          N/A  BOTTOM       2     clb       4       6       4       6
     9    7158          2         1     IPIN          N/A    LEFT      27     clb       4       6       4       6
    10    7366          2         1     IPIN          N/A    LEFT      31     clb       4       8       4       8
    11    7469          2         1     IPIN          N/A     TOP      32     clb       4       9       4       9
    12    7762          2         1     IPIN          N/A    LEFT      19     clb       4      12       4      12
    13    7881          2         1     IPIN          N/A     TOP      36     clb       4      13       4      13
    14    7950          2         1     IPIN          N/A    LEFT       3     clb       4      14       4      14
    15    7979          2         1     IPIN          N/A     TOP      32     clb       4      14       4      14
    16    8089          2         1     IPIN          N/A     TOP      40     clb       4      15       4      15
    17    8464          2         1     IPIN          N/A    LEFT       7     clb       4      19       4      19
    18    8479          2         1     IPIN          N/A  BOTTOM      22     clb       4      19       4      19
    19    9472          2         1     IPIN          N/A   RIGHT       1     clb       5       7       5       7

Final Net Connection Criticality Histogram:
[        0:      0.1)    4 (  0.1%) |
[      0.1:      0.2)   43 (  0.9%) |*
[      0.2:      0.3)   73 (  1.6%) |**
[      0.3:      0.4)  136 (  2.9%) |****
[      0.4:      0.5)  230 (  4.9%) |*******
[      0.5:      0.6)  334 (  7.1%) |**********
[      0.6:      0.7)  607 ( 12.9%) |*******************
[      0.7:      0.8) 1027 ( 21.9%) |*******************************
[      0.8:      0.9) 1505 ( 32.1%) |**********************************************
[      0.9:        1)  730 ( 15.6%) |**********************
Router Stats: total_nets_routed: 22299 total_connections_routed: 64004 total_heap_pushes: 10663473 total_heap_pops: 2497985 total_internal_heap_pushes: 0 total_internal_heap_pops: 0 total_external_heap_pushes: 10663473 total_external_heap_pops: 2497985 total_external_SOURCE_pushes: 64004 total_external_SOURCE_pops: 47301 total_internal_SOURCE_pushes: 0 total_internal_SOURCE_pops: 0 rt_node_SOURCE_pushes: 64004 rt_node_SOURCE_high_fanout_pushes: 0 rt_node_SOURCE_entire_tree_pushes: 64004 total_external_SINK_pushes: 182176 total_external_SINK_pops: 167573 total_internal_SINK_pushes: 0 total_internal_SINK_pops: 0 rt_node_SINK_pushes: 0 rt_node_SINK_high_fanout_pushes: 0 rt_node_SINK_entire_tree_pushes: 0 total_external_IPIN_pushes: 276709 total_external_IPIN_pops: 236540 total_internal_IPIN_pushes: 0 total_internal_IPIN_pops: 0 rt_node_IPIN_pushes: 0 rt_node_IPIN_high_fanout_pushes: 0 rt_node_IPIN_entire_tree_pushes: 0 total_external_OPIN_pushes: 75661 total_external_OPIN_pops: 58270 total_internal_OPIN_pushes: 0 total_internal_OPIN_pops: 0 rt_node_OPIN_pushes: 41729 rt_node_OPIN_high_fanout_pushes: 0 rt_node_OPIN_entire_tree_pushes: 41729 total_external_CHANX_pushes: 5086704 total_external_CHANX_pops: 989355 total_internal_CHANX_pushes: 0 total_internal_CHANX_pops: 0 rt_node_CHANX_pushes: 173625 rt_node_CHANX_high_fanout_pushes: 0 rt_node_CHANX_entire_tree_pushes: 173625 total_external_CHANY_pushes: 4978219 total_external_CHANY_pops: 998946 total_internal_CHANY_pushes: 0 total_internal_CHANY_pops: 0 rt_node_CHANY_pushes: 170757 rt_node_CHANY_high_fanout_pushes: 0 rt_node_CHANY_entire_tree_pushes: 170757 total_number_of_adding_all_rt: 742841 total_number_of_adding_high_fanout_rt: 0 total_number_of_adding_all_rt_from_calling_high_fanout_rt: 0 

Attempting to route at 54 channels (binary search bounds: [48, 58])
## Build routing resource graph
SOURCE->OPIN and IPIN->SINK edge count:30105
OPIN->CHANX/CHANY edge count before creating direct connections: 47334
OPIN->CHANX/CHANY edge count after creating direct connections: 47654
CHAN->CHAN type edge count:257318
## Build routing resource graph took 0.09 seconds (max_rss 101.8 MiB, delta_rss +0.0 MiB)
  RR Graph Nodes: 58338
  RR Graph Edges: 335077
Confirming router algorithm: TIMING_DRIVEN.
## Computing router lookahead map
### Computing wire lookahead
### Computing wire lookahead took 0.32 seconds (max_rss 101.8 MiB, delta_rss +0.0 MiB)
### Computing src/opin lookahead
### Computing src/opin lookahead took 0.00 seconds (max_rss 101.8 MiB, delta_rss +0.0 MiB)
## Computing router lookahead map took 0.33 seconds (max_rss 101.8 MiB, delta_rss +0.0 MiB)
## Initializing router criticalities
Initial Net Connection Criticality Histogram:
[        0:      0.1)    9 (  0.2%) |
[      0.1:      0.2)   55 (  1.2%) |**
[      0.2:      0.3)   83 (  1.8%) |***
[      0.3:      0.4)  162 (  3.5%) |*****
[      0.4:      0.5)  204 (  4.4%) |*******
[      0.5:      0.6)  371 (  7.9%) |************
[      0.6:      0.7)  614 ( 13.1%) |********************
[      0.7:      0.8) 1091 ( 23.3%) |***********************************
[      0.8:      0.9) 1422 ( 30.3%) |**********************************************
[      0.9:        1)  678 ( 14.5%) |**********************
## Initializing router criticalities took 0.01 seconds (max_rss 101.8 MiB, delta_rss +0.0 MiB)
---- ------ ------- ---- ------- ------- ------- ----------------- --------------- -------- ---------- ---------- ---------- ---------- --------
Iter   Time    pres  BBs    Heap  Re-Rtd  Re-Rtd Overused RR Nodes      Wirelength      CPD       sTNS       sWNS       hTNS       hWNS Est Succ
      (sec)     fac Updt    push    Nets   Conns                                       (ns)       (ns)       (ns)       (ns)       (ns)     Iter
---- ------ ------- ---- ------- ------- ------- ----------------- --------------- -------- ---------- ---------- ---------- ---------- --------
   1    0.0     0.0    0  252331    2170    4689    2576 ( 4.416%)   30139 (60.4%)   18.047     -4218.    -18.047      0.000      0.000      N/A
   2    0.0     0.5   23  238256    1821    4303    2195 ( 3.763%)   30151 (60.4%)   18.044     -4225.    -18.044      0.000      0.000      N/A
   3    0.0     0.6   10  259701    1691    4128    2033 ( 3.485%)   30800 (61.7%)   18.041     -4222.    -18.041      0.000      0.000      N/A
   4    0.0     0.8   19  270285    1533    3912    1728 ( 2.962%)   31430 (63.0%)   18.041     -4236.    -18.041      0.000      0.000      N/A
   5    0.0     1.1   15  288024    1432    3765    1481 ( 2.539%)   32153 (64.4%)   18.047     -4240.    -18.047      0.000      0.000      N/A
   6    0.0     1.4   23  284543    1266    3553    1267 ( 2.172%)   32840 (65.8%)   18.045     -4241.    -18.045      0.000      0.000      N/A
   7    0.0     1.9   28  286649    1129    3306    1056 ( 1.810%)   33439 (67.0%)   18.058     -4247.    -18.058      0.000      0.000      N/A
   8    0.0     2.4   34  292816     996    3050     892 ( 1.529%)   34214 (68.6%)   18.051     -4258.    -18.051      0.000      0.000      N/A
   9    0.0     3.1   22  303277     848    2808     688 ( 1.179%)   34694 (69.5%)   18.048     -4262.    -18.048      0.000      0.000      N/A
  10    0.0     4.1   25  295918     706    2472     532 ( 0.912%)   35544 (71.2%)   18.048     -4265.    -18.048      0.000      0.000       44
  11    0.0     5.3   22  314667     586    2222     412 ( 0.706%)   35894 (71.9%)   18.048     -4267.    -18.048      0.000      0.000       39
  12    0.0     6.9   24  300323     472    1876     303 ( 0.519%)   36540 (73.2%)   18.048     -4269.    -18.048      0.000      0.000       38
  13    0.0     9.0   14  291772     398    1685     253 ( 0.434%)   36835 (73.8%)   18.048     -4275.    -18.048      0.000      0.000       35
  14    0.0    11.6   16  313012     325    1424     188 ( 0.322%)   37501 (75.2%)   18.048     -4290.    -18.048      0.000      0.000       35
  15    0.0    15.1   17  293810     263    1111     166 ( 0.285%)   37826 (75.8%)   18.048     -4298.    -18.048      0.000      0.000       34
  16    0.0    19.7   14  297745     229    1072     142 ( 0.243%)   37996 (76.2%)   18.048     -4301.    -18.048      0.000      0.000       35
  17    0.0    25.6    9  312895     199     950     118 ( 0.202%)   38367 (76.9%)   18.048     -4301.    -18.048      0.000      0.000       37
  18    0.0    33.3   12  360027     169     836     104 ( 0.178%)   38630 (77.4%)   18.048     -4316.    -18.048      0.000      0.000       38
  19    0.0    43.3   11  382747     160     791      96 ( 0.165%)   38942 (78.0%)   18.048     -4315.    -18.048      0.000      0.000       40
  20    0.0    56.2    6  342686     145     717      87 ( 0.149%)   39250 (78.7%)   18.085     -4318.    -18.085      0.000      0.000       42
  21    0.0    73.1   10  458000     247    1280      90 ( 0.154%)   39370 (78.9%)   18.048     -4326.    -18.048      0.000      0.000       46
  22    0.0    95.0    7  413347     146     667      96 ( 0.165%)   39733 (79.6%)   18.162     -4331.    -18.162      0.000      0.000       49
  23    0.0   123.5   11  421699     255    1284      97 ( 0.166%)   39940 (80.0%)   18.162     -4370.    -18.162      0.000      0.000       57
  24    0.0   160.6    8  493891     272    1323     107 ( 0.183%)   40051 (80.3%)   18.173     -4372.    -18.173      0.000      0.000       63
  25    0.0   208.8   10  454433     265    1315     101 ( 0.173%)   40278 (80.7%)   18.162     -4370.    -18.162      0.000      0.000       79
  26    0.0   271.4    5  474528     256    1289      92 ( 0.158%)   40173 (80.5%)   18.162     -4362.    -18.162      0.000      0.000       89
  27    0.0   352.8    7  486713     260    1299     101 ( 0.173%)   40468 (81.1%)   18.162     -4360.    -18.162      0.000      0.000      118
  28    0.0   458.7    4  500280     259    1294     104 ( 0.178%)   40352 (80.9%)   18.162     -4358.    -18.162      0.000      0.000      135
  29    0.0   596.3    6  463487     275    1331      98 ( 0.168%)   40583 (81.3%)   18.162     -4393.    -18.162      0.000      0.000      208
  30    0.0   775.1    8  505005     267    1338      86 ( 0.147%)   40763 (81.7%)   18.257     -4402.    -18.257      0.000      0.000      233
  31    0.0  1007.7    7  473262     261    1301      84 ( 0.144%)   40743 (81.7%)   18.171     -4399.    -18.171      0.000      0.000      353
  32    0.0  1310.0    5  412829     264    1329      71 ( 0.122%)   40826 (81.8%)   19.635     -4458.    -19.635      0.000      0.000      321
  33    0.0  1703.0    8  339910     154     801      73 ( 0.125%)   40906 (82.0%)   19.635     -4473.    -19.635      0.000      0.000      351
  34    0.0  2213.9    6  319989     151     778      58 ( 0.099%)   40827 (81.8%)   19.635     -4461.    -19.635      0.000      0.000      295
  35    0.0  2878.1    4  296132     130     641      61 ( 0.105%)   40933 (82.0%)   19.635     -4459.    -19.635      0.000      0.000      239
  36    0.0  3741.5    5  351952     135     716      59 ( 0.101%)   41058 (82.3%)   19.390     -4462.    -19.390      0.000      0.000      209
  37    0.0  4863.9    3  320622     153     749      67 ( 0.115%)   40971 (82.1%)   19.390     -4449.    -19.390      0.000      0.000      185
  38    0.0  6323.1    3  239028     156     718      61 ( 0.105%)   41033 (82.2%)   19.390     -4447.    -19.390      0.000      0.000      187
  39    0.0  8220.0    4  275878     159     740      65 ( 0.111%)   41072 (82.3%)   19.390     -4449.    -19.390      0.000      0.000      173
  40    0.0 10686.0    3  287325     148     729      61 ( 0.105%)   41051 (82.3%)   19.390     -4463.    -19.390      0.000      0.000      178
  41    0.0 13891.9   10  287947     151     756      61 ( 0.105%)   41027 (82.2%)   19.390     -4461.    -19.390      0.000      0.000      165
  42    0.0 18059.4    6  328206     157     753      58 ( 0.099%)   40973 (82.1%)   19.390     -4465.    -19.390      0.000      0.000      169
  43    0.0 23477.2    5  286801     156     765      60 ( 0.103%)   41086 (82.3%)   19.390     -4484.    -19.390      0.000      0.000      161
  44    0.0 30520.4    9  249372     150     746      58 ( 0.099%)   41136 (82.4%)   19.390     -4491.    -19.390      0.000      0.000      167
  45    0.0 39676.5    3  203305     155     759      52 ( 0.089%)   41180 (82.5%)   19.390     -4496.    -19.390      0.000      0.000      166
  46    0.0 51579.5    4  161952     138     660      44 ( 0.075%)   41124 (82.4%)   19.390     -4487.    -19.390      0.000      0.000      167
  47    0.0 67053.3    3  188306     137     664      42 ( 0.072%)   41144 (82.5%)   19.948     -4527.    -19.948      0.000      0.000      158
  48    0.0 87169.3    4  163952     105     488      38 ( 0.065%)   41309 (82.8%)   20.033     -4535.    -20.033      0.000      0.000      154
  49    0.0 1.1e+05    2  181042     104     497      39 ( 0.067%)   41314 (82.8%)   20.033     -4530.    -20.033      0.000      0.000      150
  50    0.0 1.5e+05    2  161947      96     450      42 ( 0.072%)   41155 (82.5%)   20.033     -4515.    -20.033      0.000      0.000      148
Routing failed.

Failed routing attempt #2
Total number of overused nodes: 42
Total number of overused nodes is larger than the logging limit (20).
Displaying the first 20 entries.
Routing Failure Diagnostics: Printing Overused Nodes Information
------ ------- ---------- --------- -------- ------------ ------- ------- ------- ------- ------- ------- -------
   No.  NodeId  Occupancy  Capacity  RR Node    Direction    Side     PTC   Block    Xlow    Ylow   Xhigh   Yhigh
                                        type                          NUM    Name                                 
------ ------- ---------- --------- -------- ------------ ------- ------- ------- ------- ------- ------- -------
     0    7754          2         1     IPIN          N/A    LEFT      11     clb       4      12       4      12
     1    8050          2         1     IPIN          N/A   RIGHT       1     clb       4      15       4      15
     2   13974          2         1     IPIN          N/A    LEFT      15     clb       7      14       7      14
     3   16202          2         1     IPIN          N/A   RIGHT       5     clb       8      14       8      14
     4   17543          2         1     IPIN          N/A  BOTTOM      26     clb       9       5       9       5
     5   18565          2         1     IPIN          N/A     TOP      28     clb       9      15       9      15
     6   23062          2         1     IPIN          N/A    LEFT       7     clb      12       5      12       5
     7   23167          2         1     IPIN          N/A  BOTTOM      10     clb      12       6      12       6
     8   23299          2         1     IPIN          N/A     TOP      40     clb      12       7      12       7
     9   23871          2         1     IPIN          N/A     TOP       0     clb      12      13      12      13
    10   25313          2         1     IPIN          N/A     TOP      20     clb      13       5      13       5
    11   25317          2         1     IPIN          N/A     TOP      24     clb      13       5      13       5
    12   25408          2         1     IPIN          N/A   RIGHT      13     clb      13       6      13       6
    13   26643          2         1     IPIN          N/A     TOP      24     clb      13      18      13      18
    14   32020          2         1     IPIN          N/A   RIGHT       1     clb      16      12      16      12
    15   37481          2         1     IPIN          N/A  BOTTOM      26     clb      19      11      19      11
    16   44607          2         1    CHANX      DEC_DIR     N/A      49     clb      12       1      15       1
    17   44808          2         1    CHANX      INC_DIR     N/A      48     clb       3       2       6       2
    18   45506          2         1    CHANX      INC_DIR     N/A      28     clb       7       4      10       4
    19   46187          2         1    CHANX      DEC_DIR     N/A      53     clb       9       6      12       6

Final Net Connection Criticality Histogram:
[        0:      0.1)    6 (  0.1%) |
[      0.1:      0.2)   54 (  1.2%) |**
[      0.2:      0.3)  104 (  2.2%) |***
[      0.3:      0.4)  176 (  3.8%) |******
[      0.4:      0.5)  275 (  5.9%) |*********
[      0.5:      0.6)  496 ( 10.6%) |****************
[      0.6:      0.7)  919 ( 19.6%) |*****************************
[      0.7:      0.8) 1439 ( 30.7%) |**********************************************
[      0.8:      0.9) 1036 ( 22.1%) |*********************************
[      0.9:        1)  184 (  3.9%) |******
Router Stats: total_nets_routed: 22100 total_connections_routed: 76130 total_heap_pushes: 16182624 total_heap_pops: 3908636 total_internal_heap_pushes: 0 total_internal_heap_pops: 0 total_external_heap_pushes: 16182624 total_external_heap_pops: 3908636 total_external_SOURCE_pushes: 76130 total_external_SOURCE_pops: 53498 total_internal_SOURCE_pushes: 0 total_internal_SOURCE_pops: 0 rt_node_SOURCE_pushes: 76130 rt_node_SOURCE_high_fanout_pushes: 0 rt_node_SOURCE_entire_tree_pushes: 76130 total_external_SINK_pushes: 211758 total_external_SINK_pops: 190280 total_internal_SINK_pushes: 0 total_internal_SINK_pops: 0 rt_node_SINK_pushes: 0 rt_node_SINK_high_fanout_pushes: 0 rt_node_SINK_entire_tree_pushes: 0 total_external_IPIN_pushes: 338944 total_external_IPIN_pops: 270864 total_internal_IPIN_pushes: 0 total_internal_IPIN_pops: 0 rt_node_IPIN_pushes: 0 rt_node_IPIN_high_fanout_pushes: 0 rt_node_IPIN_entire_tree_pushes: 0 total_external_OPIN_pushes: 91632 total_external_OPIN_pops: 63620 total_internal_OPIN_pushes: 0 total_internal_OPIN_pops: 0 rt_node_OPIN_pushes: 54105 rt_node_OPIN_high_fanout_pushes: 0 rt_node_OPIN_entire_tree_pushes: 54105 total_external_CHANX_pushes: 7813472 total_external_CHANX_pops: 1649145 total_internal_CHANX_pushes: 0 total_internal_CHANX_pops: 0 rt_node_CHANX_pushes: 284495 rt_node_CHANX_high_fanout_pushes: 0 rt_node_CHANX_entire_tree_pushes: 284495 total_external_CHANY_pushes: 7650688 total_external_CHANY_pops: 1681229 total_internal_CHANY_pushes: 0 total_internal_CHANY_pops: 0 rt_node_CHANY_pushes: 278231 rt_node_CHANY_high_fanout_pushes: 0 rt_node_CHANY_entire_tree_pushes: 278231 total_number_of_adding_all_rt: 1106261 total_number_of_adding_high_fanout_rt: 0 total_number_of_adding_all_rt_from_calling_high_fanout_rt: 0 

Attempting to route at 56 channels (binary search bounds: [54, 58])
## Build routing resource graph
SOURCE->OPIN and IPIN->SINK edge count:30105
OPIN->CHANX/CHANY edge count before creating direct connections: 48926
OPIN->CHANX/CHANY edge count after creating direct connections: 49246
CHAN->CHAN type edge count:266694
## Build routing resource graph took 0.10 seconds (max_rss 101.8 MiB, delta_rss +0.0 MiB)
  RR Graph Nodes: 58866
  RR Graph Edges: 346045
Confirming router algorithm: TIMING_DRIVEN.
## Computing router lookahead map
### Computing wire lookahead
### Computing wire lookahead took 0.35 seconds (max_rss 101.8 MiB, delta_rss +0.0 MiB)
### Computing src/opin lookahead
### Computing src/opin lookahead took 0.00 seconds (max_rss 101.8 MiB, delta_rss +0.0 MiB)
## Computing router lookahead map took 0.35 seconds (max_rss 101.8 MiB, delta_rss +0.0 MiB)
## Initializing router criticalities
Initial Net Connection Criticality Histogram:
[        0:      0.1)    9 (  0.2%) |
[      0.1:      0.2)   55 (  1.2%) |**
[      0.2:      0.3)   83 (  1.8%) |***
[      0.3:      0.4)  162 (  3.5%) |*****
[      0.4:      0.5)  204 (  4.4%) |*******
[      0.5:      0.6)  371 (  7.9%) |************
[      0.6:      0.7)  614 ( 13.1%) |********************
[      0.7:      0.8) 1091 ( 23.3%) |***********************************
[      0.8:      0.9) 1422 ( 30.3%) |**********************************************
[      0.9:        1)  678 ( 14.5%) |**********************
## Initializing router criticalities took 0.01 seconds (max_rss 101.8 MiB, delta_rss +0.0 MiB)
---- ------ ------- ---- ------- ------- ------- ----------------- --------------- -------- ---------- ---------- ---------- ---------- --------
Iter   Time    pres  BBs    Heap  Re-Rtd  Re-Rtd Overused RR Nodes      Wirelength      CPD       sTNS       sWNS       hTNS       hWNS Est Succ
      (sec)     fac Updt    push    Nets   Conns                                       (ns)       (ns)       (ns)       (ns)       (ns)     Iter
---- ------ ------- ---- ------- ------- ------- ----------------- --------------- -------- ---------- ---------- ---------- ---------- --------
   1    0.0     0.0    0  254019    2170    4689    2536 ( 4.308%)   30440 (58.8%)   18.028     -4218.    -18.028      0.000      0.000      N/A
   2    0.0     0.5   24  237426    1805    4266    2114 ( 3.591%)   30335 (58.6%)   18.028     -4225.    -18.028      0.000      0.000      N/A
   3    0.0     0.6    7  262134    1634    4051    1950 ( 3.313%)   31045 (60.0%)   18.040     -4223.    -18.040      0.000      0.000      N/A
   4    0.0     0.8   20  272682    1549    3933    1695 ( 2.879%)   31616 (61.1%)   18.053     -4237.    -18.053      0.000      0.000      N/A
   5    0.0     1.1   15  279111    1400    3740    1476 ( 2.507%)   32242 (62.3%)   18.014     -4238.    -18.014      0.000      0.000      N/A
   6    0.0     1.4   21  283281    1241    3506    1240 ( 2.106%)   32980 (63.7%)   18.014     -4248.    -18.014      0.000      0.000      N/A
   7    0.0     1.9   16  273486    1085    3221     978 ( 1.661%)   33610 (65.0%)   18.014     -4246.    -18.014      0.000      0.000      N/A
   8    0.0     2.4   18  261299     900    2891     806 ( 1.369%)   34218 (66.1%)   18.040     -4252.    -18.040      0.000      0.000      N/A
   9    0.0     3.1   30  276220     819    2765     618 ( 1.050%)   34871 (67.4%)   18.040     -4260.    -18.040      0.000      0.000      N/A
  10    0.0     4.1   18  254871     666    2434     437 ( 0.742%)   35278 (68.2%)   18.040     -4262.    -18.040      0.000      0.000       39
  11    0.0     5.3   12  247816     522    2101     334 ( 0.567%)   35809 (69.2%)   18.040     -4268.    -18.040      0.000      0.000       34
  12    0.0     6.9   16  245536     437    1837     236 ( 0.401%)   36130 (69.8%)   18.040     -4274.    -18.040      0.000      0.000       33
  13    0.0     9.0   11  218493     376    1599     171 ( 0.290%)   36586 (70.7%)   18.040     -4274.    -18.040      0.000      0.000       31
  14    0.0    11.6   18  216223     317    1417     123 ( 0.209%)   37065 (71.6%)   18.040     -4278.    -18.040      0.000      0.000       30
  15    0.0    15.1    7  213953     282    1283      89 ( 0.151%)   37346 (72.2%)   18.040     -4280.    -18.040      0.000      0.000       29
  16    0.0    19.7    7  243319     240    1163      63 ( 0.107%)   37749 (73.0%)   18.040     -4283.    -18.040      0.000      0.000       29
  17    0.0    25.6    8  232678     223    1065      56 ( 0.095%)   38144 (73.7%)   18.041     -4288.    -18.041      0.000      0.000       29
  18    0.0    33.3    8  206452     216    1059      36 ( 0.061%)   38341 (74.1%)   18.041     -4289.    -18.041      0.000      0.000       30
  19    0.0    43.3    7  237987     209    1038      36 ( 0.061%)   38499 (74.4%)   18.041     -4290.    -18.041      0.000      0.000       30
  20    0.0    56.2    9  258844     206    1064      24 ( 0.041%)   38727 (74.8%)   18.041     -4304.    -18.041      0.000      0.000       31
  21    0.0    73.1    9  198539     189     949      15 ( 0.025%)   38734 (74.9%)   18.041     -4309.    -18.041      0.000      0.000       31
  22    0.0    95.0    6  197999     187     967      14 ( 0.024%)   38740 (74.9%)   18.041     -4307.    -18.041      0.000      0.000       31
  23    0.0   123.5    0  198636     186     956      12 ( 0.020%)   38786 (75.0%)   18.041     -4307.    -18.041      0.000      0.000       31
  24    0.0   160.6    1  194853     186     967      12 ( 0.020%)   38745 (74.9%)   18.041     -4307.    -18.041      0.000      0.000       32
  25    0.0   208.8    1  207050     184     969      10 ( 0.017%)   38765 (74.9%)   18.041     -4309.    -18.041      0.000      0.000       33
  26    0.0   271.4    1  183550     188     971      10 ( 0.017%)   38813 (75.0%)   18.041     -4309.    -18.041      0.000      0.000       33
  27    0.0   352.8    0  155156     187     957       7 ( 0.012%)   38766 (74.9%)   18.041     -4304.    -18.041      0.000      0.000       35
  28    0.0   458.7    2  146731     184     962       6 ( 0.010%)   38793 (75.0%)   18.041     -4304.    -18.041      0.000      0.000       35
  29    0.0   596.3    0  160304     185     952       5 ( 0.008%)   38889 (75.2%)   18.041     -4320.    -18.041      0.000      0.000       36
  30    0.0   775.1    1  125893     185     948       4 ( 0.007%)   38864 (75.1%)   18.041     -4320.    -18.041      0.000      0.000       37
  31    0.0  1007.7    0  123824     183     944       3 ( 0.005%)   38877 (75.1%)   18.041     -4320.    -18.041      0.000      0.000       37
  32    0.0  1310.0    0  132979     182     945       4 ( 0.007%)   38909 (75.2%)   18.041     -4320.    -18.041      0.000      0.000       37
  33    0.0  1703.0    0  127924     183     948       2 ( 0.003%)   38923 (75.2%)   18.041     -4320.    -18.041      0.000      0.000       38
  34    0.0  2213.9    0  130035     183     946       4 ( 0.007%)   38888 (75.2%)   18.041     -4320.    -18.041      0.000      0.000       38
  35    0.0  2878.1    0  125466     182     940       2 ( 0.003%)   38880 (75.1%)   18.041     -4320.    -18.041      0.000      0.000       39
  36    0.0  3741.5    0  122417     182     940       2 ( 0.003%)   38914 (75.2%)   18.041     -4320.    -18.041      0.000      0.000       39
  37    0.0  4863.9    1  113070     182     938       2 ( 0.003%)   38881 (75.1%)   18.041     -4322.    -18.041      0.000      0.000       40
  38    0.0  6323.1    0  115540     183     939       1 ( 0.002%)   38921 (75.2%)   18.041     -4322.    -18.041      0.000      0.000       40
  39    0.0  8220.0    0  115684     183     939       1 ( 0.002%)   38886 (75.2%)   18.041     -4322.    -18.041      0.000      0.000       40
  40    0.0 10686.0    0  116466     183     941       1 ( 0.002%)   38915 (75.2%)   18.041     -4322.    -18.041      0.000      0.000       40
  41    0.0 13891.9    0  113393     183     936       1 ( 0.002%)   38918 (75.2%)   18.041     -4322.    -18.041      0.000      0.000       40
  42    0.0 18059.4    0  121552     183     937       1 ( 0.002%)   38930 (75.2%)   18.041     -4322.    -18.041      0.000      0.000       40
  43    0.0 23477.2    0  107789     184     937       3 ( 0.005%)   38983 (75.3%)   18.041     -4323.    -18.041      0.000      0.000       40
  44    0.0 30520.4    1  108816     183     937       1 ( 0.002%)   39018 (75.4%)   18.041     -4323.    -18.041      0.000      0.000       42
  45    0.0 39676.5    0  103158     181     928       0 ( 0.000%)   38995 (75.4%)   18.041     -4323.    -18.041      0.000      0.000       42
Restoring best routing
Critical path: 18.0412 ns
Successfully routed after 45 routing iterations.
Final Net Connection Criticality Histogram:
[        0:      0.1)    4 (  0.1%) |
[      0.1:      0.2)   53 (  1.1%) |**
[      0.2:      0.3)   73 (  1.6%) |**
[      0.3:      0.4)  137 (  2.9%) |****
[      0.4:      0.5)  213 (  4.5%) |*******
[      0.5:      0.6)  372 (  7.9%) |************
[      0.6:      0.7)  586 ( 12.5%) |******************
[      0.7:      0.8) 1060 ( 22.6%) |*********************************
[      0.8:      0.9) 1475 ( 31.5%) |**********************************************
[      0.9:        1)  716 ( 15.3%) |**********************
Router Stats: total_nets_routed: 20898 total_connections_routed: 72815 total_heap_pushes: 8522654 total_heap_pops: 1883995 total_internal_heap_pushes: 0 total_internal_heap_pops: 0 total_external_heap_pushes: 8522654 total_external_heap_pops: 1883995 total_external_SOURCE_pushes: 72815 total_external_SOURCE_pops: 49154 total_internal_SOURCE_pushes: 0 total_internal_SOURCE_pops: 0 rt_node_SOURCE_pushes: 72815 rt_node_SOURCE_high_fanout_pushes: 0 rt_node_SOURCE_entire_tree_pushes: 72815 total_external_SINK_pushes: 204105 total_external_SINK_pops: 183676 total_internal_SINK_pushes: 0 total_internal_SINK_pops: 0 rt_node_SINK_pushes: 0 rt_node_SINK_high_fanout_pushes: 0 rt_node_SINK_entire_tree_pushes: 0 total_external_IPIN_pushes: 324698 total_external_IPIN_pops: 257948 total_internal_IPIN_pushes: 0 total_internal_IPIN_pops: 0 rt_node_IPIN_pushes: 0 rt_node_IPIN_high_fanout_pushes: 0 rt_node_IPIN_entire_tree_pushes: 0 total_external_OPIN_pushes: 87443 total_external_OPIN_pops: 58261 total_internal_OPIN_pushes: 0 total_internal_OPIN_pops: 0 rt_node_OPIN_pushes: 51983 rt_node_OPIN_high_fanout_pushes: 0 rt_node_OPIN_entire_tree_pushes: 51983 total_external_CHANX_pushes: 3933169 total_external_CHANX_pops: 671249 total_internal_CHANX_pushes: 0 total_internal_CHANX_pops: 0 rt_node_CHANX_pushes: 248132 rt_node_CHANX_high_fanout_pushes: 0 rt_node_CHANX_entire_tree_pushes: 248132 total_external_CHANY_pushes: 3900424 total_external_CHANY_pops: 663707 total_internal_CHANY_pushes: 0 total_internal_CHANY_pops: 0 rt_node_CHANY_pushes: 242074 rt_node_CHANY_high_fanout_pushes: 0 rt_node_CHANY_entire_tree_pushes: 242074 total_number_of_adding_all_rt: 1017458 total_number_of_adding_high_fanout_rt: 0 total_number_of_adding_all_rt_from_calling_high_fanout_rt: 0 
## Build routing resource graph
SOURCE->OPIN and IPIN->SINK edge count:30105
OPIN->CHANX/CHANY edge count before creating direct connections: 48926
OPIN->CHANX/CHANY edge count after creating direct connections: 49246
CHAN->CHAN type edge count:266694
## Build routing resource graph took 0.10 seconds (max_rss 101.8 MiB, delta_rss +0.0 MiB)
  RR Graph Nodes: 58866
  RR Graph Edges: 346045
Best routing used a channel width factor of 56.
# Routing took 7.04 seconds (max_rss 101.8 MiB, delta_rss +0.0 MiB)

Checking to ensure routing is legal...
# Checking to ensure non-configurable edges are legal
# Checking to ensure non-configurable edges are legal took 0.00 seconds (max_rss 101.8 MiB, delta_rss +0.0 MiB)
Completed routing consistency check successfully.

Serial number (magic cookie) for the routing is: -378074203
Circuit successfully routed with a channel width factor of 56.
# Synchronize the packed netlist to routing optimization
## Annotating rr_node with routed nets
## Annotating rr_node with routed nets took 0.00 seconds (max_rss 101.8 MiB, delta_rss +0.0 MiB)
Found 6345 mismatches between routing and packing results.
Fixed 4048 routing traces due to mismatch between routing and packing results.
# Synchronize the packed netlist to routing optimization took 0.03 seconds (max_rss 101.8 MiB, delta_rss +0.0 MiB)
Final Clustering Statistics: 
----------   --------   ------------------------------------   --------------------------
Block Type   # Blocks   Avg. # of input clocks and pins used   Avg. # of output pins used
----------   --------   ------------------------------------   --------------------------
     EMPTY          0                                      0                            0   
        io        659                               0.433991                     0.566009   
       clb        224                                19.6562                      8.02232   
   mult_36          0                                      0                            0   
    memory          0                                      0                            0   
Absorbed logical nets 2299 out of 4469 nets, 2170 nets not absorbed.


Average number of bends per net: 2.60369  Maximum # of bends: 34

Number of global nets: 0
Number of routed nets (nonglobal): 2170
Wire length results (in units of 1 clb segments)...
	Total wirelength: 38995, average net length: 17.9700
	Maximum net length: 192

Wire length results in terms of physical segments...
	Total wiring segments used: 10494, average wire segments per net: 4.83594
	Maximum segments used by a net: 55
	Total local nets with reserved CLB opins: 0
Total number of nets absorbed: 0

Routing channel utilization histogram:
[        1:      inf)   0 (  0.0%) |
[      0.9:        1) 198 ( 20.5%) |*******************************
[      0.8:      0.9) 302 ( 31.2%) |***********************************************
[      0.7:      0.8) 248 ( 25.6%) |***************************************
[      0.5:      0.6)  72 (  7.4%) |***********
[      0.4:      0.5)  60 (  6.2%) |*********
[      0.3:      0.4)  30 (  3.1%) |*****
[      0.2:      0.3)   6 (  0.6%) |*
[      0.1:      0.2)   8 (  0.8%) |*
[        0:      0.1)  44 (  4.5%) |*******
Maximum routing channel utilization:         1 at (8,0)

X - Directed channels:   j max occ ave occ capacity
                      ---- ------- ------- --------
                         0      56  44.957       56
                         1      50  35.391       56
                         2      50  36.609       56
                         3      51  37.739       56
                         4      53  39.087       56
                         5      53  39.261       56
                         6      53  38.652       56
                         7      54  43.565       56
                         8      55  42.957       56
                         9      56  44.391       56
                        10      54  43.478       56
                        11      55  43.304       56
                        12      52  42.304       56
                        13      51  41.391       56
                        14      55  41.609       56
                        15      53  41.304       56
                        16      54  37.348       56
                        17      49  35.435       56
                        18      51  36.348       56
                        19      43  30.174       56
                        20      31  19.130       56
                        21      53  41.261       56
Y - Directed channels:   i max occ ave occ capacity
                      ---- ------- ------- --------
                         0      54  41.652       56
                         1      45  28.087       56
                         2      43  27.348       56
                         3      48  35.652       56
                         4      54  40.565       56
                         5      50  38.957       56
                         6      53  39.174       56
                         7      50  40.696       56
                         8      56  44.870       56
                         9      53  42.565       56
                        10      51  38.522       56
                        11      54  42.652       56
                        12      54  43.435       56
                        13      51  37.783       56
                        14      48  36.565       56
                        15      51  40.348       56
                        16      48  39.522       56
                        17      48  32.913       56
                        18      52  34.043       56
                        19      53  36.696       56
                        20      53  34.174       56
                        21      56  43.522       56

Total tracks in x-direction: 1232, in y-direction: 1232

Logic area (in minimum width transistor areas, excludes I/Os and empty grid tiles)...
	Total logic block area (Warning, need to add pitch of routing to blocks with height > 3): 2.70004e+07
	Total used logic block area: 1.20723e+07

Routing area (in minimum width transistor areas)...
	Total routing area: 2.09491e+06, per logic tile: 3960.13

Total Number of Wiring Segments by Direction: direction length number
                                              --------- ------ -------
                                                      X      4   7392
                                                      Y      4   7392

X - Directed Wiring Segment usage by length: length utilization
                                             ------ -----------
                                             4       0.718

Y - Directed Wiring Segment usage by length: length utilization
                                             ------ -----------
                                             4       0.701

Segment occupancy by length: Length utilization
                             ------ -----------
                             L4            0.71

Segment occupancy by type:              name type utilization
                           ----------------- ---- -----------
                           unnamed_segment_0    0        0.71

Final hold Worst Negative Slack (hWNS): 0 ns
Final hold Total Negative Slack (hTNS): 0 ns

Final hold slack histogram:
[  9.1e-10:  1.2e-09) 11 (  3.8%) |*********
[  1.2e-09:  1.4e-09) 24 (  8.4%) |*********************
[  1.4e-09:  1.6e-09) 32 ( 11.2%) |***************************
[  1.6e-09:  1.9e-09) 54 ( 18.9%) |**********************************************
[  1.9e-09:  2.1e-09) 54 ( 18.9%) |**********************************************
[  2.1e-09:  2.4e-09) 56 ( 19.6%) |************************************************
[  2.4e-09:  2.6e-09) 32 ( 11.2%) |***************************
[  2.6e-09:  2.8e-09) 13 (  4.5%) |***********
[  2.8e-09:  3.1e-09)  6 (  2.1%) |*****
[  3.1e-09:  3.3e-09)  4 (  1.4%) |***

Final critical path delay (least slack): 18.0412 ns, Fmax: 55.4286 MHz
Final setup Worst Negative Slack (sWNS): -18.0412 ns
Final setup Total Negative Slack (sTNS): -4323.07 ns

Final setup slack histogram:
[ -1.8e-08: -1.7e-08) 14 (  4.9%) |***********
[ -1.7e-08: -1.6e-08) 46 ( 16.1%) |***********************************
[ -1.6e-08: -1.6e-08) 63 ( 22.0%) |************************************************
[ -1.6e-08: -1.5e-08) 55 ( 19.2%) |******************************************
[ -1.5e-08: -1.4e-08) 41 ( 14.3%) |*******************************
[ -1.4e-08: -1.3e-08) 36 ( 12.6%) |***************************
[ -1.3e-08: -1.2e-08) 14 (  4.9%) |***********
[ -1.2e-08: -1.2e-08)  9 (  3.1%) |*******
[ -1.2e-08: -1.1e-08)  5 (  1.7%) |****
[ -1.1e-08: -9.9e-09)  3 (  1.0%) |**

Final geomean non-virtual intra-domain period: nan ns (nan MHz)
Final fanout-weighted geomean non-virtual intra-domain period: nan ns (nan MHz)

Incr Slack updates 1 in 0.000132378 sec
Full Max Req/Worst Slack updates 1 in 4.148e-06 sec
Incr Max Req/Worst Slack updates 0 in 0 sec
Incr Criticality updates 0 in 0 sec
Full Criticality updates 1 in 0.000197351 sec
Flow timing analysis took 1.20094 seconds (1.08912 STA, 0.111816 slack) (245 full updates: 75 setup, 0 hold, 170 combined).
VPR succeeded
The entire flow of VPR took 11.08 seconds (max_rss 101.8 MiB)
Incr Slack updates 169 in 0.0218978 sec
Full Max Req/Worst Slack updates 25 in 0.000101466 sec
Incr Max Req/Worst Slack updates 144 in 0.000673018 sec
Incr Criticality updates 114 in 0.0178818 sec
Full Criticality updates 55 in 0.0115329 sec
