#Packing pin usage report
Type: io
	Input Pin Usage:
		Max: 1.00 (0.50)
		Avg: 0.47 (0.23)
		Min: 0.00 (0.00)
		Histogram:
		[        0:      0.2) 269 ( 53.2%) |***********************************************
		[      0.2:      0.4)   0 (  0.0%) |
		[      0.4:      0.6)   0 (  0.0%) |
		[      0.6:      0.8)   0 (  0.0%) |
		[      0.8:        1) 237 ( 46.8%) |*****************************************
		[        1:      1.2)   0 (  0.0%) |
		[      1.2:      1.4)   0 (  0.0%) |
		[      1.4:      1.6)   0 (  0.0%) |
		[      1.6:      1.8)   0 (  0.0%) |
		[      1.8:        2)   0 (  0.0%) |
	Output Pin Usage:
		Max: 1.00 (1.00)
		Avg: 0.53 (0.53)
		Min: 0.00 (0.00)
		Histogram:
		[        0:      0.1) 237 ( 46.8%) |*****************************************
		[      0.1:      0.2)   0 (  0.0%) |
		[      0.2:      0.3)   0 (  0.0%) |
		[      0.3:      0.4)   0 (  0.0%) |
		[      0.4:      0.5)   0 (  0.0%) |
		[      0.5:      0.6)   0 (  0.0%) |
		[      0.6:      0.7)   0 (  0.0%) |
		[      0.7:      0.8)   0 (  0.0%) |
		[      0.8:      0.9)   0 (  0.0%) |
		[      0.9:        1) 269 ( 53.2%) |***********************************************

Type: clb
	Input Pin Usage:
		Max: 34.00 (0.63)
		Avg: 15.13 (0.28)
		Min: 3.00 (0.06)
		Histogram:
		[        0:      5.4)  15 (  6.6%) |******
		[      5.4:       11)  13 (  5.8%) |******
		[       11:       16) 110 ( 48.7%) |***********************************************
		[       16:       22)  71 ( 31.4%) |******************************
		[       22:       27)  16 (  7.1%) |*******
		[       27:       32)   0 (  0.0%) |
		[       32:       38)   1 (  0.4%) |
		[       38:       43)   0 (  0.0%) |
		[       43:       49)   0 (  0.0%) |
		[       49:       54)   0 (  0.0%) |
	Output Pin Usage:
		Max: 14.00 (0.67)
		Avg: 6.35 (0.30)
		Min: 1.00 (0.05)
		Histogram:
		[        0:      2.1) 17 (  7.5%) |************
		[      2.1:      4.2) 33 ( 14.6%) |***********************
		[      4.2:      6.3) 68 ( 30.1%) |************************************************
		[      6.3:      8.4) 65 ( 28.8%) |**********************************************
		[      8.4:       10) 28 ( 12.4%) |********************
		[       10:       13) 11 (  4.9%) |********
		[       13:       15)  4 (  1.8%) |***
		[       15:       17)  0 (  0.0%) |
		[       17:       19)  0 (  0.0%) |
		[       19:       21)  0 (  0.0%) |

