VPR FPGA Placement and Routing.
Version: 8.1.0-dev+unkown
Revision: unkown
Compiled: 2023-11-16T17:20:44
Compiler: GNU 11.4.0 on Linux-6.2.0-36-generic x86_64
Build Info: release IPO VTR_ASSERT_LEVEL=2

University of Toronto
verilogtorouting.org
vtr-users@googlegroups.com
This is free open source code under MIT license.

VPR was run with the following command-line:
/home/xiaokewan/Software/vtr-verilog-to-routing-master/vpr/vpr /home/xiaokewan/Software/vtr-verilog-to-routing-master/vtr_flow/arch/timing/EArch.xml ../../rent_exp_0.36.blif


Architecture file: /home/xiaokewan/Software/vtr-verilog-to-routing-master/vtr_flow/arch/timing/EArch.xml
Circuit name: rent_exp_0.36

# Loading Architecture Description
# Loading Architecture Description took 0.00 seconds (max_rss 17.1 MiB, delta_rss +2.1 MiB)

Timing analysis: ON
Circuit netlist file: rent_exp_0.36.net
Circuit placement file: rent_exp_0.36.place
Circuit routing file: rent_exp_0.36.route
Circuit SDC file: rent_exp_0.36.sdc
Vpr floorplanning constraints file: not specified

Packer: ENABLED
Placer: ENABLED
Router: ENABLED
Analysis: ENABLED

VPR was run with the following options:

NetlistOpts.abosrb_buffer_luts            : true
NetlistOpts.sweep_dangling_primary_ios    : true
NetlistOpts.sweep_dangling_nets           : true
NetlistOpts.sweep_dangling_blocks         : true
NetlistOpts.sweep_constant_primary_outputs: false
NetlistOpts.netlist_verbosity             : 1
NetlistOpts.const_gen_inference           : COMB_SEQ

PackerOpts.allow_unrelated_clustering: auto
PackerOpts.alpha_clustering: 0.750000
PackerOpts.beta_clustering: 0.900000
PackerOpts.cluster_seed_type: BLEND2
PackerOpts.connection_driven: true
PackerOpts.global_clocks: true
PackerOpts.hill_climbing_flag: false
PackerOpts.inter_cluster_net_delay: 1.000000
PackerOpts.timing_driven: true
PackerOpts.target_external_pin_util: auto

PlacerOpts.place_freq: PLACE_ONCE
PlacerOpts.place_algorithm: CRITICALITY_TIMING_PLACE
PlacerOpts.pad_loc_type: FREE
PlacerOpts.constraints_file: No constraints file given
PlacerOpts.place_cost_exp: 1.000000
PlacerOpts.place_chan_width: 100
PlacerOpts.inner_loop_recompute_divider: 0
PlacerOpts.recompute_crit_iter: 1
PlacerOpts.timing_tradeoff: 0.500000
PlacerOpts.td_place_exp_first: 1.000000
PlacerOpts.td_place_exp_last: 8.000000
PlacerOpts.delay_offset: 0.000000
PlacerOpts.delay_ramp_delta_threshold: -1
PlacerOpts.delay_ramp_slope: 0.000000
PlacerOpts.tsu_rel_margin: 1.000000
PlacerOpts.tsu_abs_margin: 0.000000
PlacerOpts.post_place_timing_report_file: 
PlacerOpts.allowed_tiles_for_delay_model: 
PlacerOpts.delay_model_reducer: MIN
PlacerOpts.delay_model_type: DELTA
PlacerOpts.rlim_escape_fraction: 0.000000
PlacerOpts.move_stats_file: 
PlacerOpts.placement_saves_per_temperature: 0
PlacerOpts.effort_scaling: CIRCUIT
PlacerOpts.place_delta_delay_matrix_calculation_method: ASTAR_ROUTE
PlaceOpts.seed: 1
AnnealSched.type: AUTO_SCHED
AnnealSched.inner_num: 0.500000

RouterOpts.route_type: DETAILED
RouterOpts.flat_routing: false
RouterOpts.has_choking_spot: false
RouterOpts.router_algorithm: TIMING_DRIVEN
RouterOpts.base_cost_type: DELAY_NORMALIZED_LENGTH
RouterOpts.fixed_channel_width: NO_FIXED_CHANNEL_WIDTH
RouterOpts.check_route: FULL
RouterOpts.acc_fac: 1.000000
RouterOpts.bb_factor: 3
RouterOpts.bend_cost: 0.000000
RouterOpts.first_iter_pres_fac: 0.000000
RouterOpts.initial_pres_fac: 0.500000
RouterOpts.pres_fac_mult: 1.300000
RouterOpts.max_router_iterations: 50
RouterOpts.min_incremental_reroute_fanout: 16
RouterOpts.do_check_rr_graph: true
RouterOpts.verify_binary_search: false
RouterOpts.min_channel_width_hint: 0
RouterOpts.read_rr_edge_metadata: false
RouterOpts.exit_after_first_routing_iteration: false
RouterOpts.astar_fac: 1.200000
RouterOpts.router_profiler_astar_fac: 1.200000
RouterOpts.criticality_exp: 1.000000
RouterOpts.max_criticality: 0.990000
RouterOpts.init_wirelength_abort_threshold: 0.850000
RouterOpts.save_routing_per_iteration: false
RouterOpts.congested_routing_iteration_threshold_frac: 1.000000
RouterOpts.high_fanout_threshold: 64
RouterOpts.router_debug_net: -2
RouterOpts.router_debug_sink_rr: -2
RouterOpts.router_debug_iteration: -2
RouterOpts.max_convergence_count: 1
RouterOpts.reconvergence_cpd_threshold: 0.990000
RouterOpts.update_lower_bound_delays: true
RouterOpts.first_iteration_timing_report_file: 
RouterOpts.incr_reroute_delay_ripup: AUTO
RouterOpts.route_bb_update: DYNAMIC
RouterOpts.lookahead_type: MAP
RouterOpts.initial_timing: LOOKAHEAD
RouterOpts.router_heap: BINARY_HEAP
RouterOpts.routing_failure_predictor = SAFE
RouterOpts.routing_budgets_algorithm = DISABLE

AnalysisOpts.gen_post_synthesis_netlist: false
AnalysisOpts.timing_report_npaths: 100
AnalysisOpts.timing_report_skew: false
AnalysisOpts.echo_dot_timing_graph_node: -1
AnalysisOpts.timing_report_detail: NETLIST
AnalysisOpts.post_synth_netlist_unconn_input_handling: UNCONNECTED
AnalysisOpts.post_synth_netlist_unconn_output_handling: UNCONNECTED

# Building complex block graph
Warning 1: io[0].clock[0] unconnected pin in architecture.
# Building complex block graph took 0.01 seconds (max_rss 24.8 MiB, delta_rss +7.5 MiB)
Circuit file: ../../rent_exp_0.36.blif
# Load circuit
# Load circuit took 0.01 seconds (max_rss 32.1 MiB, delta_rss +7.3 MiB)
# Clean circuit
Absorbed 0 LUT buffers
Inferred    0 additional primitive pins as constant generators since they have no combinationally connected inputs
Inferred    0 additional primitive pins as constant generators due to constant inputs
Swept input(s)      : 0
Swept output(s)     : 0 (0 dangling, 0 constant)
Swept net(s)        : 0
Swept block(s)      : 0
Constant Pins Marked: 0
# Clean circuit took 0.00 seconds (max_rss 32.1 MiB, delta_rss +0.0 MiB)
# Compress circuit
# Compress circuit took 0.00 seconds (max_rss 32.1 MiB, delta_rss +0.0 MiB)
# Verify circuit
# Verify circuit took 0.00 seconds (max_rss 32.1 MiB, delta_rss +0.0 MiB)
Circuit Statistics:
  Blocks: 4602
    .input :     269
    .output:     237
    6-LUT  :    4096
  Nets  : 4365
    Avg Fanout:     2.9
    Max Fanout:    51.0
    Min Fanout:     1.0
  Netlist Clocks: 0
# Build Timing Graph
  Timing Graph Nodes: 16890
  Timing Graph Edges: 24813
  Timing Graph Levels: 82
# Build Timing Graph took 0.01 seconds (max_rss 34.1 MiB, delta_rss +1.9 MiB)
Netlist contains 0 clocks
# Load Timing Constraints

SDC file 'rent_exp_0.36.sdc' not found
Setting default timing constraints:
   * constrain all primay inputs and primary outputs on a virtual external clock 'virtual_io_clock'
   * optimize virtual clock to run as fast as possible
Timing constraints created 1 clocks
  Constrained Clock 'virtual_io_clock' (Virtual Clock)

# Load Timing Constraints took 0.00 seconds (max_rss 34.1 MiB, delta_rss +0.0 MiB)
# Packing
Begin packing '../../rent_exp_0.36.blif'.

After removing unused inputs...
	total blocks: 4602, total nets: 4365, total inputs: 269, total outputs: 237
Begin prepacking.

There is one chain in this architecture called "chain" with the following starting points:
	clb[0]/fle[0]/lut5inter[0]/ble5[0]/arithmetic[0]/adder[0].cin[0]

0 attraction groups were created during prepacking.
Finish prepacking.
Using inter-cluster delay: 1.33777e-09
Packing with pin utilization targets: io:1,1 clb:0.8,1 mult_36:1,1 memory:1,1
Packing with high fanout thresholds: io:128 clb:32 mult_36:128 memory:128
Starting Clustering - Clustering Progress: 
-------------------   --------------------------   ---------
Molecules processed   Number of clusters created   FPGA size
-------------------   --------------------------   ---------
   184/4602      3%                           10     6 x 6     
   368/4602      7%                           19     7 x 7     
   552/4602     11%                           28     9 x 9     
   736/4602     15%                           37    10 x 10    
   920/4602     19%                           46    10 x 10    
  1104/4602     23%                           56    11 x 11    
  1288/4602     27%                           65    12 x 12    
  1472/4602     31%                           74    13 x 13    
  1656/4602     35%                           83    13 x 13    
  1840/4602     39%                           92    14 x 14    
  2024/4602     43%                          102    14 x 14    
  2208/4602     47%                          112    15 x 15    
  2392/4602     51%                          121    15 x 15    
  2576/4602     55%                          130    15 x 15    
  2760/4602     59%                          140    17 x 17    
  2944/4602     63%                          150    17 x 17    
  3128/4602     67%                          159    17 x 17    
  3312/4602     71%                          168    18 x 18    
  3496/4602     75%                          177    18 x 18    
  3680/4602     79%                          188    18 x 18    
  3864/4602     83%                          198    19 x 19    
  4048/4602     87%                          212    19 x 19    
  4232/4602     91%                          361    20 x 20    
  4416/4602     95%                          545    20 x 20    
  4600/4602     99%                          729    20 x 20    

Logic Element (fle) detailed count:
  Total number of Logic Elements used : 2055
  LEs used for logic and registers    : 0
  LEs used for logic only             : 2055
  LEs used for registers only         : 0

Incr Slack updates 1 in 0.000137048 sec
Full Max Req/Worst Slack updates 1 in 3.347e-06 sec
Incr Max Req/Worst Slack updates 0 in 0 sec
Incr Criticality updates 0 in 0 sec
Full Criticality updates 1 in 0.000222958 sec
FPGA sized to 20 x 20 (auto)
Device Utilization: 0.72 (target 1.00)
	Block Utilization: 0.88 Type: io
	Block Utilization: 0.97 Type: clb

Start the iterative improvement process
the iterative improvement process is done
Final Clustering Statistics: 
----------   --------   ------------------------------------   --------------------------
Block Type   # Blocks   Avg. # of input clocks and pins used   Avg. # of output pins used
----------   --------   ------------------------------------   --------------------------
     EMPTY          0                                      0                            0   
        io        506                               0.468379                     0.531621   
       clb        226                                15.1283                      6.35398   
   mult_36          0                                      0                            0   
    memory          0                                      0                            0   
Absorbed logical nets 2660 out of 4365 nets, 1705 nets not absorbed.

Netlist conversion complete.

# Packing took 1.48 seconds (max_rss 63.4 MiB, delta_rss +29.2 MiB)
# Load packing
Begin loading packed FPGA netlist file.
Netlist generated from file 'rent_exp_0.36.net'.
Detected 0 constant generators (to see names run with higher pack verbosity)
Finished loading packed FPGA netlist file (took 0.18567 seconds).
Warning 2: Treated 0 constant nets as global which will not be routed (to see net names increase packer verbosity).
# Load packing took 0.19 seconds (max_rss 100.5 MiB, delta_rss +37.1 MiB)
Warning 3: Netlist contains 0 global net to non-global architecture pin connections

Pb types usage...
  io              : 506
   inpad          : 269
   outpad         : 237
  clb             : 226
   fle            : 2055
    lut5inter     : 2055
     ble5         : 4096
      flut5       : 4096
       lut5       : 4096
        lut       : 4096

# Create Device
## Build Device Grid
FPGA sized to 20 x 20: 400 grid tiles (auto)

Resource usage...
	Netlist
		506	blocks of type: io
	Architecture
		576	blocks of type: io
	Netlist
		226	blocks of type: clb
	Architecture
		234	blocks of type: clb
	Netlist
		0	blocks of type: mult_36
	Architecture
		8	blocks of type: mult_36
	Netlist
		0	blocks of type: memory
	Architecture
		9	blocks of type: memory

Device Utilization: 0.72 (target 1.00)
	Physical Tile io:
	Block Utilization: 0.88 Logical Block: io
	Physical Tile clb:
	Block Utilization: 0.97 Logical Block: clb
	Physical Tile mult_36:
	Block Utilization: 0.00 Logical Block: mult_36
	Physical Tile memory:
	Block Utilization: 0.00 Logical Block: memory

FPGA size limited by block type(s): clb

## Build Device Grid took 0.00 seconds (max_rss 100.5 MiB, delta_rss +0.0 MiB)
## Build routing resource graph
SOURCE->OPIN and IPIN->SINK edge count:21879
OPIN->CHANX/CHANY edge count before creating direct connections: 64080
OPIN->CHANX/CHANY edge count after creating direct connections: 64301
CHAN->CHAN type edge count:345061
## Build routing resource graph took 0.14 seconds (max_rss 100.5 MiB, delta_rss +0.0 MiB)
  RR Graph Nodes: 52474
  RR Graph Edges: 431241
# Create Device took 0.14 seconds (max_rss 100.5 MiB, delta_rss +0.0 MiB)

# Computing router lookahead map
## Computing wire lookahead
## Computing wire lookahead took 0.35 seconds (max_rss 100.5 MiB, delta_rss +0.0 MiB)
## Computing src/opin lookahead
## Computing src/opin lookahead took 0.00 seconds (max_rss 100.5 MiB, delta_rss +0.0 MiB)
# Computing router lookahead map took 0.35 seconds (max_rss 100.5 MiB, delta_rss +0.0 MiB)
# Computing placement delta delay look-up
## Build routing resource graph
SOURCE->OPIN and IPIN->SINK edge count:21879
OPIN->CHANX/CHANY edge count before creating direct connections: 61750
OPIN->CHANX/CHANY edge count after creating direct connections: 61971
CHAN->CHAN type edge count:330602
## Build routing resource graph took 0.12 seconds (max_rss 100.5 MiB, delta_rss +0.0 MiB)
  RR Graph Nodes: 51678
  RR Graph Edges: 414452
## Computing router lookahead map
### Computing wire lookahead
### Computing wire lookahead took 0.33 seconds (max_rss 100.5 MiB, delta_rss +0.0 MiB)
### Computing src/opin lookahead
### Computing src/opin lookahead took 0.00 seconds (max_rss 100.5 MiB, delta_rss +0.0 MiB)
## Computing router lookahead map took 0.33 seconds (max_rss 100.5 MiB, delta_rss +0.0 MiB)
## Computing delta delays
## Computing delta delays took 0.03 seconds (max_rss 100.5 MiB, delta_rss +0.0 MiB)
# Computing placement delta delay look-up took 0.49 seconds (max_rss 100.5 MiB, delta_rss +0.0 MiB)

Bounding box mode is Cube

Using simple RL 'Softmax agent' for choosing move and block types
# Placement
## Initial Placement
Initial placement iteration 0 has finished successfully
## Initial Placement took 0.00 seconds (max_rss 100.5 MiB, delta_rss +0.0 MiB)

There are 3656 point to point connections in this circuit.


BB estimate of min-dist (placement) wire length: 30763

Completed placement consistency check successfully.
Initial placement cost: 1 bb_cost: 320.449 td_cost: 1.49539e-06
Initial placement estimated Critical Path Delay (CPD): 19.2579 ns
Initial placement estimated setup Total Negative Slack (sTNS): -3599.83 ns
Initial placement estimated setup Worst Negative Slack (sWNS): -19.2579 ns

Initial placement estimated setup slack histogram:
[ -1.9e-08: -1.8e-08) 10 (  4.2%) |**********
[ -1.8e-08: -1.7e-08) 23 (  9.7%) |**********************
[ -1.7e-08: -1.6e-08) 43 ( 18.1%) |*****************************************
[ -1.6e-08: -1.5e-08) 50 ( 21.1%) |************************************************
[ -1.5e-08: -1.4e-08) 50 ( 21.1%) |************************************************
[ -1.4e-08: -1.3e-08) 27 ( 11.4%) |**************************
[ -1.3e-08: -1.2e-08) 17 (  7.2%) |****************
[ -1.2e-08: -1.1e-08) 13 (  5.5%) |************
[ -1.1e-08:   -1e-08)  1 (  0.4%) |*
[   -1e-08:   -9e-09)  3 (  1.3%) |***
Placement contains 0 placement macros involving 0 blocks (average macro size -nan)

Moves per temperature: 3297
Warning 4: Starting t: 293 of 732 configurations accepted.

---- ------ ------- ------- ---------- ---------- ------- ---------- -------- ------- ------- ------ -------- --------- ------
Tnum   Time       T Av Cost Av BB Cost Av TD Cost     CPD       sTNS     sWNS Ac Rate Std Dev  R lim Crit Exp Tot Moves  Alpha
      (sec)                                          (ns)       (ns)     (ns)                                                 
---- ------ ------- ------- ---------- ---------- ------- ---------- -------- ------- ------- ------ -------- --------- ------
   1    0.0 6.6e-04   0.907     241.77 1.1594e-06  19.294  -3.48e+03  -19.294   0.630  0.0443   19.0     1.00      3297  0.200
   2    0.0 6.3e-04   0.940     210.69 1.1383e-06  17.459  -3.36e+03  -17.459   0.562  0.0333   19.0     1.00      6594  0.950
   3    0.0 6.0e-04   0.970     190.69 1.0451e-06  17.087  -3.29e+03  -17.087   0.501  0.0124   19.0     1.00      9891  0.950
   4    0.0 5.7e-04   0.972     182.82 1.0144e-06  16.930  -3.28e+03  -16.930   0.493  0.0098   19.0     1.00     13188  0.950
   5    0.0 5.4e-04   0.976     175.99 9.5452e-07  17.291  -3.23e+03  -17.291   0.460  0.0106   19.0     1.00     16485  0.950
   6    0.0 5.1e-04   0.981     168.76 9.1775e-07  17.326  -3.22e+03  -17.326   0.419  0.0075   19.0     1.00     19782  0.950
   7    0.0 4.9e-04   0.986     165.53 8.9686e-07  16.732  -3.22e+03  -16.732   0.396  0.0077   18.6     1.15     23079  0.950
   8    0.0 4.6e-04   0.989     161.02 7.7485e-07  16.877  -3.19e+03  -16.877   0.400  0.0048   17.8     1.47     26376  0.950
   9    0.0 4.4e-04   0.985     157.47 7.0427e-07  16.744  -3.19e+03  -16.744   0.378  0.0050   17.1     1.75     29673  0.950
  10    0.0 4.2e-04   0.986     154.88 6.1494e-07  16.861  -3.18e+03  -16.861   0.380  0.0101   16.0     2.16     32970  0.950
  11    0.0 4.0e-04   1.000     153.25 5.5612e-07  16.582  -3.17e+03  -16.582   0.362  0.0026   15.1     2.53     36267  0.950
  12    0.0 3.8e-04   0.984     152.00 5.1589e-07  16.341  -3.16e+03  -16.341   0.348  0.0064   13.9     2.99     39564  0.950
  13    0.0 3.6e-04   0.988     149.95 4.741e-07   16.071  -3.16e+03  -16.071   0.367  0.0075   12.6     3.49     42861  0.950
  14    0.0 3.4e-04   0.989     145.91 4.1789e-07  16.209  -3.15e+03  -16.209   0.325  0.0030   11.7     3.84     46158  0.950
  15    0.0 3.2e-04   0.998     146.13 3.8128e-07  16.122  -3.15e+03  -16.122   0.335  0.0045   10.3     4.37     49455  0.950
  16    0.0 3.1e-04   0.987     144.59 3.4405e-07  16.206  -3.15e+03  -16.206   0.344  0.0065    9.3     4.79     52752  0.950
  17    0.0 2.9e-04   0.993     143.61 3.1993e-07  16.137  -3.14e+03  -16.137   0.307  0.0044    8.4     5.14     56049  0.950
  18    0.0 2.8e-04   0.991     142.18 2.9836e-07  16.046  -3.12e+03  -16.046   0.311  0.0052    7.3     5.57     59346  0.950
  19    0.0 2.6e-04   0.989     140.24 2.7909e-07  15.974  -3.11e+03  -15.974   0.299  0.0043    6.3     5.93     62643  0.950
  20    0.0 2.5e-04   0.987     138.75 2.5059e-07  16.012  -3.12e+03  -16.012   0.274  0.0073    5.4     6.28     65940  0.950
  21    0.0 2.4e-04   0.989     136.69 2.4396e-07  15.852  -3.11e+03  -15.852   0.262  0.0045    4.5     6.63     69237  0.950
  22    0.0 2.3e-04   0.991     135.10 1.9585e-07  16.223   -3.1e+03  -16.223   0.275  0.0044    3.7     6.94     72534  0.950
  23    0.0 2.2e-04   0.996     134.36 2.0584e-07  15.965  -3.09e+03  -15.965   0.257  0.0022    3.1     7.18     75831  0.950
  24    0.0 2.0e-04   0.990     133.54 1.991e-07   15.965  -3.09e+03  -15.965   0.385  0.0058    2.5     7.40     79128  0.950
  25    0.0 1.9e-04   0.992     131.57 1.7406e-07  16.142  -3.08e+03  -16.142   0.355  0.0034    2.4     7.46     82425  0.950
  26    0.0 1.8e-04   0.988     129.58 1.7725e-07  16.025  -3.09e+03  -16.025   0.341  0.0055    2.2     7.54     85722  0.950
  27    0.0 1.8e-04   0.996     128.92 1.6616e-07  16.067  -3.08e+03  -16.067   0.343  0.0024    2.0     7.62     89019  0.950
  28    0.0 1.7e-04   0.993     127.95 1.6521e-07  16.025  -3.07e+03  -16.025   0.329  0.0039    1.8     7.69     92316  0.950
  29    0.0 1.6e-04   0.996     126.72 1.6555e-07  15.993  -3.07e+03  -15.993   0.298  0.0015    1.6     7.77     95613  0.950
  30    0.0 1.5e-04   0.994     125.24 1.6816e-07  15.902  -3.07e+03  -15.902   0.280  0.0031    1.4     7.86     98910  0.950
  31    0.0 1.4e-04   0.996     124.65 1.61e-07    15.904  -3.07e+03  -15.904   0.280  0.0022    1.1     7.94    102207  0.950
  32    0.0 1.4e-04   0.999     124.04 1.5484e-07  15.993  -3.06e+03  -15.993   0.274  0.0012    1.0     8.00    105504  0.950
  33    0.0 1.3e-04   0.998     123.61 1.5204e-07  15.993  -3.06e+03  -15.993   0.275  0.0014    1.0     8.00    108801  0.950
  34    0.0 1.2e-04   0.998     123.31 1.5444e-07  15.922  -3.06e+03  -15.922   0.257  0.0017    1.0     8.00    112098  0.950
  35    0.0 1.2e-04   0.999     123.42 1.4956e-07  15.997  -3.06e+03  -15.997   0.263  0.0011    1.0     8.00    115395  0.950
  36    0.0 1.1e-04   0.996     122.76 1.5561e-07  15.903  -3.06e+03  -15.903   0.226  0.0028    1.0     8.00    118692  0.950
  37    0.0 1.0e-04   0.998     122.03 1.4812e-07  15.986  -3.05e+03  -15.986   0.249  0.0014    1.0     8.00    121989  0.950
  38    0.0 1.0e-04   0.997     121.27 1.4851e-07  15.986  -3.06e+03  -15.986   0.221  0.0015    1.0     8.00    125286  0.950
  39    0.0 9.5e-05   0.998     121.07 1.439e-07   16.040  -3.05e+03  -16.040   0.224  0.0015    1.0     8.00    128583  0.950
  40    0.0 9.0e-05   0.999     120.57 1.4591e-07  15.993  -3.05e+03  -15.993   0.215  0.0007    1.0     8.00    131880  0.950
  41    0.0 8.5e-05   0.999     120.70 1.457e-07   15.993  -3.05e+03  -15.993   0.191  0.0005    1.0     8.00    135177  0.950
  42    0.0 8.1e-05   0.998     120.63 1.4392e-07  15.993  -3.05e+03  -15.993   0.204  0.0011    1.0     8.00    138474  0.950
  43    0.0 7.7e-05   0.997     120.27 1.4295e-07  15.993  -3.05e+03  -15.993   0.181  0.0012    1.0     8.00    141771  0.950
  44    0.0 7.3e-05   0.998     119.93 1.4324e-07  15.993  -3.05e+03  -15.993   0.187  0.0010    1.0     8.00    145068  0.950
  45    0.0 7.0e-05   1.000     119.82 1.4297e-07  15.993  -3.05e+03  -15.993   0.182  0.0005    1.0     8.00    148365  0.950
  46    0.0 6.6e-05   0.999     119.76 1.4279e-07  15.993  -3.05e+03  -15.993   0.167  0.0011    1.0     8.00    151662  0.950
  47    0.0 6.3e-05   1.000     119.60 1.4227e-07  15.993  -3.05e+03  -15.993   0.179  0.0004    1.0     8.00    154959  0.950
  48    0.0 6.0e-05   0.999     119.53 1.4242e-07  15.993  -3.05e+03  -15.993   0.157  0.0007    1.0     8.00    158256  0.950
  49    0.0 5.7e-05   0.999     119.40 1.4196e-07  15.993  -3.05e+03  -15.993   0.153  0.0003    1.0     8.00    161553  0.950
  50    0.0 5.4e-05   0.999     119.25 1.4156e-07  15.993  -3.05e+03  -15.993   0.140  0.0006    1.0     8.00    164850  0.950
  51    0.0 4.3e-05   0.999     119.11 1.4134e-07  15.993  -3.05e+03  -15.993   0.126  0.0005    1.0     8.00    168147  0.800
Agent's 2nd state: 
Checkpoint saved: bb_costs=119.043, TD costs=1.40843e-07, CPD= 15.993 (ns) 
  52    0.0 3.4e-05   0.998     118.94 1.4048e-07  15.993  -3.05e+03  -15.993   0.080  0.0010    1.0     8.00    171444  0.800
  53    0.0 2.8e-05   1.000     118.82 1.3937e-07  15.993  -3.05e+03  -15.993   0.061  0.0003    1.0     8.00    174741  0.800
  54    0.0 2.2e-05   0.999     118.76 1.3911e-07  15.993  -3.05e+03  -15.993   0.062  0.0005    1.0     8.00    178038  0.800
  55    0.0 1.8e-05   0.999     118.64 1.3878e-07  15.993  -3.05e+03  -15.993   0.042  0.0005    1.0     8.00    181335  0.800
  56    0.0 1.4e-05   0.999     118.61 1.3816e-07  15.993  -3.05e+03  -15.993   0.034  0.0003    1.0     8.00    184632  0.800
  57    0.0 1.1e-05   0.999     118.52 1.3807e-07  15.993  -3.05e+03  -15.993   0.029  0.0004    1.0     8.00    187929  0.800
  58    0.0 9.0e-06   0.999     118.42 1.3757e-07  15.993  -3.04e+03  -15.993   0.020  0.0003    1.0     8.00    191226  0.800
Checkpoint saved: bb_costs=118.435, TD costs=1.46738e-07, CPD= 15.852 (ns) 
  59    0.0 7.2e-06   0.999     118.42 1.466e-07   15.852  -3.04e+03  -15.852   0.018  0.0002    1.0     8.00    194523  0.800
  60    0.0 5.8e-06   1.000     118.42 1.4653e-07  15.852  -3.04e+03  -15.852   0.015  0.0001    1.0     8.00    197820  0.800
  61    0.0 4.6e-06   1.000     118.35 1.4641e-07  15.852  -3.04e+03  -15.852   0.011  0.0001    1.0     8.00    201117  0.800
  62    0.0 3.7e-06   1.000     118.26 1.4641e-07  15.852  -3.04e+03  -15.852   0.014  0.0002    1.0     8.00    204414  0.800
  63    0.0 3.0e-06   1.000     118.19 1.4632e-07  15.852  -3.04e+03  -15.852   0.010  0.0001    1.0     8.00    207711  0.800
  64    0.0 0.0e+00   1.000     118.17 1.4626e-07  15.852  -3.04e+03  -15.852   0.007  0.0001    1.0     8.00    211008  0.800
## Placement Quench took 0.01 seconds (max_rss 100.5 MiB)
post-quench CPD = 15.8524 (ns) 

BB estimate of min-dist (placement) wire length: 11343

Completed placement consistency check successfully.

Swaps called: 211740

Aborted Move Reasons:
  No moves aborted

Placement estimated critical path delay (least slack): 15.8524 ns, Fmax: 63.082 MHz
Placement estimated setup Worst Negative Slack (sWNS): -15.8524 ns
Placement estimated setup Total Negative Slack (sTNS): -3040.3 ns

Placement estimated setup slack histogram:
[ -1.6e-08: -1.5e-08)  8 (  3.4%) |*******
[ -1.5e-08: -1.4e-08) 25 ( 10.5%) |***********************
[ -1.4e-08: -1.4e-08) 40 ( 16.9%) |************************************
[ -1.4e-08: -1.3e-08) 47 ( 19.8%) |*******************************************
[ -1.3e-08: -1.2e-08) 53 ( 22.4%) |************************************************
[ -1.2e-08: -1.1e-08) 29 ( 12.2%) |**************************
[ -1.1e-08: -1.1e-08) 15 (  6.3%) |**************
[ -1.1e-08: -9.9e-09) 12 (  5.1%) |***********
[ -9.9e-09: -9.2e-09)  5 (  2.1%) |*****
[ -9.2e-09: -8.4e-09)  3 (  1.3%) |***

Placement estimated geomean non-virtual intra-domain period: nan ns (nan MHz)
Placement estimated fanout-weighted geomean non-virtual intra-domain period: nan ns (nan MHz)

Placement cost: 0.999545, bb_cost: 118.16, td_cost: 1.46164e-07, 

Placement resource usage:
  io  implemented as io : 506
  clb implemented as clb: 226

Placement number of temperatures: 64
Placement total # of swap attempts: 211740
	Swaps accepted:  52282 (24.7 %)
	Swaps rejected: 147341 (69.6 %)
	Swaps aborted:  12117 ( 5.7 %)


Placement perturbation distribution by block and move type: 
------------------ ----------------- ---------------- ---------------- --------------- ------------ 
    Block Type         Move Type       (%) of Total      Accepted(%)     Rejected(%)    Aborted(%)
------------------ ----------------- ---------------- ---------------- --------------- ------------ 
io                 Uniform                16.02            35.84           64.16          0.00         
                   Median                 15.75            32.94           52.36          14.70        
                   Centroid               15.78            35.56           56.53          7.91         
                   W. Centroid            15.65            35.92           56.31          7.77         
                   W. Median              2.03             5.72            73.98          20.31        
                   Crit. Uniform          0.66             2.93            97.07          0.00         
                   Feasible Region        0.64             2.86            86.56          10.57        

clb                Uniform                7.06             4.16            95.84          0.00         
                   Median                 7.03             10.23           86.37          3.40         
                   Centroid               6.95             9.57            89.73          0.70         
                   W. Centroid            7.01             9.95            89.45          0.61         
                   W. Median              0.87             0.11            92.78          7.11         
                   Crit. Uniform          2.26             0.00            100.00         0.00         
                   Feasible Region        2.28             0.00            96.94          3.06         


Placement Quench timing analysis took 0.00180094 seconds (0.00157687 STA, 0.000224072 slack) (1 full updates: 1 setup, 0 hold, 0 combined).
Placement Total  timing analysis took 0.146923 seconds (0.12786 STA, 0.0190631 slack) (66 full updates: 66 setup, 0 hold, 0 combined).
update_td_costs: connections 0 nets 0 sum_nets 0 total 0
# Placement took 0.50 seconds (max_rss 100.5 MiB, delta_rss +0.0 MiB)

# Routing
Initializing minimum channel width search based on maximum CLB pins

Attempting to route at 76 channels (binary search bounds: [-1, -1])
## Build routing resource graph
SOURCE->OPIN and IPIN->SINK edge count:21879
OPIN->CHANX/CHANY edge count before creating direct connections: 48934
OPIN->CHANX/CHANY edge count after creating direct connections: 49155
CHAN->CHAN type edge count:261327
## Build routing resource graph took 0.10 seconds (max_rss 100.5 MiB, delta_rss +0.0 MiB)
  RR Graph Nodes: 47686
  RR Graph Edges: 332361
Confirming router algorithm: TIMING_DRIVEN.
## Computing router lookahead map
### Computing wire lookahead
### Computing wire lookahead took 0.29 seconds (max_rss 100.5 MiB, delta_rss +0.0 MiB)
### Computing src/opin lookahead
### Computing src/opin lookahead took 0.00 seconds (max_rss 100.5 MiB, delta_rss +0.0 MiB)
## Computing router lookahead map took 0.29 seconds (max_rss 100.5 MiB, delta_rss +0.0 MiB)
## Initializing router criticalities
Initial Net Connection Criticality Histogram:
[        0:      0.1)  11 (  0.3%) |*
[      0.1:      0.2)  50 (  1.4%) |**
[      0.2:      0.3) 107 (  2.9%) |*****
[      0.3:      0.4) 188 (  5.1%) |*********
[      0.4:      0.5) 261 (  7.1%) |*************
[      0.5:      0.6) 333 (  9.1%) |****************
[      0.6:      0.7) 560 ( 15.3%) |***************************
[      0.7:      0.8) 962 ( 26.3%) |***********************************************
[      0.8:      0.9) 930 ( 25.4%) |*********************************************
[      0.9:        1) 254 (  6.9%) |************
## Initializing router criticalities took 0.04 seconds (max_rss 100.5 MiB, delta_rss +0.0 MiB)
---- ------ ------- ---- ------- ------- ------- ----------------- --------------- -------- ---------- ---------- ---------- ---------- --------
Iter   Time    pres  BBs    Heap  Re-Rtd  Re-Rtd Overused RR Nodes      Wirelength      CPD       sTNS       sWNS       hTNS       hWNS Est Succ
      (sec)     fac Updt    push    Nets   Conns                                       (ns)       (ns)       (ns)       (ns)       (ns)     Iter
---- ------ ------- ---- ------- ------- ------- ----------------- --------------- -------- ---------- ---------- ---------- ---------- --------
   1    0.0     0.0    0  175846    1705    3656    1375 ( 2.883%)   19141 (36.8%)   16.786     -3211.    -16.786      0.000      0.000      N/A
Incr Slack updates 66 in 0.00602345 sec
Full Max Req/Worst Slack updates 25 in 7.7856e-05 sec
Incr Max Req/Worst Slack updates 41 in 0.000156715 sec
Incr Criticality updates 27 in 0.00430817 sec
Full Criticality updates 39 in 0.00765872 sec
   2    0.0     0.5   24  143570    1141    2959     926 ( 1.942%)   19141 (36.8%)   16.786     -3210.    -16.786      0.000      0.000      N/A
   3    0.0     0.6    6  134136     896    2590     746 ( 1.564%)   19454 (37.4%)   16.786     -3212.    -16.786      0.000      0.000      N/A
   4    0.0     0.8    8  124826     754    2383     596 ( 1.250%)   19496 (37.5%)   16.786     -3213.    -16.786      0.000      0.000      N/A
   5    0.0     1.1    1  116452     624    2124     442 ( 0.927%)   19753 (38.0%)   16.786     -3214.    -16.786      0.000      0.000      N/A
   6    0.0     1.4    8  101376     498    1854     323 ( 0.677%)   19835 (38.2%)   16.786     -3219.    -16.786      0.000      0.000      N/A
   7    0.0     1.9    5   82929     385    1532     233 ( 0.489%)   19997 (38.5%)   16.786     -3220.    -16.786      0.000      0.000      N/A
   8    0.0     2.4    2   72532     302    1318     142 ( 0.298%)   20184 (38.8%)   16.786     -3220.    -16.786      0.000      0.000      N/A
   9    0.0     3.1    1   51807     200     945      94 ( 0.197%)   20351 (39.1%)   16.786     -3221.    -16.786      0.000      0.000      N/A
  10    0.0     4.1    1   35068     119     594      47 ( 0.099%)   20517 (39.5%)   16.786     -3221.    -16.786      0.000      0.000       21
  11    0.0     5.3    1   20297      65     358      26 ( 0.055%)   20582 (39.6%)   16.786     -3222.    -16.786      0.000      0.000       18
  12    0.0     6.9    1   14114      40     240      15 ( 0.031%)   20638 (39.7%)   16.786     -3223.    -16.786      0.000      0.000       18
  13    0.0     9.0    0    8154      19     120       4 ( 0.008%)   20686 (39.8%)   16.786     -3224.    -16.786      0.000      0.000       17
  14    0.0    11.6    0    1975       8      34       1 ( 0.002%)   20698 (39.8%)   16.786     -3224.    -16.786      0.000      0.000       16
  15    0.0    15.1    1     989       3       9       0 ( 0.000%)   20706 (39.8%)   16.786     -3224.    -16.786      0.000      0.000       15
Restoring best routing
Critical path: 16.7858 ns
Successfully routed after 15 routing iterations.
Final Net Connection Criticality Histogram:
[        0:      0.1)   6 (  0.2%) |
[      0.1:      0.2)  40 (  1.1%) |**
[      0.2:      0.3) 108 (  3.0%) |*****
[      0.3:      0.4) 162 (  4.4%) |********
[      0.4:      0.5) 256 (  7.0%) |*************
[      0.5:      0.6) 334 (  9.1%) |*****************
[      0.6:      0.7) 533 ( 14.6%) |***************************
[      0.7:      0.8) 944 ( 25.8%) |***********************************************
[      0.8:      0.9) 937 ( 25.6%) |***********************************************
[      0.9:        1) 336 (  9.2%) |*****************
Router Stats: total_nets_routed: 6759 total_connections_routed: 20716 total_heap_pushes: 1084071 total_heap_pops: 279487 total_internal_heap_pushes: 0 total_internal_heap_pops: 0 total_external_heap_pushes: 1084071 total_external_heap_pops: 279487 total_external_SOURCE_pushes: 20716 total_external_SOURCE_pops: 12224 total_internal_SOURCE_pushes: 0 total_internal_SOURCE_pops: 0 rt_node_SOURCE_pushes: 20716 rt_node_SOURCE_high_fanout_pushes: 0 rt_node_SOURCE_entire_tree_pushes: 20716 total_external_SINK_pushes: 62571 total_external_SINK_pops: 57333 total_internal_SINK_pushes: 0 total_internal_SINK_pops: 0 rt_node_SINK_pushes: 0 rt_node_SINK_high_fanout_pushes: 0 rt_node_SINK_entire_tree_pushes: 0 total_external_IPIN_pushes: 91059 total_external_IPIN_pops: 82453 total_internal_IPIN_pushes: 0 total_internal_IPIN_pops: 0 rt_node_IPIN_pushes: 0 rt_node_IPIN_high_fanout_pushes: 0 rt_node_IPIN_entire_tree_pushes: 0 total_external_OPIN_pushes: 24550 total_external_OPIN_pops: 16699 total_internal_OPIN_pushes: 0 total_internal_OPIN_pops: 0 rt_node_OPIN_pushes: 14023 rt_node_OPIN_high_fanout_pushes: 0 rt_node_OPIN_entire_tree_pushes: 14023 total_external_CHANX_pushes: 443853 total_external_CHANX_pops: 56010 total_internal_CHANX_pushes: 0 total_internal_CHANX_pops: 0 rt_node_CHANX_pushes: 42774 rt_node_CHANX_high_fanout_pushes: 0 rt_node_CHANX_entire_tree_pushes: 42774 total_external_CHANY_pushes: 441322 total_external_CHANY_pops: 54768 total_internal_CHANY_pushes: 0 total_internal_CHANY_pops: 0 rt_node_CHANY_pushes: 43205 rt_node_CHANY_high_fanout_pushes: 0 rt_node_CHANY_entire_tree_pushes: 43205 total_number_of_adding_all_rt: 231392 total_number_of_adding_high_fanout_rt: 0 total_number_of_adding_all_rt_from_calling_high_fanout_rt: 0 

Attempting to route at 38 channels (binary search bounds: [-1, 76])
## Build routing resource graph
SOURCE->OPIN and IPIN->SINK edge count:21879
OPIN->CHANX/CHANY edge count before creating direct connections: 24476
OPIN->CHANX/CHANY edge count after creating direct connections: 24697
CHAN->CHAN type edge count:131301
## Build routing resource graph took 0.05 seconds (max_rss 100.5 MiB, delta_rss +0.0 MiB)
  RR Graph Nodes: 40106
  RR Graph Edges: 177877
Confirming router algorithm: TIMING_DRIVEN.
## Computing router lookahead map
### Computing wire lookahead
### Computing wire lookahead took 0.18 seconds (max_rss 100.5 MiB, delta_rss +0.0 MiB)
### Computing src/opin lookahead
### Computing src/opin lookahead took 0.00 seconds (max_rss 100.5 MiB, delta_rss +0.0 MiB)
## Computing router lookahead map took 0.18 seconds (max_rss 100.5 MiB, delta_rss +0.0 MiB)
## Initializing router criticalities
Initial Net Connection Criticality Histogram:
[        0:      0.1)  11 (  0.3%) |*
[      0.1:      0.2)  50 (  1.4%) |**
[      0.2:      0.3) 108 (  3.0%) |*****
[      0.3:      0.4) 187 (  5.1%) |*********
[      0.4:      0.5) 260 (  7.1%) |*************
[      0.5:      0.6) 334 (  9.1%) |****************
[      0.6:      0.7) 555 ( 15.2%) |***************************
[      0.7:      0.8) 962 ( 26.3%) |***********************************************
[      0.8:      0.9) 935 ( 25.6%) |**********************************************
[      0.9:        1) 254 (  6.9%) |************
## Initializing router criticalities took 0.01 seconds (max_rss 100.5 MiB, delta_rss +0.0 MiB)
---- ------ ------- ---- ------- ------- ------- ----------------- --------------- -------- ---------- ---------- ---------- ---------- --------
Iter   Time    pres  BBs    Heap  Re-Rtd  Re-Rtd Overused RR Nodes      Wirelength      CPD       sTNS       sWNS       hTNS       hWNS Est Succ
      (sec)     fac Updt    push    Nets   Conns                                       (ns)       (ns)       (ns)       (ns)       (ns)     Iter
---- ------ ------- ---- ------- ------- ------- ----------------- --------------- -------- ---------- ---------- ---------- ---------- --------
   1    0.0     0.0    0  163845    1705    3656    1873 ( 4.670%)   20384 (78.4%)   16.923     -3257.    -16.923      0.000      0.000      N/A
   2    0.0     0.5   35  158460    1487    3404    1737 ( 4.331%)   20337 (78.2%)   16.923     -3257.    -16.923      0.000      0.000      N/A
   3    0.0     0.6    8  184207    1381    3272    1604 ( 3.999%)   21259 (81.8%)   16.929     -3264.    -16.929      0.000      0.000      N/A
   4    0.0     0.8   23  197740    1300    3160    1517 ( 3.782%)   21522 (82.8%)   16.929     -3273.    -16.929      0.000      0.000      N/A
   5    0.0     1.1   43  211636    1216    3062    1325 ( 3.304%)   21930 (84.4%)   16.932     -3280.    -16.932      0.000      0.000      N/A
   6    0.0     1.4   32  222060    1156    2947    1211 ( 3.019%)   22503 (86.6%)   16.932     -3289.    -16.932      0.000      0.000      N/A
   7    0.0     1.9   25  237167    1081    2859    1125 ( 2.805%)   23045 (88.7%)   16.932     -3295.    -16.932      0.000      0.000      N/A
   8    0.0     2.4   25  239954    1000    2713     997 ( 2.486%)   23508 (90.4%)   16.932     -3303.    -16.932      0.000      0.000      N/A
   9    0.0     3.1   24  253573     947    2668     957 ( 2.386%)   23952 (92.2%)   16.926     -3311.    -16.926      0.000      0.000      N/A
  10    0.0     4.1   24  268562     915    2561     906 ( 2.259%)   24255 (93.3%)   16.926     -3319.    -16.926      0.000      0.000       90
  11    0.0     5.3   31  286260     891    2545     861 ( 2.147%)   24728 (95.1%)   16.926     -3330.    -16.926      0.000      0.000      102
  12    0.0     6.9   24  304483     835    2392     841 ( 2.097%)   25053 (96.4%)   16.923     -3333.    -16.923      0.000      0.000      109
  13    0.0     9.0   18  338881     824    2412     800 ( 1.995%)   25181 (96.9%)   17.068     -3346.    -17.068      0.000      0.000      132
  14    0.0    11.6   19  333238     838    2456     776 ( 1.935%)   25385 (97.7%)   17.211     -3357.    -17.211      0.000      0.000      140
  15    0.0    15.1   18  365849     806    2385     796 ( 1.985%)   25424 (97.8%)   17.211     -3366.    -17.211      0.000      0.000      171
Routing aborted, the predicted iteration for a successful route (171.1) is too high.
Routing failed.

Failed routing attempt #0
Total number of overused nodes: 796
Total number of overused nodes is larger than the logging limit (20).
Displaying the first 20 entries.
Routing Failure Diagnostics: Printing Overused Nodes Information
------ ------- ---------- --------- -------- ------------ ------- ------- ------- ------- ------- ------- -------
   No.  NodeId  Occupancy  Capacity  RR Node    Direction    Side     PTC   Block    Xlow    Ylow   Xhigh   Yhigh
                                        type                          NUM    Name                                 
------ ------- ---------- --------- -------- ------------ ------- ------- ------- ------- ------- ------- -------
     0    1862          2         1     IPIN          N/A   RIGHT       5     clb       1      10       1      10
     1    1969          2         1     IPIN          N/A  BOTTOM      10     clb       1      11       1      11
     2    2165          2         1     IPIN          N/A  BOTTOM       2     clb       1      13       1      13
     3    2270          2         1     IPIN          N/A   RIGHT       5     clb       1      14       1      14
     4    4040          2         1     IPIN          N/A   RIGHT       5     clb       3       2       3       2
     5    4041          2         1     IPIN          N/A  BOTTOM       6     clb       3       2       3       2
     6    4043          2         1     IPIN          N/A     TOP       8     clb       3       2       3       2
     7    4076          2         1     IPIN          N/A   RIGHT      41     clb       3       2       3       2
     8    4341          2         1     IPIN          N/A     TOP       0     clb       3       5       3       5
     9    4347          2         1     IPIN          N/A  BOTTOM       6     clb       3       5       3       5
    10    4353          2         1     IPIN          N/A     TOP      12     clb       3       5       3       5
    11    4372          2         1     IPIN          N/A    LEFT      31     clb       3       5       3       5
    12    4552          2         1     IPIN          N/A    LEFT       7     clb       3       7       3       7
    13    4568          2         1     IPIN          N/A    LEFT      23     clb       3       7       3       7
    14    4580          2         1     IPIN          N/A    LEFT      35     clb       3       7       3       7
    15    4858          2         1     IPIN          N/A    LEFT       7     clb       3      10       3      10
    16    4953          2         1     IPIN          N/A     TOP       0     clb       3      11       3      11
    17    4955          2         1     IPIN          N/A  BOTTOM       2     clb       3      11       3      11
    18    4962          2         1     IPIN          N/A   RIGHT       9     clb       3      11       3      11
    19    5057          2         1     IPIN          N/A  BOTTOM       2     clb       3      12       3      12

Final Net Connection Criticality Histogram:
[        0:      0.1)    3 (  0.1%) |
[      0.1:      0.2)   36 (  1.0%) |**
[      0.2:      0.3)  105 (  2.9%) |****
[      0.3:      0.4)  145 (  4.0%) |******
[      0.4:      0.5)  237 (  6.5%) |**********
[      0.5:      0.6)  318 (  8.7%) |*************
[      0.6:      0.7)  493 ( 13.5%) |*********************
[      0.7:      0.8)  860 ( 23.5%) |************************************
[      0.8:      0.9) 1084 ( 29.6%) |**********************************************
[      0.9:        1)  375 ( 10.3%) |****************
Router Stats: total_nets_routed: 16382 total_connections_routed: 42492 total_heap_pushes: 3765915 total_heap_pops: 917667 total_internal_heap_pushes: 0 total_internal_heap_pops: 0 total_external_heap_pushes: 3765915 total_external_heap_pops: 917667 total_external_SOURCE_pushes: 42492 total_external_SOURCE_pops: 32131 total_internal_SOURCE_pushes: 0 total_internal_SOURCE_pops: 0 rt_node_SOURCE_pushes: 42492 rt_node_SOURCE_high_fanout_pushes: 0 rt_node_SOURCE_entire_tree_pushes: 42492 total_external_SINK_pushes: 124091 total_external_SINK_pops: 115095 total_internal_SINK_pushes: 0 total_internal_SINK_pops: 0 rt_node_SINK_pushes: 0 rt_node_SINK_high_fanout_pushes: 0 rt_node_SINK_entire_tree_pushes: 0 total_external_IPIN_pushes: 181849 total_external_IPIN_pops: 165028 total_internal_IPIN_pushes: 0 total_internal_IPIN_pops: 0 rt_node_IPIN_pushes: 0 rt_node_IPIN_high_fanout_pushes: 0 rt_node_IPIN_entire_tree_pushes: 0 total_external_OPIN_pushes: 50881 total_external_OPIN_pops: 40767 total_internal_OPIN_pushes: 0 total_internal_OPIN_pops: 0 rt_node_OPIN_pushes: 26179 rt_node_OPIN_high_fanout_pushes: 0 rt_node_OPIN_entire_tree_pushes: 26179 total_external_CHANX_pushes: 1703540 total_external_CHANX_pops: 282987 total_internal_CHANX_pushes: 0 total_internal_CHANX_pops: 0 rt_node_CHANX_pushes: 87079 rt_node_CHANX_high_fanout_pushes: 0 rt_node_CHANX_entire_tree_pushes: 87079 total_external_CHANY_pushes: 1663062 total_external_CHANY_pops: 281659 total_internal_CHANY_pushes: 0 total_internal_CHANY_pops: 0 rt_node_CHANY_pushes: 84787 rt_node_CHANY_high_fanout_pushes: 0 rt_node_CHANY_entire_tree_pushes: 84787 total_number_of_adding_all_rt: 437405 total_number_of_adding_high_fanout_rt: 0 total_number_of_adding_all_rt_from_calling_high_fanout_rt: 0 

Attempting to route at 58 channels (binary search bounds: [38, 76])
## Build routing resource graph
SOURCE->OPIN and IPIN->SINK edge count:21879
OPIN->CHANX/CHANY edge count before creating direct connections: 37292
OPIN->CHANX/CHANY edge count after creating direct connections: 37513
CHAN->CHAN type edge count:201182
## Build routing resource graph took 0.07 seconds (max_rss 100.5 MiB, delta_rss +0.0 MiB)
  RR Graph Nodes: 44094
  RR Graph Edges: 260574
Confirming router algorithm: TIMING_DRIVEN.
## Computing router lookahead map
### Computing wire lookahead
### Computing wire lookahead took 0.25 seconds (max_rss 100.5 MiB, delta_rss +0.0 MiB)
### Computing src/opin lookahead
### Computing src/opin lookahead took 0.00 seconds (max_rss 100.5 MiB, delta_rss +0.0 MiB)
## Computing router lookahead map took 0.25 seconds (max_rss 100.5 MiB, delta_rss +0.0 MiB)
## Initializing router criticalities
Initial Net Connection Criticality Histogram:
[        0:      0.1)  11 (  0.3%) |*
[      0.1:      0.2)  50 (  1.4%) |**
[      0.2:      0.3) 107 (  2.9%) |*****
[      0.3:      0.4) 188 (  5.1%) |*********
[      0.4:      0.5) 260 (  7.1%) |*************
[      0.5:      0.6) 334 (  9.1%) |****************
[      0.6:      0.7) 560 ( 15.3%) |***************************
[      0.7:      0.8) 960 ( 26.3%) |***********************************************
[      0.8:      0.9) 932 ( 25.5%) |**********************************************
[      0.9:        1) 254 (  6.9%) |************
## Initializing router criticalities took 0.01 seconds (max_rss 100.5 MiB, delta_rss +0.0 MiB)
---- ------ ------- ---- ------- ------- ------- ----------------- --------------- -------- ---------- ---------- ---------- ---------- --------
Iter   Time    pres  BBs    Heap  Re-Rtd  Re-Rtd Overused RR Nodes      Wirelength      CPD       sTNS       sWNS       hTNS       hWNS Est Succ
      (sec)     fac Updt    push    Nets   Conns                                       (ns)       (ns)       (ns)       (ns)       (ns)     Iter
---- ------ ------- ---- ------- ------- ------- ----------------- --------------- -------- ---------- ---------- ---------- ---------- --------
   1    0.0     0.0    0  172364    1705    3656    1572 ( 3.565%)   19625 (49.5%)   16.883     -3231.    -16.883      0.000      0.000      N/A
   2    0.0     0.5   21  153996    1277    3142    1250 ( 2.835%)   19654 (49.5%)   16.882     -3231.    -16.882      0.000      0.000      N/A
   3    0.0     0.6    2  153630    1078    2855    1046 ( 2.372%)   19981 (50.4%)   16.878     -3233.    -16.878      0.000      0.000      N/A
   4    0.0     0.8    8  151466     929    2657     854 ( 1.937%)   20382 (51.4%)   16.882     -3238.    -16.882      0.000      0.000      N/A
   5    0.0     1.1   13  135225     772    2385     656 ( 1.488%)   20422 (51.5%)   16.885     -3240.    -16.885      0.000      0.000      N/A
   6    0.0     1.4    6  124593     663    2177     505 ( 1.145%)   20770 (52.4%)   16.885     -3245.    -16.885      0.000      0.000      N/A
   7    0.0     1.9    9  112520     554    1943     381 ( 0.864%)   20926 (52.7%)   16.885     -3246.    -16.885      0.000      0.000      N/A
   8    0.0     2.4    8  104003     430    1669     276 ( 0.626%)   21333 (53.8%)   16.887     -3248.    -16.887      0.000      0.000      N/A
   9    0.0     3.1    7   80383     320    1324     160 ( 0.363%)   21514 (54.2%)   16.887     -3250.    -16.887      0.000      0.000      N/A
  10    0.0     4.1    4   62334     215     975     106 ( 0.240%)   21781 (54.9%)   16.887     -3252.    -16.887      0.000      0.000       24
  11    0.0     5.3    3   45857     139     656      55 ( 0.125%)   22043 (55.6%)   16.887     -3255.    -16.887      0.000      0.000       22
  12    0.0     6.9    3   26095      77     405      26 ( 0.059%)   22133 (55.8%)   16.906     -3257.    -16.906      0.000      0.000       20
  13    0.0     9.0    1   29288      87     454      10 ( 0.023%)   22198 (56.0%)   16.887     -3257.    -16.887      0.000      0.000       18
  14    0.0    11.6    2   10236      21     112       7 ( 0.016%)   22220 (56.0%)   16.887     -3258.    -16.887      0.000      0.000       17
  15    0.0    15.1    0    5052      15      63       3 ( 0.007%)   22242 (56.1%)   16.887     -3258.    -16.887      0.000      0.000       17
  16    0.0    19.7    0    1781       8      29       0 ( 0.000%)   22266 (56.1%)   16.887     -3259.    -16.887      0.000      0.000       17
Restoring best routing
Critical path: 16.8872 ns
Successfully routed after 16 routing iterations.
Final Net Connection Criticality Histogram:
[        0:      0.1)   4 (  0.1%) |
[      0.1:      0.2)  39 (  1.1%) |**
[      0.2:      0.3) 103 (  2.8%) |*****
[      0.3:      0.4) 163 (  4.5%) |********
[      0.4:      0.5) 239 (  6.5%) |***********
[      0.5:      0.6) 346 (  9.5%) |****************
[      0.6:      0.7) 519 ( 14.2%) |************************
[      0.7:      0.8) 908 ( 24.8%) |*******************************************
[      0.8:      0.9) 999 ( 27.3%) |***********************************************
[      0.9:        1) 336 (  9.2%) |****************
Router Stats: total_nets_routed: 8290 total_connections_routed: 24502 total_heap_pushes: 1368823 total_heap_pops: 352789 total_internal_heap_pushes: 0 total_internal_heap_pops: 0 total_external_heap_pushes: 1368823 total_external_heap_pops: 352789 total_external_SOURCE_pushes: 24502 total_external_SOURCE_pops: 15326 total_internal_SOURCE_pushes: 0 total_internal_SOURCE_pops: 0 rt_node_SOURCE_pushes: 24502 rt_node_SOURCE_high_fanout_pushes: 0 rt_node_SOURCE_entire_tree_pushes: 24502 total_external_SINK_pushes: 75400 total_external_SINK_pops: 68852 total_internal_SINK_pushes: 0 total_internal_SINK_pops: 0 rt_node_SINK_pushes: 0 rt_node_SINK_high_fanout_pushes: 0 rt_node_SINK_entire_tree_pushes: 0 total_external_IPIN_pushes: 110827 total_external_IPIN_pops: 99636 total_internal_IPIN_pushes: 0 total_internal_IPIN_pops: 0 rt_node_IPIN_pushes: 0 rt_node_IPIN_high_fanout_pushes: 0 rt_node_IPIN_entire_tree_pushes: 0 total_external_OPIN_pushes: 29120 total_external_OPIN_pops: 20509 total_internal_OPIN_pushes: 0 total_internal_OPIN_pops: 0 rt_node_OPIN_pushes: 16296 rt_node_OPIN_high_fanout_pushes: 0 rt_node_OPIN_entire_tree_pushes: 16296 total_external_CHANX_pushes: 562997 total_external_CHANX_pops: 74976 total_internal_CHANX_pushes: 0 total_internal_CHANX_pops: 0 rt_node_CHANX_pushes: 54082 rt_node_CHANX_high_fanout_pushes: 0 rt_node_CHANX_entire_tree_pushes: 54082 total_external_CHANY_pushes: 565977 total_external_CHANY_pops: 73490 total_internal_CHANY_pushes: 0 total_internal_CHANY_pops: 0 rt_node_CHANY_pushes: 51346 rt_node_CHANY_high_fanout_pushes: 0 rt_node_CHANY_entire_tree_pushes: 51346 total_number_of_adding_all_rt: 274714 total_number_of_adding_high_fanout_rt: 0 total_number_of_adding_all_rt_from_calling_high_fanout_rt: 0 

Attempting to route at 48 channels (binary search bounds: [38, 58])
## Build routing resource graph
SOURCE->OPIN and IPIN->SINK edge count:21879
OPIN->CHANX/CHANY edge count before creating direct connections: 31460
OPIN->CHANX/CHANY edge count after creating direct connections: 31681
CHAN->CHAN type edge count:166226
## Build routing resource graph took 0.06 seconds (max_rss 100.5 MiB, delta_rss +0.0 MiB)
  RR Graph Nodes: 42102
  RR Graph Edges: 219786
Confirming router algorithm: TIMING_DRIVEN.
## Computing router lookahead map
### Computing wire lookahead
### Computing wire lookahead took 0.21 seconds (max_rss 100.5 MiB, delta_rss +0.0 MiB)
### Computing src/opin lookahead
### Computing src/opin lookahead took 0.00 seconds (max_rss 100.5 MiB, delta_rss +0.0 MiB)
## Computing router lookahead map took 0.21 seconds (max_rss 100.5 MiB, delta_rss +0.0 MiB)
## Initializing router criticalities
Initial Net Connection Criticality Histogram:
[        0:      0.1)  11 (  0.3%) |*
[      0.1:      0.2)  50 (  1.4%) |**
[      0.2:      0.3) 107 (  2.9%) |*****
[      0.3:      0.4) 188 (  5.1%) |*********
[      0.4:      0.5) 261 (  7.1%) |*************
[      0.5:      0.6) 333 (  9.1%) |****************
[      0.6:      0.7) 560 ( 15.3%) |***************************
[      0.7:      0.8) 962 ( 26.3%) |***********************************************
[      0.8:      0.9) 930 ( 25.4%) |*********************************************
[      0.9:        1) 254 (  6.9%) |************
## Initializing router criticalities took 0.01 seconds (max_rss 100.5 MiB, delta_rss +0.0 MiB)
---- ------ ------- ---- ------- ------- ------- ----------------- --------------- -------- ---------- ---------- ---------- ---------- --------
Iter   Time    pres  BBs    Heap  Re-Rtd  Re-Rtd Overused RR Nodes      Wirelength      CPD       sTNS       sWNS       hTNS       hWNS Est Succ
      (sec)     fac Updt    push    Nets   Conns                                       (ns)       (ns)       (ns)       (ns)       (ns)     Iter
---- ------ ------- ---- ------- ------- ------- ----------------- --------------- -------- ---------- ---------- ---------- ---------- --------
   1    0.0     0.0    0  175224    1705    3656    1775 ( 4.216%)   20165 (61.4%)   16.985     -3233.    -16.985      0.000      0.000      N/A
   2    0.0     0.5   31  162379    1380    3284    1454 ( 3.454%)   20083 (61.2%)   16.985     -3235.    -16.985      0.000      0.000      N/A
   3    0.0     0.6   16  169956    1198    3053    1317 ( 3.128%)   20581 (62.7%)   16.995     -3240.    -16.995      0.000      0.000      N/A
   4    0.0     0.8   18  174869    1092    2924    1113 ( 2.644%)   20846 (63.5%)   16.995     -3242.    -16.995      0.000      0.000      N/A
   5    0.0     1.1   12  175475     988    2738     901 ( 2.140%)   21359 (65.1%)   16.995     -3249.    -16.995      0.000      0.000      N/A
   6    0.0     1.4   24  172685     897    2566     792 ( 1.881%)   21752 (66.3%)   16.995     -3259.    -16.995      0.000      0.000      N/A
   7    0.0     1.9   15  158365     775    2352     627 ( 1.489%)   22076 (67.2%)   16.995     -3264.    -16.995      0.000      0.000      N/A
   8    0.0     2.4   18  147286     648    2105     472 ( 1.121%)   22488 (68.5%)   16.995     -3265.    -16.995      0.000      0.000      N/A
   9    0.0     3.1    6  140313     544    1871     393 ( 0.933%)   22905 (69.8%)   16.995     -3274.    -16.995      0.000      0.000      N/A
  10    0.0     4.1   12  130417     456    1711     307 ( 0.729%)   23388 (71.2%)   16.995     -3279.    -16.995      0.000      0.000       36
  11    0.0     5.3   17  108290     358    1359     228 ( 0.542%)   23750 (72.3%)   16.995     -3285.    -16.995      0.000      0.000       34
  12    0.0     6.9    8  103081     288    1158     168 ( 0.399%)   24154 (73.6%)   16.995     -3284.    -16.995      0.000      0.000       33
  13    0.0     9.0    7   81340     210     832     107 ( 0.254%)   24485 (74.6%)   16.995     -3290.    -16.995      0.000      0.000       32
  14    0.0    11.6   13   73118     159     645      76 ( 0.181%)   24729 (75.3%)   16.995     -3293.    -16.995      0.000      0.000       30
  15    0.0    15.1    7   53642     104     405      48 ( 0.114%)   24944 (76.0%)   16.995     -3298.    -16.995      0.000      0.000       28
  16    0.0    19.7    9   30033      71     268      35 ( 0.083%)   25121 (76.5%)   16.995     -3303.    -16.995      0.000      0.000       27
  17    0.0    25.6    4   22017      43     169      22 ( 0.052%)   25198 (76.7%)   17.006     -3304.    -17.006      0.000      0.000       26
  18    0.0    33.3    6   18355      29     103      20 ( 0.048%)   25373 (77.3%)   17.006     -3305.    -17.006      0.000      0.000       26
  19    0.0    43.3    2   23590      33     152      15 ( 0.036%)   25428 (77.4%)   17.006     -3308.    -17.006      0.000      0.000       26
  20    0.0    56.2    2   16038      20      95      14 ( 0.033%)   25538 (77.8%)   17.006     -3309.    -17.006      0.000      0.000       26
  21    0.0    73.1    2   24674      28     155      13 ( 0.031%)   25710 (78.3%)   17.006     -3313.    -17.006      0.000      0.000       27
  22    0.0    95.0    3   19817      19     131      10 ( 0.024%)   25694 (78.3%)   17.006     -3309.    -17.006      0.000      0.000       28
  23    0.0   123.5    1   11859      15      99       7 ( 0.017%)   25731 (78.4%)   17.006     -3309.    -17.006      0.000      0.000       29
  24    0.0   160.6    1   21152      16     107       9 ( 0.021%)   25767 (78.5%)   17.006     -3325.    -17.006      0.000      0.000       30
  25    0.0   208.8    2   12809      13      92       6 ( 0.014%)   25780 (78.5%)   17.006     -3320.    -17.006      0.000      0.000       32
  26    0.0   271.4    1   13463      11      71       4 ( 0.010%)   25828 (78.7%)   17.006     -3320.    -17.006      0.000      0.000       32
  27    0.0   352.8    0   11627       9      49       5 ( 0.012%)   25807 (78.6%)   17.006     -3326.    -17.006      0.000      0.000       33
  28    0.0   458.7    1   12171       9      49       3 ( 0.007%)   25857 (78.8%)   17.006     -3326.    -17.006      0.000      0.000       34
  29    0.0   596.3    1   10176       4      31       3 ( 0.007%)   25916 (78.9%)   17.006     -3326.    -17.006      0.000      0.000       34
  30    0.0   775.1    1   11862       5      30       2 ( 0.005%)   25892 (78.9%)   17.006     -3326.    -17.006      0.000      0.000       34
  31    0.0  1007.7    0   10141       5      33       2 ( 0.005%)   25903 (78.9%)   17.006     -3326.    -17.006      0.000      0.000       35
  32    0.0  1310.0    0    5538       3      21       2 ( 0.005%)   25900 (78.9%)   17.006     -3326.    -17.006      0.000      0.000       35
  33    0.0  1703.0    0   10062       5      32       3 ( 0.007%)   25916 (78.9%)   17.006     -3326.    -17.006      0.000      0.000       35
  34    0.0  2213.9    0   10845       5      41       1 ( 0.002%)   25956 (79.1%)   17.006     -3326.    -17.006      0.000      0.000       36
  35    0.0  2878.1    0    2445       2      20       1 ( 0.002%)   25956 (79.1%)   17.006     -3326.    -17.006      0.000      0.000       36
  36    0.0  3741.5    0    2445       2      20       1 ( 0.002%)   25956 (79.1%)   17.006     -3326.    -17.006      0.000      0.000       36
  37    0.0  4863.9    0    7177       2      20       1 ( 0.002%)   25956 (79.1%)   17.006     -3326.    -17.006      0.000      0.000       36
  38    0.0  6323.1    0    7177       2      20       1 ( 0.002%)   25956 (79.1%)   17.006     -3326.    -17.006      0.000      0.000       36
  39    0.0  8220.0    0    6670       2      17       1 ( 0.002%)   25920 (78.9%)   17.006     -3326.    -17.006      0.000      0.000       36
  40    0.0 10686.0    0    6576       2      14       1 ( 0.002%)   25924 (79.0%)   17.006     -3326.    -17.006      0.000      0.000       37
  41    0.0 13891.9    0    8116       3      21       1 ( 0.002%)   25931 (79.0%)   17.006     -3326.    -17.006      0.000      0.000       37
  42    0.0 18059.4    0    6014       3      14       1 ( 0.002%)   25952 (79.0%)   17.006     -3326.    -17.006      0.000      0.000       38
  43    0.0 23477.2    1    4190       2       9       1 ( 0.002%)   25952 (79.0%)   17.006     -3326.    -17.006      0.000      0.000       38
  44    0.0 30520.4    0    4190       2       9       1 ( 0.002%)   25952 (79.0%)   17.006     -3326.    -17.006      0.000      0.000       39
  45    0.0 39676.5    0   14499       2       9       1 ( 0.002%)   25952 (79.0%)   17.006     -3326.    -17.006      0.000      0.000       40
  46    0.0 51579.5    0   14499       2       9       1 ( 0.002%)   25952 (79.0%)   17.006     -3326.    -17.006      0.000      0.000       40
  47    0.0 67053.3    0   14491       2       9       1 ( 0.002%)   25920 (78.9%)   17.006     -3326.    -17.006      0.000      0.000       41
  48    0.0 87169.3    0    6850       2      20       1 ( 0.002%)   25952 (79.0%)   17.006     -3326.    -17.006      0.000      0.000       42
  49    0.0 1.1e+05    0    7408       3      22       1 ( 0.002%)   25948 (79.0%)   17.006     -3326.    -17.006      0.000      0.000       42
  50    0.0 1.5e+05    0    1890       2      13       1 ( 0.002%)   25948 (79.0%)   17.006     -3326.    -17.006      0.000      0.000       43
Routing failed.

Failed routing attempt #1
Total number of overused nodes: 1
Routing Failure Diagnostics: Printing Overused Nodes Information
------ ------- ---------- --------- -------- ------------ ------- ------- ------- ------- ------- ------- -------
   No.  NodeId  Occupancy  Capacity  RR Node    Direction    Side     PTC   Block    Xlow    Ylow   Xhigh   Yhigh
                                        type                          NUM    Name                                 
------ ------- ---------- --------- -------- ------------ ------- ------- ------- ------- ------- ------- -------
     0    5060          2         1     IPIN          N/A   RIGHT       5     clb       3      12       3      12

Final Net Connection Criticality Histogram:
[        0:      0.1)    4 (  0.1%) |
[      0.1:      0.2)   31 (  0.8%) |*
[      0.2:      0.3)  106 (  2.9%) |*****
[      0.3:      0.4)  148 (  4.0%) |******
[      0.4:      0.5)  250 (  6.8%) |***********
[      0.5:      0.6)  325 (  8.9%) |**************
[      0.6:      0.7)  475 ( 13.0%) |*********************
[      0.7:      0.8)  906 ( 24.8%) |****************************************
[      0.8:      0.9) 1050 ( 28.7%) |**********************************************
[      0.9:        1)  361 (  9.9%) |****************
Router Stats: total_nets_routed: 11180 total_connections_routed: 32633 total_heap_pushes: 2437306 total_heap_pops: 603243 total_internal_heap_pushes: 0 total_internal_heap_pops: 0 total_external_heap_pushes: 2437306 total_external_heap_pops: 603243 total_external_SOURCE_pushes: 32633 total_external_SOURCE_pops: 22110 total_internal_SOURCE_pushes: 0 total_internal_SOURCE_pops: 0 rt_node_SOURCE_pushes: 32633 rt_node_SOURCE_high_fanout_pushes: 0 rt_node_SOURCE_entire_tree_pushes: 32633 total_external_SINK_pushes: 99429 total_external_SINK_pops: 90444 total_internal_SINK_pushes: 0 total_internal_SINK_pops: 0 rt_node_SINK_pushes: 0 rt_node_SINK_high_fanout_pushes: 0 rt_node_SINK_entire_tree_pushes: 0 total_external_IPIN_pushes: 147951 total_external_IPIN_pops: 131908 total_internal_IPIN_pushes: 0 total_internal_IPIN_pops: 0 rt_node_IPIN_pushes: 0 rt_node_IPIN_high_fanout_pushes: 0 rt_node_IPIN_entire_tree_pushes: 0 total_external_OPIN_pushes: 39172 total_external_OPIN_pops: 28458 total_internal_OPIN_pushes: 0 total_internal_OPIN_pops: 0 rt_node_OPIN_pushes: 21543 rt_node_OPIN_high_fanout_pushes: 0 rt_node_OPIN_entire_tree_pushes: 21543 total_external_CHANX_pushes: 1063483 total_external_CHANX_pops: 166239 total_internal_CHANX_pushes: 0 total_internal_CHANX_pops: 0 rt_node_CHANX_pushes: 75069 rt_node_CHANX_high_fanout_pushes: 0 rt_node_CHANX_entire_tree_pushes: 75069 total_external_CHANY_pushes: 1054638 total_external_CHANY_pops: 164084 total_internal_CHANY_pushes: 0 total_internal_CHANY_pops: 0 rt_node_CHANY_pushes: 72185 rt_node_CHANY_high_fanout_pushes: 0 rt_node_CHANY_entire_tree_pushes: 72185 total_number_of_adding_all_rt: 371096 total_number_of_adding_high_fanout_rt: 0 total_number_of_adding_all_rt_from_calling_high_fanout_rt: 0 

Attempting to route at 54 channels (binary search bounds: [48, 58])
## Build routing resource graph
SOURCE->OPIN and IPIN->SINK edge count:21879
OPIN->CHANX/CHANY edge count before creating direct connections: 34962
OPIN->CHANX/CHANY edge count after creating direct connections: 35183
CHAN->CHAN type edge count:186552
## Build routing resource graph took 0.07 seconds (max_rss 100.5 MiB, delta_rss +0.0 MiB)
  RR Graph Nodes: 43298
  RR Graph Edges: 243614
Confirming router algorithm: TIMING_DRIVEN.
## Computing router lookahead map
### Computing wire lookahead
### Computing wire lookahead took 0.23 seconds (max_rss 100.5 MiB, delta_rss +0.0 MiB)
### Computing src/opin lookahead
### Computing src/opin lookahead took 0.00 seconds (max_rss 100.5 MiB, delta_rss +0.0 MiB)
## Computing router lookahead map took 0.23 seconds (max_rss 100.5 MiB, delta_rss +0.0 MiB)
## Initializing router criticalities
Initial Net Connection Criticality Histogram:
[        0:      0.1)  11 (  0.3%) |*
[      0.1:      0.2)  50 (  1.4%) |**
[      0.2:      0.3) 108 (  3.0%) |*****
[      0.3:      0.4) 187 (  5.1%) |*********
[      0.4:      0.5) 260 (  7.1%) |*************
[      0.5:      0.6) 334 (  9.1%) |****************
[      0.6:      0.7) 555 ( 15.2%) |***************************
[      0.7:      0.8) 962 ( 26.3%) |***********************************************
[      0.8:      0.9) 935 ( 25.6%) |**********************************************
[      0.9:        1) 254 (  6.9%) |************
## Initializing router criticalities took 0.01 seconds (max_rss 100.5 MiB, delta_rss +0.0 MiB)
---- ------ ------- ---- ------- ------- ------- ----------------- --------------- -------- ---------- ---------- ---------- ---------- --------
Iter   Time    pres  BBs    Heap  Re-Rtd  Re-Rtd Overused RR Nodes      Wirelength      CPD       sTNS       sWNS       hTNS       hWNS Est Succ
      (sec)     fac Updt    push    Nets   Conns                                       (ns)       (ns)       (ns)       (ns)       (ns)     Iter
---- ------ ------- ---- ------- ------- ------- ----------------- --------------- -------- ---------- ---------- ---------- ---------- --------
   1    0.0     0.0    0  179042    1705    3656    1643 ( 3.795%)   19777 (53.5%)   17.167     -3234.    -17.167      0.000      0.000      N/A
   2    0.0     0.5   34  157033    1329    3213    1301 ( 3.005%)   19794 (53.6%)   17.167     -3234.    -17.167      0.000      0.000      N/A
   3    0.0     0.6    9  165207    1135    2946    1103 ( 2.547%)   20218 (54.7%)   17.167     -3239.    -17.167      0.000      0.000      N/A
   4    0.0     0.8   14  159479     979    2703     916 ( 2.116%)   20512 (55.5%)   17.165     -3245.    -17.165      0.000      0.000      N/A
   5    0.0     1.1   11  156611     899    2588     768 ( 1.774%)   21015 (56.9%)   17.165     -3251.    -17.165      0.000      0.000      N/A
   6    0.0     1.4   12  149563     788    2394     589 ( 1.360%)   21199 (57.4%)   17.165     -3252.    -17.165      0.000      0.000      N/A
   7    0.0     1.9   20  140206     634    2161     482 ( 1.113%)   21609 (58.5%)   17.183     -3257.    -17.183      0.000      0.000      N/A
   8    0.0     2.4    8  123694     540    1855     365 ( 0.843%)   21982 (59.5%)   17.192     -3262.    -17.192      0.000      0.000      N/A
   9    0.0     3.1    6  114602     419    1636     254 ( 0.587%)   22209 (60.1%)   17.192     -3270.    -17.192      0.000      0.000      N/A
  10    0.0     4.1    5  100688     330    1369     162 ( 0.374%)   22521 (61.0%)   17.193     -3269.    -17.193      0.000      0.000       30
  11    0.0     5.3   10   73527     221     988      72 ( 0.166%)   22822 (61.8%)   17.193     -3275.    -17.193      0.000      0.000       26
  12    0.0     6.9    4   49310     144     685      31 ( 0.072%)   23033 (62.4%)   17.193     -3277.    -17.193      0.000      0.000       22
  13    0.0     9.0    1   38006     109     521      15 ( 0.035%)   23149 (62.7%)   17.193     -3278.    -17.193      0.000      0.000       19
  14    0.0    11.6    2   28258      87     413       4 ( 0.009%)   23203 (62.8%)   17.193     -3279.    -17.193      0.000      0.000       18
  15    0.0    15.1    0   22015      73     362       1 ( 0.002%)   23214 (62.8%)   17.193     -3279.    -17.193      0.000      0.000       16
  16    0.0    19.7    1   20712      74     363       0 ( 0.000%)   23218 (62.9%)   17.193     -3280.    -17.193      0.000      0.000       16
Restoring best routing
Critical path: 17.1931 ns
Successfully routed after 16 routing iterations.
Final Net Connection Criticality Histogram:
[        0:      0.1)   4 (  0.1%) |
[      0.1:      0.2)  44 (  1.2%) |**
[      0.2:      0.3) 103 (  2.8%) |*****
[      0.3:      0.4) 163 (  4.5%) |********
[      0.4:      0.5) 257 (  7.0%) |************
[      0.5:      0.6) 346 (  9.5%) |*****************
[      0.6:      0.7) 557 ( 15.2%) |***************************
[      0.7:      0.8) 973 ( 26.6%) |***********************************************
[      0.8:      0.9) 934 ( 25.5%) |*********************************************
[      0.9:        1) 275 (  7.5%) |*************
Router Stats: total_nets_routed: 9466 total_connections_routed: 27853 total_heap_pushes: 1677953 total_heap_pops: 423253 total_internal_heap_pushes: 0 total_internal_heap_pops: 0 total_external_heap_pushes: 1677953 total_external_heap_pops: 423253 total_external_SOURCE_pushes: 27853 total_external_SOURCE_pops: 17810 total_internal_SOURCE_pushes: 0 total_internal_SOURCE_pops: 0 rt_node_SOURCE_pushes: 27853 rt_node_SOURCE_high_fanout_pushes: 0 rt_node_SOURCE_entire_tree_pushes: 27853 total_external_SINK_pushes: 87153 total_external_SINK_pops: 77867 total_internal_SINK_pushes: 0 total_internal_SINK_pops: 0 rt_node_SINK_pushes: 0 rt_node_SINK_high_fanout_pushes: 0 rt_node_SINK_entire_tree_pushes: 0 total_external_IPIN_pushes: 128976 total_external_IPIN_pops: 114829 total_internal_IPIN_pushes: 0 total_internal_IPIN_pops: 0 rt_node_IPIN_pushes: 0 rt_node_IPIN_high_fanout_pushes: 0 rt_node_IPIN_entire_tree_pushes: 0 total_external_OPIN_pushes: 33092 total_external_OPIN_pops: 23560 total_internal_OPIN_pushes: 0 total_internal_OPIN_pops: 0 rt_node_OPIN_pushes: 18473 rt_node_OPIN_high_fanout_pushes: 0 rt_node_OPIN_entire_tree_pushes: 18473 total_external_CHANX_pushes: 698907 total_external_CHANX_pops: 95282 total_internal_CHANX_pushes: 0 total_internal_CHANX_pops: 0 rt_node_CHANX_pushes: 61503 rt_node_CHANX_high_fanout_pushes: 0 rt_node_CHANX_entire_tree_pushes: 61503 total_external_CHANY_pushes: 701972 total_external_CHANY_pops: 93905 total_internal_CHANY_pushes: 0 total_internal_CHANY_pops: 0 rt_node_CHANY_pushes: 58428 rt_node_CHANY_high_fanout_pushes: 0 rt_node_CHANY_entire_tree_pushes: 58428 total_number_of_adding_all_rt: 310589 total_number_of_adding_high_fanout_rt: 0 total_number_of_adding_all_rt_from_calling_high_fanout_rt: 0 

Attempting to route at 52 channels (binary search bounds: [48, 54])
## Build routing resource graph
SOURCE->OPIN and IPIN->SINK edge count:21879
OPIN->CHANX/CHANY edge count before creating direct connections: 33790
OPIN->CHANX/CHANY edge count after creating direct connections: 34011
CHAN->CHAN type edge count:179497
## Build routing resource graph took 0.06 seconds (max_rss 100.5 MiB, delta_rss +0.0 MiB)
  RR Graph Nodes: 42898
  RR Graph Edges: 235387
Confirming router algorithm: TIMING_DRIVEN.
## Computing router lookahead map
### Computing wire lookahead
### Computing wire lookahead took 0.22 seconds (max_rss 100.5 MiB, delta_rss +0.0 MiB)
### Computing src/opin lookahead
### Computing src/opin lookahead took 0.00 seconds (max_rss 100.5 MiB, delta_rss +0.0 MiB)
## Computing router lookahead map took 0.22 seconds (max_rss 100.5 MiB, delta_rss +0.0 MiB)
## Initializing router criticalities
Initial Net Connection Criticality Histogram:
[        0:      0.1)  11 (  0.3%) |*
[      0.1:      0.2)  50 (  1.4%) |**
[      0.2:      0.3) 107 (  2.9%) |*****
[      0.3:      0.4) 188 (  5.1%) |*********
[      0.4:      0.5) 261 (  7.1%) |*************
[      0.5:      0.6) 333 (  9.1%) |****************
[      0.6:      0.7) 560 ( 15.3%) |***************************
[      0.7:      0.8) 962 ( 26.3%) |***********************************************
[      0.8:      0.9) 930 ( 25.4%) |*********************************************
[      0.9:        1) 254 (  6.9%) |************
## Initializing router criticalities took 0.01 seconds (max_rss 100.5 MiB, delta_rss +0.0 MiB)
---- ------ ------- ---- ------- ------- ------- ----------------- --------------- -------- ---------- ---------- ---------- ---------- --------
Iter   Time    pres  BBs    Heap  Re-Rtd  Re-Rtd Overused RR Nodes      Wirelength      CPD       sTNS       sWNS       hTNS       hWNS Est Succ
      (sec)     fac Updt    push    Nets   Conns                                       (ns)       (ns)       (ns)       (ns)       (ns)     Iter
---- ------ ------- ---- ------- ------- ------- ----------------- --------------- -------- ---------- ---------- ---------- ---------- --------
   1    0.0     0.0    0  173458    1705    3656    1647 ( 3.839%)   19802 (55.7%)   16.815     -3232.    -16.815      0.000      0.000      N/A
   2    0.0     0.5   30  155111    1292    3170    1293 ( 3.014%)   19692 (55.4%)   16.815     -3233.    -16.815      0.000      0.000      N/A
   3    0.0     0.6   11  157346    1139    2952    1161 ( 2.706%)   20315 (57.1%)   16.812     -3234.    -16.812      0.000      0.000      N/A
   4    0.0     0.8   10  161082    1022    2773     946 ( 2.205%)   20553 (57.8%)   16.812     -3238.    -16.812      0.000      0.000      N/A
   5    0.0     1.1   16  153588     888    2585     787 ( 1.835%)   20770 (58.4%)   16.819     -3244.    -16.819      0.000      0.000      N/A
   6    0.0     1.4   10  144449     761    2373     634 ( 1.478%)   20938 (58.9%)   16.819     -3247.    -16.819      0.000      0.000      N/A
   7    0.0     1.9   12  129214     643    2091     489 ( 1.140%)   21328 (60.0%)   16.819     -3248.    -16.819      0.000      0.000      N/A
   8    0.0     2.4   10  116464     527    1864     364 ( 0.849%)   21649 (60.9%)   16.819     -3255.    -16.819      0.000      0.000      N/A
   9    0.0     3.1   15  102187     398    1572     235 ( 0.548%)   21940 (61.7%)   16.819     -3260.    -16.819      0.000      0.000      N/A
  10    0.0     4.1    7   86794     303    1232     164 ( 0.382%)   22308 (62.7%)   16.819     -3265.    -16.819      0.000      0.000       28
  11    0.0     5.3    6   67865     216     945     107 ( 0.249%)   22491 (63.2%)   16.819     -3271.    -16.819      0.000      0.000       25
  12    0.0     6.9    6   46430     138     631      52 ( 0.121%)   22655 (63.7%)   16.819     -3276.    -16.819      0.000      0.000       24
  13    0.0     9.0    5   27941      66     338      32 ( 0.075%)   22754 (64.0%)   16.819     -3277.    -16.819      0.000      0.000       21
  14    0.0    11.6    1   17178      40     199      17 ( 0.040%)   22906 (64.4%)   16.819     -3276.    -16.819      0.000      0.000       21
  15    0.0    15.1    2   10955      25     123       9 ( 0.021%)   22928 (64.5%)   16.819     -3278.    -16.819      0.000      0.000       20
  16    0.0    19.7    1    6954      12      67       4 ( 0.009%)   22969 (64.6%)   16.819     -3280.    -16.819      0.000      0.000       19
  17    0.0    25.6    1    4421       8      48       2 ( 0.005%)   22990 (64.6%)   16.819     -3281.    -16.819      0.000      0.000       19
  18    0.0    33.3    0    1535       5      21       4 ( 0.009%)   22982 (64.6%)   16.819     -3281.    -16.819      0.000      0.000       18
  19    0.0    43.3    0    3256       5      32       2 ( 0.005%)   22986 (64.6%)   16.819     -3281.    -16.819      0.000      0.000       19
  20    0.0    56.2    0    1760       4      17       1 ( 0.002%)   22977 (64.6%)   16.929     -3282.    -16.929      0.000      0.000       20
  21    0.0    73.1    0   20392      62     347       1 ( 0.002%)   22979 (64.6%)   16.929     -3283.    -16.929      0.000      0.000       20
  22    0.0    95.0    0   20942      62     345       0 ( 0.000%)   22985 (64.6%)   16.929     -3283.    -16.929      0.000      0.000       20
Restoring best routing
Critical path: 16.9292 ns
Successfully routed after 22 routing iterations.
Final Net Connection Criticality Histogram:
[        0:      0.1)    2 (  0.1%) |
[      0.1:      0.2)   42 (  1.1%) |**
[      0.2:      0.3)  100 (  2.7%) |*****
[      0.3:      0.4)  159 (  4.3%) |*******
[      0.4:      0.5)  237 (  6.5%) |***********
[      0.5:      0.6)  342 (  9.4%) |****************
[      0.6:      0.7)  499 ( 13.6%) |***********************
[      0.7:      0.8)  921 ( 25.2%) |******************************************
[      0.8:      0.9) 1011 ( 27.7%) |**********************************************
[      0.9:        1)  343 (  9.4%) |****************
Router Stats: total_nets_routed: 9321 total_connections_routed: 27381 total_heap_pushes: 1609322 total_heap_pops: 414334 total_internal_heap_pushes: 0 total_internal_heap_pops: 0 total_external_heap_pushes: 1609322 total_external_heap_pops: 414334 total_external_SOURCE_pushes: 27381 total_external_SOURCE_pops: 17443 total_internal_SOURCE_pushes: 0 total_internal_SOURCE_pops: 0 rt_node_SOURCE_pushes: 27381 rt_node_SOURCE_high_fanout_pushes: 0 rt_node_SOURCE_entire_tree_pushes: 27381 total_external_SINK_pushes: 82968 total_external_SINK_pops: 76377 total_internal_SINK_pushes: 0 total_internal_SINK_pops: 0 rt_node_SINK_pushes: 0 rt_node_SINK_high_fanout_pushes: 0 rt_node_SINK_entire_tree_pushes: 0 total_external_IPIN_pushes: 121881 total_external_IPIN_pops: 110738 total_internal_IPIN_pushes: 0 total_internal_IPIN_pops: 0 rt_node_IPIN_pushes: 0 rt_node_IPIN_high_fanout_pushes: 0 rt_node_IPIN_entire_tree_pushes: 0 total_external_OPIN_pushes: 32612 total_external_OPIN_pops: 23081 total_internal_OPIN_pushes: 0 total_internal_OPIN_pops: 0 rt_node_OPIN_pushes: 18134 rt_node_OPIN_high_fanout_pushes: 0 rt_node_OPIN_entire_tree_pushes: 18134 total_external_CHANX_pushes: 669102 total_external_CHANX_pops: 94342 total_internal_CHANX_pushes: 0 total_internal_CHANX_pops: 0 rt_node_CHANX_pushes: 58878 rt_node_CHANX_high_fanout_pushes: 0 rt_node_CHANX_entire_tree_pushes: 58878 total_external_CHANY_pushes: 675378 total_external_CHANY_pops: 92353 total_internal_CHANY_pushes: 0 total_internal_CHANY_pops: 0 rt_node_CHANY_pushes: 58527 rt_node_CHANY_high_fanout_pushes: 0 rt_node_CHANY_entire_tree_pushes: 58527 total_number_of_adding_all_rt: 303960 total_number_of_adding_high_fanout_rt: 0 total_number_of_adding_all_rt_from_calling_high_fanout_rt: 0 

Attempting to route at 50 channels (binary search bounds: [48, 52])
## Build routing resource graph
SOURCE->OPIN and IPIN->SINK edge count:21879
OPIN->CHANX/CHANY edge count before creating direct connections: 32616
OPIN->CHANX/CHANY edge count after creating direct connections: 32837
CHAN->CHAN type edge count:172852
## Build routing resource graph took 0.06 seconds (max_rss 100.5 MiB, delta_rss +0.0 MiB)
  RR Graph Nodes: 42498
  RR Graph Edges: 227568
Confirming router algorithm: TIMING_DRIVEN.
## Computing router lookahead map
### Computing wire lookahead
### Computing wire lookahead took 0.21 seconds (max_rss 100.5 MiB, delta_rss +0.0 MiB)
### Computing src/opin lookahead
### Computing src/opin lookahead took 0.00 seconds (max_rss 100.5 MiB, delta_rss +0.0 MiB)
## Computing router lookahead map took 0.22 seconds (max_rss 100.5 MiB, delta_rss +0.0 MiB)
## Initializing router criticalities
Initial Net Connection Criticality Histogram:
[        0:      0.1)  11 (  0.3%) |*
[      0.1:      0.2)  50 (  1.4%) |**
[      0.2:      0.3) 107 (  2.9%) |*****
[      0.3:      0.4) 188 (  5.1%) |*********
[      0.4:      0.5) 261 (  7.1%) |*************
[      0.5:      0.6) 333 (  9.1%) |****************
[      0.6:      0.7) 560 ( 15.3%) |***************************
[      0.7:      0.8) 962 ( 26.3%) |***********************************************
[      0.8:      0.9) 930 ( 25.4%) |*********************************************
[      0.9:        1) 254 (  6.9%) |************
## Initializing router criticalities took 0.01 seconds (max_rss 100.5 MiB, delta_rss +0.0 MiB)
---- ------ ------- ---- ------- ------- ------- ----------------- --------------- -------- ---------- ---------- ---------- ---------- --------
Iter   Time    pres  BBs    Heap  Re-Rtd  Re-Rtd Overused RR Nodes      Wirelength      CPD       sTNS       sWNS       hTNS       hWNS Est Succ
      (sec)     fac Updt    push    Nets   Conns                                       (ns)       (ns)       (ns)       (ns)       (ns)     Iter
---- ------ ------- ---- ------- ------- ------- ----------------- --------------- -------- ---------- ---------- ---------- ---------- --------
   1    0.0     0.0    0  173395    1705    3656    1760 ( 4.141%)   19974 (58.4%)   17.167     -3237.    -17.167      0.000      0.000      N/A
   2    0.0     0.5   36  159355    1356    3246    1374 ( 3.233%)   19896 (58.2%)   17.167     -3235.    -17.167      0.000      0.000      N/A
   3    0.0     0.6   14  166695    1172    2996    1225 ( 2.882%)   20346 (59.5%)   17.167     -3240.    -17.167      0.000      0.000      N/A
   4    0.0     0.8   18  168575    1077    2857    1055 ( 2.482%)   20819 (60.9%)   17.167     -3243.    -17.167      0.000      0.000      N/A
   5    0.0     1.1   20  162226     926    2630     846 ( 1.991%)   21064 (61.6%)   17.167     -3246.    -17.167      0.000      0.000      N/A
   6    0.0     1.4   15  156957     804    2421     651 ( 1.532%)   21386 (62.5%)   17.167     -3255.    -17.167      0.000      0.000      N/A
   7    0.0     1.9   17  150378     679    2222     524 ( 1.233%)   21720 (63.5%)   17.167     -3265.    -17.167      0.000      0.000      N/A
   8    0.0     2.4   16  133735     538    1886     391 ( 0.920%)   22069 (64.5%)   17.170     -3268.    -17.170      0.000      0.000      N/A
   9    0.0     3.1   11  123392     449    1708     269 ( 0.633%)   22468 (65.7%)   17.170     -3272.    -17.170      0.000      0.000      N/A
  10    0.0     4.1    9   98025     328    1290     187 ( 0.440%)   22705 (66.4%)   17.170     -3277.    -17.170      0.000      0.000       29
  11    0.0     5.3    8   77289     239     993     129 ( 0.304%)   23072 (67.5%)   17.170     -3280.    -17.170      0.000      0.000       27
  12    0.0     6.9    7   66335     169     786      73 ( 0.172%)   23303 (68.1%)   17.170     -3280.    -17.170      0.000      0.000       26
  13    0.0     9.0    7   39569      96     495      35 ( 0.082%)   23493 (68.7%)   17.170     -3282.    -17.170      0.000      0.000       23
  14    0.0    11.6    4   20834      48     236      19 ( 0.045%)   23578 (68.9%)   17.170     -3283.    -17.170      0.000      0.000       22
  15    0.0    15.1    2   13290      25     131      10 ( 0.024%)   23711 (69.3%)   17.170     -3286.    -17.170      0.000      0.000       20
  16    0.0    19.7    4    5750      15      59       9 ( 0.021%)   23732 (69.4%)   17.170     -3288.    -17.170      0.000      0.000       20
  17    0.0    25.6    0   10178      12      50       5 ( 0.012%)   23807 (69.6%)   17.170     -3289.    -17.170      0.000      0.000       20
  18    0.0    33.3    2    7804       7      40       1 ( 0.002%)   23871 (69.8%)   17.170     -3290.    -17.170      0.000      0.000       20
  19    0.0    43.3    0     711       2       4       1 ( 0.002%)   23903 (69.9%)   17.170     -3290.    -17.170      0.000      0.000       19
  20    0.0    56.2    1     335       1       3       0 ( 0.000%)   23896 (69.9%)   17.170     -3290.    -17.170      0.000      0.000       19
Restoring best routing
Critical path: 17.1698 ns
Successfully routed after 20 routing iterations.
Final Net Connection Criticality Histogram:
[        0:      0.1)   5 (  0.1%) |
[      0.1:      0.2)  36 (  1.0%) |**
[      0.2:      0.3) 111 (  3.0%) |*****
[      0.3:      0.4) 159 (  4.3%) |********
[      0.4:      0.5) 251 (  6.9%) |************
[      0.5:      0.6) 338 (  9.2%) |****************
[      0.6:      0.7) 555 ( 15.2%) |***************************
[      0.7:      0.8) 970 ( 26.5%) |***********************************************
[      0.8:      0.9) 980 ( 26.8%) |***********************************************
[      0.9:        1) 251 (  6.9%) |************
Router Stats: total_nets_routed: 9648 total_connections_routed: 27709 total_heap_pushes: 1734828 total_heap_pops: 439104 total_internal_heap_pushes: 0 total_internal_heap_pops: 0 total_external_heap_pushes: 1734828 total_external_heap_pops: 439104 total_external_SOURCE_pushes: 27709 total_external_SOURCE_pops: 18004 total_internal_SOURCE_pushes: 0 total_internal_SOURCE_pops: 0 rt_node_SOURCE_pushes: 27709 rt_node_SOURCE_high_fanout_pushes: 0 rt_node_SOURCE_entire_tree_pushes: 27709 total_external_SINK_pushes: 84529 total_external_SINK_pops: 77313 total_internal_SINK_pushes: 0 total_internal_SINK_pops: 0 rt_node_SINK_pushes: 0 rt_node_SINK_high_fanout_pushes: 0 rt_node_SINK_entire_tree_pushes: 0 total_external_IPIN_pushes: 122241 total_external_IPIN_pops: 111296 total_internal_IPIN_pushes: 0 total_internal_IPIN_pops: 0 rt_node_IPIN_pushes: 0 rt_node_IPIN_high_fanout_pushes: 0 rt_node_IPIN_entire_tree_pushes: 0 total_external_OPIN_pushes: 32972 total_external_OPIN_pops: 23621 total_internal_OPIN_pushes: 0 total_internal_OPIN_pops: 0 rt_node_OPIN_pushes: 18137 rt_node_OPIN_high_fanout_pushes: 0 rt_node_OPIN_entire_tree_pushes: 18137 total_external_CHANX_pushes: 735245 total_external_CHANX_pops: 104834 total_internal_CHANX_pushes: 0 total_internal_CHANX_pops: 0 rt_node_CHANX_pushes: 61110 rt_node_CHANX_high_fanout_pushes: 0 rt_node_CHANX_entire_tree_pushes: 61110 total_external_CHANY_pushes: 732132 total_external_CHANY_pops: 104036 total_internal_CHANY_pushes: 0 total_internal_CHANY_pops: 0 rt_node_CHANY_pushes: 57946 rt_node_CHANY_high_fanout_pushes: 0 rt_node_CHANY_entire_tree_pushes: 57946 total_number_of_adding_all_rt: 308064 total_number_of_adding_high_fanout_rt: 0 total_number_of_adding_all_rt_from_calling_high_fanout_rt: 0 
## Build routing resource graph
SOURCE->OPIN and IPIN->SINK edge count:21879
OPIN->CHANX/CHANY edge count before creating direct connections: 32616
OPIN->CHANX/CHANY edge count after creating direct connections: 32837
CHAN->CHAN type edge count:172852
## Build routing resource graph took 0.06 seconds (max_rss 100.5 MiB, delta_rss +0.0 MiB)
  RR Graph Nodes: 42498
  RR Graph Edges: 227568
Best routing used a channel width factor of 50.
# Routing took 3.95 seconds (max_rss 100.5 MiB, delta_rss +0.0 MiB)

Checking to ensure routing is legal...
# Checking to ensure non-configurable edges are legal
# Checking to ensure non-configurable edges are legal took 0.00 seconds (max_rss 100.5 MiB, delta_rss +0.0 MiB)
Completed routing consistency check successfully.

Serial number (magic cookie) for the routing is: -1901498634
Circuit successfully routed with a channel width factor of 50.
# Synchronize the packed netlist to routing optimization
## Annotating rr_node with routed nets
## Annotating rr_node with routed nets took 0.00 seconds (max_rss 100.5 MiB, delta_rss +0.0 MiB)
Found 5256 mismatches between routing and packing results.
Fixed 3155 routing traces due to mismatch between routing and packing results.
# Synchronize the packed netlist to routing optimization took 0.02 seconds (max_rss 100.5 MiB, delta_rss +0.0 MiB)
Final Clustering Statistics: 
----------   --------   ------------------------------------   --------------------------
Block Type   # Blocks   Avg. # of input clocks and pins used   Avg. # of output pins used
----------   --------   ------------------------------------   --------------------------
     EMPTY          0                                      0                            0   
        io        506                               0.468379                     0.531621   
       clb        226                                15.1283                      6.35398   
   mult_36          0                                      0                            0   
    memory          0                                      0                            0   
Absorbed logical nets 2660 out of 4365 nets, 1705 nets not absorbed.


Average number of bends per net: 1.94311  Maximum # of bends: 21

Number of global nets: 0
Number of routed nets (nonglobal): 1705
Wire length results (in units of 1 clb segments)...
	Total wirelength: 23896, average net length: 14.0152
	Maximum net length: 131

Wire length results in terms of physical segments...
	Total wiring segments used: 6599, average wire segments per net: 3.87038
	Maximum segments used by a net: 37
	Total local nets with reserved CLB opins: 0
Total number of nets absorbed: 0

Routing channel utilization histogram:
[        1:      inf)   0 (  0.0%) |
[      0.9:        1)  46 (  6.4%) |*****
[      0.8:      0.9) 112 ( 15.5%) |*************
[      0.7:      0.8) 394 ( 54.6%) |***********************************************
[      0.5:      0.6)  86 ( 11.9%) |**********
[      0.4:      0.5)  34 (  4.7%) |****
[      0.3:      0.4)  12 (  1.7%) |*
[      0.2:      0.3)   0 (  0.0%) |
[      0.1:      0.2)   0 (  0.0%) |
[        0:      0.1)  38 (  5.3%) |*****
Maximum routing channel utilization:         1 at (11,18)

X - Directed channels:   j max occ ave occ capacity
                      ---- ------- ------- --------
                         0      49  38.600       50
                         1      46  32.700       50
                         2      44  33.400       50
                         3      43  33.250       50
                         4      45  34.200       50
                         5      46  35.250       50
                         6      44  33.550       50
                         7      42  32.550       50
                         8      40  30.400       50
                         9      38  28.150       50
                        10      39  29.850       50
                        11      40  29.850       50
                        12      43  31.700       50
                        13      39  28.650       50
                        14      38  28.750       50
                        15      44  31.800       50
                        16      40  31.550       50
                        17      39  29.000       50
                        18      50  38.950       50
Y - Directed channels:   i max occ ave occ capacity
                      ---- ------- ------- --------
                         0      50  38.750       50
                         1      33  24.100       50
                         2      41  28.300       50
                         3      44  34.200       50
                         4      42  33.050       50
                         5      36  29.200       50
                         6      41  32.300       50
                         7      44  33.400       50
                         8      42  32.300       50
                         9      40  28.250       50
                        10      38  27.800       50
                        11      42  32.900       50
                        12      40  31.550       50
                        13      38  29.000       50
                        14      37  26.950       50
                        15      42  33.350       50
                        16      42  31.250       50
                        17      34  24.550       50
                        18      45  31.450       50

Total tracks in x-direction: 950, in y-direction: 950

Logic area (in minimum width transistor areas, excludes I/Os and empty grid tiles)...
	Total logic block area (Warning, need to add pitch of routing to blocks with height > 3): 2.07112e+07
	Total used logic block area: 1.218e+07

Routing area (in minimum width transistor areas)...
	Total routing area: 1.37480e+06, per logic tile: 3437.00

Total Number of Wiring Segments by Direction: direction length number
                                              --------- ------ -------
                                                      X      4   4986
                                                      Y      4   4986

X - Directed Wiring Segment usage by length: length utilization
                                             ------ -----------
                                             4       0.671

Y - Directed Wiring Segment usage by length: length utilization
                                             ------ -----------
                                             4       0.652

Segment occupancy by length: Length utilization
                             ------ -----------
                             L4           0.662

Segment occupancy by type:              name type utilization
                           ----------------- ---- -----------
                           unnamed_segment_0    0       0.662

Final hold Worst Negative Slack (hWNS): 0 ns
Final hold Total Negative Slack (hTNS): 0 ns

Final hold slack histogram:
[    7e-10:    9e-10)  7 (  3.0%) |******
[    9e-10:  1.1e-09)  7 (  3.0%) |******
[  1.1e-09:  1.3e-09) 19 (  8.0%) |***************
[  1.3e-09:  1.5e-09) 33 ( 13.9%) |**************************
[  1.5e-09:  1.7e-09) 36 ( 15.2%) |*****************************
[  1.7e-09:    2e-09) 42 ( 17.7%) |**********************************
[    2e-09:  2.2e-09) 60 ( 25.3%) |************************************************
[  2.2e-09:  2.4e-09) 21 (  8.9%) |*****************
[  2.4e-09:  2.6e-09)  9 (  3.8%) |*******
[  2.6e-09:  2.8e-09)  3 (  1.3%) |**

Final critical path delay (least slack): 17.1698 ns, Fmax: 58.2416 MHz
Final setup Worst Negative Slack (sWNS): -17.1698 ns
Final setup Total Negative Slack (sTNS): -3289.92 ns

Final setup slack histogram:
[ -1.7e-08: -1.6e-08) 10 (  4.2%) |********
[ -1.6e-08: -1.6e-08) 18 (  7.6%) |***************
[ -1.6e-08: -1.5e-08) 38 ( 16.0%) |*******************************
[ -1.5e-08: -1.4e-08) 59 ( 24.9%) |************************************************
[ -1.4e-08: -1.3e-08) 51 ( 21.5%) |*****************************************
[ -1.3e-08: -1.2e-08) 29 ( 12.2%) |************************
[ -1.2e-08: -1.1e-08) 16 (  6.8%) |*************
[ -1.1e-08: -1.1e-08)  9 (  3.8%) |*******
[ -1.1e-08: -9.8e-09)  4 (  1.7%) |***
[ -9.8e-09:   -9e-09)  3 (  1.3%) |**

Final geomean non-virtual intra-domain period: nan ns (nan MHz)
Final fanout-weighted geomean non-virtual intra-domain period: nan ns (nan MHz)

Incr Slack updates 1 in 0.000138009 sec
Full Max Req/Worst Slack updates 1 in 3.937e-06 sec
Incr Max Req/Worst Slack updates 0 in 0 sec
Incr Criticality updates 0 in 0 sec
Full Criticality updates 1 in 0.000200958 sec
Flow timing analysis took 0.836785 seconds (0.743123 STA, 0.0936618 slack) (229 full updates: 67 setup, 0 hold, 162 combined).
VPR succeeded
The entire flow of VPR took 7.38 seconds (max_rss 100.5 MiB)
Incr Slack updates 161 in 0.0158277 sec
Full Max Req/Worst Slack updates 14 in 4.9592e-05 sec
Incr Max Req/Worst Slack updates 147 in 0.000561006 sec
Incr Criticality updates 124 in 0.0178989 sec
Full Criticality updates 37 in 0.00745357 sec
