#Packing pin usage report
Type: io
	Input Pin Usage:
		Max: 1.00 (0.50)
		Avg: 0.32 (0.16)
		Min: 0.00 (0.00)
		Histogram:
		[        0:      0.2) 1036 ( 67.7%) |**********************************************
		[      0.2:      0.4)    0 (  0.0%) |
		[      0.4:      0.6)    0 (  0.0%) |
		[      0.6:      0.8)    0 (  0.0%) |
		[      0.8:        1)  495 ( 32.3%) |**********************
		[        1:      1.2)    0 (  0.0%) |
		[      1.2:      1.4)    0 (  0.0%) |
		[      1.4:      1.6)    0 (  0.0%) |
		[      1.6:      1.8)    0 (  0.0%) |
		[      1.8:        2)    0 (  0.0%) |
	Output Pin Usage:
		Max: 1.00 (1.00)
		Avg: 0.68 (0.68)
		Min: 0.00 (0.00)
		Histogram:
		[        0:      0.1)  495 ( 32.3%) |**********************
		[      0.1:      0.2)    0 (  0.0%) |
		[      0.2:      0.3)    0 (  0.0%) |
		[      0.3:      0.4)    0 (  0.0%) |
		[      0.4:      0.5)    0 (  0.0%) |
		[      0.5:      0.6)    0 (  0.0%) |
		[      0.6:      0.7)    0 (  0.0%) |
		[      0.7:      0.8)    0 (  0.0%) |
		[      0.8:      0.9)    0 (  0.0%) |
		[      0.9:        1) 1036 ( 67.7%) |**********************************************

Type: clb
	Input Pin Usage:
		Max: 43.00 (0.80)
		Avg: 29.11 (0.54)
		Min: 3.00 (0.06)
		Histogram:
		[        0:      5.4) 10 (  4.5%) |******
		[      5.4:       11)  2 (  0.9%) |*
		[       11:       16)  3 (  1.4%) |**
		[       16:       22)  4 (  1.8%) |***
		[       22:       27) 52 ( 23.6%) |*********************************
		[       27:       32) 75 ( 34.1%) |************************************************
		[       32:       38) 52 ( 23.6%) |*********************************
		[       38:       43) 22 ( 10.0%) |**************
		[       43:       49)  0 (  0.0%) |
		[       49:       54)  0 (  0.0%) |
	Output Pin Usage:
		Max: 18.00 (0.86)
		Avg: 11.62 (0.55)
		Min: 1.00 (0.05)
		Histogram:
		[        0:      2.1) 12 (  5.5%) |*********
		[      2.1:      4.2)  1 (  0.5%) |*
		[      4.2:      6.3)  2 (  0.9%) |*
		[      6.3:      8.4)  9 (  4.1%) |******
		[      8.4:       10) 43 ( 19.5%) |*******************************
		[       10:       13) 51 ( 23.2%) |*************************************
		[       13:       15) 67 ( 30.5%) |************************************************
		[       15:       17) 25 ( 11.4%) |******************
		[       17:       19) 10 (  4.5%) |*******
		[       19:       21)  0 (  0.0%) |

