#Packing pin usage report
Type: io
	Input Pin Usage:
		Max: 1.00 (0.50)
		Avg: 0.31 (0.16)
		Min: 0.00 (0.00)
		Histogram:
		[        0:      0.2) 1163 ( 68.9%) |**********************************************
		[      0.2:      0.4)    0 (  0.0%) |
		[      0.4:      0.6)    0 (  0.0%) |
		[      0.6:      0.8)    0 (  0.0%) |
		[      0.8:        1)  525 ( 31.1%) |*********************
		[        1:      1.2)    0 (  0.0%) |
		[      1.2:      1.4)    0 (  0.0%) |
		[      1.4:      1.6)    0 (  0.0%) |
		[      1.6:      1.8)    0 (  0.0%) |
		[      1.8:        2)    0 (  0.0%) |
	Output Pin Usage:
		Max: 1.00 (1.00)
		Avg: 0.69 (0.69)
		Min: 0.00 (0.00)
		Histogram:
		[        0:      0.1)  525 ( 31.1%) |*********************
		[      0.1:      0.2)    0 (  0.0%) |
		[      0.2:      0.3)    0 (  0.0%) |
		[      0.3:      0.4)    0 (  0.0%) |
		[      0.4:      0.5)    0 (  0.0%) |
		[      0.5:      0.6)    0 (  0.0%) |
		[      0.6:      0.7)    0 (  0.0%) |
		[      0.7:      0.8)    0 (  0.0%) |
		[      0.8:      0.9)    0 (  0.0%) |
		[      0.9:        1) 1163 ( 68.9%) |**********************************************

Type: clb
	Input Pin Usage:
		Max: 43.00 (0.80)
		Avg: 29.99 (0.56)
		Min: 3.00 (0.06)
		Histogram:
		[        0:      5.4) 11 (  5.0%) |******
		[      5.4:       11)  1 (  0.5%) |*
		[       11:       16)  3 (  1.4%) |**
		[       16:       22)  1 (  0.5%) |*
		[       22:       27) 32 ( 14.5%) |******************
		[       27:       32) 84 ( 38.2%) |************************************************
		[       32:       38) 68 ( 30.9%) |***************************************
		[       38:       43) 20 (  9.1%) |***********
		[       43:       49)  0 (  0.0%) |
		[       49:       54)  0 (  0.0%) |
	Output Pin Usage:
		Max: 18.00 (0.86)
		Avg: 11.87 (0.57)
		Min: 1.00 (0.05)
		Histogram:
		[        0:      2.1) 11 (  5.0%) |*********
		[      2.1:      4.2)  3 (  1.4%) |**
		[      4.2:      6.3)  1 (  0.5%) |*
		[      6.3:      8.4)  6 (  2.7%) |*****
		[      8.4:       10) 36 ( 16.4%) |****************************
		[       10:       13) 58 ( 26.4%) |**********************************************
		[       13:       15) 61 ( 27.7%) |************************************************
		[       15:       17) 35 ( 15.9%) |****************************
		[       17:       19)  9 (  4.1%) |*******
		[       19:       21)  0 (  0.0%) |

