#Packing pin usage report
Type: io
	Input Pin Usage:
		Max: 1.00 (0.02)
		Avg: 0.30 (0.01)
		Min: 0.00 (0.00)
		Histogram:
		[        0:      5.5) 697 (100.0%) |***********************************************
		[      5.5:       11)   0 (  0.0%) |
		[       11:       16)   0 (  0.0%) |
		[       16:       22)   0 (  0.0%) |
		[       22:       28)   0 (  0.0%) |
		[       28:       33)   0 (  0.0%) |
		[       33:       38)   0 (  0.0%) |
		[       38:       44)   0 (  0.0%) |
		[       44:       50)   0 (  0.0%) |
		[       50:       55)   0 (  0.0%) |
	Output Pin Usage:
		Max: 1.00 (0.03)
		Avg: 0.70 (0.02)
		Min: 0.00 (0.00)
		Histogram:
		[        0:        4) 697 (100.0%) |***********************************************
		[        4:        8)   0 (  0.0%) |
		[        8:       12)   0 (  0.0%) |
		[       12:       16)   0 (  0.0%) |
		[       16:       20)   0 (  0.0%) |
		[       20:       24)   0 (  0.0%) |
		[       24:       28)   0 (  0.0%) |
		[       28:       32)   0 (  0.0%) |
		[       32:       36)   0 (  0.0%) |
		[       36:       40)   0 (  0.0%) |

Type: LAB
	Input Pin Usage:
		Max: 32.00 (0.35)
		Avg: 17.58 (0.19)
		Min: 1.00 (0.01)
		Histogram:
		[        0:      9.1)  90 (  9.2%) |**********
		[      9.1:       18) 413 ( 42.2%) |********************************************
		[       18:       27) 445 ( 45.5%) |***********************************************
		[       27:       36)  31 (  3.2%) |***
		[       36:       46)   0 (  0.0%) |
		[       46:       55)   0 (  0.0%) |
		[       55:       64)   0 (  0.0%) |
		[       64:       73)   0 (  0.0%) |
		[       73:       82)   0 (  0.0%) |
		[       82:       91)   0 (  0.0%) |
	Output Pin Usage:
		Max: 32.00 (0.76)
		Avg: 11.36 (0.27)
		Min: 0.00 (0.00)
		Histogram:
		[        0:      4.2)  82 (  8.4%) |*********
		[      4.2:      8.4) 124 ( 12.7%) |**************
		[      8.4:       13) 406 ( 41.5%) |***********************************************
		[       13:       17) 265 ( 27.1%) |*******************************
		[       17:       21)  77 (  7.9%) |*********
		[       21:       25)  19 (  1.9%) |**
		[       25:       29)   4 (  0.4%) |
		[       29:       34)   2 (  0.2%) |
		[       34:       38)   0 (  0.0%) |
		[       38:       42)   0 (  0.0%) |

