#Packing pin usage report
Type: io
	Input Pin Usage:
		Max: 1.00 (0.50)
		Avg: 0.30 (0.15)
		Min: 0.00 (0.00)
		Histogram:
		[        0:      0.2) 211 ( 70.1%) |***********************************************
		[      0.2:      0.4)   0 (  0.0%) |
		[      0.4:      0.6)   0 (  0.0%) |
		[      0.6:      0.8)   0 (  0.0%) |
		[      0.8:        1)  90 ( 29.9%) |********************
		[        1:      1.2)   0 (  0.0%) |
		[      1.2:      1.4)   0 (  0.0%) |
		[      1.4:      1.6)   0 (  0.0%) |
		[      1.6:      1.8)   0 (  0.0%) |
		[      1.8:        2)   0 (  0.0%) |
	Output Pin Usage:
		Max: 1.00 (1.00)
		Avg: 0.70 (0.70)
		Min: 0.00 (0.00)
		Histogram:
		[        0:      0.1)  90 ( 29.9%) |********************
		[      0.1:      0.2)   0 (  0.0%) |
		[      0.2:      0.3)   0 (  0.0%) |
		[      0.3:      0.4)   0 (  0.0%) |
		[      0.4:      0.5)   0 (  0.0%) |
		[      0.5:      0.6)   0 (  0.0%) |
		[      0.6:      0.7)   0 (  0.0%) |
		[      0.7:      0.8)   0 (  0.0%) |
		[      0.8:      0.9)   0 (  0.0%) |
		[      0.9:        1) 211 ( 70.1%) |***********************************************

Type: clb
	Input Pin Usage:
		Max: 26.00 (0.48)
		Avg: 14.22 (0.26)
		Min: 1.00 (0.02)
		Histogram:
		[        0:      5.4)  47 (  8.4%) |*******
		[      5.4:       11)  34 (  6.1%) |*****
		[       11:       16) 302 ( 54.1%) |***********************************************
		[       16:       22) 147 ( 26.3%) |***********************
		[       22:       27)  28 (  5.0%) |****
		[       27:       32)   0 (  0.0%) |
		[       32:       38)   0 (  0.0%) |
		[       38:       43)   0 (  0.0%) |
		[       43:       49)   0 (  0.0%) |
		[       49:       54)   0 (  0.0%) |
	Output Pin Usage:
		Max: 20.00 (0.95)
		Avg: 8.70 (0.41)
		Min: 1.00 (0.05)
		Histogram:
		[        0:      2.1)  38 (  6.8%) |************
		[      2.1:      4.2)  12 (  2.2%) |****
		[      4.2:      6.3)  68 ( 12.2%) |*********************
		[      6.3:      8.4) 149 ( 26.7%) |***********************************************
		[      8.4:       10) 150 ( 26.9%) |***********************************************
		[       10:       13)  80 ( 14.3%) |*************************
		[       13:       15)  28 (  5.0%) |*********
		[       15:       17)  22 (  3.9%) |*******
		[       17:       19)   8 (  1.4%) |***
		[       19:       21)   3 (  0.5%) |*

