#Packing pin usage report
Type: io
	Input Pin Usage:
		Max: 1.00 (0.02)
		Avg: 0.30 (0.01)
		Min: 0.00 (0.00)
		Histogram:
		[        0:      5.5) 2769 (100.0%) |**********************************************
		[      5.5:       11)    0 (  0.0%) |
		[       11:       16)    0 (  0.0%) |
		[       16:       22)    0 (  0.0%) |
		[       22:       28)    0 (  0.0%) |
		[       28:       33)    0 (  0.0%) |
		[       33:       38)    0 (  0.0%) |
		[       38:       44)    0 (  0.0%) |
		[       44:       50)    0 (  0.0%) |
		[       50:       55)    0 (  0.0%) |
	Output Pin Usage:
		Max: 1.00 (0.03)
		Avg: 0.70 (0.02)
		Min: 0.00 (0.00)
		Histogram:
		[        0:        4) 2769 (100.0%) |**********************************************
		[        4:        8)    0 (  0.0%) |
		[        8:       12)    0 (  0.0%) |
		[       12:       16)    0 (  0.0%) |
		[       16:       20)    0 (  0.0%) |
		[       20:       24)    0 (  0.0%) |
		[       24:       28)    0 (  0.0%) |
		[       28:       32)    0 (  0.0%) |
		[       32:       36)    0 (  0.0%) |
		[       36:       40)    0 (  0.0%) |

Type: LAB
	Input Pin Usage:
		Max: 40.00 (0.44)
		Avg: 22.97 (0.25)
		Min: 1.00 (0.01)
		Histogram:
		[        0:      9.1)  45 (  6.3%) |*****
		[      9.1:       18)  62 (  8.6%) |******
		[       18:       27) 463 ( 64.6%) |***********************************************
		[       27:       36) 142 ( 19.8%) |**************
		[       36:       46)   5 (  0.7%) |*
		[       46:       55)   0 (  0.0%) |
		[       55:       64)   0 (  0.0%) |
		[       64:       73)   0 (  0.0%) |
		[       73:       82)   0 (  0.0%) |
		[       82:       91)   0 (  0.0%) |
	Output Pin Usage:
		Max: 33.00 (0.79)
		Avg: 14.57 (0.35)
		Min: 1.00 (0.02)
		Histogram:
		[        0:      4.2)  43 (  6.0%) |******
		[      4.2:      8.4)   6 (  0.8%) |*
		[      8.4:       13) 131 ( 18.3%) |*******************
		[       13:       17) 331 ( 46.2%) |***********************************************
		[       17:       21) 163 ( 22.7%) |***********************
		[       21:       25)  30 (  4.2%) |****
		[       25:       29)   9 (  1.3%) |*
		[       29:       34)   4 (  0.6%) |*
		[       34:       38)   0 (  0.0%) |
		[       38:       42)   0 (  0.0%) |

