#Packing pin usage report
Type: io
	Input Pin Usage:
		Max: 1.00 (0.02)
		Avg: 0.30 (0.01)
		Min: 0.00 (0.00)
		Histogram:
		[        0:      5.5) 1413 (100.0%) |**********************************************
		[      5.5:       11)    0 (  0.0%) |
		[       11:       16)    0 (  0.0%) |
		[       16:       22)    0 (  0.0%) |
		[       22:       28)    0 (  0.0%) |
		[       28:       33)    0 (  0.0%) |
		[       33:       38)    0 (  0.0%) |
		[       38:       44)    0 (  0.0%) |
		[       44:       50)    0 (  0.0%) |
		[       50:       55)    0 (  0.0%) |
	Output Pin Usage:
		Max: 1.00 (0.03)
		Avg: 0.70 (0.02)
		Min: 0.00 (0.00)
		Histogram:
		[        0:        4) 1413 (100.0%) |**********************************************
		[        4:        8)    0 (  0.0%) |
		[        8:       12)    0 (  0.0%) |
		[       12:       16)    0 (  0.0%) |
		[       16:       20)    0 (  0.0%) |
		[       20:       24)    0 (  0.0%) |
		[       24:       28)    0 (  0.0%) |
		[       28:       32)    0 (  0.0%) |
		[       32:       36)    0 (  0.0%) |
		[       36:       40)    0 (  0.0%) |

Type: LAB
	Input Pin Usage:
		Max: 39.00 (0.43)
		Avg: 20.82 (0.23)
		Min: 1.00 (0.01)
		Histogram:
		[        0:      9.1)  53 (  7.3%) |*****
		[      9.1:       18) 135 ( 18.6%) |**************
		[       18:       27) 460 ( 63.5%) |***********************************************
		[       27:       36)  73 ( 10.1%) |*******
		[       36:       46)   3 (  0.4%) |
		[       46:       55)   0 (  0.0%) |
		[       55:       64)   0 (  0.0%) |
		[       64:       73)   0 (  0.0%) |
		[       73:       82)   0 (  0.0%) |
		[       82:       91)   0 (  0.0%) |
	Output Pin Usage:
		Max: 30.00 (0.71)
		Avg: 13.28 (0.32)
		Min: 1.00 (0.02)
		Histogram:
		[        0:      4.2)  51 (  7.0%) |*********
		[      4.2:      8.4)  25 (  3.5%) |****
		[      8.4:       13) 213 ( 29.4%) |************************************
		[       13:       17) 279 ( 38.5%) |***********************************************
		[       17:       21) 125 ( 17.3%) |*********************
		[       21:       25)  27 (  3.7%) |*****
		[       25:       29)   3 (  0.4%) |*
		[       29:       34)   1 (  0.1%) |
		[       34:       38)   0 (  0.0%) |
		[       38:       42)   0 (  0.0%) |

