#Packing pin usage report
Type: io
	Input Pin Usage:
		Max: 1.00 (0.50)
		Avg: 0.39 (0.19)
		Min: 0.00 (0.00)
		Histogram:
		[        0:      0.2) 544 ( 61.3%) |***********************************************
		[      0.2:      0.4)   0 (  0.0%) |
		[      0.4:      0.6)   0 (  0.0%) |
		[      0.6:      0.8)   0 (  0.0%) |
		[      0.8:        1) 344 ( 38.7%) |******************************
		[        1:      1.2)   0 (  0.0%) |
		[      1.2:      1.4)   0 (  0.0%) |
		[      1.4:      1.6)   0 (  0.0%) |
		[      1.6:      1.8)   0 (  0.0%) |
		[      1.8:        2)   0 (  0.0%) |
	Output Pin Usage:
		Max: 1.00 (1.00)
		Avg: 0.61 (0.61)
		Min: 0.00 (0.00)
		Histogram:
		[        0:      0.1) 344 ( 38.7%) |******************************
		[      0.1:      0.2)   0 (  0.0%) |
		[      0.2:      0.3)   0 (  0.0%) |
		[      0.3:      0.4)   0 (  0.0%) |
		[      0.4:      0.5)   0 (  0.0%) |
		[      0.5:      0.6)   0 (  0.0%) |
		[      0.6:      0.7)   0 (  0.0%) |
		[      0.7:      0.8)   0 (  0.0%) |
		[      0.8:      0.9)   0 (  0.0%) |
		[      0.9:        1) 544 ( 61.3%) |***********************************************

Type: clb
	Input Pin Usage:
		Max: 41.00 (0.76)
		Avg: 24.40 (0.45)
		Min: 3.00 (0.06)
		Histogram:
		[        0:      5.4)   4 (  1.9%) |**
		[      5.4:       11)   2 (  0.9%) |*
		[       11:       16)   2 (  0.9%) |*
		[       16:       22)  38 ( 17.8%) |**************
		[       22:       27) 125 ( 58.4%) |***********************************************
		[       27:       32)  28 ( 13.1%) |***********
		[       32:       38)  10 (  4.7%) |****
		[       38:       43)   5 (  2.3%) |**
		[       43:       49)   0 (  0.0%) |
		[       49:       54)   0 (  0.0%) |
	Output Pin Usage:
		Max: 18.00 (0.86)
		Avg: 10.00 (0.48)
		Min: 1.00 (0.05)
		Histogram:
		[        0:      2.1)  5 (  2.3%) |***
		[      2.1:      4.2)  0 (  0.0%) |
		[      4.2:      6.3) 13 (  6.1%) |********
		[      6.3:      8.4) 38 ( 17.8%) |************************
		[      8.4:       10) 76 ( 35.5%) |************************************************
		[       10:       13) 43 ( 20.1%) |***************************
		[       13:       15) 28 ( 13.1%) |******************
		[       15:       17)  7 (  3.3%) |****
		[       17:       19)  4 (  1.9%) |***
		[       19:       21)  0 (  0.0%) |

