#Packing pin usage report
Type: io
	Input Pin Usage:
		Max: 1.00 (0.50)
		Avg: 0.30 (0.15)
		Min: 0.00 (0.00)
		Histogram:
		[        0:      0.2) 1594 ( 70.0%) |**********************************************
		[      0.2:      0.4)    0 (  0.0%) |
		[      0.4:      0.6)    0 (  0.0%) |
		[      0.6:      0.8)    0 (  0.0%) |
		[      0.8:        1)  683 ( 30.0%) |********************
		[        1:      1.2)    0 (  0.0%) |
		[      1.2:      1.4)    0 (  0.0%) |
		[      1.4:      1.6)    0 (  0.0%) |
		[      1.6:      1.8)    0 (  0.0%) |
		[      1.8:        2)    0 (  0.0%) |
	Output Pin Usage:
		Max: 1.00 (1.00)
		Avg: 0.70 (0.70)
		Min: 0.00 (0.00)
		Histogram:
		[        0:      0.1)  683 ( 30.0%) |********************
		[      0.1:      0.2)    0 (  0.0%) |
		[      0.2:      0.3)    0 (  0.0%) |
		[      0.3:      0.4)    0 (  0.0%) |
		[      0.4:      0.5)    0 (  0.0%) |
		[      0.5:      0.6)    0 (  0.0%) |
		[      0.6:      0.7)    0 (  0.0%) |
		[      0.7:      0.8)    0 (  0.0%) |
		[      0.8:      0.9)    0 (  0.0%) |
		[      0.9:        1) 1594 ( 70.0%) |**********************************************

Type: clb
	Input Pin Usage:
		Max: 35.00 (0.65)
		Avg: 19.31 (0.36)
		Min: 1.00 (0.02)
		Histogram:
		[        0:      5.4)  30 (  5.4%) |******
		[      5.4:       11)   5 (  0.9%) |*
		[       11:       16)  71 ( 12.8%) |*************
		[       16:       22) 248 ( 44.8%) |***********************************************
		[       22:       27) 177 ( 31.9%) |**********************************
		[       27:       32)  21 (  3.8%) |****
		[       32:       38)   2 (  0.4%) |
		[       38:       43)   0 (  0.0%) |
		[       43:       49)   0 (  0.0%) |
		[       49:       54)   0 (  0.0%) |
	Output Pin Usage:
		Max: 20.00 (0.95)
		Avg: 12.02 (0.57)
		Min: 1.00 (0.05)
		Histogram:
		[        0:      2.1)  26 (  4.7%) |*******
		[      2.1:      4.2)   4 (  0.7%) |*
		[      4.2:      6.3)   2 (  0.4%) |*
		[      6.3:      8.4)  17 (  3.1%) |*****
		[      8.4:       10)  88 ( 15.9%) |*************************
		[       10:       13) 166 ( 30.0%) |***********************************************
		[       13:       15) 136 ( 24.5%) |***************************************
		[       15:       17)  73 ( 13.2%) |*********************
		[       17:       19)  31 (  5.6%) |*********
		[       19:       21)  11 (  2.0%) |***

