#Packing pin usage report
Type: io
	Input Pin Usage:
		Max: 1.00 (0.50)
		Avg: 0.39 (0.19)
		Min: 0.00 (0.00)
		Histogram:
		[        0:      0.2) 632 ( 61.5%) |***********************************************
		[      0.2:      0.4)   0 (  0.0%) |
		[      0.4:      0.6)   0 (  0.0%) |
		[      0.6:      0.8)   0 (  0.0%) |
		[      0.8:        1) 396 ( 38.5%) |*****************************
		[        1:      1.2)   0 (  0.0%) |
		[      1.2:      1.4)   0 (  0.0%) |
		[      1.4:      1.6)   0 (  0.0%) |
		[      1.6:      1.8)   0 (  0.0%) |
		[      1.8:        2)   0 (  0.0%) |
	Output Pin Usage:
		Max: 1.00 (1.00)
		Avg: 0.61 (0.61)
		Min: 0.00 (0.00)
		Histogram:
		[        0:      0.1) 396 ( 38.5%) |*****************************
		[      0.1:      0.2)   0 (  0.0%) |
		[      0.2:      0.3)   0 (  0.0%) |
		[      0.3:      0.4)   0 (  0.0%) |
		[      0.4:      0.5)   0 (  0.0%) |
		[      0.5:      0.6)   0 (  0.0%) |
		[      0.6:      0.7)   0 (  0.0%) |
		[      0.7:      0.8)   0 (  0.0%) |
		[      0.8:      0.9)   0 (  0.0%) |
		[      0.9:        1) 632 ( 61.5%) |***********************************************

Type: clb
	Input Pin Usage:
		Max: 43.00 (0.80)
		Avg: 23.59 (0.44)
		Min: 3.00 (0.06)
		Histogram:
		[        0:      5.4) 12 (  5.4%) |******
		[      5.4:       11)  6 (  2.7%) |***
		[       11:       16)  5 (  2.2%) |***
		[       16:       22) 45 ( 20.1%) |***********************
		[       22:       27) 96 ( 42.9%) |************************************************
		[       27:       32) 44 ( 19.6%) |**********************
		[       32:       38) 12 (  5.4%) |******
		[       38:       43)  4 (  1.8%) |**
		[       43:       49)  0 (  0.0%) |
		[       49:       54)  0 (  0.0%) |
	Output Pin Usage:
		Max: 18.00 (0.86)
		Avg: 9.74 (0.46)
		Min: 1.00 (0.05)
		Histogram:
		[        0:      2.1) 13 (  5.8%) |**********
		[      2.1:      4.2)  8 (  3.6%) |******
		[      4.2:      6.3)  5 (  2.2%) |****
		[      6.3:      8.4) 40 ( 17.9%) |********************************
		[      8.4:       10) 60 ( 26.8%) |************************************************
		[       10:       13) 56 ( 25.0%) |*********************************************
		[       13:       15) 26 ( 11.6%) |*********************
		[       15:       17) 13 (  5.8%) |**********
		[       17:       19)  3 (  1.3%) |**
		[       19:       21)  0 (  0.0%) |

