#Packing pin usage report
Type: io
	Input Pin Usage:
		Max: 1.00 (0.02)
		Avg: 0.30 (0.01)
		Min: 0.00 (0.00)
		Histogram:
		[        0:      5.5) 4337 (100.0%) |**********************************************
		[      5.5:       11)    0 (  0.0%) |
		[       11:       16)    0 (  0.0%) |
		[       16:       22)    0 (  0.0%) |
		[       22:       28)    0 (  0.0%) |
		[       28:       33)    0 (  0.0%) |
		[       33:       38)    0 (  0.0%) |
		[       38:       44)    0 (  0.0%) |
		[       44:       50)    0 (  0.0%) |
		[       50:       55)    0 (  0.0%) |
	Output Pin Usage:
		Max: 1.00 (0.03)
		Avg: 0.70 (0.02)
		Min: 0.00 (0.00)
		Histogram:
		[        0:        4) 4337 (100.0%) |**********************************************
		[        4:        8)    0 (  0.0%) |
		[        8:       12)    0 (  0.0%) |
		[       12:       16)    0 (  0.0%) |
		[       16:       20)    0 (  0.0%) |
		[       20:       24)    0 (  0.0%) |
		[       24:       28)    0 (  0.0%) |
		[       28:       32)    0 (  0.0%) |
		[       32:       36)    0 (  0.0%) |
		[       36:       40)    0 (  0.0%) |

Type: LAB
	Input Pin Usage:
		Max: 42.00 (0.46)
		Avg: 24.84 (0.27)
		Min: 1.00 (0.01)
		Histogram:
		[        0:      9.1)  31 (  6.5%) |******
		[      9.1:       18)  18 (  3.8%) |***
		[       18:       27) 258 ( 53.9%) |***********************************************
		[       27:       36) 158 ( 33.0%) |*****************************
		[       36:       46)  14 (  2.9%) |***
		[       46:       55)   0 (  0.0%) |
		[       55:       64)   0 (  0.0%) |
		[       64:       73)   0 (  0.0%) |
		[       73:       82)   0 (  0.0%) |
		[       82:       91)   0 (  0.0%) |
	Output Pin Usage:
		Max: 27.00 (0.64)
		Avg: 15.80 (0.38)
		Min: 1.00 (0.02)
		Histogram:
		[        0:      4.2)  28 (  5.8%) |******
		[      4.2:      8.4)   5 (  1.0%) |*
		[      8.4:       13)  29 (  6.1%) |*******
		[       13:       17) 187 ( 39.0%) |*******************************************
		[       17:       21) 204 ( 42.6%) |***********************************************
		[       21:       25)  23 (  4.8%) |*****
		[       25:       29)   3 (  0.6%) |*
		[       29:       34)   0 (  0.0%) |
		[       34:       38)   0 (  0.0%) |
		[       38:       42)   0 (  0.0%) |

