#Packing pin usage report
Type: io
	Input Pin Usage:
		Max: 1.00 (0.02)
		Avg: 0.30 (0.01)
		Min: 0.00 (0.00)
		Histogram:
		[        0:      5.5) 1727 (100.0%) |**********************************************
		[      5.5:       11)    0 (  0.0%) |
		[       11:       16)    0 (  0.0%) |
		[       16:       22)    0 (  0.0%) |
		[       22:       28)    0 (  0.0%) |
		[       28:       33)    0 (  0.0%) |
		[       33:       38)    0 (  0.0%) |
		[       38:       44)    0 (  0.0%) |
		[       44:       50)    0 (  0.0%) |
		[       50:       55)    0 (  0.0%) |
	Output Pin Usage:
		Max: 1.00 (0.03)
		Avg: 0.70 (0.02)
		Min: 0.00 (0.00)
		Histogram:
		[        0:        4) 1727 (100.0%) |**********************************************
		[        4:        8)    0 (  0.0%) |
		[        8:       12)    0 (  0.0%) |
		[       12:       16)    0 (  0.0%) |
		[       16:       20)    0 (  0.0%) |
		[       20:       24)    0 (  0.0%) |
		[       24:       28)    0 (  0.0%) |
		[       28:       32)    0 (  0.0%) |
		[       32:       36)    0 (  0.0%) |
		[       36:       40)    0 (  0.0%) |

Type: LAB
	Input Pin Usage:
		Max: 38.00 (0.42)
		Avg: 22.32 (0.25)
		Min: 1.00 (0.01)
		Histogram:
		[        0:      9.1)  32 (  6.7%) |*****
		[      9.1:       18)  46 (  9.6%) |*******
		[       18:       27) 313 ( 65.3%) |***********************************************
		[       27:       36)  86 ( 18.0%) |*************
		[       36:       46)   2 (  0.4%) |
		[       46:       55)   0 (  0.0%) |
		[       55:       64)   0 (  0.0%) |
		[       64:       73)   0 (  0.0%) |
		[       73:       82)   0 (  0.0%) |
		[       82:       91)   0 (  0.0%) |
	Output Pin Usage:
		Max: 31.00 (0.74)
		Avg: 14.20 (0.34)
		Min: 1.00 (0.02)
		Histogram:
		[        0:      4.2)  29 (  6.1%) |*******
		[      4.2:      8.4)  12 (  2.5%) |***
		[      8.4:       13) 100 ( 20.9%) |************************
		[       13:       17) 200 ( 41.8%) |***********************************************
		[       17:       21) 117 ( 24.4%) |***************************
		[       21:       25)  15 (  3.1%) |****
		[       25:       29)   4 (  0.8%) |*
		[       29:       34)   2 (  0.4%) |
		[       34:       38)   0 (  0.0%) |
		[       38:       42)   0 (  0.0%) |

