#Packing pin usage report
Type: io
	Input Pin Usage:
		Max: 1.00 (0.02)
		Avg: 0.30 (0.01)
		Min: 0.00 (0.00)
		Histogram:
		[        0:      5.5) 1875 (100.0%) |**********************************************
		[      5.5:       11)    0 (  0.0%) |
		[       11:       16)    0 (  0.0%) |
		[       16:       22)    0 (  0.0%) |
		[       22:       28)    0 (  0.0%) |
		[       28:       33)    0 (  0.0%) |
		[       33:       38)    0 (  0.0%) |
		[       38:       44)    0 (  0.0%) |
		[       44:       50)    0 (  0.0%) |
		[       50:       55)    0 (  0.0%) |
	Output Pin Usage:
		Max: 1.00 (0.03)
		Avg: 0.70 (0.02)
		Min: 0.00 (0.00)
		Histogram:
		[        0:        4) 1875 (100.0%) |**********************************************
		[        4:        8)    0 (  0.0%) |
		[        8:       12)    0 (  0.0%) |
		[       12:       16)    0 (  0.0%) |
		[       16:       20)    0 (  0.0%) |
		[       20:       24)    0 (  0.0%) |
		[       24:       28)    0 (  0.0%) |
		[       28:       32)    0 (  0.0%) |
		[       32:       36)    0 (  0.0%) |
		[       36:       40)    0 (  0.0%) |

Type: LAB
	Input Pin Usage:
		Max: 40.00 (0.44)
		Avg: 20.83 (0.23)
		Min: 1.00 (0.01)
		Histogram:
		[        0:      9.1)  71 (  7.3%) |*****
		[      9.1:       18) 150 ( 15.5%) |***********
		[       18:       27) 650 ( 67.2%) |***********************************************
		[       27:       36)  95 (  9.8%) |*******
		[       36:       46)   1 (  0.1%) |
		[       46:       55)   0 (  0.0%) |
		[       55:       64)   0 (  0.0%) |
		[       64:       73)   0 (  0.0%) |
		[       73:       82)   0 (  0.0%) |
		[       82:       91)   0 (  0.0%) |
	Output Pin Usage:
		Max: 33.00 (0.79)
		Avg: 13.28 (0.32)
		Min: 0.00 (0.00)
		Histogram:
		[        0:      4.2)  68 (  7.0%) |*********
		[      4.2:      8.4)  34 (  3.5%) |*****
		[      8.4:       13) 298 ( 30.8%) |****************************************
		[       13:       17) 350 ( 36.2%) |***********************************************
		[       17:       21) 183 ( 18.9%) |*************************
		[       21:       25)  30 (  3.1%) |****
		[       25:       29)   2 (  0.2%) |
		[       29:       34)   2 (  0.2%) |
		[       34:       38)   0 (  0.0%) |
		[       38:       42)   0 (  0.0%) |

