#Packing pin usage report
Type: io
	Input Pin Usage:
		Max: 1.00 (0.50)
		Avg: 0.30 (0.15)
		Min: 0.00 (0.00)
		Histogram:
		[        0:      0.2) 635 ( 70.0%) |***********************************************
		[      0.2:      0.4)   0 (  0.0%) |
		[      0.4:      0.6)   0 (  0.0%) |
		[      0.6:      0.8)   0 (  0.0%) |
		[      0.8:        1) 272 ( 30.0%) |********************
		[        1:      1.2)   0 (  0.0%) |
		[      1.2:      1.4)   0 (  0.0%) |
		[      1.4:      1.6)   0 (  0.0%) |
		[      1.6:      1.8)   0 (  0.0%) |
		[      1.8:        2)   0 (  0.0%) |
	Output Pin Usage:
		Max: 1.00 (1.00)
		Avg: 0.70 (0.70)
		Min: 0.00 (0.00)
		Histogram:
		[        0:      0.1) 272 ( 30.0%) |********************
		[      0.1:      0.2)   0 (  0.0%) |
		[      0.2:      0.3)   0 (  0.0%) |
		[      0.3:      0.4)   0 (  0.0%) |
		[      0.4:      0.5)   0 (  0.0%) |
		[      0.5:      0.6)   0 (  0.0%) |
		[      0.6:      0.7)   0 (  0.0%) |
		[      0.7:      0.8)   0 (  0.0%) |
		[      0.8:      0.9)   0 (  0.0%) |
		[      0.9:        1) 635 ( 70.0%) |***********************************************

Type: clb
	Input Pin Usage:
		Max: 31.00 (0.57)
		Avg: 16.54 (0.31)
		Min: 1.00 (0.02)
		Histogram:
		[        0:      5.4)  57 (  9.9%) |***********
		[      5.4:       11)  10 (  1.7%) |**
		[       11:       16) 164 ( 28.6%) |********************************
		[       16:       22) 244 ( 42.6%) |***********************************************
		[       22:       27)  92 ( 16.1%) |******************
		[       27:       32)   6 (  1.0%) |*
		[       32:       38)   0 (  0.0%) |
		[       38:       43)   0 (  0.0%) |
		[       43:       49)   0 (  0.0%) |
		[       49:       54)   0 (  0.0%) |
	Output Pin Usage:
		Max: 20.00 (0.95)
		Avg: 10.15 (0.48)
		Min: 1.00 (0.05)
		Histogram:
		[        0:      2.1)  47 (  8.2%) |***************
		[      2.1:      4.2)   9 (  1.6%) |***
		[      4.2:      6.3)  14 (  2.4%) |*****
		[      6.3:      8.4)  83 ( 14.5%) |***************************
		[      8.4:       10) 145 ( 25.3%) |***********************************************
		[       10:       13) 136 ( 23.7%) |********************************************
		[       13:       15)  77 ( 13.4%) |*************************
		[       15:       17)  32 (  5.6%) |**********
		[       17:       19)  25 (  4.4%) |********
		[       19:       21)   5 (  0.9%) |**

