#Packing pin usage report
Type: io
	Input Pin Usage:
		Max: 1.00 (0.50)
		Avg: 0.38 (0.19)
		Min: 0.00 (0.00)
		Histogram:
		[        0:      0.2) 701 ( 62.4%) |***********************************************
		[      0.2:      0.4)   0 (  0.0%) |
		[      0.4:      0.6)   0 (  0.0%) |
		[      0.6:      0.8)   0 (  0.0%) |
		[      0.8:        1) 423 ( 37.6%) |****************************
		[        1:      1.2)   0 (  0.0%) |
		[      1.2:      1.4)   0 (  0.0%) |
		[      1.4:      1.6)   0 (  0.0%) |
		[      1.6:      1.8)   0 (  0.0%) |
		[      1.8:        2)   0 (  0.0%) |
	Output Pin Usage:
		Max: 1.00 (1.00)
		Avg: 0.62 (0.62)
		Min: 0.00 (0.00)
		Histogram:
		[        0:      0.1) 423 ( 37.6%) |****************************
		[      0.1:      0.2)   0 (  0.0%) |
		[      0.2:      0.3)   0 (  0.0%) |
		[      0.3:      0.4)   0 (  0.0%) |
		[      0.4:      0.5)   0 (  0.0%) |
		[      0.5:      0.6)   0 (  0.0%) |
		[      0.6:      0.7)   0 (  0.0%) |
		[      0.7:      0.8)   0 (  0.0%) |
		[      0.8:      0.9)   0 (  0.0%) |
		[      0.9:        1) 701 ( 62.4%) |***********************************************

Type: clb
	Input Pin Usage:
		Max: 43.00 (0.80)
		Avg: 24.69 (0.46)
		Min: 3.00 (0.06)
		Histogram:
		[        0:      5.4) 15 (  6.6%) |*******
		[      5.4:       11)  5 (  2.2%) |**
		[       11:       16)  2 (  0.9%) |*
		[       16:       22) 23 ( 10.2%) |***********
		[       22:       27) 100 ( 44.2%) |************************************************
		[       27:       32) 61 ( 27.0%) |*****************************
		[       32:       38) 10 (  4.4%) |*****
		[       38:       43) 10 (  4.4%) |*****
		[       43:       49)  0 (  0.0%) |
		[       49:       54)  0 (  0.0%) |
	Output Pin Usage:
		Max: 19.00 (0.90)
		Avg: 9.89 (0.47)
		Min: 1.00 (0.05)
		Histogram:
		[        0:      2.1) 17 (  7.5%) |************
		[      2.1:      4.2)  3 (  1.3%) |**
		[      4.2:      6.3)  5 (  2.2%) |****
		[      6.3:      8.4) 36 ( 15.9%) |*************************
		[      8.4:       10) 54 ( 23.9%) |**************************************
		[       10:       13) 68 ( 30.1%) |************************************************
		[       13:       15) 29 ( 12.8%) |********************
		[       15:       17)  9 (  4.0%) |******
		[       17:       19)  3 (  1.3%) |**
		[       19:       21)  2 (  0.9%) |*

