#Packing pin usage report
Type: io
	Input Pin Usage:
		Max: 1.00 (0.50)
		Avg: 0.42 (0.21)
		Min: 0.00 (0.00)
		Histogram:
		[        0:      0.2) 426 ( 58.3%) |***********************************************
		[      0.2:      0.4)   0 (  0.0%) |
		[      0.4:      0.6)   0 (  0.0%) |
		[      0.6:      0.8)   0 (  0.0%) |
		[      0.8:        1) 305 ( 41.7%) |**********************************
		[        1:      1.2)   0 (  0.0%) |
		[      1.2:      1.4)   0 (  0.0%) |
		[      1.4:      1.6)   0 (  0.0%) |
		[      1.6:      1.8)   0 (  0.0%) |
		[      1.8:        2)   0 (  0.0%) |
	Output Pin Usage:
		Max: 1.00 (1.00)
		Avg: 0.58 (0.58)
		Min: 0.00 (0.00)
		Histogram:
		[        0:      0.1) 305 ( 41.7%) |**********************************
		[      0.1:      0.2)   0 (  0.0%) |
		[      0.2:      0.3)   0 (  0.0%) |
		[      0.3:      0.4)   0 (  0.0%) |
		[      0.4:      0.5)   0 (  0.0%) |
		[      0.5:      0.6)   0 (  0.0%) |
		[      0.6:      0.7)   0 (  0.0%) |
		[      0.7:      0.8)   0 (  0.0%) |
		[      0.8:      0.9)   0 (  0.0%) |
		[      0.9:        1) 426 ( 58.3%) |***********************************************

Type: clb
	Input Pin Usage:
		Max: 37.00 (0.69)
		Avg: 20.46 (0.38)
		Min: 3.00 (0.06)
		Histogram:
		[        0:      5.4) 15 (  6.6%) |*******
		[      5.4:       11) 11 (  4.8%) |*****
		[       11:       16) 15 (  6.6%) |*******
		[       16:       22) 67 ( 29.3%) |********************************
		[       22:       27) 99 ( 43.2%) |************************************************
		[       27:       32) 16 (  7.0%) |********
		[       32:       38)  6 (  2.6%) |***
		[       38:       43)  0 (  0.0%) |
		[       43:       49)  0 (  0.0%) |
		[       49:       54)  0 (  0.0%) |
	Output Pin Usage:
		Max: 17.00 (0.81)
		Avg: 8.21 (0.39)
		Min: 1.00 (0.05)
		Histogram:
		[        0:      2.1) 23 ( 10.0%) |*****************
		[      2.1:      4.2)  4 (  1.7%) |***
		[      4.2:      6.3) 27 ( 11.8%) |********************
		[      6.3:      8.4) 65 ( 28.4%) |************************************************
		[      8.4:       10) 53 ( 23.1%) |***************************************
		[       10:       13) 47 ( 20.5%) |***********************************
		[       13:       15)  8 (  3.5%) |******
		[       15:       17)  1 (  0.4%) |*
		[       17:       19)  1 (  0.4%) |*
		[       19:       21)  0 (  0.0%) |

