#Packing pin usage report
Type: io
	Input Pin Usage:
		Max: 1.00 (0.50)
		Avg: 0.40 (0.20)
		Min: 0.00 (0.00)
		Histogram:
		[        0:      0.2) 524 ( 59.5%) |***********************************************
		[      0.2:      0.4)   0 (  0.0%) |
		[      0.4:      0.6)   0 (  0.0%) |
		[      0.6:      0.8)   0 (  0.0%) |
		[      0.8:        1) 356 ( 40.5%) |********************************
		[        1:      1.2)   0 (  0.0%) |
		[      1.2:      1.4)   0 (  0.0%) |
		[      1.4:      1.6)   0 (  0.0%) |
		[      1.6:      1.8)   0 (  0.0%) |
		[      1.8:        2)   0 (  0.0%) |
	Output Pin Usage:
		Max: 1.00 (1.00)
		Avg: 0.60 (0.60)
		Min: 0.00 (0.00)
		Histogram:
		[        0:      0.1) 356 ( 40.5%) |********************************
		[      0.1:      0.2)   0 (  0.0%) |
		[      0.2:      0.3)   0 (  0.0%) |
		[      0.3:      0.4)   0 (  0.0%) |
		[      0.4:      0.5)   0 (  0.0%) |
		[      0.5:      0.6)   0 (  0.0%) |
		[      0.6:      0.7)   0 (  0.0%) |
		[      0.7:      0.8)   0 (  0.0%) |
		[      0.8:      0.9)   0 (  0.0%) |
		[      0.9:        1) 524 ( 59.5%) |***********************************************

Type: clb
	Input Pin Usage:
		Max: 40.00 (0.74)
		Avg: 22.47 (0.42)
		Min: 3.00 (0.06)
		Histogram:
		[        0:      5.4)  13 (  5.8%) |******
		[      5.4:       11)   4 (  1.8%) |**
		[       11:       16)   7 (  3.1%) |***
		[       16:       22)  57 ( 25.4%) |**************************
		[       22:       27) 103 ( 46.0%) |***********************************************
		[       27:       32)  31 ( 13.8%) |**************
		[       32:       38)   5 (  2.2%) |**
		[       38:       43)   4 (  1.8%) |**
		[       43:       49)   0 (  0.0%) |
		[       49:       54)   0 (  0.0%) |
	Output Pin Usage:
		Max: 16.00 (0.76)
		Avg: 9.06 (0.43)
		Min: 1.00 (0.05)
		Histogram:
		[        0:      2.1) 17 (  7.6%) |**********
		[      2.1:      4.2)  1 (  0.4%) |*
		[      4.2:      6.3) 15 (  6.7%) |*********
		[      6.3:      8.4) 47 ( 21.0%) |*****************************
		[      8.4:       10) 78 ( 34.8%) |************************************************
		[       10:       13) 39 ( 17.4%) |************************
		[       13:       15) 19 (  8.5%) |************
		[       15:       17)  8 (  3.6%) |*****
		[       17:       19)  0 (  0.0%) |
		[       19:       21)  0 (  0.0%) |

