#Packing pin usage report
Type: io
	Input Pin Usage:
		Max: 1.00 (0.02)
		Avg: 0.30 (0.01)
		Min: 0.00 (0.00)
		Histogram:
		[        0:      5.5) 317 (100.0%) |***********************************************
		[      5.5:       11)   0 (  0.0%) |
		[       11:       16)   0 (  0.0%) |
		[       16:       22)   0 (  0.0%) |
		[       22:       28)   0 (  0.0%) |
		[       28:       33)   0 (  0.0%) |
		[       33:       38)   0 (  0.0%) |
		[       38:       44)   0 (  0.0%) |
		[       44:       50)   0 (  0.0%) |
		[       50:       55)   0 (  0.0%) |
	Output Pin Usage:
		Max: 1.00 (0.03)
		Avg: 0.70 (0.02)
		Min: 0.00 (0.00)
		Histogram:
		[        0:        4) 317 (100.0%) |***********************************************
		[        4:        8)   0 (  0.0%) |
		[        8:       12)   0 (  0.0%) |
		[       12:       16)   0 (  0.0%) |
		[       16:       20)   0 (  0.0%) |
		[       20:       24)   0 (  0.0%) |
		[       24:       28)   0 (  0.0%) |
		[       28:       32)   0 (  0.0%) |
		[       32:       36)   0 (  0.0%) |
		[       36:       40)   0 (  0.0%) |

Type: LAB
	Input Pin Usage:
		Max: 31.00 (0.34)
		Avg: 15.70 (0.17)
		Min: 1.00 (0.01)
		Histogram:
		[        0:      9.1) 102 ( 10.4%) |********
		[      9.1:       18) 580 ( 59.2%) |***********************************************
		[       18:       27) 288 ( 29.4%) |***********************
		[       27:       36)   9 (  0.9%) |*
		[       36:       46)   0 (  0.0%) |
		[       46:       55)   0 (  0.0%) |
		[       55:       64)   0 (  0.0%) |
		[       64:       73)   0 (  0.0%) |
		[       73:       82)   0 (  0.0%) |
		[       82:       91)   0 (  0.0%) |
	Output Pin Usage:
		Max: 24.00 (0.57)
		Avg: 10.28 (0.24)
		Min: 1.00 (0.02)
		Histogram:
		[        0:      4.2)  87 (  8.9%) |**********
		[      4.2:      8.4) 218 ( 22.3%) |**************************
		[      8.4:       13) 399 ( 40.8%) |***********************************************
		[       13:       17) 217 ( 22.2%) |**************************
		[       17:       21)  50 (  5.1%) |******
		[       21:       25)   8 (  0.8%) |*
		[       25:       29)   0 (  0.0%) |
		[       29:       34)   0 (  0.0%) |
		[       34:       38)   0 (  0.0%) |
		[       38:       42)   0 (  0.0%) |

