#Packing pin usage report
Type: io
	Input Pin Usage:
		Max: 1.00 (0.02)
		Avg: 0.30 (0.01)
		Min: 0.00 (0.00)
		Histogram:
		[        0:      5.5) 1712 (100.0%) |**********************************************
		[      5.5:       11)    0 (  0.0%) |
		[       11:       16)    0 (  0.0%) |
		[       16:       22)    0 (  0.0%) |
		[       22:       28)    0 (  0.0%) |
		[       28:       33)    0 (  0.0%) |
		[       33:       38)    0 (  0.0%) |
		[       38:       44)    0 (  0.0%) |
		[       44:       50)    0 (  0.0%) |
		[       50:       55)    0 (  0.0%) |
	Output Pin Usage:
		Max: 1.00 (0.03)
		Avg: 0.70 (0.02)
		Min: 0.00 (0.00)
		Histogram:
		[        0:        4) 1712 (100.0%) |**********************************************
		[        4:        8)    0 (  0.0%) |
		[        8:       12)    0 (  0.0%) |
		[       12:       16)    0 (  0.0%) |
		[       16:       20)    0 (  0.0%) |
		[       20:       24)    0 (  0.0%) |
		[       24:       28)    0 (  0.0%) |
		[       28:       32)    0 (  0.0%) |
		[       32:       36)    0 (  0.0%) |
		[       36:       40)    0 (  0.0%) |

Type: LAB
	Input Pin Usage:
		Max: 38.00 (0.42)
		Avg: 21.59 (0.24)
		Min: 1.00 (0.01)
		Histogram:
		[        0:      9.1)  46 (  6.4%) |****
		[      9.1:       18)  92 ( 12.8%) |*********
		[       18:       27) 487 ( 67.9%) |***********************************************
		[       27:       36)  89 ( 12.4%) |*********
		[       36:       46)   3 (  0.4%) |
		[       46:       55)   0 (  0.0%) |
		[       55:       64)   0 (  0.0%) |
		[       64:       73)   0 (  0.0%) |
		[       73:       82)   0 (  0.0%) |
		[       82:       91)   0 (  0.0%) |
	Output Pin Usage:
		Max: 30.00 (0.71)
		Avg: 13.81 (0.33)
		Min: 1.00 (0.02)
		Histogram:
		[        0:      4.2)  40 (  5.6%) |******
		[      4.2:      8.4)  22 (  3.1%) |****
		[      8.4:       13) 178 ( 24.8%) |*****************************
		[       13:       17) 292 ( 40.7%) |***********************************************
		[       17:       21) 157 ( 21.9%) |*************************
		[       21:       25)  24 (  3.3%) |****
		[       25:       29)   3 (  0.4%) |
		[       29:       34)   1 (  0.1%) |
		[       34:       38)   0 (  0.0%) |
		[       38:       42)   0 (  0.0%) |

