#Packing pin usage report
Type: io
	Input Pin Usage:
		Max: 1.00 (0.02)
		Avg: 0.30 (0.01)
		Min: 0.00 (0.00)
		Histogram:
		[        0:      5.5) 2285 (100.0%) |**********************************************
		[      5.5:       11)    0 (  0.0%) |
		[       11:       16)    0 (  0.0%) |
		[       16:       22)    0 (  0.0%) |
		[       22:       28)    0 (  0.0%) |
		[       28:       33)    0 (  0.0%) |
		[       33:       38)    0 (  0.0%) |
		[       38:       44)    0 (  0.0%) |
		[       44:       50)    0 (  0.0%) |
		[       50:       55)    0 (  0.0%) |
	Output Pin Usage:
		Max: 1.00 (0.03)
		Avg: 0.70 (0.02)
		Min: 0.00 (0.00)
		Histogram:
		[        0:        4) 2285 (100.0%) |**********************************************
		[        4:        8)    0 (  0.0%) |
		[        8:       12)    0 (  0.0%) |
		[       12:       16)    0 (  0.0%) |
		[       16:       20)    0 (  0.0%) |
		[       20:       24)    0 (  0.0%) |
		[       24:       28)    0 (  0.0%) |
		[       28:       32)    0 (  0.0%) |
		[       32:       36)    0 (  0.0%) |
		[       36:       40)    0 (  0.0%) |

Type: LAB
	Input Pin Usage:
		Max: 41.00 (0.45)
		Avg: 22.36 (0.25)
		Min: 1.00 (0.01)
		Histogram:
		[        0:      9.1)  49 (  6.8%) |*****
		[      9.1:       18)  63 (  8.8%) |******
		[       18:       27) 474 ( 65.9%) |***********************************************
		[       27:       36) 126 ( 17.5%) |************
		[       36:       46)   7 (  1.0%) |*
		[       46:       55)   0 (  0.0%) |
		[       55:       64)   0 (  0.0%) |
		[       64:       73)   0 (  0.0%) |
		[       73:       82)   0 (  0.0%) |
		[       82:       91)   0 (  0.0%) |
	Output Pin Usage:
		Max: 31.00 (0.74)
		Avg: 14.12 (0.34)
		Min: 1.00 (0.02)
		Histogram:
		[        0:      4.2)  45 (  6.3%) |*******
		[      4.2:      8.4)  10 (  1.4%) |**
		[      8.4:       13) 155 ( 21.6%) |***********************
		[       13:       17) 312 ( 43.4%) |***********************************************
		[       17:       21) 168 ( 23.4%) |*************************
		[       21:       25)  24 (  3.3%) |****
		[       25:       29)   3 (  0.4%) |
		[       29:       34)   2 (  0.3%) |
		[       34:       38)   0 (  0.0%) |
		[       38:       42)   0 (  0.0%) |

