VPR FPGA Placement and Routing.
Version: 8.1.0-dev+unkown
Revision: unkown
Compiled: 2023-11-16T17:20:44
Compiler: GNU 11.4.0 on Linux-6.2.0-36-generic x86_64
Build Info: release IPO VTR_ASSERT_LEVEL=2

University of Toronto
verilogtorouting.org
vtr-users@googlegroups.com
This is free open source code under MIT license.

VPR was run with the following command-line:
/home/xiaokewan/Software/vtr-verilog-to-routing-master/vpr/vpr /home/xiaokewan/Software/vtr-verilog-to-routing-master/vtr_flow/arch/titan/stratixiv_arch.timing.xml /home/xiaokewan/Documents/GNL-Netlist-Generator/rent_sweep/norm_rent_sweep_15000//rent_exp_0.69.blif


Architecture file: /home/xiaokewan/Software/vtr-verilog-to-routing-master/vtr_flow/arch/titan/stratixiv_arch.timing.xml
Circuit name: rent_exp_0.69

# Loading Architecture Description
# Loading Architecture Description took 0.35 seconds (max_rss 80.4 MiB, delta_rss +65.2 MiB)

Timing analysis: ON
Circuit netlist file: rent_exp_0.69.net
Circuit placement file: rent_exp_0.69.place
Circuit routing file: rent_exp_0.69.route
Circuit SDC file: rent_exp_0.69.sdc
Vpr floorplanning constraints file: not specified

Packer: ENABLED
Placer: ENABLED
Router: ENABLED
Analysis: ENABLED

VPR was run with the following options:

NetlistOpts.abosrb_buffer_luts            : true
NetlistOpts.sweep_dangling_primary_ios    : true
NetlistOpts.sweep_dangling_nets           : true
NetlistOpts.sweep_dangling_blocks         : true
NetlistOpts.sweep_constant_primary_outputs: false
NetlistOpts.netlist_verbosity             : 1
NetlistOpts.const_gen_inference           : COMB_SEQ

PackerOpts.allow_unrelated_clustering: auto
PackerOpts.alpha_clustering: 0.750000
PackerOpts.beta_clustering: 0.900000
PackerOpts.cluster_seed_type: BLEND2
PackerOpts.connection_driven: true
PackerOpts.global_clocks: true
PackerOpts.hill_climbing_flag: false
PackerOpts.inter_cluster_net_delay: 1.000000
PackerOpts.timing_driven: true
PackerOpts.target_external_pin_util: auto

PlacerOpts.place_freq: PLACE_ONCE
PlacerOpts.place_algorithm: CRITICALITY_TIMING_PLACE
PlacerOpts.pad_loc_type: FREE
PlacerOpts.constraints_file: No constraints file given
PlacerOpts.place_cost_exp: 1.000000
PlacerOpts.place_chan_width: 100
PlacerOpts.inner_loop_recompute_divider: 0
PlacerOpts.recompute_crit_iter: 1
PlacerOpts.timing_tradeoff: 0.500000
PlacerOpts.td_place_exp_first: 1.000000
PlacerOpts.td_place_exp_last: 8.000000
PlacerOpts.delay_offset: 0.000000
PlacerOpts.delay_ramp_delta_threshold: -1
PlacerOpts.delay_ramp_slope: 0.000000
PlacerOpts.tsu_rel_margin: 1.000000
PlacerOpts.tsu_abs_margin: 0.000000
PlacerOpts.post_place_timing_report_file: 
PlacerOpts.allowed_tiles_for_delay_model: 
PlacerOpts.delay_model_reducer: MIN
PlacerOpts.delay_model_type: DELTA
PlacerOpts.rlim_escape_fraction: 0.000000
PlacerOpts.move_stats_file: 
PlacerOpts.placement_saves_per_temperature: 0
PlacerOpts.effort_scaling: CIRCUIT
PlacerOpts.place_delta_delay_matrix_calculation_method: ASTAR_ROUTE
PlaceOpts.seed: 1
AnnealSched.type: AUTO_SCHED
AnnealSched.inner_num: 0.500000

RouterOpts.route_type: DETAILED
RouterOpts.flat_routing: false
RouterOpts.has_choking_spot: false
RouterOpts.router_algorithm: TIMING_DRIVEN
RouterOpts.base_cost_type: DELAY_NORMALIZED_LENGTH
RouterOpts.fixed_channel_width: NO_FIXED_CHANNEL_WIDTH
RouterOpts.check_route: FULL
RouterOpts.acc_fac: 1.000000
RouterOpts.bb_factor: 3
RouterOpts.bend_cost: 0.000000
RouterOpts.first_iter_pres_fac: 0.000000
RouterOpts.initial_pres_fac: 0.500000
RouterOpts.pres_fac_mult: 1.300000
RouterOpts.max_router_iterations: 50
RouterOpts.min_incremental_reroute_fanout: 16
RouterOpts.do_check_rr_graph: true
RouterOpts.verify_binary_search: false
RouterOpts.min_channel_width_hint: 0
RouterOpts.read_rr_edge_metadata: false
RouterOpts.exit_after_first_routing_iteration: false
RouterOpts.astar_fac: 1.200000
RouterOpts.router_profiler_astar_fac: 1.200000
RouterOpts.criticality_exp: 1.000000
RouterOpts.max_criticality: 0.990000
RouterOpts.init_wirelength_abort_threshold: 0.850000
RouterOpts.save_routing_per_iteration: false
RouterOpts.congested_routing_iteration_threshold_frac: 1.000000
RouterOpts.high_fanout_threshold: 64
RouterOpts.router_debug_net: -2
RouterOpts.router_debug_sink_rr: -2
RouterOpts.router_debug_iteration: -2
RouterOpts.max_convergence_count: 1
RouterOpts.reconvergence_cpd_threshold: 0.990000
RouterOpts.update_lower_bound_delays: true
RouterOpts.first_iteration_timing_report_file: 
RouterOpts.incr_reroute_delay_ripup: AUTO
RouterOpts.route_bb_update: DYNAMIC
RouterOpts.lookahead_type: MAP
RouterOpts.initial_timing: LOOKAHEAD
RouterOpts.router_heap: BINARY_HEAP
RouterOpts.routing_failure_predictor = SAFE
RouterOpts.routing_budgets_algorithm = DISABLE

AnalysisOpts.gen_post_synthesis_netlist: false
AnalysisOpts.timing_report_npaths: 100
AnalysisOpts.timing_report_skew: false
AnalysisOpts.echo_dot_timing_graph_node: -1
AnalysisOpts.timing_report_detail: NETLIST
AnalysisOpts.post_synth_netlist_unconn_input_handling: UNCONNECTED
AnalysisOpts.post_synth_netlist_unconn_output_handling: UNCONNECTED

# Building complex block graph
# Building complex block graph took 3.33 seconds (max_rss 954.3 MiB, delta_rss +873.9 MiB)
Circuit file: /home/xiaokewan/Documents/GNL-Netlist-Generator/rent_sweep/norm_rent_sweep_15000//rent_exp_0.69.blif
# Load circuit
# Load circuit took 0.06 seconds (max_rss 963.0 MiB, delta_rss +8.7 MiB)
# Clean circuit
Absorbed 0 LUT buffers
Inferred    0 additional primitive pins as constant generators since they have no combinationally connected inputs
Inferred    0 additional primitive pins as constant generators due to constant inputs
Swept input(s)      : 0
Swept output(s)     : 0 (0 dangling, 0 constant)
Swept net(s)        : 0
Swept block(s)      : 0
Constant Pins Marked: 0
# Clean circuit took 0.00 seconds (max_rss 963.0 MiB, delta_rss +0.0 MiB)
# Compress circuit
# Compress circuit took 0.01 seconds (max_rss 964.3 MiB, delta_rss +1.3 MiB)
# Verify circuit
# Verify circuit took 0.00 seconds (max_rss 964.3 MiB, delta_rss +0.0 MiB)
Circuit Statistics:
  Blocks: 18417
    .input :    1600
    .latch :    2632
    .output:     685
    6-LUT  :   13500
  Nets  : 17732
    Avg Fanout:     1.9
    Max Fanout:  2632.0
    Min Fanout:     1.0
  Netlist Clocks: 1
# Build Timing Graph
  Timing Graph Nodes: 52181
  Timing Graph Edges: 68213
  Timing Graph Levels: 84
# Build Timing Graph took 0.02 seconds (max_rss 966.4 MiB, delta_rss +1.5 MiB)
Netlist contains 1 clocks
  Netlist Clock 'pclk' Fanout: 2632 pins (5.0%), 2632 blocks (14.3%)
# Load Timing Constraints

SDC file 'rent_exp_0.69.sdc' not found
Setting default timing constraints:
   * constrain all primay inputs and primary outputs on netlist clock 'pclk'
   * optimize netlist clock to run as fast as possible
Timing constraints created 1 clocks
  Constrained Clock 'pclk' Source: 'pclk.inpad[0]'

# Load Timing Constraints took 0.00 seconds (max_rss 966.4 MiB, delta_rss +0.0 MiB)
# Packing
Warning 1: Block type 'M144K' grid location specification startx (33 = 33) falls outside device horizontal range [0,9]
Warning 2: Block type 'EMPTY' grid location specification startx (33 = 33) falls outside device horizontal range [0,9]
Begin packing '/home/xiaokewan/Documents/GNL-Netlist-Generator/rent_sweep/norm_rent_sweep_15000//rent_exp_0.69.blif'.

After removing unused inputs...
	total blocks: 18417, total nets: 17732, total inputs: 1600, total outputs: 685
Begin prepacking.

There is one chain in this architecture called "LAB_carry_chain" with the following starting points:
	LAB[0]/alm[0]/lut[0]/lcell_comb[0].cin[0]


There is one chain in this architecture called "share_chain" with the following starting points:
	LAB[0]/alm[0]/lut[0]/lcell_comb[0].sharein[0]

0 attraction groups were created during prepacking.
Finish prepacking.
Using inter-cluster delay: 1.01382e-09
Packing with pin utilization targets: io:1,1 PLL:1,1 LAB:0.8,1 DSP:1,1 M9K:1,1 M144K:1,1
Packing with high fanout thresholds: io:128 PLL:128 LAB:32 DSP:128 M9K:128 M144K:128
Starting Clustering - Clustering Progress: 
-------------------   --------------------------   ---------
Molecules processed   Number of clusters created   FPGA size
-------------------   --------------------------   ---------
   736/18417     3%                           25    12 x 9     
  1472/18417     7%                           51    15 x 11    
  2208/18417    11%                           78    16 x 12    
  2944/18417    15%                          105    18 x 13    
  3680/18417    19%                          133    20 x 15    
  4416/18417    23%                          161    21 x 16    
  5152/18417    27%                          189    22 x 16    
  5888/18417    31%                          216    23 x 17    
  6624/18417    35%                          245    24 x 18    
  7360/18417    39%                          275    25 x 19    
  8096/18417    43%                          305    27 x 20    
  8832/18417    47%                          336    27 x 20    
  9568/18417    51%                          368    28 x 21    
 10304/18417    55%                          400    30 x 22    
 11040/18417    59%                          434    31 x 23    
 11776/18417    63%                          467    31 x 23    
 12512/18417    67%                          501    32 x 24    
 13248/18417    71%                          536    33 x 24    
 13984/18417    75%                          571    35 x 26    
 14720/18417    79%                          606    35 x 26    
 15456/18417    83%                          642    36 x 27    
 16192/18417    87%                          778    38 x 28    
 16928/18417    91%                         1514   123 x 91    
 17664/18417    95%                         2250   228 x 169   
 18400/18417    99%                         2986   334 x 247   
Incr Slack updates 1 in 0.000525424 sec
Full Max Req/Worst Slack updates 1 in 3.1729e-05 sec
Incr Max Req/Worst Slack updates 0 in 0 sec
Incr Criticality updates 0 in 0 sec
Full Criticality updates 1 in 0.000729386 sec
FPGA sized to 337 x 250 (auto)
Device Utilization: 0.02 (target 1.00)
	Block Utilization: 1.00 Type: io
	Block Utilization: 0.01 Type: LAB

Start the iterative improvement process
the iterative improvement process is done
Final Clustering Statistics: 
----------   --------   ------------------------------------   --------------------------
Block Type   # Blocks   Avg. # of input clocks and pins used   Avg. # of output pins used
----------   --------   ------------------------------------   --------------------------
     EMPTY          0                                      0                            0   
        io       2285                               0.299781                     0.700219   
       PLL          0                                      0                            0   
       LAB        719                                22.3574                      14.1196   
       DSP          0                                      0                            0   
       M9K          0                                      0                            0   
     M144K          0                                      0                            0   
Absorbed logical nets 5980 out of 17732 nets, 11752 nets not absorbed.

Netlist conversion complete.

# Packing took 58.63 seconds (max_rss 1065.4 MiB, delta_rss +99.0 MiB)
# Load packing
Begin loading packed FPGA netlist file.
Netlist generated from file 'rent_exp_0.69.net'.
Detected 0 constant generators (to see names run with higher pack verbosity)
Finished loading packed FPGA netlist file (took 0.511345 seconds).
Warning 3: Treated 0 constant nets as global which will not be routed (to see net names increase packer verbosity).
# Load packing took 0.54 seconds (max_rss 1130.4 MiB, delta_rss +65.1 MiB)
Warning 4: Netlist contains 0 global net to non-global architecture pin connections

Pb types usage...
  io         : 2285
   pad       : 2285
    inpad    : 1600
    outpad   : 685
  LAB        : 719
   alm       : 6765
    lut      : 13500
     lut6    : 13500
      lut    : 13500
    dff      : 2632
     ff      : 2632

# Create Device
## Build Device Grid
FPGA sized to 337 x 250: 84250 grid tiles (auto)

Resource usage...
	Netlist
		2285	blocks of type: io
	Architecture
		2292	blocks of type: io
	Netlist
		0	blocks of type: PLL
	Architecture
		16	blocks of type: PLL
	Netlist
		719	blocks of type: LAB
	Architecture
		74784	blocks of type: LAB
	Netlist
		0	blocks of type: DSP
	Architecture
		549	blocks of type: DSP
	Netlist
		0	blocks of type: M9K
	Architecture
		2952	blocks of type: M9K
	Netlist
		0	blocks of type: M144K
	Architecture
		240	blocks of type: M144K

Device Utilization: 0.02 (target 1.00)
	Physical Tile io:
	Block Utilization: 1.00 Logical Block: io
	Physical Tile PLL:
	Block Utilization: 0.00 Logical Block: PLL
	Physical Tile LAB:
	Block Utilization: 0.01 Logical Block: LAB
	Physical Tile DSP:
	Block Utilization: 0.00 Logical Block: DSP
	Physical Tile M9K:
	Block Utilization: 0.00 Logical Block: M9K
	Physical Tile M144K:
	Block Utilization: 0.00 Logical Block: M144K

FPGA size limited by block type(s): io

## Build Device Grid took 0.60 seconds (max_rss 1130.4 MiB, delta_rss +0.0 MiB)
## Build routing resource graph
SOURCE->OPIN and IPIN->SINK edge count:11044731
OPIN->CHANX/CHANY edge count before creating direct connections: 21953166
OPIN->CHANX/CHANY edge count after creating direct connections: 25304362
CHAN->CHAN type edge count:62335846
## Build routing resource graph took 46.24 seconds (max_rss 5127.3 MiB, delta_rss +3996.9 MiB)
  RR Graph Nodes: 16592538
  RR Graph Edges: 98684939
# Create Device took 48.39 seconds (max_rss 5127.3 MiB, delta_rss +3996.9 MiB)

# Computing router lookahead map
## Computing wire lookahead
## Computing wire lookahead took 328.88 seconds (max_rss 5127.3 MiB, delta_rss +0.0 MiB)
## Computing src/opin lookahead
## Computing src/opin lookahead took 0.00 seconds (max_rss 5127.3 MiB, delta_rss +0.0 MiB)
# Computing router lookahead map took 328.88 seconds (max_rss 5127.3 MiB, delta_rss +0.0 MiB)
# Computing placement delta delay look-up
## Build routing resource graph
SOURCE->OPIN and IPIN->SINK edge count:11044731
OPIN->CHANX/CHANY edge count before creating direct connections: 116984754
OPIN->CHANX/CHANY edge count after creating direct connections: 120335950
CHAN->CHAN type edge count:351783832
## Build routing resource graph took 256.46 seconds (max_rss 15367.3 MiB, delta_rss +10239.9 MiB)
  RR Graph Nodes: 33045658
  RR Graph Edges: 483164513
## Computing router lookahead map
### Computing wire lookahead
### Computing wire lookahead took 1768.31 seconds (max_rss 15367.3 MiB, delta_rss +0.0 MiB)
### Computing src/opin lookahead
### Computing src/opin lookahead took 0.00 seconds (max_rss 15367.3 MiB, delta_rss +0.0 MiB)
## Computing router lookahead map took 1768.31 seconds (max_rss 15367.3 MiB, delta_rss +0.0 MiB)
## Computing delta delays
## Computing delta delays took 1287.09 seconds (max_rss 15367.3 MiB, delta_rss +0.0 MiB)
# Computing placement delta delay look-up took 3315.98 seconds (max_rss 15367.3 MiB, delta_rss +10239.9 MiB)

Bounding box mode is Cube

Using simple RL 'Softmax agent' for choosing move and block types
# Placement
## Initial Placement
Initial placement iteration 0 has finished successfully
## Initial Placement took 0.01 seconds (max_rss 15367.3 MiB, delta_rss +0.0 MiB)

There are 16197 point to point connections in this circuit.


BB estimate of min-dist (placement) wire length: 1170669

Completed placement consistency check successfully.
Initial placement cost: 1 bb_cost: 2200.51 td_cost: 1.42801e-05
Initial placement estimated Critical Path Delay (CPD): 62.3496 ns
Initial placement estimated setup Total Negative Slack (sTNS): -94087.3 ns
Initial placement estimated setup Worst Negative Slack (sWNS): -62.3496 ns

Initial placement estimated setup slack histogram:
[ -6.2e-08: -5.6e-08)  17 (  0.5%) |*
[ -5.6e-08:   -5e-08) 112 (  3.4%) |*********
[   -5e-08: -4.4e-08) 365 ( 11.0%) |*****************************
[ -4.4e-08: -3.8e-08) 584 ( 17.6%) |***********************************************
[ -3.8e-08: -3.1e-08) 578 ( 17.4%) |***********************************************
[ -3.1e-08: -2.5e-08) 369 ( 11.1%) |******************************
[ -2.5e-08: -1.9e-08) 282 (  8.5%) |***********************
[ -1.9e-08: -1.3e-08) 265 (  8.0%) |*********************
[ -1.3e-08: -6.4e-09) 576 ( 17.4%) |**********************************************
[ -6.4e-09: -2.3e-10) 169 (  5.1%) |**************
Placement contains 0 placement macros involving 0 blocks (average macro size -nan)

Moves per temperature: 21666
Warning 5: Starting t: 1179 of 3004 configurations accepted.

---- ------ ------- ------- ---------- ---------- ------- ---------- -------- ------- ------- ------ -------- --------- ------
Tnum   Time       T Av Cost Av BB Cost Av TD Cost     CPD       sTNS     sWNS Ac Rate Std Dev  R lim Crit Exp Tot Moves  Alpha
      (sec)                                          (ns)       (ns)     (ns)                                                 
---- ------ ------- ------- ---------- ---------- ------- ---------- -------- ------- ------- ------ -------- --------- ------
   1    0.1 9.7e-04   0.869    1554.94 9.5582e-06  55.997  -8.28e+04  -55.997   0.924  0.0444  336.0     1.00     21666  0.200
   2    0.1 8.7e-04   0.973    1459.84 1.0881e-05  41.659  -6.86e+04  -41.659   0.914  0.0100  336.0     1.00     43332  0.900
   3    0.1 7.9e-04   0.984    1436.35 1.1163e-05  39.586  -6.66e+04  -39.586   0.913  0.0053  336.0     1.00     64998  0.900
   4    0.1 7.1e-04   1.002    1440.13 1.1204e-05  38.830  -6.55e+04  -38.830   0.907  0.0050  336.0     1.00     86664  0.900
   5    0.1 6.4e-04   0.991    1442.92 1.0054e-05  43.928  -6.76e+04  -43.928   0.907  0.0047  336.0     1.00    108330  0.900
   6    0.1 5.7e-04   0.984    1412.50 1.085e-05   39.238  -6.46e+04  -39.238   0.899  0.0042  336.0     1.00    129996  0.900
   7    0.1 5.2e-04   0.994    1394.20 1.0903e-05  38.331  -6.45e+04  -38.331   0.896  0.0039  336.0     1.00    151662  0.900
   8    0.1 4.6e-04   0.981    1369.44 1.0751e-05  38.175  -6.41e+04  -38.175   0.891  0.0043  336.0     1.00    173328  0.900
   9    0.1 4.2e-04   0.994    1365.40 1.0593e-05  38.065  -6.33e+04  -38.065   0.885  0.0040  336.0     1.00    194994  0.900
  10    0.1 3.8e-04   0.995    1355.56 1.0735e-05  36.950  -6.28e+04  -36.950   0.878  0.0021  336.0     1.00    216660  0.900
  11    0.1 3.4e-04   0.986    1336.90 1.0309e-05  38.095  -6.23e+04  -38.095   0.866  0.0039  336.0     1.00    238326  0.900
  12    0.1 3.0e-04   0.994    1332.67 1.0532e-05  37.285  -6.28e+04  -37.285   0.863  0.0057  336.0     1.00    259992  0.900
  13    0.1 2.7e-04   0.984    1301.01 1.0278e-05  36.555  -6.16e+04  -36.555   0.851  0.0073  336.0     1.00    281658  0.900
  14    0.1 2.5e-04   0.991    1281.55 1.0028e-05  36.481  -6.06e+04  -36.481   0.842  0.0052  336.0     1.00    303324  0.900
  15    0.1 2.2e-04   0.992    1271.68 9.9672e-06  36.656  -6.06e+04  -36.656   0.831  0.0032  336.0     1.00    324990  0.900
  16    0.1 2.0e-04   0.994    1264.80 9.6271e-06  37.272  -5.99e+04  -37.272   0.821  0.0025  336.0     1.00    346656  0.900
  17    0.1 1.8e-04   0.988    1247.81 1.0032e-05  34.915  -5.95e+04  -34.915   0.803  0.0047  336.0     1.00    368322  0.900
  18    0.1 1.6e-04   0.994    1237.79 9.7609e-06  35.500  -5.94e+04  -35.500   0.792  0.0033  336.0     1.00    389988  0.900
  19    0.1 1.5e-04   0.992    1227.08 9.5635e-06  35.800  -5.96e+04  -35.800   0.788  0.0038  336.0     1.00    411654  0.950
  20    0.1 1.5e-04   0.991    1219.80 9.5291e-06  35.627  -6.01e+04  -35.627   0.774  0.0032  336.0     1.00    433320  0.950
  21    0.1 1.4e-04   0.991    1211.32 9.3567e-06  35.817  -5.94e+04  -35.817   0.771  0.0034  336.0     1.00    454986  0.950
  22    0.1 1.3e-04   0.993    1202.88 9.4009e-06  35.398  -5.83e+04  -35.398   0.758  0.0044  336.0     1.00    476652  0.950
  23    0.1 1.3e-04   0.997    1198.27 9.2964e-06  35.598  -5.91e+04  -35.598   0.749  0.0027  336.0     1.00    498318  0.950
  24    0.1 1.2e-04   0.997    1196.56 9.2437e-06  35.744  -5.91e+04  -35.744   0.750  0.0017  336.0     1.00    519984  0.950
  25    0.1 1.1e-04   0.992    1193.43 9.4387e-06  34.695  -5.79e+04  -34.695   0.737  0.0034  336.0     1.00    541650  0.950
  26    0.1 1.1e-04   0.995    1186.01 9.2334e-06  34.660  -5.79e+04  -34.660   0.724  0.0031  336.0     1.00    563316  0.950
  27    0.1 1.0e-04   0.995    1181.85 9.1466e-06  34.727  -5.79e+04  -34.727   0.713  0.0029  336.0     1.00    584982  0.950
  28    0.1 9.7e-05   0.995    1176.34 9.1382e-06  34.480  -5.78e+04  -34.480   0.710  0.0022  336.0     1.00    606648  0.950
  29    0.1 9.2e-05   0.993    1169.31 8.9032e-06  35.230  -5.81e+04  -35.230   0.700  0.0025  336.0     1.00    628314  0.950
  30    0.1 8.8e-05   0.995    1164.99 9.0337e-06  34.294  -5.73e+04  -34.294   0.683  0.0018  336.0     1.00    649980  0.950
  31    0.1 8.3e-05   0.994    1163.25 8.7512e-06  35.552  -5.78e+04  -35.552   0.676  0.0024  336.0     1.00    671646  0.950
  32    0.1 7.9e-05   0.997    1160.81 8.7191e-06  35.570  -5.79e+04  -35.570   0.671  0.0013  336.0     1.00    693312  0.950
  33    0.1 7.5e-05   0.996    1158.37 9.0513e-06  33.720   -5.7e+04  -33.720   0.662  0.0023  336.0     1.00    714978  0.950
  34    0.1 7.1e-05   0.995    1153.76 8.8044e-06  34.943  -5.71e+04  -34.943   0.656  0.0020  336.0     1.00    736644  0.950
  35    0.1 6.8e-05   0.994    1149.86 8.8696e-06  34.180  -5.72e+04  -34.180   0.636  0.0022  336.0     1.00    758310  0.950
  36    0.1 6.4e-05   0.995    1146.53 8.8213e-06  34.264  -5.65e+04  -34.264   0.626  0.0016  336.0     1.00    779976  0.950
  37    0.1 6.1e-05   0.996    1143.67 8.6895e-06  34.310  -5.65e+04  -34.310   0.613  0.0024  336.0     1.00    801642  0.950
  38    0.1 5.8e-05   0.997    1139.74 8.6221e-06  34.358  -5.66e+04  -34.358   0.603  0.0012  336.0     1.00    823308  0.950
  39    0.1 5.5e-05   0.995    1137.55 8.5375e-06  34.833   -5.7e+04  -34.833   0.586  0.0017  336.0     1.00    844974  0.950
  40    0.1 5.2e-05   0.996    1135.05 8.3946e-06  34.902  -5.64e+04  -34.902   0.573  0.0012  336.0     1.00    866640  0.950
  41    0.1 5.0e-05   0.998    1134.94 8.5016e-06  34.361  -5.59e+04  -34.361   0.568  0.0016  336.0     1.00    888306  0.950
  42    0.1 4.7e-05   0.995    1131.41 8.6354e-06  33.333  -5.68e+04  -33.333   0.553  0.0013  336.0     1.00    909972  0.950
  43    0.1 4.5e-05   0.997    1129.23 8.628e-06   33.241  -5.55e+04  -33.241   0.543  0.0009  336.0     1.00    931638  0.950
  44    0.1 4.3e-05   0.995    1127.11 8.5077e-06  34.097  -5.59e+04  -34.097   0.520  0.0016  336.0     1.00    953304  0.950
  45    0.1 4.1e-05   0.997    1126.32 8.5802e-06  33.537  -5.58e+04  -33.537   0.511  0.0012  336.0     1.00    974970  0.950
  46    0.1 3.9e-05   0.995    1124.42 8.6544e-06  32.957  -5.53e+04  -32.957   0.499  0.0021  336.0     1.00    996636  0.950
  47    0.1 3.7e-05   0.996    1122.46 8.2778e-06  34.265  -5.57e+04  -34.265   0.490  0.0012  336.0     1.00   1018302  0.950
  48    0.1 3.5e-05   0.997    1120.98 8.5464e-06  33.246  -5.51e+04  -33.246   0.471  0.0011  336.0     1.00   1039968  0.950
  49    0.1 3.3e-05   0.995    1119.07 8.3433e-06  33.696  -5.62e+04  -33.696   0.453  0.0026  336.0     1.00   1061634  0.950
  50    0.1 3.1e-05   0.995    1114.64 8.3487e-06  33.193  -5.55e+04  -33.193   0.440  0.0021  336.0     1.00   1083300  0.950
  51    0.1 3.0e-05   0.997    1112.63 8.1272e-06  34.510   -5.6e+04  -34.510   0.426  0.0013  336.0     1.00   1104966  0.950
  52    0.1 2.8e-05   0.996    1110.60 8.0773e-06  32.771  -5.52e+04  -32.771   0.404  0.0022  331.3     1.10   1126632  0.950
  53    0.1 2.7e-05   0.994    1109.64 7.4126e-06  32.731  -5.51e+04  -32.731   0.368  0.0028  319.4     1.35   1148298  0.950
  54    0.1 2.6e-05   0.993    1107.51 6.0932e-06  32.728  -5.46e+04  -32.728   0.325  0.0030  296.4     1.83   1169964  0.950
  55    0.1 2.4e-05   0.994    1106.17 5.0904e-06  31.941  -5.42e+04  -31.941   0.271  0.0023  262.5     2.54   1191630  0.950
  56    0.1 2.3e-05   0.989    1104.83 3.7411e-06  32.867  -5.39e+04  -32.867   0.222  0.0046  218.1     3.46   1213296  0.950
  57    0.1 2.2e-05   0.990    1104.09 3.3052e-06  31.010  -5.27e+04  -31.010   0.192  0.0038  170.6     4.46   1234962  0.950
  58    0.1 2.1e-05   0.990    1102.98 2.6294e-06  31.148  -5.22e+04  -31.148   0.188  0.0043  128.2     5.34   1256628  0.950
  59    0.1 2.0e-05   0.991    1102.62 2.2484e-06  30.952  -5.18e+04  -30.952   0.179  0.0037   95.9     6.02   1278294  0.950
  60    0.1 1.9e-05   0.992    1103.14 2.3409e-06  30.251  -5.17e+04  -30.251   0.178  0.0033   70.9     6.54   1299960  0.950
  61    0.1 1.8e-05   0.991    1101.61 2.1094e-06  30.202  -5.13e+04  -30.202   0.171  0.0042   52.4     6.93   1321626  0.950
  62    0.1 1.7e-05   0.994    1100.06 2.1632e-06  29.779  -5.12e+04  -29.779   0.487  0.0026   38.3     7.22   1343292  0.950
  63    0.1 1.6e-05   0.996    1099.05 2.2312e-06  29.522   -5.1e+04  -29.522   0.472  0.0016   40.1     7.18   1364958  0.950
  64    0.1 1.5e-05   0.997    1097.35 2.2915e-06  29.356  -5.08e+04  -29.356   0.459  0.0017   41.4     7.16   1386624  0.950
  65    0.1 1.5e-05   0.997    1096.93 2.3434e-06  29.147  -5.06e+04  -29.147   0.441  0.0016   42.2     7.14   1408290  0.950
  66    0.1 1.4e-05   0.996    1095.14 2.2426e-06  29.281  -5.05e+04  -29.281   0.434  0.0021   42.2     7.14   1429956  0.950
  67    0.1 1.3e-05   0.997    1094.56 2.348e-06   29.081  -5.04e+04  -29.081   0.422  0.0014   42.0     7.14   1451622  0.950
  68    0.1 1.2e-05   0.997    1093.58 2.177e-06   29.328  -5.04e+04  -29.328   0.416  0.0016   41.2     7.16   1473288  0.950
  69    0.1 1.2e-05   0.998    1093.12 2.3599e-06  28.839  -5.04e+04  -28.839   0.407  0.0010   40.2     7.18   1494954  0.950
  70    0.1 1.1e-05   0.997    1092.06 2.3448e-06  28.841  -5.04e+04  -28.841   0.400  0.0014   38.9     7.21   1516620  0.950
  71    0.1 1.1e-05   0.998    1091.27 2.3016e-06  28.848  -5.03e+04  -28.848   0.395  0.0009   37.4     7.24   1538286  0.950
  72    0.1 1.0e-05   0.998    1090.58 2.1861e-06  29.038  -5.03e+04  -29.038   0.381  0.0010   35.7     7.27   1559952  0.950
  73    0.1 9.6e-06   0.999    1090.45 2.1811e-06  28.951  -5.03e+04  -28.951   0.376  0.0006   33.6     7.32   1581618  0.950
  74    0.1 9.2e-06   0.998    1090.20 2.1951e-06  28.956  -5.03e+04  -28.956   0.375  0.0009   31.4     7.36   1603284  0.950
  75    0.1 8.7e-06   0.999    1089.72 2.2078e-06  28.882  -5.03e+04  -28.882   0.363  0.0008   29.4     7.41   1624950  0.950
  76    0.1 8.3e-06   0.998    1089.12 2.1974e-06  28.801  -5.01e+04  -28.801   0.353  0.0008   27.1     7.45   1646616  0.950
  77    0.1 7.9e-06   0.998    1088.62 2.2082e-06  28.676  -5.01e+04  -28.676   0.343  0.0008   24.8     7.50   1668282  0.950
  78    0.1 7.5e-06   0.999    1088.17 2.168e-06   28.685     -5e+04  -28.685   0.338  0.0005   22.4     7.55   1689948  0.950
  79    0.1 7.1e-06   0.999    1087.62 1.9951e-06  28.914  -4.99e+04  -28.914   0.329  0.0006   20.1     7.60   1711614  0.950
  80    0.1 6.7e-06   0.999    1087.21 1.9093e-06  29.047  -4.98e+04  -29.047   0.324  0.0006   17.9     7.65   1733280  0.950
  81    0.1 6.4e-06   0.999    1086.97 1.946e-06   28.950  -4.98e+04  -28.950   0.327  0.0005   15.8     7.69   1754946  0.950
  82    0.1 6.1e-06   0.999    1086.65 2.0744e-06  28.645  -4.98e+04  -28.645   0.315  0.0006   14.0     7.73   1776612  0.950
  83    0.1 5.8e-06   0.999    1086.50 2.059e-06   28.640  -4.98e+04  -28.640   0.304  0.0005   12.2     7.76   1798278  0.950
  84    0.1 5.5e-06   0.999    1086.31 2.027e-06   28.661  -4.98e+04  -28.661   0.298  0.0004   10.6     7.80   1819944  0.950
  85    0.1 5.2e-06   0.999    1086.03 2.0037e-06  28.661  -4.97e+04  -28.661   0.298  0.0004    9.1     7.83   1841610  0.950
  86    0.1 5.0e-06   0.999    1085.66 1.983e-06   28.666  -4.97e+04  -28.666   0.290  0.0003    7.8     7.86   1863276  0.950
  87    0.1 4.7e-06   0.999    1085.70 1.9843e-06  28.645  -4.97e+04  -28.645   0.283  0.0004    6.6     7.88   1884942  0.950
  88    0.1 4.5e-06   0.999    1085.26 1.9757e-06  28.640  -4.97e+04  -28.640   0.282  0.0003    5.6     7.90   1906608  0.950
  89    0.1 4.2e-06   1.000    1085.25 1.9686e-06  28.640  -4.97e+04  -28.640   0.270  0.0002    4.7     7.92   1928274  0.950
  90    0.1 4.0e-06   1.000    1085.39 1.9645e-06  28.640  -4.97e+04  -28.640   0.277  0.0002    3.9     7.94   1949940  0.950
  91    0.1 3.8e-06   1.000    1084.97 1.953e-06   28.645  -4.97e+04  -28.645   0.263  0.0002    3.3     7.95   1971606  0.950
  92    0.1 3.6e-06   1.000    1084.63 1.8856e-06  28.744  -4.97e+04  -28.744   0.276  0.0002    2.7     7.96   1993272  0.950
  93    0.1 3.5e-06   1.000    1084.55 1.877e-06   28.744  -4.97e+04  -28.744   0.269  0.0001    2.2     7.97   2014938  0.950
  94    0.1 3.3e-06   1.000    1084.44 1.8714e-06  28.744  -4.97e+04  -28.744   0.248  0.0001    1.9     7.98   2036604  0.950
  95    0.1 3.1e-06   1.000    1084.36 1.8667e-06  28.744  -4.97e+04  -28.744   0.244  0.0001    1.5     7.99   2058270  0.950
  96    0.1 3.0e-06   1.000    1084.42 1.8643e-06  28.744  -4.97e+04  -28.744   0.235  0.0001    1.2     8.00   2079936  0.950
  97    0.1 2.8e-06   1.000    1084.43 1.8593e-06  28.744  -4.97e+04  -28.744   0.233  0.0001    1.0     8.00   2101602  0.950
  98    0.1 2.7e-06   1.000    1084.39 1.8604e-06  28.744  -4.97e+04  -28.744   0.224  0.0001    1.0     8.00   2123268  0.950
  99    0.1 2.5e-06   1.000    1084.20 1.8604e-06  28.744  -4.97e+04  -28.744   0.224  0.0001    1.0     8.00   2144934  0.950
 100    0.1 2.4e-06   1.000    1084.02 1.8587e-06  28.744  -4.97e+04  -28.744   0.219  0.0001    1.0     8.00   2166600  0.950
 101    0.1 2.3e-06   1.000    1083.87 1.8571e-06  28.744  -4.97e+04  -28.744   0.213  0.0001    1.0     8.00   2188266  0.950
 102    0.1 2.2e-06   1.000    1083.70 1.8557e-06  28.744  -4.97e+04  -28.744   0.203  0.0000    1.0     8.00   2209932  0.950
 103    0.1 2.1e-06   1.000    1083.79 1.8555e-06  28.744  -4.97e+04  -28.744   0.206  0.0001    1.0     8.00   2231598  0.950
 104    0.1 2.0e-06   1.000    1083.70 1.8529e-06  28.744  -4.97e+04  -28.744   0.198  0.0001    1.0     8.00   2253264  0.950
 105    0.1 1.9e-06   1.000    1083.65 1.8558e-06  28.739  -4.97e+04  -28.739   0.190  0.0001    1.0     8.00   2274930  0.950
 106    0.1 1.8e-06   1.000    1083.57 1.8548e-06  28.739  -4.97e+04  -28.739   0.189  0.0001    1.0     8.00   2296596  0.950
 107    0.1 1.7e-06   1.000    1083.53 1.8541e-06  28.739  -4.97e+04  -28.739   0.188  0.0001    1.0     8.00   2318262  0.950
 108    0.1 1.6e-06   1.000    1083.48 1.8535e-06  28.739  -4.97e+04  -28.739   0.187  0.0001    1.0     8.00   2339928  0.950
 109    0.1 1.5e-06   1.000    1083.48 1.8495e-06  28.745  -4.97e+04  -28.745   0.181  0.0001    1.0     8.00   2361594  0.950
 110    0.1 1.4e-06   1.000    1083.39 1.849e-06   28.743  -4.97e+04  -28.743   0.175  0.0000    1.0     8.00   2383260  0.950
 111    0.1 1.4e-06   1.000    1083.42 1.8467e-06  28.745  -4.97e+04  -28.745   0.178  0.0000    1.0     8.00   2404926  0.950
 112    0.1 1.3e-06   1.000    1083.40 1.847e-06   28.745  -4.97e+04  -28.745   0.171  0.0000    1.0     8.00   2426592  0.950
 113    0.1 1.2e-06   1.000    1083.40 1.8466e-06  28.745  -4.97e+04  -28.745   0.166  0.0000    1.0     8.00   2448258  0.950
 114    0.1 1.2e-06   1.000    1083.39 1.8455e-06  28.745  -4.97e+04  -28.745   0.164  0.0000    1.0     8.00   2469924  0.950
 115    0.1 1.1e-06   1.000    1083.36 1.8455e-06  28.745  -4.97e+04  -28.745   0.164  0.0000    1.0     8.00   2491590  0.950
 116    0.1 1.1e-06   1.000    1083.32 1.8472e-06  28.739  -4.97e+04  -28.739   0.163  0.0000    1.0     8.00   2513256  0.950
 117    0.1 1.0e-06   1.000    1083.33 1.848e-06   28.739  -4.97e+04  -28.739   0.160  0.0000    1.0     8.00   2534922  0.950
 118    0.1 9.6e-07   1.000    1083.25 1.848e-06   28.739  -4.97e+04  -28.739   0.151  0.0000    1.0     8.00   2556588  0.950
 119    0.1 9.1e-07   1.000    1083.28 1.845e-06   28.744  -4.97e+04  -28.744   0.148  0.0000    1.0     8.00   2578254  0.950
 120    0.1 7.3e-07   1.000    1083.26 1.8463e-06  28.739  -4.97e+04  -28.739   0.146  0.0000    1.0     8.00   2599920  0.800
Agent's 2nd state: 
Checkpoint saved: bb_costs=1083.23, TD costs=1.84653e-06, CPD= 28.739 (ns) 
 121    0.1 5.8e-07   0.999    1083.37 1.8434e-06  28.739  -4.97e+04  -28.739   0.098  0.0004    1.0     8.00   2621586  0.800
 122    0.1 4.7e-07   0.999    1083.38 1.8107e-06  28.746  -4.93e+04  -28.746   0.088  0.0002    1.0     8.00   2643252  0.800
 123    0.1 0.0e+00   1.000    1083.32 2.1085e-06  28.160  -4.91e+04  -28.160   0.029  0.0002    1.0     8.00   2664918  0.800
## Placement Quench took 0.10 seconds (max_rss 15367.3 MiB)
post-quench CPD = 28.1598 (ns) 

BB estimate of min-dist (placement) wire length: 576318

Completed placement consistency check successfully.

Swaps called: 2667922

Aborted Move Reasons:
  No moves aborted

Placement estimated critical path delay (least slack): 28.1598 ns, Fmax: 35.5117 MHz
Placement estimated setup Worst Negative Slack (sWNS): -28.1598 ns
Placement estimated setup Total Negative Slack (sTNS): -49091.2 ns

Placement estimated setup slack histogram:
[ -2.8e-08: -2.5e-08)  61 (  1.8%) |***
[ -2.5e-08: -2.3e-08)  54 (  1.6%) |***
[ -2.3e-08:   -2e-08) 558 ( 16.8%) |*******************************
[   -2e-08: -1.7e-08) 834 ( 25.1%) |***********************************************
[ -1.7e-08: -1.4e-08) 461 ( 13.9%) |**************************
[ -1.4e-08: -1.1e-08) 305 (  9.2%) |*****************
[ -1.1e-08: -8.6e-09) 598 ( 18.0%) |**********************************
[ -8.6e-09: -5.8e-09) 212 (  6.4%) |************
[ -5.8e-09:   -3e-09)  97 (  2.9%) |*****
[   -3e-09: -2.3e-10) 137 (  4.1%) |********

Placement estimated geomean non-virtual intra-domain period: 28.1598 ns (35.5117 MHz)
Placement estimated fanout-weighted geomean non-virtual intra-domain period: 28.1598 ns (35.5117 MHz)

Placement cost: 0.999489, bb_cost: 1083.31, td_cost: 2.10573e-06, 

Placement resource usage:
  io  implemented as io : 2285
  LAB implemented as LAB: 719

Placement number of temperatures: 123
Placement total # of swap attempts: 2667922
	Swaps accepted: 1202919 (45.1 %)
	Swaps rejected: 1412112 (52.9 %)
	Swaps aborted:   52891 ( 2.0 %)


Placement perturbation distribution by block and move type: 
------------------ ----------------- ---------------- ---------------- --------------- ------------ 
    Block Type         Move Type       (%) of Total      Accepted(%)     Rejected(%)    Aborted(%)
------------------ ----------------- ---------------- ---------------- --------------- ------------ 
io                 Uniform                18.90            55.59           44.41          0.00         
                   Median                 18.83            54.02           42.51          3.46         
                   Centroid               18.76            54.26           42.31          3.44         
                   W. Centroid            18.80            54.01           42.57          3.41         
                   W. Median              0.26             12.31           73.25          14.44        
                   Crit. Uniform          0.03             7.59            92.41          0.00         
                   Feasible Region        0.03             10.92           65.11          23.97        

LAB                Uniform                5.90             1.75            98.25          0.00         
                   Median                 5.91             27.54           72.46          0.00         
                   Centroid               5.90             18.51           81.49          0.00         
                   W. Centroid            5.95             20.40           79.60          0.00         
                   W. Median              0.08             0.94            99.06          0.00         
                   Crit. Uniform          0.32             0.00            100.00         0.00         
                   Feasible Region        0.32             0.01            99.99          0.00         


Placement Quench timing analysis took 0.0251621 seconds (0.023584 STA, 0.00157809 slack) (1 full updates: 1 setup, 0 hold, 0 combined).
Placement Total  timing analysis took 3.19765 seconds (3.01919 STA, 0.178458 slack) (125 full updates: 125 setup, 0 hold, 0 combined).
update_td_costs: connections 0 nets 0 sum_nets 0 total 0
# Placement took 9.44 seconds (max_rss 15367.3 MiB, delta_rss +0.0 MiB)

# Routing
Initializing minimum channel width search based on maximum CLB pins

Attempting to route at 190 channels (binary search bounds: [-1, -1])
## Build routing resource graph
SOURCE->OPIN and IPIN->SINK edge count:11044731
OPIN->CHANX/CHANY edge count before creating direct connections: 41448272
OPIN->CHANX/CHANY edge count after creating direct connections: 44799468
CHAN->CHAN type edge count:121769452
## Build routing resource graph took 85.86 seconds (max_rss 15367.3 MiB, delta_rss +0.0 MiB)
  RR Graph Nodes: 20009884
  RR Graph Edges: 177613651
Confirming router algorithm: TIMING_DRIVEN.
## Computing router lookahead map
### Computing wire lookahead
### Computing wire lookahead took 601.35 seconds (max_rss 15367.3 MiB, delta_rss +0.0 MiB)
### Computing src/opin lookahead
### Computing src/opin lookahead took 0.00 seconds (max_rss 15367.3 MiB, delta_rss +0.0 MiB)
## Computing router lookahead map took 601.35 seconds (max_rss 15367.3 MiB, delta_rss +0.0 MiB)
## Initializing router criticalities
Initial Net Connection Criticality Histogram:
[        0:      0.1)  634 (  3.8%) |*******
[      0.1:      0.2)  205 (  1.2%) |**
[      0.2:      0.3)  662 (  3.9%) |********
[      0.3:      0.4)  504 (  3.0%) |******
[      0.4:      0.5)  860 (  5.1%) |**********
[      0.5:      0.6) 1368 (  8.2%) |****************
[      0.6:      0.7) 2304 ( 13.7%) |***************************
[      0.7:      0.8) 3996 ( 23.8%) |**********************************************
[      0.8:      0.9) 3711 ( 22.1%) |*******************************************
[      0.9:        1) 2516 ( 15.0%) |*****************************
## Initializing router criticalities took 0.14 seconds (max_rss 15367.3 MiB, delta_rss +0.0 MiB)
---- ------ ------- ---- ------- ------- ------- ----------------- --------------- -------- ---------- ---------- ---------- ---------- --------
Iter   Time    pres  BBs    Heap  Re-Rtd  Re-Rtd Overused RR Nodes      Wirelength      CPD       sTNS       sWNS       hTNS       hWNS Est Succ
      (sec)     fac Updt    push    Nets   Conns                                       (ns)       (ns)       (ns)       (ns)       (ns)     Iter
---- ------ ------- ---- ------- ------- ------- ----------------- --------------- -------- ---------- ---------- ---------- ---------- --------
   1    0.6     0.0    0 9171380   11751   16197   16202 ( 0.081%)  596329 ( 1.9%)   29.461 -5.092e+04    -29.461      0.000      0.000      N/A
Incr Slack updates 125 in 0.0627844 sec
Full Max Req/Worst Slack updates 71 in 0.00231712 sec
Incr Max Req/Worst Slack updates 54 in 0.00241828 sec
Incr Criticality updates 26 in 0.017081 sec
Full Criticality updates 99 in 0.08602 sec
   2    0.6     0.5   46 8328483    9737   14095    5270 ( 0.026%)  596762 ( 1.9%)   29.460 -5.093e+04    -29.460      0.000      0.000      N/A
   3    0.4     0.6   19 4804104    4709    7597    2730 ( 0.014%)  597159 ( 1.9%)   29.448 -5.097e+04    -29.448      0.000      0.000      N/A
   4    0.3     0.8   16 3263203    2863    4918    1293 ( 0.006%)  597337 ( 1.9%)   29.450 -5.100e+04    -29.450      0.000      0.000      N/A
   5    0.2     1.1   11 2055063    1583    2920     548 ( 0.003%)  597378 ( 1.9%)   29.451 -5.101e+04    -29.451      0.000      0.000      N/A
   6    0.1     1.4    4 1047637     760    1509     225 ( 0.001%)  597359 ( 1.9%)   29.451 -5.102e+04    -29.451      0.000      0.000      N/A
   7    0.1     1.9    1  480031     328     693      79 ( 0.000%)  597466 ( 1.9%)   29.450 -5.102e+04    -29.450      0.000      0.000      N/A
   8    0.1     2.4    2  171124     110     245      23 ( 0.000%)  597489 ( 1.9%)   29.450 -5.102e+04    -29.450      0.000      0.000      N/A
   9    0.1     3.1    0   56880      33      70       7 ( 0.000%)  597519 ( 1.9%)   29.450 -5.102e+04    -29.450      0.000      0.000      N/A
  10    0.1     4.1    0   12891      11      23       3 ( 0.000%)  597523 ( 1.9%)   29.450 -5.102e+04    -29.450      0.000      0.000       11
  11    0.1     5.3    0    3160       4       7       1 ( 0.000%)  597515 ( 1.9%)   29.450 -5.102e+04    -29.450      0.000      0.000       11
  12    0.1     6.9    0    1144       1       2       2 ( 0.000%)  597515 ( 1.9%)   29.450 -5.102e+04    -29.450      0.000      0.000       11
  13    0.1     9.0    0    7401       3       9       0 ( 0.000%)  597531 ( 1.9%)   29.450 -5.102e+04    -29.450      0.000      0.000       12
Restoring best routing
Critical path: 29.4497 ns
Successfully routed after 13 routing iterations.
Final Net Connection Criticality Histogram:
[        0:      0.1)  619 (  3.7%) |*******
[      0.1:      0.2)  223 (  1.3%) |***
[      0.2:      0.3)  303 (  1.8%) |****
[      0.3:      0.4)  865 (  5.2%) |**********
[      0.4:      0.5)  832 (  5.0%) |**********
[      0.5:      0.6) 1339 (  8.0%) |****************
[      0.6:      0.7) 2584 ( 15.4%) |******************************
[      0.7:      0.8) 3600 ( 21.5%) |******************************************
[      0.8:      0.9) 3931 ( 23.5%) |**********************************************
[      0.9:        1) 2464 ( 14.7%) |*****************************
Router Stats: total_nets_routed: 31893 total_connections_routed: 48285 total_heap_pushes: 29402501 total_heap_pops: 3310452 total_internal_heap_pushes: 0 total_internal_heap_pops: 0 total_external_heap_pushes: 29402501 total_external_heap_pops: 3310452 total_external_SOURCE_pushes: 48285 total_external_SOURCE_pops: 47549 total_internal_SOURCE_pushes: 0 total_internal_SOURCE_pops: 0 rt_node_SOURCE_pushes: 48285 rt_node_SOURCE_high_fanout_pushes: 0 rt_node_SOURCE_entire_tree_pushes: 48285 total_external_SINK_pushes: 183286 total_external_SINK_pops: 166350 total_internal_SINK_pushes: 0 total_internal_SINK_pops: 0 rt_node_SINK_pushes: 0 rt_node_SINK_high_fanout_pushes: 0 rt_node_SINK_entire_tree_pushes: 0 total_external_IPIN_pushes: 195157 total_external_IPIN_pops: 183360 total_internal_IPIN_pushes: 0 total_internal_IPIN_pops: 0 rt_node_IPIN_pushes: 0 rt_node_IPIN_high_fanout_pushes: 0 rt_node_IPIN_entire_tree_pushes: 0 total_external_OPIN_pushes: 1701956 total_external_OPIN_pops: 1600467 total_internal_OPIN_pushes: 0 total_internal_OPIN_pops: 0 rt_node_OPIN_pushes: 19076 rt_node_OPIN_high_fanout_pushes: 0 rt_node_OPIN_entire_tree_pushes: 19076 total_external_CHANX_pushes: 13697432 total_external_CHANX_pops: 741099 total_internal_CHANX_pushes: 0 total_internal_CHANX_pops: 0 rt_node_CHANX_pushes: 26218 rt_node_CHANX_high_fanout_pushes: 0 rt_node_CHANX_entire_tree_pushes: 26218 total_external_CHANY_pushes: 13576385 total_external_CHANY_pops: 571627 total_internal_CHANY_pushes: 0 total_internal_CHANY_pops: 0 rt_node_CHANY_pushes: 32870 rt_node_CHANY_high_fanout_pushes: 0 rt_node_CHANY_entire_tree_pushes: 32870 total_number_of_adding_all_rt: 175111 total_number_of_adding_high_fanout_rt: 0 total_number_of_adding_all_rt_from_calling_high_fanout_rt: 0 

Attempting to route at 96 channels (binary search bounds: [-1, 190])
## Build routing resource graph
SOURCE->OPIN and IPIN->SINK edge count:11044731
OPIN->CHANX/CHANY edge count before creating direct connections: 21309812
OPIN->CHANX/CHANY edge count after creating direct connections: 24661008
CHAN->CHAN type edge count:59645434
## Build routing resource graph took 42.76 seconds (max_rss 15367.3 MiB, delta_rss +0.0 MiB)
  RR Graph Nodes: 16486354
  RR Graph Edges: 95351173
Confirming router algorithm: TIMING_DRIVEN.
## Computing router lookahead map
### Computing wire lookahead
### Computing wire lookahead took 286.75 seconds (max_rss 15367.3 MiB, delta_rss +0.0 MiB)
### Computing src/opin lookahead
### Computing src/opin lookahead took 0.00 seconds (max_rss 15367.3 MiB, delta_rss +0.0 MiB)
## Computing router lookahead map took 286.75 seconds (max_rss 15367.3 MiB, delta_rss +0.0 MiB)
## Initializing router criticalities
Initial Net Connection Criticality Histogram:
[        0:      0.1)  634 (  3.8%) |*******
[      0.1:      0.2)  205 (  1.2%) |**
[      0.2:      0.3)  657 (  3.9%) |********
[      0.3:      0.4)  508 (  3.0%) |******
[      0.4:      0.5)  850 (  5.1%) |**********
[      0.5:      0.6) 1369 (  8.2%) |****************
[      0.6:      0.7) 2280 ( 13.6%) |**************************
[      0.7:      0.8) 3994 ( 23.8%) |**********************************************
[      0.8:      0.9) 3712 ( 22.1%) |*******************************************
[      0.9:        1) 2551 ( 15.2%) |*****************************
## Initializing router criticalities took 0.04 seconds (max_rss 15367.3 MiB, delta_rss +0.0 MiB)
---- ------ ------- ---- ------- ------- ------- ----------------- --------------- -------- ---------- ---------- ---------- ---------- --------
Iter   Time    pres  BBs    Heap  Re-Rtd  Re-Rtd Overused RR Nodes      Wirelength      CPD       sTNS       sWNS       hTNS       hWNS Est Succ
      (sec)     fac Updt    push    Nets   Conns                                       (ns)       (ns)       (ns)       (ns)       (ns)     Iter
---- ------ ------- ---- ------- ------- ------- ----------------- --------------- -------- ---------- ---------- ---------- ---------- --------
   1    0.4     0.0    0 5641833   11751   16197   18585 ( 0.113%)  594199 ( 3.7%)   29.663 -5.144e+04    -29.663      0.000      0.000      N/A
   2    0.5     0.5  104 5580655   10788   15197   10533 ( 0.064%)  593670 ( 3.7%)   29.815 -5.151e+04    -29.815      0.000      0.000      N/A
   3    0.5     0.6   26 5262975    8233   12217    9068 ( 0.055%)  594158 ( 3.7%)   29.818 -5.160e+04    -29.818      0.000      0.000      N/A
   4    0.6     0.8   25 6297181    7500   11498    6870 ( 0.042%)  594771 ( 3.7%)   29.818 -5.164e+04    -29.818      0.000      0.000      N/A
   5    0.7     1.1   25 7407568    6597   10432    4976 ( 0.030%)  595727 ( 3.7%)   29.814 -5.169e+04    -29.814      0.000      0.000      N/A
   6    1.1     1.4   37 1.0e+07    5449    8986    3822 ( 0.023%)  596398 ( 3.7%)   29.816 -5.174e+04    -29.816      0.000      0.000      N/A
   7    4.6     1.9   33 2.2e+07    4686    7971    2988 ( 0.018%)  597915 ( 3.7%)   29.827 -5.177e+04    -29.827      0.000      0.000      N/A
   8    4.2     2.4   46 2.2e+07    4000    6933    2433 ( 0.015%)  599187 ( 3.7%)   29.827 -5.177e+04    -29.827      0.000      0.000      N/A
   9   12.9     3.1   55 4.7e+07    3507    6176    2026 ( 0.012%)  600403 ( 3.8%)   29.849 -5.180e+04    -29.849      0.000      0.000      N/A
  10   36.9     4.1   49 1.0e+08    3041    5470    1679 ( 0.010%)  602280 ( 3.8%)   29.844 -5.184e+04    -29.844      0.000      0.000       43
  11   72.8     5.3   70 1.8e+08    2818    5089    1484 ( 0.009%)  604136 ( 3.8%)   29.866 -5.185e+04    -29.866      0.000      0.000       46
  12  132.5     6.9   73 2.9e+08    2442    4505    1225 ( 0.007%)  605836 ( 3.8%)   29.850 -5.189e+04    -29.850      0.000      0.000       49
  13  145.4     9.0   84 3.1e+08    2236    4134    1090 ( 0.007%)  607021 ( 3.8%)   29.848 -5.193e+04    -29.848      0.000      0.000       53
  14  186.7    11.6   75 3.6e+08    2025    3807     931 ( 0.006%)  608868 ( 3.8%)   29.849 -5.197e+04    -29.849      0.000      0.000       54
  15  184.6    15.1   77 3.6e+08    1819    3458     838 ( 0.005%)  610817 ( 3.8%)   29.863 -5.201e+04    -29.863      0.000      0.000       57
  16  237.0    19.7   86 4.4e+08    1693    3237     786 ( 0.005%)  612628 ( 3.8%)   29.865 -5.208e+04    -29.865      0.000      0.000       59
  17  236.1    25.6   79 4.3e+08    1624    3151     672 ( 0.004%)  614280 ( 3.8%)   29.897 -5.212e+04    -29.897      0.000      0.000       64
  18  239.7    33.3   85 4.2e+08    1523    2963     616 ( 0.004%)  615543 ( 3.8%)   29.880 -5.225e+04    -29.880      0.000      0.000       65
  19  224.4    43.3   74 4.0e+08    1468    2894     564 ( 0.003%)  617464 ( 3.9%)   29.882 -5.227e+04    -29.882      0.000      0.000       69
  20  181.9    56.2   76 3.4e+08    1370    2707     517 ( 0.003%)  618877 ( 3.9%)   29.882 -5.239e+04    -29.882      0.000      0.000       71
  21  219.0    73.1   68 4.1e+08    1371    2698     478 ( 0.003%)  620221 ( 3.9%)   29.891 -5.244e+04    -29.891      0.000      0.000       74
  22  205.6    95.0   83 3.9e+08    1293    2589     454 ( 0.003%)  621365 ( 3.9%)   29.892 -5.253e+04    -29.892      0.000      0.000       76
  23  191.3   123.5   55 3.8e+08    1310    2592     431 ( 0.003%)  622282 ( 3.9%)   29.892 -5.258e+04    -29.892      0.000      0.000       82
  24  165.3   160.6   59 3.3e+08    1276    2546     392 ( 0.002%)  623159 ( 3.9%)   30.440 -5.259e+04    -30.440      0.000      0.000       85
  25  188.9   208.8   55 3.8e+08    1102    2195     387 ( 0.002%)  623935 ( 3.9%)   30.440 -5.261e+04    -30.440      0.000      0.000       90
  26  183.0   271.4   49 3.7e+08    1099    2192     345 ( 0.002%)  625289 ( 3.9%)   30.440 -5.286e+04    -30.440      0.000      0.000       93
  27  169.0   352.8   56 3.4e+08    1043    2125     339 ( 0.002%)  626056 ( 3.9%)   30.440 -5.284e+04    -30.440      0.000      0.000       98
  28  159.2   458.7   39 3.3e+08    1036    2138     311 ( 0.002%)  626681 ( 3.9%)   30.440 -5.289e+04    -30.440      0.000      0.000      101
  29  143.5   596.3   48 3.0e+08    1002    2062     303 ( 0.002%)  626815 ( 3.9%)   30.565 -5.291e+04    -30.565      0.000      0.000      105
