#Packing pin usage report
Type: io
	Input Pin Usage:
		Max: 1.00 (0.50)
		Avg: 0.30 (0.15)
		Min: 0.00 (0.00)
		Histogram:
		[        0:      0.2) 122 ( 70.1%) |***********************************************
		[      0.2:      0.4)   0 (  0.0%) |
		[      0.4:      0.6)   0 (  0.0%) |
		[      0.6:      0.8)   0 (  0.0%) |
		[      0.8:        1)  52 ( 29.9%) |********************
		[        1:      1.2)   0 (  0.0%) |
		[      1.2:      1.4)   0 (  0.0%) |
		[      1.4:      1.6)   0 (  0.0%) |
		[      1.6:      1.8)   0 (  0.0%) |
		[      1.8:        2)   0 (  0.0%) |
	Output Pin Usage:
		Max: 1.00 (1.00)
		Avg: 0.70 (0.70)
		Min: 0.00 (0.00)
		Histogram:
		[        0:      0.1)  52 ( 29.9%) |********************
		[      0.1:      0.2)   0 (  0.0%) |
		[      0.2:      0.3)   0 (  0.0%) |
		[      0.3:      0.4)   0 (  0.0%) |
		[      0.4:      0.5)   0 (  0.0%) |
		[      0.5:      0.6)   0 (  0.0%) |
		[      0.6:      0.7)   0 (  0.0%) |
		[      0.7:      0.8)   0 (  0.0%) |
		[      0.8:      0.9)   0 (  0.0%) |
		[      0.9:        1) 122 ( 70.1%) |***********************************************

Type: clb
	Input Pin Usage:
		Max: 27.00 (0.50)
		Avg: 13.46 (0.25)
		Min: 1.00 (0.02)
		Histogram:
		[        0:      5.4)  44 (  7.9%) |*******
		[      5.4:       11)  67 ( 12.0%) |**********
		[       11:       16) 307 ( 55.1%) |***********************************************
		[       16:       22) 124 ( 22.3%) |*******************
		[       22:       27)  15 (  2.7%) |**
		[       27:       32)   0 (  0.0%) |
		[       32:       38)   0 (  0.0%) |
		[       38:       43)   0 (  0.0%) |
		[       43:       49)   0 (  0.0%) |
		[       49:       54)   0 (  0.0%) |
	Output Pin Usage:
		Max: 19.00 (0.90)
		Avg: 8.07 (0.38)
		Min: 1.00 (0.05)
		Histogram:
		[        0:      2.1)  34 (  6.1%) |**********
		[      2.1:      4.2)  34 (  6.1%) |**********
		[      4.2:      6.3)  96 ( 17.2%) |*****************************
		[      6.3:      8.4) 154 ( 27.6%) |***********************************************
		[      8.4:       10) 128 ( 23.0%) |***************************************
		[       10:       13)  63 ( 11.3%) |*******************
		[       13:       15)  33 (  5.9%) |**********
		[       15:       17)  10 (  1.8%) |***
		[       17:       19)   4 (  0.7%) |*
		[       19:       21)   1 (  0.2%) |

