#Packing pin usage report
Type: io
	Input Pin Usage:
		Max: 1.00 (0.50)
		Avg: 0.30 (0.15)
		Min: 0.00 (0.00)
		Histogram:
		[        0:      0.2) 253 ( 70.1%) |***********************************************
		[      0.2:      0.4)   0 (  0.0%) |
		[      0.4:      0.6)   0 (  0.0%) |
		[      0.6:      0.8)   0 (  0.0%) |
		[      0.8:        1) 108 ( 29.9%) |********************
		[        1:      1.2)   0 (  0.0%) |
		[      1.2:      1.4)   0 (  0.0%) |
		[      1.4:      1.6)   0 (  0.0%) |
		[      1.6:      1.8)   0 (  0.0%) |
		[      1.8:        2)   0 (  0.0%) |
	Output Pin Usage:
		Max: 1.00 (1.00)
		Avg: 0.70 (0.70)
		Min: 0.00 (0.00)
		Histogram:
		[        0:      0.1) 108 ( 29.9%) |********************
		[      0.1:      0.2)   0 (  0.0%) |
		[      0.2:      0.3)   0 (  0.0%) |
		[      0.3:      0.4)   0 (  0.0%) |
		[      0.4:      0.5)   0 (  0.0%) |
		[      0.5:      0.6)   0 (  0.0%) |
		[      0.6:      0.7)   0 (  0.0%) |
		[      0.7:      0.8)   0 (  0.0%) |
		[      0.8:      0.9)   0 (  0.0%) |
		[      0.9:        1) 253 ( 70.1%) |***********************************************

Type: clb
	Input Pin Usage:
		Max: 28.00 (0.52)
		Avg: 14.32 (0.27)
		Min: 1.00 (0.02)
		Histogram:
		[        0:      5.4)  54 (  9.5%) |*********
		[      5.4:       11)  35 (  6.2%) |******
		[       11:       16) 280 ( 49.3%) |***********************************************
		[       16:       22) 177 ( 31.2%) |******************************
		[       22:       27)  19 (  3.3%) |***
		[       27:       32)   3 (  0.5%) |*
		[       32:       38)   0 (  0.0%) |
		[       38:       43)   0 (  0.0%) |
		[       43:       49)   0 (  0.0%) |
		[       49:       54)   0 (  0.0%) |
	Output Pin Usage:
		Max: 19.00 (0.90)
		Avg: 8.70 (0.41)
		Min: 1.00 (0.05)
		Histogram:
		[        0:      2.1)  42 (  7.4%) |**************
		[      2.1:      4.2)  18 (  3.2%) |******
		[      4.2:      6.3)  77 ( 13.6%) |**************************
		[      6.3:      8.4) 124 ( 21.8%) |*****************************************
		[      8.4:       10) 141 ( 24.8%) |***********************************************
		[       10:       13)  94 ( 16.5%) |*******************************
		[       13:       15)  43 (  7.6%) |**************
		[       15:       17)  21 (  3.7%) |*******
		[       17:       19)   6 (  1.1%) |**
		[       19:       21)   2 (  0.4%) |*

