#Packing pin usage report
Type: io
	Input Pin Usage:
		Max: 1.00 (0.50)
		Avg: 0.45 (0.23)
		Min: 0.00 (0.00)
		Histogram:
		[        0:      0.2) 307 ( 54.7%) |***********************************************
		[      0.2:      0.4)   0 (  0.0%) |
		[      0.4:      0.6)   0 (  0.0%) |
		[      0.6:      0.8)   0 (  0.0%) |
		[      0.8:        1) 254 ( 45.3%) |***************************************
		[        1:      1.2)   0 (  0.0%) |
		[      1.2:      1.4)   0 (  0.0%) |
		[      1.4:      1.6)   0 (  0.0%) |
		[      1.6:      1.8)   0 (  0.0%) |
		[      1.8:        2)   0 (  0.0%) |
	Output Pin Usage:
		Max: 1.00 (1.00)
		Avg: 0.55 (0.55)
		Min: 0.00 (0.00)
		Histogram:
		[        0:      0.1) 254 ( 45.3%) |***************************************
		[      0.1:      0.2)   0 (  0.0%) |
		[      0.2:      0.3)   0 (  0.0%) |
		[      0.3:      0.4)   0 (  0.0%) |
		[      0.4:      0.5)   0 (  0.0%) |
		[      0.5:      0.6)   0 (  0.0%) |
		[      0.6:      0.7)   0 (  0.0%) |
		[      0.7:      0.8)   0 (  0.0%) |
		[      0.8:      0.9)   0 (  0.0%) |
		[      0.9:        1) 307 ( 54.7%) |***********************************************

Type: clb
	Input Pin Usage:
		Max: 35.00 (0.65)
		Avg: 17.71 (0.33)
		Min: 3.00 (0.06)
		Histogram:
		[        0:      5.4) 13 (  5.8%) |*******
		[      5.4:       11) 10 (  4.4%) |*****
		[       11:       16) 57 ( 25.2%) |*****************************
		[       16:       22) 96 ( 42.5%) |************************************************
		[       22:       27) 43 ( 19.0%) |**********************
		[       27:       32)  6 (  2.7%) |***
		[       32:       38)  1 (  0.4%) |*
		[       38:       43)  0 (  0.0%) |
		[       43:       49)  0 (  0.0%) |
		[       49:       54)  0 (  0.0%) |
	Output Pin Usage:
		Max: 16.00 (0.76)
		Avg: 7.11 (0.34)
		Min: 1.00 (0.05)
		Histogram:
		[        0:      2.1) 17 (  7.5%) |*************
		[      2.1:      4.2) 18 (  8.0%) |**************
		[      4.2:      6.3) 54 ( 23.9%) |*****************************************
		[      6.3:      8.4) 63 ( 27.9%) |************************************************
		[      8.4:       10) 52 ( 23.0%) |****************************************
		[       10:       13) 16 (  7.1%) |************
		[       13:       15)  4 (  1.8%) |***
		[       15:       17)  2 (  0.9%) |**
		[       17:       19)  0 (  0.0%) |
		[       19:       21)  0 (  0.0%) |

