#Packing pin usage report
Type: io
	Input Pin Usage:
		Max: 1.00 (0.50)
		Avg: 0.30 (0.15)
		Min: 0.00 (0.00)
		Histogram:
		[        0:      0.2) 2304 ( 70.0%) |**********************************************
		[      0.2:      0.4)    0 (  0.0%) |
		[      0.4:      0.6)    0 (  0.0%) |
		[      0.6:      0.8)    0 (  0.0%) |
		[      0.8:        1)  987 ( 30.0%) |********************
		[        1:      1.2)    0 (  0.0%) |
		[      1.2:      1.4)    0 (  0.0%) |
		[      1.4:      1.6)    0 (  0.0%) |
		[      1.6:      1.8)    0 (  0.0%) |
		[      1.8:        2)    0 (  0.0%) |
	Output Pin Usage:
		Max: 1.00 (1.00)
		Avg: 0.70 (0.70)
		Min: 0.00 (0.00)
		Histogram:
		[        0:      0.1)  987 ( 30.0%) |********************
		[      0.1:      0.2)    0 (  0.0%) |
		[      0.2:      0.3)    0 (  0.0%) |
		[      0.3:      0.4)    0 (  0.0%) |
		[      0.4:      0.5)    0 (  0.0%) |
		[      0.5:      0.6)    0 (  0.0%) |
		[      0.6:      0.7)    0 (  0.0%) |
		[      0.7:      0.8)    0 (  0.0%) |
		[      0.8:      0.9)    0 (  0.0%) |
		[      0.9:        1) 2304 ( 70.0%) |**********************************************

Type: clb
	Input Pin Usage:
		Max: 37.00 (0.69)
		Avg: 19.92 (0.37)
		Min: 1.00 (0.02)
		Histogram:
		[        0:      5.4)  43 (  7.6%) |*********
		[      5.4:       11)   3 (  0.5%) |*
		[       11:       16)  67 ( 11.8%) |***************
		[       16:       22) 214 ( 37.7%) |***********************************************
		[       22:       27) 199 ( 35.1%) |********************************************
		[       27:       32)  37 (  6.5%) |********
		[       32:       38)   4 (  0.7%) |*
		[       38:       43)   0 (  0.0%) |
		[       43:       49)   0 (  0.0%) |
		[       49:       54)   0 (  0.0%) |
	Output Pin Usage:
		Max: 20.00 (0.95)
		Avg: 12.40 (0.59)
		Min: 1.00 (0.05)
		Histogram:
		[        0:      2.1)  39 (  6.9%) |************
		[      2.1:      4.2)   6 (  1.1%) |**
		[      4.2:      6.3)   0 (  0.0%) |
		[      6.3:      8.4)   4 (  0.7%) |*
		[      8.4:       10)  50 (  8.8%) |***************
		[       10:       13) 151 ( 26.6%) |*********************************************
		[       13:       15) 159 ( 28.0%) |***********************************************
		[       15:       17) 107 ( 18.9%) |********************************
		[       17:       19)  39 (  6.9%) |************
		[       19:       21)  12 (  2.1%) |****

