#Packing pin usage report
Type: io
	Input Pin Usage:
		Max: 1.00 (0.50)
		Avg: 0.49 (0.24)
		Min: 0.00 (0.00)
		Histogram:
		[        0:      0.2) 451 ( 51.2%) |***********************************************
		[      0.2:      0.4)   0 (  0.0%) |
		[      0.4:      0.6)   0 (  0.0%) |
		[      0.6:      0.8)   0 (  0.0%) |
		[      0.8:        1) 430 ( 48.8%) |*********************************************
		[        1:      1.2)   0 (  0.0%) |
		[      1.2:      1.4)   0 (  0.0%) |
		[      1.4:      1.6)   0 (  0.0%) |
		[      1.6:      1.8)   0 (  0.0%) |
		[      1.8:        2)   0 (  0.0%) |
	Output Pin Usage:
		Max: 1.00 (1.00)
		Avg: 0.51 (0.51)
		Min: 0.00 (0.00)
		Histogram:
		[        0:      0.1) 430 ( 48.8%) |*********************************************
		[      0.1:      0.2)   0 (  0.0%) |
		[      0.2:      0.3)   0 (  0.0%) |
		[      0.3:      0.4)   0 (  0.0%) |
		[      0.4:      0.5)   0 (  0.0%) |
		[      0.5:      0.6)   0 (  0.0%) |
		[      0.6:      0.7)   0 (  0.0%) |
		[      0.7:      0.8)   0 (  0.0%) |
		[      0.8:      0.9)   0 (  0.0%) |
		[      0.9:        1) 451 ( 51.2%) |***********************************************

Type: clb
	Input Pin Usage:
		Max: 31.00 (0.57)
		Avg: 19.58 (0.36)
		Min: 1.00 (0.02)
		Histogram:
		[        0:      5.4)  17 (  6.7%) |*******
		[      5.4:       11)   5 (  2.0%) |**
		[       11:       16)  20 (  7.9%) |*********
		[       16:       22) 107 ( 42.1%) |***********************************************
		[       22:       27)  97 ( 38.2%) |*******************************************
		[       27:       32)   8 (  3.1%) |****
		[       32:       38)   0 (  0.0%) |
		[       38:       43)   0 (  0.0%) |
		[       43:       49)   0 (  0.0%) |
		[       49:       54)   0 (  0.0%) |
	Output Pin Usage:
		Max: 20.00 (0.95)
		Avg: 13.41 (0.64)
		Min: 1.00 (0.05)
		Histogram:
		[        0:      2.1) 15 (  5.9%) |*********
		[      2.1:      4.2)  3 (  1.2%) |**
		[      4.2:      6.3)  2 (  0.8%) |*
		[      6.3:      8.4)  2 (  0.8%) |*
		[      8.4:       10)  8 (  3.1%) |*****
		[       10:       13) 41 ( 16.1%) |*************************
		[       13:       15) 64 ( 25.2%) |**************************************
		[       15:       17) 80 ( 31.5%) |************************************************
		[       17:       19) 34 ( 13.4%) |********************
		[       19:       21)  5 (  2.0%) |***

