#Packing pin usage report
Type: io
	Input Pin Usage:
		Max: 1.00 (0.50)
		Avg: 0.34 (0.17)
		Min: 0.00 (0.00)
		Histogram:
		[        0:      0.2) 949 ( 65.9%) |***********************************************
		[      0.2:      0.4)   0 (  0.0%) |
		[      0.4:      0.6)   0 (  0.0%) |
		[      0.6:      0.8)   0 (  0.0%) |
		[      0.8:        1) 491 ( 34.1%) |************************
		[        1:      1.2)   0 (  0.0%) |
		[      1.2:      1.4)   0 (  0.0%) |
		[      1.4:      1.6)   0 (  0.0%) |
		[      1.6:      1.8)   0 (  0.0%) |
		[      1.8:        2)   0 (  0.0%) |
	Output Pin Usage:
		Max: 1.00 (1.00)
		Avg: 0.66 (0.66)
		Min: 0.00 (0.00)
		Histogram:
		[        0:      0.1) 491 ( 34.1%) |************************
		[      0.1:      0.2)   0 (  0.0%) |
		[      0.2:      0.3)   0 (  0.0%) |
		[      0.3:      0.4)   0 (  0.0%) |
		[      0.4:      0.5)   0 (  0.0%) |
		[      0.5:      0.6)   0 (  0.0%) |
		[      0.6:      0.7)   0 (  0.0%) |
		[      0.7:      0.8)   0 (  0.0%) |
		[      0.8:      0.9)   0 (  0.0%) |
		[      0.9:        1) 949 ( 65.9%) |***********************************************

Type: clb
	Input Pin Usage:
		Max: 43.00 (0.80)
		Avg: 28.31 (0.52)
		Min: 3.00 (0.06)
		Histogram:
		[        0:      5.4) 10 (  4.6%) |******
		[      5.4:       11)  2 (  0.9%) |*
		[       11:       16)  2 (  0.9%) |*
		[       16:       22)  6 (  2.7%) |****
		[       22:       27) 63 ( 28.8%) |****************************************
		[       27:       32) 76 ( 34.7%) |************************************************
		[       32:       38) 41 ( 18.7%) |**************************
		[       38:       43) 19 (  8.7%) |************
		[       43:       49)  0 (  0.0%) |
		[       49:       54)  0 (  0.0%) |
	Output Pin Usage:
		Max: 19.00 (0.90)
		Avg: 11.34 (0.54)
		Min: 1.00 (0.05)
		Histogram:
		[        0:      2.1) 12 (  5.5%) |*********
		[      2.1:      4.2)  2 (  0.9%) |*
		[      4.2:      6.3)  1 (  0.5%) |*
		[      6.3:      8.4) 13 (  5.9%) |*********
		[      8.4:       10) 43 ( 19.6%) |*******************************
		[       10:       13) 66 ( 30.1%) |************************************************
		[       13:       15) 46 ( 21.0%) |*********************************
		[       15:       17) 28 ( 12.8%) |********************
		[       17:       19)  7 (  3.2%) |*****
		[       19:       21)  1 (  0.5%) |*

