#Packing pin usage report
Type: io
	Input Pin Usage:
		Max: 1.00 (0.02)
		Avg: 0.30 (0.01)
		Min: 0.00 (0.00)
		Histogram:
		[        0:      5.5) 2277 (100.0%) |**********************************************
		[      5.5:       11)    0 (  0.0%) |
		[       11:       16)    0 (  0.0%) |
		[       16:       22)    0 (  0.0%) |
		[       22:       28)    0 (  0.0%) |
		[       28:       33)    0 (  0.0%) |
		[       33:       38)    0 (  0.0%) |
		[       38:       44)    0 (  0.0%) |
		[       44:       50)    0 (  0.0%) |
		[       50:       55)    0 (  0.0%) |
	Output Pin Usage:
		Max: 1.00 (0.03)
		Avg: 0.70 (0.02)
		Min: 0.00 (0.00)
		Histogram:
		[        0:        4) 2277 (100.0%) |**********************************************
		[        4:        8)    0 (  0.0%) |
		[        8:       12)    0 (  0.0%) |
		[       12:       16)    0 (  0.0%) |
		[       16:       20)    0 (  0.0%) |
		[       20:       24)    0 (  0.0%) |
		[       24:       28)    0 (  0.0%) |
		[       28:       32)    0 (  0.0%) |
		[       32:       36)    0 (  0.0%) |
		[       36:       40)    0 (  0.0%) |

Type: LAB
	Input Pin Usage:
		Max: 44.00 (0.48)
		Avg: 22.83 (0.25)
		Min: 1.00 (0.01)
		Histogram:
		[        0:      9.1)  34 (  7.1%) |******
		[      9.1:       18)  46 (  9.5%) |********
		[       18:       27) 288 ( 59.8%) |***********************************************
		[       27:       36) 110 ( 22.8%) |******************
		[       36:       46)   4 (  0.8%) |*
		[       46:       55)   0 (  0.0%) |
		[       55:       64)   0 (  0.0%) |
		[       64:       73)   0 (  0.0%) |
		[       73:       82)   0 (  0.0%) |
		[       82:       91)   0 (  0.0%) |
	Output Pin Usage:
		Max: 33.00 (0.79)
		Avg: 14.39 (0.34)
		Min: 1.00 (0.02)
		Histogram:
		[        0:      4.2)  32 (  6.6%) |*******
		[      4.2:      8.4)   4 (  0.8%) |*
		[      8.4:       13)  92 ( 19.1%) |*********************
		[       13:       17) 210 ( 43.6%) |***********************************************
		[       17:       21) 117 ( 24.3%) |**************************
		[       21:       25)  18 (  3.7%) |****
		[       25:       29)   7 (  1.5%) |**
		[       29:       34)   2 (  0.4%) |
		[       34:       38)   0 (  0.0%) |
		[       38:       42)   0 (  0.0%) |

