#Packing pin usage report
Type: io
	Input Pin Usage:
		Max: 1.00 (0.02)
		Avg: 0.30 (0.01)
		Min: 0.00 (0.00)
		Histogram:
		[        0:      5.5) 628 (100.0%) |***********************************************
		[      5.5:       11)   0 (  0.0%) |
		[       11:       16)   0 (  0.0%) |
		[       16:       22)   0 (  0.0%) |
		[       22:       28)   0 (  0.0%) |
		[       28:       33)   0 (  0.0%) |
		[       33:       38)   0 (  0.0%) |
		[       38:       44)   0 (  0.0%) |
		[       44:       50)   0 (  0.0%) |
		[       50:       55)   0 (  0.0%) |
	Output Pin Usage:
		Max: 1.00 (0.03)
		Avg: 0.70 (0.02)
		Min: 0.00 (0.00)
		Histogram:
		[        0:        4) 628 (100.0%) |***********************************************
		[        4:        8)   0 (  0.0%) |
		[        8:       12)   0 (  0.0%) |
		[       12:       16)   0 (  0.0%) |
		[       16:       20)   0 (  0.0%) |
		[       20:       24)   0 (  0.0%) |
		[       24:       28)   0 (  0.0%) |
		[       28:       32)   0 (  0.0%) |
		[       32:       36)   0 (  0.0%) |
		[       36:       40)   0 (  0.0%) |

Type: LAB
	Input Pin Usage:
		Max: 40.00 (0.44)
		Avg: 18.37 (0.20)
		Min: 1.00 (0.01)
		Histogram:
		[        0:      9.1)  50 ( 10.1%) |*********
		[      9.1:       18) 165 ( 33.3%) |******************************
		[       18:       27) 262 ( 52.9%) |***********************************************
		[       27:       36)  17 (  3.4%) |***
		[       36:       46)   1 (  0.2%) |
		[       46:       55)   0 (  0.0%) |
		[       55:       64)   0 (  0.0%) |
		[       64:       73)   0 (  0.0%) |
		[       73:       82)   0 (  0.0%) |
		[       82:       91)   0 (  0.0%) |
	Output Pin Usage:
		Max: 31.00 (0.74)
		Avg: 11.91 (0.28)
		Min: 1.00 (0.02)
		Histogram:
		[        0:      4.2)  48 (  9.7%) |************
		[      4.2:      8.4)  31 (  6.3%) |********
		[      8.4:       13) 194 ( 39.2%) |***********************************************
		[       13:       17) 155 ( 31.3%) |**************************************
		[       17:       21)  49 (  9.9%) |************
		[       21:       25)  11 (  2.2%) |***
		[       25:       29)   5 (  1.0%) |*
		[       29:       34)   2 (  0.4%) |
		[       34:       38)   0 (  0.0%) |
		[       38:       42)   0 (  0.0%) |

