#Packing pin usage report
Type: io
	Input Pin Usage:
		Max: 1.00 (0.50)
		Avg: 0.30 (0.15)
		Min: 0.00 (0.00)
		Histogram:
		[        0:      0.2) 1916 ( 70.0%) |**********************************************
		[      0.2:      0.4)    0 (  0.0%) |
		[      0.4:      0.6)    0 (  0.0%) |
		[      0.6:      0.8)    0 (  0.0%) |
		[      0.8:        1)  821 ( 30.0%) |********************
		[        1:      1.2)    0 (  0.0%) |
		[      1.2:      1.4)    0 (  0.0%) |
		[      1.4:      1.6)    0 (  0.0%) |
		[      1.6:      1.8)    0 (  0.0%) |
		[      1.8:        2)    0 (  0.0%) |
	Output Pin Usage:
		Max: 1.00 (1.00)
		Avg: 0.70 (0.70)
		Min: 0.00 (0.00)
		Histogram:
		[        0:      0.1)  821 ( 30.0%) |********************
		[      0.1:      0.2)    0 (  0.0%) |
		[      0.2:      0.3)    0 (  0.0%) |
		[      0.3:      0.4)    0 (  0.0%) |
		[      0.4:      0.5)    0 (  0.0%) |
		[      0.5:      0.6)    0 (  0.0%) |
		[      0.6:      0.7)    0 (  0.0%) |
		[      0.7:      0.8)    0 (  0.0%) |
		[      0.8:      0.9)    0 (  0.0%) |
		[      0.9:        1) 1916 ( 70.0%) |**********************************************

Type: clb
	Input Pin Usage:
		Max: 39.00 (0.72)
		Avg: 19.79 (0.37)
		Min: 1.00 (0.02)
		Histogram:
		[        0:      5.4)  35 (  6.3%) |*******
		[      5.4:       11)   3 (  0.5%) |*
		[       11:       16)  63 ( 11.3%) |************
		[       16:       22) 246 ( 44.0%) |***********************************************
		[       22:       27) 175 ( 31.3%) |*********************************
		[       27:       32)  35 (  6.3%) |*******
		[       32:       38)   1 (  0.2%) |
		[       38:       43)   1 (  0.2%) |
		[       43:       49)   0 (  0.0%) |
		[       49:       54)   0 (  0.0%) |
	Output Pin Usage:
		Max: 20.00 (0.95)
		Avg: 12.15 (0.58)
		Min: 1.00 (0.05)
		Histogram:
		[        0:      2.1)  28 (  5.0%) |********
		[      2.1:      4.2)   6 (  1.1%) |**
		[      4.2:      6.3)   5 (  0.9%) |*
		[      6.3:      8.4)  10 (  1.8%) |***
		[      8.4:       10)  63 ( 11.3%) |******************
		[       10:       13) 165 ( 29.5%) |***********************************************
		[       13:       15) 151 ( 27.0%) |*******************************************
		[       15:       17)  95 ( 17.0%) |***************************
		[       17:       19)  26 (  4.7%) |*******
		[       19:       21)  10 (  1.8%) |***

