#Packing pin usage report
Type: io
	Input Pin Usage:
		Max: 1.00 (0.02)
		Avg: 0.30 (0.01)
		Min: 0.00 (0.00)
		Histogram:
		[        0:      5.5) 368 (100.0%) |***********************************************
		[      5.5:       11)   0 (  0.0%) |
		[       11:       16)   0 (  0.0%) |
		[       16:       22)   0 (  0.0%) |
		[       22:       28)   0 (  0.0%) |
		[       28:       33)   0 (  0.0%) |
		[       33:       38)   0 (  0.0%) |
		[       38:       44)   0 (  0.0%) |
		[       44:       50)   0 (  0.0%) |
		[       50:       55)   0 (  0.0%) |
	Output Pin Usage:
		Max: 1.00 (0.03)
		Avg: 0.70 (0.02)
		Min: 0.00 (0.00)
		Histogram:
		[        0:        4) 368 (100.0%) |***********************************************
		[        4:        8)   0 (  0.0%) |
		[        8:       12)   0 (  0.0%) |
		[       12:       16)   0 (  0.0%) |
		[       16:       20)   0 (  0.0%) |
		[       20:       24)   0 (  0.0%) |
		[       24:       28)   0 (  0.0%) |
		[       28:       32)   0 (  0.0%) |
		[       32:       36)   0 (  0.0%) |
		[       36:       40)   0 (  0.0%) |

Type: LAB
	Input Pin Usage:
		Max: 38.00 (0.42)
		Avg: 16.62 (0.18)
		Min: 1.00 (0.01)
		Histogram:
		[        0:      9.1)  63 (  8.7%) |*******
		[      9.1:       18) 396 ( 54.4%) |***********************************************
		[       18:       27) 257 ( 35.3%) |*******************************
		[       27:       36)  11 (  1.5%) |*
		[       36:       46)   1 (  0.1%) |
		[       46:       55)   0 (  0.0%) |
		[       55:       64)   0 (  0.0%) |
		[       64:       73)   0 (  0.0%) |
		[       73:       82)   0 (  0.0%) |
		[       82:       91)   0 (  0.0%) |
	Output Pin Usage:
		Max: 27.00 (0.64)
		Avg: 10.68 (0.25)
		Min: 1.00 (0.02)
		Histogram:
		[        0:      4.2)  56 (  7.7%) |********
		[      4.2:      8.4) 139 ( 19.1%) |*********************
		[      8.4:       13) 311 ( 42.7%) |***********************************************
		[       13:       17) 166 ( 22.8%) |*************************
		[       17:       21)  47 (  6.5%) |*******
		[       21:       25)   8 (  1.1%) |*
		[       25:       29)   1 (  0.1%) |
		[       29:       34)   0 (  0.0%) |
		[       34:       38)   0 (  0.0%) |
		[       38:       42)   0 (  0.0%) |

