#Packing pin usage report
Type: io
	Input Pin Usage:
		Max: 1.00 (0.50)
		Avg: 0.38 (0.19)
		Min: 0.00 (0.00)
		Histogram:
		[        0:      0.2) 244 ( 61.6%) |***********************************************
		[      0.2:      0.4)   0 (  0.0%) |
		[      0.4:      0.6)   0 (  0.0%) |
		[      0.6:      0.8)   0 (  0.0%) |
		[      0.8:        1) 152 ( 38.4%) |*****************************
		[        1:      1.2)   0 (  0.0%) |
		[      1.2:      1.4)   0 (  0.0%) |
		[      1.4:      1.6)   0 (  0.0%) |
		[      1.6:      1.8)   0 (  0.0%) |
		[      1.8:        2)   0 (  0.0%) |
	Output Pin Usage:
		Max: 1.00 (1.00)
		Avg: 0.62 (0.62)
		Min: 0.00 (0.00)
		Histogram:
		[        0:      0.1) 152 ( 38.4%) |*****************************
		[      0.1:      0.2)   0 (  0.0%) |
		[      0.2:      0.3)   0 (  0.0%) |
		[      0.3:      0.4)   0 (  0.0%) |
		[      0.4:      0.5)   0 (  0.0%) |
		[      0.5:      0.6)   0 (  0.0%) |
		[      0.6:      0.7)   0 (  0.0%) |
		[      0.7:      0.8)   0 (  0.0%) |
		[      0.8:      0.9)   0 (  0.0%) |
		[      0.9:        1) 244 ( 61.6%) |***********************************************

Type: clb
	Input Pin Usage:
		Max: 31.00 (0.57)
		Avg: 18.50 (0.34)
		Min: 1.00 (0.02)
		Histogram:
		[        0:      5.4)  5 ( 10.0%) |*********
		[      5.4:       11)  0 (  0.0%) |
		[       11:       16)  5 ( 10.0%) |*********
		[       16:       22) 26 ( 52.0%) |************************************************
		[       22:       27) 12 ( 24.0%) |**********************
		[       27:       32)  2 (  4.0%) |****
		[       32:       38)  0 (  0.0%) |
		[       38:       43)  0 (  0.0%) |
		[       43:       49)  0 (  0.0%) |
		[       49:       54)  0 (  0.0%) |
	Output Pin Usage:
		Max: 17.00 (0.81)
		Avg: 11.60 (0.55)
		Min: 1.00 (0.05)
		Histogram:
		[        0:      2.1)  5 ( 10.0%) |******************
		[      2.1:      4.2)  0 (  0.0%) |
		[      4.2:      6.3)  0 (  0.0%) |
		[      6.3:      8.4)  3 (  6.0%) |***********
		[      8.4:       10)  7 ( 14.0%) |**************************
		[       10:       13) 10 ( 20.0%) |*************************************
		[       13:       15) 11 ( 22.0%) |*****************************************
		[       15:       17) 13 ( 26.0%) |************************************************
		[       17:       19)  1 (  2.0%) |****
		[       19:       21)  0 (  0.0%) |

