VPR FPGA Placement and Routing.
Version: 8.1.0-dev+unkown
Revision: unkown
Compiled: 2023-11-16T17:20:44
Compiler: GNU 11.4.0 on Linux-6.2.0-36-generic x86_64
Build Info: release IPO VTR_ASSERT_LEVEL=2

University of Toronto
verilogtorouting.org
vtr-users@googlegroups.com
This is free open source code under MIT license.

VPR was run with the following command-line:
/home/xiaokewan/Software/vtr-verilog-to-routing-master/vpr/vpr /home/xiaokewan/Software/vtr-verilog-to-routing-master/vtr_flow/arch/timing/EArch.xml ../rent_exp_1.0.blif


Architecture file: /home/xiaokewan/Software/vtr-verilog-to-routing-master/vtr_flow/arch/timing/EArch.xml
Circuit name: rent_exp_1.0

# Loading Architecture Description
# Loading Architecture Description took 0.00 seconds (max_rss 17.2 MiB, delta_rss +1.9 MiB)

Timing analysis: ON
Circuit netlist file: rent_exp_1.0.net
Circuit placement file: rent_exp_1.0.place
Circuit routing file: rent_exp_1.0.route
Circuit SDC file: rent_exp_1.0.sdc
Vpr floorplanning constraints file: not specified

Packer: ENABLED
Placer: ENABLED
Router: ENABLED
Analysis: ENABLED

VPR was run with the following options:

NetlistOpts.abosrb_buffer_luts            : true
NetlistOpts.sweep_dangling_primary_ios    : true
NetlistOpts.sweep_dangling_nets           : true
NetlistOpts.sweep_dangling_blocks         : true
NetlistOpts.sweep_constant_primary_outputs: false
NetlistOpts.netlist_verbosity             : 1
NetlistOpts.const_gen_inference           : COMB_SEQ

PackerOpts.allow_unrelated_clustering: auto
PackerOpts.alpha_clustering: 0.750000
PackerOpts.beta_clustering: 0.900000
PackerOpts.cluster_seed_type: BLEND2
PackerOpts.connection_driven: true
PackerOpts.global_clocks: true
PackerOpts.hill_climbing_flag: false
PackerOpts.inter_cluster_net_delay: 1.000000
PackerOpts.timing_driven: true
PackerOpts.target_external_pin_util: auto

PlacerOpts.place_freq: PLACE_ONCE
PlacerOpts.place_algorithm: CRITICALITY_TIMING_PLACE
PlacerOpts.pad_loc_type: FREE
PlacerOpts.constraints_file: No constraints file given
PlacerOpts.place_cost_exp: 1.000000
PlacerOpts.place_chan_width: 100
PlacerOpts.inner_loop_recompute_divider: 0
PlacerOpts.recompute_crit_iter: 1
PlacerOpts.timing_tradeoff: 0.500000
PlacerOpts.td_place_exp_first: 1.000000
PlacerOpts.td_place_exp_last: 8.000000
PlacerOpts.delay_offset: 0.000000
PlacerOpts.delay_ramp_delta_threshold: -1
PlacerOpts.delay_ramp_slope: 0.000000
PlacerOpts.tsu_rel_margin: 1.000000
PlacerOpts.tsu_abs_margin: 0.000000
PlacerOpts.post_place_timing_report_file: 
PlacerOpts.allowed_tiles_for_delay_model: 
PlacerOpts.delay_model_reducer: MIN
PlacerOpts.delay_model_type: DELTA
PlacerOpts.rlim_escape_fraction: 0.000000
PlacerOpts.move_stats_file: 
PlacerOpts.placement_saves_per_temperature: 0
PlacerOpts.effort_scaling: CIRCUIT
PlacerOpts.place_delta_delay_matrix_calculation_method: ASTAR_ROUTE
PlaceOpts.seed: 1
AnnealSched.type: AUTO_SCHED
AnnealSched.inner_num: 0.500000

RouterOpts.route_type: DETAILED
RouterOpts.flat_routing: false
RouterOpts.has_choking_spot: false
RouterOpts.router_algorithm: TIMING_DRIVEN
RouterOpts.base_cost_type: DELAY_NORMALIZED_LENGTH
RouterOpts.fixed_channel_width: NO_FIXED_CHANNEL_WIDTH
RouterOpts.check_route: FULL
RouterOpts.acc_fac: 1.000000
RouterOpts.bb_factor: 3
RouterOpts.bend_cost: 0.000000
RouterOpts.first_iter_pres_fac: 0.000000
RouterOpts.initial_pres_fac: 0.500000
RouterOpts.pres_fac_mult: 1.300000
RouterOpts.max_router_iterations: 50
RouterOpts.min_incremental_reroute_fanout: 16
RouterOpts.do_check_rr_graph: true
RouterOpts.verify_binary_search: false
RouterOpts.min_channel_width_hint: 0
RouterOpts.read_rr_edge_metadata: false
RouterOpts.exit_after_first_routing_iteration: false
RouterOpts.astar_fac: 1.200000
RouterOpts.router_profiler_astar_fac: 1.200000
RouterOpts.criticality_exp: 1.000000
RouterOpts.max_criticality: 0.990000
RouterOpts.init_wirelength_abort_threshold: 0.850000
RouterOpts.save_routing_per_iteration: false
RouterOpts.congested_routing_iteration_threshold_frac: 1.000000
RouterOpts.high_fanout_threshold: 64
RouterOpts.router_debug_net: -2
RouterOpts.router_debug_sink_rr: -2
RouterOpts.router_debug_iteration: -2
RouterOpts.max_convergence_count: 1
RouterOpts.reconvergence_cpd_threshold: 0.990000
RouterOpts.update_lower_bound_delays: true
RouterOpts.first_iteration_timing_report_file: 
RouterOpts.incr_reroute_delay_ripup: AUTO
RouterOpts.route_bb_update: DYNAMIC
RouterOpts.lookahead_type: MAP
RouterOpts.initial_timing: LOOKAHEAD
RouterOpts.router_heap: BINARY_HEAP
RouterOpts.routing_failure_predictor = SAFE
RouterOpts.routing_budgets_algorithm = DISABLE

AnalysisOpts.gen_post_synthesis_netlist: false
AnalysisOpts.timing_report_npaths: 100
AnalysisOpts.timing_report_skew: false
AnalysisOpts.echo_dot_timing_graph_node: -1
AnalysisOpts.timing_report_detail: NETLIST
AnalysisOpts.post_synth_netlist_unconn_input_handling: UNCONNECTED
AnalysisOpts.post_synth_netlist_unconn_output_handling: UNCONNECTED

# Building complex block graph
Warning 1: io[0].clock[0] unconnected pin in architecture.
# Building complex block graph took 0.01 seconds (max_rss 25.1 MiB, delta_rss +7.7 MiB)
Circuit file: ../rent_exp_1.0.blif
# Load circuit
# Load circuit took 0.00 seconds (max_rss 27.0 MiB, delta_rss +1.9 MiB)
# Clean circuit
Absorbed 0 LUT buffers
Inferred    0 additional primitive pins as constant generators since they have no combinationally connected inputs
Inferred    0 additional primitive pins as constant generators due to constant inputs
Swept input(s)      : 0
Swept output(s)     : 0 (0 dangling, 0 constant)
Swept net(s)        : 0
Swept block(s)      : 0
Constant Pins Marked: 0
# Clean circuit took 0.00 seconds (max_rss 27.0 MiB, delta_rss +0.0 MiB)
# Compress circuit
# Compress circuit took 0.00 seconds (max_rss 27.2 MiB, delta_rss +0.2 MiB)
# Verify circuit
# Verify circuit took 0.00 seconds (max_rss 27.2 MiB, delta_rss +0.0 MiB)
Circuit Statistics:
  Blocks: 1325
    .input :     244
    .latch :     129
    .output:     152
    6-LUT  :     800
  Nets  : 1173
    Avg Fanout:     1.8
    Max Fanout:   129.0
    Min Fanout:     1.0
  Netlist Clocks: 1
# Build Timing Graph
  Timing Graph Nodes: 3283
  Timing Graph Edges: 4068
  Timing Graph Levels: 84
# Build Timing Graph took 0.00 seconds (max_rss 27.4 MiB, delta_rss +0.2 MiB)
Netlist contains 1 clocks
  Netlist Clock 'pclk' Fanout: 129 pins (3.9%), 129 blocks (9.7%)
# Load Timing Constraints

SDC file 'rent_exp_1.0.sdc' not found
Setting default timing constraints:
   * constrain all primay inputs and primary outputs on netlist clock 'pclk'
   * optimize netlist clock to run as fast as possible
Timing constraints created 1 clocks
  Constrained Clock 'pclk' Source: 'pclk.inpad[0]'

# Load Timing Constraints took 0.00 seconds (max_rss 27.4 MiB, delta_rss +0.0 MiB)
# Packing
Begin packing '../rent_exp_1.0.blif'.

After removing unused inputs...
	total blocks: 1325, total nets: 1173, total inputs: 244, total outputs: 152
Begin prepacking.

There is one chain in this architecture called "chain" with the following starting points:
	clb[0]/fle[0]/lut5inter[0]/ble5[0]/arithmetic[0]/adder[0].cin[0]

0 attraction groups were created during prepacking.
Finish prepacking.
Using inter-cluster delay: 1.33777e-09
Packing with pin utilization targets: io:1,1 clb:0.8,1 mult_36:1,1 memory:1,1
Packing with high fanout thresholds: io:128 clb:32 mult_36:128 memory:128
Starting Clustering - Clustering Progress: 
-------------------   --------------------------   ---------
Molecules processed   Number of clusters created   FPGA size
-------------------   --------------------------   ---------
    52/1302      3%                            3     5 x 5     
   104/1302      7%                            6     5 x 5     
   156/1302     11%                            8     6 x 6     
   208/1302     15%                           11     6 x 6     
   260/1302     19%                           13     7 x 7     
   312/1302     23%                           16     7 x 7     
   364/1302     27%                           19     7 x 7     
   416/1302     31%                           21     8 x 8     
   468/1302     35%                           24     8 x 8     
   520/1302     39%                           26     9 x 9     
   572/1302     43%                           29     9 x 9     
   624/1302     47%                           32     9 x 9     
   676/1302     51%                           34     9 x 9     
   728/1302     55%                           37    10 x 10    
   780/1302     59%                           39    10 x 10    
   832/1302     63%                           42    10 x 10    
   884/1302     67%                           45    10 x 10    
   936/1302     71%                           79    11 x 11    
   988/1302     75%                          131    11 x 11    
  1040/1302     79%                          183    11 x 11    
  1092/1302     83%                          235    11 x 11    
  1144/1302     87%                          287    11 x 11    
  1196/1302     91%                          339    12 x 12    
  1248/1302     95%                          391    13 x 13    
  1300/1302     99%                          443    15 x 15    

Logic Element (fle) detailed count:
  Total number of Logic Elements used : 455
  LEs used for logic and registers    : 95
  LEs used for logic only             : 343
  LEs used for registers only         : 17

Incr Slack updates 1 in 2.5188e-05 sec
Full Max Req/Worst Slack updates 1 in 4.378e-06 sec
Incr Max Req/Worst Slack updates 0 in 0 sec
Incr Criticality updates 0 in 0 sec
Full Criticality updates 1 in 3.6578e-05 sec
FPGA sized to 15 x 15 (auto)
Device Utilization: 0.44 (target 1.00)
	Block Utilization: 0.95 Type: io
	Block Utilization: 0.38 Type: clb

Start the iterative improvement process
the iterative improvement process is done
Final Clustering Statistics: 
----------   --------   ------------------------------------   --------------------------
Block Type   # Blocks   Avg. # of input clocks and pins used   Avg. # of output pins used
----------   --------   ------------------------------------   --------------------------
     EMPTY          0                                      0                            0   
        io        396                               0.383838                     0.616162   
       clb         50                                   18.5                         11.6   
   mult_36          0                                      0                            0   
    memory          0                                      0                            0   
Absorbed logical nets 349 out of 1173 nets, 824 nets not absorbed.

Netlist conversion complete.

# Packing took 0.41 seconds (max_rss 34.5 MiB, delta_rss +7.1 MiB)
# Load packing
Begin loading packed FPGA netlist file.
Netlist generated from file 'rent_exp_1.0.net'.
Detected 0 constant generators (to see names run with higher pack verbosity)
Finished loading packed FPGA netlist file (took 0.054773 seconds).
Warning 2: Treated 0 constant nets as global which will not be routed (to see net names increase packer verbosity).
# Load packing took 0.06 seconds (max_rss 72.4 MiB, delta_rss +37.9 MiB)
Warning 3: Netlist contains 0 global net to non-global architecture pin connections

Pb types usage...
  io              : 396
   inpad          : 244
   outpad         : 152
  clb             : 50
   fle            : 455
    lut5inter     : 455
     ble5         : 906
      flut5       : 906
       lut5       : 800
        lut       : 800
       ff         : 129

# Create Device
## Build Device Grid
FPGA sized to 15 x 15: 225 grid tiles (auto)

Resource usage...
	Netlist
		396	blocks of type: io
	Architecture
		416	blocks of type: io
	Netlist
		50	blocks of type: clb
	Architecture
		130	blocks of type: clb
	Netlist
		0	blocks of type: mult_36
	Architecture
		3	blocks of type: mult_36
	Netlist
		0	blocks of type: memory
	Architecture
		4	blocks of type: memory

Device Utilization: 0.44 (target 1.00)
	Physical Tile io:
	Block Utilization: 0.95 Logical Block: io
	Physical Tile clb:
	Block Utilization: 0.38 Logical Block: clb
	Physical Tile mult_36:
	Block Utilization: 0.00 Logical Block: mult_36
	Physical Tile memory:
	Block Utilization: 0.00 Logical Block: memory

FPGA size limited by block type(s): io

## Build Device Grid took 0.00 seconds (max_rss 72.4 MiB, delta_rss +0.0 MiB)
## Build routing resource graph
SOURCE->OPIN and IPIN->SINK edge count:12074
OPIN->CHANX/CHANY edge count before creating direct connections: 34880
OPIN->CHANX/CHANY edge count after creating direct connections: 35000
CHAN->CHAN type edge count:185948
## Build routing resource graph took 0.08 seconds (max_rss 72.4 MiB, delta_rss +0.0 MiB)
  RR Graph Nodes: 29108
  RR Graph Edges: 233022
# Create Device took 0.08 seconds (max_rss 72.4 MiB, delta_rss +0.0 MiB)

# Computing router lookahead map
## Computing wire lookahead
## Computing wire lookahead took 0.19 seconds (max_rss 72.4 MiB, delta_rss +0.0 MiB)
## Computing src/opin lookahead
## Computing src/opin lookahead took 0.00 seconds (max_rss 72.4 MiB, delta_rss +0.0 MiB)
# Computing router lookahead map took 0.19 seconds (max_rss 72.4 MiB, delta_rss +0.0 MiB)
# Computing placement delta delay look-up
## Build routing resource graph
SOURCE->OPIN and IPIN->SINK edge count:12074
OPIN->CHANX/CHANY edge count before creating direct connections: 33652
OPIN->CHANX/CHANY edge count after creating direct connections: 33772
CHAN->CHAN type edge count:178004
## Build routing resource graph took 0.07 seconds (max_rss 72.4 MiB, delta_rss +0.0 MiB)
  RR Graph Nodes: 28660
  RR Graph Edges: 223850
## Computing router lookahead map
### Computing wire lookahead
### Computing wire lookahead took 0.18 seconds (max_rss 72.4 MiB, delta_rss +0.0 MiB)
### Computing src/opin lookahead
### Computing src/opin lookahead took 0.00 seconds (max_rss 72.4 MiB, delta_rss +0.0 MiB)
## Computing router lookahead map took 0.18 seconds (max_rss 72.4 MiB, delta_rss +0.0 MiB)
## Computing delta delays
## Computing delta delays took 0.02 seconds (max_rss 72.4 MiB, delta_rss +0.0 MiB)
# Computing placement delta delay look-up took 0.27 seconds (max_rss 72.4 MiB, delta_rss +0.0 MiB)

Bounding box mode is Cube

Using simple RL 'Softmax agent' for choosing move and block types
# Placement
## Initial Placement
Initial placement iteration 0 has finished successfully
## Initial Placement took 0.00 seconds (max_rss 72.4 MiB, delta_rss +0.0 MiB)

There are 1033 point to point connections in this circuit.


BB estimate of min-dist (placement) wire length: 9447

Completed placement consistency check successfully.
Initial placement cost: 1 bb_cost: 98.4098 td_cost: 2.67891e-07
Initial placement estimated Critical Path Delay (CPD): 19.0971 ns
Initial placement estimated setup Total Negative Slack (sTNS): -2738.86 ns
Initial placement estimated setup Worst Negative Slack (sWNS): -19.0971 ns

Initial placement estimated setup slack histogram:
[ -1.9e-08: -1.7e-08) 32 ( 11.4%) |******************************
[ -1.7e-08: -1.5e-08) 49 ( 17.4%) |**********************************************
[ -1.5e-08: -1.3e-08) 32 ( 11.4%) |******************************
[ -1.3e-08: -1.2e-08) 15 (  5.3%) |**************
[ -1.2e-08: -9.8e-09) 20 (  7.1%) |*******************
[ -9.8e-09: -7.9e-09) 11 (  3.9%) |**********
[ -7.9e-09:   -6e-09) 22 (  7.8%) |*********************
[   -6e-09: -4.2e-09) 13 (  4.6%) |************
[ -4.2e-09: -2.3e-09) 36 ( 12.8%) |**********************************
[ -2.3e-09: -4.2e-10) 51 ( 18.1%) |************************************************
Placement contains 0 placement macros involving 0 blocks (average macro size -nan)

Moves per temperature: 1703
Warning 4: Starting t: 192 of 446 configurations accepted.

---- ------ ------- ------- ---------- ---------- ------- ---------- -------- ------- ------- ------ -------- --------- ------
Tnum   Time       T Av Cost Av BB Cost Av TD Cost     CPD       sTNS     sWNS Ac Rate Std Dev  R lim Crit Exp Tot Moves  Alpha
      (sec)                                          (ns)       (ns)     (ns)                                                 
---- ------ ------- ------- ---------- ---------- ------- ---------- -------- ------- ------- ------ -------- --------- ------
   1    0.0 6.4e-04   0.925      77.62 2.1693e-07  18.395  -2.62e+03  -18.395   0.578  0.0318   14.0     1.00      1703  0.200
   2    0.0 6.1e-04   0.977      72.26 2.0018e-07  17.858   -2.5e+03  -17.858   0.560  0.0123   14.0     1.00      3406  0.950
   3    0.0 5.7e-04   0.975      69.08 1.982e-07   16.778  -2.45e+03  -16.778   0.537  0.0095   14.0     1.00      5109  0.950
   4    0.0 5.5e-04   0.986      67.66 1.9101e-07  17.306  -2.48e+03  -17.306   0.520  0.0056   14.0     1.00      6812  0.950
   5    0.0 5.2e-04   0.983      65.92 1.8773e-07  17.056  -2.46e+03  -17.056   0.497  0.0091   14.0     1.00      8515  0.950
   6    0.0 4.9e-04   0.989      64.87 1.887e-07   16.929  -2.43e+03  -16.929   0.470  0.0081   14.0     1.00     10218  0.950
   7    0.0 4.7e-04   0.995      64.08 1.8411e-07  16.803  -2.42e+03  -16.803   0.422  0.0037   14.0     1.00     11921  0.950
   8    0.0 4.4e-04   0.998      63.24 1.73e-07    16.761  -2.41e+03  -16.761   0.436  0.0021   13.8     1.13     13624  0.950
   9    0.0 4.2e-04   0.992      63.07 1.7221e-07  16.451   -2.4e+03  -16.451   0.427  0.0057   13.7     1.16     15327  0.950
  10    0.0 4.0e-04   0.997      62.20 1.6359e-07  16.536   -2.4e+03  -16.536   0.368  0.0043   13.5     1.25     17030  0.950
  11    0.0 3.8e-04   0.990      62.02 1.3622e-07  16.627  -2.39e+03  -16.627   0.385  0.0065   12.5     1.78     18733  0.950
  12    0.0 3.6e-04   0.994      61.19 1.1956e-07  16.774  -2.39e+03  -16.774   0.348  0.0040   11.9     2.16     20436  0.950
  13    0.0 3.4e-04   0.995      61.07 1.0129e-07  16.922  -2.39e+03  -16.922   0.324  0.0037   10.8     2.75     22139  0.950
  14    0.0 3.3e-04   0.993      60.37 8.6205e-08  16.922  -2.38e+03  -16.922   0.342  0.0028    9.5     3.42     23842  0.950
  15    0.0 3.1e-04   0.993      60.15 7.945e-08   16.658  -2.37e+03  -16.658   0.299  0.0036    8.6     3.92     25545  0.950
  16    0.0 3.0e-04   0.990      59.94 7.3133e-08  16.441  -2.37e+03  -16.441   0.311  0.0043    7.4     4.57     27248  0.950
  17    0.0 2.8e-04   0.995      59.43 6.6482e-08  16.407  -2.36e+03  -16.407   0.317  0.0038    6.4     5.08     28951  0.950
  18    0.0 2.7e-04   0.996      58.96 6.1986e-08  16.407  -2.36e+03  -16.407   0.284  0.0024    5.6     5.51     30654  0.950
  19    0.0 2.5e-04   0.998      58.40 5.8837e-08  16.323  -2.35e+03  -16.323   0.285  0.0017    4.8     5.98     32357  0.950
  20    0.0 2.4e-04   1.000      58.65 5.5337e-08  16.323  -2.34e+03  -16.323   0.270  0.0014    4.0     6.38     34060  0.950
  21    0.0 2.3e-04   0.993      58.21 5.4767e-08  16.179  -2.34e+03  -16.179   0.275  0.0044    3.3     6.74     35763  0.950
  22    0.0 2.2e-04   0.999      57.94 5.0449e-08  16.322  -2.35e+03  -16.322   0.284  0.0027    2.8     7.04     37466  0.950
  23    0.0 2.1e-04   0.996      57.71 4.7243e-08  16.329  -2.34e+03  -16.329   0.257  0.0021    2.4     7.27     39169  0.950
  24    0.0 2.0e-04   0.998      57.41 4.6316e-08  16.322  -2.34e+03  -16.322   0.393  0.0013    1.9     7.50     40872  0.950
  25    0.0 1.9e-04   0.993      56.86 4.3098e-08  16.507  -2.34e+03  -16.507   0.402  0.0039    1.8     7.55     42575  0.950
  26    0.0 1.8e-04   0.997      56.29 4.4608e-08  16.322  -2.33e+03  -16.322   0.351  0.0012    1.8     7.59     44278  0.950
  27    0.0 1.7e-04   0.997      55.94 4.4029e-08  16.322  -2.33e+03  -16.322   0.346  0.0011    1.6     7.68     45981  0.950
  28    0.0 1.6e-04   0.999      55.73 4.3653e-08  16.322  -2.33e+03  -16.322   0.335  0.0014    1.5     7.76     47684  0.950
  29    0.0 1.5e-04   0.998      55.43 4.3953e-08  16.322  -2.33e+03  -16.322   0.339  0.0012    1.3     7.84     49387  0.950
  30    0.0 1.4e-04   0.999      55.24 4.3408e-08  16.322  -2.33e+03  -16.322   0.331  0.0007    1.2     7.91     51090  0.950
  31    0.0 1.4e-04   0.997      55.10 4.2999e-08  16.322  -2.33e+03  -16.322   0.314  0.0014    1.0     7.98     52793  0.950
  32    0.0 1.3e-04   1.000      55.04 4.2773e-08  16.322  -2.33e+03  -16.322   0.318  0.0006    1.0     8.00     54496  0.950
  33    0.0 1.2e-04   1.001      55.11 4.294e-08   16.322  -2.33e+03  -16.322   0.339  0.0006    1.0     8.00     56199  0.950
  34    0.0 1.2e-04   0.998      54.78 4.2887e-08  16.322  -2.33e+03  -16.322   0.298  0.0014    1.0     8.00     57902  0.950
  35    0.0 1.1e-04   0.997      54.45 4.2799e-08  16.322  -2.33e+03  -16.322   0.295  0.0012    1.0     8.00     59605  0.950
  36    0.0 1.1e-04   0.996      54.25 4.267e-08   16.322  -2.33e+03  -16.322   0.298  0.0019    1.0     8.00     61308  0.950
  37    0.0 1.0e-04   0.999      53.85 4.2664e-08  16.322  -2.33e+03  -16.322   0.258  0.0008    1.0     8.00     63011  0.950
  38    0.0 9.5e-05   1.000      53.81 4.246e-08   16.322  -2.33e+03  -16.322   0.282  0.0005    1.0     8.00     64714  0.950
  39    0.0 9.1e-05   1.000      53.75 4.2345e-08  16.322  -2.33e+03  -16.322   0.260  0.0004    1.0     8.00     66417  0.950
  40    0.0 8.6e-05   1.000      53.62 4.2425e-08  16.322  -2.33e+03  -16.322   0.275  0.0003    1.0     8.00     68120  0.950
  41    0.0 8.2e-05   0.999      53.49 4.2406e-08  16.322  -2.33e+03  -16.322   0.262  0.0011    1.0     8.00     69823  0.950
  42    0.0 7.8e-05   0.998      53.46 4.2268e-08  16.322  -2.33e+03  -16.322   0.263  0.0008    1.0     8.00     71526  0.950
  43    0.0 7.4e-05   0.999      53.50 4.2148e-08  16.322  -2.33e+03  -16.322   0.278  0.0006    1.0     8.00     73229  0.950
  44    0.0 7.0e-05   1.000      53.36 4.2155e-08  16.322  -2.33e+03  -16.322   0.250  0.0004    1.0     8.00     74932  0.950
  45    0.0 6.7e-05   0.999      53.29 4.2024e-08  16.322  -2.33e+03  -16.322   0.245  0.0011    1.0     8.00     76635  0.950
  46    0.0 6.3e-05   0.998      52.93 4.1827e-08  16.322  -2.33e+03  -16.322   0.242  0.0009    1.0     8.00     78338  0.950
  47    0.0 6.0e-05   0.999      52.84 4.1712e-08  16.322  -2.33e+03  -16.322   0.225  0.0009    1.0     8.00     80041  0.950
  48    0.0 5.7e-05   0.999      52.68 4.1539e-08  16.322  -2.33e+03  -16.322   0.200  0.0007    1.0     8.00     81744  0.950
  49    0.0 5.4e-05   0.999      52.61 4.1541e-08  16.322  -2.33e+03  -16.322   0.214  0.0003    1.0     8.00     83447  0.950
  50    0.0 5.2e-05   1.000      52.57 4.1557e-08  16.322  -2.33e+03  -16.322   0.224  0.0004    1.0     8.00     85150  0.950
  51    0.0 4.9e-05   0.999      52.55 4.1503e-08  16.322  -2.33e+03  -16.322   0.216  0.0003    1.0     8.00     86853  0.950
  52    0.0 4.7e-05   1.000      52.46 4.1526e-08  16.322  -2.32e+03  -16.322   0.204  0.0001    1.0     8.00     88556  0.950
  53    0.0 4.4e-05   1.000      52.46 4.1559e-08  16.322  -2.33e+03  -16.322   0.208  0.0004    1.0     8.00     90259  0.950
  54    0.0 4.2e-05   1.000      52.44 4.1484e-08  16.322  -2.33e+03  -16.322   0.202  0.0002    1.0     8.00     91962  0.950
  55    0.0 4.0e-05   0.999      52.40 4.1465e-08  16.322  -2.33e+03  -16.322   0.198  0.0003    1.0     8.00     93665  0.950
  56    0.0 3.8e-05   1.000      52.35 4.1453e-08  16.322  -2.33e+03  -16.322   0.193  0.0002    1.0     8.00     95368  0.950
  57    0.0 3.6e-05   1.000      52.34 4.1434e-08  16.322  -2.33e+03  -16.322   0.191  0.0001    1.0     8.00     97071  0.950
  58    0.0 3.4e-05   1.000      52.37 4.1391e-08  16.322  -2.32e+03  -16.322   0.184  0.0002    1.0     8.00     98774  0.950
  59    0.0 3.3e-05   1.000      52.34 4.1352e-08  16.322  -2.33e+03  -16.322   0.201  0.0003    1.0     8.00    100477  0.950
  60    0.0 3.1e-05   1.000      52.29 4.1294e-08  16.322  -2.32e+03  -16.322   0.190  0.0002    1.0     8.00    102180  0.950
  61    0.0 2.9e-05   1.000      52.22 4.1342e-08  16.322  -2.33e+03  -16.322   0.191  0.0001    1.0     8.00    103883  0.950
  62    0.0 2.8e-05   1.000      52.18 4.1302e-08  16.322  -2.33e+03  -16.322   0.169  0.0002    1.0     8.00    105586  0.950
  63    0.0 2.6e-05   1.000      52.19 4.1287e-08  16.322  -2.33e+03  -16.322   0.157  0.0001    1.0     8.00    107289  0.950
  64    0.0 2.5e-05   1.000      52.16 4.126e-08   16.322  -2.32e+03  -16.322   0.164  0.0003    1.0     8.00    108992  0.950
  65    0.0 2.4e-05   1.000      52.15 4.1224e-08  16.322  -2.32e+03  -16.322   0.147  0.0002    1.0     8.00    110695  0.950
  66    0.0 1.9e-05   1.000      52.14 4.1191e-08  16.322  -2.33e+03  -16.322   0.183  0.0001    1.0     8.00    112398  0.800
Agent's 2nd state: 
Checkpoint saved: bb_costs=52.1414, TD costs=4.11925e-08, CPD= 16.322 (ns) 
  67    0.0 1.8e-05   1.000      52.12 4.119e-08   16.322  -2.33e+03  -16.322   0.127  0.0002    1.0     8.00    114101  0.950
  68    0.0 1.5e-05   1.000      52.12 4.1129e-08  16.322  -2.33e+03  -16.322   0.122  0.0001    1.0     8.00    115804  0.800
  69    0.0 1.2e-05   1.000      52.12 4.112e-08   16.322  -2.33e+03  -16.322   0.128  0.0001    1.0     8.00    117507  0.800
  70    0.0 9.3e-06   0.999      51.97 4.111e-08   16.322  -2.33e+03  -16.322   0.123  0.0004    1.0     8.00    119210  0.800
Checkpoint saved: bb_costs=51.9701, TD costs=4.15152e-08, CPD= 16.291 (ns) 
  71    0.0 7.4e-06   1.000      51.96 4.151e-08   16.291  -2.32e+03  -16.291   0.107  0.0001    1.0     8.00    120913  0.800
  72    0.0 0.0e+00   1.000      51.95 4.1496e-08  16.291  -2.32e+03  -16.291   0.052  0.0001    1.0     8.00    122616  0.800
## Placement Quench took 0.00 seconds (max_rss 72.4 MiB)
post-quench CPD = 16.2912 (ns) 

BB estimate of min-dist (placement) wire length: 4986

Completed placement consistency check successfully.

Swaps called: 123062

Aborted Move Reasons:
  No moves aborted

Placement estimated critical path delay (least slack): 16.2912 ns, Fmax: 61.3827 MHz
Placement estimated setup Worst Negative Slack (sWNS): -16.2912 ns
Placement estimated setup Total Negative Slack (sTNS): -2322.88 ns

Placement estimated setup slack histogram:
[ -1.6e-08: -1.5e-08) 29 ( 10.3%) |************************
[ -1.5e-08: -1.3e-08) 52 ( 18.5%) |********************************************
[ -1.3e-08: -1.2e-08) 27 (  9.6%) |***********************
[ -1.2e-08: -9.9e-09) 22 (  7.8%) |*******************
[ -9.9e-09: -8.4e-09) 16 (  5.7%) |*************
[ -8.4e-09: -6.8e-09) 16 (  5.7%) |*************
[ -6.8e-09: -5.2e-09) 22 (  7.8%) |*******************
[ -5.2e-09: -3.6e-09)  8 (  2.8%) |*******
[ -3.6e-09:   -2e-09) 32 ( 11.4%) |***************************
[   -2e-09: -4.2e-10) 57 ( 20.3%) |************************************************

Placement estimated geomean non-virtual intra-domain period: 16.2912 ns (61.3827 MHz)
Placement estimated fanout-weighted geomean non-virtual intra-domain period: 16.2912 ns (61.3827 MHz)

Placement cost: 0.999775, bb_cost: 51.938, td_cost: 4.14999e-08, 

Placement resource usage:
  io  implemented as io : 396
  clb implemented as clb: 50

Placement number of temperatures: 72
Placement total # of swap attempts: 123062
	Swaps accepted:  34749 (28.2 %)
	Swaps rejected:  81068 (65.9 %)
	Swaps aborted:   7245 ( 5.9 %)


Placement perturbation distribution by block and move type: 
------------------ ----------------- ---------------- ---------------- --------------- ------------ 
    Block Type         Move Type       (%) of Total      Accepted(%)     Rejected(%)    Aborted(%)
------------------ ----------------- ---------------- ---------------- --------------- ------------ 
io                 Uniform                21.62            36.02           63.98          0.00         
                   Median                 21.17            30.86           60.22          8.92         
                   Centroid               21.35            30.98           59.93          9.09         
                   W. Centroid            21.37            31.53           59.79          8.68         
                   W. Median              0.99             13.38           72.50          14.12        
                   Crit. Uniform          0.18             21.27           78.73          0.00         
                   Feasible Region        0.18             22.32           66.07          11.61        

clb                Uniform                2.75             2.45            97.55          0.00         
                   Median                 2.72             3.49            95.07          1.43         
                   Centroid               2.72             3.43            96.57          0.00         
                   W. Centroid            2.75             3.36            96.64          0.00         
                   W. Median              0.13             0.00            98.10          1.90         
                   Crit. Uniform          1.01             0.00            100.00         0.00         
                   Feasible Region        1.03             0.08            99.92          0.00         


Placement Quench timing analysis took 0.000674452 seconds (0.000618668 STA, 5.5784e-05 slack) (1 full updates: 1 setup, 0 hold, 0 combined).
Placement Total  timing analysis took 0.0551192 seconds (0.0505669 STA, 0.00455235 slack) (74 full updates: 74 setup, 0 hold, 0 combined).
update_td_costs: connections 0 nets 0 sum_nets 0 total 0
# Placement took 0.19 seconds (max_rss 72.4 MiB, delta_rss +0.0 MiB)

# Routing
Initializing minimum channel width search based on maximum CLB pins

Attempting to route at 76 channels (binary search bounds: [-1, -1])
## Build routing resource graph
SOURCE->OPIN and IPIN->SINK edge count:12074
OPIN->CHANX/CHANY edge count before creating direct connections: 26676
OPIN->CHANX/CHANY edge count after creating direct connections: 26796
CHAN->CHAN type edge count:140792
## Build routing resource graph took 0.06 seconds (max_rss 72.4 MiB, delta_rss +0.0 MiB)
  RR Graph Nodes: 26420
  RR Graph Edges: 179662
Confirming router algorithm: TIMING_DRIVEN.
## Computing router lookahead map
### Computing wire lookahead
### Computing wire lookahead took 0.16 seconds (max_rss 72.4 MiB, delta_rss +0.0 MiB)
### Computing src/opin lookahead
### Computing src/opin lookahead took 0.00 seconds (max_rss 72.4 MiB, delta_rss +0.0 MiB)
## Computing router lookahead map took 0.16 seconds (max_rss 72.4 MiB, delta_rss +0.0 MiB)
## Initializing router criticalities
Initial Net Connection Criticality Histogram:
[        0:      0.1) 112 ( 10.4%) |*******************************
[      0.1:      0.2)  81 (  7.5%) |***********************
[      0.2:      0.3)  54 (  5.0%) |***************
[      0.3:      0.4)  72 (  6.7%) |********************
[      0.4:      0.5)  84 (  7.8%) |************************
[      0.5:      0.6) 104 (  9.7%) |*****************************
[      0.6:      0.7) 119 ( 11.0%) |*********************************
[      0.7:      0.8) 126 ( 11.7%) |***********************************
[      0.8:      0.9) 157 ( 14.6%) |********************************************
[      0.9:        1) 168 ( 15.6%) |***********************************************
## Initializing router criticalities took 0.01 seconds (max_rss 72.4 MiB, delta_rss +0.0 MiB)
---- ------ ------- ---- ------- ------- ------- ----------------- --------------- -------- ---------- ---------- ---------- ---------- --------
Iter   Time    pres  BBs    Heap  Re-Rtd  Re-Rtd Overused RR Nodes      Wirelength      CPD       sTNS       sWNS       hTNS       hWNS Est Succ
      (sec)     fac Updt    push    Nets   Conns                                       (ns)       (ns)       (ns)       (ns)       (ns)     Iter
---- ------ ------- ---- ------- ------- ------- ----------------- --------------- -------- ---------- ---------- ---------- ---------- --------
   1    0.0     0.0    0   61839     823    1033     524 ( 1.983%)    7722 (27.9%)   17.497     -2503.    -17.497      0.000      0.000      N/A
Incr Slack updates 74 in 0.00155868 sec
Full Max Req/Worst Slack updates 18 in 7.137e-05 sec
Incr Max Req/Worst Slack updates 56 in 0.000230615 sec
Incr Criticality updates 49 in 0.00159533 sec
Full Criticality updates 25 in 0.000836928 sec
   2    0.0     0.5   15   48378     581     776     273 ( 1.033%)    7703 (27.8%)   17.497     -2503.    -17.497      0.000      0.000      N/A
   3    0.0     0.6    3   42021     415     582     235 ( 0.889%)    7883 (28.5%)   17.497     -2505.    -17.497      0.000      0.000      N/A
   4    0.0     0.8    4   31703     312     449     173 ( 0.655%)    7951 (28.7%)   17.497     -2508.    -17.497      0.000      0.000      N/A
   5    0.0     1.1    3   27151     256     375     125 ( 0.473%)    8066 (29.2%)   17.497     -2509.    -17.497      0.000      0.000      N/A
   6    0.0     1.4    4   22478     205     312      94 ( 0.356%)    8116 (29.3%)   17.497     -2511.    -17.497      0.000      0.000      N/A
   7    0.0     1.9    1   17039     143     218      60 ( 0.227%)    8198 (29.6%)   17.507     -2512.    -17.507      0.000      0.000      N/A
   8    0.0     2.4    1   12402     104     161      41 ( 0.155%)    8267 (29.9%)   17.497     -2514.    -17.497      0.000      0.000      N/A
   9    0.0     3.1    0    8299      68     104      22 ( 0.083%)    8321 (30.1%)   17.497     -2515.    -17.497      0.000      0.000      N/A
  10    0.0     4.1    0    5880      40      66      15 ( 0.057%)    8375 (30.3%)   17.497     -2515.    -17.497      0.000      0.000       16
  11    0.0     5.3    0    4198      26      40       9 ( 0.034%)    8415 (30.4%)   17.497     -2515.    -17.497      0.000      0.000       16
  12    0.0     6.9    0    2743      13      22       5 ( 0.019%)    8432 (30.5%)   17.497     -2515.    -17.497      0.000      0.000       16
  13    0.0     9.0    0     921       8      14       3 ( 0.011%)    8436 (30.5%)   17.497     -2515.    -17.497      0.000      0.000       15
  14    0.0    11.6    0     628       6       7       1 ( 0.004%)    8443 (30.5%)   17.497     -2515.    -17.497      0.000      0.000       15
  15    0.0    15.1    0     102       2       2       1 ( 0.004%)    8443 (30.5%)   17.497     -2515.    -17.497      0.000      0.000       15
  16    0.0    19.7    0      92       1       1       0 ( 0.000%)    8446 (30.5%)   17.497     -2515.    -17.497      0.000      0.000       15
Restoring best routing
Critical path: 17.4972 ns
Successfully routed after 16 routing iterations.
Final Net Connection Criticality Histogram:
[        0:      0.1) 106 (  9.8%) |***************************
[      0.1:      0.2)  77 (  7.1%) |********************
[      0.2:      0.3)  65 (  6.0%) |*****************
[      0.3:      0.4)  63 (  5.8%) |****************
[      0.4:      0.5)  69 (  6.4%) |******************
[      0.5:      0.6) 107 (  9.9%) |***************************
[      0.6:      0.7) 123 ( 11.4%) |********************************
[      0.7:      0.8) 115 ( 10.7%) |******************************
[      0.8:      0.9) 169 ( 15.7%) |*******************************************
[      0.9:        1) 183 ( 17.0%) |***********************************************
Router Stats: total_nets_routed: 3003 total_connections_routed: 4162 total_heap_pushes: 285874 total_heap_pops: 74062 total_internal_heap_pushes: 0 total_internal_heap_pops: 0 total_external_heap_pushes: 285874 total_external_heap_pops: 74062 total_external_SOURCE_pushes: 4162 total_external_SOURCE_pops: 3690 total_internal_SOURCE_pushes: 0 total_internal_SOURCE_pops: 0 rt_node_SOURCE_pushes: 4162 rt_node_SOURCE_high_fanout_pushes: 0 rt_node_SOURCE_entire_tree_pushes: 4162 total_external_SINK_pushes: 14016 total_external_SINK_pops: 13019 total_internal_SINK_pushes: 0 total_internal_SINK_pops: 0 rt_node_SINK_pushes: 0 rt_node_SINK_high_fanout_pushes: 0 rt_node_SINK_entire_tree_pushes: 0 total_external_IPIN_pushes: 19912 total_external_IPIN_pops: 18293 total_internal_IPIN_pushes: 0 total_internal_IPIN_pops: 0 rt_node_IPIN_pushes: 0 rt_node_IPIN_high_fanout_pushes: 0 rt_node_IPIN_entire_tree_pushes: 0 total_external_OPIN_pushes: 4312 total_external_OPIN_pops: 3884 total_internal_OPIN_pushes: 0 total_internal_OPIN_pops: 0 rt_node_OPIN_pushes: 1159 rt_node_OPIN_high_fanout_pushes: 0 rt_node_OPIN_entire_tree_pushes: 1159 total_external_CHANX_pushes: 120250 total_external_CHANX_pops: 17508 total_internal_CHANX_pushes: 0 total_internal_CHANX_pops: 0 rt_node_CHANX_pushes: 1143 rt_node_CHANX_high_fanout_pushes: 0 rt_node_CHANX_entire_tree_pushes: 1143 total_external_CHANY_pushes: 123222 total_external_CHANY_pops: 17668 total_internal_CHANY_pushes: 0 total_internal_CHANY_pops: 0 rt_node_CHANY_pushes: 1266 rt_node_CHANY_high_fanout_pushes: 0 rt_node_CHANY_entire_tree_pushes: 1266 total_number_of_adding_all_rt: 10552 total_number_of_adding_high_fanout_rt: 0 total_number_of_adding_all_rt_from_calling_high_fanout_rt: 0 

Attempting to route at 38 channels (binary search bounds: [-1, 76])
## Build routing resource graph
SOURCE->OPIN and IPIN->SINK edge count:12074
OPIN->CHANX/CHANY edge count before creating direct connections: 13342
OPIN->CHANX/CHANY edge count after creating direct connections: 13462
CHAN->CHAN type edge count:70718
## Build routing resource graph took 0.03 seconds (max_rss 72.4 MiB, delta_rss +0.0 MiB)
  RR Graph Nodes: 22164
  RR Graph Edges: 96254
Confirming router algorithm: TIMING_DRIVEN.
## Computing router lookahead map
### Computing wire lookahead
### Computing wire lookahead took 0.10 seconds (max_rss 72.4 MiB, delta_rss +0.0 MiB)
### Computing src/opin lookahead
### Computing src/opin lookahead took 0.00 seconds (max_rss 72.4 MiB, delta_rss +0.0 MiB)
## Computing router lookahead map took 0.10 seconds (max_rss 72.4 MiB, delta_rss +0.0 MiB)
## Initializing router criticalities
Initial Net Connection Criticality Histogram:
[        0:      0.1) 112 ( 10.4%) |*******************************
[      0.1:      0.2)  81 (  7.5%) |***********************
[      0.2:      0.3)  54 (  5.0%) |***************
[      0.3:      0.4)  72 (  6.7%) |********************
[      0.4:      0.5)  84 (  7.8%) |************************
[      0.5:      0.6) 104 (  9.7%) |*****************************
[      0.6:      0.7) 119 ( 11.0%) |*********************************
[      0.7:      0.8) 126 ( 11.7%) |***********************************
[      0.8:      0.9) 157 ( 14.6%) |********************************************
[      0.9:        1) 168 ( 15.6%) |***********************************************
## Initializing router criticalities took 0.00 seconds (max_rss 72.4 MiB, delta_rss +0.0 MiB)
---- ------ ------- ---- ------- ------- ------- ----------------- --------------- -------- ---------- ---------- ---------- ---------- --------
Iter   Time    pres  BBs    Heap  Re-Rtd  Re-Rtd Overused RR Nodes      Wirelength      CPD       sTNS       sWNS       hTNS       hWNS Est Succ
      (sec)     fac Updt    push    Nets   Conns                                       (ns)       (ns)       (ns)       (ns)       (ns)     Iter
---- ------ ------- ---- ------- ------- ------- ----------------- --------------- -------- ---------- ---------- ---------- ---------- --------
   1    0.0     0.0    0   53138     823    1033     694 ( 3.131%)    8098 (58.5%)   17.637     -2531.    -17.637      0.000      0.000      N/A
   2    0.0     0.5    9   53321     729     932     582 ( 2.626%)    8186 (59.2%)   17.632     -2534.    -17.632      0.000      0.000      N/A
   3    0.0     0.6   15   60263     656     854     521 ( 2.351%)    8739 (63.2%)   17.635     -2546.    -17.635      0.000      0.000      N/A
   4    0.0     0.8   19   66468     588     774     480 ( 2.166%)    9059 (65.5%)   17.634     -2552.    -17.634      0.000      0.000      N/A
   5    0.0     1.1   20   71812     556     753     428 ( 1.931%)    9380 (67.8%)   17.636     -2560.    -17.636      0.000      0.000      N/A
   6    0.0     1.4   12   65338     478     667     365 ( 1.647%)    9636 (69.7%)   17.641     -2566.    -17.641      0.000      0.000      N/A
   7    0.0     1.9   17   72512     449     617     322 ( 1.453%)    9909 (71.6%)   17.645     -2570.    -17.645      0.000      0.000      N/A
   8    0.0     2.4   21   77697     408     568     291 ( 1.313%)   10146 (73.4%)   17.639     -2580.    -17.639      0.000      0.000      N/A
   9    0.0     3.1   19   88134     385     535     268 ( 1.209%)   10364 (74.9%)   17.640     -2582.    -17.640      0.000      0.000      N/A
  10    0.0     4.1   11   91067     367     512     257 ( 1.160%)   10584 (76.5%)   17.636     -2586.    -17.636      0.000      0.000       57
  11    0.0     5.3   20   92468     352     496     232 ( 1.047%)   10743 (77.7%)   17.634     -2591.    -17.634      0.000      0.000       72
  12    0.0     6.9   18   92685     305     438     198 ( 0.893%)   10879 (78.7%)   17.634     -2598.    -17.634      0.000      0.000       74
  13    0.0     9.0   18   98877     288     409     207 ( 0.934%)   11133 (80.5%)   17.637     -2602.    -17.637      0.000      0.000       71
  14    0.0    11.6   21   98718     290     414     203 ( 0.916%)   11316 (81.8%)   17.637     -2615.    -17.637      0.000      0.000       79
  15    0.0    15.1   13  123446     286     415     219 ( 0.988%)   11433 (82.7%)   17.637     -2619.    -17.637      0.000      0.000       93
  16    0.0    19.7   10  124138     300     442     209 ( 0.943%)   11589 (83.8%)   17.637     -2621.    -17.637      0.000      0.000      121
  17    0.0    25.6   15  109216     269     390     191 ( 0.862%)   11566 (83.6%)   17.637     -2621.    -17.637      0.000      0.000      169
Routing aborted, the predicted iteration for a successful route (169.3) is too high.
Routing failed.

Failed routing attempt #0
Total number of overused nodes: 191
Total number of overused nodes is larger than the logging limit (20).
Displaying the first 20 entries.
Routing Failure Diagnostics: Printing Overused Nodes Information
------ ------- ---------- --------- -------- ------------ ------- ------- ------- ------- ------- ------- -------
   No.  NodeId  Occupancy  Capacity  RR Node    Direction    Side     PTC   Block    Xlow    Ylow   Xhigh   Yhigh
                                        type                          NUM    Name                                 
------ ------- ---------- --------- -------- ------------ ------- ------- ------- ------- ------- ------- -------
     0    3383          2         1     IPIN          N/A     TOP      12     clb       3       6       3       6
     1    3402          2         1     IPIN          N/A    LEFT      31     clb       3       6       3       6
     2    3488          2         1     IPIN          N/A    LEFT      15     clb       3       7       3       7
     3    3904          2         1     IPIN          N/A    LEFT      23     clb       3      11       3      11
     4    4517          2         1     IPIN          N/A  BOTTOM      30     clb       4       3       4       3
     5    4794          2         1     IPIN          N/A   RIGHT       1     clb       4       6       4       6
     6    4803          2         1     IPIN          N/A  BOTTOM      10     clb       4       6       4       6
     7    4818          2         1     IPIN          N/A   RIGHT      25     clb       4       6       4       6
     8    4897          2         1     IPIN          N/A  BOTTOM       2     clb       4       7       4       7
     9    5405          2         1     IPIN          N/A     TOP       0     clb       4      12       4      12
    10    6048          2         1     IPIN          N/A   RIGHT      37     clb       5       4       5       4
    11    6221          2         1     IPIN          N/A  BOTTOM       6     clb       5       6       5       6
    12    6421          2         1     IPIN          N/A  BOTTOM       2     clb       5       8       5       8
    13    6431          2         1     IPIN          N/A     TOP      12     clb       5       8       5       8
    14    6438          2         1     IPIN          N/A    LEFT      19     clb       5       8       5       8
    15    6726          2         1     IPIN          N/A   RIGHT       1     clb       5      11       5      11
    16    6733          2         1     IPIN          N/A     TOP       8     clb       5      11       5      11
    17    6841          2         1     IPIN          N/A  BOTTOM      14     clb       5      12       5      12
    18    6844          2         1     IPIN          N/A   RIGHT      17     clb       5      12       5      12
    19    8531          2         1     IPIN          N/A     TOP      36     clb       7       5       7       5

Final Net Connection Criticality Histogram:
[        0:      0.1)  91 (  8.4%) |*******************
[      0.1:      0.2)  73 (  6.8%) |****************
[      0.2:      0.3)  73 (  6.8%) |****************
[      0.3:      0.4)  58 (  5.4%) |************
[      0.4:      0.5)  71 (  6.6%) |***************
[      0.5:      0.6)  96 (  8.9%) |********************
[      0.6:      0.7) 107 (  9.9%) |***********************
[      0.7:      0.8) 129 ( 12.0%) |***************************
[      0.8:      0.9) 158 ( 14.7%) |**********************************
[      0.9:        1) 221 ( 20.5%) |***********************************************
Router Stats: total_nets_routed: 7529 total_connections_routed: 10249 total_heap_pushes: 1439298 total_heap_pops: 384256 total_internal_heap_pushes: 0 total_internal_heap_pops: 0 total_external_heap_pushes: 1439298 total_external_heap_pops: 384256 total_external_SOURCE_pushes: 10249 total_external_SOURCE_pops: 9712 total_internal_SOURCE_pushes: 0 total_internal_SOURCE_pops: 0 rt_node_SOURCE_pushes: 10249 rt_node_SOURCE_high_fanout_pushes: 0 rt_node_SOURCE_entire_tree_pushes: 10249 total_external_SINK_pushes: 31142 total_external_SINK_pops: 29146 total_internal_SINK_pushes: 0 total_internal_SINK_pops: 0 rt_node_SINK_pushes: 0 rt_node_SINK_high_fanout_pushes: 0 rt_node_SINK_entire_tree_pushes: 0 total_external_IPIN_pushes: 45540 total_external_IPIN_pops: 40684 total_internal_IPIN_pushes: 0 total_internal_IPIN_pops: 0 rt_node_IPIN_pushes: 0 rt_node_IPIN_high_fanout_pushes: 0 rt_node_IPIN_entire_tree_pushes: 0 total_external_OPIN_pushes: 10658 total_external_OPIN_pops: 10054 total_internal_OPIN_pushes: 0 total_internal_OPIN_pops: 0 rt_node_OPIN_pushes: 2720 rt_node_OPIN_high_fanout_pushes: 0 rt_node_OPIN_entire_tree_pushes: 2720 total_external_CHANX_pushes: 675143 total_external_CHANX_pops: 145465 total_internal_CHANX_pushes: 0 total_internal_CHANX_pops: 0 rt_node_CHANX_pushes: 3744 rt_node_CHANX_high_fanout_pushes: 0 rt_node_CHANX_entire_tree_pushes: 3744 total_external_CHANY_pushes: 666566 total_external_CHANY_pops: 149195 total_internal_CHANY_pushes: 0 total_internal_CHANY_pops: 0 rt_node_CHANY_pushes: 3963 rt_node_CHANY_high_fanout_pushes: 0 rt_node_CHANY_entire_tree_pushes: 3963 total_number_of_adding_all_rt: 27276 total_number_of_adding_high_fanout_rt: 0 total_number_of_adding_all_rt_from_calling_high_fanout_rt: 0 

Attempting to route at 58 channels (binary search bounds: [38, 76])
## Build routing resource graph
SOURCE->OPIN and IPIN->SINK edge count:12074
OPIN->CHANX/CHANY edge count before creating direct connections: 20318
OPIN->CHANX/CHANY edge count after creating direct connections: 20438
CHAN->CHAN type edge count:108482
## Build routing resource graph took 0.04 seconds (max_rss 72.4 MiB, delta_rss +0.0 MiB)
  RR Graph Nodes: 24404
  RR Graph Edges: 140994
Confirming router algorithm: TIMING_DRIVEN.
## Computing router lookahead map
### Computing wire lookahead
### Computing wire lookahead took 0.13 seconds (max_rss 72.4 MiB, delta_rss +0.0 MiB)
### Computing src/opin lookahead
### Computing src/opin lookahead took 0.00 seconds (max_rss 72.4 MiB, delta_rss +0.0 MiB)
## Computing router lookahead map took 0.13 seconds (max_rss 72.4 MiB, delta_rss +0.0 MiB)
## Initializing router criticalities
Initial Net Connection Criticality Histogram:
[        0:      0.1) 112 ( 10.4%) |*******************************
[      0.1:      0.2)  81 (  7.5%) |***********************
[      0.2:      0.3)  54 (  5.0%) |***************
[      0.3:      0.4)  72 (  6.7%) |********************
[      0.4:      0.5)  83 (  7.7%) |***********************
[      0.5:      0.6) 105 (  9.7%) |*****************************
[      0.6:      0.7) 119 ( 11.0%) |*********************************
[      0.7:      0.8) 126 ( 11.7%) |***********************************
[      0.8:      0.9) 157 ( 14.6%) |********************************************
[      0.9:        1) 168 ( 15.6%) |***********************************************
## Initializing router criticalities took 0.00 seconds (max_rss 72.4 MiB, delta_rss +0.0 MiB)
---- ------ ------- ---- ------- ------- ------- ----------------- --------------- -------- ---------- ---------- ---------- ---------- --------
Iter   Time    pres  BBs    Heap  Re-Rtd  Re-Rtd Overused RR Nodes      Wirelength      CPD       sTNS       sWNS       hTNS       hWNS Est Succ
      (sec)     fac Updt    push    Nets   Conns                                       (ns)       (ns)       (ns)       (ns)       (ns)     Iter
---- ------ ------- ---- ------- ------- ------- ----------------- --------------- -------- ---------- ---------- ---------- ---------- --------
   1    0.0     0.0    0   61297     823    1033     574 ( 2.352%)    7867 (37.3%)   17.467     -2505.    -17.467      0.000      0.000      N/A
   2    0.0     0.5   15   54454     663     861     411 ( 1.684%)    7938 (37.6%)   17.472     -2508.    -17.472      0.000      0.000      N/A
   3    0.0     0.6    3   50451     492     668     329 ( 1.348%)    8189 (38.8%)   17.474     -2511.    -17.474      0.000      0.000      N/A
   4    0.0     0.8    6   48600     427     597     272 ( 1.115%)    8435 (40.0%)   17.472     -2517.    -17.472      0.000      0.000      N/A
   5    0.0     1.1    6   40677     348     498     183 ( 0.750%)    8655 (41.0%)   17.474     -2522.    -17.474      0.000      0.000      N/A
   6    0.0     1.4   10   32360     281     407     137 ( 0.561%)    8716 (41.3%)   17.472     -2523.    -17.472      0.000      0.000      N/A
   7    0.0     1.9    9   25747     210     316     104 ( 0.426%)    8904 (42.2%)   17.474     -2526.    -17.474      0.000      0.000      N/A
   8    0.0     2.4    4   22248     159     241      59 ( 0.242%)    8986 (42.6%)   17.474     -2531.    -17.474      0.000      0.000      N/A
   9    0.0     3.1    6   13293     105     160      39 ( 0.160%)    9066 (42.9%)   17.474     -2533.    -17.474      0.000      0.000      N/A
  10    0.0     4.1    2    9135      59      93      27 ( 0.111%)    9150 (43.3%)   17.474     -2532.    -17.474      0.000      0.000       18
  11    0.0     5.3    2    6780      42      67      16 ( 0.066%)    9201 (43.6%)   17.474     -2533.    -17.474      0.000      0.000       18
  12    0.0     6.9    2    4223      29      47       7 ( 0.029%)    9262 (43.9%)   17.474     -2535.    -17.474      0.000      0.000       17
  13    0.0     9.0    3    2763      12      18       3 ( 0.012%)    9282 (44.0%)   17.474     -2535.    -17.474      0.000      0.000       16
  14    0.0    11.6    1    2428       6       7       2 ( 0.008%)    9290 (44.0%)   17.474     -2535.    -17.474      0.000      0.000       15
  15    0.0    15.1    0     338       4       7       1 ( 0.004%)    9286 (44.0%)   17.474     -2535.    -17.474      0.000      0.000       15
  16    0.0    19.7    0     421       2       5       1 ( 0.004%)    9297 (44.0%)   17.474     -2535.    -17.474      0.000      0.000       15
  17    0.0    25.6    0     529       1       4       0 ( 0.000%)    9298 (44.0%)   17.474     -2534.    -17.474      0.000      0.000       15
Restoring best routing
Critical path: 17.474 ns
Successfully routed after 17 routing iterations.
Final Net Connection Criticality Histogram:
[        0:      0.1) 102 (  9.5%) |**************************
[      0.1:      0.2)  74 (  6.9%) |*******************
[      0.2:      0.3)  71 (  6.6%) |******************
[      0.3:      0.4)  58 (  5.4%) |***************
[      0.4:      0.5)  76 (  7.1%) |*******************
[      0.5:      0.6) 100 (  9.3%) |*************************
[      0.6:      0.7) 120 ( 11.1%) |******************************
[      0.7:      0.8) 118 ( 11.0%) |******************************
[      0.8:      0.9) 173 ( 16.1%) |********************************************
[      0.9:        1) 185 ( 17.2%) |***********************************************
Router Stats: total_nets_routed: 3663 total_connections_routed: 5029 total_heap_pushes: 375744 total_heap_pops: 97887 total_internal_heap_pushes: 0 total_internal_heap_pops: 0 total_external_heap_pushes: 375744 total_external_heap_pops: 97887 total_external_SOURCE_pushes: 5029 total_external_SOURCE_pops: 4621 total_internal_SOURCE_pushes: 0 total_internal_SOURCE_pops: 0 rt_node_SOURCE_pushes: 5029 rt_node_SOURCE_high_fanout_pushes: 0 rt_node_SOURCE_entire_tree_pushes: 5029 total_external_SINK_pushes: 17345 total_external_SINK_pops: 16165 total_internal_SINK_pushes: 0 total_internal_SINK_pops: 0 rt_node_SINK_pushes: 0 rt_node_SINK_high_fanout_pushes: 0 rt_node_SINK_entire_tree_pushes: 0 total_external_IPIN_pushes: 24929 total_external_IPIN_pops: 22689 total_internal_IPIN_pushes: 0 total_internal_IPIN_pops: 0 rt_node_IPIN_pushes: 0 rt_node_IPIN_high_fanout_pushes: 0 rt_node_IPIN_entire_tree_pushes: 0 total_external_OPIN_pushes: 5219 total_external_OPIN_pops: 4794 total_internal_OPIN_pushes: 0 total_internal_OPIN_pops: 0 rt_node_OPIN_pushes: 1366 rt_node_OPIN_high_fanout_pushes: 0 rt_node_OPIN_entire_tree_pushes: 1366 total_external_CHANX_pushes: 158440 total_external_CHANX_pops: 24763 total_internal_CHANX_pushes: 0 total_internal_CHANX_pops: 0 rt_node_CHANX_pushes: 1467 rt_node_CHANX_high_fanout_pushes: 0 rt_node_CHANX_entire_tree_pushes: 1467 total_external_CHANY_pushes: 164782 total_external_CHANY_pops: 24855 total_internal_CHANY_pushes: 0 total_internal_CHANY_pops: 0 rt_node_CHANY_pushes: 1619 rt_node_CHANY_high_fanout_pushes: 0 rt_node_CHANY_entire_tree_pushes: 1619 total_number_of_adding_all_rt: 12791 total_number_of_adding_high_fanout_rt: 0 total_number_of_adding_all_rt_from_calling_high_fanout_rt: 0 

Attempting to route at 48 channels (binary search bounds: [38, 58])
## Build routing resource graph
SOURCE->OPIN and IPIN->SINK edge count:12074
OPIN->CHANX/CHANY edge count before creating direct connections: 17246
OPIN->CHANX/CHANY edge count after creating direct connections: 17366
CHAN->CHAN type edge count:89592
## Build routing resource graph took 0.04 seconds (max_rss 72.4 MiB, delta_rss +0.0 MiB)
  RR Graph Nodes: 23284
  RR Graph Edges: 119032
Confirming router algorithm: TIMING_DRIVEN.
## Computing router lookahead map
### Computing wire lookahead
### Computing wire lookahead took 0.11 seconds (max_rss 72.4 MiB, delta_rss +0.0 MiB)
### Computing src/opin lookahead
### Computing src/opin lookahead took 0.00 seconds (max_rss 72.4 MiB, delta_rss +0.0 MiB)
## Computing router lookahead map took 0.11 seconds (max_rss 72.4 MiB, delta_rss +0.0 MiB)
## Initializing router criticalities
Initial Net Connection Criticality Histogram:
[        0:      0.1) 112 ( 10.4%) |*******************************
[      0.1:      0.2)  81 (  7.5%) |***********************
[      0.2:      0.3)  54 (  5.0%) |***************
[      0.3:      0.4)  72 (  6.7%) |********************
[      0.4:      0.5)  83 (  7.7%) |***********************
[      0.5:      0.6) 105 (  9.7%) |*****************************
[      0.6:      0.7) 119 ( 11.0%) |*********************************
[      0.7:      0.8) 126 ( 11.7%) |***********************************
[      0.8:      0.9) 157 ( 14.6%) |********************************************
[      0.9:        1) 168 ( 15.6%) |***********************************************
## Initializing router criticalities took 0.00 seconds (max_rss 72.4 MiB, delta_rss +0.0 MiB)
---- ------ ------- ---- ------- ------- ------- ----------------- --------------- -------- ---------- ---------- ---------- ---------- --------
Iter   Time    pres  BBs    Heap  Re-Rtd  Re-Rtd Overused RR Nodes      Wirelength      CPD       sTNS       sWNS       hTNS       hWNS Est Succ
      (sec)     fac Updt    push    Nets   Conns                                       (ns)       (ns)       (ns)       (ns)       (ns)     Iter
---- ------ ------- ---- ------- ------- ------- ----------------- --------------- -------- ---------- ---------- ---------- ---------- --------
   1    0.0     0.0    0   60467     823    1033     666 ( 2.860%)    8089 (46.3%)   17.672     -2537.    -17.672      0.000      0.000      N/A
   2    0.0     0.5   17   55988     674     877     506 ( 2.173%)    8114 (46.4%)   17.672     -2539.    -17.672      0.000      0.000      N/A
   3    0.0     0.6    8   57377     563     748     406 ( 1.744%)    8456 (48.4%)   17.672     -2544.    -17.672      0.000      0.000      N/A
   4    0.0     0.8   11   56966     481     667     333 ( 1.430%)    8743 (50.0%)   17.670     -2548.    -17.670      0.000      0.000      N/A
   5    0.0     1.1   12   53120     418     592     257 ( 1.104%)    8988 (51.4%)   17.671     -2551.    -17.671      0.000      0.000      N/A
   6    0.0     1.4   10   48966     352     512     188 ( 0.807%)    9190 (52.6%)   17.673     -2557.    -17.673      0.000      0.000      N/A
   7    0.0     1.9   11   37540     271     412     145 ( 0.623%)    9428 (54.0%)   17.673     -2560.    -17.673      0.000      0.000      N/A
   8    0.0     2.4   15   34265     228     343     122 ( 0.524%)    9615 (55.0%)   17.673     -2562.    -17.673      0.000      0.000      N/A
   9    0.0     3.1    9   29750     165     258      81 ( 0.348%)    9744 (55.8%)   17.673     -2563.    -17.673      0.000      0.000      N/A
  10    0.0     4.1   14   21959     135     211      65 ( 0.279%)    9876 (56.5%)   17.673     -2565.    -17.673      0.000      0.000       25
  11    0.0     5.3    9   24027     106     164      39 ( 0.167%)   10037 (57.4%)   17.674     -2571.    -17.674      0.000      0.000       25
  12    0.0     6.9   11   12560      61      91      26 ( 0.112%)   10159 (58.1%)   17.675     -2572.    -17.675      0.000      0.000       23
  13    0.0     9.0    4    7874      41      68      18 ( 0.077%)   10179 (58.3%)   17.676     -2577.    -17.676      0.000      0.000       22
  14    0.0    11.6    4    7335      29      51      15 ( 0.064%)   10244 (58.6%)   17.674     -2579.    -17.674      0.000      0.000       21
  15    0.0    15.1    2    9810      24      40      12 ( 0.052%)   10300 (59.0%)   17.673     -2580.    -17.673      0.000      0.000       21
  16    0.0    19.7    3   10997      18      33       8 ( 0.034%)   10393 (59.5%)   17.673     -2581.    -17.673      0.000      0.000       22
  17    0.0    25.6    4   13092      18      26       8 ( 0.034%)   10405 (59.6%)   17.673     -2585.    -17.673      0.000      0.000       22
  18    0.0    33.3    2   14509      15      22       6 ( 0.026%)   10429 (59.7%)   17.673     -2585.    -17.673      0.000      0.000       23
  19    0.0    43.3    1    8898      10      16       5 ( 0.021%)   10468 (59.9%)   17.673     -2585.    -17.673      0.000      0.000       24
  20    0.0    56.2    1   11122      11      19       4 ( 0.017%)   10447 (59.8%)   17.673     -2585.    -17.673      0.000      0.000       24
  21    0.0    73.1    1   11180       8      16       4 ( 0.017%)   10467 (59.9%)   17.673     -2585.    -17.673      0.000      0.000       25
  22    0.0    95.0    1   13338       8      13       4 ( 0.017%)   10488 (60.0%)   17.673     -2585.    -17.673      0.000      0.000       26
  23    0.0   123.5    1    8365       5      12       2 ( 0.009%)   10541 (60.3%)   17.673     -2585.    -17.673      0.000      0.000       28
  24    0.0   160.6    0    4912       3       9       2 ( 0.009%)   10533 (60.3%)   17.673     -2585.    -17.673      0.000      0.000       27
  25    0.0   208.8    1    4703       3       9       1 ( 0.004%)   10547 (60.4%)   17.673     -2585.    -17.673      0.000      0.000       28
  26    0.0   271.4    1    3377       2       7       0 ( 0.000%)   10556 (60.4%)   17.673     -2585.    -17.673      0.000      0.000       27
Restoring best routing
Critical path: 17.6731 ns
Successfully routed after 26 routing iterations.
Final Net Connection Criticality Histogram:
[        0:      0.1)  95 (  8.8%) |************************
[      0.1:      0.2)  76 (  7.1%) |*******************
[      0.2:      0.3)  71 (  6.6%) |******************
[      0.3:      0.4)  56 (  5.2%) |**************
[      0.4:      0.5)  77 (  7.1%) |*******************
[      0.5:      0.6)  99 (  9.2%) |*************************
[      0.6:      0.7) 120 ( 11.1%) |******************************
[      0.7:      0.8) 122 ( 11.3%) |******************************
[      0.8:      0.9) 172 ( 16.0%) |*******************************************
[      0.9:        1) 189 ( 17.5%) |***********************************************
Router Stats: total_nets_routed: 4472 total_connections_routed: 6249 total_heap_pushes: 622497 total_heap_pops: 163127 total_internal_heap_pushes: 0 total_internal_heap_pops: 0 total_external_heap_pushes: 622497 total_external_heap_pops: 163127 total_external_SOURCE_pushes: 6249 total_external_SOURCE_pops: 5784 total_internal_SOURCE_pushes: 0 total_internal_SOURCE_pops: 0 rt_node_SOURCE_pushes: 6249 rt_node_SOURCE_high_fanout_pushes: 0 rt_node_SOURCE_entire_tree_pushes: 6249 total_external_SINK_pushes: 21009 total_external_SINK_pops: 19315 total_internal_SINK_pushes: 0 total_internal_SINK_pops: 0 rt_node_SINK_pushes: 0 rt_node_SINK_high_fanout_pushes: 0 rt_node_SINK_entire_tree_pushes: 0 total_external_IPIN_pushes: 30730 total_external_IPIN_pops: 27558 total_internal_IPIN_pushes: 0 total_internal_IPIN_pops: 0 rt_node_IPIN_pushes: 0 rt_node_IPIN_high_fanout_pushes: 0 rt_node_IPIN_entire_tree_pushes: 0 total_external_OPIN_pushes: 6498 total_external_OPIN_pops: 6015 total_internal_OPIN_pushes: 0 total_internal_OPIN_pops: 0 rt_node_OPIN_pushes: 1777 rt_node_OPIN_high_fanout_pushes: 0 rt_node_OPIN_entire_tree_pushes: 1777 total_external_CHANX_pushes: 279991 total_external_CHANX_pops: 51046 total_internal_CHANX_pushes: 0 total_internal_CHANX_pops: 0 rt_node_CHANX_pushes: 2292 rt_node_CHANX_high_fanout_pushes: 0 rt_node_CHANX_entire_tree_pushes: 2292 total_external_CHANY_pushes: 278020 total_external_CHANY_pops: 53409 total_internal_CHANY_pushes: 0 total_internal_CHANY_pops: 0 rt_node_CHANY_pushes: 2447 rt_node_CHANY_high_fanout_pushes: 0 rt_node_CHANY_entire_tree_pushes: 2447 total_number_of_adding_all_rt: 17281 total_number_of_adding_high_fanout_rt: 0 total_number_of_adding_all_rt_from_calling_high_fanout_rt: 0 

Attempting to route at 44 channels (binary search bounds: [38, 48])
## Build routing resource graph
SOURCE->OPIN and IPIN->SINK edge count:12074
OPIN->CHANX/CHANY edge count before creating direct connections: 15186
OPIN->CHANX/CHANY edge count after creating direct connections: 15306
CHAN->CHAN type edge count:82192
## Build routing resource graph took 0.03 seconds (max_rss 72.4 MiB, delta_rss +0.0 MiB)
  RR Graph Nodes: 22836
  RR Graph Edges: 109572
Confirming router algorithm: TIMING_DRIVEN.
## Computing router lookahead map
### Computing wire lookahead
### Computing wire lookahead took 0.11 seconds (max_rss 72.4 MiB, delta_rss +0.0 MiB)
### Computing src/opin lookahead
### Computing src/opin lookahead took 0.00 seconds (max_rss 72.4 MiB, delta_rss +0.0 MiB)
## Computing router lookahead map took 0.11 seconds (max_rss 72.4 MiB, delta_rss +0.0 MiB)
## Initializing router criticalities
Initial Net Connection Criticality Histogram:
[        0:      0.1) 115 ( 10.7%) |********************************
[      0.1:      0.2)  78 (  7.2%) |**********************
[      0.2:      0.3)  54 (  5.0%) |***************
[      0.3:      0.4)  72 (  6.7%) |********************
[      0.4:      0.5)  83 (  7.7%) |***********************
[      0.5:      0.6) 105 (  9.7%) |*****************************
[      0.6:      0.7) 119 ( 11.0%) |*********************************
[      0.7:      0.8) 126 ( 11.7%) |***********************************
[      0.8:      0.9) 157 ( 14.6%) |********************************************
[      0.9:        1) 168 ( 15.6%) |***********************************************
## Initializing router criticalities took 0.00 seconds (max_rss 72.4 MiB, delta_rss +0.0 MiB)
---- ------ ------- ---- ------- ------- ------- ----------------- --------------- -------- ---------- ---------- ---------- ---------- --------
Iter   Time    pres  BBs    Heap  Re-Rtd  Re-Rtd Overused RR Nodes      Wirelength      CPD       sTNS       sWNS       hTNS       hWNS Est Succ
      (sec)     fac Updt    push    Nets   Conns                                       (ns)       (ns)       (ns)       (ns)       (ns)     Iter
---- ------ ------- ---- ------- ------- ------- ----------------- --------------- -------- ---------- ---------- ---------- ---------- --------
   1    0.0     0.0    0   54889     823    1033     657 ( 2.877%)    8165 (51.0%)   17.791     -2544.    -17.791      0.000      0.000      N/A
   2    0.0     0.5   13   51409     700     904     544 ( 2.382%)    8209 (51.3%)   17.791     -2546.    -17.791      0.000      0.000      N/A
   3    0.0     0.6    7   54473     586     779     450 ( 1.971%)    8646 (54.0%)   17.764     -2551.    -17.764      0.000      0.000      N/A
   4    0.0     0.8   20   57396     526     713     383 ( 1.677%)    8974 (56.0%)   17.782     -2560.    -17.782      0.000      0.000      N/A
   5    0.0     1.1   17   57066     442     618     280 ( 1.226%)    9176 (57.3%)   17.761     -2564.    -17.761      0.000      0.000      N/A
   6    0.0     1.4   15   55523     396     557     267 ( 1.169%)    9386 (58.6%)   17.775     -2572.    -17.775      0.000      0.000      N/A
   7    0.0     1.9   10   57801     364     515     243 ( 1.064%)    9627 (60.1%)   17.777     -2577.    -17.777      0.000      0.000      N/A
   8    0.0     2.4   16   58050     336     489     196 ( 0.858%)    9910 (61.9%)   17.777     -2580.    -17.777      0.000      0.000      N/A
   9    0.0     3.1   19   54473     276     402     168 ( 0.736%)   10246 (64.0%)   17.780     -2593.    -17.780      0.000      0.000      N/A
  10    0.0     4.1   21   52797     258     372     140 ( 0.613%)   10464 (65.3%)   17.789     -2592.    -17.789      0.000      0.000       48
  11    0.0     5.3   20   49313     205     300     113 ( 0.495%)   10682 (66.7%)   17.789     -2598.    -17.789      0.000      0.000       40
  12    0.0     6.9   16   46679     180     275     104 ( 0.455%)   10849 (67.7%)   17.789     -2600.    -17.789      0.000      0.000       38
  13    0.0     9.0   17   46928     152     229      82 ( 0.359%)   11045 (69.0%)   17.789     -2604.    -17.789      0.000      0.000       38
  14    0.0    11.6   11   40236     143     203      81 ( 0.355%)   11241 (70.2%)   17.893     -2606.    -17.893      0.000      0.000       38
  15    0.0    15.1    9   53232     147     219      73 ( 0.320%)   11418 (71.3%)   17.810     -2608.    -17.810      0.000      0.000       42
  16    0.0    19.7   12   62129     134     203      78 ( 0.342%)   11582 (72.3%)   17.983     -2621.    -17.983      0.000      0.000       44
  17    0.0    25.6   10   63358     137     204      65 ( 0.285%)   11832 (73.9%)   17.983     -2628.    -17.983      0.000      0.000       52
  18    0.0    33.3   11   61653     119     183      65 ( 0.285%)   11927 (74.5%)   17.978     -2631.    -17.978      0.000      0.000       54
  19    0.0    43.3   11   67168     126     188      69 ( 0.302%)   11994 (74.9%)   17.978     -2636.    -17.978      0.000      0.000       63
  20    0.0    56.2    8   66058     114     179      58 ( 0.254%)   12160 (75.9%)   17.989     -2635.    -17.989      0.000      0.000       71
  21    0.0    73.1   10   69262     109     173      60 ( 0.263%)   12109 (75.6%)   17.978     -2644.    -17.978      0.000      0.000       83
  22    0.0    95.0    3   64086     102     160      51 ( 0.223%)   12174 (76.0%)   17.978     -2645.    -17.978      0.000      0.000       88
  23    0.0   123.5    2   64552     106     173      51 ( 0.223%)   12233 (76.4%)   17.971     -2634.    -17.971      0.000      0.000       94
  24    0.0   160.6    8   63574     114     181      51 ( 0.223%)   12245 (76.5%)   18.068     -2644.    -18.068      0.000      0.000       94
  25    0.0   208.8    4   59568     109     179      44 ( 0.193%)   12201 (76.2%)   18.434     -2648.    -18.434      0.000      0.000      107
  26    0.0   271.4    7   52911     101     160      41 ( 0.180%)   12300 (76.8%)   18.618     -2654.    -18.618      0.000      0.000      102
  27    0.0   352.8    4   50054      95     146      46 ( 0.201%)   12272 (76.6%)   18.087     -2645.    -18.087      0.000      0.000       97
  28    0.0   458.7    5   60560     114     191      41 ( 0.180%)   12373 (77.3%)   19.235     -2668.    -19.235      0.000      0.000      102
  29    0.0   596.3    7   54687      89     157      44 ( 0.193%)   12338 (77.0%)   18.780     -2650.    -18.780      0.000      0.000      104
  30    0.0   775.1    5   52034     102     167      41 ( 0.180%)   12348 (77.1%)   19.511     -2706.    -19.511      0.000      0.000      110
  31    0.0  1007.7    5   49826      94     152      39 ( 0.171%)   12408 (77.5%)   18.780     -2651.    -18.780      0.000      0.000      112
  32    0.0  1310.0    5   43507      86     141      34 ( 0.149%)   12389 (77.4%)   20.063     -2742.    -20.063      0.000      0.000      115
  33    0.0  1703.0    4   41625      78     121      37 ( 0.162%)   12443 (77.7%)   19.925     -2730.    -19.925      0.000      0.000      117
  34    0.0  2213.9    2   36480      77     123      37 ( 0.162%)   12455 (77.8%)   18.827     -2664.    -18.827      0.000      0.000      121
  35    0.0  2878.1    3   43171      85     145      31 ( 0.136%)   12402 (77.4%)   18.827     -2667.    -18.827      0.000      0.000      124
  36    0.0  3741.5    0   38454      79     136      31 ( 0.136%)   12470 (77.9%)   20.046     -2738.    -20.046      0.000      0.000      122
  37    0.0  4863.9    3   36217      67     111      35 ( 0.153%)   12543 (78.3%)   18.832     -2664.    -18.832      0.000      0.000      122
  38    0.0  6323.1    2   31914      81     140      30 ( 0.131%)   12441 (77.7%)   18.968     -2670.    -18.968      0.000      0.000      129
  39    0.0  8220.0    3   39254      77     125      31 ( 0.136%)   12541 (78.3%)   19.112     -2693.    -19.112      0.000      0.000      136
  40    0.0 10686.0    4   39840      78     132      31 ( 0.136%)   12521 (78.2%)   19.112     -2699.    -19.112      0.000      0.000      138
  41    0.0 13891.9    4   33409      82     138      33 ( 0.145%)   12553 (78.4%)   19.112     -2701.    -19.112      0.000      0.000      144
  42    0.0 18059.4    5   45199      79     136      36 ( 0.158%)   12547 (78.3%)   19.112     -2705.    -19.112      0.000      0.000      152
  43    0.0 23477.2    4   44565      86     149      33 ( 0.145%)   12581 (78.6%)   19.112     -2706.    -19.112      0.000      0.000      176
  44    0.0 30520.4    3   52779      88     153      32 ( 0.140%)   12580 (78.5%)   19.112     -2711.    -19.112      0.000      0.000      186
  45    0.0 39676.5    5   40652      86     146      37 ( 0.162%)   12538 (78.3%)   19.112     -2709.    -19.112      0.000      0.000      198
  46    0.0 51579.5    2   46675      91     151      41 ( 0.180%)   12588 (78.6%)   19.112     -2705.    -19.112      0.000      0.000      222
  47    0.0 67053.3    5   46662      90     149      42 ( 0.184%)   12632 (78.9%)   19.112     -2718.    -19.112      0.000      0.000      284
  48    0.0 87169.3    4   57811      95     159      41 ( 0.180%)   12579 (78.5%)   19.796     -2722.    -19.796      0.000      0.000      352
  49    0.0 1.1e+05    1   64689     100     171      53 ( 0.232%)   12600 (78.7%)   19.589     -2723.    -19.589      0.000      0.000      558
  50    0.0 1.5e+05    4   71857     100     173      40 ( 0.175%)   12590 (78.6%)   20.650     -2721.    -20.650      0.000      0.000     1367
Routing failed.

Failed routing attempt #1
Total number of overused nodes: 40
Total number of overused nodes is larger than the logging limit (20).
Displaying the first 20 entries.
Routing Failure Diagnostics: Printing Overused Nodes Information
------ ------- ---------- --------- -------- ------------ ------- ------- ------- ------- ------- ------- -------
   No.  NodeId  Occupancy  Capacity  RR Node    Direction    Side     PTC   Block    Xlow    Ylow   Xhigh   Yhigh
                                        type                          NUM    Name                                 
------ ------- ---------- --------- -------- ------------ ------- ------- ------- ------- ------- ------- -------
     0    5307          2         1     IPIN          N/A     TOP       4     clb       4      11       4      11
     1    5332          2         1     IPIN          N/A   RIGHT      29     clb       4      11       4      11
     2    5405          2         1     IPIN          N/A     TOP       0     clb       4      12       4      12
     3    6216          2         1     IPIN          N/A   RIGHT       1     clb       5       6       5       6
     4    6318          2         1     IPIN          N/A   RIGHT       1     clb       5       7       5       7
     5    6726          2         1     IPIN          N/A   RIGHT       1     clb       5      11       5      11
     6    9318          2         1     IPIN          N/A    LEFT       7     clb       7      13       7      13
     7   11960          2         1     IPIN          N/A   RIGHT       9     clb       9      11       9      11
     8   17939          2         1    CHANX      DEC_DIR     N/A      31      io       1       0       3       0
     9   18010          2         1    CHANX      INC_DIR     N/A      12      io       7       0      10       0
    10   18207          2         1    CHANX      DEC_DIR     N/A      11     clb       9       1      12       1
    11   18539          2         1    CHANX      DEC_DIR     N/A      11     clb       7       3      10       3
    12   18881          2         1    CHANX      DEC_DIR     N/A      21 mult_36       6       5       9       5
    13   19026          2         1    CHANX      INC_DIR     N/A      32     clb       3       6       6       6
    14   19525          2         1    CHANX      DEC_DIR     N/A      33     clb       1       9       3       9
    15   19622          2         1    CHANX      INC_DIR     N/A      42     clb       9       9      12       9
    16   19671          2         1    CHANX      DEC_DIR     N/A       3     clb       1      10       3      10
    17   19720          2         1    CHANX      INC_DIR     N/A      38  memory       2      10       5      10
    18   19946          2         1    CHANX      INC_DIR     N/A      10     clb       7      11      10      11
    19   20289          2         1    CHANX      DEC_DIR     N/A      21   EMPTY       6      13       9      13

Final Net Connection Criticality Histogram:
[        0:      0.1)  94 (  8.7%) |************************
[      0.1:      0.2)  91 (  8.4%) |***********************
[      0.2:      0.3)  72 (  6.7%) |******************
[      0.3:      0.4)  67 (  6.2%) |*****************
[      0.4:      0.5) 115 ( 10.7%) |*****************************
[      0.5:      0.6)  97 (  9.0%) |************************
[      0.6:      0.7) 120 ( 11.1%) |******************************
[      0.7:      0.8) 173 ( 16.1%) |*******************************************
[      0.8:      0.9) 187 ( 17.4%) |***********************************************
[      0.9:        1)  61 (  5.7%) |***************
Router Stats: total_nets_routed: 8904 total_connections_routed: 13103 total_heap_pushes: 2606505 total_heap_pops: 710626 total_internal_heap_pushes: 0 total_internal_heap_pops: 0 total_external_heap_pushes: 2606505 total_external_heap_pops: 710626 total_external_SOURCE_pushes: 13103 total_external_SOURCE_pops: 12316 total_internal_SOURCE_pushes: 0 total_internal_SOURCE_pops: 0 rt_node_SOURCE_pushes: 13103 rt_node_SOURCE_high_fanout_pushes: 0 rt_node_SOURCE_entire_tree_pushes: 13103 total_external_SINK_pushes: 38881 total_external_SINK_pops: 35662 total_internal_SINK_pushes: 0 total_internal_SINK_pops: 0 rt_node_SINK_pushes: 0 rt_node_SINK_high_fanout_pushes: 0 rt_node_SINK_entire_tree_pushes: 0 total_external_IPIN_pushes: 60141 total_external_IPIN_pops: 50155 total_internal_IPIN_pushes: 0 total_internal_IPIN_pops: 0 rt_node_IPIN_pushes: 0 rt_node_IPIN_high_fanout_pushes: 0 rt_node_IPIN_entire_tree_pushes: 0 total_external_OPIN_pushes: 13707 total_external_OPIN_pops: 12608 total_internal_OPIN_pushes: 0 total_internal_OPIN_pops: 0 rt_node_OPIN_pushes: 4199 rt_node_OPIN_high_fanout_pushes: 0 rt_node_OPIN_entire_tree_pushes: 4199 total_external_CHANX_pushes: 1261070 total_external_CHANX_pops: 296601 total_internal_CHANX_pushes: 0 total_internal_CHANX_pops: 0 rt_node_CHANX_pushes: 9140 rt_node_CHANX_high_fanout_pushes: 0 rt_node_CHANX_entire_tree_pushes: 9140 total_external_CHANY_pushes: 1219603 total_external_CHANY_pops: 303284 total_internal_CHANY_pushes: 0 total_internal_CHANY_pops: 0 rt_node_CHANY_pushes: 9415 rt_node_CHANY_high_fanout_pushes: 0 rt_node_CHANY_entire_tree_pushes: 9415 total_number_of_adding_all_rt: 46777 total_number_of_adding_high_fanout_rt: 0 total_number_of_adding_all_rt_from_calling_high_fanout_rt: 0 

Attempting to route at 46 channels (binary search bounds: [44, 48])
## Build routing resource graph
SOURCE->OPIN and IPIN->SINK edge count:12074
OPIN->CHANX/CHANY edge count before creating direct connections: 16628
OPIN->CHANX/CHANY edge count after creating direct connections: 16748
CHAN->CHAN type edge count:85964
## Build routing resource graph took 0.03 seconds (max_rss 72.4 MiB, delta_rss +0.0 MiB)
  RR Graph Nodes: 23060
  RR Graph Edges: 114786
Confirming router algorithm: TIMING_DRIVEN.
## Computing router lookahead map
### Computing wire lookahead
### Computing wire lookahead took 0.11 seconds (max_rss 72.4 MiB, delta_rss +0.0 MiB)
### Computing src/opin lookahead
### Computing src/opin lookahead took 0.00 seconds (max_rss 72.4 MiB, delta_rss +0.0 MiB)
## Computing router lookahead map took 0.11 seconds (max_rss 72.4 MiB, delta_rss +0.0 MiB)
## Initializing router criticalities
Initial Net Connection Criticality Histogram:
[        0:      0.1) 115 ( 10.7%) |********************************
[      0.1:      0.2)  78 (  7.2%) |**********************
[      0.2:      0.3)  54 (  5.0%) |***************
[      0.3:      0.4)  72 (  6.7%) |********************
[      0.4:      0.5)  84 (  7.8%) |************************
[      0.5:      0.6) 104 (  9.7%) |*****************************
[      0.6:      0.7) 119 ( 11.0%) |*********************************
[      0.7:      0.8) 126 ( 11.7%) |***********************************
[      0.8:      0.9) 157 ( 14.6%) |********************************************
[      0.9:        1) 168 ( 15.6%) |***********************************************
## Initializing router criticalities took 0.00 seconds (max_rss 72.4 MiB, delta_rss +0.0 MiB)
---- ------ ------- ---- ------- ------- ------- ----------------- --------------- -------- ---------- ---------- ---------- ---------- --------
Iter   Time    pres  BBs    Heap  Re-Rtd  Re-Rtd Overused RR Nodes      Wirelength      CPD       sTNS       sWNS       hTNS       hWNS Est Succ
      (sec)     fac Updt    push    Nets   Conns                                       (ns)       (ns)       (ns)       (ns)       (ns)     Iter
---- ------ ------- ---- ------- ------- ------- ----------------- --------------- -------- ---------- ---------- ---------- ---------- --------
   1    0.0     0.0    0   57739     823    1033     648 ( 2.810%)    8076 (48.2%)   17.759     -2531.    -17.759      0.000      0.000      N/A
   2    0.0     0.5   12   54549     688     889     506 ( 2.194%)    8106 (48.4%)   17.759     -2535.    -17.759      0.000      0.000      N/A
   3    0.0     0.6    7   57846     571     760     408 ( 1.769%)    8525 (50.9%)   17.759     -2543.    -17.759      0.000      0.000      N/A
   4    0.0     0.8    9   56058     490     674     329 ( 1.427%)    8750 (52.3%)   17.759     -2546.    -17.759      0.000      0.000      N/A
   5    0.0     1.1   16   53669     438     614     288 ( 1.249%)    8952 (53.5%)   17.759     -2550.    -17.759      0.000      0.000      N/A
   6    0.0     1.4   12   51693     371     527     219 ( 0.950%)    9287 (55.5%)   17.759     -2560.    -17.759      0.000      0.000      N/A
   7    0.0     1.9   11   47169     328     466     193 ( 0.837%)    9435 (56.3%)   17.759     -2563.    -17.759      0.000      0.000      N/A
   8    0.0     2.4   13   43284     279     394     146 ( 0.633%)    9733 (58.1%)   17.759     -2568.    -17.759      0.000      0.000      N/A
   9    0.0     3.1   18   34843     213     308     123 ( 0.533%)    9809 (58.6%)   17.759     -2566.    -17.759      0.000      0.000      N/A
  10    0.0     4.1    9   32821     205     303     105 ( 0.455%)    9925 (59.3%)   17.759     -2574.    -17.759      0.000      0.000       32
  11    0.0     5.3    8   34880     166     250      85 ( 0.369%)   10217 (61.0%)   17.759     -2571.    -17.759      0.000      0.000       34
  12    0.0     6.9   10   31401     138     219      60 ( 0.260%)   10397 (62.1%)   17.759     -2574.    -17.759      0.000      0.000       34
  13    0.0     9.0   12   27488     102     162      45 ( 0.195%)   10534 (62.9%)   17.759     -2581.    -17.759      0.000      0.000       31
  14    0.0    11.6    6   29094      80     133      32 ( 0.139%)   10748 (64.2%)   17.759     -2589.    -17.759      0.000      0.000       30
  15    0.0    15.1    9   15926      48      79      17 ( 0.074%)   10875 (64.9%)   17.759     -2590.    -17.759      0.000      0.000       28
  16    0.0    19.7    7   10588      31      49      15 ( 0.065%)   10952 (65.4%)   17.759     -2592.    -17.759      0.000      0.000       26
  17    0.0    25.6    4   18374      29      49      14 ( 0.061%)   10978 (65.6%)   17.759     -2590.    -17.759      0.000      0.000       24
  18    0.0    33.3    3   23117      25      42      10 ( 0.043%)   11049 (66.0%)   17.759     -2601.    -17.759      0.000      0.000       25
  19    0.0    43.3    4   18484      18      28       7 ( 0.030%)   11118 (66.4%)   17.759     -2611.    -17.759      0.000      0.000       25
  20    0.0    56.2    2   12921      11      16       6 ( 0.026%)   11088 (66.2%)   17.759     -2611.    -17.759      0.000      0.000       25
  21    0.0    73.1    1   16211      11      16       6 ( 0.026%)   11097 (66.3%)   17.759     -2611.    -17.759      0.000      0.000       26
  22    0.0    95.0    2    8324      10      14       6 ( 0.026%)   11135 (66.5%)   17.759     -2608.    -17.759      0.000      0.000       26
  23    0.0   123.5    1    6613       9      16       5 ( 0.022%)   11187 (66.8%)   17.759     -2609.    -17.759      0.000      0.000       28
  24    0.0   160.6    0   15090      13      21       6 ( 0.026%)   11173 (66.7%)   17.882     -2616.    -17.882      0.000      0.000       29
  25    0.0   208.8    0   11859      23      45       6 ( 0.026%)   11183 (66.8%)   17.759     -2609.    -17.759      0.000      0.000       31
  26    0.0   271.4    1   13500      11      19       3 ( 0.013%)   11201 (66.9%)   17.759     -2608.    -17.759      0.000      0.000       33
  27    0.0   352.8    4    3430       4       8       1 ( 0.004%)   11240 (67.1%)   17.759     -2610.    -17.759      0.000      0.000       34
  28    0.0   458.7    2    1165       1       2       1 ( 0.004%)   11238 (67.1%)   17.759     -2610.    -17.759      0.000      0.000       31
  29    0.0   596.3    0    2717       2       3       1 ( 0.004%)   11259 (67.2%)   17.759     -2610.    -17.759      0.000      0.000       31
  30    0.0   775.1    0    2903       2       4       1 ( 0.004%)   11251 (67.2%)   17.759     -2610.    -17.759      0.000      0.000       30
  31    0.0  1007.7    0    2045       1       2       1 ( 0.004%)   11251 (67.2%)   17.759     -2610.    -17.759      0.000      0.000       30
  32    0.0  1310.0    0    4106       2       4       1 ( 0.004%)   11268 (67.3%)   17.759     -2610.    -17.759      0.000      0.000       30
  33    0.0  1703.0    0    6384       3       7       1 ( 0.004%)   11251 (67.2%)   17.759     -2610.    -17.759      0.000      0.000       31
  34    0.0  2213.9    0    2045       1       2       1 ( 0.004%)   11251 (67.2%)   17.759     -2610.    -17.759      0.000      0.000       31
  35    0.0  2878.1    0    4283       2       5       1 ( 0.004%)   11259 (67.2%)   17.759     -2610.    -17.759      0.000      0.000       32
  36    0.0  3741.5    0    4106       2       4       1 ( 0.004%)   11268 (67.3%)   17.759     -2610.    -17.759      0.000      0.000       32
  37    0.0  4863.9    0    6243       3       7       1 ( 0.004%)   11256 (67.2%)   17.759     -2610.    -17.759      0.000      0.000       33
  38    0.0  6323.1    0    2904       2       4       1 ( 0.004%)   11251 (67.2%)   17.759     -2610.    -17.759      0.000      0.000       33
  39    0.0  8220.0    0    2045       1       2       1 ( 0.004%)   11251 (67.2%)   17.759     -2610.    -17.759      0.000      0.000       34
  40    0.0 10686.0    0    4283       2       5       1 ( 0.004%)   11259 (67.2%)   17.759     -2610.    -17.759      0.000      0.000       34
  41    0.0 13891.9    0    4106       2       4       1 ( 0.004%)   11268 (67.3%)   17.759     -2610.    -17.759      0.000      0.000       35
  42    0.0 18059.4    0    4190       2       4       0 ( 0.000%)   11279 (67.4%)   17.759     -2611.    -17.759      0.000      0.000       36
Restoring best routing
Critical path: 17.7587 ns
Successfully routed after 42 routing iterations.
Final Net Connection Criticality Histogram:
[        0:      0.1)  93 (  8.6%) |*********************
[      0.1:      0.2)  75 (  7.0%) |*****************
[      0.2:      0.3)  70 (  6.5%) |***************
[      0.3:      0.4)  58 (  5.4%) |*************
[      0.4:      0.5)  66 (  6.1%) |***************
[      0.5:      0.6) 116 ( 10.8%) |**************************
[      0.6:      0.7) 112 ( 10.4%) |*************************
[      0.7:      0.8) 117 ( 10.9%) |**************************
[      0.8:      0.9) 157 ( 14.6%) |***********************************
[      0.9:        1) 213 ( 19.8%) |***********************************************
Router Stats: total_nets_routed: 5163 total_connections_routed: 7193 total_heap_pushes: 840496 total_heap_pops: 225858 total_internal_heap_pushes: 0 total_internal_heap_pops: 0 total_external_heap_pushes: 840496 total_external_heap_pops: 225858 total_external_SOURCE_pushes: 7193 total_external_SOURCE_pops: 6704 total_internal_SOURCE_pushes: 0 total_internal_SOURCE_pops: 0 rt_node_SOURCE_pushes: 7193 rt_node_SOURCE_high_fanout_pushes: 0 rt_node_SOURCE_entire_tree_pushes: 7193 total_external_SINK_pushes: 23204 total_external_SINK_pops: 21528 total_internal_SINK_pushes: 0 total_internal_SINK_pops: 0 rt_node_SINK_pushes: 0 rt_node_SINK_high_fanout_pushes: 0 rt_node_SINK_entire_tree_pushes: 0 total_external_IPIN_pushes: 35326 total_external_IPIN_pops: 31469 total_internal_IPIN_pushes: 0 total_internal_IPIN_pops: 0 rt_node_IPIN_pushes: 0 rt_node_IPIN_high_fanout_pushes: 0 rt_node_IPIN_entire_tree_pushes: 0 total_external_OPIN_pushes: 7486 total_external_OPIN_pops: 6914 total_internal_OPIN_pushes: 0 total_internal_OPIN_pops: 0 rt_node_OPIN_pushes: 2030 rt_node_OPIN_high_fanout_pushes: 0 rt_node_OPIN_entire_tree_pushes: 2030 total_external_CHANX_pushes: 384760 total_external_CHANX_pops: 78308 total_internal_CHANX_pushes: 0 total_internal_CHANX_pops: 0 rt_node_CHANX_pushes: 2616 rt_node_CHANX_high_fanout_pushes: 0 rt_node_CHANX_entire_tree_pushes: 2616 total_external_CHANY_pushes: 382527 total_external_CHANY_pops: 80935 total_internal_CHANY_pushes: 0 total_internal_CHANY_pops: 0 rt_node_CHANY_pushes: 2798 rt_node_CHANY_high_fanout_pushes: 0 rt_node_CHANY_entire_tree_pushes: 2798 total_number_of_adding_all_rt: 19565 total_number_of_adding_high_fanout_rt: 0 total_number_of_adding_all_rt_from_calling_high_fanout_rt: 0 
## Build routing resource graph
SOURCE->OPIN and IPIN->SINK edge count:12074
OPIN->CHANX/CHANY edge count before creating direct connections: 16628
OPIN->CHANX/CHANY edge count after creating direct connections: 16748
CHAN->CHAN type edge count:85964
## Build routing resource graph took 0.03 seconds (max_rss 72.4 MiB, delta_rss +0.0 MiB)
  RR Graph Nodes: 23060
  RR Graph Edges: 114786
Best routing used a channel width factor of 46.
# Routing took 1.79 seconds (max_rss 72.4 MiB, delta_rss +0.0 MiB)

Checking to ensure routing is legal...
# Checking to ensure non-configurable edges are legal
# Checking to ensure non-configurable edges are legal took 0.00 seconds (max_rss 72.4 MiB, delta_rss +0.0 MiB)
Completed routing consistency check successfully.

Serial number (magic cookie) for the routing is: -1138298214
Circuit successfully routed with a channel width factor of 46.
# Synchronize the packed netlist to routing optimization
## Annotating rr_node with routed nets
## Annotating rr_node with routed nets took 0.00 seconds (max_rss 72.4 MiB, delta_rss +0.0 MiB)
Found 1245 mismatches between routing and packing results.
Fixed 798 routing traces due to mismatch between routing and packing results.
# Synchronize the packed netlist to routing optimization took 0.01 seconds (max_rss 72.4 MiB, delta_rss +0.0 MiB)
Final Clustering Statistics: 
----------   --------   ------------------------------------   --------------------------
Block Type   # Blocks   Avg. # of input clocks and pins used   Avg. # of output pins used
----------   --------   ------------------------------------   --------------------------
     EMPTY          0                                      0                            0   
        io        396                               0.383838                     0.616162   
       clb         50                                   18.5                         11.6   
   mult_36          0                                      0                            0   
    memory          0                                      0                            0   
Absorbed logical nets 349 out of 1173 nets, 824 nets not absorbed.


Average number of bends per net: 2.40462  Maximum # of bends: 13

Number of global nets: 1
Number of routed nets (nonglobal): 823
Wire length results (in units of 1 clb segments)...
	Total wirelength: 11279, average net length: 13.7047
	Maximum net length: 58

Wire length results in terms of physical segments...
	Total wiring segments used: 3155, average wire segments per net: 3.83354
	Maximum segments used by a net: 16
	Total local nets with reserved CLB opins: 0
Total number of nets absorbed: 0

Routing channel utilization histogram:
[        1:      inf)  0 (  0.0%) |
[      0.9:        1) 68 ( 17.3%) |*************************************
[      0.8:      0.9) 86 ( 21.9%) |***********************************************
[      0.7:      0.8) 88 ( 22.4%) |************************************************
[      0.5:      0.6) 40 ( 10.2%) |**********************
[      0.4:      0.5) 38 (  9.7%) |*********************
[      0.3:      0.4) 22 (  5.6%) |************
[      0.2:      0.3) 18 (  4.6%) |**********
[      0.1:      0.2)  4 (  1.0%) |**
[        0:      0.1) 28 (  7.1%) |***************
Maximum routing channel utilization:         1 at (7,11)

X - Directed channels:   j max occ ave occ capacity
                      ---- ------- ------- --------
                         0      45  28.733       46
                         1      25  15.600       46
                         2      35  21.133       46
                         3      40  25.000       46
                         4      45  29.200       46
                         5      44  29.267       46
                         6      44  29.400       46
                         7      44  29.067       46
                         8      44  27.333       46
                         9      41  28.467       46
                        10      44  28.000       46
                        11      46  31.467       46
                        12      43  28.267       46
                        13      46  34.000       46
Y - Directed channels:   i max occ ave occ capacity
                      ---- ------- ------- --------
                         0      43  33.133       46
                         1      33  20.467       46
                         2      39  26.200       46
                         3      40  26.400       46
                         4      43  32.867       46
                         5      42  29.333       46
                         6      41  30.867       46
                         7      39  30.400       46
                         8      43  30.933       46
                         9      38  25.600       46
                        10      29  19.333       46
                        11      26  16.733       46
                        12      27  16.467       46
                        13      40  28.267       46

Total tracks in x-direction: 644, in y-direction: 644

Logic area (in minimum width transistor areas, excludes I/Os and empty grid tiles)...
	Total logic block area (Warning, need to add pitch of routing to blocks with height > 3): 1.03862e+07
	Total used logic block area: 2.6947e+06

Routing area (in minimum width transistor areas)...
	Total routing area: 698613., per logic tile: 3104.95

Total Number of Wiring Segments by Direction: direction length number
                                              --------- ------ -------
                                                      X      4   2576
                                                      Y      4   2576

X - Directed Wiring Segment usage by length: length utilization
                                             ------ -----------
                                             4       0.622

Y - Directed Wiring Segment usage by length: length utilization
                                             ------ -----------
                                             4       0.603

Segment occupancy by length: Length utilization
                             ------ -----------
                             L4           0.612

Segment occupancy by type:              name type utilization
                           ----------------- ---- -----------
                           unnamed_segment_0    0       0.612

Final hold Worst Negative Slack (hWNS): 0 ns
Final hold Total Negative Slack (hTNS): 0 ns

Final hold slack histogram:
[  5.8e-11:    5e-10) 14 (  5.0%) |********
[    5e-10:  9.5e-10) 51 ( 18.1%) |*****************************
[  9.5e-10:  1.4e-09) 83 ( 29.5%) |************************************************
[  1.4e-09:  1.8e-09) 72 ( 25.6%) |******************************************
[  1.8e-09:  2.3e-09) 35 ( 12.5%) |********************
[  2.3e-09:  2.7e-09) 18 (  6.4%) |**********
[  2.7e-09:  3.2e-09)  7 (  2.5%) |****
[  3.2e-09:  3.6e-09)  0 (  0.0%) |
[  3.6e-09:  4.1e-09)  0 (  0.0%) |
[  4.1e-09:  4.5e-09)  1 (  0.4%) |*

Final critical path delay (least slack): 17.7587 ns, Fmax: 56.3103 MHz
Final setup Worst Negative Slack (sWNS): -17.7587 ns
Final setup Total Negative Slack (sTNS): -2610.76 ns

Final setup slack histogram:
[ -1.8e-08: -1.6e-08) 33 ( 11.7%) |*******************************
[ -1.6e-08: -1.4e-08) 50 ( 17.8%) |***********************************************
[ -1.4e-08: -1.3e-08) 27 (  9.6%) |*************************
[ -1.3e-08: -1.1e-08) 20 (  7.1%) |*******************
[ -1.1e-08: -9.1e-09) 19 (  6.8%) |******************
[ -9.1e-09: -7.4e-09) 16 (  5.7%) |***************
[ -7.4e-09: -5.7e-09) 20 (  7.1%) |*******************
[ -5.7e-09:   -4e-09)  9 (  3.2%) |********
[   -4e-09: -2.3e-09) 36 ( 12.8%) |**********************************
[ -2.3e-09: -5.4e-10) 51 ( 18.1%) |************************************************

Final geomean non-virtual intra-domain period: 17.7587 ns (56.3103 MHz)
Final fanout-weighted geomean non-virtual intra-domain period: 17.7587 ns (56.3103 MHz)

Incr Slack updates 1 in 1.8204e-05 sec
Full Max Req/Worst Slack updates 1 in 4.429e-06 sec
Incr Max Req/Worst Slack updates 0 in 0 sec
Incr Criticality updates 0 in 0 sec
Full Criticality updates 1 in 3.217e-05 sec
Flow timing analysis took 0.300355 seconds (0.279194 STA, 0.0211609 slack) (250 full updates: 75 setup, 0 hold, 175 combined).
VPR succeeded
The entire flow of VPR took 3.11 seconds (max_rss 72.4 MiB)
Incr Slack updates 174 in 0.00381851 sec
Full Max Req/Worst Slack updates 33 in 0.00013402 sec
Incr Max Req/Worst Slack updates 141 in 0.000588869 sec
Incr Criticality updates 101 in 0.00310815 sec
Full Criticality updates 73 in 0.00245054 sec
