#Packing pin usage report
Type: io
	Input Pin Usage:
		Max: 1.00 (0.02)
		Avg: 0.30 (0.01)
		Min: 0.00 (0.00)
		Histogram:
		[        0:      5.5) 235 (100.0%) |***********************************************
		[      5.5:       11)   0 (  0.0%) |
		[       11:       16)   0 (  0.0%) |
		[       16:       22)   0 (  0.0%) |
		[       22:       28)   0 (  0.0%) |
		[       28:       33)   0 (  0.0%) |
		[       33:       38)   0 (  0.0%) |
		[       38:       44)   0 (  0.0%) |
		[       44:       50)   0 (  0.0%) |
		[       50:       55)   0 (  0.0%) |
	Output Pin Usage:
		Max: 1.00 (0.03)
		Avg: 0.70 (0.02)
		Min: 0.00 (0.00)
		Histogram:
		[        0:        4) 235 (100.0%) |***********************************************
		[        4:        8)   0 (  0.0%) |
		[        8:       12)   0 (  0.0%) |
		[       12:       16)   0 (  0.0%) |
		[       16:       20)   0 (  0.0%) |
		[       20:       24)   0 (  0.0%) |
		[       24:       28)   0 (  0.0%) |
		[       28:       32)   0 (  0.0%) |
		[       32:       36)   0 (  0.0%) |
		[       36:       40)   0 (  0.0%) |

Type: LAB
	Input Pin Usage:
		Max: 33.00 (0.36)
		Avg: 14.83 (0.16)
		Min: 1.00 (0.01)
		Histogram:
		[        0:      9.1) 136 ( 13.5%) |**********
		[      9.1:       18) 622 ( 62.0%) |***********************************************
		[       18:       27) 234 ( 23.3%) |******************
		[       27:       36)  12 (  1.2%) |*
		[       36:       46)   0 (  0.0%) |
		[       46:       55)   0 (  0.0%) |
		[       55:       64)   0 (  0.0%) |
		[       64:       73)   0 (  0.0%) |
		[       73:       82)   0 (  0.0%) |
		[       82:       91)   0 (  0.0%) |
	Output Pin Usage:
		Max: 32.00 (0.76)
		Avg: 9.64 (0.23)
		Min: 1.00 (0.02)
		Histogram:
		[        0:      4.2) 123 ( 12.3%) |***************
		[      4.2:      8.4) 262 ( 26.1%) |********************************
		[      8.4:       13) 383 ( 38.1%) |***********************************************
		[       13:       17) 175 ( 17.4%) |*********************
		[       17:       21)  49 (  4.9%) |******
		[       21:       25)   9 (  0.9%) |*
		[       25:       29)   2 (  0.2%) |
		[       29:       34)   1 (  0.1%) |
		[       34:       38)   0 (  0.0%) |
		[       38:       42)   0 (  0.0%) |

