#Packing pin usage report
Type: io
	Input Pin Usage:
		Max: 1.00 (0.02)
		Avg: 0.30 (0.01)
		Min: 0.00 (0.00)
		Histogram:
		[        0:      5.5) 907 (100.0%) |***********************************************
		[      5.5:       11)   0 (  0.0%) |
		[       11:       16)   0 (  0.0%) |
		[       16:       22)   0 (  0.0%) |
		[       22:       28)   0 (  0.0%) |
		[       28:       33)   0 (  0.0%) |
		[       33:       38)   0 (  0.0%) |
		[       38:       44)   0 (  0.0%) |
		[       44:       50)   0 (  0.0%) |
		[       50:       55)   0 (  0.0%) |
	Output Pin Usage:
		Max: 1.00 (0.03)
		Avg: 0.70 (0.02)
		Min: 0.00 (0.00)
		Histogram:
		[        0:        4) 907 (100.0%) |***********************************************
		[        4:        8)   0 (  0.0%) |
		[        8:       12)   0 (  0.0%) |
		[       12:       16)   0 (  0.0%) |
		[       16:       20)   0 (  0.0%) |
		[       20:       24)   0 (  0.0%) |
		[       24:       28)   0 (  0.0%) |
		[       28:       32)   0 (  0.0%) |
		[       32:       36)   0 (  0.0%) |
		[       36:       40)   0 (  0.0%) |

Type: LAB
	Input Pin Usage:
		Max: 37.00 (0.41)
		Avg: 20.10 (0.22)
		Min: 1.00 (0.01)
		Histogram:
		[        0:      9.1)  34 (  7.1%) |*****
		[      9.1:       18) 105 ( 21.9%) |****************
		[       18:       27) 302 ( 62.9%) |***********************************************
		[       27:       36)  37 (  7.7%) |******
		[       36:       46)   2 (  0.4%) |
		[       46:       55)   0 (  0.0%) |
		[       55:       64)   0 (  0.0%) |
		[       64:       73)   0 (  0.0%) |
		[       73:       82)   0 (  0.0%) |
		[       82:       91)   0 (  0.0%) |
	Output Pin Usage:
		Max: 30.00 (0.71)
		Avg: 12.85 (0.31)
		Min: 1.00 (0.02)
		Histogram:
		[        0:      4.2)  30 (  6.2%) |********
		[      4.2:      8.4)  31 (  6.5%) |*********
		[      8.4:       13) 166 ( 34.6%) |***********************************************
		[       13:       17) 164 ( 34.2%) |**********************************************
		[       17:       21)  72 ( 15.0%) |********************
		[       21:       25)  11 (  2.3%) |***
		[       25:       29)   4 (  0.8%) |*
		[       29:       34)   2 (  0.4%) |*
		[       34:       38)   0 (  0.0%) |
		[       38:       42)   0 (  0.0%) |

