#Packing pin usage report
Type: io
	Input Pin Usage:
		Max: 1.00 (0.02)
		Avg: 0.30 (0.01)
		Min: 0.00 (0.00)
		Histogram:
		[        0:      5.5) 4755 (100.0%) |**********************************************
		[      5.5:       11)    0 (  0.0%) |
		[       11:       16)    0 (  0.0%) |
		[       16:       22)    0 (  0.0%) |
		[       22:       28)    0 (  0.0%) |
		[       28:       33)    0 (  0.0%) |
		[       33:       38)    0 (  0.0%) |
		[       38:       44)    0 (  0.0%) |
		[       44:       50)    0 (  0.0%) |
		[       50:       55)    0 (  0.0%) |
	Output Pin Usage:
		Max: 1.00 (0.03)
		Avg: 0.70 (0.02)
		Min: 0.00 (0.00)
		Histogram:
		[        0:        4) 4755 (100.0%) |**********************************************
		[        4:        8)    0 (  0.0%) |
		[        8:       12)    0 (  0.0%) |
		[       12:       16)    0 (  0.0%) |
		[       16:       20)    0 (  0.0%) |
		[       20:       24)    0 (  0.0%) |
		[       24:       28)    0 (  0.0%) |
		[       28:       32)    0 (  0.0%) |
		[       32:       36)    0 (  0.0%) |
		[       36:       40)    0 (  0.0%) |

Type: LAB
	Input Pin Usage:
		Max: 42.00 (0.46)
		Avg: 24.76 (0.27)
		Min: 1.00 (0.01)
		Histogram:
		[        0:      9.1)  42 (  8.6%) |********
		[      9.1:       18)  14 (  2.9%) |***
		[       18:       27) 250 ( 51.1%) |***********************************************
		[       27:       36) 168 ( 34.4%) |********************************
		[       36:       46)  15 (  3.1%) |***
		[       46:       55)   0 (  0.0%) |
		[       55:       64)   0 (  0.0%) |
		[       64:       73)   0 (  0.0%) |
		[       73:       82)   0 (  0.0%) |
		[       82:       91)   0 (  0.0%) |
	Output Pin Usage:
		Max: 25.00 (0.60)
		Avg: 15.50 (0.37)
		Min: 1.00 (0.02)
		Histogram:
		[        0:      4.2)  40 (  8.2%) |**********
		[      4.2:      8.4)   1 (  0.2%) |
		[      8.4:       13)  28 (  5.7%) |*******
		[       13:       17) 195 ( 39.9%) |***********************************************
		[       17:       21) 186 ( 38.0%) |*********************************************
		[       21:       25)  39 (  8.0%) |*********
		[       25:       29)   0 (  0.0%) |
		[       29:       34)   0 (  0.0%) |
		[       34:       38)   0 (  0.0%) |
		[       38:       42)   0 (  0.0%) |

