#Packing pin usage report
Type: io
	Input Pin Usage:
		Max: 1.00 (0.50)
		Avg: 0.30 (0.15)
		Min: 0.00 (0.00)
		Histogram:
		[        0:      0.2) 176 ( 70.1%) |***********************************************
		[      0.2:      0.4)   0 (  0.0%) |
		[      0.4:      0.6)   0 (  0.0%) |
		[      0.6:      0.8)   0 (  0.0%) |
		[      0.8:        1)  75 ( 29.9%) |********************
		[        1:      1.2)   0 (  0.0%) |
		[      1.2:      1.4)   0 (  0.0%) |
		[      1.4:      1.6)   0 (  0.0%) |
		[      1.6:      1.8)   0 (  0.0%) |
		[      1.8:        2)   0 (  0.0%) |
	Output Pin Usage:
		Max: 1.00 (1.00)
		Avg: 0.70 (0.70)
		Min: 0.00 (0.00)
		Histogram:
		[        0:      0.1)  75 ( 29.9%) |********************
		[      0.1:      0.2)   0 (  0.0%) |
		[      0.2:      0.3)   0 (  0.0%) |
		[      0.3:      0.4)   0 (  0.0%) |
		[      0.4:      0.5)   0 (  0.0%) |
		[      0.5:      0.6)   0 (  0.0%) |
		[      0.6:      0.7)   0 (  0.0%) |
		[      0.7:      0.8)   0 (  0.0%) |
		[      0.8:      0.9)   0 (  0.0%) |
		[      0.9:        1) 176 ( 70.1%) |***********************************************

Type: clb
	Input Pin Usage:
		Max: 26.00 (0.48)
		Avg: 13.74 (0.25)
		Min: 1.00 (0.02)
		Histogram:
		[        0:      5.4)  51 (  9.0%) |********
		[      5.4:       11)  47 (  8.3%) |*******
		[       11:       16) 312 ( 55.3%) |***********************************************
		[       16:       22) 137 ( 24.3%) |*********************
		[       22:       27)  17 (  3.0%) |***
		[       27:       32)   0 (  0.0%) |
		[       32:       38)   0 (  0.0%) |
		[       38:       43)   0 (  0.0%) |
		[       43:       49)   0 (  0.0%) |
		[       49:       54)   0 (  0.0%) |
	Output Pin Usage:
		Max: 19.00 (0.90)
		Avg: 8.33 (0.40)
		Min: 1.00 (0.05)
		Histogram:
		[        0:      2.1)  42 (  7.4%) |*************
		[      2.1:      4.2)  19 (  3.4%) |******
		[      4.2:      6.3)  83 ( 14.7%) |**************************
		[      6.3:      8.4) 148 ( 26.2%) |**********************************************
		[      8.4:       10) 152 ( 27.0%) |***********************************************
		[       10:       13)  54 (  9.6%) |*****************
		[       13:       15)  42 (  7.4%) |*************
		[       15:       17)  13 (  2.3%) |****
		[       17:       19)   9 (  1.6%) |***
		[       19:       21)   2 (  0.4%) |*

