VPR FPGA Placement and Routing.
Version: 8.1.0-dev+unkown
Revision: unkown
Compiled: 2023-11-16T17:20:44
Compiler: GNU 11.4.0 on Linux-6.2.0-36-generic x86_64
Build Info: release IPO VTR_ASSERT_LEVEL=2

University of Toronto
verilogtorouting.org
vtr-users@googlegroups.com
This is free open source code under MIT license.

VPR was run with the following command-line:
/home/xiaokewan/Software/vtr-verilog-to-routing-master/vpr/vpr /home/xiaokewan/Software/vtr-verilog-to-routing-master/vtr_flow/arch/timing/EArch.xml ../../rent_exp_0.48.blif


Architecture file: /home/xiaokewan/Software/vtr-verilog-to-routing-master/vtr_flow/arch/timing/EArch.xml
Circuit name: rent_exp_0.48

# Loading Architecture Description
# Loading Architecture Description took 0.00 seconds (max_rss 17.1 MiB, delta_rss +2.1 MiB)

Timing analysis: ON
Circuit netlist file: rent_exp_0.48.net
Circuit placement file: rent_exp_0.48.place
Circuit routing file: rent_exp_0.48.route
Circuit SDC file: rent_exp_0.48.sdc
Vpr floorplanning constraints file: not specified

Packer: ENABLED
Placer: ENABLED
Router: ENABLED
Analysis: ENABLED

VPR was run with the following options:

NetlistOpts.abosrb_buffer_luts            : true
NetlistOpts.sweep_dangling_primary_ios    : true
NetlistOpts.sweep_dangling_nets           : true
NetlistOpts.sweep_dangling_blocks         : true
NetlistOpts.sweep_constant_primary_outputs: false
NetlistOpts.netlist_verbosity             : 1
NetlistOpts.const_gen_inference           : COMB_SEQ

PackerOpts.allow_unrelated_clustering: auto
PackerOpts.alpha_clustering: 0.750000
PackerOpts.beta_clustering: 0.900000
PackerOpts.cluster_seed_type: BLEND2
PackerOpts.connection_driven: true
PackerOpts.global_clocks: true
PackerOpts.hill_climbing_flag: false
PackerOpts.inter_cluster_net_delay: 1.000000
PackerOpts.timing_driven: true
PackerOpts.target_external_pin_util: auto

PlacerOpts.place_freq: PLACE_ONCE
PlacerOpts.place_algorithm: CRITICALITY_TIMING_PLACE
PlacerOpts.pad_loc_type: FREE
PlacerOpts.constraints_file: No constraints file given
PlacerOpts.place_cost_exp: 1.000000
PlacerOpts.place_chan_width: 100
PlacerOpts.inner_loop_recompute_divider: 0
PlacerOpts.recompute_crit_iter: 1
PlacerOpts.timing_tradeoff: 0.500000
PlacerOpts.td_place_exp_first: 1.000000
PlacerOpts.td_place_exp_last: 8.000000
PlacerOpts.delay_offset: 0.000000
PlacerOpts.delay_ramp_delta_threshold: -1
PlacerOpts.delay_ramp_slope: 0.000000
PlacerOpts.tsu_rel_margin: 1.000000
PlacerOpts.tsu_abs_margin: 0.000000
PlacerOpts.post_place_timing_report_file: 
PlacerOpts.allowed_tiles_for_delay_model: 
PlacerOpts.delay_model_reducer: MIN
PlacerOpts.delay_model_type: DELTA
PlacerOpts.rlim_escape_fraction: 0.000000
PlacerOpts.move_stats_file: 
PlacerOpts.placement_saves_per_temperature: 0
PlacerOpts.effort_scaling: CIRCUIT
PlacerOpts.place_delta_delay_matrix_calculation_method: ASTAR_ROUTE
PlaceOpts.seed: 1
AnnealSched.type: AUTO_SCHED
AnnealSched.inner_num: 0.500000

RouterOpts.route_type: DETAILED
RouterOpts.flat_routing: false
RouterOpts.has_choking_spot: false
RouterOpts.router_algorithm: TIMING_DRIVEN
RouterOpts.base_cost_type: DELAY_NORMALIZED_LENGTH
RouterOpts.fixed_channel_width: NO_FIXED_CHANNEL_WIDTH
RouterOpts.check_route: FULL
RouterOpts.acc_fac: 1.000000
RouterOpts.bb_factor: 3
RouterOpts.bend_cost: 0.000000
RouterOpts.first_iter_pres_fac: 0.000000
RouterOpts.initial_pres_fac: 0.500000
RouterOpts.pres_fac_mult: 1.300000
RouterOpts.max_router_iterations: 50
RouterOpts.min_incremental_reroute_fanout: 16
RouterOpts.do_check_rr_graph: true
RouterOpts.verify_binary_search: false
RouterOpts.min_channel_width_hint: 0
RouterOpts.read_rr_edge_metadata: false
RouterOpts.exit_after_first_routing_iteration: false
RouterOpts.astar_fac: 1.200000
RouterOpts.router_profiler_astar_fac: 1.200000
RouterOpts.criticality_exp: 1.000000
RouterOpts.max_criticality: 0.990000
RouterOpts.init_wirelength_abort_threshold: 0.850000
RouterOpts.save_routing_per_iteration: false
RouterOpts.congested_routing_iteration_threshold_frac: 1.000000
RouterOpts.high_fanout_threshold: 64
RouterOpts.router_debug_net: -2
RouterOpts.router_debug_sink_rr: -2
RouterOpts.router_debug_iteration: -2
RouterOpts.max_convergence_count: 1
RouterOpts.reconvergence_cpd_threshold: 0.990000
RouterOpts.update_lower_bound_delays: true
RouterOpts.first_iteration_timing_report_file: 
RouterOpts.incr_reroute_delay_ripup: AUTO
RouterOpts.route_bb_update: DYNAMIC
RouterOpts.lookahead_type: MAP
RouterOpts.initial_timing: LOOKAHEAD
RouterOpts.router_heap: BINARY_HEAP
RouterOpts.routing_failure_predictor = SAFE
RouterOpts.routing_budgets_algorithm = DISABLE

AnalysisOpts.gen_post_synthesis_netlist: false
AnalysisOpts.timing_report_npaths: 100
AnalysisOpts.timing_report_skew: false
AnalysisOpts.echo_dot_timing_graph_node: -1
AnalysisOpts.timing_report_detail: NETLIST
AnalysisOpts.post_synth_netlist_unconn_input_handling: UNCONNECTED
AnalysisOpts.post_synth_netlist_unconn_output_handling: UNCONNECTED

# Building complex block graph
Warning 1: io[0].clock[0] unconnected pin in architecture.
# Building complex block graph took 0.02 seconds (max_rss 24.9 MiB, delta_rss +7.7 MiB)
Circuit file: ../../rent_exp_0.48.blif
# Load circuit
# Load circuit took 0.03 seconds (max_rss 41.3 MiB, delta_rss +16.4 MiB)
# Clean circuit
Absorbed 0 LUT buffers
Inferred    0 additional primitive pins as constant generators since they have no combinationally connected inputs
Inferred    0 additional primitive pins as constant generators due to constant inputs
Swept input(s)      : 0
Swept output(s)     : 0 (0 dangling, 0 constant)
Swept net(s)        : 0
Swept block(s)      : 0
Constant Pins Marked: 0
# Clean circuit took 0.00 seconds (max_rss 41.3 MiB, delta_rss +0.0 MiB)
# Compress circuit
# Compress circuit took 0.01 seconds (max_rss 41.3 MiB, delta_rss +0.0 MiB)
# Verify circuit
# Verify circuit took 0.00 seconds (max_rss 41.3 MiB, delta_rss +0.0 MiB)
Circuit Statistics:
  Blocks: 10727
    .input :     176
    .latch :    1476
    .output:      75
    6-LUT  :    9000
  Nets  : 10652
    Avg Fanout:     2.1
    Max Fanout:  1476.0
    Min Fanout:     1.0
  Netlist Clocks: 1
# Build Timing Graph
  Timing Graph Nodes: 32679
  Timing Graph Edges: 43979
  Timing Graph Levels: 84
# Build Timing Graph took 0.02 seconds (max_rss 45.2 MiB, delta_rss +3.6 MiB)
Netlist contains 1 clocks
  Netlist Clock 'pclk' Fanout: 1476 pins (4.5%), 1476 blocks (13.8%)
# Load Timing Constraints

SDC file 'rent_exp_0.48.sdc' not found
Setting default timing constraints:
   * constrain all primay inputs and primary outputs on netlist clock 'pclk'
   * optimize netlist clock to run as fast as possible
Timing constraints created 1 clocks
  Constrained Clock 'pclk' Source: 'pclk.inpad[0]'

# Load Timing Constraints took 0.00 seconds (max_rss 45.2 MiB, delta_rss +0.0 MiB)
# Packing
Begin packing '../../rent_exp_0.48.blif'.

After removing unused inputs...
	total blocks: 10727, total nets: 10652, total inputs: 176, total outputs: 75
Begin prepacking.

There is one chain in this architecture called "chain" with the following starting points:
	clb[0]/fle[0]/lut5inter[0]/ble5[0]/arithmetic[0]/adder[0].cin[0]

0 attraction groups were created during prepacking.
Finish prepacking.
Using inter-cluster delay: 1.33777e-09
Packing with pin utilization targets: io:1,1 clb:0.8,1 mult_36:1,1 memory:1,1
Packing with high fanout thresholds: io:128 clb:32 mult_36:128 memory:128
Starting Clustering - Clustering Progress: 
-------------------   --------------------------   ---------
Molecules processed   Number of clusters created   FPGA size
-------------------   --------------------------   ---------
   417/10439     3%                           21     8 x 8     
   834/10439     7%                           42    10 x 10    
  1251/10439    11%                           63    11 x 11    
  1668/10439    15%                           84    13 x 13    
  2085/10439    19%                          105    14 x 14    
  2502/10439    23%                          126    15 x 15    
  2919/10439    27%                          146    17 x 17    
  3336/10439    31%                          167    18 x 18    
  3753/10439    35%                          188    18 x 18    
  4170/10439    39%                          209    19 x 19    
  4587/10439    43%                          230    20 x 20    
  5004/10439    47%                          251    21 x 21    
  5421/10439    51%                          271    22 x 22    
  5838/10439    55%                          292    22 x 22    
  6255/10439    59%                          313    23 x 23    
  6672/10439    63%                          334    23 x 23    
  7089/10439    67%                          355    25 x 25    
  7506/10439    71%                          376    25 x 25    
  7923/10439    75%                          397    26 x 26    
  8340/10439    79%                          417    26 x 26    
  8757/10439    83%                          438    27 x 27    
  9174/10439    87%                          459    27 x 27    
  9591/10439    91%                          481    28 x 28    
 10008/10439    95%                          512    29 x 29    
 10425/10439    99%                          800    30 x 30    

Logic Element (fle) detailed count:
  Total number of Logic Elements used : 5118
  LEs used for logic and registers    : 1157
  LEs used for logic only             : 3793
  LEs used for registers only         : 168

Incr Slack updates 1 in 0.000237656 sec
Full Max Req/Worst Slack updates 1 in 1.5389e-05 sec
Incr Max Req/Worst Slack updates 0 in 0 sec
Incr Criticality updates 0 in 0 sec
Full Criticality updates 1 in 0.000446499 sec
FPGA sized to 30 x 30 (auto)
Device Utilization: 0.66 (target 1.00)
	Block Utilization: 0.28 Type: io
	Block Utilization: 0.96 Type: clb

Start the iterative improvement process
the iterative improvement process is done
Final Clustering Statistics: 
----------   --------   ------------------------------------   --------------------------
Block Type   # Blocks   Avg. # of input clocks and pins used   Avg. # of output pins used
----------   --------   ------------------------------------   --------------------------
     EMPTY          0                                      0                            0   
        io        251                               0.298805                     0.701195   
       clb        564                                13.7376                      8.33333   
   mult_36          0                                      0                            0   
    memory          0                                      0                            0   
Absorbed logical nets 5776 out of 10652 nets, 4876 nets not absorbed.

Netlist conversion complete.

# Packing took 4.45 seconds (max_rss 112.2 MiB, delta_rss +67.0 MiB)
# Load packing
Begin loading packed FPGA netlist file.
Netlist generated from file 'rent_exp_0.48.net'.
Detected 0 constant generators (to see names run with higher pack verbosity)
Finished loading packed FPGA netlist file (took 0.385812 seconds).
Warning 2: Treated 0 constant nets as global which will not be routed (to see net names increase packer verbosity).
# Load packing took 0.40 seconds (max_rss 148.4 MiB, delta_rss +36.2 MiB)
Warning 3: Netlist contains 0 global net to non-global architecture pin connections

Pb types usage...
  io              : 251
   inpad          : 176
   outpad         : 75
  clb             : 564
   fle            : 5118
    lut5inter     : 5118
     ble5         : 10188
      flut5       : 10188
       lut5       : 9000
        lut       : 9000
       ff         : 1476

# Create Device
## Build Device Grid
FPGA sized to 30 x 30: 900 grid tiles (auto)

Resource usage...
	Netlist
		251	blocks of type: io
	Architecture
		896	blocks of type: io
	Netlist
		564	blocks of type: clb
	Architecture
		588	blocks of type: clb
	Netlist
		0	blocks of type: mult_36
	Architecture
		21	blocks of type: mult_36
	Netlist
		0	blocks of type: memory
	Architecture
		16	blocks of type: memory

Device Utilization: 0.66 (target 1.00)
	Physical Tile io:
	Block Utilization: 0.28 Logical Block: io
	Physical Tile clb:
	Block Utilization: 0.96 Logical Block: clb
	Physical Tile mult_36:
	Block Utilization: 0.00 Logical Block: mult_36
	Physical Tile memory:
	Block Utilization: 0.00 Logical Block: memory

FPGA size limited by block type(s): clb

## Build Device Grid took 0.00 seconds (max_rss 148.4 MiB, delta_rss +0.0 MiB)
## Build routing resource graph
SOURCE->OPIN and IPIN->SINK edge count:52388
OPIN->CHANX/CHANY edge count before creating direct connections: 151920
OPIN->CHANX/CHANY edge count after creating direct connections: 152487
CHAN->CHAN type edge count:836816
## Build routing resource graph took 0.31 seconds (max_rss 148.4 MiB, delta_rss +0.0 MiB)
  RR Graph Nodes: 121500
  RR Graph Edges: 1041691
# Create Device took 0.32 seconds (max_rss 148.4 MiB, delta_rss +0.0 MiB)

# Computing router lookahead map
## Computing wire lookahead
## Computing wire lookahead took 0.87 seconds (max_rss 148.4 MiB, delta_rss +0.0 MiB)
## Computing src/opin lookahead
## Computing src/opin lookahead took 0.00 seconds (max_rss 148.4 MiB, delta_rss +0.0 MiB)
# Computing router lookahead map took 0.87 seconds (max_rss 148.4 MiB, delta_rss +0.0 MiB)
# Computing placement delta delay look-up
## Build routing resource graph
SOURCE->OPIN and IPIN->SINK edge count:52388
OPIN->CHANX/CHANY edge count before creating direct connections: 146212
OPIN->CHANX/CHANY edge count after creating direct connections: 146779
CHAN->CHAN type edge count:802452
## Build routing resource graph took 0.29 seconds (max_rss 148.4 MiB, delta_rss +0.0 MiB)
  RR Graph Nodes: 119704
  RR Graph Edges: 1001619
## Computing router lookahead map
### Computing wire lookahead
### Computing wire lookahead took 0.84 seconds (max_rss 148.4 MiB, delta_rss +0.0 MiB)
### Computing src/opin lookahead
### Computing src/opin lookahead took 0.00 seconds (max_rss 148.4 MiB, delta_rss +0.0 MiB)
## Computing router lookahead map took 0.84 seconds (max_rss 148.4 MiB, delta_rss +0.0 MiB)
## Computing delta delays
## Computing delta delays took 0.09 seconds (max_rss 148.4 MiB, delta_rss +0.0 MiB)
# Computing placement delta delay look-up took 1.23 seconds (max_rss 148.4 MiB, delta_rss +0.0 MiB)

Bounding box mode is Cube

Using simple RL 'Softmax agent' for choosing move and block types
# Placement
## Initial Placement
Initial placement iteration 0 has finished successfully
## Initial Placement took 0.00 seconds (max_rss 148.4 MiB, delta_rss +0.0 MiB)

There are 7319 point to point connections in this circuit.


BB estimate of min-dist (placement) wire length: 111114

Completed placement consistency check successfully.
Initial placement cost: 1 bb_cost: 1157.44 td_cost: 3.1549e-06
Initial placement estimated Critical Path Delay (CPD): 27.9292 ns
Initial placement estimated setup Total Negative Slack (sTNS): -21533.1 ns
Initial placement estimated setup Worst Negative Slack (sWNS): -27.9292 ns

Initial placement estimated setup slack histogram:
[ -2.8e-08: -2.5e-08)  15 (  1.0%) |**
[ -2.5e-08: -2.2e-08)  79 (  5.1%) |**********
[ -2.2e-08:   -2e-08) 199 ( 12.8%) |*************************
[   -2e-08: -1.7e-08) 376 ( 24.2%) |***********************************************
[ -1.7e-08: -1.4e-08) 228 ( 14.7%) |*****************************
[ -1.4e-08: -1.1e-08) 156 ( 10.1%) |********************
[ -1.1e-08: -8.7e-09) 125 (  8.1%) |****************
[ -8.7e-09: -5.9e-09) 114 (  7.4%) |**************
[ -5.9e-09: -3.2e-09)  64 (  4.1%) |********
[ -3.2e-09: -4.2e-10) 195 ( 12.6%) |************************
Placement contains 0 placement macros involving 0 blocks (average macro size -nan)

Moves per temperature: 3805
Warning 4: Starting t: 329 of 815 configurations accepted.

---- ------ ------- ------- ---------- ---------- ------- ---------- -------- ------- ------- ------ -------- --------- ------
Tnum   Time       T Av Cost Av BB Cost Av TD Cost     CPD       sTNS     sWNS Ac Rate Std Dev  R lim Crit Exp Tot Moves  Alpha
      (sec)                                          (ns)       (ns)     (ns)                                                 
---- ------ ------- ------- ---------- ---------- ------- ---------- -------- ------- ------- ------ -------- --------- ------
   1    0.0 6.1e-04   0.926     931.93 2.5773e-06  26.564  -2.06e+04  -26.564   0.649  0.0444   29.0     1.00      3805  0.200
   2    0.0 5.8e-04   0.932     798.38 2.3725e-06  24.048  -1.93e+04  -24.048   0.595  0.0310   29.0     1.00      7610  0.950
   3    0.0 5.5e-04   0.944     734.54 2.3385e-06  21.961  -1.87e+04  -21.961   0.569  0.0327   29.0     1.00     11415  0.950
   4    0.0 5.2e-04   0.949     654.40 1.8838e-06  23.971  -1.81e+04  -23.971   0.521  0.0195   29.0     1.00     15220  0.950
   5    0.0 5.0e-04   0.970     617.44 1.9773e-06  21.300  -1.77e+04  -21.300   0.500  0.0171   29.0     1.00     19025  0.950
   6    0.0 4.7e-04   0.973     574.89 1.9612e-06  19.900  -1.74e+04  -19.900   0.481  0.0123   29.0     1.00     22830  0.950
   7    0.0 4.5e-04   0.986     556.33 1.8992e-06  19.849  -1.73e+04  -19.849   0.460  0.0107   29.0     1.00     26635  0.950
   8    0.0 4.2e-04   0.980     538.52 1.8754e-06  19.419  -1.72e+04  -19.419   0.435  0.0116   29.0     1.00     30440  0.950
   9    0.0 4.0e-04   0.974     516.14 1.7765e-06  19.476  -1.71e+04  -19.476   0.416  0.0134   28.9     1.03     34245  0.950
  10    0.0 3.8e-04   0.998     510.51 1.6892e-06  18.901  -1.68e+04  -18.901   0.400  0.0041   28.2     1.20     38050  0.950
  11    0.0 3.6e-04   0.995     507.74 1.4734e-06  19.390  -1.69e+04  -19.390   0.414  0.0042   27.1     1.49     41855  0.950
  12    0.0 3.5e-04   0.981     497.75 1.4511e-06  18.679  -1.68e+04  -18.679   0.375  0.0085   26.4     1.66     45660  0.950
  13    0.0 3.3e-04   0.983     482.51 1.2572e-06  18.333  -1.67e+04  -18.333   0.365  0.0089   24.7     2.09     49465  0.950
  14    0.0 3.1e-04   0.990     474.51 1.071e-06   18.462  -1.67e+04  -18.462   0.348  0.0072   22.8     2.55     53270  0.950
  15    0.0 3.0e-04   0.991     466.51 9.6242e-07  18.038  -1.66e+04  -18.038   0.333  0.0042   20.7     3.08     57075  0.950
  16    0.0 2.8e-04   0.992     461.94 9.0925e-07  17.519  -1.65e+04  -17.519   0.327  0.0039   18.5     3.63     60880  0.950
  17    0.0 2.7e-04   0.991     457.07 7.5595e-07  17.790  -1.65e+04  -17.790   0.310  0.0035   16.4     4.15     64685  0.950
  18    0.0 2.5e-04   0.992     457.23 6.4622e-07  17.933  -1.65e+04  -17.933   0.317  0.0036   14.3     4.68     68490  0.950
  19    0.0 2.4e-04   0.987     453.06 5.2889e-07  18.270  -1.65e+04  -18.270   0.305  0.0060   12.5     5.12     72295  0.950
  20    0.0 2.3e-04   0.992     449.27 4.6843e-07  18.196  -1.63e+04  -18.196   0.297  0.0051   10.8     5.54     76100  0.950
  21    0.0 2.2e-04   0.986     440.57 4.9842e-07  17.688  -1.63e+04  -17.688   0.296  0.0048    9.3     5.93     79905  0.950
  22    0.0 2.1e-04   0.990     438.39 4.4184e-07  17.797  -1.63e+04  -17.797   0.286  0.0061    7.9     6.27     83710  0.950
  23    0.0 2.0e-04   0.991     434.82 4.307e-07   17.614  -1.62e+04  -17.614   0.269  0.0035    6.7     6.57     87515  0.950
  24    0.0 1.9e-04   0.997     433.86 3.6767e-07  17.853  -1.62e+04  -17.853   0.278  0.0036    5.6     6.86     91320  0.950
  25    0.0 1.8e-04   0.998     430.42 3.9409e-07  17.524  -1.62e+04  -17.524   0.273  0.0016    4.7     7.08     95125  0.950
  26    0.0 1.7e-04   0.979     423.01 3.6752e-07  17.610  -1.63e+04  -17.610   0.371  0.0083    3.9     7.28     98930  0.950
  27    0.0 1.6e-04   0.989     415.52 3.0197e-07  17.928  -1.61e+04  -17.928   0.347  0.0040    3.6     7.34    102735  0.950
  28    0.0 1.5e-04   0.989     410.28 3.5871e-07  17.442  -1.61e+04  -17.442   0.334  0.0054    3.3     7.43    106540  0.950
  29    0.0 1.4e-04   0.991     404.83 3.3039e-07  17.575  -1.61e+04  -17.575   0.375  0.0038    2.9     7.52    110345  0.950
  30    0.0 1.4e-04   0.993     403.40 3.1437e-07  17.581   -1.6e+04  -17.581   0.379  0.0032    2.7     7.56    114150  0.950
  31    0.0 1.3e-04   0.995     400.44 3.1085e-07  17.540   -1.6e+04  -17.540   0.348  0.0035    2.6     7.61    117955  0.950
  32    0.0 1.2e-04   0.998     399.98 3.422e-07   17.228   -1.6e+04  -17.228   0.342  0.0011    2.3     7.66    121760  0.950
  33    0.0 1.2e-04   0.996     400.33 3.2553e-07  17.314   -1.6e+04  -17.314   0.332  0.0035    2.1     7.72    125565  0.950
  34    0.0 1.1e-04   0.996     395.40 3.4169e-07  17.187   -1.6e+04  -17.187   0.351  0.0021    1.9     7.78    129370  0.950
  35    0.0 1.1e-04   0.997     393.99 3.3618e-07  17.195   -1.6e+04  -17.195   0.335  0.0020    1.7     7.82    133175  0.950
  36    0.0 1.0e-04   0.998     392.71 3.3273e-07  17.185   -1.6e+04  -17.185   0.324  0.0012    1.5     7.87    136980  0.950
  37    0.0 9.6e-05   0.995     391.94 3.1365e-07  17.323   -1.6e+04  -17.323   0.320  0.0022    1.4     7.91    140785  0.950
  38    0.0 9.1e-05   1.001     391.81 3.0864e-07  17.318   -1.6e+04  -17.318   0.303  0.0007    1.2     7.95    144590  0.950
  39    0.0 8.7e-05   0.993     391.47 3.0248e-07  17.334   -1.6e+04  -17.334   0.293  0.0031    1.0     7.99    148395  0.950
  40    0.0 8.2e-05   0.997     388.56 3.032e-07   17.330   -1.6e+04  -17.330   0.289  0.0014    1.0     8.00    152200  0.950
  41    0.0 7.8e-05   0.996     386.82 3.2374e-07  17.155  -1.59e+04  -17.155   0.274  0.0019    1.0     8.00    156005  0.950
  42    0.0 7.4e-05   0.998     386.29 3.4558e-07  16.979  -1.59e+04  -16.979   0.247  0.0011    1.0     8.00    159810  0.950
  43    0.0 7.1e-05   0.998     386.12 3.0921e-07  17.217  -1.59e+04  -17.217   0.255  0.0012    1.0     8.00    163615  0.950
  44    0.0 6.7e-05   0.998     385.65 3.24e-07    17.072  -1.59e+04  -17.072   0.237  0.0007    1.0     8.00    167420  0.950
  45    0.0 6.4e-05   0.998     386.01 3.1801e-07  17.090  -1.59e+04  -17.090   0.228  0.0011    1.0     8.00    171225  0.950
  46    0.0 6.1e-05   0.997     384.67 3.1771e-07  17.072  -1.59e+04  -17.072   0.225  0.0013    1.0     8.00    175030  0.950
  47    0.0 5.7e-05   0.999     383.72 3.0768e-07  17.148  -1.59e+04  -17.148   0.216  0.0005    1.0     8.00    178835  0.950
  48    0.0 5.5e-05   0.998     382.91 3.1697e-07  17.093  -1.59e+04  -17.093   0.223  0.0012    1.0     8.00    182640  0.950
  49    0.0 5.2e-05   1.000     382.59 3.2337e-07  17.035  -1.59e+04  -17.035   0.203  0.0006    1.0     8.00    186445  0.950
  50    0.0 4.9e-05   0.999     381.20 3.1482e-07  17.117  -1.59e+04  -17.117   0.198  0.0006    1.0     8.00    190250  0.950
  51    0.0 4.7e-05   0.999     380.83 3.2551e-07  17.035  -1.59e+04  -17.035   0.197  0.0009    1.0     8.00    194055  0.950
  52    0.0 4.4e-05   1.000     380.19 3.0254e-07  17.212  -1.59e+04  -17.212   0.187  0.0002    1.0     8.00    197860  0.950
  53    0.0 4.2e-05   0.998     380.73 3.1388e-07  17.100  -1.59e+04  -17.100   0.184  0.0006    1.0     8.00    201665  0.950
  54    0.0 4.0e-05   0.999     380.20 3.0537e-07  17.147  -1.59e+04  -17.147   0.170  0.0007    1.0     8.00    205470  0.950
  55    0.0 3.8e-05   0.998     379.59 2.9542e-07  17.212  -1.59e+04  -17.212   0.162  0.0006    1.0     8.00    209275  0.950
  56    0.0 3.6e-05   0.998     379.31 3.0949e-07  17.100  -1.59e+04  -17.100   0.158  0.0007    1.0     8.00    213080  0.950
  57    0.0 3.4e-05   0.999     378.75 3.0143e-07  17.147  -1.59e+04  -17.147   0.163  0.0007    1.0     8.00    216885  0.950
  58    0.0 3.3e-05   1.000     378.45 3.1661e-07  17.050  -1.59e+04  -17.050   0.147  0.0002    1.0     8.00    220690  0.950
  59    0.0 2.6e-05   0.999     378.40 3.1334e-07  17.050  -1.58e+04  -17.050   0.135  0.0005    1.0     8.00    224495  0.800
Agent's 2nd state: 
Checkpoint saved: bb_costs=378.114, TD costs=3.15009e-07, CPD= 17.050 (ns) 
  60    0.0 2.1e-05   0.999     378.04 3.1452e-07  17.050  -1.59e+04  -17.050   0.102  0.0004    1.0     8.00    228300  0.800
  61    0.0 1.7e-05   0.999     377.56 3.1393e-07  17.050  -1.59e+04  -17.050   0.099  0.0003    1.0     8.00    232105  0.800
  62    0.0 1.3e-05   1.000     377.41 3.1288e-07  17.050  -1.58e+04  -17.050   0.081  0.0001    1.0     8.00    235910  0.800
  63    0.0 1.1e-05   1.000     377.30 3.1241e-07  17.050  -1.59e+04  -17.050   0.066  0.0001    1.0     8.00    239715  0.800
  64    0.0 8.6e-06   1.000     377.11 3.1252e-07  17.050  -1.58e+04  -17.050   0.057  0.0002    1.0     8.00    243520  0.800
  65    0.0 6.9e-06   1.000     376.97 3.1233e-07  17.050  -1.58e+04  -17.050   0.049  0.0001    1.0     8.00    247325  0.800
  66    0.0 5.5e-06   1.000     376.70 3.1259e-07  17.050  -1.59e+04  -17.050   0.044  0.0001    1.0     8.00    251130  0.800
  67    0.0 4.4e-06   1.000     376.61 3.1279e-07  17.050  -1.59e+04  -17.050   0.032  0.0001    1.0     8.00    254935  0.800
  68    0.0 3.5e-06   1.000     376.49 3.1249e-07  17.050  -1.59e+04  -17.050   0.029  0.0001    1.0     8.00    258740  0.800
  69    0.0 2.8e-06   1.000     376.36 3.1244e-07  17.050  -1.58e+04  -17.050   0.023  0.0000    1.0     8.00    262545  0.800
  70    0.0 2.2e-06   1.000     376.33 3.1246e-07  17.050  -1.59e+04  -17.050   0.021  0.0001    1.0     8.00    266350  0.800
  71    0.0 1.8e-06   1.000     376.28 3.1255e-07  17.050  -1.59e+04  -17.050   0.018  0.0000    1.0     8.00    270155  0.800
  72    0.0 1.4e-06   1.000     376.24 3.128e-07   17.050  -1.58e+04  -17.050   0.019  0.0000    1.0     8.00    273960  0.800
  73    0.0 1.2e-06   1.000     376.22 3.1249e-07  17.050  -1.59e+04  -17.050   0.016  0.0000    1.0     8.00    277765  0.800
  74    0.0 0.0e+00   1.000     376.19 3.1294e-07  17.050  -1.59e+04  -17.050   0.009  0.0000    1.0     8.00    281570  0.800
## Placement Quench took 0.01 seconds (max_rss 148.4 MiB)
post-quench CPD = 17.0499 (ns) 

BB estimate of min-dist (placement) wire length: 36118

Completed placement consistency check successfully.

Swaps called: 282385

Aborted Move Reasons:
  No moves aborted

Placement estimated critical path delay (least slack): 17.0499 ns, Fmax: 58.6515 MHz
Placement estimated setup Worst Negative Slack (sWNS): -17.0499 ns
Placement estimated setup Total Negative Slack (sTNS): -15848 ns

Placement estimated setup slack histogram:
[ -1.7e-08: -1.5e-08) 110 (  7.1%) |**************
[ -1.5e-08: -1.4e-08) 364 ( 23.5%) |***********************************************
[ -1.4e-08: -1.2e-08) 284 ( 18.3%) |*************************************
[ -1.2e-08:   -1e-08) 164 ( 10.6%) |*********************
[   -1e-08: -8.7e-09) 131 (  8.4%) |*****************
[ -8.7e-09: -7.1e-09) 100 (  6.4%) |*************
[ -7.1e-09: -5.4e-09)  85 (  5.5%) |***********
[ -5.4e-09: -3.7e-09)  86 (  5.5%) |***********
[ -3.7e-09: -2.1e-09)  53 (  3.4%) |*******
[ -2.1e-09: -4.2e-10) 174 ( 11.2%) |**********************

Placement estimated geomean non-virtual intra-domain period: 17.0499 ns (58.6515 MHz)
Placement estimated fanout-weighted geomean non-virtual intra-domain period: 17.0499 ns (58.6515 MHz)

Placement cost: 0.999915, bb_cost: 376.227, td_cost: 3.12271e-07, 

Placement resource usage:
  io  implemented as io : 251
  clb implemented as clb: 564

Placement number of temperatures: 74
Placement total # of swap attempts: 282385
	Swaps accepted:  73914 (26.2 %)
	Swaps rejected: 195552 (69.3 %)
	Swaps aborted:  12919 ( 4.6 %)


Placement perturbation distribution by block and move type: 
------------------ ----------------- ---------------- ---------------- --------------- ------------ 
    Block Type         Move Type       (%) of Total      Accepted(%)     Rejected(%)    Aborted(%)
------------------ ----------------- ---------------- ---------------- --------------- ------------ 
io                 Uniform                7.07             61.39           38.61          0.00         
                   Median                 6.93             53.06           27.77          19.17        
                   Centroid               7.01             52.74           28.22          19.04        
                   W. Centroid            7.06             54.11           26.85          19.04        
                   W. Median              0.90             14.04           49.92          36.04        
                   Crit. Uniform          0.03             7.87            92.13          0.00         
                   Feasible Region        0.03             7.61            65.22          27.17        

clb                Uniform                15.67            8.34            91.66          0.00         
                   Median                 15.79            20.73           78.63          0.64         
                   Centroid               15.83            18.02           81.93          0.05         
                   W. Centroid            15.99            18.82           81.11          0.07         
                   W. Median              2.02             1.69            97.28          1.04         
                   Crit. Uniform          2.83             0.43            99.57          0.00         
                   Feasible Region        2.82             0.64            96.09          3.27         


Placement Quench timing analysis took 0.00262095 seconds (0.00216195 STA, 0.000459002 slack) (1 full updates: 1 setup, 0 hold, 0 combined).
Placement Total  timing analysis took 0.251823 seconds (0.206672 STA, 0.0451504 slack) (76 full updates: 76 setup, 0 hold, 0 combined).
update_td_costs: connections 0 nets 0 sum_nets 0 total 0
# Placement took 1.08 seconds (max_rss 148.4 MiB, delta_rss +0.0 MiB)

# Routing
Initializing minimum channel width search based on maximum CLB pins

Attempting to route at 76 channels (binary search bounds: [-1, -1])
## Build routing resource graph
SOURCE->OPIN and IPIN->SINK edge count:52388
OPIN->CHANX/CHANY edge count before creating direct connections: 115828
OPIN->CHANX/CHANY edge count after creating direct connections: 116395
CHAN->CHAN type edge count:633752
## Build routing resource graph took 0.23 seconds (max_rss 148.4 MiB, delta_rss +0.0 MiB)
  RR Graph Nodes: 110712
  RR Graph Edges: 802535
Confirming router algorithm: TIMING_DRIVEN.
## Computing router lookahead map
### Computing wire lookahead
### Computing wire lookahead took 0.71 seconds (max_rss 148.4 MiB, delta_rss +0.0 MiB)
### Computing src/opin lookahead
### Computing src/opin lookahead took 0.00 seconds (max_rss 148.4 MiB, delta_rss +0.0 MiB)
## Computing router lookahead map took 0.71 seconds (max_rss 148.4 MiB, delta_rss +0.0 MiB)
## Initializing router criticalities
Initial Net Connection Criticality Histogram:
[        0:      0.1)  653 (  8.3%) |****************
[      0.1:      0.2)  142 (  1.8%) |***
[      0.2:      0.3)  232 (  3.0%) |******
[      0.3:      0.4)  333 (  4.3%) |********
[      0.4:      0.5)  521 (  6.7%) |*************
[      0.5:      0.6)  846 ( 10.8%) |*********************
[      0.6:      0.7) 1293 ( 16.5%) |********************************
[      0.7:      0.8) 1879 ( 24.0%) |**********************************************
[      0.8:      0.9) 1594 ( 20.4%) |***************************************
[      0.9:        1)  330 (  4.2%) |********
## Initializing router criticalities took 0.08 seconds (max_rss 148.4 MiB, delta_rss +0.0 MiB)
---- ------ ------- ---- ------- ------- ------- ----------------- --------------- -------- ---------- ---------- ---------- ---------- --------
Iter   Time    pres  BBs    Heap  Re-Rtd  Re-Rtd Overused RR Nodes      Wirelength      CPD       sTNS       sWNS       hTNS       hWNS Est Succ
      (sec)     fac Updt    push    Nets   Conns                                       (ns)       (ns)       (ns)       (ns)       (ns)     Iter
---- ------ ------- ---- ------- ------- ------- ----------------- --------------- -------- ---------- ---------- ---------- ---------- --------
   1    0.0     0.0    0  345539    4875    7319    3503 ( 3.164%)   51521 (41.7%)   17.993 -1.685e+04    -17.993      0.000      0.000      N/A
Incr Slack updates 76 in 0.0133283 sec
Full Max Req/Worst Slack updates 40 in 0.000582493 sec
Incr Max Req/Worst Slack updates 36 in 0.000690315 sec
Incr Criticality updates 17 in 0.00487075 sec
Full Criticality updates 59 in 0.0233115 sec
   2    0.0     0.5   24  291741    3395    5610    2189 ( 1.977%)   51425 (41.7%)   17.996 -1.685e+04    -17.996      0.000      0.000      N/A
   3    0.0     0.6   13  270366    2615    4619    1738 ( 1.570%)   52110 (42.2%)   17.998 -1.686e+04    -17.998      0.000      0.000      N/A
   4    0.0     0.8   13  255117    2150    3962    1387 ( 1.253%)   52666 (42.7%)   17.998 -1.687e+04    -17.998      0.000      0.000      N/A
   5    0.0     1.1   13  222020    1742    3372    1031 ( 0.931%)   53308 (43.2%)   18.001 -1.688e+04    -18.001      0.000      0.000      N/A
   6    0.0     1.4   19  197081    1371    2847     740 ( 0.668%)   53701 (43.5%)   18.001 -1.688e+04    -18.001      0.000      0.000      N/A
   7    0.0     1.9    8  163819    1061    2291     524 ( 0.473%)   54316 (44.0%)   18.001 -1.689e+04    -18.001      0.000      0.000      N/A
   8    0.0     2.4   13  127655     738    1686     326 ( 0.294%)   54776 (44.4%)   18.001 -1.690e+04    -18.001      0.000      0.000      N/A
   9    0.0     3.1    7   91278     479    1119     183 ( 0.165%)   55219 (44.7%)   18.001 -1.691e+04    -18.001      0.000      0.000      N/A
  10    0.0     4.1    5   54984     280     714     100 ( 0.090%)   55447 (44.9%)   18.018 -1.692e+04    -18.018      0.000      0.000       21
  11    0.0     5.3    1   31565     151     382      58 ( 0.052%)   55654 (45.1%)   18.014 -1.692e+04    -18.014      0.000      0.000       19
  12    0.0     6.9    2   20952      92     247      27 ( 0.024%)   55767 (45.2%)   18.014 -1.692e+04    -18.014      0.000      0.000       19
  13    0.0     9.0    4    9760      42     100      15 ( 0.014%)   55849 (45.2%)   18.014 -1.692e+04    -18.014      0.000      0.000       18
  14    0.0    11.6    1    5984      19      57       3 ( 0.003%)   55921 (45.3%)   18.014 -1.692e+04    -18.014      0.000      0.000       18
  15    0.0    15.1    1    1156       7      14       2 ( 0.002%)   55913 (45.3%)   18.014 -1.692e+04    -18.014      0.000      0.000       16
  16    0.0    19.7    0     454       4       8       3 ( 0.003%)   55917 (45.3%)   18.032 -1.693e+04    -18.032      0.000      0.000       16
  17    0.0    25.6    0     872       4       7       1 ( 0.001%)   55942 (45.3%)   18.032 -1.693e+04    -18.032      0.000      0.000       17
  18    0.0    33.3    0     168       2       3       0 ( 0.000%)   55942 (45.3%)   18.032 -1.693e+04    -18.032      0.000      0.000       17
Restoring best routing
Critical path: 18.0317 ns
Successfully routed after 18 routing iterations.
Final Net Connection Criticality Histogram:
[        0:      0.1)  636 (  8.1%) |****************
[      0.1:      0.2)  141 (  1.8%) |****
[      0.2:      0.3)  204 (  2.6%) |*****
[      0.3:      0.4)  322 (  4.1%) |********
[      0.4:      0.5)  423 (  5.4%) |***********
[      0.5:      0.6)  751 (  9.6%) |*******************
[      0.6:      0.7) 1151 ( 14.7%) |*****************************
[      0.7:      0.8) 1676 ( 21.4%) |******************************************
[      0.8:      0.9) 1852 ( 23.7%) |**********************************************
[      0.9:        1)  667 (  8.5%) |*****************
Router Stats: total_nets_routed: 19027 total_connections_routed: 34357 total_heap_pushes: 2090511 total_heap_pops: 494447 total_internal_heap_pushes: 0 total_internal_heap_pops: 0 total_external_heap_pushes: 2090511 total_external_heap_pops: 494447 total_external_SOURCE_pushes: 34357 total_external_SOURCE_pops: 25135 total_internal_SOURCE_pushes: 0 total_internal_SOURCE_pops: 0 rt_node_SOURCE_pushes: 34357 rt_node_SOURCE_high_fanout_pushes: 0 rt_node_SOURCE_entire_tree_pushes: 34357 total_external_SINK_pushes: 105309 total_external_SINK_pops: 95722 total_internal_SINK_pushes: 0 total_internal_SINK_pops: 0 rt_node_SINK_pushes: 0 rt_node_SINK_high_fanout_pushes: 0 rt_node_SINK_entire_tree_pushes: 0 total_external_IPIN_pushes: 150426 total_external_IPIN_pops: 140129 total_internal_IPIN_pushes: 0 total_internal_IPIN_pops: 0 rt_node_IPIN_pushes: 0 rt_node_IPIN_high_fanout_pushes: 0 rt_node_IPIN_entire_tree_pushes: 0 total_external_OPIN_pushes: 36338 total_external_OPIN_pops: 28605 total_internal_OPIN_pushes: 0 total_internal_OPIN_pops: 0 rt_node_OPIN_pushes: 15330 rt_node_OPIN_high_fanout_pushes: 0 rt_node_OPIN_entire_tree_pushes: 15330 total_external_CHANX_pushes: 905392 total_external_CHANX_pops: 99341 total_internal_CHANX_pushes: 0 total_internal_CHANX_pops: 0 rt_node_CHANX_pushes: 31249 rt_node_CHANX_high_fanout_pushes: 0 rt_node_CHANX_entire_tree_pushes: 31249 total_external_CHANY_pushes: 858689 total_external_CHANY_pops: 105515 total_internal_CHANY_pushes: 0 total_internal_CHANY_pops: 0 rt_node_CHANY_pushes: 33474 rt_node_CHANY_high_fanout_pushes: 0 rt_node_CHANY_entire_tree_pushes: 33474 total_number_of_adding_all_rt: 172374 total_number_of_adding_high_fanout_rt: 0 total_number_of_adding_all_rt_from_calling_high_fanout_rt: 0 

Attempting to route at 38 channels (binary search bounds: [-1, 76])
## Build routing resource graph
SOURCE->OPIN and IPIN->SINK edge count:52388
OPIN->CHANX/CHANY edge count before creating direct connections: 57930
OPIN->CHANX/CHANY edge count after creating direct connections: 58497
CHAN->CHAN type edge count:318446
## Build routing resource graph took 0.11 seconds (max_rss 148.4 MiB, delta_rss +0.0 MiB)
  RR Graph Nodes: 93632
  RR Graph Edges: 429331
Confirming router algorithm: TIMING_DRIVEN.
## Computing router lookahead map
### Computing wire lookahead
### Computing wire lookahead took 0.45 seconds (max_rss 148.4 MiB, delta_rss +0.0 MiB)
### Computing src/opin lookahead
### Computing src/opin lookahead took 0.00 seconds (max_rss 148.4 MiB, delta_rss +0.0 MiB)
## Computing router lookahead map took 0.45 seconds (max_rss 148.4 MiB, delta_rss +0.0 MiB)
## Initializing router criticalities
Initial Net Connection Criticality Histogram:
[        0:      0.1)  653 (  8.3%) |****************
[      0.1:      0.2)  142 (  1.8%) |***
[      0.2:      0.3)  232 (  3.0%) |******
[      0.3:      0.4)  333 (  4.3%) |********
[      0.4:      0.5)  521 (  6.7%) |*************
[      0.5:      0.6)  846 ( 10.8%) |*********************
[      0.6:      0.7) 1293 ( 16.5%) |********************************
[      0.7:      0.8) 1879 ( 24.0%) |**********************************************
[      0.8:      0.9) 1594 ( 20.4%) |***************************************
[      0.9:        1)  330 (  4.2%) |********
## Initializing router criticalities took 0.01 seconds (max_rss 148.4 MiB, delta_rss +0.0 MiB)
---- ------ ------- ---- ------- ------- ------- ----------------- --------------- -------- ---------- ---------- ---------- ---------- --------
Iter   Time    pres  BBs    Heap  Re-Rtd  Re-Rtd Overused RR Nodes      Wirelength      CPD       sTNS       sWNS       hTNS       hWNS Est Succ
      (sec)     fac Updt    push    Nets   Conns                                       (ns)       (ns)       (ns)       (ns)       (ns)     Iter
---- ------ ------- ---- ------- ------- ------- ----------------- --------------- -------- ---------- ---------- ---------- ---------- --------
   1    0.0     0.0    0  308123    4875    7319    4520 ( 4.827%)   53664 (87.0%)   18.259 -1.700e+04    -18.259      0.000      0.000      N/A
Wire length usage ratio 0.869588 exceeds limit of 0.85, fail routing.
Routing failed.

Failed routing attempt #0
Total number of overused nodes: 4520
Total number of overused nodes is larger than the logging limit (20).
Displaying the first 20 entries.
Routing Failure Diagnostics: Printing Overused Nodes Information
------ ------- ---------- --------- -------- ------------ ------- ------- ------- ------- ------- ------- -------
   No.  NodeId  Occupancy  Capacity  RR Node    Direction    Side     PTC   Block    Xlow    Ylow   Xhigh   Yhigh
                                        type                          NUM    Name                                 
------ ------- ---------- --------- -------- ------------ ------- ------- ------- ------- ------- ------- -------
     0    1536          2         1     IPIN          N/A    LEFT      15     clb       1       2       1       2
     1    1554          2         1     IPIN          N/A   RIGHT      33     clb       1       2       1       2
     2    2167          2         1     IPIN          N/A  BOTTOM      34     clb       1       8       1       8
     3    2954          2         1     IPIN          N/A   RIGHT       5     clb       1      16       1      16
     4    2955          2         1     IPIN          N/A  BOTTOM       6     clb       1      16       1      16
     5    3073          2         1     IPIN          N/A  BOTTOM      22     clb       1      17       1      17
     6    3154          2         1     IPIN          N/A   RIGHT       1     clb       1      18       1      18
     7    3174          2         1     IPIN          N/A   RIGHT      21     clb       1      18       1      18
     8    3259          2         1     IPIN          N/A     TOP       4     clb       1      19       1      19
     9    3289          2         1     IPIN          N/A  BOTTOM      34     clb       1      19       1      19
    10    3561          2         1     IPIN          N/A     TOP       0     clb       1      22       1      22
    11    3590          2         1     IPIN          N/A   RIGHT      29     clb       1      22       1      22
    12    3664          2         1     IPIN          N/A   RIGHT       1     clb       1      23       1      23
    13    3696          2         1     IPIN          N/A   RIGHT      33     clb       1      23       1      23
    14    3698          2         1     IPIN          N/A    LEFT      35     clb       1      23       1      23
    15    3774          3         1     IPIN          N/A   RIGHT       9     clb       1      24       1      24
    16    3775          2         1     IPIN          N/A  BOTTOM      10     clb       1      24       1      24
    17    3778          2         1     IPIN          N/A   RIGHT      13     clb       1      24       1      24
    18    5755          2         1     IPIN          N/A     TOP       0     clb       3       1       3       1
    19    5775          2         1     IPIN          N/A     TOP      20     clb       3       1       3       1

Final Net Connection Criticality Histogram:
[        0:      0.1)  642 (  8.2%) |*****************
[      0.1:      0.2)  137 (  1.8%) |****
[      0.2:      0.3)  216 (  2.8%) |******
[      0.3:      0.4)  316 (  4.0%) |********
[      0.4:      0.5)  443 (  5.7%) |***********
[      0.5:      0.6)  770 (  9.8%) |********************
[      0.6:      0.7) 1182 ( 15.1%) |*******************************
[      0.7:      0.8) 1694 ( 21.7%) |********************************************
[      0.8:      0.9) 1775 ( 22.7%) |**********************************************
[      0.9:        1)  648 (  8.3%) |*****************
Router Stats: total_nets_routed: 4875 total_connections_routed: 7319 total_heap_pushes: 308123 total_heap_pops: 86745 total_internal_heap_pushes: 0 total_internal_heap_pops: 0 total_external_heap_pushes: 308123 total_external_heap_pops: 86745 total_external_SOURCE_pushes: 7319 total_external_SOURCE_pops: 5805 total_internal_SOURCE_pushes: 0 total_internal_SOURCE_pops: 0 rt_node_SOURCE_pushes: 7319 rt_node_SOURCE_high_fanout_pushes: 0 rt_node_SOURCE_entire_tree_pushes: 7319 total_external_SINK_pushes: 21687 total_external_SINK_pops: 18224 total_internal_SINK_pushes: 0 total_internal_SINK_pops: 0 rt_node_SINK_pushes: 0 rt_node_SINK_high_fanout_pushes: 0 rt_node_SINK_entire_tree_pushes: 0 total_external_IPIN_pushes: 27713 total_external_IPIN_pops: 27599 total_internal_IPIN_pushes: 0 total_internal_IPIN_pops: 0 rt_node_IPIN_pushes: 0 rt_node_IPIN_high_fanout_pushes: 0 rt_node_IPIN_entire_tree_pushes: 0 total_external_OPIN_pushes: 7624 total_external_OPIN_pops: 6274 total_internal_OPIN_pushes: 0 total_internal_OPIN_pops: 0 rt_node_OPIN_pushes: 2444 rt_node_OPIN_high_fanout_pushes: 0 rt_node_OPIN_entire_tree_pushes: 2444 total_external_CHANX_pushes: 124829 total_external_CHANX_pops: 14043 total_internal_CHANX_pushes: 0 total_internal_CHANX_pops: 0 rt_node_CHANX_pushes: 4220 rt_node_CHANX_high_fanout_pushes: 0 rt_node_CHANX_entire_tree_pushes: 4220 total_external_CHANY_pushes: 118951 total_external_CHANY_pops: 14800 total_internal_CHANY_pushes: 0 total_internal_CHANY_pops: 0 rt_node_CHANY_pushes: 4624 rt_node_CHANY_high_fanout_pushes: 0 rt_node_CHANY_entire_tree_pushes: 4624 total_number_of_adding_all_rt: 26905 total_number_of_adding_high_fanout_rt: 0 total_number_of_adding_all_rt_from_calling_high_fanout_rt: 0 

Attempting to route at 58 channels (binary search bounds: [38, 76])
## Build routing resource graph
SOURCE->OPIN and IPIN->SINK edge count:52388
OPIN->CHANX/CHANY edge count before creating direct connections: 88314
OPIN->CHANX/CHANY edge count after creating direct connections: 88881
CHAN->CHAN type edge count:487550
## Build routing resource graph took 0.17 seconds (max_rss 148.4 MiB, delta_rss +0.0 MiB)
  RR Graph Nodes: 102620
  RR Graph Edges: 628819
Confirming router algorithm: TIMING_DRIVEN.
## Computing router lookahead map
### Computing wire lookahead
### Computing wire lookahead took 0.60 seconds (max_rss 148.4 MiB, delta_rss +0.0 MiB)
### Computing src/opin lookahead
### Computing src/opin lookahead took 0.00 seconds (max_rss 148.4 MiB, delta_rss +0.0 MiB)
## Computing router lookahead map took 0.60 seconds (max_rss 148.4 MiB, delta_rss +0.0 MiB)
## Initializing router criticalities
Initial Net Connection Criticality Histogram:
[        0:      0.1)  653 (  8.3%) |****************
[      0.1:      0.2)  142 (  1.8%) |***
[      0.2:      0.3)  232 (  3.0%) |******
[      0.3:      0.4)  333 (  4.3%) |********
[      0.4:      0.5)  521 (  6.7%) |*************
[      0.5:      0.6)  848 ( 10.8%) |*********************
[      0.6:      0.7) 1300 ( 16.6%) |********************************
[      0.7:      0.8) 1875 ( 24.0%) |**********************************************
[      0.8:      0.9) 1598 ( 20.4%) |***************************************
[      0.9:        1)  321 (  4.1%) |********
## Initializing router criticalities took 0.01 seconds (max_rss 148.4 MiB, delta_rss +0.0 MiB)
---- ------ ------- ---- ------- ------- ------- ----------------- --------------- -------- ---------- ---------- ---------- ---------- --------
Iter   Time    pres  BBs    Heap  Re-Rtd  Re-Rtd Overused RR Nodes      Wirelength      CPD       sTNS       sWNS       hTNS       hWNS Est Succ
      (sec)     fac Updt    push    Nets   Conns                                       (ns)       (ns)       (ns)       (ns)       (ns)     Iter
---- ------ ------- ---- ------- ------- ------- ----------------- --------------- -------- ---------- ---------- ---------- ---------- --------
   1    0.0     0.0    0  335951    4875    7319    3895 ( 3.796%)   51915 (55.1%)   18.117 -1.690e+04    -18.117      0.000      0.000      N/A
   2    0.0     0.5   25  306843    3721    6027    2938 ( 2.863%)   52141 (55.4%)   18.114 -1.691e+04    -18.114      0.000      0.000      N/A
   3    0.0     0.6   11  319292    3134    5292    2638 ( 2.571%)   53585 (56.9%)   18.121 -1.692e+04    -18.121      0.000      0.000      N/A
   4    0.0     0.8   35  328791    2874    4965    2214 ( 2.157%)   54601 (58.0%)   18.122 -1.694e+04    -18.122      0.000      0.000      N/A
   5    0.0     1.1   27  321713    2474    4427    1804 ( 1.758%)   55649 (59.1%)   18.122 -1.696e+04    -18.122      0.000      0.000      N/A
   6    0.0     1.4   34  300616    2069    3821    1373 ( 1.338%)   56710 (60.2%)   18.122 -1.698e+04    -18.122      0.000      0.000      N/A
   7    0.0     1.9   49  271295    1677    3197    1085 ( 1.057%)   57515 (61.1%)   18.122 -1.700e+04    -18.122      0.000      0.000      N/A
   8    0.0     2.4   45  263145    1375    2753     804 ( 0.783%)   58672 (62.3%)   18.122 -1.702e+04    -18.122      0.000      0.000      N/A
   9    0.0     3.1   40  224458    1060    2211     576 ( 0.561%)   59456 (63.1%)   18.125 -1.703e+04    -18.125      0.000      0.000      N/A
  10    0.0     4.1   29  191408     816    1763     409 ( 0.399%)   60283 (64.0%)   18.127 -1.705e+04    -18.127      0.000      0.000       32
  11    0.0     5.3   38  171119     618    1366     293 ( 0.286%)   60960 (64.7%)   18.122 -1.706e+04    -18.122      0.000      0.000       30
  12    0.0     6.9   21  127249     431     954     206 ( 0.201%)   61710 (65.5%)   18.186 -1.709e+04    -18.186      0.000      0.000       29
  13    0.0     9.0   23  117593     358     882     126 ( 0.123%)   62310 (66.2%)   18.186 -1.712e+04    -18.186      0.000      0.000       28
  14    0.0    11.6   20   86197     250     637     101 ( 0.098%)   62717 (66.6%)   18.186 -1.712e+04    -18.186      0.000      0.000       27
  15    0.0    15.1   15   89586     211     581      69 ( 0.067%)   63150 (67.0%)   18.186 -1.713e+04    -18.186      0.000      0.000       27
  16    0.0    19.7   15   70910     171     503      40 ( 0.039%)   63383 (67.3%)   18.186 -1.714e+04    -18.186      0.000      0.000       27
  17    0.0    25.6   10   80357     139     412      26 ( 0.025%)   63786 (67.7%)   18.186 -1.717e+04    -18.186      0.000      0.000       26
  18    0.0    33.3   13   54166     125     386      18 ( 0.018%)   63898 (67.8%)   18.186 -1.716e+04    -18.186      0.000      0.000       26
  19    0.0    43.3    7   57257     114     365      12 ( 0.012%)   64072 (68.0%)   18.186 -1.717e+04    -18.186      0.000      0.000       25
  20    0.0    56.2    5   61519     110     352      11 ( 0.011%)   64117 (68.1%)   18.186 -1.718e+04    -18.186      0.000      0.000       25
  21    0.0    73.1    1   51825     117     372       5 ( 0.005%)   64169 (68.1%)   18.186 -1.718e+04    -18.186      0.000      0.000       26
  22    0.0    95.0    3   39247     106     337       4 ( 0.004%)   64206 (68.2%)   18.186 -1.718e+04    -18.186      0.000      0.000       25
  23    0.0   123.5    1   43480     101     340       2 ( 0.002%)   64234 (68.2%)   18.186 -1.718e+04    -18.186      0.000      0.000       25
  24    0.0   160.6    1   34398     100     327       2 ( 0.002%)   64238 (68.2%)   18.186 -1.718e+04    -18.186      0.000      0.000       25
  25    0.0   208.8    1   35538     100     331       2 ( 0.002%)   64246 (68.2%)   18.186 -1.718e+04    -18.186      0.000      0.000       25
  26    0.0   271.4    0   43123     101     333       1 ( 0.001%)   64272 (68.2%)   18.186 -1.718e+04    -18.186      0.000      0.000       26
  27    0.0   352.8    1   34484     101     333       0 ( 0.000%)   64276 (68.2%)   18.186 -1.718e+04    -18.186      0.000      0.000       26
Restoring best routing
Critical path: 18.1858 ns
Successfully routed after 27 routing iterations.
Final Net Connection Criticality Histogram:
[        0:      0.1)  621 (  7.9%) |***************
[      0.1:      0.2)  149 (  1.9%) |****
[      0.2:      0.3)  188 (  2.4%) |*****
[      0.3:      0.4)  325 (  4.2%) |********
[      0.4:      0.5)  400 (  5.1%) |**********
[      0.5:      0.6)  739 (  9.4%) |******************
[      0.6:      0.7) 1093 ( 14.0%) |**************************
[      0.7:      0.8) 1688 ( 21.6%) |*****************************************
[      0.8:      0.9) 1901 ( 24.3%) |**********************************************
[      0.9:        1)  719 (  9.2%) |*****************
Router Stats: total_nets_routed: 27328 total_connections_routed: 50586 total_heap_pushes: 4061560 total_heap_pops: 895628 total_internal_heap_pushes: 0 total_internal_heap_pops: 0 total_external_heap_pushes: 4061560 total_external_heap_pops: 895628 total_external_SOURCE_pushes: 50586 total_external_SOURCE_pops: 39102 total_internal_SOURCE_pushes: 0 total_internal_SOURCE_pops: 0 rt_node_SOURCE_pushes: 50586 rt_node_SOURCE_high_fanout_pushes: 0 rt_node_SOURCE_entire_tree_pushes: 50586 total_external_SINK_pushes: 151415 total_external_SINK_pops: 136673 total_internal_SINK_pushes: 0 total_internal_SINK_pops: 0 rt_node_SINK_pushes: 0 rt_node_SINK_high_fanout_pushes: 0 rt_node_SINK_entire_tree_pushes: 0 total_external_IPIN_pushes: 218435 total_external_IPIN_pops: 199491 total_internal_IPIN_pushes: 0 total_internal_IPIN_pops: 0 rt_node_IPIN_pushes: 0 rt_node_IPIN_high_fanout_pushes: 0 rt_node_IPIN_entire_tree_pushes: 0 total_external_OPIN_pushes: 53522 total_external_OPIN_pops: 43163 total_internal_OPIN_pushes: 0 total_internal_OPIN_pops: 0 rt_node_OPIN_pushes: 23258 rt_node_OPIN_high_fanout_pushes: 0 rt_node_OPIN_entire_tree_pushes: 23258 total_external_CHANX_pushes: 1818275 total_external_CHANX_pops: 234980 total_internal_CHANX_pushes: 0 total_internal_CHANX_pops: 0 rt_node_CHANX_pushes: 55406 rt_node_CHANX_high_fanout_pushes: 0 rt_node_CHANX_entire_tree_pushes: 55406 total_external_CHANY_pushes: 1769327 total_external_CHANY_pops: 242219 total_internal_CHANY_pushes: 0 total_internal_CHANY_pops: 0 rt_node_CHANY_pushes: 56702 rt_node_CHANY_high_fanout_pushes: 0 rt_node_CHANY_entire_tree_pushes: 56702 total_number_of_adding_all_rt: 276964 total_number_of_adding_high_fanout_rt: 0 total_number_of_adding_all_rt_from_calling_high_fanout_rt: 0 

Attempting to route at 48 channels (binary search bounds: [38, 58])
## Build routing resource graph
SOURCE->OPIN and IPIN->SINK edge count:52388
OPIN->CHANX/CHANY edge count before creating direct connections: 74018
OPIN->CHANX/CHANY edge count after creating direct connections: 74585
CHAN->CHAN type edge count:402968
## Build routing resource graph took 0.14 seconds (max_rss 148.4 MiB, delta_rss +0.0 MiB)
  RR Graph Nodes: 98128
  RR Graph Edges: 529941
Confirming router algorithm: TIMING_DRIVEN.
## Computing router lookahead map
### Computing wire lookahead
### Computing wire lookahead took 0.50 seconds (max_rss 148.4 MiB, delta_rss +0.0 MiB)
### Computing src/opin lookahead
### Computing src/opin lookahead took 0.00 seconds (max_rss 148.4 MiB, delta_rss +0.0 MiB)
## Computing router lookahead map took 0.50 seconds (max_rss 148.4 MiB, delta_rss +0.0 MiB)
## Initializing router criticalities
Initial Net Connection Criticality Histogram:
[        0:      0.1)  653 (  8.3%) |****************
[      0.1:      0.2)  142 (  1.8%) |***
[      0.2:      0.3)  232 (  3.0%) |******
[      0.3:      0.4)  333 (  4.3%) |********
[      0.4:      0.5)  521 (  6.7%) |*************
[      0.5:      0.6)  846 ( 10.8%) |*********************
[      0.6:      0.7) 1293 ( 16.5%) |********************************
[      0.7:      0.8) 1879 ( 24.0%) |**********************************************
[      0.8:      0.9) 1594 ( 20.4%) |***************************************
[      0.9:        1)  330 (  4.2%) |********
## Initializing router criticalities took 0.01 seconds (max_rss 148.4 MiB, delta_rss +0.0 MiB)
---- ------ ------- ---- ------- ------- ------- ----------------- --------------- -------- ---------- ---------- ---------- ---------- --------
Iter   Time    pres  BBs    Heap  Re-Rtd  Re-Rtd Overused RR Nodes      Wirelength      CPD       sTNS       sWNS       hTNS       hWNS Est Succ
      (sec)     fac Updt    push    Nets   Conns                                       (ns)       (ns)       (ns)       (ns)       (ns)     Iter
---- ------ ------- ---- ------- ------- ------- ----------------- --------------- -------- ---------- ---------- ---------- ---------- --------
   1    0.0     0.0    0  329734    4875    7319    4368 ( 4.451%)   53714 (68.9%)   18.543 -1.703e+04    -18.543      0.000      0.000      N/A
   2    0.0     0.5   34  321775    4076    6439    3619 ( 3.688%)   53872 (69.1%)   18.543 -1.704e+04    -18.543      0.000      0.000      N/A
   3    0.0     0.6   37  352592    3560    5793    3347 ( 3.411%)   55545 (71.3%)   18.545 -1.707e+04    -18.545      0.000      0.000      N/A
   4    0.0     0.8   84  384577    3315    5548    3016 ( 3.074%)   57044 (73.2%)   18.546 -1.709e+04    -18.546      0.000      0.000      N/A
   5    0.0     1.1   86  417865    2959    5085    2537 ( 2.585%)   58374 (74.9%)   18.546 -1.712e+04    -18.546      0.000      0.000      N/A
   6    0.0     1.4   83  451623    2634    4631    2187 ( 2.229%)   59698 (76.6%)   18.545 -1.715e+04    -18.545      0.000      0.000      N/A
   7    0.0     1.9   60  491906    2382    4289    1908 ( 1.944%)   60525 (77.6%)   18.542 -1.719e+04    -18.542      0.000      0.000      N/A
   8    0.0     2.4   70  537569    2162    3972    1685 ( 1.717%)   61980 (79.5%)   18.544 -1.721e+04    -18.544      0.000      0.000      N/A
   9    0.1     3.1   82  584243    2018    3777    1511 ( 1.540%)   62936 (80.7%)   18.545 -1.724e+04    -18.545      0.000      0.000      N/A
  10    0.1     4.1   82  629154    1795    3401    1324 ( 1.349%)   64015 (82.1%)   18.541 -1.728e+04    -18.541      0.000      0.000       65
  11    0.1     5.3   70  754450    1665    3189    1203 ( 1.226%)   64949 (83.3%)   18.671 -1.733e+04    -18.671      0.000      0.000       68
  12    0.1     6.9   66  855780    1513    2981    1097 ( 1.118%)   66199 (84.9%)   18.671 -1.738e+04    -18.671      0.000      0.000       70
  13    0.1     9.0   65  954510    1466    2935    1037 ( 1.057%)   67089 (86.1%)   18.671 -1.744e+04    -18.671      0.000      0.000       75
  14    0.1    11.6   58 1064606    1426    2856    1019 ( 1.038%)   67986 (87.2%)   18.672 -1.748e+04    -18.672      0.000      0.000       79
  15    0.1    15.1   62 1129558    1415    2821     969 ( 0.987%)   68904 (88.4%)   18.679 -1.755e+04    -18.679      0.000      0.000       92
  16    0.1    19.7   64 1249824    1358    2687     945 ( 0.963%)   69607 (89.3%)   18.679 -1.758e+04    -18.679      0.000      0.000      101
  17    0.1    25.6   63 1238494    1363    2722     973 ( 0.992%)   70100 (89.9%)   18.800 -1.763e+04    -18.800      0.000      0.000      122
  18    0.1    33.3   59 1353770    1349    2678     974 ( 0.993%)   70692 (90.7%)   18.803 -1.771e+04    -18.803      0.000      0.000      141
  19    0.1    43.3   57 1376316    1364    2719     944 ( 0.962%)   71078 (91.2%)   18.823 -1.772e+04    -18.823      0.000      0.000      201
Routing aborted, the predicted iteration for a successful route (201.2) is too high.
Routing failed.

Failed routing attempt #1
Total number of overused nodes: 944
Total number of overused nodes is larger than the logging limit (20).
Displaying the first 20 entries.
Routing Failure Diagnostics: Printing Overused Nodes Information
------ ------- ---------- --------- -------- ------------ ------- ------- ------- ------- ------- ------- -------
   No.  NodeId  Occupancy  Capacity  RR Node    Direction    Side     PTC   Block    Xlow    Ylow   Xhigh   Yhigh
                                        type                          NUM    Name                                 
------ ------- ---------- --------- -------- ------------ ------- ------- ------- ------- ------- ------- -------
     0    3598          2         1     IPIN          N/A   RIGHT      37     clb       1      22       1      22
     1    6578          2         1     IPIN          N/A    LEFT       7     clb       3       9       3       9
     2    7289          2         1     IPIN          N/A     TOP       4     clb       3      16       3      16
     3    8010          2         1     IPIN          N/A    LEFT      11     clb       3      23       3      23
     4   11080          2         1     IPIN          N/A    LEFT      27     clb       4      24       4      24
     5   12705          2         1     IPIN          N/A  BOTTOM      26     clb       5      11       5      11
     6   12997          2         1     IPIN          N/A     TOP      12     clb       5      14       5      14
     7   13028          2         1     IPIN          N/A    LEFT      43     clb       5      14       5      14
     8   13393          2         1     IPIN          N/A     TOP       0     clb       5      18       5      18
     9   13395          2         1     IPIN          N/A  BOTTOM       2     clb       5      18       5      18
    10   13634          2         1     IPIN          N/A   RIGHT      37     clb       5      20       5      20
    11   13907          2         1     IPIN          N/A     TOP       4     clb       5      23       5      23
    12   13934          2         1     IPIN          N/A    LEFT      31     clb       5      23       5      23
    13   16938          2         1     IPIN          N/A    LEFT      11     clb       7       3       7       3
    14   17030          2         1     IPIN          N/A   RIGHT       1     clb       7       4       7       4
    15   17060          2         1     IPIN          N/A    LEFT      31     clb       7       4       7       4
    16   17240          2         1     IPIN          N/A    LEFT       7     clb       7       6       7       6
    17   17242          2         1     IPIN          N/A   RIGHT       9     clb       7       6       7       6
    18   17760          2         1     IPIN          N/A   RIGHT      17     clb       7      11       7      11
    19   17780          2         1     IPIN          N/A   RIGHT      37     clb       7      11       7      11

Final Net Connection Criticality Histogram:
[        0:      0.1)  610 (  7.8%) |***************
[      0.1:      0.2)  155 (  2.0%) |****
[      0.2:      0.3)  196 (  2.5%) |*****
[      0.3:      0.4)  323 (  4.1%) |********
[      0.4:      0.5)  402 (  5.1%) |**********
[      0.5:      0.6)  713 (  9.1%) |******************
[      0.6:      0.7) 1172 ( 15.0%) |*****************************
[      0.7:      0.8) 1730 ( 22.1%) |*******************************************
[      0.8:      0.9) 1864 ( 23.8%) |**********************************************
[      0.9:        1)  658 (  8.4%) |****************
Router Stats: total_nets_routed: 42695 total_connections_routed: 75842 total_heap_pushes: 14478346 total_heap_pops: 3533189 total_internal_heap_pushes: 0 total_internal_heap_pops: 0 total_external_heap_pushes: 14478346 total_external_heap_pops: 3533189 total_external_SOURCE_pushes: 75842 total_external_SOURCE_pops: 63219 total_internal_SOURCE_pushes: 0 total_internal_SOURCE_pops: 0 rt_node_SOURCE_pushes: 75842 rt_node_SOURCE_high_fanout_pushes: 0 rt_node_SOURCE_entire_tree_pushes: 75842 total_external_SINK_pushes: 220350 total_external_SINK_pops: 198804 total_internal_SINK_pushes: 0 total_internal_SINK_pops: 0 rt_node_SINK_pushes: 0 rt_node_SINK_high_fanout_pushes: 0 rt_node_SINK_entire_tree_pushes: 0 total_external_IPIN_pushes: 314727 total_external_IPIN_pops: 285786 total_internal_IPIN_pushes: 0 total_internal_IPIN_pops: 0 rt_node_IPIN_pushes: 0 rt_node_IPIN_high_fanout_pushes: 0 rt_node_IPIN_entire_tree_pushes: 0 total_external_OPIN_pushes: 80267 total_external_OPIN_pops: 68783 total_internal_OPIN_pushes: 0 total_internal_OPIN_pops: 0 rt_node_OPIN_pushes: 33147 rt_node_OPIN_high_fanout_pushes: 0 rt_node_OPIN_entire_tree_pushes: 33147 total_external_CHANX_pushes: 6926073 total_external_CHANX_pops: 1460169 total_internal_CHANX_pushes: 0 total_internal_CHANX_pops: 0 rt_node_CHANX_pushes: 81303 rt_node_CHANX_high_fanout_pushes: 0 rt_node_CHANX_entire_tree_pushes: 81303 total_external_CHANY_pushes: 6861087 total_external_CHANY_pops: 1456428 total_internal_CHANY_pushes: 0 total_internal_CHANY_pops: 0 rt_node_CHANY_pushes: 82244 rt_node_CHANY_high_fanout_pushes: 0 rt_node_CHANY_entire_tree_pushes: 82244 total_number_of_adding_all_rt: 394568 total_number_of_adding_high_fanout_rt: 0 total_number_of_adding_all_rt_from_calling_high_fanout_rt: 0 

Attempting to route at 54 channels (binary search bounds: [48, 58])
## Build routing resource graph
SOURCE->OPIN and IPIN->SINK edge count:52388
OPIN->CHANX/CHANY edge count before creating direct connections: 82606
OPIN->CHANX/CHANY edge count after creating direct connections: 83173
CHAN->CHAN type edge count:452776
## Build routing resource graph took 0.16 seconds (max_rss 148.4 MiB, delta_rss +0.0 MiB)
  RR Graph Nodes: 100824
  RR Graph Edges: 588337
Confirming router algorithm: TIMING_DRIVEN.
## Computing router lookahead map
### Computing wire lookahead
### Computing wire lookahead took 0.57 seconds (max_rss 148.4 MiB, delta_rss +0.0 MiB)
### Computing src/opin lookahead
### Computing src/opin lookahead took 0.00 seconds (max_rss 148.4 MiB, delta_rss +0.0 MiB)
## Computing router lookahead map took 0.57 seconds (max_rss 148.4 MiB, delta_rss +0.0 MiB)
## Initializing router criticalities
Initial Net Connection Criticality Histogram:
[        0:      0.1)  653 (  8.3%) |****************
[      0.1:      0.2)  142 (  1.8%) |***
[      0.2:      0.3)  232 (  3.0%) |******
[      0.3:      0.4)  333 (  4.3%) |********
[      0.4:      0.5)  521 (  6.7%) |*************
[      0.5:      0.6)  848 ( 10.8%) |*********************
[      0.6:      0.7) 1300 ( 16.6%) |********************************
[      0.7:      0.8) 1875 ( 24.0%) |**********************************************
[      0.8:      0.9) 1598 ( 20.4%) |***************************************
[      0.9:        1)  321 (  4.1%) |********
## Initializing router criticalities took 0.01 seconds (max_rss 148.4 MiB, delta_rss +0.0 MiB)
---- ------ ------- ---- ------- ------- ------- ----------------- --------------- -------- ---------- ---------- ---------- ---------- --------
Iter   Time    pres  BBs    Heap  Re-Rtd  Re-Rtd Overused RR Nodes      Wirelength      CPD       sTNS       sWNS       hTNS       hWNS Est Succ
      (sec)     fac Updt    push    Nets   Conns                                       (ns)       (ns)       (ns)       (ns)       (ns)     Iter
---- ------ ------- ---- ------- ------- ------- ----------------- --------------- -------- ---------- ---------- ---------- ---------- --------
   1    0.0     0.0    0  339652    4875    7319    4082 ( 4.049%)   52692 (60.1%)   18.304 -1.696e+04    -18.304      0.000      0.000      N/A
   2    0.0     0.5   21  320417    3914    6248    3299 ( 3.272%)   52825 (60.2%)   18.304 -1.697e+04    -18.304      0.000      0.000      N/A
   3    0.0     0.6   24  346756    3404    5647    3017 ( 2.992%)   54654 (62.3%)   18.304 -1.698e+04    -18.304      0.000      0.000      N/A
   4    0.0     0.8   48  366604    3078    5253    2540 ( 2.519%)   55889 (63.7%)   18.462 -1.702e+04    -18.462      0.000      0.000      N/A
   5    0.0     1.1   68  379571    2697    4725    2099 ( 2.082%)   57207 (65.2%)   18.459 -1.704e+04    -18.459      0.000      0.000      N/A
   6    0.0     1.4   70  382061    2348    4253    1742 ( 1.728%)   58530 (66.7%)   18.311 -1.706e+04    -18.311      0.000      0.000      N/A
   7    0.0     1.9   59  383285    1988    3752    1379 ( 1.368%)   59642 (68.0%)   18.308 -1.709e+04    -18.308      0.000      0.000      N/A
   8    0.0     2.4   67  348837    1730    3323    1112 ( 1.103%)   60454 (68.9%)   18.310 -1.712e+04    -18.310      0.000      0.000      N/A
   9    0.0     3.1   52  354027    1441    2842     871 ( 0.864%)   61571 (70.2%)   18.310 -1.714e+04    -18.310      0.000      0.000      N/A
  10    0.0     4.1   56  349068    1164    2378     696 ( 0.690%)   62701 (71.5%)   18.310 -1.717e+04    -18.310      0.000      0.000       40
  11    0.0     5.3   47  355824     971    2022     578 ( 0.573%)   63802 (72.8%)   18.306 -1.719e+04    -18.306      0.000      0.000       39
  12    0.0     6.9   41  348896     840    1741     457 ( 0.453%)   64645 (73.7%)   18.306 -1.722e+04    -18.306      0.000      0.000       39
  13    0.0     9.0   40  325477     656    1436     386 ( 0.383%)   65463 (74.6%)   18.306 -1.725e+04    -18.306      0.000      0.000       40
  14    0.0    11.6   39  307081     561    1248     326 ( 0.323%)   66230 (75.5%)   18.306 -1.728e+04    -18.306      0.000      0.000       41
  15    0.0    15.1   38  338246     487    1092     279 ( 0.277%)   66889 (76.3%)   18.306 -1.731e+04    -18.306      0.000      0.000       42
  16    0.0    19.7   36  365129     406     935     238 ( 0.236%)   67782 (77.3%)   18.306 -1.732e+04    -18.306      0.000      0.000       43
  17    0.0    25.6   37  416780     388     879     233 ( 0.231%)   68340 (77.9%)   18.306 -1.736e+04    -18.306      0.000      0.000       45
  18    0.1    33.3   26  531470     364     878     202 ( 0.200%)   68935 (78.6%)   18.306 -1.736e+04    -18.306      0.000      0.000       48
  19    0.0    43.3   27  512469     332     793     204 ( 0.202%)   69311 (79.0%)   18.306 -1.743e+04    -18.306      0.000      0.000       52
  20    0.0    56.2   30  478616     316     764     185 ( 0.183%)   69693 (79.5%)   18.311 -1.748e+04    -18.311      0.000      0.000       55
  21    0.0    73.1   31  485962     313     761     170 ( 0.169%)   70342 (80.2%)   18.311 -1.757e+04    -18.311      0.000      0.000       62
  22    0.0    95.0   25  478571     277     648     176 ( 0.175%)   70801 (80.7%)   18.397 -1.762e+04    -18.397      0.000      0.000       64
  23    0.1   123.5   33  576651     461    1147     168 ( 0.167%)   71155 (81.1%)   18.432 -1.770e+04    -18.432      0.000      0.000       74
  24    0.1   160.6   19  612283     461    1119     168 ( 0.167%)   71318 (81.3%)   19.074 -1.782e+04    -19.074      0.000      0.000       79
  25    0.0   208.8   22  439026     361     859     140 ( 0.139%)   71240 (81.2%)   18.311 -1.772e+04    -18.311      0.000      0.000       93
  26    0.0   271.4   22  392298     236     561     146 ( 0.145%)   71659 (81.7%)   18.881 -1.777e+04    -18.881      0.000      0.000       94
  27    0.0   352.8   21  470408     386     966     147 ( 0.146%)   71804 (81.9%)   19.179 -1.779e+04    -19.179      0.000      0.000      107
  28    0.0   458.7   14  410120     359     865     142 ( 0.141%)   71814 (81.9%)   18.817 -1.775e+04    -18.817      0.000      0.000      113
  29    0.0   596.3    9  403741     402     950     135 ( 0.134%)   71995 (82.1%)   18.883 -1.777e+04    -18.883      0.000      0.000      129
  30    0.0   775.1   12  362620     368     872     143 ( 0.142%)   72218 (82.4%)   19.386 -1.775e+04    -19.386      0.000      0.000      133
  31    0.0  1007.7   16  378074     330     809     142 ( 0.141%)   72469 (82.6%)   19.386 -1.780e+04    -19.386      0.000      0.000      153
Routing aborted, the predicted iteration for a successful route (153.1) is too high.
Routing failed.

Failed routing attempt #2
Total number of overused nodes: 142
Total number of overused nodes is larger than the logging limit (20).
Displaying the first 20 entries.
Routing Failure Diagnostics: Printing Overused Nodes Information
------ ------- ---------- --------- -------- ------------ ------- ------- ------- ------- ------- ------- -------
   No.  NodeId  Occupancy  Capacity  RR Node    Direction    Side     PTC   Block    Xlow    Ylow   Xhigh   Yhigh
                                        type                          NUM    Name                                 
------ ------- ---------- --------- -------- ------------ ------- ------- ------- ------- ------- ------- -------
     0   17671          2         1     IPIN          N/A  BOTTOM      30     clb       7      10       7      10
     1   17846          2         1     IPIN          N/A   RIGHT       1     clb       7      12       7      12
     2   21413          2         1     IPIN          N/A     TOP       4     clb       8      18       8      18
     3   23749          2         1     IPIN          N/A     TOP       0     clb       9      12       9      12
     4   24309          2         1     IPIN          N/A  BOTTOM      50     clb       9      17       9      17
     5   24374          2         1     IPIN          N/A   RIGHT      13     clb       9      18       9      18
     6   28500          2         1     IPIN          N/A    LEFT       7     clb      11      16      11      16
     7   28932          2         1     IPIN          N/A    LEFT      31     clb      11      20      11      20
     8   29029          2         1     IPIN          N/A  BOTTOM      26     clb      11      21      11      21
     9   29952          2         1     IPIN          N/A   RIGHT      37     clb      12       1      12       1
    10   30130          2         1     IPIN          N/A    LEFT      11     clb      12       3      12       3
    11   31144          2         1     IPIN          N/A   RIGHT       5     clb      12      13      12      13
    12   34000          2         1     IPIN          N/A    LEFT      11     clb      13      12      13      12
    13   34397          2         1     IPIN          N/A     TOP       0     clb      13      16      13      16
    14   34532          2         1     IPIN          N/A   RIGHT      33     clb      13      17      13      17
    15   34816          2         1     IPIN          N/A    LEFT      11     clb      13      20      13      20
    16   38759          2         1     IPIN          N/A     TOP      12     clb      15       9      15       9
    17   39267          2         1     IPIN          N/A  BOTTOM      10     clb      15      14      15      14
    18   39669          2         1     IPIN          N/A     TOP       4     clb      15      18      15      18
    19   42018          2         1     IPIN          N/A   RIGHT      13     clb      16      12      16      12

Final Net Connection Criticality Histogram:
[        0:      0.1)  613 (  7.8%) |**************
[      0.1:      0.2)  153 (  2.0%) |****
[      0.2:      0.3)  206 (  2.6%) |*****
[      0.3:      0.4)  335 (  4.3%) |********
[      0.4:      0.5)  471 (  6.0%) |***********
[      0.5:      0.6)  817 ( 10.4%) |*******************
[      0.6:      0.7) 1275 ( 16.3%) |******************************
[      0.7:      0.8) 1946 ( 24.9%) |**********************************************
[      0.8:      0.9) 1612 ( 20.6%) |**************************************
[      0.9:        1)  395 (  5.0%) |*********
Router Stats: total_nets_routed: 35914 total_connections_routed: 67085 total_heap_pushes: 12560020 total_heap_pops: 2923272 total_internal_heap_pushes: 0 total_internal_heap_pops: 0 total_external_heap_pushes: 12560020 total_external_heap_pops: 2923272 total_external_SOURCE_pushes: 67085 total_external_SOURCE_pops: 53945 total_internal_SOURCE_pushes: 0 total_internal_SOURCE_pops: 0 rt_node_SOURCE_pushes: 67085 rt_node_SOURCE_high_fanout_pushes: 0 rt_node_SOURCE_entire_tree_pushes: 67085 total_external_SINK_pushes: 202046 total_external_SINK_pops: 178190 total_internal_SINK_pushes: 0 total_internal_SINK_pops: 0 rt_node_SINK_pushes: 0 rt_node_SINK_high_fanout_pushes: 0 rt_node_SINK_entire_tree_pushes: 0 total_external_IPIN_pushes: 295811 total_external_IPIN_pops: 264105 total_internal_IPIN_pushes: 0 total_internal_IPIN_pops: 0 rt_node_IPIN_pushes: 0 rt_node_IPIN_high_fanout_pushes: 0 rt_node_IPIN_entire_tree_pushes: 0 total_external_OPIN_pushes: 71035 total_external_OPIN_pops: 58586 total_internal_OPIN_pushes: 0 total_internal_OPIN_pops: 0 rt_node_OPIN_pushes: 31171 rt_node_OPIN_high_fanout_pushes: 0 rt_node_OPIN_entire_tree_pushes: 31171 total_external_CHANX_pushes: 5959268 total_external_CHANX_pops: 1186556 total_internal_CHANX_pushes: 0 total_internal_CHANX_pops: 0 rt_node_CHANX_pushes: 89968 rt_node_CHANX_high_fanout_pushes: 0 rt_node_CHANX_entire_tree_pushes: 89968 total_external_CHANY_pushes: 5964775 total_external_CHANY_pops: 1181890 total_internal_CHANY_pushes: 0 total_internal_CHANY_pops: 0 rt_node_CHANY_pushes: 88477 rt_node_CHANY_high_fanout_pushes: 0 rt_node_CHANY_entire_tree_pushes: 88477 total_number_of_adding_all_rt: 399353 total_number_of_adding_high_fanout_rt: 0 total_number_of_adding_all_rt_from_calling_high_fanout_rt: 0 

Attempting to route at 56 channels (binary search bounds: [54, 58])
## Build routing resource graph
SOURCE->OPIN and IPIN->SINK edge count:52388
OPIN->CHANX/CHANY edge count before creating direct connections: 85444
OPIN->CHANX/CHANY edge count after creating direct connections: 86011
CHAN->CHAN type edge count:469352
## Build routing resource graph took 0.16 seconds (max_rss 148.4 MiB, delta_rss +0.0 MiB)
  RR Graph Nodes: 101724
  RR Graph Edges: 607751
Confirming router algorithm: TIMING_DRIVEN.
## Computing router lookahead map
### Computing wire lookahead
### Computing wire lookahead took 0.58 seconds (max_rss 148.4 MiB, delta_rss +0.0 MiB)
### Computing src/opin lookahead
### Computing src/opin lookahead took 0.00 seconds (max_rss 148.4 MiB, delta_rss +0.0 MiB)
## Computing router lookahead map took 0.58 seconds (max_rss 148.4 MiB, delta_rss +0.0 MiB)
## Initializing router criticalities
Initial Net Connection Criticality Histogram:
[        0:      0.1)  653 (  8.3%) |****************
[      0.1:      0.2)  142 (  1.8%) |***
[      0.2:      0.3)  232 (  3.0%) |******
[      0.3:      0.4)  333 (  4.3%) |********
[      0.4:      0.5)  521 (  6.7%) |*************
[      0.5:      0.6)  848 ( 10.8%) |*********************
[      0.6:      0.7) 1300 ( 16.6%) |********************************
[      0.7:      0.8) 1875 ( 24.0%) |**********************************************
[      0.8:      0.9) 1598 ( 20.4%) |***************************************
[      0.9:        1)  321 (  4.1%) |********
## Initializing router criticalities took 0.01 seconds (max_rss 148.4 MiB, delta_rss +0.0 MiB)
---- ------ ------- ---- ------- ------- ------- ----------------- --------------- -------- ---------- ---------- ---------- ---------- --------
Iter   Time    pres  BBs    Heap  Re-Rtd  Re-Rtd Overused RR Nodes      Wirelength      CPD       sTNS       sWNS       hTNS       hWNS Est Succ
      (sec)     fac Updt    push    Nets   Conns                                       (ns)       (ns)       (ns)       (ns)       (ns)     Iter
---- ------ ------- ---- ------- ------- ------- ----------------- --------------- -------- ---------- ---------- ---------- ---------- --------
   1    0.0     0.0    0  344716    4875    7319    4022 ( 3.954%)   53332 (58.6%)   18.422 -1.700e+04    -18.422      0.000      0.000      N/A
   2    0.0     0.5   23  320397    3807    6129    3104 ( 3.051%)   53431 (58.8%)   18.422 -1.701e+04    -18.422      0.000      0.000      N/A
   3    0.0     0.6   23  336500    3258    5417    2774 ( 2.727%)   54838 (60.3%)   18.429 -1.704e+04    -18.429      0.000      0.000      N/A
   4    0.0     0.8   39  347657    2909    5017    2414 ( 2.373%)   55851 (61.4%)   18.424 -1.705e+04    -18.424      0.000      0.000      N/A
   5    0.0     1.1   47  353476    2569    4558    1984 ( 1.950%)   56875 (62.5%)   18.431 -1.707e+04    -18.431      0.000      0.000      N/A
   6    0.0     1.4   50  354914    2238    4060    1572 ( 1.545%)   57999 (63.8%)   18.431 -1.710e+04    -18.431      0.000      0.000      N/A
   7    0.0     1.9   64  354744    1901    3592    1264 ( 1.243%)   59176 (65.1%)   18.428 -1.712e+04    -18.428      0.000      0.000      N/A
   8    0.0     2.4   36  322478    1562    3100     961 ( 0.945%)   60242 (66.2%)   18.429 -1.714e+04    -18.429      0.000      0.000      N/A
   9    0.0     3.1   42  284320    1265    2634     693 ( 0.681%)   61230 (67.3%)   18.428 -1.716e+04    -18.428      0.000      0.000      N/A
  10    0.0     4.1   45  252569     987    2074     568 ( 0.558%)   62053 (68.2%)   18.432 -1.719e+04    -18.432      0.000      0.000       34
  11    0.0     5.3   34  257446     823    1778     437 ( 0.430%)   63061 (69.3%)   18.438 -1.723e+04    -18.438      0.000      0.000       34
  12    0.0     6.9   44  230714     653    1459     343 ( 0.337%)   63813 (70.2%)   18.438 -1.725e+04    -18.438      0.000      0.000       34
  13    0.0     9.0   36  219975     500    1155     237 ( 0.233%)   64552 (71.0%)   18.448 -1.727e+04    -18.448      0.000      0.000       34
  14    0.0    11.6   32  196538     371     879     167 ( 0.164%)   65248 (71.7%)   18.448 -1.729e+04    -18.448      0.000      0.000       33
  15    0.0    15.1   31  155778     266     596     135 ( 0.133%)   65831 (72.4%)   18.448 -1.730e+04    -18.448      0.000      0.000       32
  16    0.0    19.7   13  131874     210     467     117 ( 0.115%)   66130 (72.7%)   18.448 -1.733e+04    -18.448      0.000      0.000       32
  17    0.0    25.6   18  161416     184     447      82 ( 0.081%)   66823 (73.5%)   18.448 -1.734e+04    -18.448      0.000      0.000       33
  18    0.0    33.3   17  158318     149     357      76 ( 0.075%)   67173 (73.9%)   18.448 -1.738e+04    -18.448      0.000      0.000       33
  19    0.0    43.3   13  175645     135     329      70 ( 0.069%)   67442 (74.2%)   18.448 -1.740e+04    -18.448      0.000      0.000       34
  20    0.0    56.2   14  160062     111     289      60 ( 0.059%)   67765 (74.5%)   18.448 -1.745e+04    -18.448      0.000      0.000       35
  21    0.0    73.1   17  149343     109     287      55 ( 0.054%)   67991 (74.8%)   18.448 -1.749e+04    -18.448      0.000      0.000       37
  22    0.0    95.0   15  102436      89     225      45 ( 0.044%)   68044 (74.8%)   18.448 -1.748e+04    -18.448      0.000      0.000       39
  23    0.0   123.5    6  143553      80     211      45 ( 0.044%)   68462 (75.3%)   18.900 -1.760e+04    -18.900      0.000      0.000       41
  24    0.0   160.6   13  231842     134     428      38 ( 0.037%)   68731 (75.6%)   19.700 -1.768e+04    -19.700      0.000      0.000       43
  25    0.0   208.8   11  237316      91     285      31 ( 0.030%)   68704 (75.5%)   19.706 -1.761e+04    -19.706      0.000      0.000       47
  26    0.0   271.4    6  170407      82     245      29 ( 0.029%)   68730 (75.6%)   18.808 -1.763e+04    -18.808      0.000      0.000       47
  27    0.0   352.8    3  167249     119     383      23 ( 0.023%)   68765 (75.6%)   18.448 -1.765e+04    -18.448      0.000      0.000       50
  28    0.0   458.7    4   69458      44     113      21 ( 0.021%)   68862 (75.7%)   19.496 -1.768e+04    -19.496      0.000      0.000       49
  29    0.0   596.3    2  108143      72     235      18 ( 0.018%)   68964 (75.8%)   19.496 -1.767e+04    -19.496      0.000      0.000       50
  30    0.0   775.1    5  125444      67     236      14 ( 0.014%)   68936 (75.8%)   19.496 -1.769e+04    -19.496      0.000      0.000       50
  31    0.0  1007.7    3  141721      64     223      17 ( 0.017%)   69031 (75.9%)   19.496 -1.771e+04    -19.496      0.000      0.000       50
  32    0.0  1310.0    6  155515      72     230      13 ( 0.013%)   69270 (76.2%)   19.496 -1.773e+04    -19.496      0.000      0.000       51
  33    0.0  1703.0    5  125256      69     240      11 ( 0.011%)   69365 (76.3%)   19.496 -1.770e+04    -19.496      0.000      0.000       52
  34    0.0  2213.9    1  121916      64     211      11 ( 0.011%)   69347 (76.3%)   19.496 -1.770e+04    -19.496      0.000      0.000       52
  35    0.0  2878.1    3  139922      59     202       8 ( 0.008%)   69434 (76.3%)   19.496 -1.778e+04    -19.496      0.000      0.000       52
  36    0.0  3741.5    1  124397      60     198       9 ( 0.009%)   69378 (76.3%)   19.496 -1.778e+04    -19.496      0.000      0.000       52
  37    0.0  4863.9    2  109265      63     212       8 ( 0.008%)   69397 (76.3%)   19.496 -1.775e+04    -19.496      0.000      0.000       52
  38    0.0  6323.1    0  120879      61     207       7 ( 0.007%)   69493 (76.4%)   19.496 -1.775e+04    -19.496      0.000      0.000       53
  39    0.0  8220.0    2   96445      57     192       8 ( 0.008%)   69447 (76.4%)   19.496 -1.772e+04    -19.496      0.000      0.000       53
  40    0.0 10686.0    1   93466      53     187       6 ( 0.006%)   69460 (76.4%)   19.496 -1.772e+04    -19.496      0.000      0.000       54
  41    0.0 13891.9    0   90172      54     187       5 ( 0.005%)   69469 (76.4%)   19.446 -1.770e+04    -19.446      0.000      0.000       55
  42    0.0 18059.4    1   82056      53     182       6 ( 0.006%)   69433 (76.3%)   19.446 -1.771e+04    -19.446      0.000      0.000       55
  43    0.0 23477.2    1   90233      57     196       5 ( 0.005%)   69561 (76.5%)   19.446 -1.771e+04    -19.446      0.000      0.000       56
  44    0.0 30520.4    1   80027      56     189       6 ( 0.006%)   69606 (76.5%)   19.446 -1.773e+04    -19.446      0.000      0.000       57
  45    0.0 39676.5    1   71401      55     185       5 ( 0.005%)   69554 (76.5%)   19.446 -1.773e+04    -19.446      0.000      0.000       58
  46    0.0 51579.5    0   87955      57     197       6 ( 0.006%)   69646 (76.6%)   19.446 -1.774e+04    -19.446      0.000      0.000       59
  47    0.0 67053.3    1   97396      55     201       4 ( 0.004%)   69642 (76.6%)   19.446 -1.774e+04    -19.446      0.000      0.000       61
  48    0.0 87169.3    1  101466      55     192       3 ( 0.003%)   69649 (76.6%)   19.446 -1.774e+04    -19.446      0.000      0.000       62
  49    0.0 1.1e+05    1   74179      50     177       1 ( 0.001%)   69667 (76.6%)   19.446 -1.774e+04    -19.446      0.000      0.000       62
  50    0.0 1.5e+05    0   63081      49     168       1 ( 0.001%)   69657 (76.6%)   19.446 -1.774e+04    -19.446      0.000      0.000       59
Routing failed.

Failed routing attempt #3
Total number of overused nodes: 1
Routing Failure Diagnostics: Printing Overused Nodes Information
------ ------- ---------- --------- -------- ------------ ------- ------- ------- ------- ------- ------- -------
   No.  NodeId  Occupancy  Capacity  RR Node    Direction    Side     PTC   Block    Xlow    Ylow   Xhigh   Yhigh
                                        type                          NUM    Name                                 
------ ------- ---------- --------- -------- ------------ ------- ------- ------- ------- ------- ------- -------
     0   95294          2         1    CHANY      INC_DIR     N/A      40 mult_36      14       3      14       6

Final Net Connection Criticality Histogram:
[        0:      0.1)  621 (  7.9%) |***************
[      0.1:      0.2)  161 (  2.1%) |****
[      0.2:      0.3)  216 (  2.8%) |*****
[      0.3:      0.4)  347 (  4.4%) |********
[      0.4:      0.5)  485 (  6.2%) |************
[      0.5:      0.6)  836 ( 10.7%) |********************
[      0.6:      0.7) 1306 ( 16.7%) |*******************************
[      0.7:      0.8) 1940 ( 24.8%) |**********************************************
[      0.8:      0.9) 1623 ( 20.7%) |**************************************
[      0.9:        1)  288 (  3.7%) |*******
Router Stats: total_nets_routed: 30823 total_connections_routed: 58280 total_heap_pushes: 8691476 total_heap_pops: 1938871 total_internal_heap_pushes: 0 total_internal_heap_pops: 0 total_external_heap_pushes: 8691476 total_external_heap_pops: 1938871 total_external_SOURCE_pushes: 58280 total_external_SOURCE_pops: 45745 total_internal_SOURCE_pushes: 0 total_internal_SOURCE_pops: 0 rt_node_SOURCE_pushes: 58280 rt_node_SOURCE_high_fanout_pushes: 0 rt_node_SOURCE_entire_tree_pushes: 58280 total_external_SINK_pushes: 177592 total_external_SINK_pops: 157359 total_internal_SINK_pushes: 0 total_internal_SINK_pops: 0 rt_node_SINK_pushes: 0 rt_node_SINK_high_fanout_pushes: 0 rt_node_SINK_entire_tree_pushes: 0 total_external_IPIN_pushes: 258202 total_external_IPIN_pops: 232063 total_internal_IPIN_pushes: 0 total_internal_IPIN_pops: 0 rt_node_IPIN_pushes: 0 rt_node_IPIN_high_fanout_pushes: 0 rt_node_IPIN_entire_tree_pushes: 0 total_external_OPIN_pushes: 61853 total_external_OPIN_pops: 50261 total_internal_OPIN_pushes: 0 total_internal_OPIN_pops: 0 rt_node_OPIN_pushes: 27457 rt_node_OPIN_high_fanout_pushes: 0 rt_node_OPIN_entire_tree_pushes: 27457 total_external_CHANX_pushes: 4071604 total_external_CHANX_pops: 726897 total_internal_CHANX_pushes: 0 total_internal_CHANX_pops: 0 rt_node_CHANX_pushes: 80362 rt_node_CHANX_high_fanout_pushes: 0 rt_node_CHANX_entire_tree_pushes: 80362 total_external_CHANY_pushes: 4063945 total_external_CHANY_pops: 726546 total_internal_CHANY_pushes: 0 total_internal_CHANY_pops: 0 rt_node_CHANY_pushes: 80308 rt_node_CHANY_high_fanout_pushes: 0 rt_node_CHANY_entire_tree_pushes: 80308 total_number_of_adding_all_rt: 355053 total_number_of_adding_high_fanout_rt: 0 total_number_of_adding_all_rt_from_calling_high_fanout_rt: 0 
## Build routing resource graph
SOURCE->OPIN and IPIN->SINK edge count:52388
OPIN->CHANX/CHANY edge count before creating direct connections: 88314
OPIN->CHANX/CHANY edge count after creating direct connections: 88881
CHAN->CHAN type edge count:487550
## Build routing resource graph took 0.17 seconds (max_rss 148.4 MiB, delta_rss +0.0 MiB)
  RR Graph Nodes: 102620
  RR Graph Edges: 628819
Best routing used a channel width factor of 58.
# Routing took 9.44 seconds (max_rss 148.4 MiB, delta_rss +0.0 MiB)

Checking to ensure routing is legal...
# Checking to ensure non-configurable edges are legal
# Checking to ensure non-configurable edges are legal took 0.00 seconds (max_rss 148.4 MiB, delta_rss +0.0 MiB)
Completed routing consistency check successfully.

Serial number (magic cookie) for the routing is: -756453157
Circuit successfully routed with a channel width factor of 58.
# Synchronize the packed netlist to routing optimization
## Annotating rr_node with routed nets
## Annotating rr_node with routed nets took 0.00 seconds (max_rss 148.4 MiB, delta_rss +0.0 MiB)
Found 10996 mismatches between routing and packing results.
Fixed 6649 routing traces due to mismatch between routing and packing results.
# Synchronize the packed netlist to routing optimization took 0.04 seconds (max_rss 148.4 MiB, delta_rss +0.0 MiB)
Final Clustering Statistics: 
----------   --------   ------------------------------------   --------------------------
Block Type   # Blocks   Avg. # of input clocks and pins used   Avg. # of output pins used
----------   --------   ------------------------------------   --------------------------
     EMPTY          0                                      0                            0   
        io        251                               0.298805                     0.701195   
       clb        564                                13.7376                      8.33333   
   mult_36          0                                      0                            0   
    memory          0                                      0                            0   
Absorbed logical nets 5776 out of 10652 nets, 4876 nets not absorbed.


Average number of bends per net: 1.69374  Maximum # of bends: 26

Number of global nets: 1
Number of routed nets (nonglobal): 4875
Wire length results (in units of 1 clb segments)...
	Total wirelength: 64276, average net length: 13.1848
	Maximum net length: 145

Wire length results in terms of physical segments...
	Total wiring segments used: 16699, average wire segments per net: 3.42544
	Maximum segments used by a net: 38
	Total local nets with reserved CLB opins: 0
Total number of nets absorbed: 0

Routing channel utilization histogram:
[        1:      inf)   0 (  0.0%) |
[      0.9:        1)  84 (  5.0%) |******
[      0.8:      0.9) 468 ( 27.8%) |***********************************
[      0.7:      0.8) 632 ( 37.6%) |***********************************************
[      0.5:      0.6) 108 (  6.4%) |********
[      0.4:      0.5) 134 (  8.0%) |**********
[      0.3:      0.4)  82 (  4.9%) |******
[      0.2:      0.3)  74 (  4.4%) |******
[      0.1:      0.2)  34 (  2.0%) |***
[        0:      0.1)  66 (  3.9%) |*****
Maximum routing channel utilization:      0.97 at (14,8)

X - Directed channels:   j max occ ave occ capacity
                      ---- ------- ------- --------
                         0      54  38.467       58
                         1      53  33.600       58
                         2      45  34.367       58
                         3      51  37.567       58
                         4      52  37.867       58
                         5      53  40.267       58
                         6      53  41.533       58
                         7      52  39.700       58
                         8      56  41.067       58
                         9      54  40.233       58
                        10      52  38.167       58
                        11      54  38.000       58
                        12      56  39.100       58
                        13      53  39.300       58
                        14      53  40.400       58
                        15      53  41.900       58
                        16      51  40.400       58
                        17      54  38.800       58
                        18      52  40.233       58
                        19      55  40.067       58
                        20      52  38.367       58
                        21      54  36.700       58
                        22      49  35.567       58
                        23      51  38.233       58
                        24      54  34.300       58
                        25      47  30.767       58
                        26      49  28.933       58
                        27      45  21.633       58
                        28      48  23.267       58
Y - Directed channels:   i max occ ave occ capacity
                      ---- ------- ------- --------
                         0      32  15.200       58
                         1      36  20.700       58
                         2      43  27.067       58
                         3      46  36.067       58
                         4      53  40.800       58
                         5      47  37.133       58
                         6      54  38.500       58
                         7      52  42.667       58
                         8      56  45.033       58
                         9      54  42.067       58
                        10      48  39.500       58
                        11      55  44.233       58
                        12      57  45.300       58
                        13      56  44.233       58
                        14      54  42.433       58
                        15      57  46.467       58
                        16      56  44.500       58
                        17      51  39.233       58
                        18      54  39.933       58
                        19      52  38.767       58
                        20      53  39.500       58
                        21      52  37.167       58
                        22      53  35.967       58
                        23      54  40.433       58
                        24      53  40.133       58
                        25      48  31.633       58
                        26      44  29.300       58
                        27      47  29.267       58
                        28      40  20.500       58

Total tracks in x-direction: 1682, in y-direction: 1682

Logic area (in minimum width transistor areas, excludes I/Os and empty grid tiles)...
	Total logic block area (Warning, need to add pitch of routing to blocks with height > 3): 4.8774e+07
	Total used logic block area: 3.03962e+07

Routing area (in minimum width transistor areas)...
	Total routing area: 3.79670e+06, per logic tile: 4218.55

Total Number of Wiring Segments by Direction: direction length number
                                              --------- ------ -------
                                                      X      4  13034
                                                      Y      4  13034

X - Directed Wiring Segment usage by length: length utilization
                                             ------ -----------
                                             4       0.635

Y - Directed Wiring Segment usage by length: length utilization
                                             ------ -----------
                                             4       0.646

Segment occupancy by length: Length utilization
                             ------ -----------
                             L4           0.641

Segment occupancy by type:              name type utilization
                           ----------------- ---- -----------
                           unnamed_segment_0    0       0.641

Final hold Worst Negative Slack (hWNS): 0 ns
Final hold Total Negative Slack (hTNS): 0 ns

Final hold slack histogram:
[  5.8e-11:  6.4e-10) 170 ( 11.0%) |****************
[  6.4e-10:  1.2e-09) 466 ( 30.0%) |********************************************
[  1.2e-09:  1.8e-09) 503 ( 32.4%) |***********************************************
[  1.8e-09:  2.4e-09) 290 ( 18.7%) |***************************
[  2.4e-09:    3e-09)  93 (  6.0%) |*********
[    3e-09:  3.5e-09)  19 (  1.2%) |**
[  3.5e-09:  4.1e-09)   5 (  0.3%) |
[  4.1e-09:  4.7e-09)   4 (  0.3%) |
[  4.7e-09:  5.3e-09)   0 (  0.0%) |
[  5.3e-09:  5.9e-09)   1 (  0.1%) |

Final critical path delay (least slack): 18.1858 ns, Fmax: 54.988 MHz
Final setup Worst Negative Slack (sWNS): -18.1858 ns
Final setup Total Negative Slack (sTNS): -17182.3 ns

Final setup slack histogram:
[ -1.8e-08: -1.6e-08) 124 (  8.0%) |****************
[ -1.6e-08: -1.5e-08) 364 ( 23.5%) |***********************************************
[ -1.5e-08: -1.3e-08) 285 ( 18.4%) |*************************************
[ -1.3e-08: -1.1e-08) 173 ( 11.2%) |**********************
[ -1.1e-08: -9.4e-09) 120 (  7.7%) |***************
[ -9.4e-09: -7.6e-09)  91 (  5.9%) |************
[ -7.6e-09: -5.8e-09)  92 (  5.9%) |************
[ -5.8e-09: -4.1e-09)  79 (  5.1%) |**********
[ -4.1e-09: -2.3e-09)  55 (  3.5%) |*******
[ -2.3e-09: -5.4e-10) 168 ( 10.8%) |**********************

Final geomean non-virtual intra-domain period: 18.1858 ns (54.988 MHz)
Final fanout-weighted geomean non-virtual intra-domain period: 18.1858 ns (54.988 MHz)

Incr Slack updates 1 in 0.000263715 sec
Full Max Req/Worst Slack updates 1 in 1.5499e-05 sec
Incr Max Req/Worst Slack updates 0 in 0 sec
Incr Criticality updates 0 in 0 sec
Full Criticality updates 1 in 0.000385785 sec
Flow timing analysis took 1.51009 seconds (1.28048 STA, 0.229614 slack) (230 full updates: 77 setup, 0 hold, 153 combined).
VPR succeeded
The entire flow of VPR took 18.27 seconds (max_rss 150.1 MiB)
Incr Slack updates 152 in 0.0378319 sec
Full Max Req/Worst Slack updates 31 in 0.000475476 sec
Incr Max Req/Worst Slack updates 121 in 0.00238907 sec
Incr Criticality updates 82 in 0.0234734 sec
Full Criticality updates 70 in 0.032228 sec
