#Packing pin usage report
Type: io
	Input Pin Usage:
		Max: 1.00 (0.02)
		Avg: 0.30 (0.01)
		Min: 0.00 (0.00)
		Histogram:
		[        0:      5.5) 491 (100.0%) |***********************************************
		[      5.5:       11)   0 (  0.0%) |
		[       11:       16)   0 (  0.0%) |
		[       16:       22)   0 (  0.0%) |
		[       22:       28)   0 (  0.0%) |
		[       28:       33)   0 (  0.0%) |
		[       33:       38)   0 (  0.0%) |
		[       38:       44)   0 (  0.0%) |
		[       44:       50)   0 (  0.0%) |
		[       50:       55)   0 (  0.0%) |
	Output Pin Usage:
		Max: 1.00 (0.03)
		Avg: 0.70 (0.02)
		Min: 0.00 (0.00)
		Histogram:
		[        0:        4) 491 (100.0%) |***********************************************
		[        4:        8)   0 (  0.0%) |
		[        8:       12)   0 (  0.0%) |
		[       12:       16)   0 (  0.0%) |
		[       16:       20)   0 (  0.0%) |
		[       20:       24)   0 (  0.0%) |
		[       24:       28)   0 (  0.0%) |
		[       28:       32)   0 (  0.0%) |
		[       32:       36)   0 (  0.0%) |
		[       36:       40)   0 (  0.0%) |

Type: LAB
	Input Pin Usage:
		Max: 34.00 (0.37)
		Avg: 17.17 (0.19)
		Min: 1.00 (0.01)
		Histogram:
		[        0:      9.1)  76 ( 10.3%) |***********
		[      9.1:       18) 320 ( 43.2%) |**********************************************
		[       18:       27) 327 ( 44.1%) |***********************************************
		[       27:       36)  18 (  2.4%) |***
		[       36:       46)   0 (  0.0%) |
		[       46:       55)   0 (  0.0%) |
		[       55:       64)   0 (  0.0%) |
		[       64:       73)   0 (  0.0%) |
		[       73:       82)   0 (  0.0%) |
		[       82:       91)   0 (  0.0%) |
	Output Pin Usage:
		Max: 30.00 (0.71)
		Avg: 11.11 (0.26)
		Min: 1.00 (0.02)
		Histogram:
		[        0:      4.2)  70 (  9.4%) |***********
		[      4.2:      8.4)  89 ( 12.0%) |*************
		[      8.4:       13) 313 ( 42.2%) |***********************************************
		[       13:       17) 197 ( 26.6%) |******************************
		[       17:       21)  61 (  8.2%) |*********
		[       21:       25)   6 (  0.8%) |*
		[       25:       29)   4 (  0.5%) |*
		[       29:       34)   1 (  0.1%) |
		[       34:       38)   0 (  0.0%) |
		[       38:       42)   0 (  0.0%) |

