#Packing pin usage report
Type: io
	Input Pin Usage:
		Max: 1.00 (0.50)
		Avg: 0.56 (0.28)
		Min: 0.00 (0.00)
		Histogram:
		[        0:      0.2) 217 ( 44.2%) |*************************************
		[      0.2:      0.4)   0 (  0.0%) |
		[      0.4:      0.6)   0 (  0.0%) |
		[      0.6:      0.8)   0 (  0.0%) |
		[      0.8:        1) 274 ( 55.8%) |***********************************************
		[        1:      1.2)   0 (  0.0%) |
		[      1.2:      1.4)   0 (  0.0%) |
		[      1.4:      1.6)   0 (  0.0%) |
		[      1.6:      1.8)   0 (  0.0%) |
		[      1.8:        2)   0 (  0.0%) |
	Output Pin Usage:
		Max: 1.00 (1.00)
		Avg: 0.44 (0.44)
		Min: 0.00 (0.00)
		Histogram:
		[        0:      0.1) 274 ( 55.8%) |***********************************************
		[      0.1:      0.2)   0 (  0.0%) |
		[      0.2:      0.3)   0 (  0.0%) |
		[      0.3:      0.4)   0 (  0.0%) |
		[      0.4:      0.5)   0 (  0.0%) |
		[      0.5:      0.6)   0 (  0.0%) |
		[      0.6:      0.7)   0 (  0.0%) |
		[      0.7:      0.8)   0 (  0.0%) |
		[      0.8:      0.9)   0 (  0.0%) |
		[      0.9:        1) 217 ( 44.2%) |*************************************

Type: clb
	Input Pin Usage:
		Max: 30.00 (0.56)
		Avg: 17.91 (0.33)
		Min: 2.00 (0.04)
		Histogram:
		[        0:      5.4)  15 (  6.1%) |******
		[      5.4:       11)   1 (  0.4%) |
		[       11:       16)  63 ( 25.7%) |**************************
		[       16:       22) 112 ( 45.7%) |***********************************************
		[       22:       27)  49 ( 20.0%) |*********************
		[       27:       32)   5 (  2.0%) |**
		[       32:       38)   0 (  0.0%) |
		[       38:       43)   0 (  0.0%) |
		[       43:       49)   0 (  0.0%) |
		[       49:       54)   0 (  0.0%) |
	Output Pin Usage:
		Max: 20.00 (0.95)
		Avg: 11.86 (0.56)
		Min: 1.00 (0.05)
		Histogram:
		[        0:      2.1) 12 (  4.9%) |********
		[      2.1:      4.2)  3 (  1.2%) |**
		[      4.2:      6.3)  1 (  0.4%) |*
		[      6.3:      8.4) 13 (  5.3%) |*********
		[      8.4:       10) 37 ( 15.1%) |*************************
		[       10:       13) 71 ( 29.0%) |************************************************
		[       13:       15) 50 ( 20.4%) |**********************************
		[       15:       17) 40 ( 16.3%) |***************************
		[       17:       19) 13 (  5.3%) |*********
		[       19:       21)  5 (  2.0%) |***

