#Packing pin usage report
Type: io
	Input Pin Usage:
		Max: 1.00 (0.50)
		Avg: 0.30 (0.15)
		Min: 0.00 (0.00)
		Histogram:
		[        0:      0.2) 2173 ( 70.0%) |**********************************************
		[      0.2:      0.4)    0 (  0.0%) |
		[      0.4:      0.6)    0 (  0.0%) |
		[      0.6:      0.8)    0 (  0.0%) |
		[      0.8:        1)  931 ( 30.0%) |********************
		[        1:      1.2)    0 (  0.0%) |
		[      1.2:      1.4)    0 (  0.0%) |
		[      1.4:      1.6)    0 (  0.0%) |
		[      1.6:      1.8)    0 (  0.0%) |
		[      1.8:        2)    0 (  0.0%) |
	Output Pin Usage:
		Max: 1.00 (1.00)
		Avg: 0.70 (0.70)
		Min: 0.00 (0.00)
		Histogram:
		[        0:      0.1)  931 ( 30.0%) |********************
		[      0.1:      0.2)    0 (  0.0%) |
		[      0.2:      0.3)    0 (  0.0%) |
		[      0.3:      0.4)    0 (  0.0%) |
		[      0.4:      0.5)    0 (  0.0%) |
		[      0.5:      0.6)    0 (  0.0%) |
		[      0.6:      0.7)    0 (  0.0%) |
		[      0.7:      0.8)    0 (  0.0%) |
		[      0.8:      0.9)    0 (  0.0%) |
		[      0.9:        1) 2173 ( 70.0%) |**********************************************

Type: clb
	Input Pin Usage:
		Max: 43.00 (0.80)
		Avg: 33.06 (0.61)
		Min: 3.00 (0.06)
		Histogram:
		[        0:      5.4)  24 ( 10.3%) |***********
		[      5.4:       11)   2 (  0.9%) |*
		[       11:       16)   2 (  0.9%) |*
		[       16:       22)   0 (  0.0%) |
		[       22:       27)   1 (  0.4%) |
		[       27:       32)  17 (  7.3%) |********
		[       32:       38)  85 ( 36.5%) |***************************************
		[       38:       43) 102 ( 43.8%) |***********************************************
		[       43:       49)   0 (  0.0%) |
		[       49:       54)   0 (  0.0%) |
	Output Pin Usage:
		Max: 20.00 (0.95)
		Avg: 12.41 (0.59)
		Min: 1.00 (0.05)
		Histogram:
		[        0:      2.1) 26 ( 11.2%) |********************
		[      2.1:      4.2)  2 (  0.9%) |**
		[      4.2:      6.3)  0 (  0.0%) |
		[      6.3:      8.4)  3 (  1.3%) |**
		[      8.4:       10) 15 (  6.4%) |***********
		[       10:       13) 40 ( 17.2%) |******************************
		[       13:       15) 64 ( 27.5%) |************************************************
		[       15:       17) 51 ( 21.9%) |**************************************
		[       17:       19) 29 ( 12.4%) |**********************
		[       19:       21)  3 (  1.3%) |**

