#Packing pin usage report
Type: io
	Input Pin Usage:
		Max: 1.00 (0.02)
		Avg: 0.30 (0.01)
		Min: 0.00 (0.00)
		Histogram:
		[        0:      5.5) 994 (100.0%) |***********************************************
		[      5.5:       11)   0 (  0.0%) |
		[       11:       16)   0 (  0.0%) |
		[       16:       22)   0 (  0.0%) |
		[       22:       28)   0 (  0.0%) |
		[       28:       33)   0 (  0.0%) |
		[       33:       38)   0 (  0.0%) |
		[       38:       44)   0 (  0.0%) |
		[       44:       50)   0 (  0.0%) |
		[       50:       55)   0 (  0.0%) |
	Output Pin Usage:
		Max: 1.00 (0.03)
		Avg: 0.70 (0.02)
		Min: 0.00 (0.00)
		Histogram:
		[        0:        4) 994 (100.0%) |***********************************************
		[        4:        8)   0 (  0.0%) |
		[        8:       12)   0 (  0.0%) |
		[       12:       16)   0 (  0.0%) |
		[       16:       20)   0 (  0.0%) |
		[       20:       24)   0 (  0.0%) |
		[       24:       28)   0 (  0.0%) |
		[       28:       32)   0 (  0.0%) |
		[       32:       36)   0 (  0.0%) |
		[       36:       40)   0 (  0.0%) |

Type: LAB
	Input Pin Usage:
		Max: 40.00 (0.44)
		Avg: 20.41 (0.22)
		Min: 1.00 (0.01)
		Histogram:
		[        0:      9.1)  32 (  6.7%) |*****
		[      9.1:       18) 115 ( 24.0%) |*******************
		[       18:       27) 286 ( 59.7%) |***********************************************
		[       27:       36)  45 (  9.4%) |*******
		[       36:       46)   1 (  0.2%) |
		[       46:       55)   0 (  0.0%) |
		[       55:       64)   0 (  0.0%) |
		[       64:       73)   0 (  0.0%) |
		[       73:       82)   0 (  0.0%) |
		[       82:       91)   0 (  0.0%) |
	Output Pin Usage:
		Max: 32.00 (0.76)
		Avg: 12.99 (0.31)
		Min: 1.00 (0.02)
		Histogram:
		[        0:      4.2)  28 (  5.8%) |*******
		[      4.2:      8.4)  21 (  4.4%) |******
		[      8.4:       13) 177 ( 37.0%) |***********************************************
		[       13:       17) 166 ( 34.7%) |********************************************
		[       17:       21)  71 ( 14.8%) |*******************
		[       21:       25)   9 (  1.9%) |**
		[       25:       29)   6 (  1.3%) |**
		[       29:       34)   1 (  0.2%) |
		[       34:       38)   0 (  0.0%) |
		[       38:       42)   0 (  0.0%) |

