#Packing pin usage report
Type: io
	Input Pin Usage:
		Max: 1.00 (0.02)
		Avg: 0.30 (0.01)
		Min: 0.00 (0.00)
		Histogram:
		[        0:      5.5) 655 (100.0%) |***********************************************
		[      5.5:       11)   0 (  0.0%) |
		[       11:       16)   0 (  0.0%) |
		[       16:       22)   0 (  0.0%) |
		[       22:       28)   0 (  0.0%) |
		[       28:       33)   0 (  0.0%) |
		[       33:       38)   0 (  0.0%) |
		[       38:       44)   0 (  0.0%) |
		[       44:       50)   0 (  0.0%) |
		[       50:       55)   0 (  0.0%) |
	Output Pin Usage:
		Max: 1.00 (0.03)
		Avg: 0.70 (0.02)
		Min: 0.00 (0.00)
		Histogram:
		[        0:        4) 655 (100.0%) |***********************************************
		[        4:        8)   0 (  0.0%) |
		[        8:       12)   0 (  0.0%) |
		[       12:       16)   0 (  0.0%) |
		[       16:       20)   0 (  0.0%) |
		[       20:       24)   0 (  0.0%) |
		[       24:       28)   0 (  0.0%) |
		[       28:       32)   0 (  0.0%) |
		[       32:       36)   0 (  0.0%) |
		[       36:       40)   0 (  0.0%) |

Type: LAB
	Input Pin Usage:
		Max: 32.00 (0.35)
		Avg: 18.29 (0.20)
		Min: 1.00 (0.01)
		Histogram:
		[        0:      9.1)  58 (  8.0%) |*******
		[      9.1:       18) 276 ( 38.0%) |***********************************
		[       18:       27) 366 ( 50.4%) |***********************************************
		[       27:       36)  26 (  3.6%) |***
		[       36:       46)   0 (  0.0%) |
		[       46:       55)   0 (  0.0%) |
		[       55:       64)   0 (  0.0%) |
		[       64:       73)   0 (  0.0%) |
		[       73:       82)   0 (  0.0%) |
		[       82:       91)   0 (  0.0%) |
	Output Pin Usage:
		Max: 30.00 (0.71)
		Avg: 11.78 (0.28)
		Min: 1.00 (0.02)
		Histogram:
		[        0:      4.2)  48 (  6.6%) |*******
		[      4.2:      8.4)  79 ( 10.9%) |************
		[      8.4:       13) 303 ( 41.7%) |***********************************************
		[       13:       17) 210 ( 28.9%) |*********************************
		[       17:       21)  69 (  9.5%) |***********
		[       21:       25)  15 (  2.1%) |**
		[       25:       29)   1 (  0.1%) |
		[       29:       34)   1 (  0.1%) |
		[       34:       38)   0 (  0.0%) |
		[       38:       42)   0 (  0.0%) |

