#Packing pin usage report
Type: io
	Input Pin Usage:
		Max: 1.00 (0.02)
		Avg: 0.30 (0.01)
		Min: 0.00 (0.00)
		Histogram:
		[        0:      5.5) 4140 (100.0%) |**********************************************
		[      5.5:       11)    0 (  0.0%) |
		[       11:       16)    0 (  0.0%) |
		[       16:       22)    0 (  0.0%) |
		[       22:       28)    0 (  0.0%) |
		[       28:       33)    0 (  0.0%) |
		[       33:       38)    0 (  0.0%) |
		[       38:       44)    0 (  0.0%) |
		[       44:       50)    0 (  0.0%) |
		[       50:       55)    0 (  0.0%) |
	Output Pin Usage:
		Max: 1.00 (0.03)
		Avg: 0.70 (0.02)
		Min: 0.00 (0.00)
		Histogram:
		[        0:        4) 4140 (100.0%) |**********************************************
		[        4:        8)    0 (  0.0%) |
		[        8:       12)    0 (  0.0%) |
		[       12:       16)    0 (  0.0%) |
		[       16:       20)    0 (  0.0%) |
		[       20:       24)    0 (  0.0%) |
		[       24:       28)    0 (  0.0%) |
		[       28:       32)    0 (  0.0%) |
		[       32:       36)    0 (  0.0%) |
		[       36:       40)    0 (  0.0%) |

Type: LAB
	Input Pin Usage:
		Max: 42.00 (0.46)
		Avg: 23.25 (0.26)
		Min: 1.00 (0.01)
		Histogram:
		[        0:      9.1)  68 (  7.1%) |*****
		[      9.1:       18)  65 (  6.7%) |*****
		[       18:       27) 589 ( 61.1%) |***********************************************
		[       27:       36) 235 ( 24.4%) |*******************
		[       36:       46)   7 (  0.7%) |*
		[       46:       55)   0 (  0.0%) |
		[       55:       64)   0 (  0.0%) |
		[       64:       73)   0 (  0.0%) |
		[       73:       82)   0 (  0.0%) |
		[       82:       91)   0 (  0.0%) |
	Output Pin Usage:
		Max: 31.00 (0.74)
		Avg: 14.68 (0.35)
		Min: 1.00 (0.02)
		Histogram:
		[        0:      4.2)  64 (  6.6%) |*******
		[      4.2:      8.4)   9 (  0.9%) |*
		[      8.4:       13) 156 ( 16.2%) |******************
		[       13:       17) 402 ( 41.7%) |***********************************************
		[       17:       21) 281 ( 29.1%) |*********************************
		[       21:       25)  40 (  4.1%) |*****
		[       25:       29)  11 (  1.1%) |*
		[       29:       34)   1 (  0.1%) |
		[       34:       38)   0 (  0.0%) |
		[       38:       42)   0 (  0.0%) |

