#Packing pin usage report
Type: io
	Input Pin Usage:
		Max: 1.00 (0.50)
		Avg: 0.30 (0.15)
		Min: 0.00 (0.00)
		Histogram:
		[        0:      0.2) 4227 ( 70.0%) |**********************************************
		[      0.2:      0.4)    0 (  0.0%) |
		[      0.4:      0.6)    0 (  0.0%) |
		[      0.6:      0.8)    0 (  0.0%) |
		[      0.8:        1) 1812 ( 30.0%) |********************
		[        1:      1.2)    0 (  0.0%) |
		[      1.2:      1.4)    0 (  0.0%) |
		[      1.4:      1.6)    0 (  0.0%) |
		[      1.6:      1.8)    0 (  0.0%) |
		[      1.8:        2)    0 (  0.0%) |
	Output Pin Usage:
		Max: 1.00 (1.00)
		Avg: 0.70 (0.70)
		Min: 0.00 (0.00)
		Histogram:
		[        0:      0.1) 1812 ( 30.0%) |********************
		[      0.1:      0.2)    0 (  0.0%) |
		[      0.2:      0.3)    0 (  0.0%) |
		[      0.3:      0.4)    0 (  0.0%) |
		[      0.4:      0.5)    0 (  0.0%) |
		[      0.5:      0.6)    0 (  0.0%) |
		[      0.6:      0.7)    0 (  0.0%) |
		[      0.7:      0.8)    0 (  0.0%) |
		[      0.8:      0.9)    0 (  0.0%) |
		[      0.9:        1) 4227 ( 70.0%) |**********************************************

Type: clb
	Input Pin Usage:
		Max: 43.00 (0.80)
		Avg: 37.30 (0.69)
		Min: 3.00 (0.06)
		Histogram:
		[        0:      5.4)  16 (  7.0%) |****
		[      5.4:       11)   4 (  1.7%) |*
		[       11:       16)   0 (  0.0%) |
		[       16:       22)   0 (  0.0%) |
		[       22:       27)   0 (  0.0%) |
		[       27:       32)   0 (  0.0%) |
		[       32:       38)   5 (  2.2%) |*
		[       38:       43) 204 ( 89.1%) |***********************************************
		[       43:       49)   0 (  0.0%) |
		[       49:       54)   0 (  0.0%) |
	Output Pin Usage:
		Max: 20.00 (0.95)
		Avg: 14.77 (0.70)
		Min: 1.00 (0.05)
		Histogram:
		[        0:      2.1) 17 (  7.4%) |***********
		[      2.1:      4.2)  3 (  1.3%) |**
		[      4.2:      6.3)  0 (  0.0%) |
		[      6.3:      8.4)  0 (  0.0%) |
		[      8.4:       10)  1 (  0.4%) |*
		[       10:       13)  8 (  3.5%) |*****
		[       13:       15) 34 ( 14.8%) |**********************
		[       15:       17) 74 ( 32.3%) |************************************************
		[       17:       19) 74 ( 32.3%) |************************************************
		[       19:       21) 18 (  7.9%) |************

