#Packing pin usage report
Type: io
	Input Pin Usage:
		Max: 1.00 (0.02)
		Avg: 0.30 (0.01)
		Min: 0.00 (0.00)
		Histogram:
		[        0:      5.5) 1035 (100.0%) |**********************************************
		[      5.5:       11)    0 (  0.0%) |
		[       11:       16)    0 (  0.0%) |
		[       16:       22)    0 (  0.0%) |
		[       22:       28)    0 (  0.0%) |
		[       28:       33)    0 (  0.0%) |
		[       33:       38)    0 (  0.0%) |
		[       38:       44)    0 (  0.0%) |
		[       44:       50)    0 (  0.0%) |
		[       50:       55)    0 (  0.0%) |
	Output Pin Usage:
		Max: 1.00 (0.03)
		Avg: 0.70 (0.02)
		Min: 0.00 (0.00)
		Histogram:
		[        0:        4) 1035 (100.0%) |**********************************************
		[        4:        8)    0 (  0.0%) |
		[        8:       12)    0 (  0.0%) |
		[       12:       16)    0 (  0.0%) |
		[       16:       20)    0 (  0.0%) |
		[       20:       24)    0 (  0.0%) |
		[       24:       28)    0 (  0.0%) |
		[       28:       32)    0 (  0.0%) |
		[       32:       36)    0 (  0.0%) |
		[       36:       40)    0 (  0.0%) |

Type: LAB
	Input Pin Usage:
		Max: 39.00 (0.43)
		Avg: 19.57 (0.22)
		Min: 1.00 (0.01)
		Histogram:
		[        0:      9.1)  62 (  6.5%) |*****
		[      9.1:       18) 280 ( 29.3%) |***********************
		[       18:       27) 563 ( 59.0%) |***********************************************
		[       27:       36)  48 (  5.0%) |****
		[       36:       46)   2 (  0.2%) |
		[       46:       55)   0 (  0.0%) |
		[       55:       64)   0 (  0.0%) |
		[       64:       73)   0 (  0.0%) |
		[       73:       82)   0 (  0.0%) |
		[       82:       91)   0 (  0.0%) |
	Output Pin Usage:
		Max: 29.00 (0.69)
		Avg: 12.54 (0.30)
		Min: 1.00 (0.02)
		Histogram:
		[        0:      4.2)  51 (  5.3%) |*******
		[      4.2:      8.4)  74 (  7.7%) |**********
		[      8.4:       13) 335 ( 35.1%) |**********************************************
		[       13:       17) 346 ( 36.2%) |***********************************************
		[       17:       21) 127 ( 13.3%) |*****************
		[       21:       25)  18 (  1.9%) |**
		[       25:       29)   4 (  0.4%) |*
		[       29:       34)   0 (  0.0%) |
		[       34:       38)   0 (  0.0%) |
		[       38:       42)   0 (  0.0%) |

