#Packing pin usage report
Type: io
	Input Pin Usage:
		Max: 1.00 (0.02)
		Avg: 0.30 (0.01)
		Min: 0.00 (0.00)
		Histogram:
		[        0:      5.5) 631 (100.0%) |***********************************************
		[      5.5:       11)   0 (  0.0%) |
		[       11:       16)   0 (  0.0%) |
		[       16:       22)   0 (  0.0%) |
		[       22:       28)   0 (  0.0%) |
		[       28:       33)   0 (  0.0%) |
		[       33:       38)   0 (  0.0%) |
		[       38:       44)   0 (  0.0%) |
		[       44:       50)   0 (  0.0%) |
		[       50:       55)   0 (  0.0%) |
	Output Pin Usage:
		Max: 1.00 (0.03)
		Avg: 0.70 (0.02)
		Min: 0.00 (0.00)
		Histogram:
		[        0:        4) 631 (100.0%) |***********************************************
		[        4:        8)   0 (  0.0%) |
		[        8:       12)   0 (  0.0%) |
		[       12:       16)   0 (  0.0%) |
		[       16:       20)   0 (  0.0%) |
		[       20:       24)   0 (  0.0%) |
		[       24:       28)   0 (  0.0%) |
		[       28:       32)   0 (  0.0%) |
		[       32:       36)   0 (  0.0%) |
		[       36:       40)   0 (  0.0%) |

Type: LAB
	Input Pin Usage:
		Max: 31.00 (0.34)
		Avg: 17.43 (0.19)
		Min: 1.00 (0.01)
		Histogram:
		[        0:      9.1)  98 (  9.9%) |**********
		[      9.1:       18) 412 ( 41.7%) |*******************************************
		[       18:       27) 454 ( 46.0%) |***********************************************
		[       27:       36)  24 (  2.4%) |**
		[       36:       46)   0 (  0.0%) |
		[       46:       55)   0 (  0.0%) |
		[       55:       64)   0 (  0.0%) |
		[       64:       73)   0 (  0.0%) |
		[       73:       82)   0 (  0.0%) |
		[       82:       91)   0 (  0.0%) |
	Output Pin Usage:
		Max: 26.00 (0.62)
		Avg: 11.17 (0.27)
		Min: 1.00 (0.02)
		Histogram:
		[        0:      4.2)  89 (  9.0%) |***********
		[      4.2:      8.4) 141 ( 14.3%) |******************
		[      8.4:       13) 369 ( 37.3%) |***********************************************
		[       13:       17) 302 ( 30.6%) |**************************************
		[       17:       21)  75 (  7.6%) |**********
		[       21:       25)  10 (  1.0%) |*
		[       25:       29)   2 (  0.2%) |
		[       29:       34)   0 (  0.0%) |
		[       34:       38)   0 (  0.0%) |
		[       38:       42)   0 (  0.0%) |

