#Packing pin usage report
Type: io
	Input Pin Usage:
		Max: 1.00 (0.50)
		Avg: 0.47 (0.24)
		Min: 0.00 (0.00)
		Histogram:
		[        0:      0.2) 234 ( 52.6%) |***********************************************
		[      0.2:      0.4)   0 (  0.0%) |
		[      0.4:      0.6)   0 (  0.0%) |
		[      0.6:      0.8)   0 (  0.0%) |
		[      0.8:        1) 211 ( 47.4%) |******************************************
		[        1:      1.2)   0 (  0.0%) |
		[      1.2:      1.4)   0 (  0.0%) |
		[      1.4:      1.6)   0 (  0.0%) |
		[      1.6:      1.8)   0 (  0.0%) |
		[      1.8:        2)   0 (  0.0%) |
	Output Pin Usage:
		Max: 1.00 (1.00)
		Avg: 0.53 (0.53)
		Min: 0.00 (0.00)
		Histogram:
		[        0:      0.1) 211 ( 47.4%) |******************************************
		[      0.1:      0.2)   0 (  0.0%) |
		[      0.2:      0.3)   0 (  0.0%) |
		[      0.3:      0.4)   0 (  0.0%) |
		[      0.4:      0.5)   0 (  0.0%) |
		[      0.5:      0.6)   0 (  0.0%) |
		[      0.6:      0.7)   0 (  0.0%) |
		[      0.7:      0.8)   0 (  0.0%) |
		[      0.8:      0.9)   0 (  0.0%) |
		[      0.9:        1) 234 ( 52.6%) |***********************************************

Type: clb
	Input Pin Usage:
		Max: 25.00 (0.46)
		Avg: 13.69 (0.25)
		Min: 3.00 (0.06)
		Histogram:
		[        0:      5.4)  18 (  7.7%) |******
		[      5.4:       11)  20 (  8.6%) |*******
		[       11:       16) 137 ( 58.8%) |***********************************************
		[       16:       22)  52 ( 22.3%) |******************
		[       22:       27)   6 (  2.6%) |**
		[       27:       32)   0 (  0.0%) |
		[       32:       38)   0 (  0.0%) |
		[       38:       43)   0 (  0.0%) |
		[       43:       49)   0 (  0.0%) |
		[       49:       54)   0 (  0.0%) |
	Output Pin Usage:
		Max: 13.00 (0.62)
		Avg: 5.67 (0.27)
		Min: 1.00 (0.05)
		Histogram:
		[        0:      2.1) 23 (  9.9%) |**************
		[      2.1:      4.2) 48 ( 20.6%) |*****************************
		[      4.2:      6.3) 79 ( 33.9%) |************************************************
		[      6.3:      8.4) 61 ( 26.2%) |*************************************
		[      8.4:       10) 15 (  6.4%) |*********
		[       10:       13)  5 (  2.1%) |***
		[       13:       15)  2 (  0.9%) |*
		[       15:       17)  0 (  0.0%) |
		[       17:       19)  0 (  0.0%) |
		[       19:       21)  0 (  0.0%) |

