#Packing pin usage report
Type: io
	Input Pin Usage:
		Max: 1.00 (0.50)
		Avg: 0.30 (0.15)
		Min: 0.00 (0.00)
		Histogram:
		[        0:      0.2) 528 ( 70.0%) |***********************************************
		[      0.2:      0.4)   0 (  0.0%) |
		[      0.4:      0.6)   0 (  0.0%) |
		[      0.6:      0.8)   0 (  0.0%) |
		[      0.8:        1) 226 ( 30.0%) |********************
		[        1:      1.2)   0 (  0.0%) |
		[      1.2:      1.4)   0 (  0.0%) |
		[      1.4:      1.6)   0 (  0.0%) |
		[      1.6:      1.8)   0 (  0.0%) |
		[      1.8:        2)   0 (  0.0%) |
	Output Pin Usage:
		Max: 1.00 (1.00)
		Avg: 0.70 (0.70)
		Min: 0.00 (0.00)
		Histogram:
		[        0:      0.1) 226 ( 30.0%) |********************
		[      0.1:      0.2)   0 (  0.0%) |
		[      0.2:      0.3)   0 (  0.0%) |
		[      0.3:      0.4)   0 (  0.0%) |
		[      0.4:      0.5)   0 (  0.0%) |
		[      0.5:      0.6)   0 (  0.0%) |
		[      0.6:      0.7)   0 (  0.0%) |
		[      0.7:      0.8)   0 (  0.0%) |
		[      0.8:      0.9)   0 (  0.0%) |
		[      0.9:        1) 528 ( 70.0%) |***********************************************

Type: clb
	Input Pin Usage:
		Max: 29.00 (0.54)
		Avg: 16.54 (0.31)
		Min: 1.00 (0.02)
		Histogram:
		[        0:      5.4)  40 (  7.2%) |********
		[      5.4:       11)   7 (  1.3%) |*
		[       11:       16) 197 ( 35.3%) |**************************************
		[       16:       22) 246 ( 44.1%) |***********************************************
		[       22:       27)  64 ( 11.5%) |************
		[       27:       32)   4 (  0.7%) |*
		[       32:       38)   0 (  0.0%) |
		[       38:       43)   0 (  0.0%) |
		[       43:       49)   0 (  0.0%) |
		[       49:       54)   0 (  0.0%) |
	Output Pin Usage:
		Max: 20.00 (0.95)
		Avg: 10.16 (0.48)
		Min: 1.00 (0.05)
		Histogram:
		[        0:      2.1)  38 (  6.8%) |************
		[      2.1:      4.2)   3 (  0.5%) |*
		[      4.2:      6.3)  16 (  2.9%) |*****
		[      6.3:      8.4)  91 ( 16.3%) |****************************
		[      8.4:       10) 155 ( 27.8%) |***********************************************
		[       10:       13) 124 ( 22.2%) |**************************************
		[       13:       15)  75 ( 13.4%) |***********************
		[       15:       17)  37 (  6.6%) |***********
		[       17:       19)  15 (  2.7%) |*****
		[       19:       21)   4 (  0.7%) |*

