#Packing pin usage report
Type: io
	Input Pin Usage:
		Max: 1.00 (0.50)
		Avg: 0.30 (0.15)
		Min: 0.00 (0.00)
		Histogram:
		[        0:      0.2) 59 ( 70.2%) |************************************************
		[      0.2:      0.4)  0 (  0.0%) |
		[      0.4:      0.6)  0 (  0.0%) |
		[      0.6:      0.8)  0 (  0.0%) |
		[      0.8:        1) 25 ( 29.8%) |********************
		[        1:      1.2)  0 (  0.0%) |
		[      1.2:      1.4)  0 (  0.0%) |
		[      1.4:      1.6)  0 (  0.0%) |
		[      1.6:      1.8)  0 (  0.0%) |
		[      1.8:        2)  0 (  0.0%) |
	Output Pin Usage:
		Max: 1.00 (1.00)
		Avg: 0.70 (0.70)
		Min: 0.00 (0.00)
		Histogram:
		[        0:      0.1) 25 ( 29.8%) |********************
		[      0.1:      0.2)  0 (  0.0%) |
		[      0.2:      0.3)  0 (  0.0%) |
		[      0.3:      0.4)  0 (  0.0%) |
		[      0.4:      0.5)  0 (  0.0%) |
		[      0.5:      0.6)  0 (  0.0%) |
		[      0.6:      0.7)  0 (  0.0%) |
		[      0.7:      0.8)  0 (  0.0%) |
		[      0.8:      0.9)  0 (  0.0%) |
		[      0.9:        1) 59 ( 70.2%) |************************************************

Type: clb
	Input Pin Usage:
		Max: 22.00 (0.41)
		Avg: 11.61 (0.22)
		Min: 1.00 (0.02)
		Histogram:
		[        0:      5.4)  58 ( 10.2%) |*********
		[      5.4:       11) 133 ( 23.4%) |********************
		[       11:       16) 316 ( 55.6%) |***********************************************
		[       16:       22)  59 ( 10.4%) |*********
		[       22:       27)   2 (  0.4%) |
		[       27:       32)   0 (  0.0%) |
		[       32:       38)   0 (  0.0%) |
		[       38:       43)   0 (  0.0%) |
		[       43:       49)   0 (  0.0%) |
		[       49:       54)   0 (  0.0%) |
	Output Pin Usage:
		Max: 17.00 (0.81)
		Avg: 7.08 (0.34)
		Min: 1.00 (0.05)
		Histogram:
		[        0:      2.1)  46 (  8.1%) |**************
		[      2.1:      4.2)  55 (  9.7%) |*****************
		[      4.2:      6.3) 154 ( 27.1%) |***********************************************
		[      6.3:      8.4) 147 ( 25.9%) |*********************************************
		[      8.4:       10)  85 ( 15.0%) |**************************
		[       10:       13)  47 (  8.3%) |**************
		[       13:       15)  25 (  4.4%) |********
		[       15:       17)   8 (  1.4%) |**
		[       17:       19)   1 (  0.2%) |
		[       19:       21)   0 (  0.0%) |

