#Packing pin usage report
Type: io
	Input Pin Usage:
		Max: 1.00 (0.50)
		Avg: 0.57 (0.29)
		Min: 0.00 (0.00)
		Histogram:
		[        0:      0.2) 127 ( 42.9%) |***********************************
		[      0.2:      0.4)   0 (  0.0%) |
		[      0.4:      0.6)   0 (  0.0%) |
		[      0.6:      0.8)   0 (  0.0%) |
		[      0.8:        1) 169 ( 57.1%) |***********************************************
		[        1:      1.2)   0 (  0.0%) |
		[      1.2:      1.4)   0 (  0.0%) |
		[      1.4:      1.6)   0 (  0.0%) |
		[      1.6:      1.8)   0 (  0.0%) |
		[      1.8:        2)   0 (  0.0%) |
	Output Pin Usage:
		Max: 1.00 (1.00)
		Avg: 0.43 (0.43)
		Min: 0.00 (0.00)
		Histogram:
		[        0:      0.1) 169 ( 57.1%) |***********************************************
		[      0.1:      0.2)   0 (  0.0%) |
		[      0.2:      0.3)   0 (  0.0%) |
		[      0.3:      0.4)   0 (  0.0%) |
		[      0.4:      0.5)   0 (  0.0%) |
		[      0.5:      0.6)   0 (  0.0%) |
		[      0.6:      0.7)   0 (  0.0%) |
		[      0.7:      0.8)   0 (  0.0%) |
		[      0.8:      0.9)   0 (  0.0%) |
		[      0.9:        1) 127 ( 42.9%) |***********************************

Type: clb
	Input Pin Usage:
		Max: 25.00 (0.46)
		Avg: 12.92 (0.24)
		Min: 1.00 (0.02)
		Histogram:
		[        0:      5.4)  24 (  9.8%) |********
		[      5.4:       11)  33 ( 13.4%) |***********
		[       11:       16) 136 ( 55.3%) |***********************************************
		[       16:       22)  48 ( 19.5%) |*****************
		[       22:       27)   5 (  2.0%) |**
		[       27:       32)   0 (  0.0%) |
		[       32:       38)   0 (  0.0%) |
		[       38:       43)   0 (  0.0%) |
		[       43:       49)   0 (  0.0%) |
		[       49:       54)   0 (  0.0%) |
	Output Pin Usage:
		Max: 20.00 (0.95)
		Avg: 8.27 (0.39)
		Min: 1.00 (0.05)
		Histogram:
		[        0:      2.1) 20 (  8.1%) |**************
		[      2.1:      4.2) 10 (  4.1%) |*******
		[      4.2:      6.3) 33 ( 13.4%) |***********************
		[      6.3:      8.4) 68 ( 27.6%) |************************************************
		[      8.4:       10) 60 ( 24.4%) |******************************************
		[       10:       13) 33 ( 13.4%) |***********************
		[       13:       15) 14 (  5.7%) |**********
		[       15:       17)  4 (  1.6%) |***
		[       17:       19)  2 (  0.8%) |*
		[       19:       21)  2 (  0.8%) |*

