#Packing pin usage report
Type: io
	Input Pin Usage:
		Max: 1.00 (0.02)
		Avg: 0.30 (0.01)
		Min: 0.00 (0.00)
		Histogram:
		[        0:      5.5) 3355 (100.0%) |**********************************************
		[      5.5:       11)    0 (  0.0%) |
		[       11:       16)    0 (  0.0%) |
		[       16:       22)    0 (  0.0%) |
		[       22:       28)    0 (  0.0%) |
		[       28:       33)    0 (  0.0%) |
		[       33:       38)    0 (  0.0%) |
		[       38:       44)    0 (  0.0%) |
		[       44:       50)    0 (  0.0%) |
		[       50:       55)    0 (  0.0%) |
	Output Pin Usage:
		Max: 1.00 (0.03)
		Avg: 0.70 (0.02)
		Min: 0.00 (0.00)
		Histogram:
		[        0:        4) 3355 (100.0%) |**********************************************
		[        4:        8)    0 (  0.0%) |
		[        8:       12)    0 (  0.0%) |
		[       12:       16)    0 (  0.0%) |
		[       16:       20)    0 (  0.0%) |
		[       20:       24)    0 (  0.0%) |
		[       24:       28)    0 (  0.0%) |
		[       28:       32)    0 (  0.0%) |
		[       32:       36)    0 (  0.0%) |
		[       36:       40)    0 (  0.0%) |

Type: LAB
	Input Pin Usage:
		Max: 39.00 (0.43)
		Avg: 23.12 (0.25)
		Min: 1.00 (0.01)
		Histogram:
		[        0:      9.1)  59 (  8.1%) |******
		[      9.1:       18)  50 (  6.8%) |*****
		[       18:       27) 438 ( 60.0%) |***********************************************
		[       27:       36) 176 ( 24.1%) |*******************
		[       36:       46)   7 (  1.0%) |*
		[       46:       55)   0 (  0.0%) |
		[       55:       64)   0 (  0.0%) |
		[       64:       73)   0 (  0.0%) |
		[       73:       82)   0 (  0.0%) |
		[       82:       91)   0 (  0.0%) |
	Output Pin Usage:
		Max: 31.00 (0.74)
		Avg: 14.66 (0.35)
		Min: 1.00 (0.02)
		Histogram:
		[        0:      4.2)  57 (  7.8%) |*********
		[      4.2:      8.4)   6 (  0.8%) |*
		[      8.4:       13)  97 ( 13.3%) |***************
		[       13:       17) 309 ( 42.3%) |***********************************************
		[       17:       21) 227 ( 31.1%) |***********************************
		[       21:       25)  25 (  3.4%) |****
		[       25:       29)   8 (  1.1%) |*
		[       29:       34)   1 (  0.1%) |
		[       34:       38)   0 (  0.0%) |
		[       38:       42)   0 (  0.0%) |

