#Packing pin usage report
Type: io
	Input Pin Usage:
		Max: 1.00 (0.50)
		Avg: 0.37 (0.18)
		Min: 0.00 (0.00)
		Histogram:
		[        0:      0.2) 788 ( 63.1%) |***********************************************
		[      0.2:      0.4)   0 (  0.0%) |
		[      0.4:      0.6)   0 (  0.0%) |
		[      0.6:      0.8)   0 (  0.0%) |
		[      0.8:        1) 460 ( 36.9%) |***************************
		[        1:      1.2)   0 (  0.0%) |
		[      1.2:      1.4)   0 (  0.0%) |
		[      1.4:      1.6)   0 (  0.0%) |
		[      1.6:      1.8)   0 (  0.0%) |
		[      1.8:        2)   0 (  0.0%) |
	Output Pin Usage:
		Max: 1.00 (1.00)
		Avg: 0.63 (0.63)
		Min: 0.00 (0.00)
		Histogram:
		[        0:      0.1) 460 ( 36.9%) |***************************
		[      0.1:      0.2)   0 (  0.0%) |
		[      0.2:      0.3)   0 (  0.0%) |
		[      0.3:      0.4)   0 (  0.0%) |
		[      0.4:      0.5)   0 (  0.0%) |
		[      0.5:      0.6)   0 (  0.0%) |
		[      0.6:      0.7)   0 (  0.0%) |
		[      0.7:      0.8)   0 (  0.0%) |
		[      0.8:      0.9)   0 (  0.0%) |
		[      0.9:        1) 788 ( 63.1%) |***********************************************

Type: clb
	Input Pin Usage:
		Max: 43.00 (0.80)
		Avg: 26.03 (0.48)
		Min: 3.00 (0.06)
		Histogram:
		[        0:      5.4) 12 (  5.4%) |******
		[      5.4:       11)  2 (  0.9%) |*
		[       11:       16)  4 (  1.8%) |**
		[       16:       22) 15 (  6.8%) |********
		[       22:       27) 93 ( 41.9%) |************************************************
		[       27:       32) 67 ( 30.2%) |***********************************
		[       32:       38) 19 (  8.6%) |**********
		[       38:       43) 10 (  4.5%) |*****
		[       43:       49)  0 (  0.0%) |
		[       49:       54)  0 (  0.0%) |
	Output Pin Usage:
		Max: 18.00 (0.86)
		Avg: 10.48 (0.50)
		Min: 1.00 (0.05)
		Histogram:
		[        0:      2.1) 14 (  6.3%) |***********
		[      2.1:      4.2)  2 (  0.9%) |**
		[      4.2:      6.3)  5 (  2.3%) |****
		[      6.3:      8.4) 19 (  8.6%) |**************
		[      8.4:       10) 61 ( 27.5%) |**********************************************
		[       10:       13) 63 ( 28.4%) |************************************************
		[       13:       15) 40 ( 18.0%) |******************************
		[       15:       17) 15 (  6.8%) |***********
		[       17:       19)  3 (  1.4%) |**
		[       19:       21)  0 (  0.0%) |

