#Packing pin usage report
Type: io
	Input Pin Usage:
		Max: 1.00 (0.02)
		Avg: 0.30 (0.01)
		Min: 0.00 (0.00)
		Histogram:
		[        0:      5.5) 1195 (100.0%) |**********************************************
		[      5.5:       11)    0 (  0.0%) |
		[       11:       16)    0 (  0.0%) |
		[       16:       22)    0 (  0.0%) |
		[       22:       28)    0 (  0.0%) |
		[       28:       33)    0 (  0.0%) |
		[       33:       38)    0 (  0.0%) |
		[       38:       44)    0 (  0.0%) |
		[       44:       50)    0 (  0.0%) |
		[       50:       55)    0 (  0.0%) |
	Output Pin Usage:
		Max: 1.00 (0.03)
		Avg: 0.70 (0.02)
		Min: 0.00 (0.00)
		Histogram:
		[        0:        4) 1195 (100.0%) |**********************************************
		[        4:        8)    0 (  0.0%) |
		[        8:       12)    0 (  0.0%) |
		[       12:       16)    0 (  0.0%) |
		[       16:       20)    0 (  0.0%) |
		[       20:       24)    0 (  0.0%) |
		[       24:       28)    0 (  0.0%) |
		[       28:       32)    0 (  0.0%) |
		[       32:       36)    0 (  0.0%) |
		[       36:       40)    0 (  0.0%) |

Type: LAB
	Input Pin Usage:
		Max: 37.00 (0.41)
		Avg: 21.04 (0.23)
		Min: 1.00 (0.01)
		Histogram:
		[        0:      9.1)  37 (  7.6%) |*****
		[      9.1:       18)  79 ( 16.3%) |************
		[       18:       27) 317 ( 65.5%) |***********************************************
		[       27:       36)  49 ( 10.1%) |*******
		[       36:       46)   2 (  0.4%) |
		[       46:       55)   0 (  0.0%) |
		[       55:       64)   0 (  0.0%) |
		[       64:       73)   0 (  0.0%) |
		[       73:       82)   0 (  0.0%) |
		[       82:       91)   0 (  0.0%) |
	Output Pin Usage:
		Max: 29.00 (0.69)
		Avg: 13.29 (0.32)
		Min: 1.00 (0.02)
		Histogram:
		[        0:      4.2)  34 (  7.0%) |*********
		[      4.2:      8.4)  13 (  2.7%) |***
		[      8.4:       13) 149 ( 30.8%) |****************************************
		[       13:       17) 177 ( 36.6%) |***********************************************
		[       17:       21)  97 ( 20.0%) |**************************
		[       21:       25)  11 (  2.3%) |***
		[       25:       29)   3 (  0.6%) |*
		[       29:       34)   0 (  0.0%) |
		[       34:       38)   0 (  0.0%) |
		[       38:       42)   0 (  0.0%) |

